CRITICAL - 2023-09-29 09:48:01 --> Invalid file: "web/sregister.php"
in SYSTEMPATH\Exceptions\FrameworkException.php on line 33.
 1 SYSTEMPATH\View\View.php(212): CodeIgniter\Exceptions\FrameworkException::forInvalidFile('web/sregister.php')
 2 SYSTEMPATH\Common.php(1176): CodeIgniter\View\View->render('web/sregister', [], true)
 3 APPPATH\Controllers\Web.php(18): view('web/sregister')
 4 SYSTEMPATH\CodeIgniter.php(932): App\Controllers\Web->sregister()
 5 SYSTEMPATH\CodeIgniter.php(497): CodeIgniter\CodeIgniter->runController(Object(App\Controllers\Web))
 6 SYSTEMPATH\CodeIgniter.php(366): CodeIgniter\CodeIgniter->handleRequest(null, Object(Config\Cache), false)
 7 FCPATH\index.php(67): CodeIgniter\CodeIgniter->run()
CRITICAL - 2023-09-29 10:35:15 --> Call to undefined function form_open()
in APPPATH\Views\web\registeredSupplier.php on line 210.
 1 SYSTEMPATH\View\View.php(224): include()
 2 SYSTEMPATH\View\View.php(227): CodeIgniter\View\View->CodeIgniter\View\{closure}()
 3 SYSTEMPATH\Common.php(1176): CodeIgniter\View\View->render('web/registeredSupplier', [], true)
 4 APPPATH\Controllers\Web.php(17): view('web/registeredSupplier')
 5 SYSTEMPATH\CodeIgniter.php(932): App\Controllers\Web->registeredSupplier()
 6 SYSTEMPATH\CodeIgniter.php(497): CodeIgniter\CodeIgniter->runController(Object(App\Controllers\Web))
 7 SYSTEMPATH\CodeIgniter.php(366): CodeIgniter\CodeIgniter->handleRequest(null, Object(Config\Cache), false)
 8 FCPATH\index.php(67): CodeIgniter\CodeIgniter->run()
CRITICAL - 2023-09-29 10:39:34 --> Call to undefined function set_value()
in APPPATH\Views\web\registeredSupplier.php on line 219.
 1 SYSTEMPATH\View\View.php(224): include()
 2 SYSTEMPATH\View\View.php(227): CodeIgniter\View\View->CodeIgniter\View\{closure}()
 3 SYSTEMPATH\Common.php(1176): CodeIgniter\View\View->render('web/registeredSupplier', [], true)
 4 APPPATH\Controllers\Web.php(17): view('web/registeredSupplier')
 5 SYSTEMPATH\CodeIgniter.php(932): App\Controllers\Web->registeredSupplier()
 6 SYSTEMPATH\CodeIgniter.php(497): CodeIgniter\CodeIgniter->runController(Object(App\Controllers\Web))
 7 SYSTEMPATH\CodeIgniter.php(366): CodeIgniter\CodeIgniter->handleRequest(null, Object(Config\Cache), false)
 8 FCPATH\index.php(67): CodeIgniter\CodeIgniter->run()
CRITICAL - 2023-09-29 10:44:56 --> Call to undefined function set_value()
in APPPATH\Views\web\registeredSupplier.php on line 219.
 1 SYSTEMPATH\View\View.php(224): include()
 2 SYSTEMPATH\View\View.php(227): CodeIgniter\View\View->CodeIgniter\View\{closure}()
 3 SYSTEMPATH\Common.php(1176): CodeIgniter\View\View->render('web/registeredSupplier', [], true)
 4 APPPATH\Controllers\Web.php(17): view('web/registeredSupplier')
 5 SYSTEMPATH\CodeIgniter.php(932): App\Controllers\Web->registeredSupplier()
 6 SYSTEMPATH\CodeIgniter.php(497): CodeIgniter\CodeIgniter->runController(Object(App\Controllers\Web))
 7 SYSTEMPATH\CodeIgniter.php(366): CodeIgniter\CodeIgniter->handleRequest(null, Object(Config\Cache), false)
 8 FCPATH\index.php(67): CodeIgniter\CodeIgniter->run()
CRITICAL - 2023-09-29 10:45:17 --> Call to undefined function set_value()
in APPPATH\Views\web\registeredSupplier.php on line 219.
 1 SYSTEMPATH\View\View.php(224): include()
 2 SYSTEMPATH\View\View.php(227): CodeIgniter\View\View->CodeIgniter\View\{closure}()
 3 SYSTEMPATH\Common.php(1176): CodeIgniter\View\View->render('web/registeredSupplier', [], true)
 4 APPPATH\Controllers\Web.php(17): view('web/registeredSupplier')
 5 SYSTEMPATH\CodeIgniter.php(932): App\Controllers\Web->registeredSupplier()
 6 SYSTEMPATH\CodeIgniter.php(497): CodeIgniter\CodeIgniter->runController(Object(App\Controllers\Web))
 7 SYSTEMPATH\CodeIgniter.php(366): CodeIgniter\CodeIgniter->handleRequest(null, Object(Config\Cache), false)
 8 FCPATH\index.php(67): CodeIgniter\CodeIgniter->run()
CRITICAL - 2023-09-29 16:07:17 --> Undefined variable $PNumber_list
in APPPATH\Views\sys\invitation\add.php on line 32.
 1 APPPATH\Views\sys\invitation\add.php(32): CodeIgniter\Debug\Exceptions->errorHandler(2, 'Undefined variable $PNumber_list', 'C:\\xampp\\htdocs\\IPMS\\app\\Views\\sys\\invitation\\add.php', 32)
 2 SYSTEMPATH\View\View.php(224): include('C:\\xampp\\htdocs\\IPMS\\app\\Views\\sys\\invitation\\add.php')
 3 SYSTEMPATH\View\View.php(227): CodeIgniter\View\View->CodeIgniter\View\{closure}()
 4 SYSTEMPATH\Common.php(1176): CodeIgniter\View\View->render('sys/invitation/add', [], true)
 5 APPPATH\Controllers\Invitation.php(53): view('sys/invitation/add', [...])
 6 SYSTEMPATH\CodeIgniter.php(932): App\Controllers\Invitation->add('1')
 7 SYSTEMPATH\CodeIgniter.php(497): CodeIgniter\CodeIgniter->runController(Object(App\Controllers\Invitation))
 8 SYSTEMPATH\CodeIgniter.php(366): CodeIgniter\CodeIgniter->handleRequest(null, Object(Config\Cache), false)
 9 FCPATH\index.php(67): CodeIgniter\CodeIgniter->run()
CRITICAL - 2023-09-29 16:07:18 --> Undefined variable $PNumber_list
in APPPATH\Views\sys\invitation\add.php on line 32.
 1 APPPATH\Views\sys\invitation\add.php(32): CodeIgniter\Debug\Exceptions->errorHandler(2, 'Undefined variable $PNumber_list', 'C:\\xampp\\htdocs\\IPMS\\app\\Views\\sys\\invitation\\add.php', 32)
 2 SYSTEMPATH\View\View.php(224): include('C:\\xampp\\htdocs\\IPMS\\app\\Views\\sys\\invitation\\add.php')
 3 SYSTEMPATH\View\View.php(227): CodeIgniter\View\View->CodeIgniter\View\{closure}()
 4 SYSTEMPATH\Common.php(1176): CodeIgniter\View\View->render('sys/invitation/add', [], true)
 5 APPPATH\Controllers\Invitation.php(53): view('sys/invitation/add', [...])
 6 SYSTEMPATH\CodeIgniter.php(932): App\Controllers\Invitation->add('assets', 'img', 'messages-1.jpg')
 7 SYSTEMPATH\CodeIgniter.php(497): CodeIgniter\CodeIgniter->runController(Object(App\Controllers\Invitation))
 8 SYSTEMPATH\CodeIgniter.php(366): CodeIgniter\CodeIgniter->handleRequest(null, Object(Config\Cache), false)
 9 FCPATH\index.php(67): CodeIgniter\CodeIgniter->run()
CRITICAL - 2023-09-29 16:38:11 --> Undefined variable $Tenderid
in APPPATH\Controllers\Invitation.php on line 20.
 1 APPPATH\Controllers\Invitation.php(20): CodeIgniter\Debug\Exceptions->errorHandler(2, 'Undefined variable $Tenderid', 'C:\\xampp\\htdocs\\IPMS\\app\\Controllers\\Invitation.php', 20)
 2 SYSTEMPATH\CodeIgniter.php(932): App\Controllers\Invitation->add('3')
 3 SYSTEMPATH\CodeIgniter.php(497): CodeIgniter\CodeIgniter->runController(Object(App\Controllers\Invitation))
 4 SYSTEMPATH\CodeIgniter.php(366): CodeIgniter\CodeIgniter->handleRequest(null, Object(Config\Cache), false)
 5 FCPATH\index.php(67): CodeIgniter\CodeIgniter->run()
CRITICAL - 2023-09-29 17:32:15 --> Undefined array key "id"
in APPPATH\Views\sys\tender\view.php on line 106.
 1 APPPATH\Views\sys\tender\view.php(106): CodeIgniter\Debug\Exceptions->errorHandler(2, 'Undefined array key "id"', 'C:\\xampp\\htdocs\\IPMS\\app\\Views\\sys\\tender\\view.php', 106)
 2 SYSTEMPATH\View\View.php(224): include('C:\\xampp\\htdocs\\IPMS\\app\\Views\\sys\\tender\\view.php')
 3 SYSTEMPATH\View\View.php(227): CodeIgniter\View\View->CodeIgniter\View\{closure}()
 4 SYSTEMPATH\Common.php(1176): CodeIgniter\View\View->render('sys/tender/view', [], true)
 5 APPPATH\Controllers\Tender.php(66): view('sys/tender/view', [...])
 6 SYSTEMPATH\CodeIgniter.php(932): App\Controllers\Tender->view()
 7 SYSTEMPATH\CodeIgniter.php(497): CodeIgniter\CodeIgniter->runController(Object(App\Controllers\Tender))
 8 SYSTEMPATH\CodeIgniter.php(366): CodeIgniter\CodeIgniter->handleRequest(null, Object(Config\Cache), false)
 9 FCPATH\index.php(67): CodeIgniter\CodeIgniter->run()
CRITICAL - 2023-09-29 17:33:54 --> Undefined array key "id"
in APPPATH\Views\sys\tender\view.php on line 106.
 1 APPPATH\Views\sys\tender\view.php(106): CodeIgniter\Debug\Exceptions->errorHandler(2, 'Undefined array key "id"', 'C:\\xampp\\htdocs\\IPMS\\app\\Views\\sys\\tender\\view.php', 106)
 2 SYSTEMPATH\View\View.php(224): include('C:\\xampp\\htdocs\\IPMS\\app\\Views\\sys\\tender\\view.php')
 3 SYSTEMPATH\View\View.php(227): CodeIgniter\View\View->CodeIgniter\View\{closure}()
 4 SYSTEMPATH\Common.php(1176): CodeIgniter\View\View->render('sys/tender/view', [], true)
 5 APPPATH\Controllers\Tender.php(66): view('sys/tender/view', [...])
 6 SYSTEMPATH\CodeIgniter.php(932): App\Controllers\Tender->view()
 7 SYSTEMPATH\CodeIgniter.php(497): CodeIgniter\CodeIgniter->runController(Object(App\Controllers\Tender))
 8 SYSTEMPATH\CodeIgniter.php(366): CodeIgniter\CodeIgniter->handleRequest(null, Object(Config\Cache), false)
 9 FCPATH\index.php(67): CodeIgniter\CodeIgniter->run()
CRITICAL - 2023-09-29 17:53:49 --> syntax error, unexpected token "<", expecting end of file
in APPPATH\Controllers\Web.php on line 63.
 1 SYSTEMPATH\Router\Router.php(510): CodeIgniter\Router\AutoRouter->getRoute('/web', 'get')
 2 SYSTEMPATH\Router\Router.php(208): CodeIgniter\Router\Router->autoRoute('/web')
 3 SYSTEMPATH\CodeIgniter.php(813): CodeIgniter\Router\Router->handle('/web')
 4 SYSTEMPATH\CodeIgniter.php(447): CodeIgniter\CodeIgniter->tryToRouteIt(Object(CodeIgniter\Router\RouteCollection))
 5 SYSTEMPATH\CodeIgniter.php(366): CodeIgniter\CodeIgniter->handleRequest(null, Object(Config\Cache), false)
 6 FCPATH\index.php(67): CodeIgniter\CodeIgniter->run()
CRITICAL - 2023-09-29 17:55:34 --> syntax error, unexpected token "<", expecting end of file
in APPPATH\Controllers\Web.php on line 63.
 1 SYSTEMPATH\Router\Router.php(510): CodeIgniter\Router\AutoRouter->getRoute('/web', 'get')
 2 SYSTEMPATH\Router\Router.php(208): CodeIgniter\Router\Router->autoRoute('/web')
 3 SYSTEMPATH\CodeIgniter.php(813): CodeIgniter\Router\Router->handle('/web')
 4 SYSTEMPATH\CodeIgniter.php(447): CodeIgniter\CodeIgniter->tryToRouteIt(Object(CodeIgniter\Router\RouteCollection))
 5 SYSTEMPATH\CodeIgniter.php(366): CodeIgniter\CodeIgniter->handleRequest(null, Object(Config\Cache), false)
 6 FCPATH\index.php(67): CodeIgniter\CodeIgniter->run()
CRITICAL - 2023-09-29 17:56:09 --> Undefined variable $data
in APPPATH\Controllers\Web.php on line 18.
 1 APPPATH\Controllers\Web.php(18): CodeIgniter\Debug\Exceptions->errorHandler(2, 'Undefined variable $data', 'C:\\xampp\\htdocs\\IPMS\\app\\Controllers\\Web.php', 18)
 2 SYSTEMPATH\CodeIgniter.php(932): App\Controllers\Web->registeredSupplier()
 3 SYSTEMPATH\CodeIgniter.php(497): CodeIgniter\CodeIgniter->runController(Object(App\Controllers\Web))
 4 SYSTEMPATH\CodeIgniter.php(366): CodeIgniter\CodeIgniter->handleRequest(null, Object(Config\Cache), false)
 5 FCPATH\index.php(67): CodeIgniter\CodeIgniter->run()
CRITICAL - 2023-09-29 18:01:14 --> Undefined variable $data
in APPPATH\Controllers\Web.php on line 18.
 1 APPPATH\Controllers\Web.php(18): CodeIgniter\Debug\Exceptions->errorHandler(2, 'Undefined variable $data', 'C:\\xampp\\htdocs\\IPMS\\app\\Controllers\\Web.php', 18)
 2 SYSTEMPATH\CodeIgniter.php(932): App\Controllers\Web->registeredSupplier()
 3 SYSTEMPATH\CodeIgniter.php(497): CodeIgniter\CodeIgniter->runController(Object(App\Controllers\Web))
 4 SYSTEMPATH\CodeIgniter.php(366): CodeIgniter\CodeIgniter->handleRequest(null, Object(Config\Cache), false)
 5 FCPATH\index.php(67): CodeIgniter\CodeIgniter->run()
