CRITICAL - 2024-02-23 06:05:07 --> Undefined array key "id"
in APPPATH\Views\sys\bidAnnounce\shoppingview.php on line 89.
 1 APPPATH\Views\sys\bidAnnounce\shoppingview.php(89): CodeIgniter\Debug\Exceptions->errorHandler(2, 'Undefined array key "id"', 'C:\\xampp\\htdocs\\IPMS\\app\\Views\\sys\\bidAnnounce\\shoppingview.php', 89)
 2 SYSTEMPATH\View\View.php(224): include('C:\\xampp\\htdocs\\IPMS\\app\\Views\\sys\\bidAnnounce\\shoppingview.php')
 3 SYSTEMPATH\View\View.php(227): CodeIgniter\View\View->CodeIgniter\View\{closure}()
 4 SYSTEMPATH\Common.php(1176): CodeIgniter\View\View->render('sys/bidAnnounce/shoppingview', [], true)
 5 APPPATH\Controllers\BIDAnnounce.php(150): view('sys/bidAnnounce/shoppingview', [...])
 6 SYSTEMPATH\CodeIgniter.php(932): App\Controllers\BIDAnnounce->shoppingview()
 7 SYSTEMPATH\CodeIgniter.php(497): CodeIgniter\CodeIgniter->runController(Object(App\Controllers\BIDAnnounce))
 8 SYSTEMPATH\CodeIgniter.php(366): CodeIgniter\CodeIgniter->handleRequest(null, Object(Config\Cache), false)
 9 FCPATH\index.php(67): CodeIgniter\CodeIgniter->run()
CRITICAL - 2024-02-23 06:12:05 --> Undefined array key "id"
in APPPATH\Views\sys\bidAnnounce\shoppingview.php on line 89.
 1 APPPATH\Views\sys\bidAnnounce\shoppingview.php(89): CodeIgniter\Debug\Exceptions->errorHandler(2, 'Undefined array key "id"', 'C:\\xampp\\htdocs\\IPMS\\app\\Views\\sys\\bidAnnounce\\shoppingview.php', 89)
 2 SYSTEMPATH\View\View.php(224): include('C:\\xampp\\htdocs\\IPMS\\app\\Views\\sys\\bidAnnounce\\shoppingview.php')
 3 SYSTEMPATH\View\View.php(227): CodeIgniter\View\View->CodeIgniter\View\{closure}()
 4 SYSTEMPATH\Common.php(1176): CodeIgniter\View\View->render('sys/bidAnnounce/shoppingview', [], true)
 5 APPPATH\Controllers\BIDAnnounce.php(150): view('sys/bidAnnounce/shoppingview', [...])
 6 SYSTEMPATH\CodeIgniter.php(932): App\Controllers\BIDAnnounce->shoppingview()
 7 SYSTEMPATH\CodeIgniter.php(497): CodeIgniter\CodeIgniter->runController(Object(App\Controllers\BIDAnnounce))
 8 SYSTEMPATH\CodeIgniter.php(366): CodeIgniter\CodeIgniter->handleRequest(null, Object(Config\Cache), false)
 9 FCPATH\index.php(67): CodeIgniter\CodeIgniter->run()
CRITICAL - 2024-02-23 06:12:26 --> Undefined array key "id"
in APPPATH\Views\sys\bidAnnounce\shoppingview.php on line 89.
 1 APPPATH\Views\sys\bidAnnounce\shoppingview.php(89): CodeIgniter\Debug\Exceptions->errorHandler(2, 'Undefined array key "id"', 'C:\\xampp\\htdocs\\IPMS\\app\\Views\\sys\\bidAnnounce\\shoppingview.php', 89)
 2 SYSTEMPATH\View\View.php(224): include('C:\\xampp\\htdocs\\IPMS\\app\\Views\\sys\\bidAnnounce\\shoppingview.php')
 3 SYSTEMPATH\View\View.php(227): CodeIgniter\View\View->CodeIgniter\View\{closure}()
 4 SYSTEMPATH\Common.php(1176): CodeIgniter\View\View->render('sys/bidAnnounce/shoppingview', [], true)
 5 APPPATH\Controllers\BIDAnnounce.php(150): view('sys/bidAnnounce/shoppingview', [...])
 6 SYSTEMPATH\CodeIgniter.php(932): App\Controllers\BIDAnnounce->shoppingview()
 7 SYSTEMPATH\CodeIgniter.php(497): CodeIgniter\CodeIgniter->runController(Object(App\Controllers\BIDAnnounce))
 8 SYSTEMPATH\CodeIgniter.php(366): CodeIgniter\CodeIgniter->handleRequest(null, Object(Config\Cache), false)
 9 FCPATH\index.php(67): CodeIgniter\CodeIgniter->run()
CRITICAL - 2024-02-23 07:28:00 --> Class "App\Controllers\SAnnouncementModel" not found
in APPPATH\Controllers\Invitation.php on line 168.
 1 SYSTEMPATH\CodeIgniter.php(932): App\Controllers\Invitation->shoppingadd('1')
 2 SYSTEMPATH\CodeIgniter.php(497): CodeIgniter\CodeIgniter->runController(Object(App\Controllers\Invitation))
 3 SYSTEMPATH\CodeIgniter.php(366): CodeIgniter\CodeIgniter->handleRequest(null, Object(Config\Cache), false)
 4 FCPATH\index.php(67): CodeIgniter\CodeIgniter->run()
CRITICAL - 2024-02-23 08:03:07 --> Class "App\Controllers\SAnnouncementModel" not found
in APPPATH\Controllers\Invitation.php on line 168.
 1 SYSTEMPATH\CodeIgniter.php(932): App\Controllers\Invitation->shoppingadd('1')
 2 SYSTEMPATH\CodeIgniter.php(497): CodeIgniter\CodeIgniter->runController(Object(App\Controllers\Invitation))
 3 SYSTEMPATH\CodeIgniter.php(366): CodeIgniter\CodeIgniter->handleRequest(null, Object(Config\Cache), false)
 4 FCPATH\index.php(67): CodeIgniter\CodeIgniter->run()
CRITICAL - 2024-02-23 09:38:42 --> Class "App\Controllers\SAnnouncementModel" not found
in APPPATH\Controllers\Invitation.php on line 168.
 1 SYSTEMPATH\CodeIgniter.php(932): App\Controllers\Invitation->shoppingadd('1')
 2 SYSTEMPATH\CodeIgniter.php(497): CodeIgniter\CodeIgniter->runController(Object(App\Controllers\Invitation))
 3 SYSTEMPATH\CodeIgniter.php(366): CodeIgniter\CodeIgniter->handleRequest(null, Object(Config\Cache), false)
 4 FCPATH\index.php(67): CodeIgniter\CodeIgniter->run()
ERROR - 2024-02-23 09:40:14 --> mysqli_sql_exception: Unknown column 'id' in 'where clause' in C:\xampp\htdocs\IPMS\system\Database\MySQLi\Connection.php:295
Stack trace:
#0 C:\xampp\htdocs\IPMS\system\Database\MySQLi\Connection.php(295): mysqli->query('SELECT *\nFROM `...', 0)
#1 C:\xampp\htdocs\IPMS\system\Database\BaseConnection.php(692): CodeIgniter\Database\MySQLi\Connection->execute('SELECT *\nFROM `...')
#2 C:\xampp\htdocs\IPMS\system\Database\BaseConnection.php(606): CodeIgniter\Database\BaseConnection->simpleQuery('SELECT *\nFROM `...')
#3 C:\xampp\htdocs\IPMS\system\Database\BaseBuilder.php(1616): CodeIgniter\Database\BaseConnection->query('SELECT *\nFROM `...', Array, false)
#4 C:\xampp\htdocs\IPMS\system\Model.php(268): CodeIgniter\Database\BaseBuilder->get()
#5 C:\xampp\htdocs\IPMS\system\BaseModel.php(656): CodeIgniter\Model->doFirst()
#6 C:\xampp\htdocs\IPMS\app\Controllers\Invitation.php(170): CodeIgniter\BaseModel->first()
#7 C:\xampp\htdocs\IPMS\system\CodeIgniter.php(932): App\Controllers\Invitation->shoppingadd('1')
#8 C:\xampp\htdocs\IPMS\system\CodeIgniter.php(497): CodeIgniter\CodeIgniter->runController(Object(App\Controllers\Invitation))
#9 C:\xampp\htdocs\IPMS\system\CodeIgniter.php(366): CodeIgniter\CodeIgniter->handleRequest(NULL, Object(Config\Cache), false)
#10 C:\xampp\htdocs\IPMS\index.php(67): CodeIgniter\CodeIgniter->run()
#11 {main}
CRITICAL - 2024-02-23 09:40:15 --> Unknown column 'id' in 'where clause'
in SYSTEMPATH\Database\MySQLi\Connection.php on line 295.
 1 SYSTEMPATH\Database\MySQLi\Connection.php(295): mysqli->query('SELECT *
FROM `sannouncement`
WHERE `id` = \'1\'
 LIMIT 1', 0)
 2 SYSTEMPATH\Database\BaseConnection.php(692): CodeIgniter\Database\MySQLi\Connection->execute('SELECT *
FROM `sannouncement`
WHERE `id` = \'1\'
 LIMIT 1')
 3 SYSTEMPATH\Database\BaseConnection.php(606): CodeIgniter\Database\BaseConnection->simpleQuery('SELECT *
FROM `sannouncement`
WHERE `id` = \'1\'
 LIMIT 1')
 4 SYSTEMPATH\Database\BaseBuilder.php(1616): CodeIgniter\Database\BaseConnection->query('SELECT *
FROM `sannouncement`
WHERE `id` = :id:
 LIMIT 1', [...], false)
 5 SYSTEMPATH\Model.php(268): CodeIgniter\Database\BaseBuilder->get()
 6 SYSTEMPATH\BaseModel.php(656): CodeIgniter\Model->doFirst()
 7 APPPATH\Controllers\Invitation.php(170): CodeIgniter\BaseModel->first()
 8 SYSTEMPATH\CodeIgniter.php(932): App\Controllers\Invitation->shoppingadd('1')
 9 SYSTEMPATH\CodeIgniter.php(497): CodeIgniter\CodeIgniter->runController(Object(App\Controllers\Invitation))
10 SYSTEMPATH\CodeIgniter.php(366): CodeIgniter\CodeIgniter->handleRequest(null, Object(Config\Cache), false)
11 FCPATH\index.php(67): CodeIgniter\CodeIgniter->run()
CRITICAL - 2024-02-23 09:43:36 --> Undefined variable $IFBId
in APPPATH\Views\sys\invitation\shoppingadd.php on line 75.
 1 APPPATH\Views\sys\invitation\shoppingadd.php(75): CodeIgniter\Debug\Exceptions->errorHandler(2, 'Undefined variable $IFBId', 'C:\\xampp\\htdocs\\IPMS\\app\\Views\\sys\\invitation\\shoppingadd.php', 75)
 2 SYSTEMPATH\View\View.php(224): include('C:\\xampp\\htdocs\\IPMS\\app\\Views\\sys\\invitation\\shoppingadd.php')
 3 SYSTEMPATH\View\View.php(227): CodeIgniter\View\View->CodeIgniter\View\{closure}()
 4 SYSTEMPATH\Common.php(1176): CodeIgniter\View\View->render('sys/invitation/shoppingadd', [], true)
 5 APPPATH\Controllers\Invitation.php(212): view('sys/invitation/shoppingadd', [...])
 6 SYSTEMPATH\CodeIgniter.php(932): App\Controllers\Invitation->shoppingadd('1')
 7 SYSTEMPATH\CodeIgniter.php(497): CodeIgniter\CodeIgniter->runController(Object(App\Controllers\Invitation))
 8 SYSTEMPATH\CodeIgniter.php(366): CodeIgniter\CodeIgniter->handleRequest(null, Object(Config\Cache), false)
 9 FCPATH\index.php(67): CodeIgniter\CodeIgniter->run()
CRITICAL - 2024-02-23 09:43:37 --> Undefined variable $IFBId
in APPPATH\Views\sys\invitation\shoppingadd.php on line 75.
 1 APPPATH\Views\sys\invitation\shoppingadd.php(75): CodeIgniter\Debug\Exceptions->errorHandler(2, 'Undefined variable $IFBId', 'C:\\xampp\\htdocs\\IPMS\\app\\Views\\sys\\invitation\\shoppingadd.php', 75)
 2 SYSTEMPATH\View\View.php(224): include('C:\\xampp\\htdocs\\IPMS\\app\\Views\\sys\\invitation\\shoppingadd.php')
 3 SYSTEMPATH\View\View.php(227): CodeIgniter\View\View->CodeIgniter\View\{closure}()
 4 SYSTEMPATH\Common.php(1176): CodeIgniter\View\View->render('sys/invitation/shoppingadd', [], true)
 5 APPPATH\Controllers\Invitation.php(212): view('sys/invitation/shoppingadd', [...])
 6 SYSTEMPATH\CodeIgniter.php(932): App\Controllers\Invitation->shoppingadd('assets', 'img', 'messages-1.jpg')
 7 SYSTEMPATH\CodeIgniter.php(497): CodeIgniter\CodeIgniter->runController(Object(App\Controllers\Invitation))
 8 SYSTEMPATH\CodeIgniter.php(366): CodeIgniter\CodeIgniter->handleRequest(null, Object(Config\Cache), false)
 9 FCPATH\index.php(67): CodeIgniter\CodeIgniter->run()
CRITICAL - 2024-02-23 10:23:50 --> Class "App\Controllers\AnnouncementModel" not found
in APPPATH\Controllers\Invitation.php on line 222.
 1 SYSTEMPATH\CodeIgniter.php(932): App\Controllers\Invitation->sview('1')
 2 SYSTEMPATH\CodeIgniter.php(497): CodeIgniter\CodeIgniter->runController(Object(App\Controllers\Invitation))
 3 SYSTEMPATH\CodeIgniter.php(366): CodeIgniter\CodeIgniter->handleRequest(null, Object(Config\Cache), false)
 4 FCPATH\index.php(67): CodeIgniter\CodeIgniter->run()
CRITICAL - 2024-02-23 10:28:44 --> Call to undefined method App\Models\ShopingModel::viewinvitationDetails
in SYSTEMPATH\Model.php on line 838.
 1 APPPATH\Controllers\Invitation.php(225): CodeIgniter\Model->__call('viewinvitationDetails', [...])
 2 SYSTEMPATH\CodeIgniter.php(932): App\Controllers\Invitation->sview('1')
 3 SYSTEMPATH\CodeIgniter.php(497): CodeIgniter\CodeIgniter->runController(Object(App\Controllers\Invitation))
 4 SYSTEMPATH\CodeIgniter.php(366): CodeIgniter\CodeIgniter->handleRequest(null, Object(Config\Cache), false)
 5 FCPATH\index.php(67): CodeIgniter\CodeIgniter->run()
CRITICAL - 2024-02-23 10:38:24 --> Undefined array key "id"
in APPPATH\Views\sys\invitation\sview.php on line 69.
 1 APPPATH\Views\sys\invitation\sview.php(69): CodeIgniter\Debug\Exceptions->errorHandler(2, 'Undefined array key "id"', 'C:\\xampp\\htdocs\\IPMS\\app\\Views\\sys\\invitation\\sview.php', 69)
 2 SYSTEMPATH\View\View.php(224): include('C:\\xampp\\htdocs\\IPMS\\app\\Views\\sys\\invitation\\sview.php')
 3 SYSTEMPATH\View\View.php(227): CodeIgniter\View\View->CodeIgniter\View\{closure}()
 4 SYSTEMPATH\Common.php(1176): CodeIgniter\View\View->render('sys/invitation/sview', [], true)
 5 APPPATH\Controllers\Invitation.php(236): view('sys/invitation/sview', [...])
 6 SYSTEMPATH\CodeIgniter.php(932): App\Controllers\Invitation->sview('1')
 7 SYSTEMPATH\CodeIgniter.php(497): CodeIgniter\CodeIgniter->runController(Object(App\Controllers\Invitation))
 8 SYSTEMPATH\CodeIgniter.php(366): CodeIgniter\CodeIgniter->handleRequest(null, Object(Config\Cache), false)
 9 FCPATH\index.php(67): CodeIgniter\CodeIgniter->run()
CRITICAL - 2024-02-23 10:41:32 --> Undefined array key "id"
in APPPATH\Views\sys\invitation\sview.php on line 95.
 1 APPPATH\Views\sys\invitation\sview.php(95): CodeIgniter\Debug\Exceptions->errorHandler(2, 'Undefined array key "id"', 'C:\\xampp\\htdocs\\IPMS\\app\\Views\\sys\\invitation\\sview.php', 95)
 2 SYSTEMPATH\View\View.php(224): include('C:\\xampp\\htdocs\\IPMS\\app\\Views\\sys\\invitation\\sview.php')
 3 SYSTEMPATH\View\View.php(227): CodeIgniter\View\View->CodeIgniter\View\{closure}()
 4 SYSTEMPATH\Common.php(1176): CodeIgniter\View\View->render('sys/invitation/sview', [], true)
 5 APPPATH\Controllers\Invitation.php(236): view('sys/invitation/sview', [...])
 6 SYSTEMPATH\CodeIgniter.php(932): App\Controllers\Invitation->sview('1')
 7 SYSTEMPATH\CodeIgniter.php(497): CodeIgniter\CodeIgniter->runController(Object(App\Controllers\Invitation))
 8 SYSTEMPATH\CodeIgniter.php(366): CodeIgniter\CodeIgniter->handleRequest(null, Object(Config\Cache), false)
 9 FCPATH\index.php(67): CodeIgniter\CodeIgniter->run()
CRITICAL - 2024-02-23 11:56:59 --> Undefined variable $AId
in APPPATH\Controllers\Procurement.php on line 119.
 1 APPPATH\Controllers\Procurement.php(119): CodeIgniter\Debug\Exceptions->errorHandler(2, 'Undefined variable $AId', 'C:\\xampp\\htdocs\\IPMS\\app\\Controllers\\Procurement.php', 119)
 2 SYSTEMPATH\CodeIgniter.php(932): App\Controllers\Procurement->ProcurementMeeting()
 3 SYSTEMPATH\CodeIgniter.php(497): CodeIgniter\CodeIgniter->runController(Object(App\Controllers\Procurement))
 4 SYSTEMPATH\CodeIgniter.php(366): CodeIgniter\CodeIgniter->handleRequest(null, Object(Config\Cache), false)
 5 FCPATH\index.php(67): CodeIgniter\CodeIgniter->run()
CRITICAL - 2024-02-23 12:28:48 --> Undefined variable $result
in APPPATH\Views\sys\Procurement\ProcurementMeeting.php on line 52.
 1 APPPATH\Views\sys\Procurement\ProcurementMeeting.php(52): CodeIgniter\Debug\Exceptions->errorHandler(2, 'Undefined variable $result', 'C:\\xampp\\htdocs\\IPMS\\app\\Views\\sys\\Procurement\\ProcurementMeeting.php', 52)
 2 SYSTEMPATH\View\View.php(224): include('C:\\xampp\\htdocs\\IPMS\\app\\Views\\sys\\Procurement\\ProcurementMeeting.php')
 3 SYSTEMPATH\View\View.php(227): CodeIgniter\View\View->CodeIgniter\View\{closure}()
 4 SYSTEMPATH\Common.php(1176): CodeIgniter\View\View->render('sys/Procurement/ProcurementMeeting', [], true)
 5 APPPATH\Controllers\Procurement.php(124): view('sys/Procurement/ProcurementMeeting', [...])
 6 SYSTEMPATH\CodeIgniter.php(932): App\Controllers\Procurement->ProcurementMeeting()
 7 SYSTEMPATH\CodeIgniter.php(497): CodeIgniter\CodeIgniter->runController(Object(App\Controllers\Procurement))
 8 SYSTEMPATH\CodeIgniter.php(366): CodeIgniter\CodeIgniter->handleRequest(null, Object(Config\Cache), false)
 9 FCPATH\index.php(67): CodeIgniter\CodeIgniter->run()
CRITICAL - 2024-02-23 12:42:38 --> Undefined variable $lists
in APPPATH\Views\sys\submitedBid\OpeningBid.php on line 89.
 1 APPPATH\Views\sys\submitedBid\OpeningBid.php(89): CodeIgniter\Debug\Exceptions->errorHandler(2, 'Undefined variable $lists', 'C:\\xampp\\htdocs\\IPMS\\app\\Views\\sys\\submitedBid\\OpeningBid.php', 89)
 2 SYSTEMPATH\View\View.php(224): include('C:\\xampp\\htdocs\\IPMS\\app\\Views\\sys\\submitedBid\\OpeningBid.php')
 3 SYSTEMPATH\View\View.php(227): CodeIgniter\View\View->CodeIgniter\View\{closure}()
 4 SYSTEMPATH\Common.php(1176): CodeIgniter\View\View->render('sys/SubmitedBid/OpeningBid', [], true)
 5 APPPATH\Controllers\SubmitedBid.php(42): view('sys/SubmitedBid/OpeningBid', [...])
 6 SYSTEMPATH\CodeIgniter.php(932): App\Controllers\SubmitedBid->OpeningBid()
 7 SYSTEMPATH\CodeIgniter.php(497): CodeIgniter\CodeIgniter->runController(Object(App\Controllers\SubmitedBid))
 8 SYSTEMPATH\CodeIgniter.php(366): CodeIgniter\CodeIgniter->handleRequest(null, Object(Config\Cache), false)
 9 FCPATH\index.php(67): CodeIgniter\CodeIgniter->run()
CRITICAL - 2024-02-23 12:43:34 --> Class "App\Controllers\SAnnouncementModel" not found
in APPPATH\Controllers\SubmitedBid.php on line 35.
 1 SYSTEMPATH\CodeIgniter.php(932): App\Controllers\SubmitedBid->OpeningBid()
 2 SYSTEMPATH\CodeIgniter.php(497): CodeIgniter\CodeIgniter->runController(Object(App\Controllers\SubmitedBid))
 3 SYSTEMPATH\CodeIgniter.php(366): CodeIgniter\CodeIgniter->handleRequest(null, Object(Config\Cache), false)
 4 FCPATH\index.php(67): CodeIgniter\CodeIgniter->run()
CRITICAL - 2024-02-23 15:09:23 --> Class "App\Controllers\AnnouncementModel" not found
in APPPATH\Controllers\Invitation.php on line 67.
 1 SYSTEMPATH\CodeIgniter.php(932): App\Controllers\Invitation->view('1')
 2 SYSTEMPATH\CodeIgniter.php(497): CodeIgniter\CodeIgniter->runController(Object(App\Controllers\Invitation))
 3 SYSTEMPATH\CodeIgniter.php(366): CodeIgniter\CodeIgniter->handleRequest(null, Object(Config\Cache), false)
 4 FCPATH\index.php(67): CodeIgniter\CodeIgniter->run()
CRITICAL - 2024-02-23 15:18:01 --> Call to undefined method App\Models\SAnnouncementModel::getAnnounceDetails
in SYSTEMPATH\Model.php on line 838.
 1 APPPATH\Controllers\SubmitedBid.php(89): CodeIgniter\Model->__call('getAnnounceDetails', [...])
 2 SYSTEMPATH\CodeIgniter.php(932): App\Controllers\SubmitedBid->OpenedSBid('1')
 3 SYSTEMPATH\CodeIgniter.php(497): CodeIgniter\CodeIgniter->runController(Object(App\Controllers\SubmitedBid))
 4 SYSTEMPATH\CodeIgniter.php(366): CodeIgniter\CodeIgniter->handleRequest(null, Object(Config\Cache), false)
 5 FCPATH\index.php(67): CodeIgniter\CodeIgniter->run()
CRITICAL - 2024-02-23 15:21:37 --> Undefined array key "DCharges"
in APPPATH\Views\sys\submitedBid\OpenedSBid.php on line 87.
 1 APPPATH\Views\sys\submitedBid\OpenedSBid.php(87): CodeIgniter\Debug\Exceptions->errorHandler(2, 'Undefined array key "DCharges"', 'C:\\xampp\\htdocs\\IPMS\\app\\Views\\sys\\submitedBid\\OpenedSBid.php', 87)
 2 SYSTEMPATH\View\View.php(224): include('C:\\xampp\\htdocs\\IPMS\\app\\Views\\sys\\submitedBid\\OpenedSBid.php')
 3 SYSTEMPATH\View\View.php(227): CodeIgniter\View\View->CodeIgniter\View\{closure}()
 4 SYSTEMPATH\Common.php(1176): CodeIgniter\View\View->render('sys/SubmitedBid/OpenedSBid', [], true)
 5 APPPATH\Controllers\SubmitedBid.php(94): view('sys/SubmitedBid/OpenedSBid', [...])
 6 SYSTEMPATH\CodeIgniter.php(932): App\Controllers\SubmitedBid->OpenedSBid('assets', 'img', 'messages-1.jpg')
 7 SYSTEMPATH\CodeIgniter.php(497): CodeIgniter\CodeIgniter->runController(Object(App\Controllers\SubmitedBid))
 8 SYSTEMPATH\CodeIgniter.php(366): CodeIgniter\CodeIgniter->handleRequest(null, Object(Config\Cache), false)
 9 FCPATH\index.php(67): CodeIgniter\CodeIgniter->run()
CRITICAL - 2024-02-23 15:24:24 --> Undefined variable $disabled
in APPPATH\Views\sys\submitedBid\OpenedSBid.php on line 98.
 1 APPPATH\Views\sys\submitedBid\OpenedSBid.php(98): CodeIgniter\Debug\Exceptions->errorHandler(2, 'Undefined variable $disabled', 'C:\\xampp\\htdocs\\IPMS\\app\\Views\\sys\\submitedBid\\OpenedSBid.php', 98)
 2 SYSTEMPATH\View\View.php(224): include('C:\\xampp\\htdocs\\IPMS\\app\\Views\\sys\\submitedBid\\OpenedSBid.php')
 3 SYSTEMPATH\View\View.php(227): CodeIgniter\View\View->CodeIgniter\View\{closure}()
 4 SYSTEMPATH\Common.php(1176): CodeIgniter\View\View->render('sys/SubmitedBid/OpenedSBid', [], true)
 5 APPPATH\Controllers\SubmitedBid.php(94): view('sys/SubmitedBid/OpenedSBid', [...])
 6 SYSTEMPATH\CodeIgniter.php(932): App\Controllers\SubmitedBid->OpenedSBid('assets', 'img', 'messages-1.jpg')
 7 SYSTEMPATH\CodeIgniter.php(497): CodeIgniter\CodeIgniter->runController(Object(App\Controllers\SubmitedBid))
 8 SYSTEMPATH\CodeIgniter.php(366): CodeIgniter\CodeIgniter->handleRequest(null, Object(Config\Cache), false)
 9 FCPATH\index.php(67): CodeIgniter\CodeIgniter->run()
CRITICAL - 2024-02-23 15:54:55 --> Undefined array key "BOpen"
in APPPATH\Views\sys\submitedBid\OpenedSBid.php on line 90.
 1 APPPATH\Views\sys\submitedBid\OpenedSBid.php(90): CodeIgniter\Debug\Exceptions->errorHandler(2, 'Undefined array key "BOpen"', 'C:\\xampp\\htdocs\\IPMS\\app\\Views\\sys\\submitedBid\\OpenedSBid.php', 90)
 2 SYSTEMPATH\View\View.php(224): include('C:\\xampp\\htdocs\\IPMS\\app\\Views\\sys\\submitedBid\\OpenedSBid.php')
 3 SYSTEMPATH\View\View.php(227): CodeIgniter\View\View->CodeIgniter\View\{closure}()
 4 SYSTEMPATH\Common.php(1176): CodeIgniter\View\View->render('sys/SubmitedBid/OpenedSBid', [], true)
 5 APPPATH\Controllers\SubmitedBid.php(94): view('sys/SubmitedBid/OpenedSBid', [...])
 6 SYSTEMPATH\CodeIgniter.php(932): App\Controllers\SubmitedBid->OpenedSBid('1')
 7 SYSTEMPATH\CodeIgniter.php(497): CodeIgniter\CodeIgniter->runController(Object(App\Controllers\SubmitedBid))
 8 SYSTEMPATH\CodeIgniter.php(366): CodeIgniter\CodeIgniter->handleRequest(null, Object(Config\Cache), false)
 9 FCPATH\index.php(67): CodeIgniter\CodeIgniter->run()
CRITICAL - 2024-02-23 16:10:38 --> Undefined variable $result
in APPPATH\Views\sys\tender\viewmore.php on line 150.
 1 APPPATH\Views\sys\tender\viewmore.php(150): CodeIgniter\Debug\Exceptions->errorHandler(2, 'Undefined variable $result', 'C:\\xampp\\htdocs\\IPMS\\app\\Views\\sys\\tender\\viewmore.php', 150)
 2 SYSTEMPATH\View\View.php(224): include('C:\\xampp\\htdocs\\IPMS\\app\\Views\\sys\\tender\\viewmore.php')
 3 SYSTEMPATH\View\View.php(227): CodeIgniter\View\View->CodeIgniter\View\{closure}()
 4 SYSTEMPATH\Common.php(1176): CodeIgniter\View\View->render('sys/tender/viewmore', [], true)
 5 APPPATH\Controllers\Tender.php(274): view('sys/tender/viewmore', [...])
 6 SYSTEMPATH\CodeIgniter.php(932): App\Controllers\Tender->viewmore('assets', 'img', 'messages-1.jpg')
 7 SYSTEMPATH\CodeIgniter.php(497): CodeIgniter\CodeIgniter->runController(Object(App\Controllers\Tender))
 8 SYSTEMPATH\CodeIgniter.php(366): CodeIgniter\CodeIgniter->handleRequest(null, Object(Config\Cache), false)
 9 FCPATH\index.php(67): CodeIgniter\CodeIgniter->run()
CRITICAL - 2024-02-23 16:10:58 --> Undefined variable $result
in APPPATH\Views\sys\tender\viewmore.php on line 150.
 1 APPPATH\Views\sys\tender\viewmore.php(150): CodeIgniter\Debug\Exceptions->errorHandler(2, 'Undefined variable $result', 'C:\\xampp\\htdocs\\IPMS\\app\\Views\\sys\\tender\\viewmore.php', 150)
 2 SYSTEMPATH\View\View.php(224): include('C:\\xampp\\htdocs\\IPMS\\app\\Views\\sys\\tender\\viewmore.php')
 3 SYSTEMPATH\View\View.php(227): CodeIgniter\View\View->CodeIgniter\View\{closure}()
 4 SYSTEMPATH\Common.php(1176): CodeIgniter\View\View->render('sys/tender/viewmore', [], true)
 5 APPPATH\Controllers\Tender.php(274): view('sys/tender/viewmore', [...])
 6 SYSTEMPATH\CodeIgniter.php(932): App\Controllers\Tender->viewmore('assets', 'img', 'messages-1.jpg')
 7 SYSTEMPATH\CodeIgniter.php(497): CodeIgniter\CodeIgniter->runController(Object(App\Controllers\Tender))
 8 SYSTEMPATH\CodeIgniter.php(366): CodeIgniter\CodeIgniter->handleRequest(null, Object(Config\Cache), false)
 9 FCPATH\index.php(67): CodeIgniter\CodeIgniter->run()
CRITICAL - 2024-02-23 16:11:34 --> Undefined variable $list
in APPPATH\Views\sys\tender\viewmore.php on line 39.
 1 APPPATH\Views\sys\tender\viewmore.php(39): CodeIgniter\Debug\Exceptions->errorHandler(2, 'Undefined variable $list', 'C:\\xampp\\htdocs\\IPMS\\app\\Views\\sys\\tender\\viewmore.php', 39)
 2 SYSTEMPATH\View\View.php(224): include('C:\\xampp\\htdocs\\IPMS\\app\\Views\\sys\\tender\\viewmore.php')
 3 SYSTEMPATH\View\View.php(227): CodeIgniter\View\View->CodeIgniter\View\{closure}()
 4 SYSTEMPATH\Common.php(1176): CodeIgniter\View\View->render('sys/tender/viewmore', [], true)
 5 APPPATH\Controllers\Tender.php(556): view('sys/tender/viewmore', [...])
 6 SYSTEMPATH\CodeIgniter.php(932): App\Controllers\Tender->updatespecststatus()
 7 SYSTEMPATH\CodeIgniter.php(497): CodeIgniter\CodeIgniter->runController(Object(App\Controllers\Tender))
 8 SYSTEMPATH\CodeIgniter.php(366): CodeIgniter\CodeIgniter->handleRequest(null, Object(Config\Cache), false)
 9 FCPATH\index.php(67): CodeIgniter\CodeIgniter->run()
CRITICAL - 2024-02-23 16:11:56 --> Undefined variable $result
in APPPATH\Views\sys\tender\viewmore.php on line 150.
 1 APPPATH\Views\sys\tender\viewmore.php(150): CodeIgniter\Debug\Exceptions->errorHandler(2, 'Undefined variable $result', 'C:\\xampp\\htdocs\\IPMS\\app\\Views\\sys\\tender\\viewmore.php', 150)
 2 SYSTEMPATH\View\View.php(224): include('C:\\xampp\\htdocs\\IPMS\\app\\Views\\sys\\tender\\viewmore.php')
 3 SYSTEMPATH\View\View.php(227): CodeIgniter\View\View->CodeIgniter\View\{closure}()
 4 SYSTEMPATH\Common.php(1176): CodeIgniter\View\View->render('sys/tender/viewmore', [], true)
 5 APPPATH\Controllers\Tender.php(274): view('sys/tender/viewmore', [...])
 6 SYSTEMPATH\CodeIgniter.php(932): App\Controllers\Tender->viewmore('assets', 'img', 'messages-1.jpg')
 7 SYSTEMPATH\CodeIgniter.php(497): CodeIgniter\CodeIgniter->runController(Object(App\Controllers\Tender))
 8 SYSTEMPATH\CodeIgniter.php(366): CodeIgniter\CodeIgniter->handleRequest(null, Object(Config\Cache), false)
 9 FCPATH\index.php(67): CodeIgniter\CodeIgniter->run()
CRITICAL - 2024-02-23 16:26:38 --> Undefined variable $list
in APPPATH\Views\sys\tender\viewmore.php on line 39.
 1 APPPATH\Views\sys\tender\viewmore.php(39): CodeIgniter\Debug\Exceptions->errorHandler(2, 'Undefined variable $list', 'C:\\xampp\\htdocs\\IPMS\\app\\Views\\sys\\tender\\viewmore.php', 39)
 2 SYSTEMPATH\View\View.php(224): include('C:\\xampp\\htdocs\\IPMS\\app\\Views\\sys\\tender\\viewmore.php')
 3 SYSTEMPATH\View\View.php(227): CodeIgniter\View\View->CodeIgniter\View\{closure}()
 4 SYSTEMPATH\Common.php(1176): CodeIgniter\View\View->render('sys/tender/viewmore', [], true)
 5 APPPATH\Controllers\Tender.php(557): view('sys/tender/viewmore', [...])
 6 SYSTEMPATH\CodeIgniter.php(932): App\Controllers\Tender->updatespecststatus()
 7 SYSTEMPATH\CodeIgniter.php(497): CodeIgniter\CodeIgniter->runController(Object(App\Controllers\Tender))
 8 SYSTEMPATH\CodeIgniter.php(366): CodeIgniter\CodeIgniter->handleRequest(null, Object(Config\Cache), false)
 9 FCPATH\index.php(67): CodeIgniter\CodeIgniter->run()
CRITICAL - 2024-02-23 16:32:45 --> Undefined variable $result
in APPPATH\Views\sys\tender\viewmore.php on line 150.
 1 APPPATH\Views\sys\tender\viewmore.php(150): CodeIgniter\Debug\Exceptions->errorHandler(2, 'Undefined variable $result', 'C:\\xampp\\htdocs\\IPMS\\app\\Views\\sys\\tender\\viewmore.php', 150)
 2 SYSTEMPATH\View\View.php(224): include('C:\\xampp\\htdocs\\IPMS\\app\\Views\\sys\\tender\\viewmore.php')
 3 SYSTEMPATH\View\View.php(227): CodeIgniter\View\View->CodeIgniter\View\{closure}()
 4 SYSTEMPATH\Common.php(1176): CodeIgniter\View\View->render('sys/tender/viewmore', [], true)
 5 APPPATH\Controllers\Tender.php(274): view('sys/tender/viewmore', [...])
 6 SYSTEMPATH\CodeIgniter.php(932): App\Controllers\Tender->viewmore('assets', 'img', 'messages-1.jpg')
 7 SYSTEMPATH\CodeIgniter.php(497): CodeIgniter\CodeIgniter->runController(Object(App\Controllers\Tender))
 8 SYSTEMPATH\CodeIgniter.php(366): CodeIgniter\CodeIgniter->handleRequest(null, Object(Config\Cache), false)
 9 FCPATH\index.php(67): CodeIgniter\CodeIgniter->run()
CRITICAL - 2024-02-23 16:59:32 --> Undefined array key "BOpen"
in APPPATH\Views\sys\tender\viewmore.php on line 72.
 1 APPPATH\Views\sys\tender\viewmore.php(72): CodeIgniter\Debug\Exceptions->errorHandler(2, 'Undefined array key "BOpen"', 'C:\\xampp\\htdocs\\IPMS\\app\\Views\\sys\\tender\\viewmore.php', 72)
 2 SYSTEMPATH\View\View.php(224): include('C:\\xampp\\htdocs\\IPMS\\app\\Views\\sys\\tender\\viewmore.php')
 3 SYSTEMPATH\View\View.php(227): CodeIgniter\View\View->CodeIgniter\View\{closure}()
 4 SYSTEMPATH\Common.php(1176): CodeIgniter\View\View->render('sys/tender/viewmore', [], true)
 5 APPPATH\Controllers\Tender.php(275): view('sys/tender/viewmore', [...])
 6 SYSTEMPATH\CodeIgniter.php(932): App\Controllers\Tender->viewmore('23')
 7 SYSTEMPATH\CodeIgniter.php(497): CodeIgniter\CodeIgniter->runController(Object(App\Controllers\Tender))
 8 SYSTEMPATH\CodeIgniter.php(366): CodeIgniter\CodeIgniter->handleRequest(null, Object(Config\Cache), false)
 9 FCPATH\index.php(67): CodeIgniter\CodeIgniter->run()
CRITICAL - 2024-02-23 16:59:35 --> Undefined variable $result
in APPPATH\Views\sys\tender\viewmore.php on line 163.
 1 APPPATH\Views\sys\tender\viewmore.php(163): CodeIgniter\Debug\Exceptions->errorHandler(2, 'Undefined variable $result', 'C:\\xampp\\htdocs\\IPMS\\app\\Views\\sys\\tender\\viewmore.php', 163)
 2 SYSTEMPATH\View\View.php(224): include('C:\\xampp\\htdocs\\IPMS\\app\\Views\\sys\\tender\\viewmore.php')
 3 SYSTEMPATH\View\View.php(227): CodeIgniter\View\View->CodeIgniter\View\{closure}()
 4 SYSTEMPATH\Common.php(1176): CodeIgniter\View\View->render('sys/tender/viewmore', [], true)
 5 APPPATH\Controllers\Tender.php(275): view('sys/tender/viewmore', [...])
 6 SYSTEMPATH\CodeIgniter.php(932): App\Controllers\Tender->viewmore('assets', 'img', 'messages-1.jpg')
 7 SYSTEMPATH\CodeIgniter.php(497): CodeIgniter\CodeIgniter->runController(Object(App\Controllers\Tender))
 8 SYSTEMPATH\CodeIgniter.php(366): CodeIgniter\CodeIgniter->handleRequest(null, Object(Config\Cache), false)
 9 FCPATH\index.php(67): CodeIgniter\CodeIgniter->run()
CRITICAL - 2024-02-23 17:04:51 --> Undefined array key "BOpen"
in APPPATH\Views\sys\tender\viewmore.php on line 72.
 1 APPPATH\Views\sys\tender\viewmore.php(72): CodeIgniter\Debug\Exceptions->errorHandler(2, 'Undefined array key "BOpen"', 'C:\\xampp\\htdocs\\IPMS\\app\\Views\\sys\\tender\\viewmore.php', 72)
 2 SYSTEMPATH\View\View.php(224): include('C:\\xampp\\htdocs\\IPMS\\app\\Views\\sys\\tender\\viewmore.php')
 3 SYSTEMPATH\View\View.php(227): CodeIgniter\View\View->CodeIgniter\View\{closure}()
 4 SYSTEMPATH\Common.php(1176): CodeIgniter\View\View->render('sys/tender/viewmore', [], true)
 5 APPPATH\Controllers\Tender.php(275): view('sys/tender/viewmore', [...])
 6 SYSTEMPATH\CodeIgniter.php(932): App\Controllers\Tender->viewmore('23')
 7 SYSTEMPATH\CodeIgniter.php(497): CodeIgniter\CodeIgniter->runController(Object(App\Controllers\Tender))
 8 SYSTEMPATH\CodeIgniter.php(366): CodeIgniter\CodeIgniter->handleRequest(null, Object(Config\Cache), false)
 9 FCPATH\index.php(67): CodeIgniter\CodeIgniter->run()
CRITICAL - 2024-02-23 17:04:56 --> Undefined variable $result
in APPPATH\Views\sys\tender\viewmore.php on line 163.
 1 APPPATH\Views\sys\tender\viewmore.php(163): CodeIgniter\Debug\Exceptions->errorHandler(2, 'Undefined variable $result', 'C:\\xampp\\htdocs\\IPMS\\app\\Views\\sys\\tender\\viewmore.php', 163)
 2 SYSTEMPATH\View\View.php(224): include('C:\\xampp\\htdocs\\IPMS\\app\\Views\\sys\\tender\\viewmore.php')
 3 SYSTEMPATH\View\View.php(227): CodeIgniter\View\View->CodeIgniter\View\{closure}()
 4 SYSTEMPATH\Common.php(1176): CodeIgniter\View\View->render('sys/tender/viewmore', [], true)
 5 APPPATH\Controllers\Tender.php(276): view('sys/tender/viewmore', [...])
 6 SYSTEMPATH\CodeIgniter.php(932): App\Controllers\Tender->viewmore('assets', 'img', 'messages-1.jpg')
 7 SYSTEMPATH\CodeIgniter.php(497): CodeIgniter\CodeIgniter->runController(Object(App\Controllers\Tender))
 8 SYSTEMPATH\CodeIgniter.php(366): CodeIgniter\CodeIgniter->handleRequest(null, Object(Config\Cache), false)
 9 FCPATH\index.php(67): CodeIgniter\CodeIgniter->run()
CRITICAL - 2024-02-23 17:05:16 --> Undefined variable $result
in APPPATH\Views\sys\tender\viewmore.php on line 163.
 1 APPPATH\Views\sys\tender\viewmore.php(163): CodeIgniter\Debug\Exceptions->errorHandler(2, 'Undefined variable $result', 'C:\\xampp\\htdocs\\IPMS\\app\\Views\\sys\\tender\\viewmore.php', 163)
 2 SYSTEMPATH\View\View.php(224): include('C:\\xampp\\htdocs\\IPMS\\app\\Views\\sys\\tender\\viewmore.php')
 3 SYSTEMPATH\View\View.php(227): CodeIgniter\View\View->CodeIgniter\View\{closure}()
 4 SYSTEMPATH\Common.php(1176): CodeIgniter\View\View->render('sys/tender/viewmore', [], true)
 5 APPPATH\Controllers\Tender.php(276): view('sys/tender/viewmore', [...])
 6 SYSTEMPATH\CodeIgniter.php(932): App\Controllers\Tender->viewmore('23')
 7 SYSTEMPATH\CodeIgniter.php(497): CodeIgniter\CodeIgniter->runController(Object(App\Controllers\Tender))
 8 SYSTEMPATH\CodeIgniter.php(366): CodeIgniter\CodeIgniter->handleRequest(null, Object(Config\Cache), false)
 9 FCPATH\index.php(67): CodeIgniter\CodeIgniter->run()
CRITICAL - 2024-02-23 17:08:58 --> Undefined variable $AId
in APPPATH\Controllers\Tender.php on line 272.
 1 APPPATH\Controllers\Tender.php(272): CodeIgniter\Debug\Exceptions->errorHandler(2, 'Undefined variable $AId', 'C:\\xampp\\htdocs\\IPMS\\app\\Controllers\\Tender.php', 272)
 2 SYSTEMPATH\CodeIgniter.php(932): App\Controllers\Tender->viewmore('23')
 3 SYSTEMPATH\CodeIgniter.php(497): CodeIgniter\CodeIgniter->runController(Object(App\Controllers\Tender))
 4 SYSTEMPATH\CodeIgniter.php(366): CodeIgniter\CodeIgniter->handleRequest(null, Object(Config\Cache), false)
 5 FCPATH\index.php(67): CodeIgniter\CodeIgniter->run()
CRITICAL - 2024-02-23 17:09:01 --> Undefined variable $AId
in APPPATH\Controllers\Tender.php on line 272.
 1 APPPATH\Controllers\Tender.php(272): CodeIgniter\Debug\Exceptions->errorHandler(2, 'Undefined variable $AId', 'C:\\xampp\\htdocs\\IPMS\\app\\Controllers\\Tender.php', 272)
 2 SYSTEMPATH\CodeIgniter.php(932): App\Controllers\Tender->viewmore('23')
 3 SYSTEMPATH\CodeIgniter.php(497): CodeIgniter\CodeIgniter->runController(Object(App\Controllers\Tender))
 4 SYSTEMPATH\CodeIgniter.php(366): CodeIgniter\CodeIgniter->handleRequest(null, Object(Config\Cache), false)
 5 FCPATH\index.php(67): CodeIgniter\CodeIgniter->run()
CRITICAL - 2024-02-23 17:11:18 --> Undefined array key "BOpen"
in APPPATH\Views\sys\tender\viewmore.php on line 72.
 1 APPPATH\Views\sys\tender\viewmore.php(72): CodeIgniter\Debug\Exceptions->errorHandler(2, 'Undefined array key "BOpen"', 'C:\\xampp\\htdocs\\IPMS\\app\\Views\\sys\\tender\\viewmore.php', 72)
 2 SYSTEMPATH\View\View.php(224): include('C:\\xampp\\htdocs\\IPMS\\app\\Views\\sys\\tender\\viewmore.php')
 3 SYSTEMPATH\View\View.php(227): CodeIgniter\View\View->CodeIgniter\View\{closure}()
 4 SYSTEMPATH\Common.php(1176): CodeIgniter\View\View->render('sys/tender/viewmore', [], true)
 5 APPPATH\Controllers\Tender.php(276): view('sys/tender/viewmore', [...])
 6 SYSTEMPATH\CodeIgniter.php(932): App\Controllers\Tender->viewmore('23')
 7 SYSTEMPATH\CodeIgniter.php(497): CodeIgniter\CodeIgniter->runController(Object(App\Controllers\Tender))
 8 SYSTEMPATH\CodeIgniter.php(366): CodeIgniter\CodeIgniter->handleRequest(null, Object(Config\Cache), false)
 9 FCPATH\index.php(67): CodeIgniter\CodeIgniter->run()
CRITICAL - 2024-02-23 17:11:22 --> Undefined variable $result
in APPPATH\Views\sys\tender\viewmore.php on line 136.
 1 APPPATH\Views\sys\tender\viewmore.php(136): CodeIgniter\Debug\Exceptions->errorHandler(2, 'Undefined variable $result', 'C:\\xampp\\htdocs\\IPMS\\app\\Views\\sys\\tender\\viewmore.php', 136)
 2 SYSTEMPATH\View\View.php(224): include('C:\\xampp\\htdocs\\IPMS\\app\\Views\\sys\\tender\\viewmore.php')
 3 SYSTEMPATH\View\View.php(227): CodeIgniter\View\View->CodeIgniter\View\{closure}()
 4 SYSTEMPATH\Common.php(1176): CodeIgniter\View\View->render('sys/tender/viewmore', [], true)
 5 APPPATH\Controllers\Tender.php(276): view('sys/tender/viewmore', [...])
 6 SYSTEMPATH\CodeIgniter.php(932): App\Controllers\Tender->viewmore('assets', 'img', 'messages-1.jpg')
 7 SYSTEMPATH\CodeIgniter.php(497): CodeIgniter\CodeIgniter->runController(Object(App\Controllers\Tender))
 8 SYSTEMPATH\CodeIgniter.php(366): CodeIgniter\CodeIgniter->handleRequest(null, Object(Config\Cache), false)
 9 FCPATH\index.php(67): CodeIgniter\CodeIgniter->run()
CRITICAL - 2024-02-23 17:11:46 --> Undefined array key "BOpen"
in APPPATH\Views\sys\tender\viewmore.php on line 72.
 1 APPPATH\Views\sys\tender\viewmore.php(72): CodeIgniter\Debug\Exceptions->errorHandler(2, 'Undefined array key "BOpen"', 'C:\\xampp\\htdocs\\IPMS\\app\\Views\\sys\\tender\\viewmore.php', 72)
 2 SYSTEMPATH\View\View.php(224): include('C:\\xampp\\htdocs\\IPMS\\app\\Views\\sys\\tender\\viewmore.php')
 3 SYSTEMPATH\View\View.php(227): CodeIgniter\View\View->CodeIgniter\View\{closure}()
 4 SYSTEMPATH\Common.php(1176): CodeIgniter\View\View->render('sys/tender/viewmore', [], true)
 5 APPPATH\Controllers\Tender.php(276): view('sys/tender/viewmore', [...])
 6 SYSTEMPATH\CodeIgniter.php(932): App\Controllers\Tender->viewmore('23')
 7 SYSTEMPATH\CodeIgniter.php(497): CodeIgniter\CodeIgniter->runController(Object(App\Controllers\Tender))
 8 SYSTEMPATH\CodeIgniter.php(366): CodeIgniter\CodeIgniter->handleRequest(null, Object(Config\Cache), false)
 9 FCPATH\index.php(67): CodeIgniter\CodeIgniter->run()
CRITICAL - 2024-02-23 17:19:06 --> Undefined array key "BStart"
in APPPATH\Views\sys\tender\viewmore.php on line 76.
 1 APPPATH\Views\sys\tender\viewmore.php(76): CodeIgniter\Debug\Exceptions->errorHandler(2, 'Undefined array key "BStart"', 'C:\\xampp\\htdocs\\IPMS\\app\\Views\\sys\\tender\\viewmore.php', 76)
 2 SYSTEMPATH\View\View.php(224): include('C:\\xampp\\htdocs\\IPMS\\app\\Views\\sys\\tender\\viewmore.php')
 3 SYSTEMPATH\View\View.php(227): CodeIgniter\View\View->CodeIgniter\View\{closure}()
 4 SYSTEMPATH\Common.php(1176): CodeIgniter\View\View->render('sys/tender/viewmore', [], true)
 5 APPPATH\Controllers\Tender.php(276): view('sys/tender/viewmore', [...])
 6 SYSTEMPATH\CodeIgniter.php(932): App\Controllers\Tender->viewmore('23')
 7 SYSTEMPATH\CodeIgniter.php(497): CodeIgniter\CodeIgniter->runController(Object(App\Controllers\Tender))
 8 SYSTEMPATH\CodeIgniter.php(366): CodeIgniter\CodeIgniter->handleRequest(null, Object(Config\Cache), false)
 9 FCPATH\index.php(67): CodeIgniter\CodeIgniter->run()
CRITICAL - 2024-02-23 17:19:10 --> Undefined variable $result
in APPPATH\Views\sys\tender\viewmore.php on line 136.
 1 APPPATH\Views\sys\tender\viewmore.php(136): CodeIgniter\Debug\Exceptions->errorHandler(2, 'Undefined variable $result', 'C:\\xampp\\htdocs\\IPMS\\app\\Views\\sys\\tender\\viewmore.php', 136)
 2 SYSTEMPATH\View\View.php(224): include('C:\\xampp\\htdocs\\IPMS\\app\\Views\\sys\\tender\\viewmore.php')
 3 SYSTEMPATH\View\View.php(227): CodeIgniter\View\View->CodeIgniter\View\{closure}()
 4 SYSTEMPATH\Common.php(1176): CodeIgniter\View\View->render('sys/tender/viewmore', [], true)
 5 APPPATH\Controllers\Tender.php(276): view('sys/tender/viewmore', [...])
 6 SYSTEMPATH\CodeIgniter.php(932): App\Controllers\Tender->viewmore('assets', 'img', 'messages-1.jpg')
 7 SYSTEMPATH\CodeIgniter.php(497): CodeIgniter\CodeIgniter->runController(Object(App\Controllers\Tender))
 8 SYSTEMPATH\CodeIgniter.php(366): CodeIgniter\CodeIgniter->handleRequest(null, Object(Config\Cache), false)
 9 FCPATH\index.php(67): CodeIgniter\CodeIgniter->run()
CRITICAL - 2024-02-23 17:20:36 --> Undefined array key "BStart"
in APPPATH\Views\sys\tender\viewmore.php on line 76.
 1 APPPATH\Views\sys\tender\viewmore.php(76): CodeIgniter\Debug\Exceptions->errorHandler(2, 'Undefined array key "BStart"', 'C:\\xampp\\htdocs\\IPMS\\app\\Views\\sys\\tender\\viewmore.php', 76)
 2 SYSTEMPATH\View\View.php(224): include('C:\\xampp\\htdocs\\IPMS\\app\\Views\\sys\\tender\\viewmore.php')
 3 SYSTEMPATH\View\View.php(227): CodeIgniter\View\View->CodeIgniter\View\{closure}()
 4 SYSTEMPATH\Common.php(1176): CodeIgniter\View\View->render('sys/tender/viewmore', [], true)
 5 APPPATH\Controllers\Tender.php(276): view('sys/tender/viewmore', [...])
 6 SYSTEMPATH\CodeIgniter.php(932): App\Controllers\Tender->viewmore('23')
 7 SYSTEMPATH\CodeIgniter.php(497): CodeIgniter\CodeIgniter->runController(Object(App\Controllers\Tender))
 8 SYSTEMPATH\CodeIgniter.php(366): CodeIgniter\CodeIgniter->handleRequest(null, Object(Config\Cache), false)
 9 FCPATH\index.php(67): CodeIgniter\CodeIgniter->run()
CRITICAL - 2024-02-23 17:29:21 --> Undefined variable $result
in APPPATH\Views\sys\tender\viewmore.php on line 136.
 1 APPPATH\Views\sys\tender\viewmore.php(136): CodeIgniter\Debug\Exceptions->errorHandler(2, 'Undefined variable $result', 'C:\\xampp\\htdocs\\IPMS\\app\\Views\\sys\\tender\\viewmore.php', 136)
 2 SYSTEMPATH\View\View.php(224): include('C:\\xampp\\htdocs\\IPMS\\app\\Views\\sys\\tender\\viewmore.php')
 3 SYSTEMPATH\View\View.php(227): CodeIgniter\View\View->CodeIgniter\View\{closure}()
 4 SYSTEMPATH\Common.php(1176): CodeIgniter\View\View->render('sys/tender/viewmore', [], true)
 5 APPPATH\Controllers\Tender.php(276): view('sys/tender/viewmore', [...])
 6 SYSTEMPATH\CodeIgniter.php(932): App\Controllers\Tender->viewmore('assets', 'img', 'messages-1.jpg')
 7 SYSTEMPATH\CodeIgniter.php(497): CodeIgniter\CodeIgniter->runController(Object(App\Controllers\Tender))
 8 SYSTEMPATH\CodeIgniter.php(366): CodeIgniter\CodeIgniter->handleRequest(null, Object(Config\Cache), false)
 9 FCPATH\index.php(67): CodeIgniter\CodeIgniter->run()
CRITICAL - 2024-02-23 17:30:48 --> There is no data to update.
in SYSTEMPATH\BaseModel.php on line 924.
 1 SYSTEMPATH\BaseModel.php(924): CodeIgniter\Database\Exceptions\DataException::forEmptyDataset('update')
 2 SYSTEMPATH\Model.php(756): CodeIgniter\BaseModel->update(null, [])
 3 APPPATH\Controllers\Tender.php(554): CodeIgniter\Model->update()
 4 SYSTEMPATH\CodeIgniter.php(932): App\Controllers\Tender->updatespecststatus()
 5 SYSTEMPATH\CodeIgniter.php(497): CodeIgniter\CodeIgniter->runController(Object(App\Controllers\Tender))
 6 SYSTEMPATH\CodeIgniter.php(366): CodeIgniter\CodeIgniter->handleRequest(null, Object(Config\Cache), false)
 7 FCPATH\index.php(67): CodeIgniter\CodeIgniter->run()
CRITICAL - 2024-02-23 17:39:20 --> There is no data to update.
in SYSTEMPATH\BaseModel.php on line 924.
 1 SYSTEMPATH\BaseModel.php(924): CodeIgniter\Database\Exceptions\DataException::forEmptyDataset('update')
 2 SYSTEMPATH\Model.php(756): CodeIgniter\BaseModel->update(null, [])
 3 APPPATH\Controllers\Tender.php(554): CodeIgniter\Model->update()
 4 SYSTEMPATH\CodeIgniter.php(932): App\Controllers\Tender->updatespecststatus()
 5 SYSTEMPATH\CodeIgniter.php(497): CodeIgniter\CodeIgniter->runController(Object(App\Controllers\Tender))
 6 SYSTEMPATH\CodeIgniter.php(366): CodeIgniter\CodeIgniter->handleRequest(null, Object(Config\Cache), false)
 7 FCPATH\index.php(67): CodeIgniter\CodeIgniter->run()
CRITICAL - 2024-02-23 17:41:49 --> Undefined variable $result
in APPPATH\Views\sys\tender\viewmore.php on line 136.
 1 APPPATH\Views\sys\tender\viewmore.php(136): CodeIgniter\Debug\Exceptions->errorHandler(2, 'Undefined variable $result', 'C:\\xampp\\htdocs\\IPMS\\app\\Views\\sys\\tender\\viewmore.php', 136)
 2 SYSTEMPATH\View\View.php(224): include('C:\\xampp\\htdocs\\IPMS\\app\\Views\\sys\\tender\\viewmore.php')
 3 SYSTEMPATH\View\View.php(227): CodeIgniter\View\View->CodeIgniter\View\{closure}()
 4 SYSTEMPATH\Common.php(1176): CodeIgniter\View\View->render('sys/tender/viewmore', [], true)
 5 APPPATH\Controllers\Tender.php(276): view('sys/tender/viewmore', [...])
 6 SYSTEMPATH\CodeIgniter.php(932): App\Controllers\Tender->viewmore('assets', 'img', 'messages-1.jpg')
 7 SYSTEMPATH\CodeIgniter.php(497): CodeIgniter\CodeIgniter->runController(Object(App\Controllers\Tender))
 8 SYSTEMPATH\CodeIgniter.php(366): CodeIgniter\CodeIgniter->handleRequest(null, Object(Config\Cache), false)
 9 FCPATH\index.php(67): CodeIgniter\CodeIgniter->run()
CRITICAL - 2024-02-23 17:41:58 --> There is no data to update.
in SYSTEMPATH\BaseModel.php on line 924.
 1 SYSTEMPATH\BaseModel.php(924): CodeIgniter\Database\Exceptions\DataException::forEmptyDataset('update')
 2 SYSTEMPATH\Model.php(756): CodeIgniter\BaseModel->update(null, [])
 3 APPPATH\Controllers\Tender.php(554): CodeIgniter\Model->update()
 4 SYSTEMPATH\CodeIgniter.php(932): App\Controllers\Tender->updatespecststatus()
 5 SYSTEMPATH\CodeIgniter.php(497): CodeIgniter\CodeIgniter->runController(Object(App\Controllers\Tender))
 6 SYSTEMPATH\CodeIgniter.php(366): CodeIgniter\CodeIgniter->handleRequest(null, Object(Config\Cache), false)
 7 FCPATH\index.php(67): CodeIgniter\CodeIgniter->run()
CRITICAL - 2024-02-23 17:44:07 --> Call to undefined method App\Models\TenderModel::getQuery
in SYSTEMPATH\Model.php on line 838.
 1 APPPATH\Controllers\Tender.php(557): CodeIgniter\Model->__call('getQuery', [])
 2 SYSTEMPATH\CodeIgniter.php(932): App\Controllers\Tender->updatespecststatus()
 3 SYSTEMPATH\CodeIgniter.php(497): CodeIgniter\CodeIgniter->runController(Object(App\Controllers\Tender))
 4 SYSTEMPATH\CodeIgniter.php(366): CodeIgniter\CodeIgniter->handleRequest(null, Object(Config\Cache), false)
 5 FCPATH\index.php(67): CodeIgniter\CodeIgniter->run()
CRITICAL - 2024-02-23 17:44:22 --> Call to undefined method App\Models\TenderModel::getQuery
in SYSTEMPATH\Model.php on line 838.
 1 APPPATH\Controllers\Tender.php(557): CodeIgniter\Model->__call('getQuery', [])
 2 SYSTEMPATH\CodeIgniter.php(932): App\Controllers\Tender->updatespecststatus()
 3 SYSTEMPATH\CodeIgniter.php(497): CodeIgniter\CodeIgniter->runController(Object(App\Controllers\Tender))
 4 SYSTEMPATH\CodeIgniter.php(366): CodeIgniter\CodeIgniter->handleRequest(null, Object(Config\Cache), false)
 5 FCPATH\index.php(67): CodeIgniter\CodeIgniter->run()
CRITICAL - 2024-02-23 17:47:20 --> There is no data to update.
in SYSTEMPATH\BaseModel.php on line 924.
 1 SYSTEMPATH\BaseModel.php(924): CodeIgniter\Database\Exceptions\DataException::forEmptyDataset('update')
 2 SYSTEMPATH\Model.php(756): CodeIgniter\BaseModel->update(null, [])
 3 APPPATH\Controllers\Tender.php(554): CodeIgniter\Model->update()
 4 SYSTEMPATH\CodeIgniter.php(932): App\Controllers\Tender->updatespecststatus()
 5 SYSTEMPATH\CodeIgniter.php(497): CodeIgniter\CodeIgniter->runController(Object(App\Controllers\Tender))
 6 SYSTEMPATH\CodeIgniter.php(366): CodeIgniter\CodeIgniter->handleRequest(null, Object(Config\Cache), false)
 7 FCPATH\index.php(67): CodeIgniter\CodeIgniter->run()
CRITICAL - 2024-02-23 17:47:45 --> There is no data to update.
in SYSTEMPATH\BaseModel.php on line 924.
 1 SYSTEMPATH\BaseModel.php(924): CodeIgniter\Database\Exceptions\DataException::forEmptyDataset('update')
 2 SYSTEMPATH\Model.php(756): CodeIgniter\BaseModel->update(null, [])
 3 APPPATH\Controllers\Tender.php(554): CodeIgniter\Model->update()
 4 SYSTEMPATH\CodeIgniter.php(932): App\Controllers\Tender->updatespecststatus()
 5 SYSTEMPATH\CodeIgniter.php(497): CodeIgniter\CodeIgniter->runController(Object(App\Controllers\Tender))
 6 SYSTEMPATH\CodeIgniter.php(366): CodeIgniter\CodeIgniter->handleRequest(null, Object(Config\Cache), false)
 7 FCPATH\index.php(67): CodeIgniter\CodeIgniter->run()
CRITICAL - 2024-02-23 17:48:57 --> Undefined variable $list
in APPPATH\Views\sys\tender\viewmore.php on line 39.
 1 APPPATH\Views\sys\tender\viewmore.php(39): CodeIgniter\Debug\Exceptions->errorHandler(2, 'Undefined variable $list', 'C:\\xampp\\htdocs\\IPMS\\app\\Views\\sys\\tender\\viewmore.php', 39)
 2 SYSTEMPATH\View\View.php(224): include('C:\\xampp\\htdocs\\IPMS\\app\\Views\\sys\\tender\\viewmore.php')
 3 SYSTEMPATH\View\View.php(227): CodeIgniter\View\View->CodeIgniter\View\{closure}()
 4 SYSTEMPATH\Common.php(1176): CodeIgniter\View\View->render('sys/tender/viewmore', [], true)
 5 APPPATH\Controllers\Tender.php(561): view('sys/tender/viewmore', [...])
 6 SYSTEMPATH\CodeIgniter.php(932): App\Controllers\Tender->updatespecststatus()
 7 SYSTEMPATH\CodeIgniter.php(497): CodeIgniter\CodeIgniter->runController(Object(App\Controllers\Tender))
 8 SYSTEMPATH\CodeIgniter.php(366): CodeIgniter\CodeIgniter->handleRequest(null, Object(Config\Cache), false)
 9 FCPATH\index.php(67): CodeIgniter\CodeIgniter->run()
CRITICAL - 2024-02-23 17:55:14 --> Undefined variable $result
in APPPATH\Views\sys\tender\viewmore.php on line 136.
 1 APPPATH\Views\sys\tender\viewmore.php(136): CodeIgniter\Debug\Exceptions->errorHandler(2, 'Undefined variable $result', 'C:\\xampp\\htdocs\\IPMS\\app\\Views\\sys\\tender\\viewmore.php', 136)
 2 SYSTEMPATH\View\View.php(224): include('C:\\xampp\\htdocs\\IPMS\\app\\Views\\sys\\tender\\viewmore.php')
 3 SYSTEMPATH\View\View.php(227): CodeIgniter\View\View->CodeIgniter\View\{closure}()
 4 SYSTEMPATH\Common.php(1176): CodeIgniter\View\View->render('sys/tender/viewmore', [], true)
 5 APPPATH\Controllers\Tender.php(276): view('sys/tender/viewmore', [...])
 6 SYSTEMPATH\CodeIgniter.php(932): App\Controllers\Tender->viewmore('assets', 'img', 'messages-1.jpg')
 7 SYSTEMPATH\CodeIgniter.php(497): CodeIgniter\CodeIgniter->runController(Object(App\Controllers\Tender))
 8 SYSTEMPATH\CodeIgniter.php(366): CodeIgniter\CodeIgniter->handleRequest(null, Object(Config\Cache), false)
 9 FCPATH\index.php(67): CodeIgniter\CodeIgniter->run()
CRITICAL - 2024-02-23 17:55:52 --> Undefined variable $result
in APPPATH\Views\sys\tender\viewmore.php on line 136.
 1 APPPATH\Views\sys\tender\viewmore.php(136): CodeIgniter\Debug\Exceptions->errorHandler(2, 'Undefined variable $result', 'C:\\xampp\\htdocs\\IPMS\\app\\Views\\sys\\tender\\viewmore.php', 136)
 2 SYSTEMPATH\View\View.php(224): include('C:\\xampp\\htdocs\\IPMS\\app\\Views\\sys\\tender\\viewmore.php')
 3 SYSTEMPATH\View\View.php(227): CodeIgniter\View\View->CodeIgniter\View\{closure}()
 4 SYSTEMPATH\Common.php(1176): CodeIgniter\View\View->render('sys/tender/viewmore', [], true)
 5 APPPATH\Controllers\Tender.php(276): view('sys/tender/viewmore', [...])
 6 SYSTEMPATH\CodeIgniter.php(932): App\Controllers\Tender->viewmore('assets', 'img', 'messages-1.jpg')
 7 SYSTEMPATH\CodeIgniter.php(497): CodeIgniter\CodeIgniter->runController(Object(App\Controllers\Tender))
 8 SYSTEMPATH\CodeIgniter.php(366): CodeIgniter\CodeIgniter->handleRequest(null, Object(Config\Cache), false)
 9 FCPATH\index.php(67): CodeIgniter\CodeIgniter->run()
CRITICAL - 2024-02-23 17:55:59 --> Undefined variable $result
in APPPATH\Views\sys\tender\viewmore.php on line 136.
 1 APPPATH\Views\sys\tender\viewmore.php(136): CodeIgniter\Debug\Exceptions->errorHandler(2, 'Undefined variable $result', 'C:\\xampp\\htdocs\\IPMS\\app\\Views\\sys\\tender\\viewmore.php', 136)
 2 SYSTEMPATH\View\View.php(224): include('C:\\xampp\\htdocs\\IPMS\\app\\Views\\sys\\tender\\viewmore.php')
 3 SYSTEMPATH\View\View.php(227): CodeIgniter\View\View->CodeIgniter\View\{closure}()
 4 SYSTEMPATH\Common.php(1176): CodeIgniter\View\View->render('sys/tender/viewmore', [], true)
 5 APPPATH\Controllers\Tender.php(276): view('sys/tender/viewmore', [...])
 6 SYSTEMPATH\CodeIgniter.php(932): App\Controllers\Tender->viewmore('assets', 'img', 'messages-1.jpg')
 7 SYSTEMPATH\CodeIgniter.php(497): CodeIgniter\CodeIgniter->runController(Object(App\Controllers\Tender))
 8 SYSTEMPATH\CodeIgniter.php(366): CodeIgniter\CodeIgniter->handleRequest(null, Object(Config\Cache), false)
 9 FCPATH\index.php(67): CodeIgniter\CodeIgniter->run()
CRITICAL - 2024-02-23 17:56:06 --> Undefined variable $result
in APPPATH\Views\sys\tender\viewmore.php on line 136.
 1 APPPATH\Views\sys\tender\viewmore.php(136): CodeIgniter\Debug\Exceptions->errorHandler(2, 'Undefined variable $result', 'C:\\xampp\\htdocs\\IPMS\\app\\Views\\sys\\tender\\viewmore.php', 136)
 2 SYSTEMPATH\View\View.php(224): include('C:\\xampp\\htdocs\\IPMS\\app\\Views\\sys\\tender\\viewmore.php')
 3 SYSTEMPATH\View\View.php(227): CodeIgniter\View\View->CodeIgniter\View\{closure}()
 4 SYSTEMPATH\Common.php(1176): CodeIgniter\View\View->render('sys/tender/viewmore', [], true)
 5 APPPATH\Controllers\Tender.php(276): view('sys/tender/viewmore', [...])
 6 SYSTEMPATH\CodeIgniter.php(932): App\Controllers\Tender->viewmore('assets', 'img', 'messages-1.jpg')
 7 SYSTEMPATH\CodeIgniter.php(497): CodeIgniter\CodeIgniter->runController(Object(App\Controllers\Tender))
 8 SYSTEMPATH\CodeIgniter.php(366): CodeIgniter\CodeIgniter->handleRequest(null, Object(Config\Cache), false)
 9 FCPATH\index.php(67): CodeIgniter\CodeIgniter->run()
CRITICAL - 2024-02-23 17:58:04 --> Invalid file: "sys/menu_nonregisteredsuppliers.php"
in SYSTEMPATH\Exceptions\FrameworkException.php on line 33.
 1 SYSTEMPATH\View\View.php(212): CodeIgniter\Exceptions\FrameworkException::forInvalidFile('sys/menu_nonregisteredsuppliers.php')
 2 SYSTEMPATH\Common.php(1176): CodeIgniter\View\View->render('sys/menu_nonregisteredsuppliers', [], true)
 3 APPPATH\Controllers\Sys.php(27): view('sys/menu_nonregisteredsuppliers')
 4 SYSTEMPATH\CodeIgniter.php(932): App\Controllers\Sys->dashboard()
 5 SYSTEMPATH\CodeIgniter.php(497): CodeIgniter\CodeIgniter->runController(Object(App\Controllers\Sys))
 6 SYSTEMPATH\CodeIgniter.php(366): CodeIgniter\CodeIgniter->handleRequest(null, Object(Config\Cache), false)
 7 FCPATH\index.php(67): CodeIgniter\CodeIgniter->run()
CRITICAL - 2024-02-23 18:44:56 --> Undefined variable $result
in APPPATH\Views\sys\tender\viewmore.php on line 136.
 1 APPPATH\Views\sys\tender\viewmore.php(136): CodeIgniter\Debug\Exceptions->errorHandler(2, 'Undefined variable $result', 'C:\\xampp\\htdocs\\IPMS\\app\\Views\\sys\\tender\\viewmore.php', 136)
 2 SYSTEMPATH\View\View.php(224): include('C:\\xampp\\htdocs\\IPMS\\app\\Views\\sys\\tender\\viewmore.php')
 3 SYSTEMPATH\View\View.php(227): CodeIgniter\View\View->CodeIgniter\View\{closure}()
 4 SYSTEMPATH\Common.php(1176): CodeIgniter\View\View->render('sys/tender/viewmore', [], true)
 5 APPPATH\Controllers\Tender.php(276): view('sys/tender/viewmore', [...])
 6 SYSTEMPATH\CodeIgniter.php(932): App\Controllers\Tender->viewmore('assets', 'img', 'messages-1.jpg')
 7 SYSTEMPATH\CodeIgniter.php(497): CodeIgniter\CodeIgniter->runController(Object(App\Controllers\Tender))
 8 SYSTEMPATH\CodeIgniter.php(366): CodeIgniter\CodeIgniter->handleRequest(null, Object(Config\Cache), false)
 9 FCPATH\index.php(67): CodeIgniter\CodeIgniter->run()
CRITICAL - 2024-02-23 18:45:10 --> Undefined variable $result
in APPPATH\Views\sys\tender\viewmore.php on line 136.
 1 APPPATH\Views\sys\tender\viewmore.php(136): CodeIgniter\Debug\Exceptions->errorHandler(2, 'Undefined variable $result', 'C:\\xampp\\htdocs\\IPMS\\app\\Views\\sys\\tender\\viewmore.php', 136)
 2 SYSTEMPATH\View\View.php(224): include('C:\\xampp\\htdocs\\IPMS\\app\\Views\\sys\\tender\\viewmore.php')
 3 SYSTEMPATH\View\View.php(227): CodeIgniter\View\View->CodeIgniter\View\{closure}()
 4 SYSTEMPATH\Common.php(1176): CodeIgniter\View\View->render('sys/tender/viewmore', [], true)
 5 APPPATH\Controllers\Tender.php(276): view('sys/tender/viewmore', [...])
 6 SYSTEMPATH\CodeIgniter.php(932): App\Controllers\Tender->viewmore('assets', 'img', 'messages-1.jpg')
 7 SYSTEMPATH\CodeIgniter.php(497): CodeIgniter\CodeIgniter->runController(Object(App\Controllers\Tender))
 8 SYSTEMPATH\CodeIgniter.php(366): CodeIgniter\CodeIgniter->handleRequest(null, Object(Config\Cache), false)
 9 FCPATH\index.php(67): CodeIgniter\CodeIgniter->run()
