CRITICAL - 2024-05-01 06:11:38 --> Trying to access array offset on value of type null
in APPPATH\Controllers\Awarding.php on line 142.
 1 APPPATH\Controllers\Awarding.php(142): CodeIgniter\Debug\Exceptions->errorHandler(2, 'Trying to access array offset on value of type null', 'C:\\xampp\\htdocs\\IPMS\\app\\Controllers\\Awarding.php', 142)
 2 SYSTEMPATH\CodeIgniter.php(932): App\Controllers\Awarding->createLetterofIntent()
 3 SYSTEMPATH\CodeIgniter.php(497): CodeIgniter\CodeIgniter->runController(Object(App\Controllers\Awarding))
 4 SYSTEMPATH\CodeIgniter.php(366): CodeIgniter\CodeIgniter->handleRequest(null, Object(Config\Cache), false)
 5 FCPATH\index.php(67): CodeIgniter\CodeIgniter->run()
CRITICAL - 2024-05-01 06:21:00 --> Undefined variable $rules
in APPPATH\Controllers\Awarding.php on line 144.
 1 APPPATH\Controllers\Awarding.php(144): CodeIgniter\Debug\Exceptions->errorHandler(2, 'Undefined variable $rules', 'C:\\xampp\\htdocs\\IPMS\\app\\Controllers\\Awarding.php', 144)
 2 SYSTEMPATH\CodeIgniter.php(932): App\Controllers\Awarding->createLetterofIntent()
 3 SYSTEMPATH\CodeIgniter.php(497): CodeIgniter\CodeIgniter->runController(Object(App\Controllers\Awarding))
 4 SYSTEMPATH\CodeIgniter.php(366): CodeIgniter\CodeIgniter->handleRequest(null, Object(Config\Cache), false)
 5 FCPATH\index.php(67): CodeIgniter\CodeIgniter->run()
CRITICAL - 2024-05-01 06:24:23 --> Invalid file: "sys/menu_.php"
in SYSTEMPATH\Exceptions\FrameworkException.php on line 33.
 1 SYSTEMPATH\View\View.php(212): CodeIgniter\Exceptions\FrameworkException::forInvalidFile('sys/menu_.php')
 2 SYSTEMPATH\Common.php(1176): CodeIgniter\View\View->render('sys/menu_', [], true)
 3 APPPATH\Controllers\Awarding.php(32): view('sys/menu_')
 4 SYSTEMPATH\CodeIgniter.php(932): App\Controllers\Awarding->LetterofIntent()
 5 SYSTEMPATH\CodeIgniter.php(497): CodeIgniter\CodeIgniter->runController(Object(App\Controllers\Awarding))
 6 SYSTEMPATH\CodeIgniter.php(366): CodeIgniter\CodeIgniter->handleRequest(null, Object(Config\Cache), false)
 7 FCPATH\index.php(67): CodeIgniter\CodeIgniter->run()
CRITICAL - 2024-05-01 06:24:26 --> Invalid file: "sys/menu_.php"
in SYSTEMPATH\Exceptions\FrameworkException.php on line 33.
 1 SYSTEMPATH\View\View.php(212): CodeIgniter\Exceptions\FrameworkException::forInvalidFile('sys/menu_.php')
 2 SYSTEMPATH\Common.php(1176): CodeIgniter\View\View->render('sys/menu_', [], true)
 3 APPPATH\Controllers\Awarding.php(52): view('sys/menu_')
 4 SYSTEMPATH\CodeIgniter.php(932): App\Controllers\Awarding->AwardingLetter()
 5 SYSTEMPATH\CodeIgniter.php(497): CodeIgniter\CodeIgniter->runController(Object(App\Controllers\Awarding))
 6 SYSTEMPATH\CodeIgniter.php(366): CodeIgniter\CodeIgniter->handleRequest(null, Object(Config\Cache), false)
 7 FCPATH\index.php(67): CodeIgniter\CodeIgniter->run()
CRITICAL - 2024-05-01 06:24:27 --> Invalid file: "sys/menu_.php"
in SYSTEMPATH\Exceptions\FrameworkException.php on line 33.
 1 SYSTEMPATH\View\View.php(212): CodeIgniter\Exceptions\FrameworkException::forInvalidFile('sys/menu_.php')
 2 SYSTEMPATH\Common.php(1176): CodeIgniter\View\View->render('sys/menu_', [], true)
 3 APPPATH\Controllers\Sys.php(84): view('sys/menu_')
 4 SYSTEMPATH\CodeIgniter.php(932): App\Controllers\Sys->dashboard()
 5 SYSTEMPATH\CodeIgniter.php(497): CodeIgniter\CodeIgniter->runController(Object(App\Controllers\Sys))
 6 SYSTEMPATH\CodeIgniter.php(366): CodeIgniter\CodeIgniter->handleRequest(null, Object(Config\Cache), false)
 7 FCPATH\index.php(67): CodeIgniter\CodeIgniter->run()
CRITICAL - 2024-05-01 07:41:52 --> Undefined array key "BStartDate"
in APPPATH\Views\sys\Payments\DocummentCharges.php on line 99.
 1 APPPATH\Views\sys\Payments\DocummentCharges.php(99): CodeIgniter\Debug\Exceptions->errorHandler(2, 'Undefined array key "BStartDate"', 'C:\\xampp\\htdocs\\IPMS\\app\\Views\\sys\\Payments\\DocummentCharges.php', 99)
 2 SYSTEMPATH\View\View.php(224): include('C:\\xampp\\htdocs\\IPMS\\app\\Views\\sys\\Payments\\DocummentCharges.php')
 3 SYSTEMPATH\View\View.php(227): CodeIgniter\View\View->CodeIgniter\View\{closure}()
 4 SYSTEMPATH\Common.php(1176): CodeIgniter\View\View->render('sys/Payments/DocummentCharges', [], true)
 5 APPPATH\Controllers\Payments.php(64): view('sys/Payments/DocummentCharges', [...])
 6 SYSTEMPATH\CodeIgniter.php(932): App\Controllers\Payments->DocummentCharges()
 7 SYSTEMPATH\CodeIgniter.php(497): CodeIgniter\CodeIgniter->runController(Object(App\Controllers\Payments))
 8 SYSTEMPATH\CodeIgniter.php(366): CodeIgniter\CodeIgniter->handleRequest(null, Object(Config\Cache), false)
 9 FCPATH\index.php(67): CodeIgniter\CodeIgniter->run()
CRITICAL - 2024-05-01 11:40:23 --> Invalid file: "sys/menu_.php"
in SYSTEMPATH\Exceptions\FrameworkException.php on line 33.
 1 SYSTEMPATH\View\View.php(212): CodeIgniter\Exceptions\FrameworkException::forInvalidFile('sys/menu_.php')
 2 SYSTEMPATH\Common.php(1176): CodeIgniter\View\View->render('sys/menu_', [], true)
 3 APPPATH\Controllers\Tender.php(1076): view('sys/menu_')
 4 SYSTEMPATH\CodeIgniter.php(932): App\Controllers\Tender->TenderProgress()
 5 SYSTEMPATH\CodeIgniter.php(497): CodeIgniter\CodeIgniter->runController(Object(App\Controllers\Tender))
 6 SYSTEMPATH\CodeIgniter.php(366): CodeIgniter\CodeIgniter->handleRequest(null, Object(Config\Cache), false)
 7 FCPATH\index.php(67): CodeIgniter\CodeIgniter->run()
CRITICAL - 2024-05-01 11:40:23 --> Invalid file: "sys/menu_.php"
in SYSTEMPATH\Exceptions\FrameworkException.php on line 33.
 1 SYSTEMPATH\View\View.php(212): CodeIgniter\Exceptions\FrameworkException::forInvalidFile('sys/menu_.php')
 2 SYSTEMPATH\Common.php(1176): CodeIgniter\View\View->render('sys/menu_', [], true)
 3 APPPATH\Controllers\Employee.php(148): view('sys/menu_')
 4 SYSTEMPATH\CodeIgniter.php(932): App\Controllers\Employee->view()
 5 SYSTEMPATH\CodeIgniter.php(497): CodeIgniter\CodeIgniter->runController(Object(App\Controllers\Employee))
 6 SYSTEMPATH\CodeIgniter.php(366): CodeIgniter\CodeIgniter->handleRequest(null, Object(Config\Cache), false)
 7 FCPATH\index.php(67): CodeIgniter\CodeIgniter->run()
CRITICAL - 2024-05-01 11:49:23 --> Undefined variable $pager
in APPPATH\Views\sys\employee\view.php on line 162.
 1 APPPATH\Views\sys\employee\view.php(162): CodeIgniter\Debug\Exceptions->errorHandler(2, 'Undefined variable $pager', 'C:\\xampp\\htdocs\\IPMS\\app\\Views\\sys\\employee\\view.php', 162)
 2 SYSTEMPATH\View\View.php(224): include('C:\\xampp\\htdocs\\IPMS\\app\\Views\\sys\\employee\\view.php')
 3 SYSTEMPATH\View\View.php(227): CodeIgniter\View\View->CodeIgniter\View\{closure}()
 4 SYSTEMPATH\Common.php(1176): CodeIgniter\View\View->render('sys/employee/view', [], true)
 5 APPPATH\Controllers\Employee.php(149): view('sys/employee/view', [...])
 6 SYSTEMPATH\CodeIgniter.php(932): App\Controllers\Employee->view()
 7 SYSTEMPATH\CodeIgniter.php(497): CodeIgniter\CodeIgniter->runController(Object(App\Controllers\Employee))
 8 SYSTEMPATH\CodeIgniter.php(366): CodeIgniter\CodeIgniter->handleRequest(null, Object(Config\Cache), false)
 9 FCPATH\index.php(67): CodeIgniter\CodeIgniter->run()
CRITICAL - 2024-05-01 12:22:53 --> Undefined array key "BStartTime"
in APPPATH\Views\sys\tender\viewcestimate.php on line 58.
 1 APPPATH\Views\sys\tender\viewcestimate.php(58): CodeIgniter\Debug\Exceptions->errorHandler(2, 'Undefined array key "BStartTime"', 'C:\\xampp\\htdocs\\IPMS\\app\\Views\\sys\\tender\\viewcestimate.php', 58)
 2 SYSTEMPATH\View\View.php(224): include('C:\\xampp\\htdocs\\IPMS\\app\\Views\\sys\\tender\\viewcestimate.php')
 3 SYSTEMPATH\View\View.php(227): CodeIgniter\View\View->CodeIgniter\View\{closure}()
 4 SYSTEMPATH\Common.php(1176): CodeIgniter\View\View->render('sys/tender/viewcestimate', [], true)
 5 APPPATH\Controllers\Tender.php(871): view('sys/tender/viewcestimate', [...])
 6 SYSTEMPATH\CodeIgniter.php(932): App\Controllers\Tender->viewcestimate()
 7 SYSTEMPATH\CodeIgniter.php(497): CodeIgniter\CodeIgniter->runController(Object(App\Controllers\Tender))
 8 SYSTEMPATH\CodeIgniter.php(366): CodeIgniter\CodeIgniter->handleRequest(null, Object(Config\Cache), false)
 9 FCPATH\index.php(67): CodeIgniter\CodeIgniter->run()
ERROR - 2024-05-01 12:52:19 --> mysqli_sql_exception: You have an error in your SQL syntax; check the manual that corresponds to your MariaDB server version for the right syntax to use near 'FROM itemrequest i
        LEFT JOIN tender_request r ON r.RequestId = i.Requ...' at line 1 in C:\xampp\htdocs\IPMS\system\Database\MySQLi\Connection.php:295
Stack trace:
#0 C:\xampp\htdocs\IPMS\system\Database\MySQLi\Connection.php(295): mysqli->query('\n        FROM i...', 0)
#1 C:\xampp\htdocs\IPMS\system\Database\BaseConnection.php(692): CodeIgniter\Database\MySQLi\Connection->execute('\n        FROM i...')
#2 C:\xampp\htdocs\IPMS\system\Database\BaseConnection.php(606): CodeIgniter\Database\BaseConnection->simpleQuery('\n        FROM i...')
#3 C:\xampp\htdocs\IPMS\system\Model.php(832): CodeIgniter\Database\BaseConnection->query('\n        FROM i...')
#4 C:\xampp\htdocs\IPMS\app\Models\RequestModel.php(137): CodeIgniter\Model->__call('query', Array)
#5 C:\xampp\htdocs\IPMS\app\Controllers\ItemRequest.php(72): App\Models\RequestModel->viewrequest()
#6 C:\xampp\htdocs\IPMS\system\CodeIgniter.php(932): App\Controllers\ItemRequest->viewReq()
#7 C:\xampp\htdocs\IPMS\system\CodeIgniter.php(497): CodeIgniter\CodeIgniter->runController(Object(App\Controllers\ItemRequest))
#8 C:\xampp\htdocs\IPMS\system\CodeIgniter.php(366): CodeIgniter\CodeIgniter->handleRequest(NULL, Object(Config\Cache), false)
#9 C:\xampp\htdocs\IPMS\index.php(67): CodeIgniter\CodeIgniter->run()
#10 {main}
CRITICAL - 2024-05-01 12:52:19 --> You have an error in your SQL syntax; check the manual that corresponds to your MariaDB server version for the right syntax to use near 'FROM itemrequest i
        LEFT JOIN tender_request r ON r.RequestId = i.Requ...' at line 1
in SYSTEMPATH\Database\MySQLi\Connection.php on line 295.
 1 SYSTEMPATH\Database\MySQLi\Connection.php(295): mysqli->query('
        FROM itemrequest i
        LEFT JOIN tender_request r ON r.RequestId = i.RequestID
        LEFT JOIN tender t ON t.Tenderid = r.TenderId', 0)
 2 SYSTEMPATH\Database\BaseConnection.php(692): CodeIgniter\Database\MySQLi\Connection->execute('
        FROM itemrequest i
        LEFT JOIN tender_request r ON r.RequestId = i.RequestID
        LEFT JOIN tender t ON t.Tenderid = r.TenderId')
 3 SYSTEMPATH\Database\BaseConnection.php(606): CodeIgniter\Database\BaseConnection->simpleQuery('
        FROM itemrequest i
        LEFT JOIN tender_request r ON r.RequestId = i.RequestID
        LEFT JOIN tender t ON t.Tenderid = r.TenderId')
 4 SYSTEMPATH\Model.php(832): CodeIgniter\Database\BaseConnection->query('
        FROM itemrequest i
        LEFT JOIN tender_request r ON r.RequestId = i.RequestID
        LEFT JOIN tender t ON t.Tenderid = r.TenderId')
 5 APPPATH\Models\RequestModel.php(137): CodeIgniter\Model->__call('query', [...])
 6 APPPATH\Controllers\ItemRequest.php(72): App\Models\RequestModel->viewrequest()
 7 SYSTEMPATH\CodeIgniter.php(932): App\Controllers\ItemRequest->viewReq()
 8 SYSTEMPATH\CodeIgniter.php(497): CodeIgniter\CodeIgniter->runController(Object(App\Controllers\ItemRequest))
 9 SYSTEMPATH\CodeIgniter.php(366): CodeIgniter\CodeIgniter->handleRequest(null, Object(Config\Cache), false)
10 FCPATH\index.php(67): CodeIgniter\CodeIgniter->run()
CRITICAL - 2024-05-01 12:55:54 --> Undefined array key "BStartDate"
in APPPATH\Views\sys\itemrequest\viewReq.php on line 142.
 1 APPPATH\Views\sys\itemrequest\viewReq.php(142): CodeIgniter\Debug\Exceptions->errorHandler(2, 'Undefined array key "BStartDate"', 'C:\\xampp\\htdocs\\IPMS\\app\\Views\\sys\\itemrequest\\viewReq.php', 142)
 2 SYSTEMPATH\View\View.php(224): include('C:\\xampp\\htdocs\\IPMS\\app\\Views\\sys\\itemrequest\\viewReq.php')
 3 SYSTEMPATH\View\View.php(227): CodeIgniter\View\View->CodeIgniter\View\{closure}()
 4 SYSTEMPATH\Common.php(1176): CodeIgniter\View\View->render('sys/itemrequest/viewReq', [], true)
 5 APPPATH\Controllers\ItemRequest.php(115): view('sys/itemrequest/viewReq', [...])
 6 SYSTEMPATH\CodeIgniter.php(932): App\Controllers\ItemRequest->viewReq()
 7 SYSTEMPATH\CodeIgniter.php(497): CodeIgniter\CodeIgniter->runController(Object(App\Controllers\ItemRequest))
 8 SYSTEMPATH\CodeIgniter.php(366): CodeIgniter\CodeIgniter->handleRequest(null, Object(Config\Cache), false)
 9 FCPATH\index.php(67): CodeIgniter\CodeIgniter->run()
