CRITICAL - 2024-02-19 14:38:31 --> Undefined variable $result
in APPPATH\Views\sys\tender\viewmore.php on line 150.
 1 APPPATH\Views\sys\tender\viewmore.php(150): CodeIgniter\Debug\Exceptions->errorHandler(2, 'Undefined variable $result', 'C:\\xampp\\htdocs\\IPMS\\app\\Views\\sys\\tender\\viewmore.php', 150)
 2 SYSTEMPATH\View\View.php(224): include('C:\\xampp\\htdocs\\IPMS\\app\\Views\\sys\\tender\\viewmore.php')
 3 SYSTEMPATH\View\View.php(227): CodeIgniter\View\View->CodeIgniter\View\{closure}()
 4 SYSTEMPATH\Common.php(1176): CodeIgniter\View\View->render('sys/tender/viewmore', [], true)
 5 APPPATH\Controllers\Tender.php(282): view('sys/tender/viewmore', [...])
 6 SYSTEMPATH\CodeIgniter.php(932): App\Controllers\Tender->viewmore('assets', 'img', 'messages-1.jpg')
 7 SYSTEMPATH\CodeIgniter.php(497): CodeIgniter\CodeIgniter->runController(Object(App\Controllers\Tender))
 8 SYSTEMPATH\CodeIgniter.php(366): CodeIgniter\CodeIgniter->handleRequest(null, Object(Config\Cache), false)
 9 FCPATH\index.php(67): CodeIgniter\CodeIgniter->run()
CRITICAL - 2024-02-19 14:40:56 --> Undefined variable $result
in APPPATH\Views\sys\tender\viewmore.php on line 150.
 1 APPPATH\Views\sys\tender\viewmore.php(150): CodeIgniter\Debug\Exceptions->errorHandler(2, 'Undefined variable $result', 'C:\\xampp\\htdocs\\IPMS\\app\\Views\\sys\\tender\\viewmore.php', 150)
 2 SYSTEMPATH\View\View.php(224): include('C:\\xampp\\htdocs\\IPMS\\app\\Views\\sys\\tender\\viewmore.php')
 3 SYSTEMPATH\View\View.php(227): CodeIgniter\View\View->CodeIgniter\View\{closure}()
 4 SYSTEMPATH\Common.php(1176): CodeIgniter\View\View->render('sys/tender/viewmore', [], true)
 5 APPPATH\Controllers\Tender.php(280): view('sys/tender/viewmore', [...])
 6 SYSTEMPATH\CodeIgniter.php(932): App\Controllers\Tender->viewmore('assets', 'img', 'messages-1.jpg')
 7 SYSTEMPATH\CodeIgniter.php(497): CodeIgniter\CodeIgniter->runController(Object(App\Controllers\Tender))
 8 SYSTEMPATH\CodeIgniter.php(366): CodeIgniter\CodeIgniter->handleRequest(null, Object(Config\Cache), false)
 9 FCPATH\index.php(67): CodeIgniter\CodeIgniter->run()
CRITICAL - 2024-02-19 15:23:23 --> Undefined array key "Itemname"
in APPPATH\Views\sys\BidEvaluation\TECEvaluation.php on line 222.
 1 APPPATH\Views\sys\BidEvaluation\TECEvaluation.php(222): CodeIgniter\Debug\Exceptions->errorHandler(2, 'Undefined array key "Itemname"', 'C:\\xampp\\htdocs\\IPMS\\app\\Views\\sys\\BidEvaluation\\TECEvaluation.php', 222)
 2 SYSTEMPATH\View\View.php(224): include('C:\\xampp\\htdocs\\IPMS\\app\\Views\\sys\\BidEvaluation\\TECEvaluation.php')
 3 SYSTEMPATH\View\View.php(227): CodeIgniter\View\View->CodeIgniter\View\{closure}()
 4 SYSTEMPATH\Common.php(1176): CodeIgniter\View\View->render('sys/BidEvaluation/TECEvaluation', [], true)
 5 APPPATH\Controllers\BidEvaluation.php(221): view('sys/BidEvaluation/TECEvaluation', [...])
 6 SYSTEMPATH\CodeIgniter.php(932): App\Controllers\BidEvaluation->TECEvaluation('51')
 7 SYSTEMPATH\CodeIgniter.php(497): CodeIgniter\CodeIgniter->runController(Object(App\Controllers\BidEvaluation))
 8 SYSTEMPATH\CodeIgniter.php(366): CodeIgniter\CodeIgniter->handleRequest(null, Object(Config\Cache), false)
 9 FCPATH\index.php(67): CodeIgniter\CodeIgniter->run()
CRITICAL - 2024-02-19 15:26:29 --> Undefined array key "Itemname"
in APPPATH\Views\sys\BidEvaluation\TECEvaluation.php on line 222.
 1 APPPATH\Views\sys\BidEvaluation\TECEvaluation.php(222): CodeIgniter\Debug\Exceptions->errorHandler(2, 'Undefined array key "Itemname"', 'C:\\xampp\\htdocs\\IPMS\\app\\Views\\sys\\BidEvaluation\\TECEvaluation.php', 222)
 2 SYSTEMPATH\View\View.php(224): include('C:\\xampp\\htdocs\\IPMS\\app\\Views\\sys\\BidEvaluation\\TECEvaluation.php')
 3 SYSTEMPATH\View\View.php(227): CodeIgniter\View\View->CodeIgniter\View\{closure}()
 4 SYSTEMPATH\Common.php(1176): CodeIgniter\View\View->render('sys/BidEvaluation/TECEvaluation', [], true)
 5 APPPATH\Controllers\BidEvaluation.php(221): view('sys/BidEvaluation/TECEvaluation', [...])
 6 SYSTEMPATH\CodeIgniter.php(932): App\Controllers\BidEvaluation->TECEvaluation('51')
 7 SYSTEMPATH\CodeIgniter.php(497): CodeIgniter\CodeIgniter->runController(Object(App\Controllers\BidEvaluation))
 8 SYSTEMPATH\CodeIgniter.php(366): CodeIgniter\CodeIgniter->handleRequest(null, Object(Config\Cache), false)
 9 FCPATH\index.php(67): CodeIgniter\CodeIgniter->run()
CRITICAL - 2024-02-19 15:27:24 --> Undefined array key "Itemname"
in APPPATH\Views\sys\BidEvaluation\TECEvaluation.php on line 222.
 1 APPPATH\Views\sys\BidEvaluation\TECEvaluation.php(222): CodeIgniter\Debug\Exceptions->errorHandler(2, 'Undefined array key "Itemname"', 'C:\\xampp\\htdocs\\IPMS\\app\\Views\\sys\\BidEvaluation\\TECEvaluation.php', 222)
 2 SYSTEMPATH\View\View.php(224): include('C:\\xampp\\htdocs\\IPMS\\app\\Views\\sys\\BidEvaluation\\TECEvaluation.php')
 3 SYSTEMPATH\View\View.php(227): CodeIgniter\View\View->CodeIgniter\View\{closure}()
 4 SYSTEMPATH\Common.php(1176): CodeIgniter\View\View->render('sys/BidEvaluation/TECEvaluation', [], true)
 5 APPPATH\Controllers\BidEvaluation.php(221): view('sys/BidEvaluation/TECEvaluation', [...])
 6 SYSTEMPATH\CodeIgniter.php(932): App\Controllers\BidEvaluation->TECEvaluation('51')
 7 SYSTEMPATH\CodeIgniter.php(497): CodeIgniter\CodeIgniter->runController(Object(App\Controllers\BidEvaluation))
 8 SYSTEMPATH\CodeIgniter.php(366): CodeIgniter\CodeIgniter->handleRequest(null, Object(Config\Cache), false)
 9 FCPATH\index.php(67): CodeIgniter\CodeIgniter->run()
ERROR - 2024-02-19 15:53:31 --> mysqli_sql_exception: Operand should contain 1 column(s) in C:\xampp\htdocs\IPMS\system\Database\MySQLi\Connection.php:295
Stack trace:
#0 C:\xampp\htdocs\IPMS\system\Database\MySQLi\Connection.php(295): mysqli->query('INSERT INTO `SS...', 0)
#1 C:\xampp\htdocs\IPMS\system\Database\BaseConnection.php(692): CodeIgniter\Database\MySQLi\Connection->execute('INSERT INTO `SS...')
#2 C:\xampp\htdocs\IPMS\system\Database\BaseConnection.php(606): CodeIgniter\Database\BaseConnection->simpleQuery('INSERT INTO `SS...')
#3 C:\xampp\htdocs\IPMS\system\Database\BaseBuilder.php(2309): CodeIgniter\Database\BaseConnection->query('INSERT INTO `SS...', Array, false)
#4 C:\xampp\htdocs\IPMS\system\Model.php(330): CodeIgniter\Database\BaseBuilder->insert()
#5 C:\xampp\htdocs\IPMS\system\BaseModel.php(782): CodeIgniter\Model->doInsert(Array)
#6 C:\xampp\htdocs\IPMS\system\Model.php(730): CodeIgniter\BaseModel->insert(Array, false)
#7 C:\xampp\htdocs\IPMS\system\BaseModel.php(692): CodeIgniter\Model->insert(Array, false)
#8 C:\xampp\htdocs\IPMS\app\Controllers\Web.php(355): CodeIgniter\BaseModel->save(Array)
#9 C:\xampp\htdocs\IPMS\system\CodeIgniter.php(932): App\Controllers\Web->viewtender()
#10 C:\xampp\htdocs\IPMS\system\CodeIgniter.php(497): CodeIgniter\CodeIgniter->runController(Object(App\Controllers\Web))
#11 C:\xampp\htdocs\IPMS\system\CodeIgniter.php(366): CodeIgniter\CodeIgniter->handleRequest(NULL, Object(Config\Cache), false)
#12 C:\xampp\htdocs\IPMS\index.php(67): CodeIgniter\CodeIgniter->run()
#13 {main}
CRITICAL - 2024-02-19 15:53:31 --> Operand should contain 1 column(s)
in SYSTEMPATH\Database\MySQLi\Connection.php on line 295.
 1 SYSTEMPATH\Database\MySQLi\Connection.php(295): mysqli->query('INSERT INTO `SSpecification` (`UserId`, `AnnounceId`, `Item`, `SubComponent`, `Detail`, `Priority`, `SpecId`, `TenderId`, `BiddersOffer`, `Remarks`, `SubmittedDate`) VALUES (\'7\', \'4\', \'51\', (\'Make & Model\',\'Country of manufacture\',\'Year of Manufacture\',\'Wheel Size\',\'Power Supply\',\'Installation time\',\'Waranty\',\'User Manual\',\'Installation\',\'Time taken to install\',\'Traning\'), (\'To be specified by the bidde\',\'To be specified by the bidder\',\'Current Year or within 06 months\',\'10\\\' -20\\\'\',\'220/240 V single phase 50/60 Hz\',\'10-15 seconds\',\'One Year warranty period is required\',\'User Manuals/ Instruction is required\',\'The Installation should be done by the bidder, using all necessary material (Bidders Should submit the clear details of installation)\',\'Should be stated by the bidder\',\'One day or one week free training program is required regarding operating the machine\'), (\'Optional\',\'Optional\',\'Critical\',\'Critical\',\'Critical\',\'Critical\',\'Critical\',\'Critical\',\'Critical\',\'Critical\',\'Critical\'), 94, \'51\', \'Yes\', \'ljkl\', \'2024-02-19\')', 0)
 2 SYSTEMPATH\Database\BaseConnection.php(692): CodeIgniter\Database\MySQLi\Connection->execute('INSERT INTO `SSpecification` (`UserId`, `AnnounceId`, `Item`, `SubComponent`, `Detail`, `Priority`, `SpecId`, `TenderId`, `BiddersOffer`, `Remarks`, `SubmittedDate`) VALUES (\'7\', \'4\', \'51\', (\'Make & Model\',\'Country of manufacture\',\'Year of Manufacture\',\'Wheel Size\',\'Power Supply\',\'Installation time\',\'Waranty\',\'User Manual\',\'Installation\',\'Time taken to install\',\'Traning\'), (\'To be specified by the bidde\',\'To be specified by the bidder\',\'Current Year or within 06 months\',\'10\\\' -20\\\'\',\'220/240 V single phase 50/60 Hz\',\'10-15 seconds\',\'One Year warranty period is required\',\'User Manuals/ Instruction is required\',\'The Installation should be done by the bidder, using all necessary material (Bidders Should submit the clear details of installation)\',\'Should be stated by the bidder\',\'One day or one week free training program is required regarding operating the machine\'), (\'Optional\',\'Optional\',\'Critical\',\'Critical\',\'Critical\',\'Critical\',\'Critical\',\'Critical\',\'Critical\',\'Critical\',\'Critical\'), 94, \'51\', \'Yes\', \'ljkl\', \'2024-02-19\')')
 3 SYSTEMPATH\Database\BaseConnection.php(606): CodeIgniter\Database\BaseConnection->simpleQuery('INSERT INTO `SSpecification` (`UserId`, `AnnounceId`, `Item`, `SubComponent`, `Detail`, `Priority`, `SpecId`, `TenderId`, `BiddersOffer`, `Remarks`, `SubmittedDate`) VALUES (\'7\', \'4\', \'51\', (\'Make & Model\',\'Country of manufacture\',\'Year of Manufacture\',\'Wheel Size\',\'Power Supply\',\'Installation time\',\'Waranty\',\'User Manual\',\'Installation\',\'Time taken to install\',\'Traning\'), (\'To be specified by the bidde\',\'To be specified by the bidder\',\'Current Year or within 06 months\',\'10\\\' -20\\\'\',\'220/240 V single phase 50/60 Hz\',\'10-15 seconds\',\'One Year warranty period is required\',\'User Manuals/ Instruction is required\',\'The Installation should be done by the bidder, using all necessary material (Bidders Should submit the clear details of installation)\',\'Should be stated by the bidder\',\'One day or one week free training program is required regarding operating the machine\'), (\'Optional\',\'Optional\',\'Critical\',\'Critical\',\'Critical\',\'Critical\',\'Critical\',\'Critical\',\'Critical\',\'Critical\',\'Critical\'), 94, \'51\', \'Yes\', \'ljkl\', \'2024-02-19\')')
 4 SYSTEMPATH\Database\BaseBuilder.php(2309): CodeIgniter\Database\BaseConnection->query('INSERT INTO `SSpecification` (`UserId`, `AnnounceId`, `Item`, `SubComponent`, `Detail`, `Priority`, `SpecId`, `TenderId`, `BiddersOffer`, `Remarks`, `SubmittedDate`) VALUES (:UserId:, :AnnounceId:, :Item:, :SubComponent:, :Detail:, :Priority:, :SpecId:, :TenderId:, :BiddersOffer:, :Remarks:, :SubmittedDate:)', [...], false)
 5 SYSTEMPATH\Model.php(330): CodeIgniter\Database\BaseBuilder->insert()
 6 SYSTEMPATH\BaseModel.php(782): CodeIgniter\Model->doInsert([...])
 7 SYSTEMPATH\Model.php(730): CodeIgniter\BaseModel->insert([...], false)
 8 SYSTEMPATH\BaseModel.php(692): CodeIgniter\Model->insert([...], false)
 9 APPPATH\Controllers\Web.php(355): CodeIgniter\BaseModel->save([...])
10 SYSTEMPATH\CodeIgniter.php(932): App\Controllers\Web->viewtender()
11 SYSTEMPATH\CodeIgniter.php(497): CodeIgniter\CodeIgniter->runController(Object(App\Controllers\Web))
12 SYSTEMPATH\CodeIgniter.php(366): CodeIgniter\CodeIgniter->handleRequest(null, Object(Config\Cache), false)
13 FCPATH\index.php(67): CodeIgniter\CodeIgniter->run()
ERROR - 2024-02-19 15:55:51 --> mysqli_sql_exception: Operand should contain 1 column(s) in C:\xampp\htdocs\IPMS\system\Database\MySQLi\Connection.php:295
Stack trace:
#0 C:\xampp\htdocs\IPMS\system\Database\MySQLi\Connection.php(295): mysqli->query('INSERT INTO `SS...', 0)
#1 C:\xampp\htdocs\IPMS\system\Database\BaseConnection.php(692): CodeIgniter\Database\MySQLi\Connection->execute('INSERT INTO `SS...')
#2 C:\xampp\htdocs\IPMS\system\Database\BaseConnection.php(606): CodeIgniter\Database\BaseConnection->simpleQuery('INSERT INTO `SS...')
#3 C:\xampp\htdocs\IPMS\system\Database\BaseBuilder.php(2309): CodeIgniter\Database\BaseConnection->query('INSERT INTO `SS...', Array, false)
#4 C:\xampp\htdocs\IPMS\system\Model.php(330): CodeIgniter\Database\BaseBuilder->insert()
#5 C:\xampp\htdocs\IPMS\system\BaseModel.php(782): CodeIgniter\Model->doInsert(Array)
#6 C:\xampp\htdocs\IPMS\system\Model.php(730): CodeIgniter\BaseModel->insert(Array, false)
#7 C:\xampp\htdocs\IPMS\system\BaseModel.php(692): CodeIgniter\Model->insert(Array, false)
#8 C:\xampp\htdocs\IPMS\app\Controllers\Web.php(355): CodeIgniter\BaseModel->save(Array)
#9 C:\xampp\htdocs\IPMS\system\CodeIgniter.php(932): App\Controllers\Web->viewtender()
#10 C:\xampp\htdocs\IPMS\system\CodeIgniter.php(497): CodeIgniter\CodeIgniter->runController(Object(App\Controllers\Web))
#11 C:\xampp\htdocs\IPMS\system\CodeIgniter.php(366): CodeIgniter\CodeIgniter->handleRequest(NULL, Object(Config\Cache), false)
#12 C:\xampp\htdocs\IPMS\index.php(67): CodeIgniter\CodeIgniter->run()
#13 {main}
CRITICAL - 2024-02-19 15:55:51 --> Operand should contain 1 column(s)
in SYSTEMPATH\Database\MySQLi\Connection.php on line 295.
 1 SYSTEMPATH\Database\MySQLi\Connection.php(295): mysqli->query('INSERT INTO `SSpecification` (`UserId`, `AnnounceId`, `Item`, `SubComponent`, `Detail`, `Priority`, `SpecId`, `TenderId`, `BiddersOffer`, `Remarks`, `SubmittedDate`) VALUES (\'7\', \'4\', \'51\', (\'Make & Model\',\'Country of manufacture\',\'Year of Manufacture\',\'Wheel Size\',\'Power Supply\',\'Installation time\',\'Waranty\',\'User Manual\',\'Installation\',\'Time taken to install\',\'Traning\'), (\'To be specified by the bidde\',\'To be specified by the bidder\',\'Current Year or within 06 months\',\'10\\\' -20\\\'\',\'220/240 V single phase 50/60 Hz\',\'10-15 seconds\',\'One Year warranty period is required\',\'User Manuals/ Instruction is required\',\'The Installation should be done by the bidder, using all necessary material (Bidders Should submit the clear details of installation)\',\'Should be stated by the bidder\',\'One day or one week free training program is required regarding operating the machine\'), (\'Optional\',\'Optional\',\'Critical\',\'Critical\',\'Critical\',\'Critical\',\'Critical\',\'Critical\',\'Critical\',\'Critical\',\'Critical\'), 94, \'51\', \'Yes\', \'ljkl\', \'2024-02-19\')', 0)
 2 SYSTEMPATH\Database\BaseConnection.php(692): CodeIgniter\Database\MySQLi\Connection->execute('INSERT INTO `SSpecification` (`UserId`, `AnnounceId`, `Item`, `SubComponent`, `Detail`, `Priority`, `SpecId`, `TenderId`, `BiddersOffer`, `Remarks`, `SubmittedDate`) VALUES (\'7\', \'4\', \'51\', (\'Make & Model\',\'Country of manufacture\',\'Year of Manufacture\',\'Wheel Size\',\'Power Supply\',\'Installation time\',\'Waranty\',\'User Manual\',\'Installation\',\'Time taken to install\',\'Traning\'), (\'To be specified by the bidde\',\'To be specified by the bidder\',\'Current Year or within 06 months\',\'10\\\' -20\\\'\',\'220/240 V single phase 50/60 Hz\',\'10-15 seconds\',\'One Year warranty period is required\',\'User Manuals/ Instruction is required\',\'The Installation should be done by the bidder, using all necessary material (Bidders Should submit the clear details of installation)\',\'Should be stated by the bidder\',\'One day or one week free training program is required regarding operating the machine\'), (\'Optional\',\'Optional\',\'Critical\',\'Critical\',\'Critical\',\'Critical\',\'Critical\',\'Critical\',\'Critical\',\'Critical\',\'Critical\'), 94, \'51\', \'Yes\', \'ljkl\', \'2024-02-19\')')
 3 SYSTEMPATH\Database\BaseConnection.php(606): CodeIgniter\Database\BaseConnection->simpleQuery('INSERT INTO `SSpecification` (`UserId`, `AnnounceId`, `Item`, `SubComponent`, `Detail`, `Priority`, `SpecId`, `TenderId`, `BiddersOffer`, `Remarks`, `SubmittedDate`) VALUES (\'7\', \'4\', \'51\', (\'Make & Model\',\'Country of manufacture\',\'Year of Manufacture\',\'Wheel Size\',\'Power Supply\',\'Installation time\',\'Waranty\',\'User Manual\',\'Installation\',\'Time taken to install\',\'Traning\'), (\'To be specified by the bidde\',\'To be specified by the bidder\',\'Current Year or within 06 months\',\'10\\\' -20\\\'\',\'220/240 V single phase 50/60 Hz\',\'10-15 seconds\',\'One Year warranty period is required\',\'User Manuals/ Instruction is required\',\'The Installation should be done by the bidder, using all necessary material (Bidders Should submit the clear details of installation)\',\'Should be stated by the bidder\',\'One day or one week free training program is required regarding operating the machine\'), (\'Optional\',\'Optional\',\'Critical\',\'Critical\',\'Critical\',\'Critical\',\'Critical\',\'Critical\',\'Critical\',\'Critical\',\'Critical\'), 94, \'51\', \'Yes\', \'ljkl\', \'2024-02-19\')')
 4 SYSTEMPATH\Database\BaseBuilder.php(2309): CodeIgniter\Database\BaseConnection->query('INSERT INTO `SSpecification` (`UserId`, `AnnounceId`, `Item`, `SubComponent`, `Detail`, `Priority`, `SpecId`, `TenderId`, `BiddersOffer`, `Remarks`, `SubmittedDate`) VALUES (:UserId:, :AnnounceId:, :Item:, :SubComponent:, :Detail:, :Priority:, :SpecId:, :TenderId:, :BiddersOffer:, :Remarks:, :SubmittedDate:)', [...], false)
 5 SYSTEMPATH\Model.php(330): CodeIgniter\Database\BaseBuilder->insert()
 6 SYSTEMPATH\BaseModel.php(782): CodeIgniter\Model->doInsert([...])
 7 SYSTEMPATH\Model.php(730): CodeIgniter\BaseModel->insert([...], false)
 8 SYSTEMPATH\BaseModel.php(692): CodeIgniter\Model->insert([...], false)
 9 APPPATH\Controllers\Web.php(355): CodeIgniter\BaseModel->save([...])
10 SYSTEMPATH\CodeIgniter.php(932): App\Controllers\Web->viewtender()
11 SYSTEMPATH\CodeIgniter.php(497): CodeIgniter\CodeIgniter->runController(Object(App\Controllers\Web))
12 SYSTEMPATH\CodeIgniter.php(366): CodeIgniter\CodeIgniter->handleRequest(null, Object(Config\Cache), false)
13 FCPATH\index.php(67): CodeIgniter\CodeIgniter->run()
ERROR - 2024-02-19 15:58:05 --> mysqli_sql_exception: Operand should contain 1 column(s) in C:\xampp\htdocs\IPMS\system\Database\MySQLi\Connection.php:295
Stack trace:
#0 C:\xampp\htdocs\IPMS\system\Database\MySQLi\Connection.php(295): mysqli->query('INSERT INTO `SS...', 0)
#1 C:\xampp\htdocs\IPMS\system\Database\BaseConnection.php(692): CodeIgniter\Database\MySQLi\Connection->execute('INSERT INTO `SS...')
#2 C:\xampp\htdocs\IPMS\system\Database\BaseConnection.php(606): CodeIgniter\Database\BaseConnection->simpleQuery('INSERT INTO `SS...')
#3 C:\xampp\htdocs\IPMS\system\Database\BaseBuilder.php(2309): CodeIgniter\Database\BaseConnection->query('INSERT INTO `SS...', Array, false)
#4 C:\xampp\htdocs\IPMS\system\Model.php(330): CodeIgniter\Database\BaseBuilder->insert()
#5 C:\xampp\htdocs\IPMS\system\BaseModel.php(782): CodeIgniter\Model->doInsert(Array)
#6 C:\xampp\htdocs\IPMS\system\Model.php(730): CodeIgniter\BaseModel->insert(Array, false)
#7 C:\xampp\htdocs\IPMS\system\BaseModel.php(692): CodeIgniter\Model->insert(Array, false)
#8 C:\xampp\htdocs\IPMS\app\Controllers\Web.php(355): CodeIgniter\BaseModel->save(Array)
#9 C:\xampp\htdocs\IPMS\system\CodeIgniter.php(932): App\Controllers\Web->viewtender()
#10 C:\xampp\htdocs\IPMS\system\CodeIgniter.php(497): CodeIgniter\CodeIgniter->runController(Object(App\Controllers\Web))
#11 C:\xampp\htdocs\IPMS\system\CodeIgniter.php(366): CodeIgniter\CodeIgniter->handleRequest(NULL, Object(Config\Cache), false)
#12 C:\xampp\htdocs\IPMS\index.php(67): CodeIgniter\CodeIgniter->run()
#13 {main}
CRITICAL - 2024-02-19 15:58:05 --> Operand should contain 1 column(s)
in SYSTEMPATH\Database\MySQLi\Connection.php on line 295.
 1 SYSTEMPATH\Database\MySQLi\Connection.php(295): mysqli->query('INSERT INTO `SSpecification` (`UserId`, `AnnounceId`, `Item`, `SubComponent`, `Detail`, `Priority`, `SpecId`, `TenderId`, `BiddersOffer`, `Remarks`, `SubmittedDate`) VALUES (\'7\', \'4\', \'51\', (\'Make & Model\',\'Country of manufacture\',\'Year of Manufacture\',\'Wheel Size\',\'Power Supply\',\'Installation time\',\'Waranty\',\'User Manual\',\'Installation\',\'Time taken to install\',\'Traning\'), (\'To be specified by the bidde\',\'To be specified by the bidder\',\'Current Year or within 06 months\',\'10\\\' -20\\\'\',\'220/240 V single phase 50/60 Hz\',\'10-15 seconds\',\'One Year warranty period is required\',\'User Manuals/ Instruction is required\',\'The Installation should be done by the bidder, using all necessary material (Bidders Should submit the clear details of installation)\',\'Should be stated by the bidder\',\'One day or one week free training program is required regarding operating the machine\'), (\'Optional\',\'Optional\',\'Critical\',\'Critical\',\'Critical\',\'Critical\',\'Critical\',\'Critical\',\'Critical\',\'Critical\',\'Critical\'), 94, \'51\', \'Yes\', \'abc\', \'2024-02-19\')', 0)
 2 SYSTEMPATH\Database\BaseConnection.php(692): CodeIgniter\Database\MySQLi\Connection->execute('INSERT INTO `SSpecification` (`UserId`, `AnnounceId`, `Item`, `SubComponent`, `Detail`, `Priority`, `SpecId`, `TenderId`, `BiddersOffer`, `Remarks`, `SubmittedDate`) VALUES (\'7\', \'4\', \'51\', (\'Make & Model\',\'Country of manufacture\',\'Year of Manufacture\',\'Wheel Size\',\'Power Supply\',\'Installation time\',\'Waranty\',\'User Manual\',\'Installation\',\'Time taken to install\',\'Traning\'), (\'To be specified by the bidde\',\'To be specified by the bidder\',\'Current Year or within 06 months\',\'10\\\' -20\\\'\',\'220/240 V single phase 50/60 Hz\',\'10-15 seconds\',\'One Year warranty period is required\',\'User Manuals/ Instruction is required\',\'The Installation should be done by the bidder, using all necessary material (Bidders Should submit the clear details of installation)\',\'Should be stated by the bidder\',\'One day or one week free training program is required regarding operating the machine\'), (\'Optional\',\'Optional\',\'Critical\',\'Critical\',\'Critical\',\'Critical\',\'Critical\',\'Critical\',\'Critical\',\'Critical\',\'Critical\'), 94, \'51\', \'Yes\', \'abc\', \'2024-02-19\')')
 3 SYSTEMPATH\Database\BaseConnection.php(606): CodeIgniter\Database\BaseConnection->simpleQuery('INSERT INTO `SSpecification` (`UserId`, `AnnounceId`, `Item`, `SubComponent`, `Detail`, `Priority`, `SpecId`, `TenderId`, `BiddersOffer`, `Remarks`, `SubmittedDate`) VALUES (\'7\', \'4\', \'51\', (\'Make & Model\',\'Country of manufacture\',\'Year of Manufacture\',\'Wheel Size\',\'Power Supply\',\'Installation time\',\'Waranty\',\'User Manual\',\'Installation\',\'Time taken to install\',\'Traning\'), (\'To be specified by the bidde\',\'To be specified by the bidder\',\'Current Year or within 06 months\',\'10\\\' -20\\\'\',\'220/240 V single phase 50/60 Hz\',\'10-15 seconds\',\'One Year warranty period is required\',\'User Manuals/ Instruction is required\',\'The Installation should be done by the bidder, using all necessary material (Bidders Should submit the clear details of installation)\',\'Should be stated by the bidder\',\'One day or one week free training program is required regarding operating the machine\'), (\'Optional\',\'Optional\',\'Critical\',\'Critical\',\'Critical\',\'Critical\',\'Critical\',\'Critical\',\'Critical\',\'Critical\',\'Critical\'), 94, \'51\', \'Yes\', \'abc\', \'2024-02-19\')')
 4 SYSTEMPATH\Database\BaseBuilder.php(2309): CodeIgniter\Database\BaseConnection->query('INSERT INTO `SSpecification` (`UserId`, `AnnounceId`, `Item`, `SubComponent`, `Detail`, `Priority`, `SpecId`, `TenderId`, `BiddersOffer`, `Remarks`, `SubmittedDate`) VALUES (:UserId:, :AnnounceId:, :Item:, :SubComponent:, :Detail:, :Priority:, :SpecId:, :TenderId:, :BiddersOffer:, :Remarks:, :SubmittedDate:)', [...], false)
 5 SYSTEMPATH\Model.php(330): CodeIgniter\Database\BaseBuilder->insert()
 6 SYSTEMPATH\BaseModel.php(782): CodeIgniter\Model->doInsert([...])
 7 SYSTEMPATH\Model.php(730): CodeIgniter\BaseModel->insert([...], false)
 8 SYSTEMPATH\BaseModel.php(692): CodeIgniter\Model->insert([...], false)
 9 APPPATH\Controllers\Web.php(355): CodeIgniter\BaseModel->save([...])
10 SYSTEMPATH\CodeIgniter.php(932): App\Controllers\Web->viewtender()
11 SYSTEMPATH\CodeIgniter.php(497): CodeIgniter\CodeIgniter->runController(Object(App\Controllers\Web))
12 SYSTEMPATH\CodeIgniter.php(366): CodeIgniter\CodeIgniter->handleRequest(null, Object(Config\Cache), false)
13 FCPATH\index.php(67): CodeIgniter\CodeIgniter->run()
ERROR - 2024-02-19 15:58:32 --> mysqli_sql_exception: Operand should contain 1 column(s) in C:\xampp\htdocs\IPMS\system\Database\MySQLi\Connection.php:295
Stack trace:
#0 C:\xampp\htdocs\IPMS\system\Database\MySQLi\Connection.php(295): mysqli->query('INSERT INTO `SS...', 0)
#1 C:\xampp\htdocs\IPMS\system\Database\BaseConnection.php(692): CodeIgniter\Database\MySQLi\Connection->execute('INSERT INTO `SS...')
#2 C:\xampp\htdocs\IPMS\system\Database\BaseConnection.php(606): CodeIgniter\Database\BaseConnection->simpleQuery('INSERT INTO `SS...')
#3 C:\xampp\htdocs\IPMS\system\Database\BaseBuilder.php(2309): CodeIgniter\Database\BaseConnection->query('INSERT INTO `SS...', Array, false)
#4 C:\xampp\htdocs\IPMS\system\Model.php(330): CodeIgniter\Database\BaseBuilder->insert()
#5 C:\xampp\htdocs\IPMS\system\BaseModel.php(782): CodeIgniter\Model->doInsert(Array)
#6 C:\xampp\htdocs\IPMS\system\Model.php(730): CodeIgniter\BaseModel->insert(Array, false)
#7 C:\xampp\htdocs\IPMS\system\BaseModel.php(692): CodeIgniter\Model->insert(Array, false)
#8 C:\xampp\htdocs\IPMS\app\Controllers\Web.php(355): CodeIgniter\BaseModel->save(Array)
#9 C:\xampp\htdocs\IPMS\system\CodeIgniter.php(932): App\Controllers\Web->viewtender()
#10 C:\xampp\htdocs\IPMS\system\CodeIgniter.php(497): CodeIgniter\CodeIgniter->runController(Object(App\Controllers\Web))
#11 C:\xampp\htdocs\IPMS\system\CodeIgniter.php(366): CodeIgniter\CodeIgniter->handleRequest(NULL, Object(Config\Cache), false)
#12 C:\xampp\htdocs\IPMS\index.php(67): CodeIgniter\CodeIgniter->run()
#13 {main}
CRITICAL - 2024-02-19 15:58:32 --> Operand should contain 1 column(s)
in SYSTEMPATH\Database\MySQLi\Connection.php on line 295.
 1 SYSTEMPATH\Database\MySQLi\Connection.php(295): mysqli->query('INSERT INTO `SSpecification` (`UserId`, `AnnounceId`, `Item`, `SubComponent`, `Detail`, `Priority`, `SpecId`, `TenderId`, `BiddersOffer`, `Remarks`, `SubmittedDate`) VALUES (\'7\', \'4\', \'51\', (\'Make & Model\',\'Country of manufacture\',\'Year of Manufacture\',\'Wheel Size\',\'Power Supply\',\'Installation time\',\'Waranty\',\'User Manual\',\'Installation\',\'Time taken to install\',\'Traning\'), (\'To be specified by the bidde\',\'To be specified by the bidder\',\'Current Year or within 06 months\',\'10\\\' -20\\\'\',\'220/240 V single phase 50/60 Hz\',\'10-15 seconds\',\'One Year warranty period is required\',\'User Manuals/ Instruction is required\',\'The Installation should be done by the bidder, using all necessary material (Bidders Should submit the clear details of installation)\',\'Should be stated by the bidder\',\'One day or one week free training program is required regarding operating the machine\'), (\'Optional\',\'Optional\',\'Critical\',\'Critical\',\'Critical\',\'Critical\',\'Critical\',\'Critical\',\'Critical\',\'Critical\',\'Critical\'), 94, \'51\', \'dsafffff\', \'abc\', \'2024-02-19\')', 0)
 2 SYSTEMPATH\Database\BaseConnection.php(692): CodeIgniter\Database\MySQLi\Connection->execute('INSERT INTO `SSpecification` (`UserId`, `AnnounceId`, `Item`, `SubComponent`, `Detail`, `Priority`, `SpecId`, `TenderId`, `BiddersOffer`, `Remarks`, `SubmittedDate`) VALUES (\'7\', \'4\', \'51\', (\'Make & Model\',\'Country of manufacture\',\'Year of Manufacture\',\'Wheel Size\',\'Power Supply\',\'Installation time\',\'Waranty\',\'User Manual\',\'Installation\',\'Time taken to install\',\'Traning\'), (\'To be specified by the bidde\',\'To be specified by the bidder\',\'Current Year or within 06 months\',\'10\\\' -20\\\'\',\'220/240 V single phase 50/60 Hz\',\'10-15 seconds\',\'One Year warranty period is required\',\'User Manuals/ Instruction is required\',\'The Installation should be done by the bidder, using all necessary material (Bidders Should submit the clear details of installation)\',\'Should be stated by the bidder\',\'One day or one week free training program is required regarding operating the machine\'), (\'Optional\',\'Optional\',\'Critical\',\'Critical\',\'Critical\',\'Critical\',\'Critical\',\'Critical\',\'Critical\',\'Critical\',\'Critical\'), 94, \'51\', \'dsafffff\', \'abc\', \'2024-02-19\')')
 3 SYSTEMPATH\Database\BaseConnection.php(606): CodeIgniter\Database\BaseConnection->simpleQuery('INSERT INTO `SSpecification` (`UserId`, `AnnounceId`, `Item`, `SubComponent`, `Detail`, `Priority`, `SpecId`, `TenderId`, `BiddersOffer`, `Remarks`, `SubmittedDate`) VALUES (\'7\', \'4\', \'51\', (\'Make & Model\',\'Country of manufacture\',\'Year of Manufacture\',\'Wheel Size\',\'Power Supply\',\'Installation time\',\'Waranty\',\'User Manual\',\'Installation\',\'Time taken to install\',\'Traning\'), (\'To be specified by the bidde\',\'To be specified by the bidder\',\'Current Year or within 06 months\',\'10\\\' -20\\\'\',\'220/240 V single phase 50/60 Hz\',\'10-15 seconds\',\'One Year warranty period is required\',\'User Manuals/ Instruction is required\',\'The Installation should be done by the bidder, using all necessary material (Bidders Should submit the clear details of installation)\',\'Should be stated by the bidder\',\'One day or one week free training program is required regarding operating the machine\'), (\'Optional\',\'Optional\',\'Critical\',\'Critical\',\'Critical\',\'Critical\',\'Critical\',\'Critical\',\'Critical\',\'Critical\',\'Critical\'), 94, \'51\', \'dsafffff\', \'abc\', \'2024-02-19\')')
 4 SYSTEMPATH\Database\BaseBuilder.php(2309): CodeIgniter\Database\BaseConnection->query('INSERT INTO `SSpecification` (`UserId`, `AnnounceId`, `Item`, `SubComponent`, `Detail`, `Priority`, `SpecId`, `TenderId`, `BiddersOffer`, `Remarks`, `SubmittedDate`) VALUES (:UserId:, :AnnounceId:, :Item:, :SubComponent:, :Detail:, :Priority:, :SpecId:, :TenderId:, :BiddersOffer:, :Remarks:, :SubmittedDate:)', [...], false)
 5 SYSTEMPATH\Model.php(330): CodeIgniter\Database\BaseBuilder->insert()
 6 SYSTEMPATH\BaseModel.php(782): CodeIgniter\Model->doInsert([...])
 7 SYSTEMPATH\Model.php(730): CodeIgniter\BaseModel->insert([...], false)
 8 SYSTEMPATH\BaseModel.php(692): CodeIgniter\Model->insert([...], false)
 9 APPPATH\Controllers\Web.php(355): CodeIgniter\BaseModel->save([...])
10 SYSTEMPATH\CodeIgniter.php(932): App\Controllers\Web->viewtender()
11 SYSTEMPATH\CodeIgniter.php(497): CodeIgniter\CodeIgniter->runController(Object(App\Controllers\Web))
12 SYSTEMPATH\CodeIgniter.php(366): CodeIgniter\CodeIgniter->handleRequest(null, Object(Config\Cache), false)
13 FCPATH\index.php(67): CodeIgniter\CodeIgniter->run()
ERROR - 2024-02-19 15:58:52 --> mysqli_sql_exception: Operand should contain 1 column(s) in C:\xampp\htdocs\IPMS\system\Database\MySQLi\Connection.php:295
Stack trace:
#0 C:\xampp\htdocs\IPMS\system\Database\MySQLi\Connection.php(295): mysqli->query('INSERT INTO `SS...', 0)
#1 C:\xampp\htdocs\IPMS\system\Database\BaseConnection.php(692): CodeIgniter\Database\MySQLi\Connection->execute('INSERT INTO `SS...')
#2 C:\xampp\htdocs\IPMS\system\Database\BaseConnection.php(606): CodeIgniter\Database\BaseConnection->simpleQuery('INSERT INTO `SS...')
#3 C:\xampp\htdocs\IPMS\system\Database\BaseBuilder.php(2309): CodeIgniter\Database\BaseConnection->query('INSERT INTO `SS...', Array, false)
#4 C:\xampp\htdocs\IPMS\system\Model.php(330): CodeIgniter\Database\BaseBuilder->insert()
#5 C:\xampp\htdocs\IPMS\system\BaseModel.php(782): CodeIgniter\Model->doInsert(Array)
#6 C:\xampp\htdocs\IPMS\system\Model.php(730): CodeIgniter\BaseModel->insert(Array, false)
#7 C:\xampp\htdocs\IPMS\system\BaseModel.php(692): CodeIgniter\Model->insert(Array, false)
#8 C:\xampp\htdocs\IPMS\app\Controllers\Web.php(355): CodeIgniter\BaseModel->save(Array)
#9 C:\xampp\htdocs\IPMS\system\CodeIgniter.php(932): App\Controllers\Web->viewtender()
#10 C:\xampp\htdocs\IPMS\system\CodeIgniter.php(497): CodeIgniter\CodeIgniter->runController(Object(App\Controllers\Web))
#11 C:\xampp\htdocs\IPMS\system\CodeIgniter.php(366): CodeIgniter\CodeIgniter->handleRequest(NULL, Object(Config\Cache), false)
#12 C:\xampp\htdocs\IPMS\index.php(67): CodeIgniter\CodeIgniter->run()
#13 {main}
CRITICAL - 2024-02-19 15:58:52 --> Operand should contain 1 column(s)
in SYSTEMPATH\Database\MySQLi\Connection.php on line 295.
 1 SYSTEMPATH\Database\MySQLi\Connection.php(295): mysqli->query('INSERT INTO `SSpecification` (`UserId`, `AnnounceId`, `Item`, `SubComponent`, `Detail`, `Priority`, `SpecId`, `TenderId`, `BiddersOffer`, `Remarks`, `SubmittedDate`) VALUES (\'7\', \'4\', \'51\', (\'Make & Model\',\'Country of manufacture\',\'Year of Manufacture\',\'Wheel Size\',\'Power Supply\',\'Installation time\',\'Waranty\',\'User Manual\',\'Installation\',\'Time taken to install\',\'Traning\'), (\'To be specified by the bidde\',\'To be specified by the bidder\',\'Current Year or within 06 months\',\'10\\\' -20\\\'\',\'220/240 V single phase 50/60 Hz\',\'10-15 seconds\',\'One Year warranty period is required\',\'User Manuals/ Instruction is required\',\'The Installation should be done by the bidder, using all necessary material (Bidders Should submit the clear details of installation)\',\'Should be stated by the bidder\',\'One day or one week free training program is required regarding operating the machine\'), (\'Optional\',\'Optional\',\'Critical\',\'Critical\',\'Critical\',\'Critical\',\'Critical\',\'Critical\',\'Critical\',\'Critical\',\'Critical\'), \'gfgfsg\', \'51\', \'dsafffff\', \'abc\', \'2024-02-19\')', 0)
 2 SYSTEMPATH\Database\BaseConnection.php(692): CodeIgniter\Database\MySQLi\Connection->execute('INSERT INTO `SSpecification` (`UserId`, `AnnounceId`, `Item`, `SubComponent`, `Detail`, `Priority`, `SpecId`, `TenderId`, `BiddersOffer`, `Remarks`, `SubmittedDate`) VALUES (\'7\', \'4\', \'51\', (\'Make & Model\',\'Country of manufacture\',\'Year of Manufacture\',\'Wheel Size\',\'Power Supply\',\'Installation time\',\'Waranty\',\'User Manual\',\'Installation\',\'Time taken to install\',\'Traning\'), (\'To be specified by the bidde\',\'To be specified by the bidder\',\'Current Year or within 06 months\',\'10\\\' -20\\\'\',\'220/240 V single phase 50/60 Hz\',\'10-15 seconds\',\'One Year warranty period is required\',\'User Manuals/ Instruction is required\',\'The Installation should be done by the bidder, using all necessary material (Bidders Should submit the clear details of installation)\',\'Should be stated by the bidder\',\'One day or one week free training program is required regarding operating the machine\'), (\'Optional\',\'Optional\',\'Critical\',\'Critical\',\'Critical\',\'Critical\',\'Critical\',\'Critical\',\'Critical\',\'Critical\',\'Critical\'), \'gfgfsg\', \'51\', \'dsafffff\', \'abc\', \'2024-02-19\')')
 3 SYSTEMPATH\Database\BaseConnection.php(606): CodeIgniter\Database\BaseConnection->simpleQuery('INSERT INTO `SSpecification` (`UserId`, `AnnounceId`, `Item`, `SubComponent`, `Detail`, `Priority`, `SpecId`, `TenderId`, `BiddersOffer`, `Remarks`, `SubmittedDate`) VALUES (\'7\', \'4\', \'51\', (\'Make & Model\',\'Country of manufacture\',\'Year of Manufacture\',\'Wheel Size\',\'Power Supply\',\'Installation time\',\'Waranty\',\'User Manual\',\'Installation\',\'Time taken to install\',\'Traning\'), (\'To be specified by the bidde\',\'To be specified by the bidder\',\'Current Year or within 06 months\',\'10\\\' -20\\\'\',\'220/240 V single phase 50/60 Hz\',\'10-15 seconds\',\'One Year warranty period is required\',\'User Manuals/ Instruction is required\',\'The Installation should be done by the bidder, using all necessary material (Bidders Should submit the clear details of installation)\',\'Should be stated by the bidder\',\'One day or one week free training program is required regarding operating the machine\'), (\'Optional\',\'Optional\',\'Critical\',\'Critical\',\'Critical\',\'Critical\',\'Critical\',\'Critical\',\'Critical\',\'Critical\',\'Critical\'), \'gfgfsg\', \'51\', \'dsafffff\', \'abc\', \'2024-02-19\')')
 4 SYSTEMPATH\Database\BaseBuilder.php(2309): CodeIgniter\Database\BaseConnection->query('INSERT INTO `SSpecification` (`UserId`, `AnnounceId`, `Item`, `SubComponent`, `Detail`, `Priority`, `SpecId`, `TenderId`, `BiddersOffer`, `Remarks`, `SubmittedDate`) VALUES (:UserId:, :AnnounceId:, :Item:, :SubComponent:, :Detail:, :Priority:, :SpecId:, :TenderId:, :BiddersOffer:, :Remarks:, :SubmittedDate:)', [...], false)
 5 SYSTEMPATH\Model.php(330): CodeIgniter\Database\BaseBuilder->insert()
 6 SYSTEMPATH\BaseModel.php(782): CodeIgniter\Model->doInsert([...])
 7 SYSTEMPATH\Model.php(730): CodeIgniter\BaseModel->insert([...], false)
 8 SYSTEMPATH\BaseModel.php(692): CodeIgniter\Model->insert([...], false)
 9 APPPATH\Controllers\Web.php(355): CodeIgniter\BaseModel->save([...])
10 SYSTEMPATH\CodeIgniter.php(932): App\Controllers\Web->viewtender()
11 SYSTEMPATH\CodeIgniter.php(497): CodeIgniter\CodeIgniter->runController(Object(App\Controllers\Web))
12 SYSTEMPATH\CodeIgniter.php(366): CodeIgniter\CodeIgniter->handleRequest(null, Object(Config\Cache), false)
13 FCPATH\index.php(67): CodeIgniter\CodeIgniter->run()
CRITICAL - 2024-02-19 16:17:01 --> foreach() argument must be of type array|object, null given
in APPPATH\Controllers\Web.php on line 328.
 1 APPPATH\Controllers\Web.php(328): CodeIgniter\Debug\Exceptions->errorHandler(2, 'foreach() argument must be of type array|object, null given', 'C:\\xampp\\htdocs\\IPMS\\app\\Controllers\\Web.php', 328)
 2 SYSTEMPATH\CodeIgniter.php(932): App\Controllers\Web->viewtender()
 3 SYSTEMPATH\CodeIgniter.php(497): CodeIgniter\CodeIgniter->runController(Object(App\Controllers\Web))
 4 SYSTEMPATH\CodeIgniter.php(366): CodeIgniter\CodeIgniter->handleRequest(null, Object(Config\Cache), false)
 5 FCPATH\index.php(67): CodeIgniter\CodeIgniter->run()
CRITICAL - 2024-02-19 16:40:24 --> "isset" is not a valid rule.
in SYSTEMPATH\Validation\Validation.php on line 286.
 1 SYSTEMPATH\Validation\Validation.php(286): CodeIgniter\Validation\Exceptions\ValidationException::forRuleNotFound('isset')
 2 SYSTEMPATH\Validation\Validation.php(182): CodeIgniter\Validation\Validation->processRules('BidSubmissionform', 'PDF File', null, [...], [...])
 3 SYSTEMPATH\Controller.php(141): CodeIgniter\Validation\Validation->run()
 4 APPPATH\Controllers\Web.php(467): CodeIgniter\Controller->validate([...])
 5 SYSTEMPATH\CodeIgniter.php(932): App\Controllers\Web->viewtender()
 6 SYSTEMPATH\CodeIgniter.php(497): CodeIgniter\CodeIgniter->runController(Object(App\Controllers\Web))
 7 SYSTEMPATH\CodeIgniter.php(366): CodeIgniter\CodeIgniter->handleRequest(null, Object(Config\Cache), false)
 8 FCPATH\index.php(67): CodeIgniter\CodeIgniter->run()
CRITICAL - 2024-02-19 16:43:26 --> The original file is not a valid file.
in SYSTEMPATH\HTTP\Files\UploadedFile.php on line 137.
 1 SYSTEMPATH\HTTP\Files\UploadedFile.php(137): CodeIgniter\HTTP\Exceptions\HTTPException::forInvalidFile()
 2 APPPATH\Controllers\Web.php(473): CodeIgniter\HTTP\Files\UploadedFile->move('public/images/uploads2/', '1708361006_d1f753b04583e6a2184f')
 3 SYSTEMPATH\CodeIgniter.php(932): App\Controllers\Web->viewtender()
 4 SYSTEMPATH\CodeIgniter.php(497): CodeIgniter\CodeIgniter->runController(Object(App\Controllers\Web))
 5 SYSTEMPATH\CodeIgniter.php(366): CodeIgniter\CodeIgniter->handleRequest(null, Object(Config\Cache), false)
 6 FCPATH\index.php(67): CodeIgniter\CodeIgniter->run()
CRITICAL - 2024-02-19 16:45:27 --> The original file is not a valid file.
in SYSTEMPATH\HTTP\Files\UploadedFile.php on line 137.
 1 SYSTEMPATH\HTTP\Files\UploadedFile.php(137): CodeIgniter\HTTP\Exceptions\HTTPException::forInvalidFile()
 2 APPPATH\Controllers\Web.php(474): CodeIgniter\HTTP\Files\UploadedFile->move('public/images/uploads2/', '1708361127_c03ca14eb41de5fb739d')
 3 SYSTEMPATH\CodeIgniter.php(932): App\Controllers\Web->viewtender()
 4 SYSTEMPATH\CodeIgniter.php(497): CodeIgniter\CodeIgniter->runController(Object(App\Controllers\Web))
 5 SYSTEMPATH\CodeIgniter.php(366): CodeIgniter\CodeIgniter->handleRequest(null, Object(Config\Cache), false)
 6 FCPATH\index.php(67): CodeIgniter\CodeIgniter->run()
CRITICAL - 2024-02-19 16:46:16 --> The original file is not a valid file.
in SYSTEMPATH\HTTP\Files\UploadedFile.php on line 137.
 1 SYSTEMPATH\HTTP\Files\UploadedFile.php(137): CodeIgniter\HTTP\Exceptions\HTTPException::forInvalidFile()
 2 APPPATH\Controllers\Web.php(474): CodeIgniter\HTTP\Files\UploadedFile->move('public/images/uploads2/', '1708361176_8f3675b9071bde18aa18')
 3 SYSTEMPATH\CodeIgniter.php(932): App\Controllers\Web->viewtender()
 4 SYSTEMPATH\CodeIgniter.php(497): CodeIgniter\CodeIgniter->runController(Object(App\Controllers\Web))
 5 SYSTEMPATH\CodeIgniter.php(366): CodeIgniter\CodeIgniter->handleRequest(null, Object(Config\Cache), false)
 6 FCPATH\index.php(67): CodeIgniter\CodeIgniter->run()
CRITICAL - 2024-02-19 16:47:24 --> Cannot use object of type CodeIgniter\HTTP\Files\UploadedFile as array
in APPPATH\Controllers\Web.php on line 472.
 1 SYSTEMPATH\CodeIgniter.php(932): App\Controllers\Web->viewtender()
 2 SYSTEMPATH\CodeIgniter.php(497): CodeIgniter\CodeIgniter->runController(Object(App\Controllers\Web))
 3 SYSTEMPATH\CodeIgniter.php(366): CodeIgniter\CodeIgniter->handleRequest(null, Object(Config\Cache), false)
 4 FCPATH\index.php(67): CodeIgniter\CodeIgniter->run()
CRITICAL - 2024-02-19 16:48:33 --> Cannot use object of type CodeIgniter\HTTP\Files\UploadedFile as array
in APPPATH\Controllers\Web.php on line 472.
 1 SYSTEMPATH\CodeIgniter.php(932): App\Controllers\Web->viewtender()
 2 SYSTEMPATH\CodeIgniter.php(497): CodeIgniter\CodeIgniter->runController(Object(App\Controllers\Web))
 3 SYSTEMPATH\CodeIgniter.php(366): CodeIgniter\CodeIgniter->handleRequest(null, Object(Config\Cache), false)
 4 FCPATH\index.php(67): CodeIgniter\CodeIgniter->run()
CRITICAL - 2024-02-19 16:54:28 --> Cannot access protected property CodeIgniter\HTTP\Files\UploadedFile::$name
in APPPATH\Controllers\Web.php on line 472.
 1 SYSTEMPATH\CodeIgniter.php(932): App\Controllers\Web->viewtender()
 2 SYSTEMPATH\CodeIgniter.php(497): CodeIgniter\CodeIgniter->runController(Object(App\Controllers\Web))
 3 SYSTEMPATH\CodeIgniter.php(366): CodeIgniter\CodeIgniter->handleRequest(null, Object(Config\Cache), false)
 4 FCPATH\index.php(67): CodeIgniter\CodeIgniter->run()
CRITICAL - 2024-02-19 17:06:16 --> Undefined variable $rules1
in APPPATH\Controllers\Web.php on line 458.
 1 APPPATH\Controllers\Web.php(458): CodeIgniter\Debug\Exceptions->errorHandler(2, 'Undefined variable $rules1', 'C:\\xampp\\htdocs\\IPMS\\app\\Controllers\\Web.php', 458)
 2 SYSTEMPATH\CodeIgniter.php(932): App\Controllers\Web->viewtender()
 3 SYSTEMPATH\CodeIgniter.php(497): CodeIgniter\CodeIgniter->runController(Object(App\Controllers\Web))
 4 SYSTEMPATH\CodeIgniter.php(366): CodeIgniter\CodeIgniter->handleRequest(null, Object(Config\Cache), false)
 5 FCPATH\index.php(67): CodeIgniter\CodeIgniter->run()
CRITICAL - 2024-02-19 18:47:17 --> Undefined array key "Itemname"
in APPPATH\Views\sys\BidEvaluation\TECEvaluation.php on line 222.
 1 APPPATH\Views\sys\BidEvaluation\TECEvaluation.php(222): CodeIgniter\Debug\Exceptions->errorHandler(2, 'Undefined array key "Itemname"', 'C:\\xampp\\htdocs\\IPMS\\app\\Views\\sys\\BidEvaluation\\TECEvaluation.php', 222)
 2 SYSTEMPATH\View\View.php(224): include('C:\\xampp\\htdocs\\IPMS\\app\\Views\\sys\\BidEvaluation\\TECEvaluation.php')
 3 SYSTEMPATH\View\View.php(227): CodeIgniter\View\View->CodeIgniter\View\{closure}()
 4 SYSTEMPATH\Common.php(1176): CodeIgniter\View\View->render('sys/BidEvaluation/TECEvaluation', [], true)
 5 APPPATH\Controllers\BidEvaluation.php(221): view('sys/BidEvaluation/TECEvaluation', [...])
 6 SYSTEMPATH\CodeIgniter.php(932): App\Controllers\BidEvaluation->TECEvaluation('51')
 7 SYSTEMPATH\CodeIgniter.php(497): CodeIgniter\CodeIgniter->runController(Object(App\Controllers\BidEvaluation))
 8 SYSTEMPATH\CodeIgniter.php(366): CodeIgniter\CodeIgniter->handleRequest(null, Object(Config\Cache), false)
 9 FCPATH\index.php(67): CodeIgniter\CodeIgniter->run()
CRITICAL - 2024-02-19 18:47:25 --> Undefined array key "Itemname"
in APPPATH\Views\sys\BidEvaluation\TECEvaluation.php on line 222.
 1 APPPATH\Views\sys\BidEvaluation\TECEvaluation.php(222): CodeIgniter\Debug\Exceptions->errorHandler(2, 'Undefined array key "Itemname"', 'C:\\xampp\\htdocs\\IPMS\\app\\Views\\sys\\BidEvaluation\\TECEvaluation.php', 222)
 2 SYSTEMPATH\View\View.php(224): include('C:\\xampp\\htdocs\\IPMS\\app\\Views\\sys\\BidEvaluation\\TECEvaluation.php')
 3 SYSTEMPATH\View\View.php(227): CodeIgniter\View\View->CodeIgniter\View\{closure}()
 4 SYSTEMPATH\Common.php(1176): CodeIgniter\View\View->render('sys/BidEvaluation/TECEvaluation', [], true)
 5 APPPATH\Controllers\BidEvaluation.php(221): view('sys/BidEvaluation/TECEvaluation', [...])
 6 SYSTEMPATH\CodeIgniter.php(932): App\Controllers\BidEvaluation->TECEvaluation('51')
 7 SYSTEMPATH\CodeIgniter.php(497): CodeIgniter\CodeIgniter->runController(Object(App\Controllers\BidEvaluation))
 8 SYSTEMPATH\CodeIgniter.php(366): CodeIgniter\CodeIgniter->handleRequest(null, Object(Config\Cache), false)
 9 FCPATH\index.php(67): CodeIgniter\CodeIgniter->run()
CRITICAL - 2024-02-19 18:50:15 --> Undefined array key "Itemname"
in APPPATH\Views\sys\BidEvaluation\TECEvaluation.php on line 222.
 1 APPPATH\Views\sys\BidEvaluation\TECEvaluation.php(222): CodeIgniter\Debug\Exceptions->errorHandler(2, 'Undefined array key "Itemname"', 'C:\\xampp\\htdocs\\IPMS\\app\\Views\\sys\\BidEvaluation\\TECEvaluation.php', 222)
 2 SYSTEMPATH\View\View.php(224): include('C:\\xampp\\htdocs\\IPMS\\app\\Views\\sys\\BidEvaluation\\TECEvaluation.php')
 3 SYSTEMPATH\View\View.php(227): CodeIgniter\View\View->CodeIgniter\View\{closure}()
 4 SYSTEMPATH\Common.php(1176): CodeIgniter\View\View->render('sys/BidEvaluation/TECEvaluation', [], true)
 5 APPPATH\Controllers\BidEvaluation.php(221): view('sys/BidEvaluation/TECEvaluation', [...])
 6 SYSTEMPATH\CodeIgniter.php(932): App\Controllers\BidEvaluation->TECEvaluation('51')
 7 SYSTEMPATH\CodeIgniter.php(497): CodeIgniter\CodeIgniter->runController(Object(App\Controllers\BidEvaluation))
 8 SYSTEMPATH\CodeIgniter.php(366): CodeIgniter\CodeIgniter->handleRequest(null, Object(Config\Cache), false)
 9 FCPATH\index.php(67): CodeIgniter\CodeIgniter->run()
CRITICAL - 2024-02-19 18:50:20 --> Undefined array key "Itemname"
in APPPATH\Views\sys\BidEvaluation\TECEvaluation.php on line 222.
 1 APPPATH\Views\sys\BidEvaluation\TECEvaluation.php(222): CodeIgniter\Debug\Exceptions->errorHandler(2, 'Undefined array key "Itemname"', 'C:\\xampp\\htdocs\\IPMS\\app\\Views\\sys\\BidEvaluation\\TECEvaluation.php', 222)
 2 SYSTEMPATH\View\View.php(224): include('C:\\xampp\\htdocs\\IPMS\\app\\Views\\sys\\BidEvaluation\\TECEvaluation.php')
 3 SYSTEMPATH\View\View.php(227): CodeIgniter\View\View->CodeIgniter\View\{closure}()
 4 SYSTEMPATH\Common.php(1176): CodeIgniter\View\View->render('sys/BidEvaluation/TECEvaluation', [], true)
 5 APPPATH\Controllers\BidEvaluation.php(221): view('sys/BidEvaluation/TECEvaluation', [...])
 6 SYSTEMPATH\CodeIgniter.php(932): App\Controllers\BidEvaluation->TECEvaluation('51')
 7 SYSTEMPATH\CodeIgniter.php(497): CodeIgniter\CodeIgniter->runController(Object(App\Controllers\BidEvaluation))
 8 SYSTEMPATH\CodeIgniter.php(366): CodeIgniter\CodeIgniter->handleRequest(null, Object(Config\Cache), false)
 9 FCPATH\index.php(67): CodeIgniter\CodeIgniter->run()
