ERROR - 2024-02-05 04:30:39 --> mysqli_sql_exception: Unknown column 'Designation' in 'where clause' in C:\xampp\htdocs\IPMS\system\Database\MySQLi\Connection.php:295
Stack trace:
#0 C:\xampp\htdocs\IPMS\system\Database\MySQLi\Connection.php(295): mysqli->query('SELECT *\nFROM `...', 0)
#1 C:\xampp\htdocs\IPMS\system\Database\BaseConnection.php(692): CodeIgniter\Database\MySQLi\Connection->execute('SELECT *\nFROM `...')
#2 C:\xampp\htdocs\IPMS\system\Database\BaseConnection.php(606): CodeIgniter\Database\BaseConnection->simpleQuery('SELECT *\nFROM `...')
#3 C:\xampp\htdocs\IPMS\system\Database\BaseBuilder.php(1616): CodeIgniter\Database\BaseConnection->query('SELECT *\nFROM `...', Array, false)
#4 C:\xampp\htdocs\IPMS\system\Model.php(241): CodeIgniter\Database\BaseBuilder->get()
#5 C:\xampp\htdocs\IPMS\system\BaseModel.php(618): CodeIgniter\Model->doFindAll(0, 0)
#6 C:\xampp\htdocs\IPMS\app\Controllers\division.php(67): CodeIgniter\BaseModel->findAll()
#7 C:\xampp\htdocs\IPMS\system\CodeIgniter.php(932): App\Controllers\division->viewCamp()
#8 C:\xampp\htdocs\IPMS\system\CodeIgniter.php(497): CodeIgniter\CodeIgniter->runController(Object(App\Controllers\division))
#9 C:\xampp\htdocs\IPMS\system\CodeIgniter.php(366): CodeIgniter\CodeIgniter->handleRequest(NULL, Object(Config\Cache), false)
#10 C:\xampp\htdocs\IPMS\index.php(67): CodeIgniter\CodeIgniter->run()
#11 {main}
CRITICAL - 2024-02-05 04:30:39 --> Unknown column 'Designation' in 'where clause'
in SYSTEMPATH\Database\MySQLi\Connection.php on line 295.
 1 SYSTEMPATH\Database\MySQLi\Connection.php(295): mysqli->query('SELECT *
FROM `camp`
WHERE `Designation` = \'Gonahena\'', 0)
 2 SYSTEMPATH\Database\BaseConnection.php(692): CodeIgniter\Database\MySQLi\Connection->execute('SELECT *
FROM `camp`
WHERE `Designation` = \'Gonahena\'')
 3 SYSTEMPATH\Database\BaseConnection.php(606): CodeIgniter\Database\BaseConnection->simpleQuery('SELECT *
FROM `camp`
WHERE `Designation` = \'Gonahena\'')
 4 SYSTEMPATH\Database\BaseBuilder.php(1616): CodeIgniter\Database\BaseConnection->query('SELECT *
FROM `camp`
WHERE `Designation` = :Designation:', [...], false)
 5 SYSTEMPATH\Model.php(241): CodeIgniter\Database\BaseBuilder->get()
 6 SYSTEMPATH\BaseModel.php(618): CodeIgniter\Model->doFindAll(0, 0)
 7 APPPATH\Controllers\division.php(67): CodeIgniter\BaseModel->findAll()
 8 SYSTEMPATH\CodeIgniter.php(932): App\Controllers\division->viewCamp()
 9 SYSTEMPATH\CodeIgniter.php(497): CodeIgniter\CodeIgniter->runController(Object(App\Controllers\division))
10 SYSTEMPATH\CodeIgniter.php(366): CodeIgniter\CodeIgniter->handleRequest(null, Object(Config\Cache), false)
11 FCPATH\index.php(67): CodeIgniter\CodeIgniter->run()
CRITICAL - 2024-02-05 07:18:20 --> Trying to access array offset on value of type null
in APPPATH\Views\sys\tender\addItem.php on line 34.
 1 APPPATH\Views\sys\tender\addItem.php(34): CodeIgniter\Debug\Exceptions->errorHandler(2, 'Trying to access array offset on value of type null', 'C:\\xampp\\htdocs\\IPMS\\app\\Views\\sys\\tender\\addItem.php', 34)
 2 SYSTEMPATH\View\View.php(224): include('C:\\xampp\\htdocs\\IPMS\\app\\Views\\sys\\tender\\addItem.php')
 3 SYSTEMPATH\View\View.php(227): CodeIgniter\View\View->CodeIgniter\View\{closure}()
 4 SYSTEMPATH\Common.php(1176): CodeIgniter\View\View->render('sys/tender/addItem', [], true)
 5 APPPATH\Controllers\Tender.php(166): view('sys/tender/addItem', [...])
 6 SYSTEMPATH\CodeIgniter.php(932): App\Controllers\Tender->addItem('assets', 'img', 'messages-1.jpg')
 7 SYSTEMPATH\CodeIgniter.php(497): CodeIgniter\CodeIgniter->runController(Object(App\Controllers\Tender))
 8 SYSTEMPATH\CodeIgniter.php(366): CodeIgniter\CodeIgniter->handleRequest(null, Object(Config\Cache), false)
 9 FCPATH\index.php(67): CodeIgniter\CodeIgniter->run()
CRITICAL - 2024-02-05 07:19:58 --> Trying to access array offset on value of type null
in APPPATH\Views\sys\tender\addItem.php on line 34.
 1 APPPATH\Views\sys\tender\addItem.php(34): CodeIgniter\Debug\Exceptions->errorHandler(2, 'Trying to access array offset on value of type null', 'C:\\xampp\\htdocs\\IPMS\\app\\Views\\sys\\tender\\addItem.php', 34)
 2 SYSTEMPATH\View\View.php(224): include('C:\\xampp\\htdocs\\IPMS\\app\\Views\\sys\\tender\\addItem.php')
 3 SYSTEMPATH\View\View.php(227): CodeIgniter\View\View->CodeIgniter\View\{closure}()
 4 SYSTEMPATH\Common.php(1176): CodeIgniter\View\View->render('sys/tender/addItem', [], true)
 5 APPPATH\Controllers\Tender.php(166): view('sys/tender/addItem', [...])
 6 SYSTEMPATH\CodeIgniter.php(932): App\Controllers\Tender->addItem('assets', 'img', 'messages-1.jpg')
 7 SYSTEMPATH\CodeIgniter.php(497): CodeIgniter\CodeIgniter->runController(Object(App\Controllers\Tender))
 8 SYSTEMPATH\CodeIgniter.php(366): CodeIgniter\CodeIgniter->handleRequest(null, Object(Config\Cache), false)
 9 FCPATH\index.php(67): CodeIgniter\CodeIgniter->run()
CRITICAL - 2024-02-05 14:34:12 --> Undefined variable $camp_list
in APPPATH\Views\sys\itemrequest\viewReq.php on line 74.
 1 APPPATH\Views\sys\itemrequest\viewReq.php(74): CodeIgniter\Debug\Exceptions->errorHandler(2, 'Undefined variable $camp_list', 'C:\\xampp\\htdocs\\IPMS\\app\\Views\\sys\\itemrequest\\viewReq.php', 74)
 2 SYSTEMPATH\View\View.php(224): include('C:\\xampp\\htdocs\\IPMS\\app\\Views\\sys\\itemrequest\\viewReq.php')
 3 SYSTEMPATH\View\View.php(227): CodeIgniter\View\View->CodeIgniter\View\{closure}()
 4 SYSTEMPATH\Common.php(1176): CodeIgniter\View\View->render('sys/itemRequest/viewReq', [], true)
 5 APPPATH\Controllers\ItemRequest.php(194): view('sys/itemRequest/viewReq', [...])
 6 SYSTEMPATH\CodeIgniter.php(932): App\Controllers\ItemRequest->updateItemrequeststatus()
 7 SYSTEMPATH\CodeIgniter.php(497): CodeIgniter\CodeIgniter->runController(Object(App\Controllers\ItemRequest))
 8 SYSTEMPATH\CodeIgniter.php(366): CodeIgniter\CodeIgniter->handleRequest(null, Object(Config\Cache), false)
 9 FCPATH\index.php(67): CodeIgniter\CodeIgniter->run()
CRITICAL - 2024-02-05 14:35:36 --> Undefined variable $camp_list
in APPPATH\Views\sys\itemrequest\viewReq.php on line 74.
 1 APPPATH\Views\sys\itemrequest\viewReq.php(74): CodeIgniter\Debug\Exceptions->errorHandler(2, 'Undefined variable $camp_list', 'C:\\xampp\\htdocs\\IPMS\\app\\Views\\sys\\itemrequest\\viewReq.php', 74)
 2 SYSTEMPATH\View\View.php(224): include('C:\\xampp\\htdocs\\IPMS\\app\\Views\\sys\\itemrequest\\viewReq.php')
 3 SYSTEMPATH\View\View.php(227): CodeIgniter\View\View->CodeIgniter\View\{closure}()
 4 SYSTEMPATH\Common.php(1176): CodeIgniter\View\View->render('sys/itemRequest/viewReq', [], true)
 5 APPPATH\Controllers\ItemRequest.php(196): view('sys/itemRequest/viewReq', [...])
 6 SYSTEMPATH\CodeIgniter.php(932): App\Controllers\ItemRequest->updateItemrequeststatus()
 7 SYSTEMPATH\CodeIgniter.php(497): CodeIgniter\CodeIgniter->runController(Object(App\Controllers\ItemRequest))
 8 SYSTEMPATH\CodeIgniter.php(366): CodeIgniter\CodeIgniter->handleRequest(null, Object(Config\Cache), false)
 9 FCPATH\index.php(67): CodeIgniter\CodeIgniter->run()
CRITICAL - 2024-02-05 14:39:08 --> Undefined variable $camp_list
in APPPATH\Views\sys\itemrequest\viewReq.php on line 74.
 1 APPPATH\Views\sys\itemrequest\viewReq.php(74): CodeIgniter\Debug\Exceptions->errorHandler(2, 'Undefined variable $camp_list', 'C:\\xampp\\htdocs\\IPMS\\app\\Views\\sys\\itemrequest\\viewReq.php', 74)
 2 SYSTEMPATH\View\View.php(224): include('C:\\xampp\\htdocs\\IPMS\\app\\Views\\sys\\itemrequest\\viewReq.php')
 3 SYSTEMPATH\View\View.php(227): CodeIgniter\View\View->CodeIgniter\View\{closure}()
 4 SYSTEMPATH\Common.php(1176): CodeIgniter\View\View->render('sys/itemRequest/viewReq', [], true)
 5 APPPATH\Controllers\ItemRequest.php(197): view('sys/itemRequest/viewReq', [...])
 6 SYSTEMPATH\CodeIgniter.php(932): App\Controllers\ItemRequest->updateItemrequeststatus()
 7 SYSTEMPATH\CodeIgniter.php(497): CodeIgniter\CodeIgniter->runController(Object(App\Controllers\ItemRequest))
 8 SYSTEMPATH\CodeIgniter.php(366): CodeIgniter\CodeIgniter->handleRequest(null, Object(Config\Cache), false)
 9 FCPATH\index.php(67): CodeIgniter\CodeIgniter->run()
CRITICAL - 2024-02-05 14:39:19 --> Undefined variable $camp_list
in APPPATH\Views\sys\itemrequest\viewReq.php on line 74.
 1 APPPATH\Views\sys\itemrequest\viewReq.php(74): CodeIgniter\Debug\Exceptions->errorHandler(2, 'Undefined variable $camp_list', 'C:\\xampp\\htdocs\\IPMS\\app\\Views\\sys\\itemrequest\\viewReq.php', 74)
 2 SYSTEMPATH\View\View.php(224): include('C:\\xampp\\htdocs\\IPMS\\app\\Views\\sys\\itemrequest\\viewReq.php')
 3 SYSTEMPATH\View\View.php(227): CodeIgniter\View\View->CodeIgniter\View\{closure}()
 4 SYSTEMPATH\Common.php(1176): CodeIgniter\View\View->render('sys/itemRequest/viewReq', [], true)
 5 APPPATH\Controllers\ItemRequest.php(197): view('sys/itemRequest/viewReq', [...])
 6 SYSTEMPATH\CodeIgniter.php(932): App\Controllers\ItemRequest->updateItemrequeststatus()
 7 SYSTEMPATH\CodeIgniter.php(497): CodeIgniter\CodeIgniter->runController(Object(App\Controllers\ItemRequest))
 8 SYSTEMPATH\CodeIgniter.php(366): CodeIgniter\CodeIgniter->handleRequest(null, Object(Config\Cache), false)
 9 FCPATH\index.php(67): CodeIgniter\CodeIgniter->run()
CRITICAL - 2024-02-05 14:41:56 --> Undefined variable $camp_list
in APPPATH\Views\sys\itemrequest\viewReq.php on line 75.
 1 APPPATH\Views\sys\itemrequest\viewReq.php(75): CodeIgniter\Debug\Exceptions->errorHandler(2, 'Undefined variable $camp_list', 'C:\\xampp\\htdocs\\IPMS\\app\\Views\\sys\\itemrequest\\viewReq.php', 75)
 2 SYSTEMPATH\View\View.php(224): include('C:\\xampp\\htdocs\\IPMS\\app\\Views\\sys\\itemrequest\\viewReq.php')
 3 SYSTEMPATH\View\View.php(227): CodeIgniter\View\View->CodeIgniter\View\{closure}()
 4 SYSTEMPATH\Common.php(1176): CodeIgniter\View\View->render('sys/itemRequest/viewReq', [], true)
 5 APPPATH\Controllers\ItemRequest.php(198): view('sys/itemRequest/viewReq', [...])
 6 SYSTEMPATH\CodeIgniter.php(932): App\Controllers\ItemRequest->updateItemrequeststatus()
 7 SYSTEMPATH\CodeIgniter.php(497): CodeIgniter\CodeIgniter->runController(Object(App\Controllers\ItemRequest))
 8 SYSTEMPATH\CodeIgniter.php(366): CodeIgniter\CodeIgniter->handleRequest(null, Object(Config\Cache), false)
 9 FCPATH\index.php(67): CodeIgniter\CodeIgniter->run()
CRITICAL - 2024-02-05 14:42:18 --> Undefined variable $camp_list
in APPPATH\Views\sys\itemrequest\viewReq.php on line 75.
 1 APPPATH\Views\sys\itemrequest\viewReq.php(75): CodeIgniter\Debug\Exceptions->errorHandler(2, 'Undefined variable $camp_list', 'C:\\xampp\\htdocs\\IPMS\\app\\Views\\sys\\itemrequest\\viewReq.php', 75)
 2 SYSTEMPATH\View\View.php(224): include('C:\\xampp\\htdocs\\IPMS\\app\\Views\\sys\\itemrequest\\viewReq.php')
 3 SYSTEMPATH\View\View.php(227): CodeIgniter\View\View->CodeIgniter\View\{closure}()
 4 SYSTEMPATH\Common.php(1176): CodeIgniter\View\View->render('sys/itemRequest/viewReq', [], true)
 5 APPPATH\Controllers\ItemRequest.php(198): view('sys/itemRequest/viewReq', [...])
 6 SYSTEMPATH\CodeIgniter.php(932): App\Controllers\ItemRequest->updateItemrequeststatus()
 7 SYSTEMPATH\CodeIgniter.php(497): CodeIgniter\CodeIgniter->runController(Object(App\Controllers\ItemRequest))
 8 SYSTEMPATH\CodeIgniter.php(366): CodeIgniter\CodeIgniter->handleRequest(null, Object(Config\Cache), false)
 9 FCPATH\index.php(67): CodeIgniter\CodeIgniter->run()
CRITICAL - 2024-02-05 14:48:30 --> Undefined variable $camp_list
in APPPATH\Views\sys\itemrequest\viewReq.php on line 74.
 1 APPPATH\Views\sys\itemrequest\viewReq.php(74): CodeIgniter\Debug\Exceptions->errorHandler(2, 'Undefined variable $camp_list', 'C:\\xampp\\htdocs\\IPMS\\app\\Views\\sys\\itemrequest\\viewReq.php', 74)
 2 SYSTEMPATH\View\View.php(224): include('C:\\xampp\\htdocs\\IPMS\\app\\Views\\sys\\itemrequest\\viewReq.php')
 3 SYSTEMPATH\View\View.php(227): CodeIgniter\View\View->CodeIgniter\View\{closure}()
 4 SYSTEMPATH\Common.php(1176): CodeIgniter\View\View->render('sys/itemrequest/viewReq', [], true)
 5 APPPATH\Controllers\ItemRequest.php(71): view('sys/itemrequest/viewReq', [...])
 6 SYSTEMPATH\CodeIgniter.php(932): App\Controllers\ItemRequest->viewReq()
 7 SYSTEMPATH\CodeIgniter.php(497): CodeIgniter\CodeIgniter->runController(Object(App\Controllers\ItemRequest))
 8 SYSTEMPATH\CodeIgniter.php(366): CodeIgniter\CodeIgniter->handleRequest(null, Object(Config\Cache), false)
 9 FCPATH\index.php(67): CodeIgniter\CodeIgniter->run()
CRITICAL - 2024-02-05 15:57:38 --> Invalid file: "sys/menu_.php"
in SYSTEMPATH\Exceptions\FrameworkException.php on line 33.
 1 SYSTEMPATH\View\View.php(212): CodeIgniter\Exceptions\FrameworkException::forInvalidFile('sys/menu_.php')
 2 SYSTEMPATH\Common.php(1176): CodeIgniter\View\View->render('sys/menu_', [], true)
 3 APPPATH\Controllers\Sys.php(27): view('sys/menu_')
 4 SYSTEMPATH\CodeIgniter.php(932): App\Controllers\Sys->dashboard()
 5 SYSTEMPATH\CodeIgniter.php(497): CodeIgniter\CodeIgniter->runController(Object(App\Controllers\Sys))
 6 SYSTEMPATH\CodeIgniter.php(366): CodeIgniter\CodeIgniter->handleRequest(null, Object(Config\Cache), false)
 7 FCPATH\index.php(67): CodeIgniter\CodeIgniter->run()
