CRITICAL - 2024-03-01 12:58:11 --> Undefined variable $result
in APPPATH\Views\sys\itemrequest\viewItem.php on line 81.
 1 APPPATH\Views\sys\itemrequest\viewItem.php(81): CodeIgniter\Debug\Exceptions->errorHandler(2, 'Undefined variable $result', 'C:\\xampp\\htdocs\\IPMS\\app\\Views\\sys\\itemrequest\\viewItem.php', 81)
 2 SYSTEMPATH\View\View.php(224): include('C:\\xampp\\htdocs\\IPMS\\app\\Views\\sys\\itemrequest\\viewItem.php')
 3 SYSTEMPATH\View\View.php(227): CodeIgniter\View\View->CodeIgniter\View\{closure}()
 4 SYSTEMPATH\Common.php(1176): CodeIgniter\View\View->render('sys/itemrequest/viewItem', [], true)
 5 APPPATH\Controllers\ItemRequest.php(154): view('sys/itemrequest/viewItem', [...])
 6 SYSTEMPATH\CodeIgniter.php(932): App\Controllers\ItemRequest->viewItem('assets', 'img', 'messages-1.jpg')
 7 SYSTEMPATH\CodeIgniter.php(497): CodeIgniter\CodeIgniter->runController(Object(App\Controllers\ItemRequest))
 8 SYSTEMPATH\CodeIgniter.php(366): CodeIgniter\CodeIgniter->handleRequest(null, Object(Config\Cache), false)
 9 FCPATH\index.php(67): CodeIgniter\CodeIgniter->run()
CRITICAL - 2024-03-01 13:00:44 --> Undefined variable $result
in APPPATH\Views\sys\tender\viewmore.php on line 117.
 1 APPPATH\Views\sys\tender\viewmore.php(117): CodeIgniter\Debug\Exceptions->errorHandler(2, 'Undefined variable $result', 'C:\\xampp\\htdocs\\IPMS\\app\\Views\\sys\\tender\\viewmore.php', 117)
 2 SYSTEMPATH\View\View.php(224): include('C:\\xampp\\htdocs\\IPMS\\app\\Views\\sys\\tender\\viewmore.php')
 3 SYSTEMPATH\View\View.php(227): CodeIgniter\View\View->CodeIgniter\View\{closure}()
 4 SYSTEMPATH\Common.php(1176): CodeIgniter\View\View->render('sys/tender/viewmore', [], true)
 5 APPPATH\Controllers\Tender.php(273): view('sys/tender/viewmore', [...])
 6 SYSTEMPATH\CodeIgniter.php(932): App\Controllers\Tender->viewmore('assets', 'img', 'messages-1.jpg')
 7 SYSTEMPATH\CodeIgniter.php(497): CodeIgniter\CodeIgniter->runController(Object(App\Controllers\Tender))
 8 SYSTEMPATH\CodeIgniter.php(366): CodeIgniter\CodeIgniter->handleRequest(null, Object(Config\Cache), false)
 9 FCPATH\index.php(67): CodeIgniter\CodeIgniter->run()
CRITICAL - 2024-03-01 13:04:51 --> Undefined variable $result
in APPPATH\Views\sys\DOCEvaluation\DTECevaluation.php on line 121.
 1 APPPATH\Views\sys\DOCEvaluation\DTECevaluation.php(121): CodeIgniter\Debug\Exceptions->errorHandler(2, 'Undefined variable $result', 'C:\\xampp\\htdocs\\IPMS\\app\\Views\\sys\\DOCEvaluation\\DTECevaluation.php', 121)
 2 SYSTEMPATH\View\View.php(224): include('C:\\xampp\\htdocs\\IPMS\\app\\Views\\sys\\DOCEvaluation\\DTECevaluation.php')
 3 SYSTEMPATH\View\View.php(227): CodeIgniter\View\View->CodeIgniter\View\{closure}()
 4 SYSTEMPATH\Common.php(1176): CodeIgniter\View\View->render('sys/DOCEvaluation/DTECevaluation', [], true)
 5 APPPATH\Controllers\DOCEvaluation.php(139): view('sys/DOCEvaluation/DTECevaluation', [...])
 6 SYSTEMPATH\CodeIgniter.php(932): App\Controllers\DOCEvaluation->DTECevaluation('assets', 'img', 'messages-1.jpg')
 7 SYSTEMPATH\CodeIgniter.php(497): CodeIgniter\CodeIgniter->runController(Object(App\Controllers\DOCEvaluation))
 8 SYSTEMPATH\CodeIgniter.php(366): CodeIgniter\CodeIgniter->handleRequest(null, Object(Config\Cache), false)
 9 FCPATH\index.php(67): CodeIgniter\CodeIgniter->run()
CRITICAL - 2024-03-01 13:05:04 --> Undefined variable $result
in APPPATH\Views\sys\DOCEvaluation\DTECevaluation.php on line 121.
 1 APPPATH\Views\sys\DOCEvaluation\DTECevaluation.php(121): CodeIgniter\Debug\Exceptions->errorHandler(2, 'Undefined variable $result', 'C:\\xampp\\htdocs\\IPMS\\app\\Views\\sys\\DOCEvaluation\\DTECevaluation.php', 121)
 2 SYSTEMPATH\View\View.php(224): include('C:\\xampp\\htdocs\\IPMS\\app\\Views\\sys\\DOCEvaluation\\DTECevaluation.php')
 3 SYSTEMPATH\View\View.php(227): CodeIgniter\View\View->CodeIgniter\View\{closure}()
 4 SYSTEMPATH\Common.php(1176): CodeIgniter\View\View->render('sys/DOCEvaluation/DTECevaluation', [], true)
 5 APPPATH\Controllers\DOCEvaluation.php(139): view('sys/DOCEvaluation/DTECevaluation', [...])
 6 SYSTEMPATH\CodeIgniter.php(932): App\Controllers\DOCEvaluation->DTECevaluation('assets', 'img', 'messages-1.jpg')
 7 SYSTEMPATH\CodeIgniter.php(497): CodeIgniter\CodeIgniter->runController(Object(App\Controllers\DOCEvaluation))
 8 SYSTEMPATH\CodeIgniter.php(366): CodeIgniter\CodeIgniter->handleRequest(null, Object(Config\Cache), false)
 9 FCPATH\index.php(67): CodeIgniter\CodeIgniter->run()
CRITICAL - 2024-03-01 13:05:32 --> Trying to access array offset on value of type null
in APPPATH\Views\sys\tender\createSpec.php on line 38.
 1 APPPATH\Views\sys\tender\createSpec.php(38): CodeIgniter\Debug\Exceptions->errorHandler(2, 'Trying to access array offset on value of type null', 'C:\\xampp\\htdocs\\IPMS\\app\\Views\\sys\\tender\\createSpec.php', 38)
 2 SYSTEMPATH\View\View.php(224): include('C:\\xampp\\htdocs\\IPMS\\app\\Views\\sys\\tender\\createSpec.php')
 3 SYSTEMPATH\View\View.php(227): CodeIgniter\View\View->CodeIgniter\View\{closure}()
 4 SYSTEMPATH\Common.php(1176): CodeIgniter\View\View->render('sys/tender/createSpec', [], true)
 5 APPPATH\Controllers\Tender.php(224): view('sys/tender/createSpec', [...])
 6 SYSTEMPATH\CodeIgniter.php(932): App\Controllers\Tender->createSpec('assets', 'img', 'messages-1.jpg')
 7 SYSTEMPATH\CodeIgniter.php(497): CodeIgniter\CodeIgniter->runController(Object(App\Controllers\Tender))
 8 SYSTEMPATH\CodeIgniter.php(366): CodeIgniter\CodeIgniter->handleRequest(null, Object(Config\Cache), false)
 9 FCPATH\index.php(67): CodeIgniter\CodeIgniter->run()
CRITICAL - 2024-03-01 13:05:58 --> Undefined variable $result
in APPPATH\Views\sys\DOCEvaluation\DTECevaluation.php on line 121.
 1 APPPATH\Views\sys\DOCEvaluation\DTECevaluation.php(121): CodeIgniter\Debug\Exceptions->errorHandler(2, 'Undefined variable $result', 'C:\\xampp\\htdocs\\IPMS\\app\\Views\\sys\\DOCEvaluation\\DTECevaluation.php', 121)
 2 SYSTEMPATH\View\View.php(224): include('C:\\xampp\\htdocs\\IPMS\\app\\Views\\sys\\DOCEvaluation\\DTECevaluation.php')
 3 SYSTEMPATH\View\View.php(227): CodeIgniter\View\View->CodeIgniter\View\{closure}()
 4 SYSTEMPATH\Common.php(1176): CodeIgniter\View\View->render('sys/DOCEvaluation/DTECevaluation', [], true)
 5 APPPATH\Controllers\DOCEvaluation.php(139): view('sys/DOCEvaluation/DTECevaluation', [...])
 6 SYSTEMPATH\CodeIgniter.php(932): App\Controllers\DOCEvaluation->DTECevaluation('assets', 'img', 'messages-1.jpg')
 7 SYSTEMPATH\CodeIgniter.php(497): CodeIgniter\CodeIgniter->runController(Object(App\Controllers\DOCEvaluation))
 8 SYSTEMPATH\CodeIgniter.php(366): CodeIgniter\CodeIgniter->handleRequest(null, Object(Config\Cache), false)
 9 FCPATH\index.php(67): CodeIgniter\CodeIgniter->run()
CRITICAL - 2024-03-01 13:06:40 --> Trying to access array offset on value of type null
in APPPATH\Views\sys\tender\createcostestimate.php on line 40.
 1 APPPATH\Views\sys\tender\createcostestimate.php(40): CodeIgniter\Debug\Exceptions->errorHandler(2, 'Trying to access array offset on value of type null', 'C:\\xampp\\htdocs\\IPMS\\app\\Views\\sys\\tender\\createcostestimate.php', 40)
 2 SYSTEMPATH\View\View.php(224): include('C:\\xampp\\htdocs\\IPMS\\app\\Views\\sys\\tender\\createcostestimate.php')
 3 SYSTEMPATH\View\View.php(227): CodeIgniter\View\View->CodeIgniter\View\{closure}()
 4 SYSTEMPATH\Common.php(1176): CodeIgniter\View\View->render('sys/tender/createcostestimate', [], true)
 5 APPPATH\Controllers\Tender.php(417): view('sys/tender/createcostestimate', [...])
 6 SYSTEMPATH\CodeIgniter.php(932): App\Controllers\Tender->createcostestimate('assets', 'img', 'messages-1.jpg')
 7 SYSTEMPATH\CodeIgniter.php(497): CodeIgniter\CodeIgniter->runController(Object(App\Controllers\Tender))
 8 SYSTEMPATH\CodeIgniter.php(366): CodeIgniter\CodeIgniter->handleRequest(null, Object(Config\Cache), false)
 9 FCPATH\index.php(67): CodeIgniter\CodeIgniter->run()
CRITICAL - 2024-03-01 13:07:08 --> Undefined variable $result
in APPPATH\Views\sys\DOCEvaluation\DTECevaluation.php on line 121.
 1 APPPATH\Views\sys\DOCEvaluation\DTECevaluation.php(121): CodeIgniter\Debug\Exceptions->errorHandler(2, 'Undefined variable $result', 'C:\\xampp\\htdocs\\IPMS\\app\\Views\\sys\\DOCEvaluation\\DTECevaluation.php', 121)
 2 SYSTEMPATH\View\View.php(224): include('C:\\xampp\\htdocs\\IPMS\\app\\Views\\sys\\DOCEvaluation\\DTECevaluation.php')
 3 SYSTEMPATH\View\View.php(227): CodeIgniter\View\View->CodeIgniter\View\{closure}()
 4 SYSTEMPATH\Common.php(1176): CodeIgniter\View\View->render('sys/DOCEvaluation/DTECevaluation', [], true)
 5 APPPATH\Controllers\DOCEvaluation.php(139): view('sys/DOCEvaluation/DTECevaluation', [...])
 6 SYSTEMPATH\CodeIgniter.php(932): App\Controllers\DOCEvaluation->DTECevaluation('assets', 'img', 'messages-1.jpg')
 7 SYSTEMPATH\CodeIgniter.php(497): CodeIgniter\CodeIgniter->runController(Object(App\Controllers\DOCEvaluation))
 8 SYSTEMPATH\CodeIgniter.php(366): CodeIgniter\CodeIgniter->handleRequest(null, Object(Config\Cache), false)
 9 FCPATH\index.php(67): CodeIgniter\CodeIgniter->run()
CRITICAL - 2024-03-01 13:07:16 --> Trying to access array offset on value of type null
in APPPATH\Views\sys\tender\createSpec.php on line 38.
 1 APPPATH\Views\sys\tender\createSpec.php(38): CodeIgniter\Debug\Exceptions->errorHandler(2, 'Trying to access array offset on value of type null', 'C:\\xampp\\htdocs\\IPMS\\app\\Views\\sys\\tender\\createSpec.php', 38)
 2 SYSTEMPATH\View\View.php(224): include('C:\\xampp\\htdocs\\IPMS\\app\\Views\\sys\\tender\\createSpec.php')
 3 SYSTEMPATH\View\View.php(227): CodeIgniter\View\View->CodeIgniter\View\{closure}()
 4 SYSTEMPATH\Common.php(1176): CodeIgniter\View\View->render('sys/tender/createSpec', [], true)
 5 APPPATH\Controllers\Tender.php(224): view('sys/tender/createSpec', [...])
 6 SYSTEMPATH\CodeIgniter.php(932): App\Controllers\Tender->createSpec('assets', 'img', 'messages-1.jpg')
 7 SYSTEMPATH\CodeIgniter.php(497): CodeIgniter\CodeIgniter->runController(Object(App\Controllers\Tender))
 8 SYSTEMPATH\CodeIgniter.php(366): CodeIgniter\CodeIgniter->handleRequest(null, Object(Config\Cache), false)
 9 FCPATH\index.php(67): CodeIgniter\CodeIgniter->run()
CRITICAL - 2024-03-01 13:07:30 --> Undefined variable $result
in APPPATH\Views\sys\DOCEvaluation\DTECevaluation.php on line 121.
 1 APPPATH\Views\sys\DOCEvaluation\DTECevaluation.php(121): CodeIgniter\Debug\Exceptions->errorHandler(2, 'Undefined variable $result', 'C:\\xampp\\htdocs\\IPMS\\app\\Views\\sys\\DOCEvaluation\\DTECevaluation.php', 121)
 2 SYSTEMPATH\View\View.php(224): include('C:\\xampp\\htdocs\\IPMS\\app\\Views\\sys\\DOCEvaluation\\DTECevaluation.php')
 3 SYSTEMPATH\View\View.php(227): CodeIgniter\View\View->CodeIgniter\View\{closure}()
 4 SYSTEMPATH\Common.php(1176): CodeIgniter\View\View->render('sys/DOCEvaluation/DTECevaluation', [], true)
 5 APPPATH\Controllers\DOCEvaluation.php(139): view('sys/DOCEvaluation/DTECevaluation', [...])
 6 SYSTEMPATH\CodeIgniter.php(932): App\Controllers\DOCEvaluation->DTECevaluation('assets', 'img', 'messages-1.jpg')
 7 SYSTEMPATH\CodeIgniter.php(497): CodeIgniter\CodeIgniter->runController(Object(App\Controllers\DOCEvaluation))
 8 SYSTEMPATH\CodeIgniter.php(366): CodeIgniter\CodeIgniter->handleRequest(null, Object(Config\Cache), false)
 9 FCPATH\index.php(67): CodeIgniter\CodeIgniter->run()
CRITICAL - 2024-03-01 13:33:38 --> Undefined variable $results
in APPPATH\Views\sys\BidEvaluation\viewSpecdetails.php on line 72.
 1 APPPATH\Views\sys\BidEvaluation\viewSpecdetails.php(72): CodeIgniter\Debug\Exceptions->errorHandler(2, 'Undefined variable $results', 'C:\\xampp\\htdocs\\IPMS\\app\\Views\\sys\\BidEvaluation\\viewSpecdetails.php', 72)
 2 SYSTEMPATH\View\View.php(224): include('C:\\xampp\\htdocs\\IPMS\\app\\Views\\sys\\BidEvaluation\\viewSpecdetails.php')
 3 SYSTEMPATH\View\View.php(227): CodeIgniter\View\View->CodeIgniter\View\{closure}()
 4 SYSTEMPATH\Common.php(1176): CodeIgniter\View\View->render('sys/BidEvaluation/viewSpecdetails', [], true)
 5 APPPATH\Controllers\BidEvaluation.php(699): view('sys/BidEvaluation/viewSpecdetails', [...])
 6 SYSTEMPATH\CodeIgniter.php(932): App\Controllers\BidEvaluation->viewSpecdetails('1', 'assets', 'img', 'messages-1.jpg')
 7 SYSTEMPATH\CodeIgniter.php(497): CodeIgniter\CodeIgniter->runController(Object(App\Controllers\BidEvaluation))
 8 SYSTEMPATH\CodeIgniter.php(366): CodeIgniter\CodeIgniter->handleRequest(null, Object(Config\Cache), false)
 9 FCPATH\index.php(67): CodeIgniter\CodeIgniter->run()
CRITICAL - 2024-03-01 14:41:33 --> Undefined variable $results
in APPPATH\Views\sys\BidEvaluation\viewSpecdetails.php on line 72.
 1 APPPATH\Views\sys\BidEvaluation\viewSpecdetails.php(72): CodeIgniter\Debug\Exceptions->errorHandler(2, 'Undefined variable $results', 'C:\\xampp\\htdocs\\IPMS\\app\\Views\\sys\\BidEvaluation\\viewSpecdetails.php', 72)
 2 SYSTEMPATH\View\View.php(224): include('C:\\xampp\\htdocs\\IPMS\\app\\Views\\sys\\BidEvaluation\\viewSpecdetails.php')
 3 SYSTEMPATH\View\View.php(227): CodeIgniter\View\View->CodeIgniter\View\{closure}()
 4 SYSTEMPATH\Common.php(1176): CodeIgniter\View\View->render('sys/BidEvaluation/viewSpecdetails', [], true)
 5 APPPATH\Controllers\BidEvaluation.php(699): view('sys/BidEvaluation/viewSpecdetails', [...])
 6 SYSTEMPATH\CodeIgniter.php(932): App\Controllers\BidEvaluation->viewSpecdetails('1', 'assets', 'img', 'messages-1.jpg')
 7 SYSTEMPATH\CodeIgniter.php(497): CodeIgniter\CodeIgniter->runController(Object(App\Controllers\BidEvaluation))
 8 SYSTEMPATH\CodeIgniter.php(366): CodeIgniter\CodeIgniter->handleRequest(null, Object(Config\Cache), false)
 9 FCPATH\index.php(67): CodeIgniter\CodeIgniter->run()
CRITICAL - 2024-03-01 15:21:39 --> Undefined array key "VendorID"
in APPPATH\Views\sys\BidEvaluation\TECEvaluation.php on line 264.
 1 APPPATH\Views\sys\BidEvaluation\TECEvaluation.php(264): CodeIgniter\Debug\Exceptions->errorHandler(2, 'Undefined array key "VendorID"', 'C:\\xampp\\htdocs\\IPMS\\app\\Views\\sys\\BidEvaluation\\TECEvaluation.php', 264)
 2 SYSTEMPATH\View\View.php(224): include('C:\\xampp\\htdocs\\IPMS\\app\\Views\\sys\\BidEvaluation\\TECEvaluation.php')
 3 SYSTEMPATH\View\View.php(227): CodeIgniter\View\View->CodeIgniter\View\{closure}()
 4 SYSTEMPATH\Common.php(1176): CodeIgniter\View\View->render('sys/BidEvaluation/TECEvaluation', [], true)
 5 APPPATH\Controllers\BidEvaluation.php(495): view('sys/BidEvaluation/TECEvaluation', [...])
 6 SYSTEMPATH\CodeIgniter.php(932): App\Controllers\BidEvaluation->TECEvaluation('51')
 7 SYSTEMPATH\CodeIgniter.php(497): CodeIgniter\CodeIgniter->runController(Object(App\Controllers\BidEvaluation))
 8 SYSTEMPATH\CodeIgniter.php(366): CodeIgniter\CodeIgniter->handleRequest(null, Object(Config\Cache), false)
 9 FCPATH\index.php(67): CodeIgniter\CodeIgniter->run()
CRITICAL - 2024-03-01 15:21:42 --> Undefined array key "VendorID"
in APPPATH\Views\sys\BidEvaluation\TECEvaluation.php on line 264.
 1 APPPATH\Views\sys\BidEvaluation\TECEvaluation.php(264): CodeIgniter\Debug\Exceptions->errorHandler(2, 'Undefined array key "VendorID"', 'C:\\xampp\\htdocs\\IPMS\\app\\Views\\sys\\BidEvaluation\\TECEvaluation.php', 264)
 2 SYSTEMPATH\View\View.php(224): include('C:\\xampp\\htdocs\\IPMS\\app\\Views\\sys\\BidEvaluation\\TECEvaluation.php')
 3 SYSTEMPATH\View\View.php(227): CodeIgniter\View\View->CodeIgniter\View\{closure}()
 4 SYSTEMPATH\Common.php(1176): CodeIgniter\View\View->render('sys/BidEvaluation/TECEvaluation', [], true)
 5 APPPATH\Controllers\BidEvaluation.php(495): view('sys/BidEvaluation/TECEvaluation', [...])
 6 SYSTEMPATH\CodeIgniter.php(932): App\Controllers\BidEvaluation->TECEvaluation('assets', null, 'messages-1.jpg')
 7 SYSTEMPATH\CodeIgniter.php(497): CodeIgniter\CodeIgniter->runController(Object(App\Controllers\BidEvaluation))
 8 SYSTEMPATH\CodeIgniter.php(366): CodeIgniter\CodeIgniter->handleRequest(null, Object(Config\Cache), false)
 9 FCPATH\index.php(67): CodeIgniter\CodeIgniter->run()
CRITICAL - 2024-03-01 15:48:27 --> Undefined variable $results
in APPPATH\Views\sys\BidEvaluation\viewSpecdetails.php on line 72.
 1 APPPATH\Views\sys\BidEvaluation\viewSpecdetails.php(72): CodeIgniter\Debug\Exceptions->errorHandler(2, 'Undefined variable $results', 'C:\\xampp\\htdocs\\IPMS\\app\\Views\\sys\\BidEvaluation\\viewSpecdetails.php', 72)
 2 SYSTEMPATH\View\View.php(224): include('C:\\xampp\\htdocs\\IPMS\\app\\Views\\sys\\BidEvaluation\\viewSpecdetails.php')
 3 SYSTEMPATH\View\View.php(227): CodeIgniter\View\View->CodeIgniter\View\{closure}()
 4 SYSTEMPATH\Common.php(1176): CodeIgniter\View\View->render('sys/BidEvaluation/viewSpecdetails', [], true)
 5 APPPATH\Controllers\BidEvaluation.php(700): view('sys/BidEvaluation/viewSpecdetails', [...])
 6 SYSTEMPATH\CodeIgniter.php(932): App\Controllers\BidEvaluation->viewSpecdetails('1', 'assets', 'img', 'messages-1.jpg')
 7 SYSTEMPATH\CodeIgniter.php(497): CodeIgniter\CodeIgniter->runController(Object(App\Controllers\BidEvaluation))
 8 SYSTEMPATH\CodeIgniter.php(366): CodeIgniter\CodeIgniter->handleRequest(null, Object(Config\Cache), false)
 9 FCPATH\index.php(67): CodeIgniter\CodeIgniter->run()
CRITICAL - 2024-03-01 16:01:58 --> Object of class App\Controllers\Tender could not be converted to string
in APPPATH\Controllers\Tender.php on line 31.
 1 SYSTEMPATH\CodeIgniter.php(932): App\Controllers\Tender->create()
 2 SYSTEMPATH\CodeIgniter.php(497): CodeIgniter\CodeIgniter->runController(Object(App\Controllers\Tender))
 3 SYSTEMPATH\CodeIgniter.php(366): CodeIgniter\CodeIgniter->handleRequest(null, Object(Config\Cache), false)
 4 FCPATH\index.php(67): CodeIgniter\CodeIgniter->run()
CRITICAL - 2024-03-01 16:06:15 --> Object of class App\Controllers\Tender could not be converted to string
in APPPATH\Controllers\Tender.php on line 31.
 1 SYSTEMPATH\CodeIgniter.php(932): App\Controllers\Tender->create()
 2 SYSTEMPATH\CodeIgniter.php(497): CodeIgniter\CodeIgniter->runController(Object(App\Controllers\Tender))
 3 SYSTEMPATH\CodeIgniter.php(366): CodeIgniter\CodeIgniter->handleRequest(null, Object(Config\Cache), false)
 4 FCPATH\index.php(67): CodeIgniter\CodeIgniter->run()
CRITICAL - 2024-03-01 16:07:11 --> Undefined variable $RequestId
in APPPATH\Views\sys\tender\create.php on line 30.
 1 APPPATH\Views\sys\tender\create.php(30): CodeIgniter\Debug\Exceptions->errorHandler(2, 'Undefined variable $RequestId', 'C:\\xampp\\htdocs\\IPMS\\app\\Views\\sys\\tender\\create.php', 30)
 2 SYSTEMPATH\View\View.php(224): include('C:\\xampp\\htdocs\\IPMS\\app\\Views\\sys\\tender\\create.php')
 3 SYSTEMPATH\View\View.php(227): CodeIgniter\View\View->CodeIgniter\View\{closure}()
 4 SYSTEMPATH\Common.php(1176): CodeIgniter\View\View->render('sys/tender/create', [], true)
 5 APPPATH\Controllers\Tender.php(80): view('sys/tender/create', [...])
 6 SYSTEMPATH\CodeIgniter.php(932): App\Controllers\Tender->create()
 7 SYSTEMPATH\CodeIgniter.php(497): CodeIgniter\CodeIgniter->runController(Object(App\Controllers\Tender))
 8 SYSTEMPATH\CodeIgniter.php(366): CodeIgniter\CodeIgniter->handleRequest(null, Object(Config\Cache), false)
 9 FCPATH\index.php(67): CodeIgniter\CodeIgniter->run()
CRITICAL - 2024-03-01 16:10:52 --> Undefined variable $TenderId
in APPPATH\Controllers\Tender.php on line 75.
 1 APPPATH\Controllers\Tender.php(75): CodeIgniter\Debug\Exceptions->errorHandler(2, 'Undefined variable $TenderId', 'C:\\xampp\\htdocs\\IPMS\\app\\Controllers\\Tender.php', 75)
 2 SYSTEMPATH\CodeIgniter.php(932): App\Controllers\Tender->create()
 3 SYSTEMPATH\CodeIgniter.php(497): CodeIgniter\CodeIgniter->runController(Object(App\Controllers\Tender))
 4 SYSTEMPATH\CodeIgniter.php(366): CodeIgniter\CodeIgniter->handleRequest(null, Object(Config\Cache), false)
 5 FCPATH\index.php(67): CodeIgniter\CodeIgniter->run()
CRITICAL - 2024-03-01 16:12:14 --> Undefined variable $TenderId
in APPPATH\Controllers\Tender.php on line 75.
 1 APPPATH\Controllers\Tender.php(75): CodeIgniter\Debug\Exceptions->errorHandler(2, 'Undefined variable $TenderId', 'C:\\xampp\\htdocs\\IPMS\\app\\Controllers\\Tender.php', 75)
 2 SYSTEMPATH\CodeIgniter.php(932): App\Controllers\Tender->create()
 3 SYSTEMPATH\CodeIgniter.php(497): CodeIgniter\CodeIgniter->runController(Object(App\Controllers\Tender))
 4 SYSTEMPATH\CodeIgniter.php(366): CodeIgniter\CodeIgniter->handleRequest(null, Object(Config\Cache), false)
 5 FCPATH\index.php(67): CodeIgniter\CodeIgniter->run()
CRITICAL - 2024-03-01 16:23:07 --> Undefined variable $requestIds
in APPPATH\Controllers\Tender.php on line 168.
 1 APPPATH\Controllers\Tender.php(168): CodeIgniter\Debug\Exceptions->errorHandler(2, 'Undefined variable $requestIds', 'C:\\xampp\\htdocs\\IPMS\\app\\Controllers\\Tender.php', 168)
 2 APPPATH\Controllers\Tender.php(75): App\Controllers\Tender->addItem(55)
 3 SYSTEMPATH\CodeIgniter.php(932): App\Controllers\Tender->create()
 4 SYSTEMPATH\CodeIgniter.php(497): CodeIgniter\CodeIgniter->runController(Object(App\Controllers\Tender))
 5 SYSTEMPATH\CodeIgniter.php(366): CodeIgniter\CodeIgniter->handleRequest(null, Object(Config\Cache), false)
 6 FCPATH\index.php(67): CodeIgniter\CodeIgniter->run()
