CRITICAL - 2024-03-07 17:44:35 --> "Fanalysis" is not a valid rule.
in SYSTEMPATH\Validation\Validation.php on line 286.
 1 SYSTEMPATH\Validation\Validation.php(286): CodeIgniter\Validation\Exceptions\ValidationException::forRuleNotFound('Fanalysis')
 2 SYSTEMPATH\Validation\Validation.php(182): CodeIgniter\Validation\Validation->processRules('Fanalysis', 'TenderId', 'fsd', [...], [...])
 3 SYSTEMPATH\Controller.php(141): CodeIgniter\Validation\Validation->run()
 4 APPPATH\Controllers\BidEvaluation.php(494): CodeIgniter\Controller->validate([...])
 5 SYSTEMPATH\CodeIgniter.php(932): App\Controllers\BidEvaluation->TECEvaluation()
 6 SYSTEMPATH\CodeIgniter.php(497): CodeIgniter\CodeIgniter->runController(Object(App\Controllers\BidEvaluation))
 7 SYSTEMPATH\CodeIgniter.php(366): CodeIgniter\CodeIgniter->handleRequest(null, Object(Config\Cache), false)
 8 FCPATH\index.php(67): CodeIgniter\CodeIgniter->run()
CRITICAL - 2024-03-07 17:49:27 --> Undefined array key "TenderId"
in APPPATH\Views\sys\BidEvaluation\TECEvaluation.php on line 274.
 1 APPPATH\Views\sys\BidEvaluation\TECEvaluation.php(274): CodeIgniter\Debug\Exceptions->errorHandler(2, 'Undefined array key "TenderId"', 'C:\\xampp\\htdocs\\IPMS\\app\\Views\\sys\\BidEvaluation\\TECEvaluation.php', 274)
 2 SYSTEMPATH\View\View.php(224): include('C:\\xampp\\htdocs\\IPMS\\app\\Views\\sys\\BidEvaluation\\TECEvaluation.php')
 3 SYSTEMPATH\View\View.php(227): CodeIgniter\View\View->CodeIgniter\View\{closure}()
 4 SYSTEMPATH\Common.php(1176): CodeIgniter\View\View->render('sys/BidEvaluation/TECEvaluation', [], true)
 5 APPPATH\Controllers\BidEvaluation.php(519): view('sys/BidEvaluation/TECEvaluation', [...])
 6 SYSTEMPATH\CodeIgniter.php(932): App\Controllers\BidEvaluation->TECEvaluation('51')
 7 SYSTEMPATH\CodeIgniter.php(497): CodeIgniter\CodeIgniter->runController(Object(App\Controllers\BidEvaluation))
 8 SYSTEMPATH\CodeIgniter.php(366): CodeIgniter\CodeIgniter->handleRequest(null, Object(Config\Cache), false)
 9 FCPATH\index.php(67): CodeIgniter\CodeIgniter->run()
CRITICAL - 2024-03-07 17:49:39 --> Undefined array key "TenderId"
in APPPATH\Views\sys\BidEvaluation\TECEvaluation.php on line 274.
 1 APPPATH\Views\sys\BidEvaluation\TECEvaluation.php(274): CodeIgniter\Debug\Exceptions->errorHandler(2, 'Undefined array key "TenderId"', 'C:\\xampp\\htdocs\\IPMS\\app\\Views\\sys\\BidEvaluation\\TECEvaluation.php', 274)
 2 SYSTEMPATH\View\View.php(224): include('C:\\xampp\\htdocs\\IPMS\\app\\Views\\sys\\BidEvaluation\\TECEvaluation.php')
 3 SYSTEMPATH\View\View.php(227): CodeIgniter\View\View->CodeIgniter\View\{closure}()
 4 SYSTEMPATH\Common.php(1176): CodeIgniter\View\View->render('sys/BidEvaluation/TECEvaluation', [], true)
 5 APPPATH\Controllers\BidEvaluation.php(519): view('sys/BidEvaluation/TECEvaluation', [...])
 6 SYSTEMPATH\CodeIgniter.php(932): App\Controllers\BidEvaluation->TECEvaluation('51')
 7 SYSTEMPATH\CodeIgniter.php(497): CodeIgniter\CodeIgniter->runController(Object(App\Controllers\BidEvaluation))
 8 SYSTEMPATH\CodeIgniter.php(366): CodeIgniter\CodeIgniter->handleRequest(null, Object(Config\Cache), false)
 9 FCPATH\index.php(67): CodeIgniter\CodeIgniter->run()
CRITICAL - 2024-03-07 17:55:38 --> Undefined array key "marks"
in APPPATH\Views\sys\Procurement\viewTenderapproval.php on line 430.
 1 APPPATH\Views\sys\Procurement\viewTenderapproval.php(430): CodeIgniter\Debug\Exceptions->errorHandler(2, 'Undefined array key "marks"', 'C:\\xampp\\htdocs\\IPMS\\app\\Views\\sys\\Procurement\\viewTenderapproval.php', 430)
 2 SYSTEMPATH\View\View.php(224): include('C:\\xampp\\htdocs\\IPMS\\app\\Views\\sys\\Procurement\\viewTenderapproval.php')
 3 SYSTEMPATH\View\View.php(227): CodeIgniter\View\View->CodeIgniter\View\{closure}()
 4 SYSTEMPATH\Common.php(1176): CodeIgniter\View\View->render('sys/Procurement/viewTenderapproval', [], true)
 5 APPPATH\Controllers\Procurement.php(196): view('sys/Procurement/viewTenderapproval', [...])
 6 SYSTEMPATH\CodeIgniter.php(932): App\Controllers\Procurement->viewTenderapproval('51')
 7 SYSTEMPATH\CodeIgniter.php(497): CodeIgniter\CodeIgniter->runController(Object(App\Controllers\Procurement))
 8 SYSTEMPATH\CodeIgniter.php(366): CodeIgniter\CodeIgniter->handleRequest(null, Object(Config\Cache), false)
 9 FCPATH\index.php(67): CodeIgniter\CodeIgniter->run()
CRITICAL - 2024-03-07 18:01:36 --> Undefined variable $marks
in APPPATH\Views\sys\Procurement\viewTenderapproval.php on line 440.
 1 APPPATH\Views\sys\Procurement\viewTenderapproval.php(440): CodeIgniter\Debug\Exceptions->errorHandler(2, 'Undefined variable $marks', 'C:\\xampp\\htdocs\\IPMS\\app\\Views\\sys\\Procurement\\viewTenderapproval.php', 440)
 2 SYSTEMPATH\View\View.php(224): include('C:\\xampp\\htdocs\\IPMS\\app\\Views\\sys\\Procurement\\viewTenderapproval.php')
 3 SYSTEMPATH\View\View.php(227): CodeIgniter\View\View->CodeIgniter\View\{closure}()
 4 SYSTEMPATH\Common.php(1176): CodeIgniter\View\View->render('sys/Procurement/viewTenderapproval', [], true)
 5 APPPATH\Controllers\Procurement.php(196): view('sys/Procurement/viewTenderapproval', [...])
 6 SYSTEMPATH\CodeIgniter.php(932): App\Controllers\Procurement->viewTenderapproval('51')
 7 SYSTEMPATH\CodeIgniter.php(497): CodeIgniter\CodeIgniter->runController(Object(App\Controllers\Procurement))
 8 SYSTEMPATH\CodeIgniter.php(366): CodeIgniter\CodeIgniter->handleRequest(null, Object(Config\Cache), false)
 9 FCPATH\index.php(67): CodeIgniter\CodeIgniter->run()
CRITICAL - 2024-03-07 18:01:36 --> Undefined variable $listz
in APPPATH\Views\sys\Procurement\viewTenderapproval.php on line 459.
 1 APPPATH\Views\sys\Procurement\viewTenderapproval.php(459): CodeIgniter\Debug\Exceptions->errorHandler(2, 'Undefined variable $listz', 'C:\\xampp\\htdocs\\IPMS\\app\\Views\\sys\\Procurement\\viewTenderapproval.php', 459)
 2 SYSTEMPATH\View\View.php(224): include('C:\\xampp\\htdocs\\IPMS\\app\\Views\\sys\\Procurement\\viewTenderapproval.php')
 3 SYSTEMPATH\View\View.php(227): CodeIgniter\View\View->CodeIgniter\View\{closure}()
 4 SYSTEMPATH\Common.php(1176): CodeIgniter\View\View->render('sys/Procurement/viewTenderapproval', [], true)
 5 APPPATH\Controllers\Procurement.php(196): view('sys/Procurement/viewTenderapproval', [...])
 6 SYSTEMPATH\CodeIgniter.php(932): App\Controllers\Procurement->viewTenderapproval('assets', '12', 'messages-1.jpg')
 7 SYSTEMPATH\CodeIgniter.php(497): CodeIgniter\CodeIgniter->runController(Object(App\Controllers\Procurement))
 8 SYSTEMPATH\CodeIgniter.php(366): CodeIgniter\CodeIgniter->handleRequest(null, Object(Config\Cache), false)
 9 FCPATH\index.php(67): CodeIgniter\CodeIgniter->run()
CRITICAL - 2024-03-07 18:02:24 --> Undefined variable $listz
in APPPATH\Views\sys\Procurement\viewTenderapproval.php on line 459.
 1 APPPATH\Views\sys\Procurement\viewTenderapproval.php(459): CodeIgniter\Debug\Exceptions->errorHandler(2, 'Undefined variable $listz', 'C:\\xampp\\htdocs\\IPMS\\app\\Views\\sys\\Procurement\\viewTenderapproval.php', 459)
 2 SYSTEMPATH\View\View.php(224): include('C:\\xampp\\htdocs\\IPMS\\app\\Views\\sys\\Procurement\\viewTenderapproval.php')
 3 SYSTEMPATH\View\View.php(227): CodeIgniter\View\View->CodeIgniter\View\{closure}()
 4 SYSTEMPATH\Common.php(1176): CodeIgniter\View\View->render('sys/Procurement/viewTenderapproval', [], true)
 5 APPPATH\Controllers\Procurement.php(197): view('sys/Procurement/viewTenderapproval', [...])
 6 SYSTEMPATH\CodeIgniter.php(932): App\Controllers\Procurement->viewTenderapproval('51')
 7 SYSTEMPATH\CodeIgniter.php(497): CodeIgniter\CodeIgniter->runController(Object(App\Controllers\Procurement))
 8 SYSTEMPATH\CodeIgniter.php(366): CodeIgniter\CodeIgniter->handleRequest(null, Object(Config\Cache), false)
 9 FCPATH\index.php(67): CodeIgniter\CodeIgniter->run()
CRITICAL - 2024-03-07 18:02:24 --> Undefined variable $listz
in APPPATH\Views\sys\Procurement\viewTenderapproval.php on line 459.
 1 APPPATH\Views\sys\Procurement\viewTenderapproval.php(459): CodeIgniter\Debug\Exceptions->errorHandler(2, 'Undefined variable $listz', 'C:\\xampp\\htdocs\\IPMS\\app\\Views\\sys\\Procurement\\viewTenderapproval.php', 459)
 2 SYSTEMPATH\View\View.php(224): include('C:\\xampp\\htdocs\\IPMS\\app\\Views\\sys\\Procurement\\viewTenderapproval.php')
 3 SYSTEMPATH\View\View.php(227): CodeIgniter\View\View->CodeIgniter\View\{closure}()
 4 SYSTEMPATH\Common.php(1176): CodeIgniter\View\View->render('sys/Procurement/viewTenderapproval', [], true)
 5 APPPATH\Controllers\Procurement.php(197): view('sys/Procurement/viewTenderapproval', [...])
 6 SYSTEMPATH\CodeIgniter.php(932): App\Controllers\Procurement->viewTenderapproval('assets', '12', 'messages-1.jpg')
 7 SYSTEMPATH\CodeIgniter.php(497): CodeIgniter\CodeIgniter->runController(Object(App\Controllers\Procurement))
 8 SYSTEMPATH\CodeIgniter.php(366): CodeIgniter\CodeIgniter->handleRequest(null, Object(Config\Cache), false)
 9 FCPATH\index.php(67): CodeIgniter\CodeIgniter->run()
CRITICAL - 2024-03-07 18:03:06 --> Undefined variable $listv
in APPPATH\Views\sys\Procurement\viewTenderapproval.php on line 478.
 1 APPPATH\Views\sys\Procurement\viewTenderapproval.php(478): CodeIgniter\Debug\Exceptions->errorHandler(2, 'Undefined variable $listv', 'C:\\xampp\\htdocs\\IPMS\\app\\Views\\sys\\Procurement\\viewTenderapproval.php', 478)
 2 SYSTEMPATH\View\View.php(224): include('C:\\xampp\\htdocs\\IPMS\\app\\Views\\sys\\Procurement\\viewTenderapproval.php')
 3 SYSTEMPATH\View\View.php(227): CodeIgniter\View\View->CodeIgniter\View\{closure}()
 4 SYSTEMPATH\Common.php(1176): CodeIgniter\View\View->render('sys/Procurement/viewTenderapproval', [], true)
 5 APPPATH\Controllers\Procurement.php(199): view('sys/Procurement/viewTenderapproval', [...])
 6 SYSTEMPATH\CodeIgniter.php(932): App\Controllers\Procurement->viewTenderapproval('51')
 7 SYSTEMPATH\CodeIgniter.php(497): CodeIgniter\CodeIgniter->runController(Object(App\Controllers\Procurement))
 8 SYSTEMPATH\CodeIgniter.php(366): CodeIgniter\CodeIgniter->handleRequest(null, Object(Config\Cache), false)
 9 FCPATH\index.php(67): CodeIgniter\CodeIgniter->run()
CRITICAL - 2024-03-07 18:03:06 --> Undefined variable $listv
in APPPATH\Views\sys\Procurement\viewTenderapproval.php on line 478.
 1 APPPATH\Views\sys\Procurement\viewTenderapproval.php(478): CodeIgniter\Debug\Exceptions->errorHandler(2, 'Undefined variable $listv', 'C:\\xampp\\htdocs\\IPMS\\app\\Views\\sys\\Procurement\\viewTenderapproval.php', 478)
 2 SYSTEMPATH\View\View.php(224): include('C:\\xampp\\htdocs\\IPMS\\app\\Views\\sys\\Procurement\\viewTenderapproval.php')
 3 SYSTEMPATH\View\View.php(227): CodeIgniter\View\View->CodeIgniter\View\{closure}()
 4 SYSTEMPATH\Common.php(1176): CodeIgniter\View\View->render('sys/Procurement/viewTenderapproval', [], true)
 5 APPPATH\Controllers\Procurement.php(199): view('sys/Procurement/viewTenderapproval', [...])
 6 SYSTEMPATH\CodeIgniter.php(932): App\Controllers\Procurement->viewTenderapproval('assets', '12', 'messages-1.jpg')
 7 SYSTEMPATH\CodeIgniter.php(497): CodeIgniter\CodeIgniter->runController(Object(App\Controllers\Procurement))
 8 SYSTEMPATH\CodeIgniter.php(366): CodeIgniter\CodeIgniter->handleRequest(null, Object(Config\Cache), false)
 9 FCPATH\index.php(67): CodeIgniter\CodeIgniter->run()
CRITICAL - 2024-03-07 18:11:00 --> Unclosed '{' on line 604
in APPPATH\Views\sys\Procurement\viewTenderapproval.php on line 639.
 1 SYSTEMPATH\View\View.php(227): CodeIgniter\View\View->CodeIgniter\View\{closure}()
 2 SYSTEMPATH\Common.php(1176): CodeIgniter\View\View->render('sys/Procurement/viewTenderapproval', [], true)
 3 APPPATH\Controllers\Procurement.php(208): view('sys/Procurement/viewTenderapproval', [...])
 4 SYSTEMPATH\CodeIgniter.php(932): App\Controllers\Procurement->viewTenderapproval('51')
 5 SYSTEMPATH\CodeIgniter.php(497): CodeIgniter\CodeIgniter->runController(Object(App\Controllers\Procurement))
 6 SYSTEMPATH\CodeIgniter.php(366): CodeIgniter\CodeIgniter->handleRequest(null, Object(Config\Cache), false)
 7 FCPATH\index.php(67): CodeIgniter\CodeIgniter->run()
CRITICAL - 2024-03-07 18:11:01 --> Unclosed '{' on line 604
in APPPATH\Views\sys\Procurement\viewTenderapproval.php on line 639.
 1 SYSTEMPATH\View\View.php(227): CodeIgniter\View\View->CodeIgniter\View\{closure}()
 2 SYSTEMPATH\Common.php(1176): CodeIgniter\View\View->render('sys/Procurement/viewTenderapproval', [], true)
 3 APPPATH\Controllers\Procurement.php(208): view('sys/Procurement/viewTenderapproval', [...])
 4 SYSTEMPATH\CodeIgniter.php(932): App\Controllers\Procurement->viewTenderapproval('assets', '12', 'messages-1.jpg')
 5 SYSTEMPATH\CodeIgniter.php(497): CodeIgniter\CodeIgniter->runController(Object(App\Controllers\Procurement))
 6 SYSTEMPATH\CodeIgniter.php(366): CodeIgniter\CodeIgniter->handleRequest(null, Object(Config\Cache), false)
 7 FCPATH\index.php(67): CodeIgniter\CodeIgniter->run()
CRITICAL - 2024-03-07 23:48:45 --> Unclosed '{' on line 395
in APPPATH\Views\sys\Procurement\viewTenderapproval.php on line 645.
 1 SYSTEMPATH\View\View.php(227): CodeIgniter\View\View->CodeIgniter\View\{closure}()
 2 SYSTEMPATH\Common.php(1176): CodeIgniter\View\View->render('sys/Procurement/viewTenderapproval', [], true)
 3 APPPATH\Controllers\Procurement.php(208): view('sys/Procurement/viewTenderapproval', [...])
 4 SYSTEMPATH\CodeIgniter.php(932): App\Controllers\Procurement->viewTenderapproval('51')
 5 SYSTEMPATH\CodeIgniter.php(497): CodeIgniter\CodeIgniter->runController(Object(App\Controllers\Procurement))
 6 SYSTEMPATH\CodeIgniter.php(366): CodeIgniter\CodeIgniter->handleRequest(null, Object(Config\Cache), false)
 7 FCPATH\index.php(67): CodeIgniter\CodeIgniter->run()
CRITICAL - 2024-03-07 23:48:46 --> Unclosed '{' on line 395
in APPPATH\Views\sys\Procurement\viewTenderapproval.php on line 645.
 1 SYSTEMPATH\View\View.php(227): CodeIgniter\View\View->CodeIgniter\View\{closure}()
 2 SYSTEMPATH\Common.php(1176): CodeIgniter\View\View->render('sys/Procurement/viewTenderapproval', [], true)
 3 APPPATH\Controllers\Procurement.php(208): view('sys/Procurement/viewTenderapproval', [...])
 4 SYSTEMPATH\CodeIgniter.php(932): App\Controllers\Procurement->viewTenderapproval('assets', null, 'messages-1.jpg')
 5 SYSTEMPATH\CodeIgniter.php(497): CodeIgniter\CodeIgniter->runController(Object(App\Controllers\Procurement))
 6 SYSTEMPATH\CodeIgniter.php(366): CodeIgniter\CodeIgniter->handleRequest(null, Object(Config\Cache), false)
 7 FCPATH\index.php(67): CodeIgniter\CodeIgniter->run()
