CRITICAL - 2024-03-18 13:08:51 --> Invalid file: "sys/menu_.php"
in SYSTEMPATH\Exceptions\FrameworkException.php on line 33.
 1 SYSTEMPATH\View\View.php(212): CodeIgniter\Exceptions\FrameworkException::forInvalidFile('sys/menu_.php')
 2 SYSTEMPATH\Common.php(1176): CodeIgniter\View\View->render('sys/menu_', [], true)
 3 APPPATH\Controllers\BidEvaluation.php(670): view('sys/menu_')
 4 SYSTEMPATH\CodeIgniter.php(932): App\Controllers\BidEvaluation->FinancialEvaluation('3')
 5 SYSTEMPATH\CodeIgniter.php(497): CodeIgniter\CodeIgniter->runController(Object(App\Controllers\BidEvaluation))
 6 SYSTEMPATH\CodeIgniter.php(366): CodeIgniter\CodeIgniter->handleRequest(null, Object(Config\Cache), false)
 7 FCPATH\index.php(67): CodeIgniter\CodeIgniter->run()
CRITICAL - 2024-03-18 13:08:52 --> Invalid file: "sys/menu_.php"
in SYSTEMPATH\Exceptions\FrameworkException.php on line 33.
 1 SYSTEMPATH\View\View.php(212): CodeIgniter\Exceptions\FrameworkException::forInvalidFile('sys/menu_.php')
 2 SYSTEMPATH\Common.php(1176): CodeIgniter\View\View->render('sys/menu_', [], true)
 3 APPPATH\Controllers\BidEvaluation.php(670): view('sys/menu_')
 4 SYSTEMPATH\CodeIgniter.php(932): App\Controllers\BidEvaluation->FinancialEvaluation('assets', 'img', 'messages-1.jpg')
 5 SYSTEMPATH\CodeIgniter.php(497): CodeIgniter\CodeIgniter->runController(Object(App\Controllers\BidEvaluation))
 6 SYSTEMPATH\CodeIgniter.php(366): CodeIgniter\CodeIgniter->handleRequest(null, Object(Config\Cache), false)
 7 FCPATH\index.php(67): CodeIgniter\CodeIgniter->run()
CRITICAL - 2024-03-18 13:09:01 --> Invalid file: "sys/menu_.php"
in SYSTEMPATH\Exceptions\FrameworkException.php on line 33.
 1 SYSTEMPATH\View\View.php(212): CodeIgniter\Exceptions\FrameworkException::forInvalidFile('sys/menu_.php')
 2 SYSTEMPATH\Common.php(1176): CodeIgniter\View\View->render('sys/menu_', [], true)
 3 APPPATH\Controllers\BidEvaluation.php(670): view('sys/menu_')
 4 SYSTEMPATH\CodeIgniter.php(932): App\Controllers\BidEvaluation->FinancialEvaluation('3')
 5 SYSTEMPATH\CodeIgniter.php(497): CodeIgniter\CodeIgniter->runController(Object(App\Controllers\BidEvaluation))
 6 SYSTEMPATH\CodeIgniter.php(366): CodeIgniter\CodeIgniter->handleRequest(null, Object(Config\Cache), false)
 7 FCPATH\index.php(67): CodeIgniter\CodeIgniter->run()
CRITICAL - 2024-03-18 13:38:51 --> Trying to access array offset on value of type null
in APPPATH\Controllers\ItemRequest.php on line 435.
 1 APPPATH\Controllers\ItemRequest.php(435): CodeIgniter\Debug\Exceptions->errorHandler(2, 'Trying to access array offset on value of type null', 'C:\\xampp\\htdocs\\IPMS\\app\\Controllers\\ItemRequest.php', 435)
 2 SYSTEMPATH\CodeIgniter.php(932): App\Controllers\ItemRequest->getItemId()
 3 SYSTEMPATH\CodeIgniter.php(497): CodeIgniter\CodeIgniter->runController(Object(App\Controllers\ItemRequest))
 4 SYSTEMPATH\CodeIgniter.php(366): CodeIgniter\CodeIgniter->handleRequest(null, Object(Config\Cache), false)
 5 FCPATH\index.php(67): CodeIgniter\CodeIgniter->run()
CRITICAL - 2024-03-18 13:39:20 --> Trying to access array offset on value of type null
in APPPATH\Controllers\ItemRequest.php on line 435.
 1 APPPATH\Controllers\ItemRequest.php(435): CodeIgniter\Debug\Exceptions->errorHandler(2, 'Trying to access array offset on value of type null', 'C:\\xampp\\htdocs\\IPMS\\app\\Controllers\\ItemRequest.php', 435)
 2 SYSTEMPATH\CodeIgniter.php(932): App\Controllers\ItemRequest->getItemId()
 3 SYSTEMPATH\CodeIgniter.php(497): CodeIgniter\CodeIgniter->runController(Object(App\Controllers\ItemRequest))
 4 SYSTEMPATH\CodeIgniter.php(366): CodeIgniter\CodeIgniter->handleRequest(null, Object(Config\Cache), false)
 5 FCPATH\index.php(67): CodeIgniter\CodeIgniter->run()
CRITICAL - 2024-03-18 13:40:33 --> Trying to access array offset on value of type null
in APPPATH\Controllers\ItemRequest.php on line 435.
 1 APPPATH\Controllers\ItemRequest.php(435): CodeIgniter\Debug\Exceptions->errorHandler(2, 'Trying to access array offset on value of type null', 'C:\\xampp\\htdocs\\IPMS\\app\\Controllers\\ItemRequest.php', 435)
 2 SYSTEMPATH\CodeIgniter.php(932): App\Controllers\ItemRequest->getItemId()
 3 SYSTEMPATH\CodeIgniter.php(497): CodeIgniter\CodeIgniter->runController(Object(App\Controllers\ItemRequest))
 4 SYSTEMPATH\CodeIgniter.php(366): CodeIgniter\CodeIgniter->handleRequest(null, Object(Config\Cache), false)
 5 FCPATH\index.php(67): CodeIgniter\CodeIgniter->run()
CRITICAL - 2024-03-18 13:40:58 --> Trying to access array offset on value of type null
in APPPATH\Controllers\ItemRequest.php on line 435.
 1 APPPATH\Controllers\ItemRequest.php(435): CodeIgniter\Debug\Exceptions->errorHandler(2, 'Trying to access array offset on value of type null', 'C:\\xampp\\htdocs\\IPMS\\app\\Controllers\\ItemRequest.php', 435)
 2 SYSTEMPATH\CodeIgniter.php(932): App\Controllers\ItemRequest->getItemId()
 3 SYSTEMPATH\CodeIgniter.php(497): CodeIgniter\CodeIgniter->runController(Object(App\Controllers\ItemRequest))
 4 SYSTEMPATH\CodeIgniter.php(366): CodeIgniter\CodeIgniter->handleRequest(null, Object(Config\Cache), false)
 5 FCPATH\index.php(67): CodeIgniter\CodeIgniter->run()
CRITICAL - 2024-03-18 13:43:35 --> Trying to access array offset on value of type null
in APPPATH\Controllers\ItemRequest.php on line 435.
 1 APPPATH\Controllers\ItemRequest.php(435): CodeIgniter\Debug\Exceptions->errorHandler(2, 'Trying to access array offset on value of type null', 'C:\\xampp\\htdocs\\IPMS\\app\\Controllers\\ItemRequest.php', 435)
 2 SYSTEMPATH\CodeIgniter.php(932): App\Controllers\ItemRequest->getItemId()
 3 SYSTEMPATH\CodeIgniter.php(497): CodeIgniter\CodeIgniter->runController(Object(App\Controllers\ItemRequest))
 4 SYSTEMPATH\CodeIgniter.php(366): CodeIgniter\CodeIgniter->handleRequest(null, Object(Config\Cache), false)
 5 FCPATH\index.php(67): CodeIgniter\CodeIgniter->run()
CRITICAL - 2024-03-18 13:44:07 --> Trying to access array offset on value of type null
in APPPATH\Controllers\ItemRequest.php on line 435.
 1 APPPATH\Controllers\ItemRequest.php(435): CodeIgniter\Debug\Exceptions->errorHandler(2, 'Trying to access array offset on value of type null', 'C:\\xampp\\htdocs\\IPMS\\app\\Controllers\\ItemRequest.php', 435)
 2 SYSTEMPATH\CodeIgniter.php(932): App\Controllers\ItemRequest->getItemId()
 3 SYSTEMPATH\CodeIgniter.php(497): CodeIgniter\CodeIgniter->runController(Object(App\Controllers\ItemRequest))
 4 SYSTEMPATH\CodeIgniter.php(366): CodeIgniter\CodeIgniter->handleRequest(null, Object(Config\Cache), false)
 5 FCPATH\index.php(67): CodeIgniter\CodeIgniter->run()
CRITICAL - 2024-03-18 13:45:14 --> Trying to access array offset on value of type null
in APPPATH\Controllers\ItemRequest.php on line 435.
 1 APPPATH\Controllers\ItemRequest.php(435): CodeIgniter\Debug\Exceptions->errorHandler(2, 'Trying to access array offset on value of type null', 'C:\\xampp\\htdocs\\IPMS\\app\\Controllers\\ItemRequest.php', 435)
 2 SYSTEMPATH\CodeIgniter.php(932): App\Controllers\ItemRequest->getItemId()
 3 SYSTEMPATH\CodeIgniter.php(497): CodeIgniter\CodeIgniter->runController(Object(App\Controllers\ItemRequest))
 4 SYSTEMPATH\CodeIgniter.php(366): CodeIgniter\CodeIgniter->handleRequest(null, Object(Config\Cache), false)
 5 FCPATH\index.php(67): CodeIgniter\CodeIgniter->run()
CRITICAL - 2024-03-18 13:45:29 --> Trying to access array offset on value of type null
in APPPATH\Controllers\ItemRequest.php on line 435.
 1 APPPATH\Controllers\ItemRequest.php(435): CodeIgniter\Debug\Exceptions->errorHandler(2, 'Trying to access array offset on value of type null', 'C:\\xampp\\htdocs\\IPMS\\app\\Controllers\\ItemRequest.php', 435)
 2 SYSTEMPATH\CodeIgniter.php(932): App\Controllers\ItemRequest->getItemId()
 3 SYSTEMPATH\CodeIgniter.php(497): CodeIgniter\CodeIgniter->runController(Object(App\Controllers\ItemRequest))
 4 SYSTEMPATH\CodeIgniter.php(366): CodeIgniter\CodeIgniter->handleRequest(null, Object(Config\Cache), false)
 5 FCPATH\index.php(67): CodeIgniter\CodeIgniter->run()
CRITICAL - 2024-03-18 13:45:59 --> Trying to access array offset on value of type null
in APPPATH\Controllers\ItemRequest.php on line 435.
 1 APPPATH\Controllers\ItemRequest.php(435): CodeIgniter\Debug\Exceptions->errorHandler(2, 'Trying to access array offset on value of type null', 'C:\\xampp\\htdocs\\IPMS\\app\\Controllers\\ItemRequest.php', 435)
 2 SYSTEMPATH\CodeIgniter.php(932): App\Controllers\ItemRequest->getItemId()
 3 SYSTEMPATH\CodeIgniter.php(497): CodeIgniter\CodeIgniter->runController(Object(App\Controllers\ItemRequest))
 4 SYSTEMPATH\CodeIgniter.php(366): CodeIgniter\CodeIgniter->handleRequest(null, Object(Config\Cache), false)
 5 FCPATH\index.php(67): CodeIgniter\CodeIgniter->run()
CRITICAL - 2024-03-18 13:47:05 --> Trying to access array offset on value of type null
in APPPATH\Controllers\ItemRequest.php on line 435.
 1 APPPATH\Controllers\ItemRequest.php(435): CodeIgniter\Debug\Exceptions->errorHandler(2, 'Trying to access array offset on value of type null', 'C:\\xampp\\htdocs\\IPMS\\app\\Controllers\\ItemRequest.php', 435)
 2 SYSTEMPATH\CodeIgniter.php(932): App\Controllers\ItemRequest->getItemId()
 3 SYSTEMPATH\CodeIgniter.php(497): CodeIgniter\CodeIgniter->runController(Object(App\Controllers\ItemRequest))
 4 SYSTEMPATH\CodeIgniter.php(366): CodeIgniter\CodeIgniter->handleRequest(null, Object(Config\Cache), false)
 5 FCPATH\index.php(67): CodeIgniter\CodeIgniter->run()
CRITICAL - 2024-03-18 13:47:32 --> Trying to access array offset on value of type null
in APPPATH\Controllers\ItemRequest.php on line 435.
 1 APPPATH\Controllers\ItemRequest.php(435): CodeIgniter\Debug\Exceptions->errorHandler(2, 'Trying to access array offset on value of type null', 'C:\\xampp\\htdocs\\IPMS\\app\\Controllers\\ItemRequest.php', 435)
 2 SYSTEMPATH\CodeIgniter.php(932): App\Controllers\ItemRequest->getItemId()
 3 SYSTEMPATH\CodeIgniter.php(497): CodeIgniter\CodeIgniter->runController(Object(App\Controllers\ItemRequest))
 4 SYSTEMPATH\CodeIgniter.php(366): CodeIgniter\CodeIgniter->handleRequest(null, Object(Config\Cache), false)
 5 FCPATH\index.php(67): CodeIgniter\CodeIgniter->run()
CRITICAL - 2024-03-18 13:48:27 --> Trying to access array offset on value of type null
in APPPATH\Controllers\ItemRequest.php on line 435.
 1 APPPATH\Controllers\ItemRequest.php(435): CodeIgniter\Debug\Exceptions->errorHandler(2, 'Trying to access array offset on value of type null', 'C:\\xampp\\htdocs\\IPMS\\app\\Controllers\\ItemRequest.php', 435)
 2 SYSTEMPATH\CodeIgniter.php(932): App\Controllers\ItemRequest->getItemId()
 3 SYSTEMPATH\CodeIgniter.php(497): CodeIgniter\CodeIgniter->runController(Object(App\Controllers\ItemRequest))
 4 SYSTEMPATH\CodeIgniter.php(366): CodeIgniter\CodeIgniter->handleRequest(null, Object(Config\Cache), false)
 5 FCPATH\index.php(67): CodeIgniter\CodeIgniter->run()
CRITICAL - 2024-03-18 13:48:48 --> Trying to access array offset on value of type null
in APPPATH\Controllers\ItemRequest.php on line 435.
 1 APPPATH\Controllers\ItemRequest.php(435): CodeIgniter\Debug\Exceptions->errorHandler(2, 'Trying to access array offset on value of type null', 'C:\\xampp\\htdocs\\IPMS\\app\\Controllers\\ItemRequest.php', 435)
 2 SYSTEMPATH\CodeIgniter.php(932): App\Controllers\ItemRequest->getItemId()
 3 SYSTEMPATH\CodeIgniter.php(497): CodeIgniter\CodeIgniter->runController(Object(App\Controllers\ItemRequest))
 4 SYSTEMPATH\CodeIgniter.php(366): CodeIgniter\CodeIgniter->handleRequest(null, Object(Config\Cache), false)
 5 FCPATH\index.php(67): CodeIgniter\CodeIgniter->run()
CRITICAL - 2024-03-18 13:49:29 --> Trying to access array offset on value of type null
in APPPATH\Controllers\ItemRequest.php on line 435.
 1 APPPATH\Controllers\ItemRequest.php(435): CodeIgniter\Debug\Exceptions->errorHandler(2, 'Trying to access array offset on value of type null', 'C:\\xampp\\htdocs\\IPMS\\app\\Controllers\\ItemRequest.php', 435)
 2 SYSTEMPATH\CodeIgniter.php(932): App\Controllers\ItemRequest->getItemId()
 3 SYSTEMPATH\CodeIgniter.php(497): CodeIgniter\CodeIgniter->runController(Object(App\Controllers\ItemRequest))
 4 SYSTEMPATH\CodeIgniter.php(366): CodeIgniter\CodeIgniter->handleRequest(null, Object(Config\Cache), false)
 5 FCPATH\index.php(67): CodeIgniter\CodeIgniter->run()
CRITICAL - 2024-03-18 13:50:53 --> Trying to access array offset on value of type null
in APPPATH\Controllers\ItemRequest.php on line 435.
 1 APPPATH\Controllers\ItemRequest.php(435): CodeIgniter\Debug\Exceptions->errorHandler(2, 'Trying to access array offset on value of type null', 'C:\\xampp\\htdocs\\IPMS\\app\\Controllers\\ItemRequest.php', 435)
 2 SYSTEMPATH\CodeIgniter.php(932): App\Controllers\ItemRequest->getItemId()
 3 SYSTEMPATH\CodeIgniter.php(497): CodeIgniter\CodeIgniter->runController(Object(App\Controllers\ItemRequest))
 4 SYSTEMPATH\CodeIgniter.php(366): CodeIgniter\CodeIgniter->handleRequest(null, Object(Config\Cache), false)
 5 FCPATH\index.php(67): CodeIgniter\CodeIgniter->run()
CRITICAL - 2024-03-18 13:51:20 --> Trying to access array offset on value of type null
in APPPATH\Controllers\ItemRequest.php on line 435.
 1 APPPATH\Controllers\ItemRequest.php(435): CodeIgniter\Debug\Exceptions->errorHandler(2, 'Trying to access array offset on value of type null', 'C:\\xampp\\htdocs\\IPMS\\app\\Controllers\\ItemRequest.php', 435)
 2 SYSTEMPATH\CodeIgniter.php(932): App\Controllers\ItemRequest->getItemId()
 3 SYSTEMPATH\CodeIgniter.php(497): CodeIgniter\CodeIgniter->runController(Object(App\Controllers\ItemRequest))
 4 SYSTEMPATH\CodeIgniter.php(366): CodeIgniter\CodeIgniter->handleRequest(null, Object(Config\Cache), false)
 5 FCPATH\index.php(67): CodeIgniter\CodeIgniter->run()
CRITICAL - 2024-03-18 13:51:31 --> Trying to access array offset on value of type null
in APPPATH\Controllers\ItemRequest.php on line 435.
 1 APPPATH\Controllers\ItemRequest.php(435): CodeIgniter\Debug\Exceptions->errorHandler(2, 'Trying to access array offset on value of type null', 'C:\\xampp\\htdocs\\IPMS\\app\\Controllers\\ItemRequest.php', 435)
 2 SYSTEMPATH\CodeIgniter.php(932): App\Controllers\ItemRequest->getItemId()
 3 SYSTEMPATH\CodeIgniter.php(497): CodeIgniter\CodeIgniter->runController(Object(App\Controllers\ItemRequest))
 4 SYSTEMPATH\CodeIgniter.php(366): CodeIgniter\CodeIgniter->handleRequest(null, Object(Config\Cache), false)
 5 FCPATH\index.php(67): CodeIgniter\CodeIgniter->run()
CRITICAL - 2024-03-18 13:51:38 --> Trying to access array offset on value of type null
in APPPATH\Controllers\ItemRequest.php on line 435.
 1 APPPATH\Controllers\ItemRequest.php(435): CodeIgniter\Debug\Exceptions->errorHandler(2, 'Trying to access array offset on value of type null', 'C:\\xampp\\htdocs\\IPMS\\app\\Controllers\\ItemRequest.php', 435)
 2 SYSTEMPATH\CodeIgniter.php(932): App\Controllers\ItemRequest->getItemId()
 3 SYSTEMPATH\CodeIgniter.php(497): CodeIgniter\CodeIgniter->runController(Object(App\Controllers\ItemRequest))
 4 SYSTEMPATH\CodeIgniter.php(366): CodeIgniter\CodeIgniter->handleRequest(null, Object(Config\Cache), false)
 5 FCPATH\index.php(67): CodeIgniter\CodeIgniter->run()
CRITICAL - 2024-03-18 13:53:03 --> Trying to access array offset on value of type null
in APPPATH\Controllers\ItemRequest.php on line 435.
 1 APPPATH\Controllers\ItemRequest.php(435): CodeIgniter\Debug\Exceptions->errorHandler(2, 'Trying to access array offset on value of type null', 'C:\\xampp\\htdocs\\IPMS\\app\\Controllers\\ItemRequest.php', 435)
 2 SYSTEMPATH\CodeIgniter.php(932): App\Controllers\ItemRequest->getItemId()
 3 SYSTEMPATH\CodeIgniter.php(497): CodeIgniter\CodeIgniter->runController(Object(App\Controllers\ItemRequest))
 4 SYSTEMPATH\CodeIgniter.php(366): CodeIgniter\CodeIgniter->handleRequest(null, Object(Config\Cache), false)
 5 FCPATH\index.php(67): CodeIgniter\CodeIgniter->run()
CRITICAL - 2024-03-18 13:53:15 --> Trying to access array offset on value of type null
in APPPATH\Controllers\ItemRequest.php on line 435.
 1 APPPATH\Controllers\ItemRequest.php(435): CodeIgniter\Debug\Exceptions->errorHandler(2, 'Trying to access array offset on value of type null', 'C:\\xampp\\htdocs\\IPMS\\app\\Controllers\\ItemRequest.php', 435)
 2 SYSTEMPATH\CodeIgniter.php(932): App\Controllers\ItemRequest->getItemId()
 3 SYSTEMPATH\CodeIgniter.php(497): CodeIgniter\CodeIgniter->runController(Object(App\Controllers\ItemRequest))
 4 SYSTEMPATH\CodeIgniter.php(366): CodeIgniter\CodeIgniter->handleRequest(null, Object(Config\Cache), false)
 5 FCPATH\index.php(67): CodeIgniter\CodeIgniter->run()
CRITICAL - 2024-03-18 13:53:54 --> Trying to access array offset on value of type null
in APPPATH\Controllers\ItemRequest.php on line 435.
 1 APPPATH\Controllers\ItemRequest.php(435): CodeIgniter\Debug\Exceptions->errorHandler(2, 'Trying to access array offset on value of type null', 'C:\\xampp\\htdocs\\IPMS\\app\\Controllers\\ItemRequest.php', 435)
 2 SYSTEMPATH\CodeIgniter.php(932): App\Controllers\ItemRequest->getItemId()
 3 SYSTEMPATH\CodeIgniter.php(497): CodeIgniter\CodeIgniter->runController(Object(App\Controllers\ItemRequest))
 4 SYSTEMPATH\CodeIgniter.php(366): CodeIgniter\CodeIgniter->handleRequest(null, Object(Config\Cache), false)
 5 FCPATH\index.php(67): CodeIgniter\CodeIgniter->run()
CRITICAL - 2024-03-18 13:54:03 --> Trying to access array offset on value of type null
in APPPATH\Controllers\ItemRequest.php on line 435.
 1 APPPATH\Controllers\ItemRequest.php(435): CodeIgniter\Debug\Exceptions->errorHandler(2, 'Trying to access array offset on value of type null', 'C:\\xampp\\htdocs\\IPMS\\app\\Controllers\\ItemRequest.php', 435)
 2 SYSTEMPATH\CodeIgniter.php(932): App\Controllers\ItemRequest->getItemId()
 3 SYSTEMPATH\CodeIgniter.php(497): CodeIgniter\CodeIgniter->runController(Object(App\Controllers\ItemRequest))
 4 SYSTEMPATH\CodeIgniter.php(366): CodeIgniter\CodeIgniter->handleRequest(null, Object(Config\Cache), false)
 5 FCPATH\index.php(67): CodeIgniter\CodeIgniter->run()
CRITICAL - 2024-03-18 14:32:37 --> Undefined variable $result
in APPPATH\Views\sys\itemrequest\viewItem.php on line 94.
 1 APPPATH\Views\sys\itemrequest\viewItem.php(94): CodeIgniter\Debug\Exceptions->errorHandler(2, 'Undefined variable $result', 'C:\\xampp\\htdocs\\IPMS\\app\\Views\\sys\\itemrequest\\viewItem.php', 94)
 2 SYSTEMPATH\View\View.php(224): include('C:\\xampp\\htdocs\\IPMS\\app\\Views\\sys\\itemrequest\\viewItem.php')
 3 SYSTEMPATH\View\View.php(227): CodeIgniter\View\View->CodeIgniter\View\{closure}()
 4 SYSTEMPATH\Common.php(1176): CodeIgniter\View\View->render('sys/itemrequest/viewItem', [], true)
 5 APPPATH\Controllers\ItemRequest.php(216): view('sys/itemrequest/viewItem', [...])
 6 SYSTEMPATH\CodeIgniter.php(932): App\Controllers\ItemRequest->viewItem('assets', 'img', 'messages-1.jpg')
 7 SYSTEMPATH\CodeIgniter.php(497): CodeIgniter\CodeIgniter->runController(Object(App\Controllers\ItemRequest))
 8 SYSTEMPATH\CodeIgniter.php(366): CodeIgniter\CodeIgniter->handleRequest(null, Object(Config\Cache), false)
 9 FCPATH\index.php(67): CodeIgniter\CodeIgniter->run()
CRITICAL - 2024-03-18 14:32:37 --> Undefined variable $result
in APPPATH\Views\sys\itemrequest\viewItem.php on line 94.
 1 APPPATH\Views\sys\itemrequest\viewItem.php(94): CodeIgniter\Debug\Exceptions->errorHandler(2, 'Undefined variable $result', 'C:\\xampp\\htdocs\\IPMS\\app\\Views\\sys\\itemrequest\\viewItem.php', 94)
 2 SYSTEMPATH\View\View.php(224): include('C:\\xampp\\htdocs\\IPMS\\app\\Views\\sys\\itemrequest\\viewItem.php')
 3 SYSTEMPATH\View\View.php(227): CodeIgniter\View\View->CodeIgniter\View\{closure}()
 4 SYSTEMPATH\Common.php(1176): CodeIgniter\View\View->render('sys/itemrequest/viewItem', [], true)
 5 APPPATH\Controllers\ItemRequest.php(216): view('sys/itemrequest/viewItem', [...])
 6 SYSTEMPATH\CodeIgniter.php(932): App\Controllers\ItemRequest->viewItem('images', 'uploads')
 7 SYSTEMPATH\CodeIgniter.php(497): CodeIgniter\CodeIgniter->runController(Object(App\Controllers\ItemRequest))
 8 SYSTEMPATH\CodeIgniter.php(366): CodeIgniter\CodeIgniter->handleRequest(null, Object(Config\Cache), false)
 9 FCPATH\index.php(67): CodeIgniter\CodeIgniter->run()
CRITICAL - 2024-03-18 14:43:31 --> Undefined variable $result
in APPPATH\Views\sys\tender\viewtender.php on line 110.
 1 APPPATH\Views\sys\tender\viewtender.php(110): CodeIgniter\Debug\Exceptions->errorHandler(2, 'Undefined variable $result', 'C:\\xampp\\htdocs\\IPMS\\app\\Views\\sys\\tender\\viewtender.php', 110)
 2 SYSTEMPATH\View\View.php(224): include('C:\\xampp\\htdocs\\IPMS\\app\\Views\\sys\\tender\\viewtender.php')
 3 SYSTEMPATH\View\View.php(227): CodeIgniter\View\View->CodeIgniter\View\{closure}()
 4 SYSTEMPATH\Common.php(1176): CodeIgniter\View\View->render('sys/tender/viewtender', [], true)
 5 APPPATH\Controllers\Tender.php(310): view('sys/tender/viewtender', [...])
 6 SYSTEMPATH\CodeIgniter.php(932): App\Controllers\Tender->viewtender('assets', 'img', 'messages-1.jpg')
 7 SYSTEMPATH\CodeIgniter.php(497): CodeIgniter\CodeIgniter->runController(Object(App\Controllers\Tender))
 8 SYSTEMPATH\CodeIgniter.php(366): CodeIgniter\CodeIgniter->handleRequest(null, Object(Config\Cache), false)
 9 FCPATH\index.php(67): CodeIgniter\CodeIgniter->run()
CRITICAL - 2024-03-18 14:43:37 --> Trying to access array offset on value of type null
in APPPATH\Views\sys\tender\createSpec.php on line 37.
 1 APPPATH\Views\sys\tender\createSpec.php(37): CodeIgniter\Debug\Exceptions->errorHandler(2, 'Trying to access array offset on value of type null', 'C:\\xampp\\htdocs\\IPMS\\app\\Views\\sys\\tender\\createSpec.php', 37)
 2 SYSTEMPATH\View\View.php(224): include('C:\\xampp\\htdocs\\IPMS\\app\\Views\\sys\\tender\\createSpec.php')
 3 SYSTEMPATH\View\View.php(227): CodeIgniter\View\View->CodeIgniter\View\{closure}()
 4 SYSTEMPATH\Common.php(1176): CodeIgniter\View\View->render('sys/tender/createSpec', [], true)
 5 APPPATH\Controllers\Tender.php(259): view('sys/tender/createSpec', [...])
 6 SYSTEMPATH\CodeIgniter.php(932): App\Controllers\Tender->createSpec('assets', 'img', 'messages-1.jpg')
 7 SYSTEMPATH\CodeIgniter.php(497): CodeIgniter\CodeIgniter->runController(Object(App\Controllers\Tender))
 8 SYSTEMPATH\CodeIgniter.php(366): CodeIgniter\CodeIgniter->handleRequest(null, Object(Config\Cache), false)
 9 FCPATH\index.php(67): CodeIgniter\CodeIgniter->run()
CRITICAL - 2024-03-18 14:50:08 --> Undefined variable $results
in APPPATH\Views\sys\BidEvaluation\viewSpecdetails.php on line 72.
 1 APPPATH\Views\sys\BidEvaluation\viewSpecdetails.php(72): CodeIgniter\Debug\Exceptions->errorHandler(2, 'Undefined variable $results', 'C:\\xampp\\htdocs\\IPMS\\app\\Views\\sys\\BidEvaluation\\viewSpecdetails.php', 72)
 2 SYSTEMPATH\View\View.php(224): include('C:\\xampp\\htdocs\\IPMS\\app\\Views\\sys\\BidEvaluation\\viewSpecdetails.php')
 3 SYSTEMPATH\View\View.php(227): CodeIgniter\View\View->CodeIgniter\View\{closure}()
 4 SYSTEMPATH\Common.php(1176): CodeIgniter\View\View->render('sys/BidEvaluation/viewSpecdetails', [], true)
 5 APPPATH\Controllers\BidEvaluation.php(800): view('sys/BidEvaluation/viewSpecdetails', [...])
 6 SYSTEMPATH\CodeIgniter.php(932): App\Controllers\BidEvaluation->viewSpecdetails('1', 'assets', 'img', 'messages-1.jpg')
 7 SYSTEMPATH\CodeIgniter.php(497): CodeIgniter\CodeIgniter->runController(Object(App\Controllers\BidEvaluation))
 8 SYSTEMPATH\CodeIgniter.php(366): CodeIgniter\CodeIgniter->handleRequest(null, Object(Config\Cache), false)
 9 FCPATH\index.php(67): CodeIgniter\CodeIgniter->run()
CRITICAL - 2024-03-18 14:53:43 --> Undefined variable $result
in APPPATH\Views\sys\tender\viewtender.php on line 110.
 1 APPPATH\Views\sys\tender\viewtender.php(110): CodeIgniter\Debug\Exceptions->errorHandler(2, 'Undefined variable $result', 'C:\\xampp\\htdocs\\IPMS\\app\\Views\\sys\\tender\\viewtender.php', 110)
 2 SYSTEMPATH\View\View.php(224): include('C:\\xampp\\htdocs\\IPMS\\app\\Views\\sys\\tender\\viewtender.php')
 3 SYSTEMPATH\View\View.php(227): CodeIgniter\View\View->CodeIgniter\View\{closure}()
 4 SYSTEMPATH\Common.php(1176): CodeIgniter\View\View->render('sys/tender/viewtender', [], true)
 5 APPPATH\Controllers\Tender.php(310): view('sys/tender/viewtender', [...])
 6 SYSTEMPATH\CodeIgniter.php(932): App\Controllers\Tender->viewtender('assets', 'img', 'messages-1.jpg')
 7 SYSTEMPATH\CodeIgniter.php(497): CodeIgniter\CodeIgniter->runController(Object(App\Controllers\Tender))
 8 SYSTEMPATH\CodeIgniter.php(366): CodeIgniter\CodeIgniter->handleRequest(null, Object(Config\Cache), false)
 9 FCPATH\index.php(67): CodeIgniter\CodeIgniter->run()
CRITICAL - 2024-03-18 14:53:46 --> Trying to access array offset on value of type null
in APPPATH\Views\sys\tender\createSpec.php on line 37.
 1 APPPATH\Views\sys\tender\createSpec.php(37): CodeIgniter\Debug\Exceptions->errorHandler(2, 'Trying to access array offset on value of type null', 'C:\\xampp\\htdocs\\IPMS\\app\\Views\\sys\\tender\\createSpec.php', 37)
 2 SYSTEMPATH\View\View.php(224): include('C:\\xampp\\htdocs\\IPMS\\app\\Views\\sys\\tender\\createSpec.php')
 3 SYSTEMPATH\View\View.php(227): CodeIgniter\View\View->CodeIgniter\View\{closure}()
 4 SYSTEMPATH\Common.php(1176): CodeIgniter\View\View->render('sys/tender/createSpec', [], true)
 5 APPPATH\Controllers\Tender.php(259): view('sys/tender/createSpec', [...])
 6 SYSTEMPATH\CodeIgniter.php(932): App\Controllers\Tender->createSpec('assets', 'img', 'messages-1.jpg')
 7 SYSTEMPATH\CodeIgniter.php(497): CodeIgniter\CodeIgniter->runController(Object(App\Controllers\Tender))
 8 SYSTEMPATH\CodeIgniter.php(366): CodeIgniter\CodeIgniter->handleRequest(null, Object(Config\Cache), false)
 9 FCPATH\index.php(67): CodeIgniter\CodeIgniter->run()
CRITICAL - 2024-03-18 15:19:16 --> Undefined variable $result
in APPPATH\Views\sys\tender\viewtender.php on line 110.
 1 APPPATH\Views\sys\tender\viewtender.php(110): CodeIgniter\Debug\Exceptions->errorHandler(2, 'Undefined variable $result', 'C:\\xampp\\htdocs\\IPMS\\app\\Views\\sys\\tender\\viewtender.php', 110)
 2 SYSTEMPATH\View\View.php(224): include('C:\\xampp\\htdocs\\IPMS\\app\\Views\\sys\\tender\\viewtender.php')
 3 SYSTEMPATH\View\View.php(227): CodeIgniter\View\View->CodeIgniter\View\{closure}()
 4 SYSTEMPATH\Common.php(1176): CodeIgniter\View\View->render('sys/tender/viewtender', [], true)
 5 APPPATH\Controllers\Tender.php(310): view('sys/tender/viewtender', [...])
 6 SYSTEMPATH\CodeIgniter.php(932): App\Controllers\Tender->viewtender('assets', 'img', 'messages-1.jpg')
 7 SYSTEMPATH\CodeIgniter.php(497): CodeIgniter\CodeIgniter->runController(Object(App\Controllers\Tender))
 8 SYSTEMPATH\CodeIgniter.php(366): CodeIgniter\CodeIgniter->handleRequest(null, Object(Config\Cache), false)
 9 FCPATH\index.php(67): CodeIgniter\CodeIgniter->run()
CRITICAL - 2024-03-18 15:19:21 --> Trying to access array offset on value of type null
in APPPATH\Views\sys\tender\createcostestimate.php on line 40.
 1 APPPATH\Views\sys\tender\createcostestimate.php(40): CodeIgniter\Debug\Exceptions->errorHandler(2, 'Trying to access array offset on value of type null', 'C:\\xampp\\htdocs\\IPMS\\app\\Views\\sys\\tender\\createcostestimate.php', 40)
 2 SYSTEMPATH\View\View.php(224): include('C:\\xampp\\htdocs\\IPMS\\app\\Views\\sys\\tender\\createcostestimate.php')
 3 SYSTEMPATH\View\View.php(227): CodeIgniter\View\View->CodeIgniter\View\{closure}()
 4 SYSTEMPATH\Common.php(1176): CodeIgniter\View\View->render('sys/tender/createcostestimate', [], true)
 5 APPPATH\Controllers\Tender.php(473): view('sys/tender/createcostestimate', [...])
 6 SYSTEMPATH\CodeIgniter.php(932): App\Controllers\Tender->createcostestimate('assets', 'img', 'messages-1.jpg')
 7 SYSTEMPATH\CodeIgniter.php(497): CodeIgniter\CodeIgniter->runController(Object(App\Controllers\Tender))
 8 SYSTEMPATH\CodeIgniter.php(366): CodeIgniter\CodeIgniter->handleRequest(null, Object(Config\Cache), false)
 9 FCPATH\index.php(67): CodeIgniter\CodeIgniter->run()
CRITICAL - 2024-03-18 15:29:02 --> Trying to access array offset on value of type null
in APPPATH\Views\sys\tender\createcostestimate.php on line 40.
 1 APPPATH\Views\sys\tender\createcostestimate.php(40): CodeIgniter\Debug\Exceptions->errorHandler(2, 'Trying to access array offset on value of type null', 'C:\\xampp\\htdocs\\IPMS\\app\\Views\\sys\\tender\\createcostestimate.php', 40)
 2 SYSTEMPATH\View\View.php(224): include('C:\\xampp\\htdocs\\IPMS\\app\\Views\\sys\\tender\\createcostestimate.php')
 3 SYSTEMPATH\View\View.php(227): CodeIgniter\View\View->CodeIgniter\View\{closure}()
 4 SYSTEMPATH\Common.php(1176): CodeIgniter\View\View->render('sys/tender/createcostestimate', [], true)
 5 APPPATH\Controllers\Tender.php(477): view('sys/tender/createcostestimate', [...])
 6 SYSTEMPATH\CodeIgniter.php(932): App\Controllers\Tender->createcostestimate('assets', 'img', 'messages-1.jpg')
 7 SYSTEMPATH\CodeIgniter.php(497): CodeIgniter\CodeIgniter->runController(Object(App\Controllers\Tender))
 8 SYSTEMPATH\CodeIgniter.php(366): CodeIgniter\CodeIgniter->handleRequest(null, Object(Config\Cache), false)
 9 FCPATH\index.php(67): CodeIgniter\CodeIgniter->run()
CRITICAL - 2024-03-18 16:24:20 --> Trying to access array offset on value of type null
in APPPATH\Views\sys\tender\createcostestimate.php on line 40.
 1 APPPATH\Views\sys\tender\createcostestimate.php(40): CodeIgniter\Debug\Exceptions->errorHandler(2, 'Trying to access array offset on value of type null', 'C:\\xampp\\htdocs\\IPMS\\app\\Views\\sys\\tender\\createcostestimate.php', 40)
 2 SYSTEMPATH\View\View.php(224): include('C:\\xampp\\htdocs\\IPMS\\app\\Views\\sys\\tender\\createcostestimate.php')
 3 SYSTEMPATH\View\View.php(227): CodeIgniter\View\View->CodeIgniter\View\{closure}()
 4 SYSTEMPATH\Common.php(1176): CodeIgniter\View\View->render('sys/tender/createcostestimate', [], true)
 5 APPPATH\Controllers\Tender.php(479): view('sys/tender/createcostestimate', [...])
 6 SYSTEMPATH\CodeIgniter.php(932): App\Controllers\Tender->createcostestimate('assets', 'img', 'messages-1.jpg')
 7 SYSTEMPATH\CodeIgniter.php(497): CodeIgniter\CodeIgniter->runController(Object(App\Controllers\Tender))
 8 SYSTEMPATH\CodeIgniter.php(366): CodeIgniter\CodeIgniter->handleRequest(null, Object(Config\Cache), false)
 9 FCPATH\index.php(67): CodeIgniter\CodeIgniter->run()
CRITICAL - 2024-03-18 16:24:30 --> Undefined array key "IId"
in APPPATH\Controllers\Tender.php on line 669.
 1 APPPATH\Controllers\Tender.php(669): CodeIgniter\Debug\Exceptions->errorHandler(2, 'Undefined array key "IId"', 'C:\\xampp\\htdocs\\IPMS\\app\\Controllers\\Tender.php', 669)
 2 SYSTEMPATH\CodeIgniter.php(932): App\Controllers\Tender->getItemId()
 3 SYSTEMPATH\CodeIgniter.php(497): CodeIgniter\CodeIgniter->runController(Object(App\Controllers\Tender))
 4 SYSTEMPATH\CodeIgniter.php(366): CodeIgniter\CodeIgniter->handleRequest(null, Object(Config\Cache), false)
 5 FCPATH\index.php(67): CodeIgniter\CodeIgniter->run()
CRITICAL - 2024-03-18 16:24:37 --> Undefined array key "IId"
in APPPATH\Controllers\Tender.php on line 669.
 1 APPPATH\Controllers\Tender.php(669): CodeIgniter\Debug\Exceptions->errorHandler(2, 'Undefined array key "IId"', 'C:\\xampp\\htdocs\\IPMS\\app\\Controllers\\Tender.php', 669)
 2 SYSTEMPATH\CodeIgniter.php(932): App\Controllers\Tender->getItemId()
 3 SYSTEMPATH\CodeIgniter.php(497): CodeIgniter\CodeIgniter->runController(Object(App\Controllers\Tender))
 4 SYSTEMPATH\CodeIgniter.php(366): CodeIgniter\CodeIgniter->handleRequest(null, Object(Config\Cache), false)
 5 FCPATH\index.php(67): CodeIgniter\CodeIgniter->run()
CRITICAL - 2024-03-18 16:24:42 --> Undefined variable $result
in APPPATH\Views\sys\tender\viewtender.php on line 110.
 1 APPPATH\Views\sys\tender\viewtender.php(110): CodeIgniter\Debug\Exceptions->errorHandler(2, 'Undefined variable $result', 'C:\\xampp\\htdocs\\IPMS\\app\\Views\\sys\\tender\\viewtender.php', 110)
 2 SYSTEMPATH\View\View.php(224): include('C:\\xampp\\htdocs\\IPMS\\app\\Views\\sys\\tender\\viewtender.php')
 3 SYSTEMPATH\View\View.php(227): CodeIgniter\View\View->CodeIgniter\View\{closure}()
 4 SYSTEMPATH\Common.php(1176): CodeIgniter\View\View->render('sys/tender/viewtender', [], true)
 5 APPPATH\Controllers\Tender.php(310): view('sys/tender/viewtender', [...])
 6 SYSTEMPATH\CodeIgniter.php(932): App\Controllers\Tender->viewtender('assets', 'img', 'messages-1.jpg')
 7 SYSTEMPATH\CodeIgniter.php(497): CodeIgniter\CodeIgniter->runController(Object(App\Controllers\Tender))
 8 SYSTEMPATH\CodeIgniter.php(366): CodeIgniter\CodeIgniter->handleRequest(null, Object(Config\Cache), false)
 9 FCPATH\index.php(67): CodeIgniter\CodeIgniter->run()
CRITICAL - 2024-03-18 16:24:45 --> Trying to access array offset on value of type null
in APPPATH\Views\sys\tender\createcostestimate.php on line 40.
 1 APPPATH\Views\sys\tender\createcostestimate.php(40): CodeIgniter\Debug\Exceptions->errorHandler(2, 'Trying to access array offset on value of type null', 'C:\\xampp\\htdocs\\IPMS\\app\\Views\\sys\\tender\\createcostestimate.php', 40)
 2 SYSTEMPATH\View\View.php(224): include('C:\\xampp\\htdocs\\IPMS\\app\\Views\\sys\\tender\\createcostestimate.php')
 3 SYSTEMPATH\View\View.php(227): CodeIgniter\View\View->CodeIgniter\View\{closure}()
 4 SYSTEMPATH\Common.php(1176): CodeIgniter\View\View->render('sys/tender/createcostestimate', [], true)
 5 APPPATH\Controllers\Tender.php(479): view('sys/tender/createcostestimate', [...])
 6 SYSTEMPATH\CodeIgniter.php(932): App\Controllers\Tender->createcostestimate('assets', 'img', 'messages-1.jpg')
 7 SYSTEMPATH\CodeIgniter.php(497): CodeIgniter\CodeIgniter->runController(Object(App\Controllers\Tender))
 8 SYSTEMPATH\CodeIgniter.php(366): CodeIgniter\CodeIgniter->handleRequest(null, Object(Config\Cache), false)
 9 FCPATH\index.php(67): CodeIgniter\CodeIgniter->run()
CRITICAL - 2024-03-18 16:24:48 --> Undefined array key "IId"
in APPPATH\Controllers\Tender.php on line 669.
 1 APPPATH\Controllers\Tender.php(669): CodeIgniter\Debug\Exceptions->errorHandler(2, 'Undefined array key "IId"', 'C:\\xampp\\htdocs\\IPMS\\app\\Controllers\\Tender.php', 669)
 2 SYSTEMPATH\CodeIgniter.php(932): App\Controllers\Tender->getItemId()
 3 SYSTEMPATH\CodeIgniter.php(497): CodeIgniter\CodeIgniter->runController(Object(App\Controllers\Tender))
 4 SYSTEMPATH\CodeIgniter.php(366): CodeIgniter\CodeIgniter->handleRequest(null, Object(Config\Cache), false)
 5 FCPATH\index.php(67): CodeIgniter\CodeIgniter->run()
CRITICAL - 2024-03-18 16:26:18 --> Trying to access array offset on value of type null
in APPPATH\Views\sys\tender\createcostestimate.php on line 40.
 1 APPPATH\Views\sys\tender\createcostestimate.php(40): CodeIgniter\Debug\Exceptions->errorHandler(2, 'Trying to access array offset on value of type null', 'C:\\xampp\\htdocs\\IPMS\\app\\Views\\sys\\tender\\createcostestimate.php', 40)
 2 SYSTEMPATH\View\View.php(224): include('C:\\xampp\\htdocs\\IPMS\\app\\Views\\sys\\tender\\createcostestimate.php')
 3 SYSTEMPATH\View\View.php(227): CodeIgniter\View\View->CodeIgniter\View\{closure}()
 4 SYSTEMPATH\Common.php(1176): CodeIgniter\View\View->render('sys/tender/createcostestimate', [], true)
 5 APPPATH\Controllers\Tender.php(479): view('sys/tender/createcostestimate', [...])
 6 SYSTEMPATH\CodeIgniter.php(932): App\Controllers\Tender->createcostestimate('assets', 'img', 'messages-1.jpg')
 7 SYSTEMPATH\CodeIgniter.php(497): CodeIgniter\CodeIgniter->runController(Object(App\Controllers\Tender))
 8 SYSTEMPATH\CodeIgniter.php(366): CodeIgniter\CodeIgniter->handleRequest(null, Object(Config\Cache), false)
 9 FCPATH\index.php(67): CodeIgniter\CodeIgniter->run()
CRITICAL - 2024-03-18 16:35:00 --> Undefined variable $result
in APPPATH\Views\sys\tender\viewtender.php on line 110.
 1 APPPATH\Views\sys\tender\viewtender.php(110): CodeIgniter\Debug\Exceptions->errorHandler(2, 'Undefined variable $result', 'C:\\xampp\\htdocs\\IPMS\\app\\Views\\sys\\tender\\viewtender.php', 110)
 2 SYSTEMPATH\View\View.php(224): include('C:\\xampp\\htdocs\\IPMS\\app\\Views\\sys\\tender\\viewtender.php')
 3 SYSTEMPATH\View\View.php(227): CodeIgniter\View\View->CodeIgniter\View\{closure}()
 4 SYSTEMPATH\Common.php(1176): CodeIgniter\View\View->render('sys/tender/viewtender', [], true)
 5 APPPATH\Controllers\Tender.php(310): view('sys/tender/viewtender', [...])
 6 SYSTEMPATH\CodeIgniter.php(932): App\Controllers\Tender->viewtender('assets', 'img', 'messages-1.jpg')
 7 SYSTEMPATH\CodeIgniter.php(497): CodeIgniter\CodeIgniter->runController(Object(App\Controllers\Tender))
 8 SYSTEMPATH\CodeIgniter.php(366): CodeIgniter\CodeIgniter->handleRequest(null, Object(Config\Cache), false)
 9 FCPATH\index.php(67): CodeIgniter\CodeIgniter->run()
CRITICAL - 2024-03-18 16:37:08 --> Undefined variable $result
in APPPATH\Views\sys\tender\viewtender.php on line 110.
 1 APPPATH\Views\sys\tender\viewtender.php(110): CodeIgniter\Debug\Exceptions->errorHandler(2, 'Undefined variable $result', 'C:\\xampp\\htdocs\\IPMS\\app\\Views\\sys\\tender\\viewtender.php', 110)
 2 SYSTEMPATH\View\View.php(224): include('C:\\xampp\\htdocs\\IPMS\\app\\Views\\sys\\tender\\viewtender.php')
 3 SYSTEMPATH\View\View.php(227): CodeIgniter\View\View->CodeIgniter\View\{closure}()
 4 SYSTEMPATH\Common.php(1176): CodeIgniter\View\View->render('sys/tender/viewtender', [], true)
 5 APPPATH\Controllers\Tender.php(310): view('sys/tender/viewtender', [...])
 6 SYSTEMPATH\CodeIgniter.php(932): App\Controllers\Tender->viewtender('assets', 'img', 'messages-1.jpg')
 7 SYSTEMPATH\CodeIgniter.php(497): CodeIgniter\CodeIgniter->runController(Object(App\Controllers\Tender))
 8 SYSTEMPATH\CodeIgniter.php(366): CodeIgniter\CodeIgniter->handleRequest(null, Object(Config\Cache), false)
 9 FCPATH\index.php(67): CodeIgniter\CodeIgniter->run()
CRITICAL - 2024-03-18 16:55:27 --> Undefined variable $result
in APPPATH\Views\sys\tender\viewtender.php on line 110.
 1 APPPATH\Views\sys\tender\viewtender.php(110): CodeIgniter\Debug\Exceptions->errorHandler(2, 'Undefined variable $result', 'C:\\xampp\\htdocs\\IPMS\\app\\Views\\sys\\tender\\viewtender.php', 110)
 2 SYSTEMPATH\View\View.php(224): include('C:\\xampp\\htdocs\\IPMS\\app\\Views\\sys\\tender\\viewtender.php')
 3 SYSTEMPATH\View\View.php(227): CodeIgniter\View\View->CodeIgniter\View\{closure}()
 4 SYSTEMPATH\Common.php(1176): CodeIgniter\View\View->render('sys/tender/viewtender', [], true)
 5 APPPATH\Controllers\Tender.php(310): view('sys/tender/viewtender', [...])
 6 SYSTEMPATH\CodeIgniter.php(932): App\Controllers\Tender->viewtender('assets', 'img', 'messages-1.jpg')
 7 SYSTEMPATH\CodeIgniter.php(497): CodeIgniter\CodeIgniter->runController(Object(App\Controllers\Tender))
 8 SYSTEMPATH\CodeIgniter.php(366): CodeIgniter\CodeIgniter->handleRequest(null, Object(Config\Cache), false)
 9 FCPATH\index.php(67): CodeIgniter\CodeIgniter->run()
