CRITICAL - 2024-04-19 04:37:45 --> Undefined variable $result
in APPPATH\Views\sys\tender\viewcreatecostestimate.php on line 137.
 1 APPPATH\Views\sys\tender\viewcreatecostestimate.php(137): CodeIgniter\Debug\Exceptions->errorHandler(2, 'Undefined variable $result', 'C:\\xampp\\htdocs\\IPMS\\app\\Views\\sys\\tender\\viewcreatecostestimate.php', 137)
 2 SYSTEMPATH\View\View.php(224): include('C:\\xampp\\htdocs\\IPMS\\app\\Views\\sys\\tender\\viewcreatecostestimate.php')
 3 SYSTEMPATH\View\View.php(227): CodeIgniter\View\View->CodeIgniter\View\{closure}()
 4 SYSTEMPATH\Common.php(1176): CodeIgniter\View\View->render('sys/tender/viewcreatecostestimate', [], true)
 5 APPPATH\Controllers\Tender.php(615): view('sys/tender/viewcreatecostestimate', [...])
 6 SYSTEMPATH\CodeIgniter.php(932): App\Controllers\Tender->viewcreatecostestimate()
 7 SYSTEMPATH\CodeIgniter.php(497): CodeIgniter\CodeIgniter->runController(Object(App\Controllers\Tender))
 8 SYSTEMPATH\CodeIgniter.php(366): CodeIgniter\CodeIgniter->handleRequest(null, Object(Config\Cache), false)
 9 FCPATH\index.php(67): CodeIgniter\CodeIgniter->run()
CRITICAL - 2024-04-19 04:38:29 --> Undefined variable $result
in APPPATH\Views\sys\tender\viewcreatecostestimate.php on line 137.
 1 APPPATH\Views\sys\tender\viewcreatecostestimate.php(137): CodeIgniter\Debug\Exceptions->errorHandler(2, 'Undefined variable $result', 'C:\\xampp\\htdocs\\IPMS\\app\\Views\\sys\\tender\\viewcreatecostestimate.php', 137)
 2 SYSTEMPATH\View\View.php(224): include('C:\\xampp\\htdocs\\IPMS\\app\\Views\\sys\\tender\\viewcreatecostestimate.php')
 3 SYSTEMPATH\View\View.php(227): CodeIgniter\View\View->CodeIgniter\View\{closure}()
 4 SYSTEMPATH\Common.php(1176): CodeIgniter\View\View->render('sys/tender/viewcreatecostestimate', [], true)
 5 APPPATH\Controllers\Tender.php(615): view('sys/tender/viewcreatecostestimate', [...])
 6 SYSTEMPATH\CodeIgniter.php(932): App\Controllers\Tender->viewcreatecostestimate()
 7 SYSTEMPATH\CodeIgniter.php(497): CodeIgniter\CodeIgniter->runController(Object(App\Controllers\Tender))
 8 SYSTEMPATH\CodeIgniter.php(366): CodeIgniter\CodeIgniter->handleRequest(null, Object(Config\Cache), false)
 9 FCPATH\index.php(67): CodeIgniter\CodeIgniter->run()
CRITICAL - 2024-04-19 04:39:49 --> Undefined variable $result
in APPPATH\Views\sys\tender\viewcreatecostestimate.php on line 136.
 1 APPPATH\Views\sys\tender\viewcreatecostestimate.php(136): CodeIgniter\Debug\Exceptions->errorHandler(2, 'Undefined variable $result', 'C:\\xampp\\htdocs\\IPMS\\app\\Views\\sys\\tender\\viewcreatecostestimate.php', 136)
 2 SYSTEMPATH\View\View.php(224): include('C:\\xampp\\htdocs\\IPMS\\app\\Views\\sys\\tender\\viewcreatecostestimate.php')
 3 SYSTEMPATH\View\View.php(227): CodeIgniter\View\View->CodeIgniter\View\{closure}()
 4 SYSTEMPATH\Common.php(1176): CodeIgniter\View\View->render('sys/tender/viewcreatecostestimate', [], true)
 5 APPPATH\Controllers\Tender.php(615): view('sys/tender/viewcreatecostestimate', [...])
 6 SYSTEMPATH\CodeIgniter.php(932): App\Controllers\Tender->viewcreatecostestimate()
 7 SYSTEMPATH\CodeIgniter.php(497): CodeIgniter\CodeIgniter->runController(Object(App\Controllers\Tender))
 8 SYSTEMPATH\CodeIgniter.php(366): CodeIgniter\CodeIgniter->handleRequest(null, Object(Config\Cache), false)
 9 FCPATH\index.php(67): CodeIgniter\CodeIgniter->run()
CRITICAL - 2024-04-19 04:56:56 --> Undefined variable $result
in APPPATH\Views\sys\tender\viewcreatecostestimate.php on line 136.
 1 APPPATH\Views\sys\tender\viewcreatecostestimate.php(136): CodeIgniter\Debug\Exceptions->errorHandler(2, 'Undefined variable $result', 'C:\\xampp\\htdocs\\IPMS\\app\\Views\\sys\\tender\\viewcreatecostestimate.php', 136)
 2 SYSTEMPATH\View\View.php(224): include('C:\\xampp\\htdocs\\IPMS\\app\\Views\\sys\\tender\\viewcreatecostestimate.php')
 3 SYSTEMPATH\View\View.php(227): CodeIgniter\View\View->CodeIgniter\View\{closure}()
 4 SYSTEMPATH\Common.php(1176): CodeIgniter\View\View->render('sys/tender/viewcreatecostestimate', [], true)
 5 APPPATH\Controllers\Tender.php(615): view('sys/tender/viewcreatecostestimate', [...])
 6 SYSTEMPATH\CodeIgniter.php(932): App\Controllers\Tender->viewcreatecostestimate()
 7 SYSTEMPATH\CodeIgniter.php(497): CodeIgniter\CodeIgniter->runController(Object(App\Controllers\Tender))
 8 SYSTEMPATH\CodeIgniter.php(366): CodeIgniter\CodeIgniter->handleRequest(null, Object(Config\Cache), false)
 9 FCPATH\index.php(67): CodeIgniter\CodeIgniter->run()
CRITICAL - 2024-04-19 06:13:04 --> Undefined array key "BStartDate"
in APPPATH\Views\sys\Reports\TECReport.php on line 52.
 1 APPPATH\Views\sys\Reports\TECReport.php(52): CodeIgniter\Debug\Exceptions->errorHandler(2, 'Undefined array key "BStartDate"', 'C:\\xampp\\htdocs\\IPMS\\app\\Views\\sys\\Reports\\TECReport.php', 52)
 2 SYSTEMPATH\View\View.php(224): include('C:\\xampp\\htdocs\\IPMS\\app\\Views\\sys\\Reports\\TECReport.php')
 3 SYSTEMPATH\View\View.php(227): CodeIgniter\View\View->CodeIgniter\View\{closure}()
 4 SYSTEMPATH\Common.php(1176): CodeIgniter\View\View->render('sys/Reports/TECReport', [], true)
 5 APPPATH\Controllers\Reports.php(166): view('sys/Reports/TECReport', [...])
 6 SYSTEMPATH\CodeIgniter.php(932): App\Controllers\Reports->TECReport('3')
 7 SYSTEMPATH\CodeIgniter.php(497): CodeIgniter\CodeIgniter->runController(Object(App\Controllers\Reports))
 8 SYSTEMPATH\CodeIgniter.php(366): CodeIgniter\CodeIgniter->handleRequest(null, Object(Config\Cache), false)
 9 FCPATH\index.php(67): CodeIgniter\CodeIgniter->run()
CRITICAL - 2024-04-19 06:14:22 --> Undefined array key "BStartDate"
in APPPATH\Views\sys\Reports\TECReport.php on line 52.
 1 APPPATH\Views\sys\Reports\TECReport.php(52): CodeIgniter\Debug\Exceptions->errorHandler(2, 'Undefined array key "BStartDate"', 'C:\\xampp\\htdocs\\IPMS\\app\\Views\\sys\\Reports\\TECReport.php', 52)
 2 SYSTEMPATH\View\View.php(224): include('C:\\xampp\\htdocs\\IPMS\\app\\Views\\sys\\Reports\\TECReport.php')
 3 SYSTEMPATH\View\View.php(227): CodeIgniter\View\View->CodeIgniter\View\{closure}()
 4 SYSTEMPATH\Common.php(1176): CodeIgniter\View\View->render('sys/Reports/TECReport', [], true)
 5 APPPATH\Controllers\Reports.php(167): view('sys/Reports/TECReport', [...])
 6 SYSTEMPATH\CodeIgniter.php(932): App\Controllers\Reports->TECReport('3')
 7 SYSTEMPATH\CodeIgniter.php(497): CodeIgniter\CodeIgniter->runController(Object(App\Controllers\Reports))
 8 SYSTEMPATH\CodeIgniter.php(366): CodeIgniter\CodeIgniter->handleRequest(null, Object(Config\Cache), false)
 9 FCPATH\index.php(67): CodeIgniter\CodeIgniter->run()
CRITICAL - 2024-04-19 06:14:24 --> Undefined array key "BStartDate"
in APPPATH\Views\sys\Reports\TECReport.php on line 52.
 1 APPPATH\Views\sys\Reports\TECReport.php(52): CodeIgniter\Debug\Exceptions->errorHandler(2, 'Undefined array key "BStartDate"', 'C:\\xampp\\htdocs\\IPMS\\app\\Views\\sys\\Reports\\TECReport.php', 52)
 2 SYSTEMPATH\View\View.php(224): include('C:\\xampp\\htdocs\\IPMS\\app\\Views\\sys\\Reports\\TECReport.php')
 3 SYSTEMPATH\View\View.php(227): CodeIgniter\View\View->CodeIgniter\View\{closure}()
 4 SYSTEMPATH\Common.php(1176): CodeIgniter\View\View->render('sys/Reports/TECReport', [], true)
 5 APPPATH\Controllers\Reports.php(167): view('sys/Reports/TECReport', [...])
 6 SYSTEMPATH\CodeIgniter.php(932): App\Controllers\Reports->TECReport('3')
 7 SYSTEMPATH\CodeIgniter.php(497): CodeIgniter\CodeIgniter->runController(Object(App\Controllers\Reports))
 8 SYSTEMPATH\CodeIgniter.php(366): CodeIgniter\CodeIgniter->handleRequest(null, Object(Config\Cache), false)
 9 FCPATH\index.php(67): CodeIgniter\CodeIgniter->run()
CRITICAL - 2024-04-19 09:20:29 --> Undefined array key "BStartDate"
in APPPATH\Views\sys\Reports\PCAReport.php on line 52.
 1 APPPATH\Views\sys\Reports\PCAReport.php(52): CodeIgniter\Debug\Exceptions->errorHandler(2, 'Undefined array key "BStartDate"', 'C:\\xampp\\htdocs\\IPMS\\app\\Views\\sys\\Reports\\PCAReport.php', 52)
 2 SYSTEMPATH\View\View.php(224): include('C:\\xampp\\htdocs\\IPMS\\app\\Views\\sys\\Reports\\PCAReport.php')
 3 SYSTEMPATH\View\View.php(227): CodeIgniter\View\View->CodeIgniter\View\{closure}()
 4 SYSTEMPATH\Common.php(1176): CodeIgniter\View\View->render('sys/Reports/PCAReport', [], true)
 5 APPPATH\Controllers\Reports.php(248): view('sys/Reports/PCAReport', [...])
 6 SYSTEMPATH\CodeIgniter.php(932): App\Controllers\Reports->PCAReport('3')
 7 SYSTEMPATH\CodeIgniter.php(497): CodeIgniter\CodeIgniter->runController(Object(App\Controllers\Reports))
 8 SYSTEMPATH\CodeIgniter.php(366): CodeIgniter\CodeIgniter->handleRequest(null, Object(Config\Cache), false)
 9 FCPATH\index.php(67): CodeIgniter\CodeIgniter->run()
CRITICAL - 2024-04-19 10:26:09 --> Undefined variable $Tender
in APPPATH\Controllers\Tender.php on line 949.
 1 APPPATH\Controllers\Tender.php(949): CodeIgniter\Debug\Exceptions->errorHandler(2, 'Undefined variable $Tender', 'C:\\xampp\\htdocs\\IPMS\\app\\Controllers\\Tender.php', 949)
 2 SYSTEMPATH\CodeIgniter.php(932): App\Controllers\Tender->ViewTCEstimate('6')
 3 SYSTEMPATH\CodeIgniter.php(497): CodeIgniter\CodeIgniter->runController(Object(App\Controllers\Tender))
 4 SYSTEMPATH\CodeIgniter.php(366): CodeIgniter\CodeIgniter->handleRequest(null, Object(Config\Cache), false)
 5 FCPATH\index.php(67): CodeIgniter\CodeIgniter->run()
CRITICAL - 2024-04-19 10:54:47 --> Undefined array key "balanceamount"
in APPPATH\Views\sys\tender\ViewTCEstimate.php on line 129.
 1 APPPATH\Views\sys\tender\ViewTCEstimate.php(129): CodeIgniter\Debug\Exceptions->errorHandler(2, 'Undefined array key "balanceamount"', 'C:\\xampp\\htdocs\\IPMS\\app\\Views\\sys\\tender\\ViewTCEstimate.php', 129)
 2 SYSTEMPATH\View\View.php(224): include('C:\\xampp\\htdocs\\IPMS\\app\\Views\\sys\\tender\\ViewTCEstimate.php')
 3 SYSTEMPATH\View\View.php(227): CodeIgniter\View\View->CodeIgniter\View\{closure}()
 4 SYSTEMPATH\Common.php(1176): CodeIgniter\View\View->render('sys/tender/ViewTCEstimate', [], true)
 5 APPPATH\Controllers\Tender.php(953): view('sys/tender/ViewTCEstimate', [...])
 6 SYSTEMPATH\CodeIgniter.php(932): App\Controllers\Tender->ViewTCEstimate('6')
 7 SYSTEMPATH\CodeIgniter.php(497): CodeIgniter\CodeIgniter->runController(Object(App\Controllers\Tender))
 8 SYSTEMPATH\CodeIgniter.php(366): CodeIgniter\CodeIgniter->handleRequest(null, Object(Config\Cache), false)
 9 FCPATH\index.php(67): CodeIgniter\CodeIgniter->run()
CRITICAL - 2024-04-19 15:43:49 --> Undefined array key "vat"
in APPPATH\Views\sys\tender\ViewTCEstimate.php on line 141.
 1 APPPATH\Views\sys\tender\ViewTCEstimate.php(141): CodeIgniter\Debug\Exceptions->errorHandler(2, 'Undefined array key "vat"', 'C:\\xampp\\htdocs\\IPMS\\app\\Views\\sys\\tender\\ViewTCEstimate.php', 141)
 2 SYSTEMPATH\View\View.php(224): include('C:\\xampp\\htdocs\\IPMS\\app\\Views\\sys\\tender\\ViewTCEstimate.php')
 3 SYSTEMPATH\View\View.php(227): CodeIgniter\View\View->CodeIgniter\View\{closure}()
 4 SYSTEMPATH\Common.php(1176): CodeIgniter\View\View->render('sys/tender/ViewTCEstimate', [], true)
 5 APPPATH\Controllers\Tender.php(953): view('sys/tender/ViewTCEstimate', [...])
 6 SYSTEMPATH\CodeIgniter.php(932): App\Controllers\Tender->ViewTCEstimate('6')
 7 SYSTEMPATH\CodeIgniter.php(497): CodeIgniter\CodeIgniter->runController(Object(App\Controllers\Tender))
 8 SYSTEMPATH\CodeIgniter.php(366): CodeIgniter\CodeIgniter->handleRequest(null, Object(Config\Cache), false)
 9 FCPATH\index.php(67): CodeIgniter\CodeIgniter->run()
CRITICAL - 2024-04-19 15:44:55 --> Undefined array key "vat"
in APPPATH\Views\sys\tender\ViewTCEstimate.php on line 139.
 1 APPPATH\Views\sys\tender\ViewTCEstimate.php(139): CodeIgniter\Debug\Exceptions->errorHandler(2, 'Undefined array key "vat"', 'C:\\xampp\\htdocs\\IPMS\\app\\Views\\sys\\tender\\ViewTCEstimate.php', 139)
 2 SYSTEMPATH\View\View.php(224): include('C:\\xampp\\htdocs\\IPMS\\app\\Views\\sys\\tender\\ViewTCEstimate.php')
 3 SYSTEMPATH\View\View.php(227): CodeIgniter\View\View->CodeIgniter\View\{closure}()
 4 SYSTEMPATH\Common.php(1176): CodeIgniter\View\View->render('sys/tender/ViewTCEstimate', [], true)
 5 APPPATH\Controllers\Tender.php(953): view('sys/tender/ViewTCEstimate', [...])
 6 SYSTEMPATH\CodeIgniter.php(932): App\Controllers\Tender->ViewTCEstimate('6')
 7 SYSTEMPATH\CodeIgniter.php(497): CodeIgniter\CodeIgniter->runController(Object(App\Controllers\Tender))
 8 SYSTEMPATH\CodeIgniter.php(366): CodeIgniter\CodeIgniter->handleRequest(null, Object(Config\Cache), false)
 9 FCPATH\index.php(67): CodeIgniter\CodeIgniter->run()
CRITICAL - 2024-04-19 15:45:20 --> Unmatched '}'
in APPPATH\Views\sys\tender\ViewTCEstimate.php on line 145.
 1 SYSTEMPATH\View\View.php(227): CodeIgniter\View\View->CodeIgniter\View\{closure}()
 2 SYSTEMPATH\Common.php(1176): CodeIgniter\View\View->render('sys/tender/ViewTCEstimate', [], true)
 3 APPPATH\Controllers\Tender.php(953): view('sys/tender/ViewTCEstimate', [...])
 4 SYSTEMPATH\CodeIgniter.php(932): App\Controllers\Tender->ViewTCEstimate('6')
 5 SYSTEMPATH\CodeIgniter.php(497): CodeIgniter\CodeIgniter->runController(Object(App\Controllers\Tender))
 6 SYSTEMPATH\CodeIgniter.php(366): CodeIgniter\CodeIgniter->handleRequest(null, Object(Config\Cache), false)
 7 FCPATH\index.php(67): CodeIgniter\CodeIgniter->run()
CRITICAL - 2024-04-19 15:45:53 --> Undefined array key "vat"
in APPPATH\Views\sys\tender\ViewTCEstimate.php on line 133.
 1 APPPATH\Views\sys\tender\ViewTCEstimate.php(133): CodeIgniter\Debug\Exceptions->errorHandler(2, 'Undefined array key "vat"', 'C:\\xampp\\htdocs\\IPMS\\app\\Views\\sys\\tender\\ViewTCEstimate.php', 133)
 2 SYSTEMPATH\View\View.php(224): include('C:\\xampp\\htdocs\\IPMS\\app\\Views\\sys\\tender\\ViewTCEstimate.php')
 3 SYSTEMPATH\View\View.php(227): CodeIgniter\View\View->CodeIgniter\View\{closure}()
 4 SYSTEMPATH\Common.php(1176): CodeIgniter\View\View->render('sys/tender/ViewTCEstimate', [], true)
 5 APPPATH\Controllers\Tender.php(953): view('sys/tender/ViewTCEstimate', [...])
 6 SYSTEMPATH\CodeIgniter.php(932): App\Controllers\Tender->ViewTCEstimate('6')
 7 SYSTEMPATH\CodeIgniter.php(497): CodeIgniter\CodeIgniter->runController(Object(App\Controllers\Tender))
 8 SYSTEMPATH\CodeIgniter.php(366): CodeIgniter\CodeIgniter->handleRequest(null, Object(Config\Cache), false)
 9 FCPATH\index.php(67): CodeIgniter\CodeIgniter->run()
CRITICAL - 2024-04-19 16:05:08 --> Undefined array key "vat"
in APPPATH\Views\sys\tender\ViewTCEstimate.php on line 133.
 1 APPPATH\Views\sys\tender\ViewTCEstimate.php(133): CodeIgniter\Debug\Exceptions->errorHandler(2, 'Undefined array key "vat"', 'C:\\xampp\\htdocs\\IPMS\\app\\Views\\sys\\tender\\ViewTCEstimate.php', 133)
 2 SYSTEMPATH\View\View.php(224): include('C:\\xampp\\htdocs\\IPMS\\app\\Views\\sys\\tender\\ViewTCEstimate.php')
 3 SYSTEMPATH\View\View.php(227): CodeIgniter\View\View->CodeIgniter\View\{closure}()
 4 SYSTEMPATH\Common.php(1176): CodeIgniter\View\View->render('sys/tender/ViewTCEstimate', [], true)
 5 APPPATH\Controllers\Tender.php(954): view('sys/tender/ViewTCEstimate', [...])
 6 SYSTEMPATH\CodeIgniter.php(932): App\Controllers\Tender->ViewTCEstimate('6')
 7 SYSTEMPATH\CodeIgniter.php(497): CodeIgniter\CodeIgniter->runController(Object(App\Controllers\Tender))
 8 SYSTEMPATH\CodeIgniter.php(366): CodeIgniter\CodeIgniter->handleRequest(null, Object(Config\Cache), false)
 9 FCPATH\index.php(67): CodeIgniter\CodeIgniter->run()
CRITICAL - 2024-04-19 16:05:11 --> Undefined array key "vat"
in APPPATH\Views\sys\tender\ViewTCEstimate.php on line 133.
 1 APPPATH\Views\sys\tender\ViewTCEstimate.php(133): CodeIgniter\Debug\Exceptions->errorHandler(2, 'Undefined array key "vat"', 'C:\\xampp\\htdocs\\IPMS\\app\\Views\\sys\\tender\\ViewTCEstimate.php', 133)
 2 SYSTEMPATH\View\View.php(224): include('C:\\xampp\\htdocs\\IPMS\\app\\Views\\sys\\tender\\ViewTCEstimate.php')
 3 SYSTEMPATH\View\View.php(227): CodeIgniter\View\View->CodeIgniter\View\{closure}()
 4 SYSTEMPATH\Common.php(1176): CodeIgniter\View\View->render('sys/tender/ViewTCEstimate', [], true)
 5 APPPATH\Controllers\Tender.php(954): view('sys/tender/ViewTCEstimate', [...])
 6 SYSTEMPATH\CodeIgniter.php(932): App\Controllers\Tender->ViewTCEstimate('6')
 7 SYSTEMPATH\CodeIgniter.php(497): CodeIgniter\CodeIgniter->runController(Object(App\Controllers\Tender))
 8 SYSTEMPATH\CodeIgniter.php(366): CodeIgniter\CodeIgniter->handleRequest(null, Object(Config\Cache), false)
 9 FCPATH\index.php(67): CodeIgniter\CodeIgniter->run()
CRITICAL - 2024-04-19 16:56:28 --> Undefined variable $grandTotalOCost
in APPPATH\Views\sys\tender\ViewTCEstimate.php on line 29.
 1 APPPATH\Views\sys\tender\ViewTCEstimate.php(29): CodeIgniter\Debug\Exceptions->errorHandler(2, 'Undefined variable $grandTotalOCost', 'C:\\xampp\\htdocs\\IPMS\\app\\Views\\sys\\tender\\ViewTCEstimate.php', 29)
 2 SYSTEMPATH\View\View.php(224): include('C:\\xampp\\htdocs\\IPMS\\app\\Views\\sys\\tender\\ViewTCEstimate.php')
 3 SYSTEMPATH\View\View.php(227): CodeIgniter\View\View->CodeIgniter\View\{closure}()
 4 SYSTEMPATH\Common.php(1176): CodeIgniter\View\View->render('sys/tender/ViewTCEstimate', [], true)
 5 APPPATH\Controllers\Tender.php(954): view('sys/tender/ViewTCEstimate', [...])
 6 SYSTEMPATH\CodeIgniter.php(932): App\Controllers\Tender->ViewTCEstimate('6')
 7 SYSTEMPATH\CodeIgniter.php(497): CodeIgniter\CodeIgniter->runController(Object(App\Controllers\Tender))
 8 SYSTEMPATH\CodeIgniter.php(366): CodeIgniter\CodeIgniter->handleRequest(null, Object(Config\Cache), false)
 9 FCPATH\index.php(67): CodeIgniter\CodeIgniter->run()
ERROR - 2024-04-19 17:08:59 --> mysqli_sql_exception: Column 'TId' cannot be null in C:\xampp\htdocs\IPMS\system\Database\MySQLi\Connection.php:295
Stack trace:
#0 C:\xampp\htdocs\IPMS\system\Database\MySQLi\Connection.php(295): mysqli->query('INSERT INTO `Co...', 0)
#1 C:\xampp\htdocs\IPMS\system\Database\BaseConnection.php(692): CodeIgniter\Database\MySQLi\Connection->execute('INSERT INTO `Co...')
#2 C:\xampp\htdocs\IPMS\system\Database\BaseConnection.php(606): CodeIgniter\Database\BaseConnection->simpleQuery('INSERT INTO `Co...')
#3 C:\xampp\htdocs\IPMS\system\Database\BaseBuilder.php(2309): CodeIgniter\Database\BaseConnection->query('INSERT INTO `Co...', Array, false)
#4 C:\xampp\htdocs\IPMS\system\Model.php(330): CodeIgniter\Database\BaseBuilder->insert()
#5 C:\xampp\htdocs\IPMS\system\BaseModel.php(782): CodeIgniter\Model->doInsert(Array)
#6 C:\xampp\htdocs\IPMS\system\Model.php(730): CodeIgniter\BaseModel->insert(Array, false)
#7 C:\xampp\htdocs\IPMS\system\BaseModel.php(692): CodeIgniter\Model->insert(Array, false)
#8 C:\xampp\htdocs\IPMS\app\Controllers\Tender.php(680): CodeIgniter\BaseModel->save(Array)
#9 C:\xampp\htdocs\IPMS\system\CodeIgniter.php(932): App\Controllers\Tender->updatecostestimate()
#10 C:\xampp\htdocs\IPMS\system\CodeIgniter.php(497): CodeIgniter\CodeIgniter->runController(Object(App\Controllers\Tender))
#11 C:\xampp\htdocs\IPMS\system\CodeIgniter.php(366): CodeIgniter\CodeIgniter->handleRequest(NULL, Object(Config\Cache), false)
#12 C:\xampp\htdocs\IPMS\index.php(67): CodeIgniter\CodeIgniter->run()
#13 {main}
CRITICAL - 2024-04-19 17:08:59 --> Column 'TId' cannot be null
in SYSTEMPATH\Database\MySQLi\Connection.php on line 295.
 1 SYSTEMPATH\Database\MySQLi\Connection.php(295): mysqli->query('INSERT INTO `CostestimateMaster` (`TId`, `IId`, `ItemName`, `UCost`, `Qty`, `Total_Cost`, `vat`, `vatAmmount`, `ETotalC`) VALUES (NULL, \'97\', NULL, \'75000.00\', \'5\', 375000, \'18\', 67500, 442500)', 0)
 2 SYSTEMPATH\Database\BaseConnection.php(692): CodeIgniter\Database\MySQLi\Connection->execute('INSERT INTO `CostestimateMaster` (`TId`, `IId`, `ItemName`, `UCost`, `Qty`, `Total_Cost`, `vat`, `vatAmmount`, `ETotalC`) VALUES (NULL, \'97\', NULL, \'75000.00\', \'5\', 375000, \'18\', 67500, 442500)')
 3 SYSTEMPATH\Database\BaseConnection.php(606): CodeIgniter\Database\BaseConnection->simpleQuery('INSERT INTO `CostestimateMaster` (`TId`, `IId`, `ItemName`, `UCost`, `Qty`, `Total_Cost`, `vat`, `vatAmmount`, `ETotalC`) VALUES (NULL, \'97\', NULL, \'75000.00\', \'5\', 375000, \'18\', 67500, 442500)')
 4 SYSTEMPATH\Database\BaseBuilder.php(2309): CodeIgniter\Database\BaseConnection->query('INSERT INTO `CostestimateMaster` (`TId`, `IId`, `ItemName`, `UCost`, `Qty`, `Total_Cost`, `vat`, `vatAmmount`, `ETotalC`) VALUES (:TId:, :IId:, :ItemName:, :UCost:, :Qty:, :Total_Cost:, :vat:, :vatAmmount:, :ETotalC:)', [...], false)
 5 SYSTEMPATH\Model.php(330): CodeIgniter\Database\BaseBuilder->insert()
 6 SYSTEMPATH\BaseModel.php(782): CodeIgniter\Model->doInsert([...])
 7 SYSTEMPATH\Model.php(730): CodeIgniter\BaseModel->insert([...], false)
 8 SYSTEMPATH\BaseModel.php(692): CodeIgniter\Model->insert([...], false)
 9 APPPATH\Controllers\Tender.php(680): CodeIgniter\BaseModel->save([...])
10 SYSTEMPATH\CodeIgniter.php(932): App\Controllers\Tender->updatecostestimate()
11 SYSTEMPATH\CodeIgniter.php(497): CodeIgniter\CodeIgniter->runController(Object(App\Controllers\Tender))
12 SYSTEMPATH\CodeIgniter.php(366): CodeIgniter\CodeIgniter->handleRequest(null, Object(Config\Cache), false)
13 FCPATH\index.php(67): CodeIgniter\CodeIgniter->run()
CRITICAL - 2024-04-19 17:55:22 --> Undefined variable $grandTotalOCost
in APPPATH\Views\sys\tender\createcostestimate.php on line 57.
 1 APPPATH\Views\sys\tender\createcostestimate.php(57): CodeIgniter\Debug\Exceptions->errorHandler(2, 'Undefined variable $grandTotalOCost', 'C:\\xampp\\htdocs\\IPMS\\app\\Views\\sys\\tender\\createcostestimate.php', 57)
 2 SYSTEMPATH\View\View.php(224): include('C:\\xampp\\htdocs\\IPMS\\app\\Views\\sys\\tender\\createcostestimate.php')
 3 SYSTEMPATH\View\View.php(227): CodeIgniter\View\View->CodeIgniter\View\{closure}()
 4 SYSTEMPATH\Common.php(1176): CodeIgniter\View\View->render('sys/tender/createcostestimate', [], true)
 5 APPPATH\Controllers\Tender.php(585): view('sys/tender/createcostestimate', [...])
 6 SYSTEMPATH\CodeIgniter.php(932): App\Controllers\Tender->createcostestimate('8')
 7 SYSTEMPATH\CodeIgniter.php(497): CodeIgniter\CodeIgniter->runController(Object(App\Controllers\Tender))
 8 SYSTEMPATH\CodeIgniter.php(366): CodeIgniter\CodeIgniter->handleRequest(null, Object(Config\Cache), false)
 9 FCPATH\index.php(67): CodeIgniter\CodeIgniter->run()
CRITICAL - 2024-04-19 18:02:14 --> Undefined variable $result
in APPPATH\Views\sys\tender\viewcreatecostestimate.php on line 134.
 1 APPPATH\Views\sys\tender\viewcreatecostestimate.php(134): CodeIgniter\Debug\Exceptions->errorHandler(2, 'Undefined variable $result', 'C:\\xampp\\htdocs\\IPMS\\app\\Views\\sys\\tender\\viewcreatecostestimate.php', 134)
 2 SYSTEMPATH\View\View.php(224): include('C:\\xampp\\htdocs\\IPMS\\app\\Views\\sys\\tender\\viewcreatecostestimate.php')
 3 SYSTEMPATH\View\View.php(227): CodeIgniter\View\View->CodeIgniter\View\{closure}()
 4 SYSTEMPATH\Common.php(1176): CodeIgniter\View\View->render('sys/tender/viewcreatecostestimate', [], true)
 5 APPPATH\Controllers\Tender.php(621): view('sys/tender/viewcreatecostestimate', [...])
 6 SYSTEMPATH\CodeIgniter.php(932): App\Controllers\Tender->viewcreatecostestimate('15')
 7 SYSTEMPATH\CodeIgniter.php(497): CodeIgniter\CodeIgniter->runController(Object(App\Controllers\Tender))
 8 SYSTEMPATH\CodeIgniter.php(366): CodeIgniter\CodeIgniter->handleRequest(null, Object(Config\Cache), false)
 9 FCPATH\index.php(67): CodeIgniter\CodeIgniter->run()
CRITICAL - 2024-04-19 18:04:14 --> Undefined variable $grandTotalOCost
in APPPATH\Views\sys\tender\createcostestimate.php on line 57.
 1 APPPATH\Views\sys\tender\createcostestimate.php(57): CodeIgniter\Debug\Exceptions->errorHandler(2, 'Undefined variable $grandTotalOCost', 'C:\\xampp\\htdocs\\IPMS\\app\\Views\\sys\\tender\\createcostestimate.php', 57)
 2 SYSTEMPATH\View\View.php(224): include('C:\\xampp\\htdocs\\IPMS\\app\\Views\\sys\\tender\\createcostestimate.php')
 3 SYSTEMPATH\View\View.php(227): CodeIgniter\View\View->CodeIgniter\View\{closure}()
 4 SYSTEMPATH\Common.php(1176): CodeIgniter\View\View->render('sys/tender/createcostestimate', [], true)
 5 APPPATH\Controllers\Tender.php(585): view('sys/tender/createcostestimate', [...])
 6 SYSTEMPATH\CodeIgniter.php(932): App\Controllers\Tender->createcostestimate('15')
 7 SYSTEMPATH\CodeIgniter.php(497): CodeIgniter\CodeIgniter->runController(Object(App\Controllers\Tender))
 8 SYSTEMPATH\CodeIgniter.php(366): CodeIgniter\CodeIgniter->handleRequest(null, Object(Config\Cache), false)
 9 FCPATH\index.php(67): CodeIgniter\CodeIgniter->run()
CRITICAL - 2024-04-19 18:05:23 --> Undefined variable $grandTotalOCost
in APPPATH\Views\sys\tender\createcostestimate.php on line 57.
 1 APPPATH\Views\sys\tender\createcostestimate.php(57): CodeIgniter\Debug\Exceptions->errorHandler(2, 'Undefined variable $grandTotalOCost', 'C:\\xampp\\htdocs\\IPMS\\app\\Views\\sys\\tender\\createcostestimate.php', 57)
 2 SYSTEMPATH\View\View.php(224): include('C:\\xampp\\htdocs\\IPMS\\app\\Views\\sys\\tender\\createcostestimate.php')
 3 SYSTEMPATH\View\View.php(227): CodeIgniter\View\View->CodeIgniter\View\{closure}()
 4 SYSTEMPATH\Common.php(1176): CodeIgniter\View\View->render('sys/tender/createcostestimate', [], true)
 5 APPPATH\Controllers\Tender.php(585): view('sys/tender/createcostestimate', [...])
 6 SYSTEMPATH\CodeIgniter.php(932): App\Controllers\Tender->createcostestimate('9')
 7 SYSTEMPATH\CodeIgniter.php(497): CodeIgniter\CodeIgniter->runController(Object(App\Controllers\Tender))
 8 SYSTEMPATH\CodeIgniter.php(366): CodeIgniter\CodeIgniter->handleRequest(null, Object(Config\Cache), false)
 9 FCPATH\index.php(67): CodeIgniter\CodeIgniter->run()
