CRITICAL - 2024-02-11 04:39:27 --> Undefined variable $result
in APPPATH\Views\sys\BidEvaluation\TECEvaluation.php on line 80.
 1 APPPATH\Views\sys\BidEvaluation\TECEvaluation.php(80): CodeIgniter\Debug\Exceptions->errorHandler(2, 'Undefined variable $result', 'C:\\xampp\\htdocs\\IPMS\\app\\Views\\sys\\BidEvaluation\\TECEvaluation.php', 80)
 2 SYSTEMPATH\View\View.php(224): include('C:\\xampp\\htdocs\\IPMS\\app\\Views\\sys\\BidEvaluation\\TECEvaluation.php')
 3 SYSTEMPATH\View\View.php(227): CodeIgniter\View\View->CodeIgniter\View\{closure}()
 4 SYSTEMPATH\Common.php(1176): CodeIgniter\View\View->render('sys/BidEvaluation/TECEvaluation', [], true)
 5 APPPATH\Controllers\BidEvaluation.php(117): view('sys/BidEvaluation/TECEvaluation', [...])
 6 SYSTEMPATH\CodeIgniter.php(932): App\Controllers\BidEvaluation->TECEvaluation('51')
 7 SYSTEMPATH\CodeIgniter.php(497): CodeIgniter\CodeIgniter->runController(Object(App\Controllers\BidEvaluation))
 8 SYSTEMPATH\CodeIgniter.php(366): CodeIgniter\CodeIgniter->handleRequest(null, Object(Config\Cache), false)
 9 FCPATH\index.php(67): CodeIgniter\CodeIgniter->run()
CRITICAL - 2024-02-11 06:02:59 --> Invalid file: "employee/add.php"
in SYSTEMPATH\Exceptions\FrameworkException.php on line 33.
 1 SYSTEMPATH\View\View.php(212): CodeIgniter\Exceptions\FrameworkException::forInvalidFile('employee/add.php')
 2 SYSTEMPATH\Common.php(1176): CodeIgniter\View\View->render('employee/add', [], true)
 3 APPPATH\Controllers\Employee.php(54): view('employee/add', [...])
 4 SYSTEMPATH\CodeIgniter.php(932): App\Controllers\Employee->add()
 5 SYSTEMPATH\CodeIgniter.php(497): CodeIgniter\CodeIgniter->runController(Object(App\Controllers\Employee))
 6 SYSTEMPATH\CodeIgniter.php(366): CodeIgniter\CodeIgniter->handleRequest(null, Object(Config\Cache), false)
 7 FCPATH\index.php(67): CodeIgniter\CodeIgniter->run()
CRITICAL - 2024-02-11 06:03:06 --> Invalid file: "employee/add.php"
in SYSTEMPATH\Exceptions\FrameworkException.php on line 33.
 1 SYSTEMPATH\View\View.php(212): CodeIgniter\Exceptions\FrameworkException::forInvalidFile('employee/add.php')
 2 SYSTEMPATH\Common.php(1176): CodeIgniter\View\View->render('employee/add', [], true)
 3 APPPATH\Controllers\Employee.php(54): view('employee/add', [...])
 4 SYSTEMPATH\CodeIgniter.php(932): App\Controllers\Employee->add()
 5 SYSTEMPATH\CodeIgniter.php(497): CodeIgniter\CodeIgniter->runController(Object(App\Controllers\Employee))
 6 SYSTEMPATH\CodeIgniter.php(366): CodeIgniter\CodeIgniter->handleRequest(null, Object(Config\Cache), false)
 7 FCPATH\index.php(67): CodeIgniter\CodeIgniter->run()
CRITICAL - 2024-02-11 06:06:11 --> Trying to access array offset on value of type null
in APPPATH\Views\sys\employee\edit.php on line 23.
 1 APPPATH\Views\sys\employee\edit.php(23): CodeIgniter\Debug\Exceptions->errorHandler(2, 'Trying to access array offset on value of type null', 'C:\\xampp\\htdocs\\IPMS\\app\\Views\\sys\\employee\\edit.php', 23)
 2 SYSTEMPATH\View\View.php(224): include('C:\\xampp\\htdocs\\IPMS\\app\\Views\\sys\\employee\\edit.php')
 3 SYSTEMPATH\View\View.php(227): CodeIgniter\View\View->CodeIgniter\View\{closure}()
 4 SYSTEMPATH\Common.php(1176): CodeIgniter\View\View->render('sys/employee/edit', [], true)
 5 APPPATH\Controllers\Employee.php(147): view('sys/employee/edit', [...])
 6 SYSTEMPATH\CodeIgniter.php(932): App\Controllers\Employee->edit()
 7 SYSTEMPATH\CodeIgniter.php(497): CodeIgniter\CodeIgniter->runController(Object(App\Controllers\Employee))
 8 SYSTEMPATH\CodeIgniter.php(366): CodeIgniter\CodeIgniter->handleRequest(null, Object(Config\Cache), false)
 9 FCPATH\index.php(67): CodeIgniter\CodeIgniter->run()
CRITICAL - 2024-02-11 06:06:30 --> Trying to access array offset on value of type null
in APPPATH\Views\sys\employee\edit.php on line 23.
 1 APPPATH\Views\sys\employee\edit.php(23): CodeIgniter\Debug\Exceptions->errorHandler(2, 'Trying to access array offset on value of type null', 'C:\\xampp\\htdocs\\IPMS\\app\\Views\\sys\\employee\\edit.php', 23)
 2 SYSTEMPATH\View\View.php(224): include('C:\\xampp\\htdocs\\IPMS\\app\\Views\\sys\\employee\\edit.php')
 3 SYSTEMPATH\View\View.php(227): CodeIgniter\View\View->CodeIgniter\View\{closure}()
 4 SYSTEMPATH\Common.php(1176): CodeIgniter\View\View->render('sys/employee/edit', [], true)
 5 APPPATH\Controllers\Employee.php(147): view('sys/employee/edit', [...])
 6 SYSTEMPATH\CodeIgniter.php(932): App\Controllers\Employee->edit()
 7 SYSTEMPATH\CodeIgniter.php(497): CodeIgniter\CodeIgniter->runController(Object(App\Controllers\Employee))
 8 SYSTEMPATH\CodeIgniter.php(366): CodeIgniter\CodeIgniter->handleRequest(null, Object(Config\Cache), false)
 9 FCPATH\index.php(67): CodeIgniter\CodeIgniter->run()
CRITICAL - 2024-02-11 06:13:05 --> Undefined variable $result
in APPPATH\Views\sys\tender\viewmore.php on line 150.
 1 APPPATH\Views\sys\tender\viewmore.php(150): CodeIgniter\Debug\Exceptions->errorHandler(2, 'Undefined variable $result', 'C:\\xampp\\htdocs\\IPMS\\app\\Views\\sys\\tender\\viewmore.php', 150)
 2 SYSTEMPATH\View\View.php(224): include('C:\\xampp\\htdocs\\IPMS\\app\\Views\\sys\\tender\\viewmore.php')
 3 SYSTEMPATH\View\View.php(227): CodeIgniter\View\View->CodeIgniter\View\{closure}()
 4 SYSTEMPATH\Common.php(1176): CodeIgniter\View\View->render('sys/tender/viewmore', [], true)
 5 APPPATH\Controllers\Tender.php(280): view('sys/tender/viewmore', [...])
 6 SYSTEMPATH\CodeIgniter.php(932): App\Controllers\Tender->viewmore('assets', 'img', 'messages-1.jpg')
 7 SYSTEMPATH\CodeIgniter.php(497): CodeIgniter\CodeIgniter->runController(Object(App\Controllers\Tender))
 8 SYSTEMPATH\CodeIgniter.php(366): CodeIgniter\CodeIgniter->handleRequest(null, Object(Config\Cache), false)
 9 FCPATH\index.php(67): CodeIgniter\CodeIgniter->run()
CRITICAL - 2024-02-11 06:18:04 --> Trying to access array offset on value of type null
in APPPATH\Views\sys\tender\createSpec.php on line 38.
 1 APPPATH\Views\sys\tender\createSpec.php(38): CodeIgniter\Debug\Exceptions->errorHandler(2, 'Trying to access array offset on value of type null', 'C:\\xampp\\htdocs\\IPMS\\app\\Views\\sys\\tender\\createSpec.php', 38)
 2 SYSTEMPATH\View\View.php(224): include('C:\\xampp\\htdocs\\IPMS\\app\\Views\\sys\\tender\\createSpec.php')
 3 SYSTEMPATH\View\View.php(227): CodeIgniter\View\View->CodeIgniter\View\{closure}()
 4 SYSTEMPATH\Common.php(1176): CodeIgniter\View\View->render('sys/tender/createSpec', [], true)
 5 APPPATH\Controllers\Tender.php(231): view('sys/tender/createSpec', [...])
 6 SYSTEMPATH\CodeIgniter.php(932): App\Controllers\Tender->createSpec('assets', 'img', 'messages-1.jpg')
 7 SYSTEMPATH\CodeIgniter.php(497): CodeIgniter\CodeIgniter->runController(Object(App\Controllers\Tender))
 8 SYSTEMPATH\CodeIgniter.php(366): CodeIgniter\CodeIgniter->handleRequest(null, Object(Config\Cache), false)
 9 FCPATH\index.php(67): CodeIgniter\CodeIgniter->run()
CRITICAL - 2024-02-11 06:18:07 --> Undefined variable $result
in APPPATH\Views\sys\tender\viewmore.php on line 150.
 1 APPPATH\Views\sys\tender\viewmore.php(150): CodeIgniter\Debug\Exceptions->errorHandler(2, 'Undefined variable $result', 'C:\\xampp\\htdocs\\IPMS\\app\\Views\\sys\\tender\\viewmore.php', 150)
 2 SYSTEMPATH\View\View.php(224): include('C:\\xampp\\htdocs\\IPMS\\app\\Views\\sys\\tender\\viewmore.php')
 3 SYSTEMPATH\View\View.php(227): CodeIgniter\View\View->CodeIgniter\View\{closure}()
 4 SYSTEMPATH\Common.php(1176): CodeIgniter\View\View->render('sys/tender/viewmore', [], true)
 5 APPPATH\Controllers\Tender.php(280): view('sys/tender/viewmore', [...])
 6 SYSTEMPATH\CodeIgniter.php(932): App\Controllers\Tender->viewmore('assets', 'img', 'messages-1.jpg')
 7 SYSTEMPATH\CodeIgniter.php(497): CodeIgniter\CodeIgniter->runController(Object(App\Controllers\Tender))
 8 SYSTEMPATH\CodeIgniter.php(366): CodeIgniter\CodeIgniter->handleRequest(null, Object(Config\Cache), false)
 9 FCPATH\index.php(67): CodeIgniter\CodeIgniter->run()
CRITICAL - 2024-02-11 06:56:05 --> Undefined variable $resulti
in APPPATH\Views\web\viewBid.php on line 218.
 1 APPPATH\Views\web\viewBid.php(218): CodeIgniter\Debug\Exceptions->errorHandler(2, 'Undefined variable $resulti', 'C:\\xampp\\htdocs\\IPMS\\app\\Views\\web\\viewBid.php', 218)
 2 SYSTEMPATH\View\View.php(224): include('C:\\xampp\\htdocs\\IPMS\\app\\Views\\web\\viewBid.php')
 3 SYSTEMPATH\View\View.php(227): CodeIgniter\View\View->CodeIgniter\View\{closure}()
 4 SYSTEMPATH\Common.php(1176): CodeIgniter\View\View->render('web/viewBid', [], true)
 5 APPPATH\Controllers\Web.php(190): view('web/viewBid', [...])
 6 SYSTEMPATH\CodeIgniter.php(932): App\Controllers\Web->viewBid('4', 'public', 'assets_web', 'vendor', 'bootstrap', 'js', 'bootstrap.bundle.min.js')
 7 SYSTEMPATH\CodeIgniter.php(497): CodeIgniter\CodeIgniter->runController(Object(App\Controllers\Web))
 8 SYSTEMPATH\CodeIgniter.php(366): CodeIgniter\CodeIgniter->handleRequest(null, Object(Config\Cache), false)
 9 FCPATH\index.php(67): CodeIgniter\CodeIgniter->run()
CRITICAL - 2024-02-11 06:56:05 --> Undefined variable $resulti
in APPPATH\Views\web\viewBid.php on line 218.
 1 APPPATH\Views\web\viewBid.php(218): CodeIgniter\Debug\Exceptions->errorHandler(2, 'Undefined variable $resulti', 'C:\\xampp\\htdocs\\IPMS\\app\\Views\\web\\viewBid.php', 218)
 2 SYSTEMPATH\View\View.php(224): include('C:\\xampp\\htdocs\\IPMS\\app\\Views\\web\\viewBid.php')
 3 SYSTEMPATH\View\View.php(227): CodeIgniter\View\View->CodeIgniter\View\{closure}()
 4 SYSTEMPATH\Common.php(1176): CodeIgniter\View\View->render('web/viewBid', [], true)
 5 APPPATH\Controllers\Web.php(190): view('web/viewBid', [...])
 6 SYSTEMPATH\CodeIgniter.php(932): App\Controllers\Web->viewBid('4', 'public', 'assets_web', 'vendor', 'purecounter', 'purecounter_vanilla.js')
 7 SYSTEMPATH\CodeIgniter.php(497): CodeIgniter\CodeIgniter->runController(Object(App\Controllers\Web))
 8 SYSTEMPATH\CodeIgniter.php(366): CodeIgniter\CodeIgniter->handleRequest(null, Object(Config\Cache), false)
 9 FCPATH\index.php(67): CodeIgniter\CodeIgniter->run()
CRITICAL - 2024-02-11 06:56:05 --> Undefined variable $resulti
in APPPATH\Views\web\viewBid.php on line 218.
 1 APPPATH\Views\web\viewBid.php(218): CodeIgniter\Debug\Exceptions->errorHandler(2, 'Undefined variable $resulti', 'C:\\xampp\\htdocs\\IPMS\\app\\Views\\web\\viewBid.php', 218)
 2 SYSTEMPATH\View\View.php(224): include('C:\\xampp\\htdocs\\IPMS\\app\\Views\\web\\viewBid.php')
 3 SYSTEMPATH\View\View.php(227): CodeIgniter\View\View->CodeIgniter\View\{closure}()
 4 SYSTEMPATH\Common.php(1176): CodeIgniter\View\View->render('web/viewBid', [], true)
 5 APPPATH\Controllers\Web.php(190): view('web/viewBid', [...])
 6 SYSTEMPATH\CodeIgniter.php(932): App\Controllers\Web->viewBid('4', 'public', 'assets_web', 'vendor', 'swiper', 'swiper-bundle.min.js')
 7 SYSTEMPATH\CodeIgniter.php(497): CodeIgniter\CodeIgniter->runController(Object(App\Controllers\Web))
 8 SYSTEMPATH\CodeIgniter.php(366): CodeIgniter\CodeIgniter->handleRequest(null, Object(Config\Cache), false)
 9 FCPATH\index.php(67): CodeIgniter\CodeIgniter->run()
CRITICAL - 2024-02-11 06:56:05 --> Undefined variable $resulti
in APPPATH\Views\web\viewBid.php on line 218.
 1 APPPATH\Views\web\viewBid.php(218): CodeIgniter\Debug\Exceptions->errorHandler(2, 'Undefined variable $resulti', 'C:\\xampp\\htdocs\\IPMS\\app\\Views\\web\\viewBid.php', 218)
 2 SYSTEMPATH\View\View.php(224): include('C:\\xampp\\htdocs\\IPMS\\app\\Views\\web\\viewBid.php')
 3 SYSTEMPATH\View\View.php(227): CodeIgniter\View\View->CodeIgniter\View\{closure}()
 4 SYSTEMPATH\Common.php(1176): CodeIgniter\View\View->render('web/viewBid', [], true)
 5 APPPATH\Controllers\Web.php(190): view('web/viewBid', [...])
 6 SYSTEMPATH\CodeIgniter.php(932): App\Controllers\Web->viewBid('4', 'public', 'assets_web', 'vendor', 'isotope-layout', 'isotope.pkgd.min.js')
 7 SYSTEMPATH\CodeIgniter.php(497): CodeIgniter\CodeIgniter->runController(Object(App\Controllers\Web))
 8 SYSTEMPATH\CodeIgniter.php(366): CodeIgniter\CodeIgniter->handleRequest(null, Object(Config\Cache), false)
 9 FCPATH\index.php(67): CodeIgniter\CodeIgniter->run()
CRITICAL - 2024-02-11 06:56:05 --> Undefined variable $resulti
in APPPATH\Views\web\viewBid.php on line 218.
 1 APPPATH\Views\web\viewBid.php(218): CodeIgniter\Debug\Exceptions->errorHandler(2, 'Undefined variable $resulti', 'C:\\xampp\\htdocs\\IPMS\\app\\Views\\web\\viewBid.php', 218)
 2 SYSTEMPATH\View\View.php(224): include('C:\\xampp\\htdocs\\IPMS\\app\\Views\\web\\viewBid.php')
 3 SYSTEMPATH\View\View.php(227): CodeIgniter\View\View->CodeIgniter\View\{closure}()
 4 SYSTEMPATH\Common.php(1176): CodeIgniter\View\View->render('web/viewBid', [], true)
 5 APPPATH\Controllers\Web.php(190): view('web/viewBid', [...])
 6 SYSTEMPATH\CodeIgniter.php(932): App\Controllers\Web->viewBid('4', 'public', 'assets_web', 'vendor', 'glightbox', 'js', 'glightbox.min.js')
 7 SYSTEMPATH\CodeIgniter.php(497): CodeIgniter\CodeIgniter->runController(Object(App\Controllers\Web))
 8 SYSTEMPATH\CodeIgniter.php(366): CodeIgniter\CodeIgniter->handleRequest(null, Object(Config\Cache), false)
 9 FCPATH\index.php(67): CodeIgniter\CodeIgniter->run()
CRITICAL - 2024-02-11 06:56:05 --> Undefined variable $resulti
in APPPATH\Views\web\viewBid.php on line 218.
 1 APPPATH\Views\web\viewBid.php(218): CodeIgniter\Debug\Exceptions->errorHandler(2, 'Undefined variable $resulti', 'C:\\xampp\\htdocs\\IPMS\\app\\Views\\web\\viewBid.php', 218)
 2 SYSTEMPATH\View\View.php(224): include('C:\\xampp\\htdocs\\IPMS\\app\\Views\\web\\viewBid.php')
 3 SYSTEMPATH\View\View.php(227): CodeIgniter\View\View->CodeIgniter\View\{closure}()
 4 SYSTEMPATH\Common.php(1176): CodeIgniter\View\View->render('web/viewBid', [], true)
 5 APPPATH\Controllers\Web.php(190): view('web/viewBid', [...])
 6 SYSTEMPATH\CodeIgniter.php(932): App\Controllers\Web->viewBid('4', 'public', 'assets_web', 'vendor', 'php-email-form', 'validate.js')
 7 SYSTEMPATH\CodeIgniter.php(497): CodeIgniter\CodeIgniter->runController(Object(App\Controllers\Web))
 8 SYSTEMPATH\CodeIgniter.php(366): CodeIgniter\CodeIgniter->handleRequest(null, Object(Config\Cache), false)
 9 FCPATH\index.php(67): CodeIgniter\CodeIgniter->run()
CRITICAL - 2024-02-11 06:56:05 --> Undefined variable $resulti
in APPPATH\Views\web\viewBid.php on line 218.
 1 APPPATH\Views\web\viewBid.php(218): CodeIgniter\Debug\Exceptions->errorHandler(2, 'Undefined variable $resulti', 'C:\\xampp\\htdocs\\IPMS\\app\\Views\\web\\viewBid.php', 218)
 2 SYSTEMPATH\View\View.php(224): include('C:\\xampp\\htdocs\\IPMS\\app\\Views\\web\\viewBid.php')
 3 SYSTEMPATH\View\View.php(227): CodeIgniter\View\View->CodeIgniter\View\{closure}()
 4 SYSTEMPATH\Common.php(1176): CodeIgniter\View\View->render('web/viewBid', [], true)
 5 APPPATH\Controllers\Web.php(190): view('web/viewBid', [...])
 6 SYSTEMPATH\CodeIgniter.php(932): App\Controllers\Web->viewBid('4', 'public', 'assets_web', 'js', 'carousel.js')
 7 SYSTEMPATH\CodeIgniter.php(497): CodeIgniter\CodeIgniter->runController(Object(App\Controllers\Web))
 8 SYSTEMPATH\CodeIgniter.php(366): CodeIgniter\CodeIgniter->handleRequest(null, Object(Config\Cache), false)
 9 FCPATH\index.php(67): CodeIgniter\CodeIgniter->run()
CRITICAL - 2024-02-11 06:56:05 --> Undefined variable $resulti
in APPPATH\Views\web\viewBid.php on line 218.
 1 APPPATH\Views\web\viewBid.php(218): CodeIgniter\Debug\Exceptions->errorHandler(2, 'Undefined variable $resulti', 'C:\\xampp\\htdocs\\IPMS\\app\\Views\\web\\viewBid.php', 218)
 2 SYSTEMPATH\View\View.php(224): include('C:\\xampp\\htdocs\\IPMS\\app\\Views\\web\\viewBid.php')
 3 SYSTEMPATH\View\View.php(227): CodeIgniter\View\View->CodeIgniter\View\{closure}()
 4 SYSTEMPATH\Common.php(1176): CodeIgniter\View\View->render('web/viewBid', [], true)
 5 APPPATH\Controllers\Web.php(190): view('web/viewBid', [...])
 6 SYSTEMPATH\CodeIgniter.php(932): App\Controllers\Web->viewBid('4', 'public', 'assets_web', 'js', 'main.js')
 7 SYSTEMPATH\CodeIgniter.php(497): CodeIgniter\CodeIgniter->runController(Object(App\Controllers\Web))
 8 SYSTEMPATH\CodeIgniter.php(366): CodeIgniter\CodeIgniter->handleRequest(null, Object(Config\Cache), false)
 9 FCPATH\index.php(67): CodeIgniter\CodeIgniter->run()
CRITICAL - 2024-02-11 07:12:59 --> Undefined variable $resulti
in APPPATH\Views\web\viewBid.php on line 218.
 1 APPPATH\Views\web\viewBid.php(218): CodeIgniter\Debug\Exceptions->errorHandler(2, 'Undefined variable $resulti', 'C:\\xampp\\htdocs\\IPMS\\app\\Views\\web\\viewBid.php', 218)
 2 SYSTEMPATH\View\View.php(224): include('C:\\xampp\\htdocs\\IPMS\\app\\Views\\web\\viewBid.php')
 3 SYSTEMPATH\View\View.php(227): CodeIgniter\View\View->CodeIgniter\View\{closure}()
 4 SYSTEMPATH\Common.php(1176): CodeIgniter\View\View->render('web/viewBid', [], true)
 5 APPPATH\Controllers\Web.php(190): view('web/viewBid', [...])
 6 SYSTEMPATH\CodeIgniter.php(932): App\Controllers\Web->viewBid('4', 'public', 'assets_web', 'vendor', 'purecounter', 'purecounter_vanilla.js')
 7 SYSTEMPATH\CodeIgniter.php(497): CodeIgniter\CodeIgniter->runController(Object(App\Controllers\Web))
 8 SYSTEMPATH\CodeIgniter.php(366): CodeIgniter\CodeIgniter->handleRequest(null, Object(Config\Cache), false)
 9 FCPATH\index.php(67): CodeIgniter\CodeIgniter->run()
CRITICAL - 2024-02-11 07:12:59 --> Undefined variable $resulti
in APPPATH\Views\web\viewBid.php on line 218.
 1 APPPATH\Views\web\viewBid.php(218): CodeIgniter\Debug\Exceptions->errorHandler(2, 'Undefined variable $resulti', 'C:\\xampp\\htdocs\\IPMS\\app\\Views\\web\\viewBid.php', 218)
 2 SYSTEMPATH\View\View.php(224): include('C:\\xampp\\htdocs\\IPMS\\app\\Views\\web\\viewBid.php')
 3 SYSTEMPATH\View\View.php(227): CodeIgniter\View\View->CodeIgniter\View\{closure}()
 4 SYSTEMPATH\Common.php(1176): CodeIgniter\View\View->render('web/viewBid', [], true)
 5 APPPATH\Controllers\Web.php(190): view('web/viewBid', [...])
 6 SYSTEMPATH\CodeIgniter.php(932): App\Controllers\Web->viewBid('4', 'public', 'assets_web', 'vendor', 'glightbox', 'js', 'glightbox.min.js')
 7 SYSTEMPATH\CodeIgniter.php(497): CodeIgniter\CodeIgniter->runController(Object(App\Controllers\Web))
 8 SYSTEMPATH\CodeIgniter.php(366): CodeIgniter\CodeIgniter->handleRequest(null, Object(Config\Cache), false)
 9 FCPATH\index.php(67): CodeIgniter\CodeIgniter->run()
CRITICAL - 2024-02-11 07:12:59 --> Undefined variable $resulti
in APPPATH\Views\web\viewBid.php on line 218.
 1 APPPATH\Views\web\viewBid.php(218): CodeIgniter\Debug\Exceptions->errorHandler(2, 'Undefined variable $resulti', 'C:\\xampp\\htdocs\\IPMS\\app\\Views\\web\\viewBid.php', 218)
 2 SYSTEMPATH\View\View.php(224): include('C:\\xampp\\htdocs\\IPMS\\app\\Views\\web\\viewBid.php')
 3 SYSTEMPATH\View\View.php(227): CodeIgniter\View\View->CodeIgniter\View\{closure}()
 4 SYSTEMPATH\Common.php(1176): CodeIgniter\View\View->render('web/viewBid', [], true)
 5 APPPATH\Controllers\Web.php(190): view('web/viewBid', [...])
 6 SYSTEMPATH\CodeIgniter.php(932): App\Controllers\Web->viewBid('4', 'public', 'assets_web', 'vendor', 'isotope-layout', 'isotope.pkgd.min.js')
 7 SYSTEMPATH\CodeIgniter.php(497): CodeIgniter\CodeIgniter->runController(Object(App\Controllers\Web))
 8 SYSTEMPATH\CodeIgniter.php(366): CodeIgniter\CodeIgniter->handleRequest(null, Object(Config\Cache), false)
 9 FCPATH\index.php(67): CodeIgniter\CodeIgniter->run()
CRITICAL - 2024-02-11 07:12:59 --> Undefined variable $resulti
in APPPATH\Views\web\viewBid.php on line 218.
 1 APPPATH\Views\web\viewBid.php(218): CodeIgniter\Debug\Exceptions->errorHandler(2, 'Undefined variable $resulti', 'C:\\xampp\\htdocs\\IPMS\\app\\Views\\web\\viewBid.php', 218)
 2 SYSTEMPATH\View\View.php(224): include('C:\\xampp\\htdocs\\IPMS\\app\\Views\\web\\viewBid.php')
 3 SYSTEMPATH\View\View.php(227): CodeIgniter\View\View->CodeIgniter\View\{closure}()
 4 SYSTEMPATH\Common.php(1176): CodeIgniter\View\View->render('web/viewBid', [], true)
 5 APPPATH\Controllers\Web.php(190): view('web/viewBid', [...])
 6 SYSTEMPATH\CodeIgniter.php(932): App\Controllers\Web->viewBid('4', 'public', 'assets_web', 'vendor', 'bootstrap', 'js', 'bootstrap.bundle.min.js')
 7 SYSTEMPATH\CodeIgniter.php(497): CodeIgniter\CodeIgniter->runController(Object(App\Controllers\Web))
 8 SYSTEMPATH\CodeIgniter.php(366): CodeIgniter\CodeIgniter->handleRequest(null, Object(Config\Cache), false)
 9 FCPATH\index.php(67): CodeIgniter\CodeIgniter->run()
CRITICAL - 2024-02-11 07:12:59 --> Undefined variable $resulti
in APPPATH\Views\web\viewBid.php on line 218.
 1 APPPATH\Views\web\viewBid.php(218): CodeIgniter\Debug\Exceptions->errorHandler(2, 'Undefined variable $resulti', 'C:\\xampp\\htdocs\\IPMS\\app\\Views\\web\\viewBid.php', 218)
 2 SYSTEMPATH\View\View.php(224): include('C:\\xampp\\htdocs\\IPMS\\app\\Views\\web\\viewBid.php')
 3 SYSTEMPATH\View\View.php(227): CodeIgniter\View\View->CodeIgniter\View\{closure}()
 4 SYSTEMPATH\Common.php(1176): CodeIgniter\View\View->render('web/viewBid', [], true)
 5 APPPATH\Controllers\Web.php(190): view('web/viewBid', [...])
 6 SYSTEMPATH\CodeIgniter.php(932): App\Controllers\Web->viewBid('4', 'public', 'assets_web', 'vendor', 'swiper', 'swiper-bundle.min.js')
 7 SYSTEMPATH\CodeIgniter.php(497): CodeIgniter\CodeIgniter->runController(Object(App\Controllers\Web))
 8 SYSTEMPATH\CodeIgniter.php(366): CodeIgniter\CodeIgniter->handleRequest(null, Object(Config\Cache), false)
 9 FCPATH\index.php(67): CodeIgniter\CodeIgniter->run()
CRITICAL - 2024-02-11 07:12:59 --> Undefined variable $resulti
in APPPATH\Views\web\viewBid.php on line 218.
 1 APPPATH\Views\web\viewBid.php(218): CodeIgniter\Debug\Exceptions->errorHandler(2, 'Undefined variable $resulti', 'C:\\xampp\\htdocs\\IPMS\\app\\Views\\web\\viewBid.php', 218)
 2 SYSTEMPATH\View\View.php(224): include('C:\\xampp\\htdocs\\IPMS\\app\\Views\\web\\viewBid.php')
 3 SYSTEMPATH\View\View.php(227): CodeIgniter\View\View->CodeIgniter\View\{closure}()
 4 SYSTEMPATH\Common.php(1176): CodeIgniter\View\View->render('web/viewBid', [], true)
 5 APPPATH\Controllers\Web.php(190): view('web/viewBid', [...])
 6 SYSTEMPATH\CodeIgniter.php(932): App\Controllers\Web->viewBid('4', 'public', 'assets_web', 'vendor', 'php-email-form', 'validate.js')
 7 SYSTEMPATH\CodeIgniter.php(497): CodeIgniter\CodeIgniter->runController(Object(App\Controllers\Web))
 8 SYSTEMPATH\CodeIgniter.php(366): CodeIgniter\CodeIgniter->handleRequest(null, Object(Config\Cache), false)
 9 FCPATH\index.php(67): CodeIgniter\CodeIgniter->run()
CRITICAL - 2024-02-11 07:12:59 --> Undefined variable $resulti
in APPPATH\Views\web\viewBid.php on line 218.
 1 APPPATH\Views\web\viewBid.php(218): CodeIgniter\Debug\Exceptions->errorHandler(2, 'Undefined variable $resulti', 'C:\\xampp\\htdocs\\IPMS\\app\\Views\\web\\viewBid.php', 218)
 2 SYSTEMPATH\View\View.php(224): include('C:\\xampp\\htdocs\\IPMS\\app\\Views\\web\\viewBid.php')
 3 SYSTEMPATH\View\View.php(227): CodeIgniter\View\View->CodeIgniter\View\{closure}()
 4 SYSTEMPATH\Common.php(1176): CodeIgniter\View\View->render('web/viewBid', [], true)
 5 APPPATH\Controllers\Web.php(190): view('web/viewBid', [...])
 6 SYSTEMPATH\CodeIgniter.php(932): App\Controllers\Web->viewBid('4', 'public', 'assets_web', 'js', 'main.js')
 7 SYSTEMPATH\CodeIgniter.php(497): CodeIgniter\CodeIgniter->runController(Object(App\Controllers\Web))
 8 SYSTEMPATH\CodeIgniter.php(366): CodeIgniter\CodeIgniter->handleRequest(null, Object(Config\Cache), false)
 9 FCPATH\index.php(67): CodeIgniter\CodeIgniter->run()
CRITICAL - 2024-02-11 07:12:59 --> Undefined variable $resulti
in APPPATH\Views\web\viewBid.php on line 218.
 1 APPPATH\Views\web\viewBid.php(218): CodeIgniter\Debug\Exceptions->errorHandler(2, 'Undefined variable $resulti', 'C:\\xampp\\htdocs\\IPMS\\app\\Views\\web\\viewBid.php', 218)
 2 SYSTEMPATH\View\View.php(224): include('C:\\xampp\\htdocs\\IPMS\\app\\Views\\web\\viewBid.php')
 3 SYSTEMPATH\View\View.php(227): CodeIgniter\View\View->CodeIgniter\View\{closure}()
 4 SYSTEMPATH\Common.php(1176): CodeIgniter\View\View->render('web/viewBid', [], true)
 5 APPPATH\Controllers\Web.php(190): view('web/viewBid', [...])
 6 SYSTEMPATH\CodeIgniter.php(932): App\Controllers\Web->viewBid('4', 'public', 'assets_web', 'js', 'carousel.js')
 7 SYSTEMPATH\CodeIgniter.php(497): CodeIgniter\CodeIgniter->runController(Object(App\Controllers\Web))
 8 SYSTEMPATH\CodeIgniter.php(366): CodeIgniter\CodeIgniter->handleRequest(null, Object(Config\Cache), false)
 9 FCPATH\index.php(67): CodeIgniter\CodeIgniter->run()
CRITICAL - 2024-02-11 07:13:28 --> Undefined variable $resulti
in APPPATH\Views\web\viewBid.php on line 218.
 1 APPPATH\Views\web\viewBid.php(218): CodeIgniter\Debug\Exceptions->errorHandler(2, 'Undefined variable $resulti', 'C:\\xampp\\htdocs\\IPMS\\app\\Views\\web\\viewBid.php', 218)
 2 SYSTEMPATH\View\View.php(224): include('C:\\xampp\\htdocs\\IPMS\\app\\Views\\web\\viewBid.php')
 3 SYSTEMPATH\View\View.php(227): CodeIgniter\View\View->CodeIgniter\View\{closure}()
 4 SYSTEMPATH\Common.php(1176): CodeIgniter\View\View->render('web/viewBid', [], true)
 5 APPPATH\Controllers\Web.php(190): view('web/viewBid', [...])
 6 SYSTEMPATH\CodeIgniter.php(932): App\Controllers\Web->viewBid('4', 'public', 'assets_web', 'vendor', 'isotope-layout', 'isotope.pkgd.min.js')
 7 SYSTEMPATH\CodeIgniter.php(497): CodeIgniter\CodeIgniter->runController(Object(App\Controllers\Web))
 8 SYSTEMPATH\CodeIgniter.php(366): CodeIgniter\CodeIgniter->handleRequest(null, Object(Config\Cache), false)
 9 FCPATH\index.php(67): CodeIgniter\CodeIgniter->run()
CRITICAL - 2024-02-11 07:13:28 --> Undefined variable $resulti
in APPPATH\Views\web\viewBid.php on line 218.
 1 APPPATH\Views\web\viewBid.php(218): CodeIgniter\Debug\Exceptions->errorHandler(2, 'Undefined variable $resulti', 'C:\\xampp\\htdocs\\IPMS\\app\\Views\\web\\viewBid.php', 218)
 2 SYSTEMPATH\View\View.php(224): include('C:\\xampp\\htdocs\\IPMS\\app\\Views\\web\\viewBid.php')
 3 SYSTEMPATH\View\View.php(227): CodeIgniter\View\View->CodeIgniter\View\{closure}()
 4 SYSTEMPATH\Common.php(1176): CodeIgniter\View\View->render('web/viewBid', [], true)
 5 APPPATH\Controllers\Web.php(190): view('web/viewBid', [...])
 6 SYSTEMPATH\CodeIgniter.php(932): App\Controllers\Web->viewBid('4', 'public', 'assets_web', 'vendor', 'bootstrap', 'js', 'bootstrap.bundle.min.js')
 7 SYSTEMPATH\CodeIgniter.php(497): CodeIgniter\CodeIgniter->runController(Object(App\Controllers\Web))
 8 SYSTEMPATH\CodeIgniter.php(366): CodeIgniter\CodeIgniter->handleRequest(null, Object(Config\Cache), false)
 9 FCPATH\index.php(67): CodeIgniter\CodeIgniter->run()
CRITICAL - 2024-02-11 07:13:28 --> Undefined variable $resulti
in APPPATH\Views\web\viewBid.php on line 218.
 1 APPPATH\Views\web\viewBid.php(218): CodeIgniter\Debug\Exceptions->errorHandler(2, 'Undefined variable $resulti', 'C:\\xampp\\htdocs\\IPMS\\app\\Views\\web\\viewBid.php', 218)
 2 SYSTEMPATH\View\View.php(224): include('C:\\xampp\\htdocs\\IPMS\\app\\Views\\web\\viewBid.php')
 3 SYSTEMPATH\View\View.php(227): CodeIgniter\View\View->CodeIgniter\View\{closure}()
 4 SYSTEMPATH\Common.php(1176): CodeIgniter\View\View->render('web/viewBid', [], true)
 5 APPPATH\Controllers\Web.php(190): view('web/viewBid', [...])
 6 SYSTEMPATH\CodeIgniter.php(932): App\Controllers\Web->viewBid('4', 'public', 'assets_web', 'vendor', 'purecounter', 'purecounter_vanilla.js')
 7 SYSTEMPATH\CodeIgniter.php(497): CodeIgniter\CodeIgniter->runController(Object(App\Controllers\Web))
 8 SYSTEMPATH\CodeIgniter.php(366): CodeIgniter\CodeIgniter->handleRequest(null, Object(Config\Cache), false)
 9 FCPATH\index.php(67): CodeIgniter\CodeIgniter->run()
CRITICAL - 2024-02-11 07:13:28 --> Undefined variable $resulti
in APPPATH\Views\web\viewBid.php on line 218.
 1 APPPATH\Views\web\viewBid.php(218): CodeIgniter\Debug\Exceptions->errorHandler(2, 'Undefined variable $resulti', 'C:\\xampp\\htdocs\\IPMS\\app\\Views\\web\\viewBid.php', 218)
 2 SYSTEMPATH\View\View.php(224): include('C:\\xampp\\htdocs\\IPMS\\app\\Views\\web\\viewBid.php')
 3 SYSTEMPATH\View\View.php(227): CodeIgniter\View\View->CodeIgniter\View\{closure}()
 4 SYSTEMPATH\Common.php(1176): CodeIgniter\View\View->render('web/viewBid', [], true)
 5 APPPATH\Controllers\Web.php(190): view('web/viewBid', [...])
 6 SYSTEMPATH\CodeIgniter.php(932): App\Controllers\Web->viewBid('4', 'public', 'assets_web', 'vendor', 'php-email-form', 'validate.js')
 7 SYSTEMPATH\CodeIgniter.php(497): CodeIgniter\CodeIgniter->runController(Object(App\Controllers\Web))
 8 SYSTEMPATH\CodeIgniter.php(366): CodeIgniter\CodeIgniter->handleRequest(null, Object(Config\Cache), false)
 9 FCPATH\index.php(67): CodeIgniter\CodeIgniter->run()
CRITICAL - 2024-02-11 07:13:28 --> Undefined variable $resulti
in APPPATH\Views\web\viewBid.php on line 218.
 1 APPPATH\Views\web\viewBid.php(218): CodeIgniter\Debug\Exceptions->errorHandler(2, 'Undefined variable $resulti', 'C:\\xampp\\htdocs\\IPMS\\app\\Views\\web\\viewBid.php', 218)
 2 SYSTEMPATH\View\View.php(224): include('C:\\xampp\\htdocs\\IPMS\\app\\Views\\web\\viewBid.php')
 3 SYSTEMPATH\View\View.php(227): CodeIgniter\View\View->CodeIgniter\View\{closure}()
 4 SYSTEMPATH\Common.php(1176): CodeIgniter\View\View->render('web/viewBid', [], true)
 5 APPPATH\Controllers\Web.php(190): view('web/viewBid', [...])
 6 SYSTEMPATH\CodeIgniter.php(932): App\Controllers\Web->viewBid('4', 'public', 'assets_web', 'vendor', 'swiper', 'swiper-bundle.min.js')
 7 SYSTEMPATH\CodeIgniter.php(497): CodeIgniter\CodeIgniter->runController(Object(App\Controllers\Web))
 8 SYSTEMPATH\CodeIgniter.php(366): CodeIgniter\CodeIgniter->handleRequest(null, Object(Config\Cache), false)
 9 FCPATH\index.php(67): CodeIgniter\CodeIgniter->run()
CRITICAL - 2024-02-11 07:13:28 --> Undefined variable $resulti
in APPPATH\Views\web\viewBid.php on line 218.
 1 APPPATH\Views\web\viewBid.php(218): CodeIgniter\Debug\Exceptions->errorHandler(2, 'Undefined variable $resulti', 'C:\\xampp\\htdocs\\IPMS\\app\\Views\\web\\viewBid.php', 218)
 2 SYSTEMPATH\View\View.php(224): include('C:\\xampp\\htdocs\\IPMS\\app\\Views\\web\\viewBid.php')
 3 SYSTEMPATH\View\View.php(227): CodeIgniter\View\View->CodeIgniter\View\{closure}()
 4 SYSTEMPATH\Common.php(1176): CodeIgniter\View\View->render('web/viewBid', [], true)
 5 APPPATH\Controllers\Web.php(190): view('web/viewBid', [...])
 6 SYSTEMPATH\CodeIgniter.php(932): App\Controllers\Web->viewBid('4', 'public', 'assets_web', 'vendor', 'glightbox', 'js', 'glightbox.min.js')
 7 SYSTEMPATH\CodeIgniter.php(497): CodeIgniter\CodeIgniter->runController(Object(App\Controllers\Web))
 8 SYSTEMPATH\CodeIgniter.php(366): CodeIgniter\CodeIgniter->handleRequest(null, Object(Config\Cache), false)
 9 FCPATH\index.php(67): CodeIgniter\CodeIgniter->run()
CRITICAL - 2024-02-11 07:13:28 --> Undefined variable $resulti
in APPPATH\Views\web\viewBid.php on line 218.
 1 APPPATH\Views\web\viewBid.php(218): CodeIgniter\Debug\Exceptions->errorHandler(2, 'Undefined variable $resulti', 'C:\\xampp\\htdocs\\IPMS\\app\\Views\\web\\viewBid.php', 218)
 2 SYSTEMPATH\View\View.php(224): include('C:\\xampp\\htdocs\\IPMS\\app\\Views\\web\\viewBid.php')
 3 SYSTEMPATH\View\View.php(227): CodeIgniter\View\View->CodeIgniter\View\{closure}()
 4 SYSTEMPATH\Common.php(1176): CodeIgniter\View\View->render('web/viewBid', [], true)
 5 APPPATH\Controllers\Web.php(190): view('web/viewBid', [...])
 6 SYSTEMPATH\CodeIgniter.php(932): App\Controllers\Web->viewBid('4', 'public', 'assets_web', 'js', 'main.js')
 7 SYSTEMPATH\CodeIgniter.php(497): CodeIgniter\CodeIgniter->runController(Object(App\Controllers\Web))
 8 SYSTEMPATH\CodeIgniter.php(366): CodeIgniter\CodeIgniter->handleRequest(null, Object(Config\Cache), false)
 9 FCPATH\index.php(67): CodeIgniter\CodeIgniter->run()
CRITICAL - 2024-02-11 07:13:28 --> Undefined variable $resulti
in APPPATH\Views\web\viewBid.php on line 218.
 1 APPPATH\Views\web\viewBid.php(218): CodeIgniter\Debug\Exceptions->errorHandler(2, 'Undefined variable $resulti', 'C:\\xampp\\htdocs\\IPMS\\app\\Views\\web\\viewBid.php', 218)
 2 SYSTEMPATH\View\View.php(224): include('C:\\xampp\\htdocs\\IPMS\\app\\Views\\web\\viewBid.php')
 3 SYSTEMPATH\View\View.php(227): CodeIgniter\View\View->CodeIgniter\View\{closure}()
 4 SYSTEMPATH\Common.php(1176): CodeIgniter\View\View->render('web/viewBid', [], true)
 5 APPPATH\Controllers\Web.php(190): view('web/viewBid', [...])
 6 SYSTEMPATH\CodeIgniter.php(932): App\Controllers\Web->viewBid('4', 'public', 'assets_web', 'js', 'carousel.js')
 7 SYSTEMPATH\CodeIgniter.php(497): CodeIgniter\CodeIgniter->runController(Object(App\Controllers\Web))
 8 SYSTEMPATH\CodeIgniter.php(366): CodeIgniter\CodeIgniter->handleRequest(null, Object(Config\Cache), false)
 9 FCPATH\index.php(67): CodeIgniter\CodeIgniter->run()
CRITICAL - 2024-02-11 13:13:11 --> Undefined variable $resultP
in APPPATH\Views\sys\BidEvaluation\TECEvaluation.php on line 106.
 1 APPPATH\Views\sys\BidEvaluation\TECEvaluation.php(106): CodeIgniter\Debug\Exceptions->errorHandler(2, 'Undefined variable $resultP', 'C:\\xampp\\htdocs\\IPMS\\app\\Views\\sys\\BidEvaluation\\TECEvaluation.php', 106)
 2 SYSTEMPATH\View\View.php(224): include('C:\\xampp\\htdocs\\IPMS\\app\\Views\\sys\\BidEvaluation\\TECEvaluation.php')
 3 SYSTEMPATH\View\View.php(227): CodeIgniter\View\View->CodeIgniter\View\{closure}()
 4 SYSTEMPATH\Common.php(1176): CodeIgniter\View\View->render('sys/BidEvaluation/TECEvaluation', [], true)
 5 APPPATH\Controllers\BidEvaluation.php(117): view('sys/BidEvaluation/TECEvaluation', [...])
 6 SYSTEMPATH\CodeIgniter.php(932): App\Controllers\BidEvaluation->TECEvaluation('51')
 7 SYSTEMPATH\CodeIgniter.php(497): CodeIgniter\CodeIgniter->runController(Object(App\Controllers\BidEvaluation))
 8 SYSTEMPATH\CodeIgniter.php(366): CodeIgniter\CodeIgniter->handleRequest(null, Object(Config\Cache), false)
 9 FCPATH\index.php(67): CodeIgniter\CodeIgniter->run()
CRITICAL - 2024-02-11 13:18:53 --> Undefined variable $resultP
in APPPATH\Views\sys\BidEvaluation\TECEvaluation.php on line 106.
 1 APPPATH\Views\sys\BidEvaluation\TECEvaluation.php(106): CodeIgniter\Debug\Exceptions->errorHandler(2, 'Undefined variable $resultP', 'C:\\xampp\\htdocs\\IPMS\\app\\Views\\sys\\BidEvaluation\\TECEvaluation.php', 106)
 2 SYSTEMPATH\View\View.php(224): include('C:\\xampp\\htdocs\\IPMS\\app\\Views\\sys\\BidEvaluation\\TECEvaluation.php')
 3 SYSTEMPATH\View\View.php(227): CodeIgniter\View\View->CodeIgniter\View\{closure}()
 4 SYSTEMPATH\Common.php(1176): CodeIgniter\View\View->render('sys/BidEvaluation/TECEvaluation', [], true)
 5 APPPATH\Controllers\BidEvaluation.php(118): view('sys/BidEvaluation/TECEvaluation', [...])
 6 SYSTEMPATH\CodeIgniter.php(932): App\Controllers\BidEvaluation->TECEvaluation('51')
 7 SYSTEMPATH\CodeIgniter.php(497): CodeIgniter\CodeIgniter->runController(Object(App\Controllers\BidEvaluation))
 8 SYSTEMPATH\CodeIgniter.php(366): CodeIgniter\CodeIgniter->handleRequest(null, Object(Config\Cache), false)
 9 FCPATH\index.php(67): CodeIgniter\CodeIgniter->run()
CRITICAL - 2024-02-11 13:19:41 --> Undefined array key "TId"
in APPPATH\Views\sys\BidEvaluation\TECEvaluation.php on line 106.
 1 APPPATH\Views\sys\BidEvaluation\TECEvaluation.php(106): CodeIgniter\Debug\Exceptions->errorHandler(2, 'Undefined array key "TId"', 'C:\\xampp\\htdocs\\IPMS\\app\\Views\\sys\\BidEvaluation\\TECEvaluation.php', 106)
 2 SYSTEMPATH\View\View.php(224): include('C:\\xampp\\htdocs\\IPMS\\app\\Views\\sys\\BidEvaluation\\TECEvaluation.php')
 3 SYSTEMPATH\View\View.php(227): CodeIgniter\View\View->CodeIgniter\View\{closure}()
 4 SYSTEMPATH\Common.php(1176): CodeIgniter\View\View->render('sys/BidEvaluation/TECEvaluation', [], true)
 5 APPPATH\Controllers\BidEvaluation.php(118): view('sys/BidEvaluation/TECEvaluation', [...])
 6 SYSTEMPATH\CodeIgniter.php(932): App\Controllers\BidEvaluation->TECEvaluation('51')
 7 SYSTEMPATH\CodeIgniter.php(497): CodeIgniter\CodeIgniter->runController(Object(App\Controllers\BidEvaluation))
 8 SYSTEMPATH\CodeIgniter.php(366): CodeIgniter\CodeIgniter->handleRequest(null, Object(Config\Cache), false)
 9 FCPATH\index.php(67): CodeIgniter\CodeIgniter->run()
CRITICAL - 2024-02-11 13:20:00 --> Undefined array key "TId"
in APPPATH\Views\sys\BidEvaluation\TECEvaluation.php on line 106.
 1 APPPATH\Views\sys\BidEvaluation\TECEvaluation.php(106): CodeIgniter\Debug\Exceptions->errorHandler(2, 'Undefined array key "TId"', 'C:\\xampp\\htdocs\\IPMS\\app\\Views\\sys\\BidEvaluation\\TECEvaluation.php', 106)
 2 SYSTEMPATH\View\View.php(224): include('C:\\xampp\\htdocs\\IPMS\\app\\Views\\sys\\BidEvaluation\\TECEvaluation.php')
 3 SYSTEMPATH\View\View.php(227): CodeIgniter\View\View->CodeIgniter\View\{closure}()
 4 SYSTEMPATH\Common.php(1176): CodeIgniter\View\View->render('sys/BidEvaluation/TECEvaluation', [], true)
 5 APPPATH\Controllers\BidEvaluation.php(118): view('sys/BidEvaluation/TECEvaluation', [...])
 6 SYSTEMPATH\CodeIgniter.php(932): App\Controllers\BidEvaluation->TECEvaluation('51')
 7 SYSTEMPATH\CodeIgniter.php(497): CodeIgniter\CodeIgniter->runController(Object(App\Controllers\BidEvaluation))
 8 SYSTEMPATH\CodeIgniter.php(366): CodeIgniter\CodeIgniter->handleRequest(null, Object(Config\Cache), false)
 9 FCPATH\index.php(67): CodeIgniter\CodeIgniter->run()
CRITICAL - 2024-02-11 13:51:04 --> Undefined variable $listB
in APPPATH\Views\sys\BidEvaluation\TECEvaluation.php on line 26.
 1 APPPATH\Views\sys\BidEvaluation\TECEvaluation.php(26): CodeIgniter\Debug\Exceptions->errorHandler(2, 'Undefined variable $listB', 'C:\\xampp\\htdocs\\IPMS\\app\\Views\\sys\\BidEvaluation\\TECEvaluation.php', 26)
 2 SYSTEMPATH\View\View.php(224): include('C:\\xampp\\htdocs\\IPMS\\app\\Views\\sys\\BidEvaluation\\TECEvaluation.php')
 3 SYSTEMPATH\View\View.php(227): CodeIgniter\View\View->CodeIgniter\View\{closure}()
 4 SYSTEMPATH\Common.php(1176): CodeIgniter\View\View->render('sys/BidEvaluation/TECEvaluation', [], true)
 5 APPPATH\Controllers\BidEvaluation.php(119): view('sys/BidEvaluation/TECEvaluation', [...])
 6 SYSTEMPATH\CodeIgniter.php(932): App\Controllers\BidEvaluation->TECEvaluation('51')
 7 SYSTEMPATH\CodeIgniter.php(497): CodeIgniter\CodeIgniter->runController(Object(App\Controllers\BidEvaluation))
 8 SYSTEMPATH\CodeIgniter.php(366): CodeIgniter\CodeIgniter->handleRequest(null, Object(Config\Cache), false)
 9 FCPATH\index.php(67): CodeIgniter\CodeIgniter->run()
CRITICAL - 2024-02-11 13:51:05 --> Undefined variable $listB
in APPPATH\Views\sys\BidEvaluation\TECEvaluation.php on line 26.
 1 APPPATH\Views\sys\BidEvaluation\TECEvaluation.php(26): CodeIgniter\Debug\Exceptions->errorHandler(2, 'Undefined variable $listB', 'C:\\xampp\\htdocs\\IPMS\\app\\Views\\sys\\BidEvaluation\\TECEvaluation.php', 26)
 2 SYSTEMPATH\View\View.php(224): include('C:\\xampp\\htdocs\\IPMS\\app\\Views\\sys\\BidEvaluation\\TECEvaluation.php')
 3 SYSTEMPATH\View\View.php(227): CodeIgniter\View\View->CodeIgniter\View\{closure}()
 4 SYSTEMPATH\Common.php(1176): CodeIgniter\View\View->render('sys/BidEvaluation/TECEvaluation', [], true)
 5 APPPATH\Controllers\BidEvaluation.php(119): view('sys/BidEvaluation/TECEvaluation', [...])
 6 SYSTEMPATH\CodeIgniter.php(932): App\Controllers\BidEvaluation->TECEvaluation('assets', '14', 'messages-1.jpg')
 7 SYSTEMPATH\CodeIgniter.php(497): CodeIgniter\CodeIgniter->runController(Object(App\Controllers\BidEvaluation))
 8 SYSTEMPATH\CodeIgniter.php(366): CodeIgniter\CodeIgniter->handleRequest(null, Object(Config\Cache), false)
 9 FCPATH\index.php(67): CodeIgniter\CodeIgniter->run()
CRITICAL - 2024-02-11 14:04:48 --> Unsupported operand types: int + string
in APPPATH\Controllers\Web.php on line 324.
 1 SYSTEMPATH\CodeIgniter.php(932): App\Controllers\Web->viewtender()
 2 SYSTEMPATH\CodeIgniter.php(497): CodeIgniter\CodeIgniter->runController(Object(App\Controllers\Web))
 3 SYSTEMPATH\CodeIgniter.php(366): CodeIgniter\CodeIgniter->handleRequest(null, Object(Config\Cache), false)
 4 FCPATH\index.php(67): CodeIgniter\CodeIgniter->run()
CRITICAL - 2024-02-11 14:21:44 --> Undefined array key "Brand New Wheel Alignment Machine for Transport Division"
in APPPATH\Controllers\Web.php on line 325.
 1 APPPATH\Controllers\Web.php(325): CodeIgniter\Debug\Exceptions->errorHandler(2, 'Undefined array key "Brand New Wheel Alignment Machine for Transport Division"', 'C:\\xampp\\htdocs\\IPMS\\app\\Controllers\\Web.php', 325)
 2 SYSTEMPATH\CodeIgniter.php(932): App\Controllers\Web->viewtender()
 3 SYSTEMPATH\CodeIgniter.php(497): CodeIgniter\CodeIgniter->runController(Object(App\Controllers\Web))
 4 SYSTEMPATH\CodeIgniter.php(366): CodeIgniter\CodeIgniter->handleRequest(null, Object(Config\Cache), false)
 5 FCPATH\index.php(67): CodeIgniter\CodeIgniter->run()
CRITICAL - 2024-02-11 14:23:26 --> Unsupported operand types: int - string
in APPPATH\Controllers\Web.php on line 326.
 1 SYSTEMPATH\CodeIgniter.php(932): App\Controllers\Web->viewtender()
 2 SYSTEMPATH\CodeIgniter.php(497): CodeIgniter\CodeIgniter->runController(Object(App\Controllers\Web))
 3 SYSTEMPATH\CodeIgniter.php(366): CodeIgniter\CodeIgniter->handleRequest(null, Object(Config\Cache), false)
 4 FCPATH\index.php(67): CodeIgniter\CodeIgniter->run()
ERROR - 2024-02-11 14:58:29 --> mysqli_sql_exception: Column 'TenderId' cannot be null in C:\xampp\htdocs\IPMS\system\Database\MySQLi\Connection.php:295
Stack trace:
#0 C:\xampp\htdocs\IPMS\system\Database\MySQLi\Connection.php(295): mysqli->query('INSERT INTO `SP...', 0)
#1 C:\xampp\htdocs\IPMS\system\Database\BaseConnection.php(692): CodeIgniter\Database\MySQLi\Connection->execute('INSERT INTO `SP...')
#2 C:\xampp\htdocs\IPMS\system\Database\BaseConnection.php(606): CodeIgniter\Database\BaseConnection->simpleQuery('INSERT INTO `SP...')
#3 C:\xampp\htdocs\IPMS\system\Database\BaseBuilder.php(2309): CodeIgniter\Database\BaseConnection->query('INSERT INTO `SP...', Array, false)
#4 C:\xampp\htdocs\IPMS\system\Model.php(330): CodeIgniter\Database\BaseBuilder->insert()
#5 C:\xampp\htdocs\IPMS\system\BaseModel.php(782): CodeIgniter\Model->doInsert(Array)
#6 C:\xampp\htdocs\IPMS\system\Model.php(730): CodeIgniter\BaseModel->insert(Array, false)
#7 C:\xampp\htdocs\IPMS\system\BaseModel.php(692): CodeIgniter\Model->insert(Array, false)
#8 C:\xampp\htdocs\IPMS\app\Controllers\Web.php(315): CodeIgniter\BaseModel->save(Array)
#9 C:\xampp\htdocs\IPMS\system\CodeIgniter.php(932): App\Controllers\Web->viewtender()
#10 C:\xampp\htdocs\IPMS\system\CodeIgniter.php(497): CodeIgniter\CodeIgniter->runController(Object(App\Controllers\Web))
#11 C:\xampp\htdocs\IPMS\system\CodeIgniter.php(366): CodeIgniter\CodeIgniter->handleRequest(NULL, Object(Config\Cache), false)
#12 C:\xampp\htdocs\IPMS\index.php(67): CodeIgniter\CodeIgniter->run()
#13 {main}
CRITICAL - 2024-02-11 14:58:29 --> Column 'TenderId' cannot be null
in SYSTEMPATH\Database\MySQLi\Connection.php on line 295.
 1 SYSTEMPATH\Database\MySQLi\Connection.php(295): mysqli->query('INSERT INTO `SPriceSchedule` (`UserId`, `AnnounceId`, `TenderId`, `Qty`, `Unit_priceEV`, `PriceLItem`, `OPrice`, `TotalPEVat`, `Discount`, `TotalwithDiscount`, `VAT`, `VatAmount`, `TotalPIVat`, `SubmittedDate`) VALUES (\'14\', \'4\', NULL, \'1\', \'1000\', 1000, \'231231\', 232231, \'434\', 231797, \'23421\', 54289175.37, -54057378.37, \'2024-02-11\')', 0)
 2 SYSTEMPATH\Database\BaseConnection.php(692): CodeIgniter\Database\MySQLi\Connection->execute('INSERT INTO `SPriceSchedule` (`UserId`, `AnnounceId`, `TenderId`, `Qty`, `Unit_priceEV`, `PriceLItem`, `OPrice`, `TotalPEVat`, `Discount`, `TotalwithDiscount`, `VAT`, `VatAmount`, `TotalPIVat`, `SubmittedDate`) VALUES (\'14\', \'4\', NULL, \'1\', \'1000\', 1000, \'231231\', 232231, \'434\', 231797, \'23421\', 54289175.37, -54057378.37, \'2024-02-11\')')
 3 SYSTEMPATH\Database\BaseConnection.php(606): CodeIgniter\Database\BaseConnection->simpleQuery('INSERT INTO `SPriceSchedule` (`UserId`, `AnnounceId`, `TenderId`, `Qty`, `Unit_priceEV`, `PriceLItem`, `OPrice`, `TotalPEVat`, `Discount`, `TotalwithDiscount`, `VAT`, `VatAmount`, `TotalPIVat`, `SubmittedDate`) VALUES (\'14\', \'4\', NULL, \'1\', \'1000\', 1000, \'231231\', 232231, \'434\', 231797, \'23421\', 54289175.37, -54057378.37, \'2024-02-11\')')
 4 SYSTEMPATH\Database\BaseBuilder.php(2309): CodeIgniter\Database\BaseConnection->query('INSERT INTO `SPriceSchedule` (`UserId`, `AnnounceId`, `TenderId`, `Qty`, `Unit_priceEV`, `PriceLItem`, `OPrice`, `TotalPEVat`, `Discount`, `TotalwithDiscount`, `VAT`, `VatAmount`, `TotalPIVat`, `SubmittedDate`) VALUES (:UserId:, :AnnounceId:, :TenderId:, :Qty:, :Unit_priceEV:, :PriceLItem:, :OPrice:, :TotalPEVat:, :Discount:, :TotalwithDiscount:, :VAT:, :VatAmount:, :TotalPIVat:, :SubmittedDate:)', [...], false)
 5 SYSTEMPATH\Model.php(330): CodeIgniter\Database\BaseBuilder->insert()
 6 SYSTEMPATH\BaseModel.php(782): CodeIgniter\Model->doInsert([...])
 7 SYSTEMPATH\Model.php(730): CodeIgniter\BaseModel->insert([...], false)
 8 SYSTEMPATH\BaseModel.php(692): CodeIgniter\Model->insert([...], false)
 9 APPPATH\Controllers\Web.php(315): CodeIgniter\BaseModel->save([...])
10 SYSTEMPATH\CodeIgniter.php(932): App\Controllers\Web->viewtender()
11 SYSTEMPATH\CodeIgniter.php(497): CodeIgniter\CodeIgniter->runController(Object(App\Controllers\Web))
12 SYSTEMPATH\CodeIgniter.php(366): CodeIgniter\CodeIgniter->handleRequest(null, Object(Config\Cache), false)
13 FCPATH\index.php(67): CodeIgniter\CodeIgniter->run()
ERROR - 2024-02-11 14:59:00 --> mysqli_sql_exception: Column 'Item' cannot be null in C:\xampp\htdocs\IPMS\system\Database\MySQLi\Connection.php:295
Stack trace:
#0 C:\xampp\htdocs\IPMS\system\Database\MySQLi\Connection.php(295): mysqli->query('INSERT INTO `SP...', 0)
#1 C:\xampp\htdocs\IPMS\system\Database\BaseConnection.php(692): CodeIgniter\Database\MySQLi\Connection->execute('INSERT INTO `SP...')
#2 C:\xampp\htdocs\IPMS\system\Database\BaseConnection.php(606): CodeIgniter\Database\BaseConnection->simpleQuery('INSERT INTO `SP...')
#3 C:\xampp\htdocs\IPMS\system\Database\BaseBuilder.php(2309): CodeIgniter\Database\BaseConnection->query('INSERT INTO `SP...', Array, false)
#4 C:\xampp\htdocs\IPMS\system\Model.php(330): CodeIgniter\Database\BaseBuilder->insert()
#5 C:\xampp\htdocs\IPMS\system\BaseModel.php(782): CodeIgniter\Model->doInsert(Array)
#6 C:\xampp\htdocs\IPMS\system\Model.php(730): CodeIgniter\BaseModel->insert(Array, false)
#7 C:\xampp\htdocs\IPMS\system\BaseModel.php(692): CodeIgniter\Model->insert(Array, false)
#8 C:\xampp\htdocs\IPMS\app\Controllers\Web.php(315): CodeIgniter\BaseModel->save(Array)
#9 C:\xampp\htdocs\IPMS\system\CodeIgniter.php(932): App\Controllers\Web->viewtender()
#10 C:\xampp\htdocs\IPMS\system\CodeIgniter.php(497): CodeIgniter\CodeIgniter->runController(Object(App\Controllers\Web))
#11 C:\xampp\htdocs\IPMS\system\CodeIgniter.php(366): CodeIgniter\CodeIgniter->handleRequest(NULL, Object(Config\Cache), false)
#12 C:\xampp\htdocs\IPMS\index.php(67): CodeIgniter\CodeIgniter->run()
#13 {main}
CRITICAL - 2024-02-11 14:59:00 --> Column 'Item' cannot be null
in SYSTEMPATH\Database\MySQLi\Connection.php on line 295.
 1 SYSTEMPATH\Database\MySQLi\Connection.php(295): mysqli->query('INSERT INTO `SPriceSchedule` (`UserId`, `AnnounceId`, `TenderId`, `Item`, `Qty`, `Unit_priceEV`, `PriceLItem`, `OPrice`, `TotalPEVat`, `Discount`, `TotalwithDiscount`, `VAT`, `VatAmount`, `TotalPIVat`, `SubmittedDate`) VALUES (\'14\', \'4\', \'51\', NULL, \'1\', \'1000\', 1000, \'231231\', 232231, \'434\', 231797, \'23421\', 54289175.37, -54057378.37, \'2024-02-11\')', 0)
 2 SYSTEMPATH\Database\BaseConnection.php(692): CodeIgniter\Database\MySQLi\Connection->execute('INSERT INTO `SPriceSchedule` (`UserId`, `AnnounceId`, `TenderId`, `Item`, `Qty`, `Unit_priceEV`, `PriceLItem`, `OPrice`, `TotalPEVat`, `Discount`, `TotalwithDiscount`, `VAT`, `VatAmount`, `TotalPIVat`, `SubmittedDate`) VALUES (\'14\', \'4\', \'51\', NULL, \'1\', \'1000\', 1000, \'231231\', 232231, \'434\', 231797, \'23421\', 54289175.37, -54057378.37, \'2024-02-11\')')
 3 SYSTEMPATH\Database\BaseConnection.php(606): CodeIgniter\Database\BaseConnection->simpleQuery('INSERT INTO `SPriceSchedule` (`UserId`, `AnnounceId`, `TenderId`, `Item`, `Qty`, `Unit_priceEV`, `PriceLItem`, `OPrice`, `TotalPEVat`, `Discount`, `TotalwithDiscount`, `VAT`, `VatAmount`, `TotalPIVat`, `SubmittedDate`) VALUES (\'14\', \'4\', \'51\', NULL, \'1\', \'1000\', 1000, \'231231\', 232231, \'434\', 231797, \'23421\', 54289175.37, -54057378.37, \'2024-02-11\')')
 4 SYSTEMPATH\Database\BaseBuilder.php(2309): CodeIgniter\Database\BaseConnection->query('INSERT INTO `SPriceSchedule` (`UserId`, `AnnounceId`, `TenderId`, `Item`, `Qty`, `Unit_priceEV`, `PriceLItem`, `OPrice`, `TotalPEVat`, `Discount`, `TotalwithDiscount`, `VAT`, `VatAmount`, `TotalPIVat`, `SubmittedDate`) VALUES (:UserId:, :AnnounceId:, :TenderId:, :Item:, :Qty:, :Unit_priceEV:, :PriceLItem:, :OPrice:, :TotalPEVat:, :Discount:, :TotalwithDiscount:, :VAT:, :VatAmount:, :TotalPIVat:, :SubmittedDate:)', [...], false)
 5 SYSTEMPATH\Model.php(330): CodeIgniter\Database\BaseBuilder->insert()
 6 SYSTEMPATH\BaseModel.php(782): CodeIgniter\Model->doInsert([...])
 7 SYSTEMPATH\Model.php(730): CodeIgniter\BaseModel->insert([...], false)
 8 SYSTEMPATH\BaseModel.php(692): CodeIgniter\Model->insert([...], false)
 9 APPPATH\Controllers\Web.php(315): CodeIgniter\BaseModel->save([...])
10 SYSTEMPATH\CodeIgniter.php(932): App\Controllers\Web->viewtender()
11 SYSTEMPATH\CodeIgniter.php(497): CodeIgniter\CodeIgniter->runController(Object(App\Controllers\Web))
12 SYSTEMPATH\CodeIgniter.php(366): CodeIgniter\CodeIgniter->handleRequest(null, Object(Config\Cache), false)
13 FCPATH\index.php(67): CodeIgniter\CodeIgniter->run()
ERROR - 2024-02-11 15:01:11 --> mysqli_sql_exception: Column 'Item' cannot be null in C:\xampp\htdocs\IPMS\system\Database\MySQLi\Connection.php:295
Stack trace:
#0 C:\xampp\htdocs\IPMS\system\Database\MySQLi\Connection.php(295): mysqli->query('INSERT INTO `SP...', 0)
#1 C:\xampp\htdocs\IPMS\system\Database\BaseConnection.php(692): CodeIgniter\Database\MySQLi\Connection->execute('INSERT INTO `SP...')
#2 C:\xampp\htdocs\IPMS\system\Database\BaseConnection.php(606): CodeIgniter\Database\BaseConnection->simpleQuery('INSERT INTO `SP...')
#3 C:\xampp\htdocs\IPMS\system\Database\BaseBuilder.php(2309): CodeIgniter\Database\BaseConnection->query('INSERT INTO `SP...', Array, false)
#4 C:\xampp\htdocs\IPMS\system\Model.php(330): CodeIgniter\Database\BaseBuilder->insert()
#5 C:\xampp\htdocs\IPMS\system\BaseModel.php(782): CodeIgniter\Model->doInsert(Array)
#6 C:\xampp\htdocs\IPMS\system\Model.php(730): CodeIgniter\BaseModel->insert(Array, false)
#7 C:\xampp\htdocs\IPMS\system\BaseModel.php(692): CodeIgniter\Model->insert(Array, false)
#8 C:\xampp\htdocs\IPMS\app\Controllers\Web.php(315): CodeIgniter\BaseModel->save(Array)
#9 C:\xampp\htdocs\IPMS\system\CodeIgniter.php(932): App\Controllers\Web->viewtender()
#10 C:\xampp\htdocs\IPMS\system\CodeIgniter.php(497): CodeIgniter\CodeIgniter->runController(Object(App\Controllers\Web))
#11 C:\xampp\htdocs\IPMS\system\CodeIgniter.php(366): CodeIgniter\CodeIgniter->handleRequest(NULL, Object(Config\Cache), false)
#12 C:\xampp\htdocs\IPMS\index.php(67): CodeIgniter\CodeIgniter->run()
#13 {main}
CRITICAL - 2024-02-11 15:01:11 --> Column 'Item' cannot be null
in SYSTEMPATH\Database\MySQLi\Connection.php on line 295.
 1 SYSTEMPATH\Database\MySQLi\Connection.php(295): mysqli->query('INSERT INTO `SPriceSchedule` (`UserId`, `AnnounceId`, `TenderId`, `Item`, `Qty`, `Unit_priceEV`, `PriceLItem`, `OPrice`, `TotalPEVat`, `Discount`, `TotalwithDiscount`, `VAT`, `VatAmount`, `TotalPIVat`, `SubmittedDate`) VALUES (\'14\', \'4\', \'51\', NULL, \'1\', \'1000\', 1000, \'231231\', 232231, \'434\', 231797, \'23421\', 54289175.37, -54057378.37, \'2024-02-11\')', 0)
 2 SYSTEMPATH\Database\BaseConnection.php(692): CodeIgniter\Database\MySQLi\Connection->execute('INSERT INTO `SPriceSchedule` (`UserId`, `AnnounceId`, `TenderId`, `Item`, `Qty`, `Unit_priceEV`, `PriceLItem`, `OPrice`, `TotalPEVat`, `Discount`, `TotalwithDiscount`, `VAT`, `VatAmount`, `TotalPIVat`, `SubmittedDate`) VALUES (\'14\', \'4\', \'51\', NULL, \'1\', \'1000\', 1000, \'231231\', 232231, \'434\', 231797, \'23421\', 54289175.37, -54057378.37, \'2024-02-11\')')
 3 SYSTEMPATH\Database\BaseConnection.php(606): CodeIgniter\Database\BaseConnection->simpleQuery('INSERT INTO `SPriceSchedule` (`UserId`, `AnnounceId`, `TenderId`, `Item`, `Qty`, `Unit_priceEV`, `PriceLItem`, `OPrice`, `TotalPEVat`, `Discount`, `TotalwithDiscount`, `VAT`, `VatAmount`, `TotalPIVat`, `SubmittedDate`) VALUES (\'14\', \'4\', \'51\', NULL, \'1\', \'1000\', 1000, \'231231\', 232231, \'434\', 231797, \'23421\', 54289175.37, -54057378.37, \'2024-02-11\')')
 4 SYSTEMPATH\Database\BaseBuilder.php(2309): CodeIgniter\Database\BaseConnection->query('INSERT INTO `SPriceSchedule` (`UserId`, `AnnounceId`, `TenderId`, `Item`, `Qty`, `Unit_priceEV`, `PriceLItem`, `OPrice`, `TotalPEVat`, `Discount`, `TotalwithDiscount`, `VAT`, `VatAmount`, `TotalPIVat`, `SubmittedDate`) VALUES (:UserId:, :AnnounceId:, :TenderId:, :Item:, :Qty:, :Unit_priceEV:, :PriceLItem:, :OPrice:, :TotalPEVat:, :Discount:, :TotalwithDiscount:, :VAT:, :VatAmount:, :TotalPIVat:, :SubmittedDate:)', [...], false)
 5 SYSTEMPATH\Model.php(330): CodeIgniter\Database\BaseBuilder->insert()
 6 SYSTEMPATH\BaseModel.php(782): CodeIgniter\Model->doInsert([...])
 7 SYSTEMPATH\Model.php(730): CodeIgniter\BaseModel->insert([...], false)
 8 SYSTEMPATH\BaseModel.php(692): CodeIgniter\Model->insert([...], false)
 9 APPPATH\Controllers\Web.php(315): CodeIgniter\BaseModel->save([...])
10 SYSTEMPATH\CodeIgniter.php(932): App\Controllers\Web->viewtender()
11 SYSTEMPATH\CodeIgniter.php(497): CodeIgniter\CodeIgniter->runController(Object(App\Controllers\Web))
12 SYSTEMPATH\CodeIgniter.php(366): CodeIgniter\CodeIgniter->handleRequest(null, Object(Config\Cache), false)
13 FCPATH\index.php(67): CodeIgniter\CodeIgniter->run()
ERROR - 2024-02-11 15:01:49 --> mysqli_sql_exception: Column 'Item' cannot be null in C:\xampp\htdocs\IPMS\system\Database\MySQLi\Connection.php:295
Stack trace:
#0 C:\xampp\htdocs\IPMS\system\Database\MySQLi\Connection.php(295): mysqli->query('INSERT INTO `SP...', 0)
#1 C:\xampp\htdocs\IPMS\system\Database\BaseConnection.php(692): CodeIgniter\Database\MySQLi\Connection->execute('INSERT INTO `SP...')
#2 C:\xampp\htdocs\IPMS\system\Database\BaseConnection.php(606): CodeIgniter\Database\BaseConnection->simpleQuery('INSERT INTO `SP...')
#3 C:\xampp\htdocs\IPMS\system\Database\BaseBuilder.php(2309): CodeIgniter\Database\BaseConnection->query('INSERT INTO `SP...', Array, false)
#4 C:\xampp\htdocs\IPMS\system\Model.php(330): CodeIgniter\Database\BaseBuilder->insert()
#5 C:\xampp\htdocs\IPMS\system\BaseModel.php(782): CodeIgniter\Model->doInsert(Array)
#6 C:\xampp\htdocs\IPMS\system\Model.php(730): CodeIgniter\BaseModel->insert(Array, false)
#7 C:\xampp\htdocs\IPMS\system\BaseModel.php(692): CodeIgniter\Model->insert(Array, false)
#8 C:\xampp\htdocs\IPMS\app\Controllers\Web.php(315): CodeIgniter\BaseModel->save(Array)
#9 C:\xampp\htdocs\IPMS\system\CodeIgniter.php(932): App\Controllers\Web->viewtender()
#10 C:\xampp\htdocs\IPMS\system\CodeIgniter.php(497): CodeIgniter\CodeIgniter->runController(Object(App\Controllers\Web))
#11 C:\xampp\htdocs\IPMS\system\CodeIgniter.php(366): CodeIgniter\CodeIgniter->handleRequest(NULL, Object(Config\Cache), false)
#12 C:\xampp\htdocs\IPMS\index.php(67): CodeIgniter\CodeIgniter->run()
#13 {main}
CRITICAL - 2024-02-11 15:01:49 --> Column 'Item' cannot be null
in SYSTEMPATH\Database\MySQLi\Connection.php on line 295.
 1 SYSTEMPATH\Database\MySQLi\Connection.php(295): mysqli->query('INSERT INTO `SPriceSchedule` (`UserId`, `AnnounceId`, `TenderId`, `Item`, `Qty`, `Unit_priceEV`, `PriceLItem`, `OPrice`, `TotalPEVat`, `Discount`, `TotalwithDiscount`, `VAT`, `VatAmount`, `TotalPIVat`, `SubmittedDate`) VALUES (\'14\', \'4\', \'51\', NULL, \'1\', \'1000\', 1000, \'231231\', 232231, \'434\', 231797, \'23421\', 54289175.37, -54057378.37, \'2024-02-11\')', 0)
 2 SYSTEMPATH\Database\BaseConnection.php(692): CodeIgniter\Database\MySQLi\Connection->execute('INSERT INTO `SPriceSchedule` (`UserId`, `AnnounceId`, `TenderId`, `Item`, `Qty`, `Unit_priceEV`, `PriceLItem`, `OPrice`, `TotalPEVat`, `Discount`, `TotalwithDiscount`, `VAT`, `VatAmount`, `TotalPIVat`, `SubmittedDate`) VALUES (\'14\', \'4\', \'51\', NULL, \'1\', \'1000\', 1000, \'231231\', 232231, \'434\', 231797, \'23421\', 54289175.37, -54057378.37, \'2024-02-11\')')
 3 SYSTEMPATH\Database\BaseConnection.php(606): CodeIgniter\Database\BaseConnection->simpleQuery('INSERT INTO `SPriceSchedule` (`UserId`, `AnnounceId`, `TenderId`, `Item`, `Qty`, `Unit_priceEV`, `PriceLItem`, `OPrice`, `TotalPEVat`, `Discount`, `TotalwithDiscount`, `VAT`, `VatAmount`, `TotalPIVat`, `SubmittedDate`) VALUES (\'14\', \'4\', \'51\', NULL, \'1\', \'1000\', 1000, \'231231\', 232231, \'434\', 231797, \'23421\', 54289175.37, -54057378.37, \'2024-02-11\')')
 4 SYSTEMPATH\Database\BaseBuilder.php(2309): CodeIgniter\Database\BaseConnection->query('INSERT INTO `SPriceSchedule` (`UserId`, `AnnounceId`, `TenderId`, `Item`, `Qty`, `Unit_priceEV`, `PriceLItem`, `OPrice`, `TotalPEVat`, `Discount`, `TotalwithDiscount`, `VAT`, `VatAmount`, `TotalPIVat`, `SubmittedDate`) VALUES (:UserId:, :AnnounceId:, :TenderId:, :Item:, :Qty:, :Unit_priceEV:, :PriceLItem:, :OPrice:, :TotalPEVat:, :Discount:, :TotalwithDiscount:, :VAT:, :VatAmount:, :TotalPIVat:, :SubmittedDate:)', [...], false)
 5 SYSTEMPATH\Model.php(330): CodeIgniter\Database\BaseBuilder->insert()
 6 SYSTEMPATH\BaseModel.php(782): CodeIgniter\Model->doInsert([...])
 7 SYSTEMPATH\Model.php(730): CodeIgniter\BaseModel->insert([...], false)
 8 SYSTEMPATH\BaseModel.php(692): CodeIgniter\Model->insert([...], false)
 9 APPPATH\Controllers\Web.php(315): CodeIgniter\BaseModel->save([...])
10 SYSTEMPATH\CodeIgniter.php(932): App\Controllers\Web->viewtender()
11 SYSTEMPATH\CodeIgniter.php(497): CodeIgniter\CodeIgniter->runController(Object(App\Controllers\Web))
12 SYSTEMPATH\CodeIgniter.php(366): CodeIgniter\CodeIgniter->handleRequest(null, Object(Config\Cache), false)
13 FCPATH\index.php(67): CodeIgniter\CodeIgniter->run()
CRITICAL - 2024-02-11 15:32:15 --> Undefined array key "ItemName"
in APPPATH\Views\sys\BidEvaluation\TECEvaluation.php on line 226.
 1 APPPATH\Views\sys\BidEvaluation\TECEvaluation.php(226): CodeIgniter\Debug\Exceptions->errorHandler(2, 'Undefined array key "ItemName"', 'C:\\xampp\\htdocs\\IPMS\\app\\Views\\sys\\BidEvaluation\\TECEvaluation.php', 226)
 2 SYSTEMPATH\View\View.php(224): include('C:\\xampp\\htdocs\\IPMS\\app\\Views\\sys\\BidEvaluation\\TECEvaluation.php')
 3 SYSTEMPATH\View\View.php(227): CodeIgniter\View\View->CodeIgniter\View\{closure}()
 4 SYSTEMPATH\Common.php(1176): CodeIgniter\View\View->render('sys/BidEvaluation/TECEvaluation', [], true)
 5 APPPATH\Controllers\BidEvaluation.php(119): view('sys/BidEvaluation/TECEvaluation', [...])
 6 SYSTEMPATH\CodeIgniter.php(932): App\Controllers\BidEvaluation->TECEvaluation('51')
 7 SYSTEMPATH\CodeIgniter.php(497): CodeIgniter\CodeIgniter->runController(Object(App\Controllers\BidEvaluation))
 8 SYSTEMPATH\CodeIgniter.php(366): CodeIgniter\CodeIgniter->handleRequest(null, Object(Config\Cache), false)
 9 FCPATH\index.php(67): CodeIgniter\CodeIgniter->run()
CRITICAL - 2024-02-11 15:33:10 --> Undefined array key "ItemName"
in APPPATH\Views\sys\BidEvaluation\TECEvaluation.php on line 226.
 1 APPPATH\Views\sys\BidEvaluation\TECEvaluation.php(226): CodeIgniter\Debug\Exceptions->errorHandler(2, 'Undefined array key "ItemName"', 'C:\\xampp\\htdocs\\IPMS\\app\\Views\\sys\\BidEvaluation\\TECEvaluation.php', 226)
 2 SYSTEMPATH\View\View.php(224): include('C:\\xampp\\htdocs\\IPMS\\app\\Views\\sys\\BidEvaluation\\TECEvaluation.php')
 3 SYSTEMPATH\View\View.php(227): CodeIgniter\View\View->CodeIgniter\View\{closure}()
 4 SYSTEMPATH\Common.php(1176): CodeIgniter\View\View->render('sys/BidEvaluation/TECEvaluation', [], true)
 5 APPPATH\Controllers\BidEvaluation.php(119): view('sys/BidEvaluation/TECEvaluation', [...])
 6 SYSTEMPATH\CodeIgniter.php(932): App\Controllers\BidEvaluation->TECEvaluation('51')
 7 SYSTEMPATH\CodeIgniter.php(497): CodeIgniter\CodeIgniter->runController(Object(App\Controllers\BidEvaluation))
 8 SYSTEMPATH\CodeIgniter.php(366): CodeIgniter\CodeIgniter->handleRequest(null, Object(Config\Cache), false)
 9 FCPATH\index.php(67): CodeIgniter\CodeIgniter->run()
CRITICAL - 2024-02-11 15:50:02 --> Undefined variable $listP
in APPPATH\Views\sys\BidEvaluation\TECEvaluation.php on line 224.
 1 APPPATH\Views\sys\BidEvaluation\TECEvaluation.php(224): CodeIgniter\Debug\Exceptions->errorHandler(2, 'Undefined variable $listP', 'C:\\xampp\\htdocs\\IPMS\\app\\Views\\sys\\BidEvaluation\\TECEvaluation.php', 224)
 2 SYSTEMPATH\View\View.php(224): include('C:\\xampp\\htdocs\\IPMS\\app\\Views\\sys\\BidEvaluation\\TECEvaluation.php')
 3 SYSTEMPATH\View\View.php(227): CodeIgniter\View\View->CodeIgniter\View\{closure}()
 4 SYSTEMPATH\Common.php(1176): CodeIgniter\View\View->render('sys/BidEvaluation/TECEvaluation', [], true)
 5 APPPATH\Controllers\BidEvaluation.php(119): view('sys/BidEvaluation/TECEvaluation', [...])
 6 SYSTEMPATH\CodeIgniter.php(932): App\Controllers\BidEvaluation->TECEvaluation('51')
 7 SYSTEMPATH\CodeIgniter.php(497): CodeIgniter\CodeIgniter->runController(Object(App\Controllers\BidEvaluation))
 8 SYSTEMPATH\CodeIgniter.php(366): CodeIgniter\CodeIgniter->handleRequest(null, Object(Config\Cache), false)
 9 FCPATH\index.php(67): CodeIgniter\CodeIgniter->run()
CRITICAL - 2024-02-11 15:50:06 --> Undefined variable $listP
in APPPATH\Views\sys\BidEvaluation\TECEvaluation.php on line 224.
 1 APPPATH\Views\sys\BidEvaluation\TECEvaluation.php(224): CodeIgniter\Debug\Exceptions->errorHandler(2, 'Undefined variable $listP', 'C:\\xampp\\htdocs\\IPMS\\app\\Views\\sys\\BidEvaluation\\TECEvaluation.php', 224)
 2 SYSTEMPATH\View\View.php(224): include('C:\\xampp\\htdocs\\IPMS\\app\\Views\\sys\\BidEvaluation\\TECEvaluation.php')
 3 SYSTEMPATH\View\View.php(227): CodeIgniter\View\View->CodeIgniter\View\{closure}()
 4 SYSTEMPATH\Common.php(1176): CodeIgniter\View\View->render('sys/BidEvaluation/TECEvaluation', [], true)
 5 APPPATH\Controllers\BidEvaluation.php(119): view('sys/BidEvaluation/TECEvaluation', [...])
 6 SYSTEMPATH\CodeIgniter.php(932): App\Controllers\BidEvaluation->TECEvaluation('51')
 7 SYSTEMPATH\CodeIgniter.php(497): CodeIgniter\CodeIgniter->runController(Object(App\Controllers\BidEvaluation))
 8 SYSTEMPATH\CodeIgniter.php(366): CodeIgniter\CodeIgniter->handleRequest(null, Object(Config\Cache), false)
 9 FCPATH\index.php(67): CodeIgniter\CodeIgniter->run()
CRITICAL - 2024-02-11 15:50:06 --> Undefined variable $listP
in APPPATH\Views\sys\BidEvaluation\TECEvaluation.php on line 224.
 1 APPPATH\Views\sys\BidEvaluation\TECEvaluation.php(224): CodeIgniter\Debug\Exceptions->errorHandler(2, 'Undefined variable $listP', 'C:\\xampp\\htdocs\\IPMS\\app\\Views\\sys\\BidEvaluation\\TECEvaluation.php', 224)
 2 SYSTEMPATH\View\View.php(224): include('C:\\xampp\\htdocs\\IPMS\\app\\Views\\sys\\BidEvaluation\\TECEvaluation.php')
 3 SYSTEMPATH\View\View.php(227): CodeIgniter\View\View->CodeIgniter\View\{closure}()
 4 SYSTEMPATH\Common.php(1176): CodeIgniter\View\View->render('sys/BidEvaluation/TECEvaluation', [], true)
 5 APPPATH\Controllers\BidEvaluation.php(119): view('sys/BidEvaluation/TECEvaluation', [...])
 6 SYSTEMPATH\CodeIgniter.php(932): App\Controllers\BidEvaluation->TECEvaluation('assets', '14', 'messages-1.jpg')
 7 SYSTEMPATH\CodeIgniter.php(497): CodeIgniter\CodeIgniter->runController(Object(App\Controllers\BidEvaluation))
 8 SYSTEMPATH\CodeIgniter.php(366): CodeIgniter\CodeIgniter->handleRequest(null, Object(Config\Cache), false)
 9 FCPATH\index.php(67): CodeIgniter\CodeIgniter->run()
CRITICAL - 2024-02-11 17:46:39 --> Undefined array key "Male"
in APPPATH\Views\sys\employee\edit.php on line 61.
 1 APPPATH\Views\sys\employee\edit.php(61): CodeIgniter\Debug\Exceptions->errorHandler(2, 'Undefined array key "Male"', 'C:\\xampp\\htdocs\\IPMS\\app\\Views\\sys\\employee\\edit.php', 61)
 2 SYSTEMPATH\View\View.php(224): include('C:\\xampp\\htdocs\\IPMS\\app\\Views\\sys\\employee\\edit.php')
 3 SYSTEMPATH\View\View.php(227): CodeIgniter\View\View->CodeIgniter\View\{closure}()
 4 SYSTEMPATH\Common.php(1176): CodeIgniter\View\View->render('sys/employee/edit', [], true)
 5 APPPATH\Controllers\Employee.php(148): view('sys/employee/edit', [...])
 6 SYSTEMPATH\CodeIgniter.php(932): App\Controllers\Employee->edit('1')
 7 SYSTEMPATH\CodeIgniter.php(497): CodeIgniter\CodeIgniter->runController(Object(App\Controllers\Employee))
 8 SYSTEMPATH\CodeIgniter.php(366): CodeIgniter\CodeIgniter->handleRequest(null, Object(Config\Cache), false)
 9 FCPATH\index.php(67): CodeIgniter\CodeIgniter->run()
CRITICAL - 2024-02-11 17:46:40 --> Trying to access array offset on value of type null
in APPPATH\Views\sys\employee\edit.php on line 23.
 1 APPPATH\Views\sys\employee\edit.php(23): CodeIgniter\Debug\Exceptions->errorHandler(2, 'Trying to access array offset on value of type null', 'C:\\xampp\\htdocs\\IPMS\\app\\Views\\sys\\employee\\edit.php', 23)
 2 SYSTEMPATH\View\View.php(224): include('C:\\xampp\\htdocs\\IPMS\\app\\Views\\sys\\employee\\edit.php')
 3 SYSTEMPATH\View\View.php(227): CodeIgniter\View\View->CodeIgniter\View\{closure}()
 4 SYSTEMPATH\Common.php(1176): CodeIgniter\View\View->render('sys/employee/edit', [], true)
 5 APPPATH\Controllers\Employee.php(148): view('sys/employee/edit', [...])
 6 SYSTEMPATH\CodeIgniter.php(932): App\Controllers\Employee->edit('assets', 'img', 'messages-1.jpg')
 7 SYSTEMPATH\CodeIgniter.php(497): CodeIgniter\CodeIgniter->runController(Object(App\Controllers\Employee))
 8 SYSTEMPATH\CodeIgniter.php(366): CodeIgniter\CodeIgniter->handleRequest(null, Object(Config\Cache), false)
 9 FCPATH\index.php(67): CodeIgniter\CodeIgniter->run()
CRITICAL - 2024-02-11 17:48:49 --> Undefined array key "Male"
in APPPATH\Views\sys\employee\edit.php on line 61.
 1 APPPATH\Views\sys\employee\edit.php(61): CodeIgniter\Debug\Exceptions->errorHandler(2, 'Undefined array key "Male"', 'C:\\xampp\\htdocs\\IPMS\\app\\Views\\sys\\employee\\edit.php', 61)
 2 SYSTEMPATH\View\View.php(224): include('C:\\xampp\\htdocs\\IPMS\\app\\Views\\sys\\employee\\edit.php')
 3 SYSTEMPATH\View\View.php(227): CodeIgniter\View\View->CodeIgniter\View\{closure}()
 4 SYSTEMPATH\Common.php(1176): CodeIgniter\View\View->render('sys/employee/edit', [], true)
 5 APPPATH\Controllers\Employee.php(148): view('sys/employee/edit', [...])
 6 SYSTEMPATH\CodeIgniter.php(932): App\Controllers\Employee->edit('1')
 7 SYSTEMPATH\CodeIgniter.php(497): CodeIgniter\CodeIgniter->runController(Object(App\Controllers\Employee))
 8 SYSTEMPATH\CodeIgniter.php(366): CodeIgniter\CodeIgniter->handleRequest(null, Object(Config\Cache), false)
 9 FCPATH\index.php(67): CodeIgniter\CodeIgniter->run()
CRITICAL - 2024-02-11 17:48:50 --> Trying to access array offset on value of type null
in APPPATH\Views\sys\employee\edit.php on line 23.
 1 APPPATH\Views\sys\employee\edit.php(23): CodeIgniter\Debug\Exceptions->errorHandler(2, 'Trying to access array offset on value of type null', 'C:\\xampp\\htdocs\\IPMS\\app\\Views\\sys\\employee\\edit.php', 23)
 2 SYSTEMPATH\View\View.php(224): include('C:\\xampp\\htdocs\\IPMS\\app\\Views\\sys\\employee\\edit.php')
 3 SYSTEMPATH\View\View.php(227): CodeIgniter\View\View->CodeIgniter\View\{closure}()
 4 SYSTEMPATH\Common.php(1176): CodeIgniter\View\View->render('sys/employee/edit', [], true)
 5 APPPATH\Controllers\Employee.php(148): view('sys/employee/edit', [...])
 6 SYSTEMPATH\CodeIgniter.php(932): App\Controllers\Employee->edit('assets', 'img', 'messages-1.jpg')
 7 SYSTEMPATH\CodeIgniter.php(497): CodeIgniter\CodeIgniter->runController(Object(App\Controllers\Employee))
 8 SYSTEMPATH\CodeIgniter.php(366): CodeIgniter\CodeIgniter->handleRequest(null, Object(Config\Cache), false)
 9 FCPATH\index.php(67): CodeIgniter\CodeIgniter->run()
CRITICAL - 2024-02-11 17:55:08 --> Undefined array key "Male"
in APPPATH\Views\sys\employee\edit.php on line 61.
 1 APPPATH\Views\sys\employee\edit.php(61): CodeIgniter\Debug\Exceptions->errorHandler(2, 'Undefined array key "Male"', 'C:\\xampp\\htdocs\\IPMS\\app\\Views\\sys\\employee\\edit.php', 61)
 2 SYSTEMPATH\View\View.php(224): include('C:\\xampp\\htdocs\\IPMS\\app\\Views\\sys\\employee\\edit.php')
 3 SYSTEMPATH\View\View.php(227): CodeIgniter\View\View->CodeIgniter\View\{closure}()
 4 SYSTEMPATH\Common.php(1176): CodeIgniter\View\View->render('sys/employee/edit', [], true)
 5 APPPATH\Controllers\Employee.php(148): view('sys/employee/edit', [...])
 6 SYSTEMPATH\CodeIgniter.php(932): App\Controllers\Employee->edit('1')
 7 SYSTEMPATH\CodeIgniter.php(497): CodeIgniter\CodeIgniter->runController(Object(App\Controllers\Employee))
 8 SYSTEMPATH\CodeIgniter.php(366): CodeIgniter\CodeIgniter->handleRequest(null, Object(Config\Cache), false)
 9 FCPATH\index.php(67): CodeIgniter\CodeIgniter->run()
CRITICAL - 2024-02-11 17:55:09 --> Trying to access array offset on value of type null
in APPPATH\Views\sys\employee\edit.php on line 23.
 1 APPPATH\Views\sys\employee\edit.php(23): CodeIgniter\Debug\Exceptions->errorHandler(2, 'Trying to access array offset on value of type null', 'C:\\xampp\\htdocs\\IPMS\\app\\Views\\sys\\employee\\edit.php', 23)
 2 SYSTEMPATH\View\View.php(224): include('C:\\xampp\\htdocs\\IPMS\\app\\Views\\sys\\employee\\edit.php')
 3 SYSTEMPATH\View\View.php(227): CodeIgniter\View\View->CodeIgniter\View\{closure}()
 4 SYSTEMPATH\Common.php(1176): CodeIgniter\View\View->render('sys/employee/edit', [], true)
 5 APPPATH\Controllers\Employee.php(148): view('sys/employee/edit', [...])
 6 SYSTEMPATH\CodeIgniter.php(932): App\Controllers\Employee->edit('assets', 'img', 'messages-1.jpg')
 7 SYSTEMPATH\CodeIgniter.php(497): CodeIgniter\CodeIgniter->runController(Object(App\Controllers\Employee))
 8 SYSTEMPATH\CodeIgniter.php(366): CodeIgniter\CodeIgniter->handleRequest(null, Object(Config\Cache), false)
 9 FCPATH\index.php(67): CodeIgniter\CodeIgniter->run()
CRITICAL - 2024-02-11 17:56:13 --> Undefined array key "Male"
in APPPATH\Views\sys\employee\edit.php on line 61.
 1 APPPATH\Views\sys\employee\edit.php(61): CodeIgniter\Debug\Exceptions->errorHandler(2, 'Undefined array key "Male"', 'C:\\xampp\\htdocs\\IPMS\\app\\Views\\sys\\employee\\edit.php', 61)
 2 SYSTEMPATH\View\View.php(224): include('C:\\xampp\\htdocs\\IPMS\\app\\Views\\sys\\employee\\edit.php')
 3 SYSTEMPATH\View\View.php(227): CodeIgniter\View\View->CodeIgniter\View\{closure}()
 4 SYSTEMPATH\Common.php(1176): CodeIgniter\View\View->render('sys/employee/edit', [], true)
 5 APPPATH\Controllers\Employee.php(148): view('sys/employee/edit', [...])
 6 SYSTEMPATH\CodeIgniter.php(932): App\Controllers\Employee->edit('1')
 7 SYSTEMPATH\CodeIgniter.php(497): CodeIgniter\CodeIgniter->runController(Object(App\Controllers\Employee))
 8 SYSTEMPATH\CodeIgniter.php(366): CodeIgniter\CodeIgniter->handleRequest(null, Object(Config\Cache), false)
 9 FCPATH\index.php(67): CodeIgniter\CodeIgniter->run()
CRITICAL - 2024-02-11 17:56:14 --> Trying to access array offset on value of type null
in APPPATH\Views\sys\employee\edit.php on line 23.
 1 APPPATH\Views\sys\employee\edit.php(23): CodeIgniter\Debug\Exceptions->errorHandler(2, 'Trying to access array offset on value of type null', 'C:\\xampp\\htdocs\\IPMS\\app\\Views\\sys\\employee\\edit.php', 23)
 2 SYSTEMPATH\View\View.php(224): include('C:\\xampp\\htdocs\\IPMS\\app\\Views\\sys\\employee\\edit.php')
 3 SYSTEMPATH\View\View.php(227): CodeIgniter\View\View->CodeIgniter\View\{closure}()
 4 SYSTEMPATH\Common.php(1176): CodeIgniter\View\View->render('sys/employee/edit', [], true)
 5 APPPATH\Controllers\Employee.php(148): view('sys/employee/edit', [...])
 6 SYSTEMPATH\CodeIgniter.php(932): App\Controllers\Employee->edit('assets', 'img', 'messages-1.jpg')
 7 SYSTEMPATH\CodeIgniter.php(497): CodeIgniter\CodeIgniter->runController(Object(App\Controllers\Employee))
 8 SYSTEMPATH\CodeIgniter.php(366): CodeIgniter\CodeIgniter->handleRequest(null, Object(Config\Cache), false)
 9 FCPATH\index.php(67): CodeIgniter\CodeIgniter->run()
CRITICAL - 2024-02-11 17:58:24 --> Undefined array key "Gender"
in APPPATH\Views\sys\employee\edit.php on line 61.
 1 APPPATH\Views\sys\employee\edit.php(61): CodeIgniter\Debug\Exceptions->errorHandler(2, 'Undefined array key "Gender"', 'C:\\xampp\\htdocs\\IPMS\\app\\Views\\sys\\employee\\edit.php', 61)
 2 SYSTEMPATH\View\View.php(224): include('C:\\xampp\\htdocs\\IPMS\\app\\Views\\sys\\employee\\edit.php')
 3 SYSTEMPATH\View\View.php(227): CodeIgniter\View\View->CodeIgniter\View\{closure}()
 4 SYSTEMPATH\Common.php(1176): CodeIgniter\View\View->render('sys/employee/edit', [], true)
 5 APPPATH\Controllers\Employee.php(148): view('sys/employee/edit', [...])
 6 SYSTEMPATH\CodeIgniter.php(932): App\Controllers\Employee->edit('1')
 7 SYSTEMPATH\CodeIgniter.php(497): CodeIgniter\CodeIgniter->runController(Object(App\Controllers\Employee))
 8 SYSTEMPATH\CodeIgniter.php(366): CodeIgniter\CodeIgniter->handleRequest(null, Object(Config\Cache), false)
 9 FCPATH\index.php(67): CodeIgniter\CodeIgniter->run()
CRITICAL - 2024-02-11 17:58:24 --> Trying to access array offset on value of type null
in APPPATH\Views\sys\employee\edit.php on line 23.
 1 APPPATH\Views\sys\employee\edit.php(23): CodeIgniter\Debug\Exceptions->errorHandler(2, 'Trying to access array offset on value of type null', 'C:\\xampp\\htdocs\\IPMS\\app\\Views\\sys\\employee\\edit.php', 23)
 2 SYSTEMPATH\View\View.php(224): include('C:\\xampp\\htdocs\\IPMS\\app\\Views\\sys\\employee\\edit.php')
 3 SYSTEMPATH\View\View.php(227): CodeIgniter\View\View->CodeIgniter\View\{closure}()
 4 SYSTEMPATH\Common.php(1176): CodeIgniter\View\View->render('sys/employee/edit', [], true)
 5 APPPATH\Controllers\Employee.php(148): view('sys/employee/edit', [...])
 6 SYSTEMPATH\CodeIgniter.php(932): App\Controllers\Employee->edit('assets', 'img', 'messages-1.jpg')
 7 SYSTEMPATH\CodeIgniter.php(497): CodeIgniter\CodeIgniter->runController(Object(App\Controllers\Employee))
 8 SYSTEMPATH\CodeIgniter.php(366): CodeIgniter\CodeIgniter->handleRequest(null, Object(Config\Cache), false)
 9 FCPATH\index.php(67): CodeIgniter\CodeIgniter->run()
CRITICAL - 2024-02-11 17:59:09 --> Undefined array key "Male"
in APPPATH\Views\sys\employee\edit.php on line 61.
 1 APPPATH\Views\sys\employee\edit.php(61): CodeIgniter\Debug\Exceptions->errorHandler(2, 'Undefined array key "Male"', 'C:\\xampp\\htdocs\\IPMS\\app\\Views\\sys\\employee\\edit.php', 61)
 2 SYSTEMPATH\View\View.php(224): include('C:\\xampp\\htdocs\\IPMS\\app\\Views\\sys\\employee\\edit.php')
 3 SYSTEMPATH\View\View.php(227): CodeIgniter\View\View->CodeIgniter\View\{closure}()
 4 SYSTEMPATH\Common.php(1176): CodeIgniter\View\View->render('sys/employee/edit', [], true)
 5 APPPATH\Controllers\Employee.php(148): view('sys/employee/edit', [...])
 6 SYSTEMPATH\CodeIgniter.php(932): App\Controllers\Employee->edit('1')
 7 SYSTEMPATH\CodeIgniter.php(497): CodeIgniter\CodeIgniter->runController(Object(App\Controllers\Employee))
 8 SYSTEMPATH\CodeIgniter.php(366): CodeIgniter\CodeIgniter->handleRequest(null, Object(Config\Cache), false)
 9 FCPATH\index.php(67): CodeIgniter\CodeIgniter->run()
CRITICAL - 2024-02-11 17:59:09 --> Trying to access array offset on value of type null
in APPPATH\Views\sys\employee\edit.php on line 23.
 1 APPPATH\Views\sys\employee\edit.php(23): CodeIgniter\Debug\Exceptions->errorHandler(2, 'Trying to access array offset on value of type null', 'C:\\xampp\\htdocs\\IPMS\\app\\Views\\sys\\employee\\edit.php', 23)
 2 SYSTEMPATH\View\View.php(224): include('C:\\xampp\\htdocs\\IPMS\\app\\Views\\sys\\employee\\edit.php')
 3 SYSTEMPATH\View\View.php(227): CodeIgniter\View\View->CodeIgniter\View\{closure}()
 4 SYSTEMPATH\Common.php(1176): CodeIgniter\View\View->render('sys/employee/edit', [], true)
 5 APPPATH\Controllers\Employee.php(148): view('sys/employee/edit', [...])
 6 SYSTEMPATH\CodeIgniter.php(932): App\Controllers\Employee->edit('assets', 'img', 'messages-1.jpg')
 7 SYSTEMPATH\CodeIgniter.php(497): CodeIgniter\CodeIgniter->runController(Object(App\Controllers\Employee))
 8 SYSTEMPATH\CodeIgniter.php(366): CodeIgniter\CodeIgniter->handleRequest(null, Object(Config\Cache), false)
 9 FCPATH\index.php(67): CodeIgniter\CodeIgniter->run()
CRITICAL - 2024-02-11 18:00:09 --> Undefined array key "profile_image"
in APPPATH\Views\sys\employee\edit.php on line 114.
 1 APPPATH\Views\sys\employee\edit.php(114): CodeIgniter\Debug\Exceptions->errorHandler(2, 'Undefined array key "profile_image"', 'C:\\xampp\\htdocs\\IPMS\\app\\Views\\sys\\employee\\edit.php', 114)
 2 SYSTEMPATH\View\View.php(224): include('C:\\xampp\\htdocs\\IPMS\\app\\Views\\sys\\employee\\edit.php')
 3 SYSTEMPATH\View\View.php(227): CodeIgniter\View\View->CodeIgniter\View\{closure}()
 4 SYSTEMPATH\Common.php(1176): CodeIgniter\View\View->render('sys/employee/edit', [], true)
 5 APPPATH\Controllers\Employee.php(148): view('sys/employee/edit', [...])
 6 SYSTEMPATH\CodeIgniter.php(932): App\Controllers\Employee->edit('1')
 7 SYSTEMPATH\CodeIgniter.php(497): CodeIgniter\CodeIgniter->runController(Object(App\Controllers\Employee))
 8 SYSTEMPATH\CodeIgniter.php(366): CodeIgniter\CodeIgniter->handleRequest(null, Object(Config\Cache), false)
 9 FCPATH\index.php(67): CodeIgniter\CodeIgniter->run()
CRITICAL - 2024-02-11 18:00:13 --> Trying to access array offset on value of type null
in APPPATH\Views\sys\employee\edit.php on line 23.
 1 APPPATH\Views\sys\employee\edit.php(23): CodeIgniter\Debug\Exceptions->errorHandler(2, 'Trying to access array offset on value of type null', 'C:\\xampp\\htdocs\\IPMS\\app\\Views\\sys\\employee\\edit.php', 23)
 2 SYSTEMPATH\View\View.php(224): include('C:\\xampp\\htdocs\\IPMS\\app\\Views\\sys\\employee\\edit.php')
 3 SYSTEMPATH\View\View.php(227): CodeIgniter\View\View->CodeIgniter\View\{closure}()
 4 SYSTEMPATH\Common.php(1176): CodeIgniter\View\View->render('sys/employee/edit', [], true)
 5 APPPATH\Controllers\Employee.php(148): view('sys/employee/edit', [...])
 6 SYSTEMPATH\CodeIgniter.php(932): App\Controllers\Employee->edit('assets', 'img', 'messages-1.jpg')
 7 SYSTEMPATH\CodeIgniter.php(497): CodeIgniter\CodeIgniter->runController(Object(App\Controllers\Employee))
 8 SYSTEMPATH\CodeIgniter.php(366): CodeIgniter\CodeIgniter->handleRequest(null, Object(Config\Cache), false)
 9 FCPATH\index.php(67): CodeIgniter\CodeIgniter->run()
CRITICAL - 2024-02-11 18:01:07 --> Trying to access array offset on value of type null
in APPPATH\Views\sys\employee\edit.php on line 23.
 1 APPPATH\Views\sys\employee\edit.php(23): CodeIgniter\Debug\Exceptions->errorHandler(2, 'Trying to access array offset on value of type null', 'C:\\xampp\\htdocs\\IPMS\\app\\Views\\sys\\employee\\edit.php', 23)
 2 SYSTEMPATH\View\View.php(224): include('C:\\xampp\\htdocs\\IPMS\\app\\Views\\sys\\employee\\edit.php')
 3 SYSTEMPATH\View\View.php(227): CodeIgniter\View\View->CodeIgniter\View\{closure}()
 4 SYSTEMPATH\Common.php(1176): CodeIgniter\View\View->render('sys/employee/edit', [], true)
 5 APPPATH\Controllers\Employee.php(148): view('sys/employee/edit', [...])
 6 SYSTEMPATH\CodeIgniter.php(932): App\Controllers\Employee->edit('assets', 'img', 'messages-1.jpg')
 7 SYSTEMPATH\CodeIgniter.php(497): CodeIgniter\CodeIgniter->runController(Object(App\Controllers\Employee))
 8 SYSTEMPATH\CodeIgniter.php(366): CodeIgniter\CodeIgniter->handleRequest(null, Object(Config\Cache), false)
 9 FCPATH\index.php(67): CodeIgniter\CodeIgniter->run()
CRITICAL - 2024-02-11 18:02:19 --> Trying to access array offset on value of type null
in APPPATH\Views\sys\employee\edit.php on line 23.
 1 APPPATH\Views\sys\employee\edit.php(23): CodeIgniter\Debug\Exceptions->errorHandler(2, 'Trying to access array offset on value of type null', 'C:\\xampp\\htdocs\\IPMS\\app\\Views\\sys\\employee\\edit.php', 23)
 2 SYSTEMPATH\View\View.php(224): include('C:\\xampp\\htdocs\\IPMS\\app\\Views\\sys\\employee\\edit.php')
 3 SYSTEMPATH\View\View.php(227): CodeIgniter\View\View->CodeIgniter\View\{closure}()
 4 SYSTEMPATH\Common.php(1176): CodeIgniter\View\View->render('sys/employee/edit', [], true)
 5 APPPATH\Controllers\Employee.php(148): view('sys/employee/edit', [...])
 6 SYSTEMPATH\CodeIgniter.php(932): App\Controllers\Employee->edit('assets', 'img', 'messages-1.jpg')
 7 SYSTEMPATH\CodeIgniter.php(497): CodeIgniter\CodeIgniter->runController(Object(App\Controllers\Employee))
 8 SYSTEMPATH\CodeIgniter.php(366): CodeIgniter\CodeIgniter->handleRequest(null, Object(Config\Cache), false)
 9 FCPATH\index.php(67): CodeIgniter\CodeIgniter->run()
CRITICAL - 2024-02-11 18:03:48 --> Trying to access array offset on value of type null
in APPPATH\Views\sys\employee\edit.php on line 23.
 1 APPPATH\Views\sys\employee\edit.php(23): CodeIgniter\Debug\Exceptions->errorHandler(2, 'Trying to access array offset on value of type null', 'C:\\xampp\\htdocs\\IPMS\\app\\Views\\sys\\employee\\edit.php', 23)
 2 SYSTEMPATH\View\View.php(224): include('C:\\xampp\\htdocs\\IPMS\\app\\Views\\sys\\employee\\edit.php')
 3 SYSTEMPATH\View\View.php(227): CodeIgniter\View\View->CodeIgniter\View\{closure}()
 4 SYSTEMPATH\Common.php(1176): CodeIgniter\View\View->render('sys/employee/edit', [], true)
 5 APPPATH\Controllers\Employee.php(148): view('sys/employee/edit', [...])
 6 SYSTEMPATH\CodeIgniter.php(932): App\Controllers\Employee->edit()
 7 SYSTEMPATH\CodeIgniter.php(497): CodeIgniter\CodeIgniter->runController(Object(App\Controllers\Employee))
 8 SYSTEMPATH\CodeIgniter.php(366): CodeIgniter\CodeIgniter->handleRequest(null, Object(Config\Cache), false)
 9 FCPATH\index.php(67): CodeIgniter\CodeIgniter->run()
CRITICAL - 2024-02-11 18:04:22 --> Trying to access array offset on value of type null
in APPPATH\Views\sys\employee\edit.php on line 23.
 1 APPPATH\Views\sys\employee\edit.php(23): CodeIgniter\Debug\Exceptions->errorHandler(2, 'Trying to access array offset on value of type null', 'C:\\xampp\\htdocs\\IPMS\\app\\Views\\sys\\employee\\edit.php', 23)
 2 SYSTEMPATH\View\View.php(224): include('C:\\xampp\\htdocs\\IPMS\\app\\Views\\sys\\employee\\edit.php')
 3 SYSTEMPATH\View\View.php(227): CodeIgniter\View\View->CodeIgniter\View\{closure}()
 4 SYSTEMPATH\Common.php(1176): CodeIgniter\View\View->render('sys/employee/edit', [], true)
 5 APPPATH\Controllers\Employee.php(148): view('sys/employee/edit', [...])
 6 SYSTEMPATH\CodeIgniter.php(932): App\Controllers\Employee->edit('assets', 'img', 'messages-1.jpg')
 7 SYSTEMPATH\CodeIgniter.php(497): CodeIgniter\CodeIgniter->runController(Object(App\Controllers\Employee))
 8 SYSTEMPATH\CodeIgniter.php(366): CodeIgniter\CodeIgniter->handleRequest(null, Object(Config\Cache), false)
 9 FCPATH\index.php(67): CodeIgniter\CodeIgniter->run()
CRITICAL - 2024-02-11 18:04:43 --> Trying to access array offset on value of type null
in APPPATH\Views\sys\employee\edit.php on line 23.
 1 APPPATH\Views\sys\employee\edit.php(23): CodeIgniter\Debug\Exceptions->errorHandler(2, 'Trying to access array offset on value of type null', 'C:\\xampp\\htdocs\\IPMS\\app\\Views\\sys\\employee\\edit.php', 23)
 2 SYSTEMPATH\View\View.php(224): include('C:\\xampp\\htdocs\\IPMS\\app\\Views\\sys\\employee\\edit.php')
 3 SYSTEMPATH\View\View.php(227): CodeIgniter\View\View->CodeIgniter\View\{closure}()
 4 SYSTEMPATH\Common.php(1176): CodeIgniter\View\View->render('sys/employee/edit', [], true)
 5 APPPATH\Controllers\Employee.php(148): view('sys/employee/edit', [...])
 6 SYSTEMPATH\CodeIgniter.php(932): App\Controllers\Employee->edit('assets', 'img', 'messages-1.jpg')
 7 SYSTEMPATH\CodeIgniter.php(497): CodeIgniter\CodeIgniter->runController(Object(App\Controllers\Employee))
 8 SYSTEMPATH\CodeIgniter.php(366): CodeIgniter\CodeIgniter->handleRequest(null, Object(Config\Cache), false)
 9 FCPATH\index.php(67): CodeIgniter\CodeIgniter->run()
CRITICAL - 2024-02-11 18:05:48 --> Trying to access array offset on value of type null
in APPPATH\Views\sys\employee\edit.php on line 23.
 1 APPPATH\Views\sys\employee\edit.php(23): CodeIgniter\Debug\Exceptions->errorHandler(2, 'Trying to access array offset on value of type null', 'C:\\xampp\\htdocs\\IPMS\\app\\Views\\sys\\employee\\edit.php', 23)
 2 SYSTEMPATH\View\View.php(224): include('C:\\xampp\\htdocs\\IPMS\\app\\Views\\sys\\employee\\edit.php')
 3 SYSTEMPATH\View\View.php(227): CodeIgniter\View\View->CodeIgniter\View\{closure}()
 4 SYSTEMPATH\Common.php(1176): CodeIgniter\View\View->render('sys/employee/edit', [], true)
 5 APPPATH\Controllers\Employee.php(148): view('sys/employee/edit', [...])
 6 SYSTEMPATH\CodeIgniter.php(932): App\Controllers\Employee->edit('assets', 'img', 'messages-1.jpg')
 7 SYSTEMPATH\CodeIgniter.php(497): CodeIgniter\CodeIgniter->runController(Object(App\Controllers\Employee))
 8 SYSTEMPATH\CodeIgniter.php(366): CodeIgniter\CodeIgniter->handleRequest(null, Object(Config\Cache), false)
 9 FCPATH\index.php(67): CodeIgniter\CodeIgniter->run()
