CRITICAL - 2024-05-05 05:36:27 --> Array to string conversion
in APPPATH\Views\web\dashboard.php on line 422.
 1 APPPATH\Views\web\dashboard.php(422): CodeIgniter\Debug\Exceptions->errorHandler(2, 'Array to string conversion', 'C:\\xampp\\htdocs\\IPMS\\app\\Views\\web\\dashboard.php', 422)
 2 SYSTEMPATH\View\View.php(224): include('C:\\xampp\\htdocs\\IPMS\\app\\Views\\web\\dashboard.php')
 3 SYSTEMPATH\View\View.php(227): CodeIgniter\View\View->CodeIgniter\View\{closure}()
 4 SYSTEMPATH\Common.php(1176): CodeIgniter\View\View->render('web/dashboard', [], true)
 5 APPPATH\Controllers\Web.php(211): view('web/dashboard', [...])
 6 SYSTEMPATH\CodeIgniter.php(932): App\Controllers\Web->dashboard()
 7 SYSTEMPATH\CodeIgniter.php(497): CodeIgniter\CodeIgniter->runController(Object(App\Controllers\Web))
 8 SYSTEMPATH\CodeIgniter.php(366): CodeIgniter\CodeIgniter->handleRequest(null, Object(Config\Cache), false)
 9 FCPATH\index.php(67): CodeIgniter\CodeIgniter->run()
CRITICAL - 2024-05-05 08:20:58 --> Invalid file: "sys/menu_.php"
in SYSTEMPATH\Exceptions\FrameworkException.php on line 33.
 1 SYSTEMPATH\View\View.php(212): CodeIgniter\Exceptions\FrameworkException::forInvalidFile('sys/menu_.php')
 2 SYSTEMPATH\Common.php(1176): CodeIgniter\View\View->render('sys/menu_', [], true)
 3 APPPATH\Controllers\SubmitedBid.php(46): view('sys/menu_')
 4 SYSTEMPATH\CodeIgniter.php(932): App\Controllers\SubmitedBid->OpeningBid()
 5 SYSTEMPATH\CodeIgniter.php(497): CodeIgniter\CodeIgniter->runController(Object(App\Controllers\SubmitedBid))
 6 SYSTEMPATH\CodeIgniter.php(366): CodeIgniter\CodeIgniter->handleRequest(null, Object(Config\Cache), false)
 7 FCPATH\index.php(67): CodeIgniter\CodeIgniter->run()
CRITICAL - 2024-05-05 14:03:47 --> Undefined variable $result
in APPPATH\Views\web\viewdetailedBid.php on line 238.
 1 APPPATH\Views\web\viewdetailedBid.php(238): CodeIgniter\Debug\Exceptions->errorHandler(2, 'Undefined variable $result', 'C:\\xampp\\htdocs\\IPMS\\app\\Views\\web\\viewdetailedBid.php', 238)
 2 SYSTEMPATH\View\View.php(224): include('C:\\xampp\\htdocs\\IPMS\\app\\Views\\web\\viewdetailedBid.php')
 3 SYSTEMPATH\View\View.php(227): CodeIgniter\View\View->CodeIgniter\View\{closure}()
 4 SYSTEMPATH\Common.php(1176): CodeIgniter\View\View->render('web/viewdetailedBid', [], true)
 5 APPPATH\Controllers\Web.php(292): view('web/viewdetailedBid', [...])
 6 SYSTEMPATH\CodeIgniter.php(932): App\Controllers\Web->viewdetailedBids('public', 'assets_web', 'vendor', 'bootstrap', 'js', 'bootstrap.bundle.min.js')
 7 SYSTEMPATH\CodeIgniter.php(497): CodeIgniter\CodeIgniter->runController(Object(App\Controllers\Web))
 8 SYSTEMPATH\CodeIgniter.php(366): CodeIgniter\CodeIgniter->handleRequest(null, Object(Config\Cache), false)
 9 FCPATH\index.php(67): CodeIgniter\CodeIgniter->run()
CRITICAL - 2024-05-05 14:03:47 --> Undefined variable $result
in APPPATH\Views\web\viewdetailedBid.php on line 238.
 1 APPPATH\Views\web\viewdetailedBid.php(238): CodeIgniter\Debug\Exceptions->errorHandler(2, 'Undefined variable $result', 'C:\\xampp\\htdocs\\IPMS\\app\\Views\\web\\viewdetailedBid.php', 238)
 2 SYSTEMPATH\View\View.php(224): include('C:\\xampp\\htdocs\\IPMS\\app\\Views\\web\\viewdetailedBid.php')
 3 SYSTEMPATH\View\View.php(227): CodeIgniter\View\View->CodeIgniter\View\{closure}()
 4 SYSTEMPATH\Common.php(1176): CodeIgniter\View\View->render('web/viewdetailedBid', [], true)
 5 APPPATH\Controllers\Web.php(292): view('web/viewdetailedBid', [...])
 6 SYSTEMPATH\CodeIgniter.php(932): App\Controllers\Web->viewdetailedBids('public', 'assets_web', 'vendor', 'php-email-form', 'validate.js')
 7 SYSTEMPATH\CodeIgniter.php(497): CodeIgniter\CodeIgniter->runController(Object(App\Controllers\Web))
 8 SYSTEMPATH\CodeIgniter.php(366): CodeIgniter\CodeIgniter->handleRequest(null, Object(Config\Cache), false)
 9 FCPATH\index.php(67): CodeIgniter\CodeIgniter->run()
CRITICAL - 2024-05-05 14:03:47 --> Undefined variable $result
in APPPATH\Views\web\viewdetailedBid.php on line 238.
 1 APPPATH\Views\web\viewdetailedBid.php(238): CodeIgniter\Debug\Exceptions->errorHandler(2, 'Undefined variable $result', 'C:\\xampp\\htdocs\\IPMS\\app\\Views\\web\\viewdetailedBid.php', 238)
 2 SYSTEMPATH\View\View.php(224): include('C:\\xampp\\htdocs\\IPMS\\app\\Views\\web\\viewdetailedBid.php')
 3 SYSTEMPATH\View\View.php(227): CodeIgniter\View\View->CodeIgniter\View\{closure}()
 4 SYSTEMPATH\Common.php(1176): CodeIgniter\View\View->render('web/viewdetailedBid', [], true)
 5 APPPATH\Controllers\Web.php(292): view('web/viewdetailedBid', [...])
 6 SYSTEMPATH\CodeIgniter.php(932): App\Controllers\Web->viewdetailedBids('public', 'assets_web', 'vendor', 'purecounter', 'purecounter_vanilla.js')
 7 SYSTEMPATH\CodeIgniter.php(497): CodeIgniter\CodeIgniter->runController(Object(App\Controllers\Web))
 8 SYSTEMPATH\CodeIgniter.php(366): CodeIgniter\CodeIgniter->handleRequest(null, Object(Config\Cache), false)
 9 FCPATH\index.php(67): CodeIgniter\CodeIgniter->run()
CRITICAL - 2024-05-05 14:03:47 --> Undefined variable $result
in APPPATH\Views\web\viewdetailedBid.php on line 238.
 1 APPPATH\Views\web\viewdetailedBid.php(238): CodeIgniter\Debug\Exceptions->errorHandler(2, 'Undefined variable $result', 'C:\\xampp\\htdocs\\IPMS\\app\\Views\\web\\viewdetailedBid.php', 238)
 2 SYSTEMPATH\View\View.php(224): include('C:\\xampp\\htdocs\\IPMS\\app\\Views\\web\\viewdetailedBid.php')
 3 SYSTEMPATH\View\View.php(227): CodeIgniter\View\View->CodeIgniter\View\{closure}()
 4 SYSTEMPATH\Common.php(1176): CodeIgniter\View\View->render('web/viewdetailedBid', [], true)
 5 APPPATH\Controllers\Web.php(292): view('web/viewdetailedBid', [...])
 6 SYSTEMPATH\CodeIgniter.php(932): App\Controllers\Web->viewdetailedBids('public', 'assets_web', 'vendor', 'swiper', 'swiper-bundle.min.js')
 7 SYSTEMPATH\CodeIgniter.php(497): CodeIgniter\CodeIgniter->runController(Object(App\Controllers\Web))
 8 SYSTEMPATH\CodeIgniter.php(366): CodeIgniter\CodeIgniter->handleRequest(null, Object(Config\Cache), false)
 9 FCPATH\index.php(67): CodeIgniter\CodeIgniter->run()
CRITICAL - 2024-05-05 14:03:47 --> Undefined variable $result
in APPPATH\Views\web\viewdetailedBid.php on line 238.
 1 APPPATH\Views\web\viewdetailedBid.php(238): CodeIgniter\Debug\Exceptions->errorHandler(2, 'Undefined variable $result', 'C:\\xampp\\htdocs\\IPMS\\app\\Views\\web\\viewdetailedBid.php', 238)
 2 SYSTEMPATH\View\View.php(224): include('C:\\xampp\\htdocs\\IPMS\\app\\Views\\web\\viewdetailedBid.php')
 3 SYSTEMPATH\View\View.php(227): CodeIgniter\View\View->CodeIgniter\View\{closure}()
 4 SYSTEMPATH\Common.php(1176): CodeIgniter\View\View->render('web/viewdetailedBid', [], true)
 5 APPPATH\Controllers\Web.php(292): view('web/viewdetailedBid', [...])
 6 SYSTEMPATH\CodeIgniter.php(932): App\Controllers\Web->viewdetailedBids('public', 'assets_web', 'vendor', 'isotope-layout', 'isotope.pkgd.min.js')
 7 SYSTEMPATH\CodeIgniter.php(497): CodeIgniter\CodeIgniter->runController(Object(App\Controllers\Web))
 8 SYSTEMPATH\CodeIgniter.php(366): CodeIgniter\CodeIgniter->handleRequest(null, Object(Config\Cache), false)
 9 FCPATH\index.php(67): CodeIgniter\CodeIgniter->run()
CRITICAL - 2024-05-05 14:03:47 --> Undefined variable $result
in APPPATH\Views\web\viewdetailedBid.php on line 238.
 1 APPPATH\Views\web\viewdetailedBid.php(238): CodeIgniter\Debug\Exceptions->errorHandler(2, 'Undefined variable $result', 'C:\\xampp\\htdocs\\IPMS\\app\\Views\\web\\viewdetailedBid.php', 238)
 2 SYSTEMPATH\View\View.php(224): include('C:\\xampp\\htdocs\\IPMS\\app\\Views\\web\\viewdetailedBid.php')
 3 SYSTEMPATH\View\View.php(227): CodeIgniter\View\View->CodeIgniter\View\{closure}()
 4 SYSTEMPATH\Common.php(1176): CodeIgniter\View\View->render('web/viewdetailedBid', [], true)
 5 APPPATH\Controllers\Web.php(292): view('web/viewdetailedBid', [...])
 6 SYSTEMPATH\CodeIgniter.php(932): App\Controllers\Web->viewdetailedBids('public', 'assets_web', 'vendor', 'glightbox', 'js', 'glightbox.min.js')
 7 SYSTEMPATH\CodeIgniter.php(497): CodeIgniter\CodeIgniter->runController(Object(App\Controllers\Web))
 8 SYSTEMPATH\CodeIgniter.php(366): CodeIgniter\CodeIgniter->handleRequest(null, Object(Config\Cache), false)
 9 FCPATH\index.php(67): CodeIgniter\CodeIgniter->run()
CRITICAL - 2024-05-05 14:03:47 --> Undefined variable $result
in APPPATH\Views\web\viewdetailedBid.php on line 238.
 1 APPPATH\Views\web\viewdetailedBid.php(238): CodeIgniter\Debug\Exceptions->errorHandler(2, 'Undefined variable $result', 'C:\\xampp\\htdocs\\IPMS\\app\\Views\\web\\viewdetailedBid.php', 238)
 2 SYSTEMPATH\View\View.php(224): include('C:\\xampp\\htdocs\\IPMS\\app\\Views\\web\\viewdetailedBid.php')
 3 SYSTEMPATH\View\View.php(227): CodeIgniter\View\View->CodeIgniter\View\{closure}()
 4 SYSTEMPATH\Common.php(1176): CodeIgniter\View\View->render('web/viewdetailedBid', [], true)
 5 APPPATH\Controllers\Web.php(292): view('web/viewdetailedBid', [...])
 6 SYSTEMPATH\CodeIgniter.php(932): App\Controllers\Web->viewdetailedBids('public', 'assets_web', 'js', 'main.js')
 7 SYSTEMPATH\CodeIgniter.php(497): CodeIgniter\CodeIgniter->runController(Object(App\Controllers\Web))
 8 SYSTEMPATH\CodeIgniter.php(366): CodeIgniter\CodeIgniter->handleRequest(null, Object(Config\Cache), false)
 9 FCPATH\index.php(67): CodeIgniter\CodeIgniter->run()
CRITICAL - 2024-05-05 14:03:47 --> Undefined variable $result
in APPPATH\Views\web\viewdetailedBid.php on line 238.
 1 APPPATH\Views\web\viewdetailedBid.php(238): CodeIgniter\Debug\Exceptions->errorHandler(2, 'Undefined variable $result', 'C:\\xampp\\htdocs\\IPMS\\app\\Views\\web\\viewdetailedBid.php', 238)
 2 SYSTEMPATH\View\View.php(224): include('C:\\xampp\\htdocs\\IPMS\\app\\Views\\web\\viewdetailedBid.php')
 3 SYSTEMPATH\View\View.php(227): CodeIgniter\View\View->CodeIgniter\View\{closure}()
 4 SYSTEMPATH\Common.php(1176): CodeIgniter\View\View->render('web/viewdetailedBid', [], true)
 5 APPPATH\Controllers\Web.php(292): view('web/viewdetailedBid', [...])
 6 SYSTEMPATH\CodeIgniter.php(932): App\Controllers\Web->viewdetailedBids('public', 'assets_web', 'js', 'carousel.js')
 7 SYSTEMPATH\CodeIgniter.php(497): CodeIgniter\CodeIgniter->runController(Object(App\Controllers\Web))
 8 SYSTEMPATH\CodeIgniter.php(366): CodeIgniter\CodeIgniter->handleRequest(null, Object(Config\Cache), false)
 9 FCPATH\index.php(67): CodeIgniter\CodeIgniter->run()
CRITICAL - 2024-05-05 14:04:07 --> Undefined variable $result
in APPPATH\Views\web\viewdetailedBid.php on line 238.
 1 APPPATH\Views\web\viewdetailedBid.php(238): CodeIgniter\Debug\Exceptions->errorHandler(2, 'Undefined variable $result', 'C:\\xampp\\htdocs\\IPMS\\app\\Views\\web\\viewdetailedBid.php', 238)
 2 SYSTEMPATH\View\View.php(224): include('C:\\xampp\\htdocs\\IPMS\\app\\Views\\web\\viewdetailedBid.php')
 3 SYSTEMPATH\View\View.php(227): CodeIgniter\View\View->CodeIgniter\View\{closure}()
 4 SYSTEMPATH\Common.php(1176): CodeIgniter\View\View->render('web/viewdetailedBid', [], true)
 5 APPPATH\Controllers\Web.php(292): view('web/viewdetailedBid', [...])
 6 SYSTEMPATH\CodeIgniter.php(932): App\Controllers\Web->viewdetailedBids('public', 'assets_web', 'vendor', 'purecounter', 'purecounter_vanilla.js')
 7 SYSTEMPATH\CodeIgniter.php(497): CodeIgniter\CodeIgniter->runController(Object(App\Controllers\Web))
 8 SYSTEMPATH\CodeIgniter.php(366): CodeIgniter\CodeIgniter->handleRequest(null, Object(Config\Cache), false)
 9 FCPATH\index.php(67): CodeIgniter\CodeIgniter->run()
CRITICAL - 2024-05-05 14:04:07 --> Undefined variable $result
in APPPATH\Views\web\viewdetailedBid.php on line 238.
 1 APPPATH\Views\web\viewdetailedBid.php(238): CodeIgniter\Debug\Exceptions->errorHandler(2, 'Undefined variable $result', 'C:\\xampp\\htdocs\\IPMS\\app\\Views\\web\\viewdetailedBid.php', 238)
 2 SYSTEMPATH\View\View.php(224): include('C:\\xampp\\htdocs\\IPMS\\app\\Views\\web\\viewdetailedBid.php')
 3 SYSTEMPATH\View\View.php(227): CodeIgniter\View\View->CodeIgniter\View\{closure}()
 4 SYSTEMPATH\Common.php(1176): CodeIgniter\View\View->render('web/viewdetailedBid', [], true)
 5 APPPATH\Controllers\Web.php(292): view('web/viewdetailedBid', [...])
 6 SYSTEMPATH\CodeIgniter.php(932): App\Controllers\Web->viewdetailedBids('public', 'assets_web', 'vendor', 'bootstrap', 'js', 'bootstrap.bundle.min.js')
 7 SYSTEMPATH\CodeIgniter.php(497): CodeIgniter\CodeIgniter->runController(Object(App\Controllers\Web))
 8 SYSTEMPATH\CodeIgniter.php(366): CodeIgniter\CodeIgniter->handleRequest(null, Object(Config\Cache), false)
 9 FCPATH\index.php(67): CodeIgniter\CodeIgniter->run()
CRITICAL - 2024-05-05 14:04:07 --> Undefined variable $result
in APPPATH\Views\web\viewdetailedBid.php on line 238.
 1 APPPATH\Views\web\viewdetailedBid.php(238): CodeIgniter\Debug\Exceptions->errorHandler(2, 'Undefined variable $result', 'C:\\xampp\\htdocs\\IPMS\\app\\Views\\web\\viewdetailedBid.php', 238)
 2 SYSTEMPATH\View\View.php(224): include('C:\\xampp\\htdocs\\IPMS\\app\\Views\\web\\viewdetailedBid.php')
 3 SYSTEMPATH\View\View.php(227): CodeIgniter\View\View->CodeIgniter\View\{closure}()
 4 SYSTEMPATH\Common.php(1176): CodeIgniter\View\View->render('web/viewdetailedBid', [], true)
 5 APPPATH\Controllers\Web.php(292): view('web/viewdetailedBid', [...])
 6 SYSTEMPATH\CodeIgniter.php(932): App\Controllers\Web->viewdetailedBids('public', 'assets_web', 'vendor', 'php-email-form', 'validate.js')
 7 SYSTEMPATH\CodeIgniter.php(497): CodeIgniter\CodeIgniter->runController(Object(App\Controllers\Web))
 8 SYSTEMPATH\CodeIgniter.php(366): CodeIgniter\CodeIgniter->handleRequest(null, Object(Config\Cache), false)
 9 FCPATH\index.php(67): CodeIgniter\CodeIgniter->run()
CRITICAL - 2024-05-05 14:04:07 --> Undefined variable $result
in APPPATH\Views\web\viewdetailedBid.php on line 238.
 1 APPPATH\Views\web\viewdetailedBid.php(238): CodeIgniter\Debug\Exceptions->errorHandler(2, 'Undefined variable $result', 'C:\\xampp\\htdocs\\IPMS\\app\\Views\\web\\viewdetailedBid.php', 238)
 2 SYSTEMPATH\View\View.php(224): include('C:\\xampp\\htdocs\\IPMS\\app\\Views\\web\\viewdetailedBid.php')
 3 SYSTEMPATH\View\View.php(227): CodeIgniter\View\View->CodeIgniter\View\{closure}()
 4 SYSTEMPATH\Common.php(1176): CodeIgniter\View\View->render('web/viewdetailedBid', [], true)
 5 APPPATH\Controllers\Web.php(292): view('web/viewdetailedBid', [...])
 6 SYSTEMPATH\CodeIgniter.php(932): App\Controllers\Web->viewdetailedBids('public', 'assets_web', 'vendor', 'glightbox', 'js', 'glightbox.min.js')
 7 SYSTEMPATH\CodeIgniter.php(497): CodeIgniter\CodeIgniter->runController(Object(App\Controllers\Web))
 8 SYSTEMPATH\CodeIgniter.php(366): CodeIgniter\CodeIgniter->handleRequest(null, Object(Config\Cache), false)
 9 FCPATH\index.php(67): CodeIgniter\CodeIgniter->run()
CRITICAL - 2024-05-05 14:04:07 --> Undefined variable $result
in APPPATH\Views\web\viewdetailedBid.php on line 238.
 1 APPPATH\Views\web\viewdetailedBid.php(238): CodeIgniter\Debug\Exceptions->errorHandler(2, 'Undefined variable $result', 'C:\\xampp\\htdocs\\IPMS\\app\\Views\\web\\viewdetailedBid.php', 238)
 2 SYSTEMPATH\View\View.php(224): include('C:\\xampp\\htdocs\\IPMS\\app\\Views\\web\\viewdetailedBid.php')
 3 SYSTEMPATH\View\View.php(227): CodeIgniter\View\View->CodeIgniter\View\{closure}()
 4 SYSTEMPATH\Common.php(1176): CodeIgniter\View\View->render('web/viewdetailedBid', [], true)
 5 APPPATH\Controllers\Web.php(292): view('web/viewdetailedBid', [...])
 6 SYSTEMPATH\CodeIgniter.php(932): App\Controllers\Web->viewdetailedBids('public', 'assets_web', 'vendor', 'swiper', 'swiper-bundle.min.js')
 7 SYSTEMPATH\CodeIgniter.php(497): CodeIgniter\CodeIgniter->runController(Object(App\Controllers\Web))
 8 SYSTEMPATH\CodeIgniter.php(366): CodeIgniter\CodeIgniter->handleRequest(null, Object(Config\Cache), false)
 9 FCPATH\index.php(67): CodeIgniter\CodeIgniter->run()
CRITICAL - 2024-05-05 14:04:07 --> Undefined variable $result
in APPPATH\Views\web\viewdetailedBid.php on line 238.
 1 APPPATH\Views\web\viewdetailedBid.php(238): CodeIgniter\Debug\Exceptions->errorHandler(2, 'Undefined variable $result', 'C:\\xampp\\htdocs\\IPMS\\app\\Views\\web\\viewdetailedBid.php', 238)
 2 SYSTEMPATH\View\View.php(224): include('C:\\xampp\\htdocs\\IPMS\\app\\Views\\web\\viewdetailedBid.php')
 3 SYSTEMPATH\View\View.php(227): CodeIgniter\View\View->CodeIgniter\View\{closure}()
 4 SYSTEMPATH\Common.php(1176): CodeIgniter\View\View->render('web/viewdetailedBid', [], true)
 5 APPPATH\Controllers\Web.php(292): view('web/viewdetailedBid', [...])
 6 SYSTEMPATH\CodeIgniter.php(932): App\Controllers\Web->viewdetailedBids('public', 'assets_web', 'vendor', 'isotope-layout', 'isotope.pkgd.min.js')
 7 SYSTEMPATH\CodeIgniter.php(497): CodeIgniter\CodeIgniter->runController(Object(App\Controllers\Web))
 8 SYSTEMPATH\CodeIgniter.php(366): CodeIgniter\CodeIgniter->handleRequest(null, Object(Config\Cache), false)
 9 FCPATH\index.php(67): CodeIgniter\CodeIgniter->run()
CRITICAL - 2024-05-05 14:04:07 --> Undefined variable $result
in APPPATH\Views\web\viewdetailedBid.php on line 238.
 1 APPPATH\Views\web\viewdetailedBid.php(238): CodeIgniter\Debug\Exceptions->errorHandler(2, 'Undefined variable $result', 'C:\\xampp\\htdocs\\IPMS\\app\\Views\\web\\viewdetailedBid.php', 238)
 2 SYSTEMPATH\View\View.php(224): include('C:\\xampp\\htdocs\\IPMS\\app\\Views\\web\\viewdetailedBid.php')
 3 SYSTEMPATH\View\View.php(227): CodeIgniter\View\View->CodeIgniter\View\{closure}()
 4 SYSTEMPATH\Common.php(1176): CodeIgniter\View\View->render('web/viewdetailedBid', [], true)
 5 APPPATH\Controllers\Web.php(292): view('web/viewdetailedBid', [...])
 6 SYSTEMPATH\CodeIgniter.php(932): App\Controllers\Web->viewdetailedBids('public', 'assets_web', 'js', 'carousel.js')
 7 SYSTEMPATH\CodeIgniter.php(497): CodeIgniter\CodeIgniter->runController(Object(App\Controllers\Web))
 8 SYSTEMPATH\CodeIgniter.php(366): CodeIgniter\CodeIgniter->handleRequest(null, Object(Config\Cache), false)
 9 FCPATH\index.php(67): CodeIgniter\CodeIgniter->run()
CRITICAL - 2024-05-05 14:04:07 --> Undefined variable $result
in APPPATH\Views\web\viewdetailedBid.php on line 238.
 1 APPPATH\Views\web\viewdetailedBid.php(238): CodeIgniter\Debug\Exceptions->errorHandler(2, 'Undefined variable $result', 'C:\\xampp\\htdocs\\IPMS\\app\\Views\\web\\viewdetailedBid.php', 238)
 2 SYSTEMPATH\View\View.php(224): include('C:\\xampp\\htdocs\\IPMS\\app\\Views\\web\\viewdetailedBid.php')
 3 SYSTEMPATH\View\View.php(227): CodeIgniter\View\View->CodeIgniter\View\{closure}()
 4 SYSTEMPATH\Common.php(1176): CodeIgniter\View\View->render('web/viewdetailedBid', [], true)
 5 APPPATH\Controllers\Web.php(292): view('web/viewdetailedBid', [...])
 6 SYSTEMPATH\CodeIgniter.php(932): App\Controllers\Web->viewdetailedBids('public', 'assets_web', 'js', 'main.js')
 7 SYSTEMPATH\CodeIgniter.php(497): CodeIgniter\CodeIgniter->runController(Object(App\Controllers\Web))
 8 SYSTEMPATH\CodeIgniter.php(366): CodeIgniter\CodeIgniter->handleRequest(null, Object(Config\Cache), false)
 9 FCPATH\index.php(67): CodeIgniter\CodeIgniter->run()
CRITICAL - 2024-05-05 14:04:19 --> Undefined variable $result
in APPPATH\Views\web\viewdetailedBid.php on line 238.
 1 APPPATH\Views\web\viewdetailedBid.php(238): CodeIgniter\Debug\Exceptions->errorHandler(2, 'Undefined variable $result', 'C:\\xampp\\htdocs\\IPMS\\app\\Views\\web\\viewdetailedBid.php', 238)
 2 SYSTEMPATH\View\View.php(224): include('C:\\xampp\\htdocs\\IPMS\\app\\Views\\web\\viewdetailedBid.php')
 3 SYSTEMPATH\View\View.php(227): CodeIgniter\View\View->CodeIgniter\View\{closure}()
 4 SYSTEMPATH\Common.php(1176): CodeIgniter\View\View->render('web/viewdetailedBid', [], true)
 5 APPPATH\Controllers\Web.php(292): view('web/viewdetailedBid', [...])
 6 SYSTEMPATH\CodeIgniter.php(932): App\Controllers\Web->viewdetailedBids('public', 'assets_web', 'vendor', 'purecounter', 'purecounter_vanilla.js')
 7 SYSTEMPATH\CodeIgniter.php(497): CodeIgniter\CodeIgniter->runController(Object(App\Controllers\Web))
 8 SYSTEMPATH\CodeIgniter.php(366): CodeIgniter\CodeIgniter->handleRequest(null, Object(Config\Cache), false)
 9 FCPATH\index.php(67): CodeIgniter\CodeIgniter->run()
CRITICAL - 2024-05-05 14:04:19 --> Undefined variable $result
in APPPATH\Views\web\viewdetailedBid.php on line 238.
 1 APPPATH\Views\web\viewdetailedBid.php(238): CodeIgniter\Debug\Exceptions->errorHandler(2, 'Undefined variable $result', 'C:\\xampp\\htdocs\\IPMS\\app\\Views\\web\\viewdetailedBid.php', 238)
 2 SYSTEMPATH\View\View.php(224): include('C:\\xampp\\htdocs\\IPMS\\app\\Views\\web\\viewdetailedBid.php')
 3 SYSTEMPATH\View\View.php(227): CodeIgniter\View\View->CodeIgniter\View\{closure}()
 4 SYSTEMPATH\Common.php(1176): CodeIgniter\View\View->render('web/viewdetailedBid', [], true)
 5 APPPATH\Controllers\Web.php(292): view('web/viewdetailedBid', [...])
 6 SYSTEMPATH\CodeIgniter.php(932): App\Controllers\Web->viewdetailedBids('public', 'assets_web', 'vendor', 'glightbox', 'js', 'glightbox.min.js')
 7 SYSTEMPATH\CodeIgniter.php(497): CodeIgniter\CodeIgniter->runController(Object(App\Controllers\Web))
 8 SYSTEMPATH\CodeIgniter.php(366): CodeIgniter\CodeIgniter->handleRequest(null, Object(Config\Cache), false)
 9 FCPATH\index.php(67): CodeIgniter\CodeIgniter->run()
CRITICAL - 2024-05-05 14:04:19 --> Undefined variable $result
in APPPATH\Views\web\viewdetailedBid.php on line 238.
 1 APPPATH\Views\web\viewdetailedBid.php(238): CodeIgniter\Debug\Exceptions->errorHandler(2, 'Undefined variable $result', 'C:\\xampp\\htdocs\\IPMS\\app\\Views\\web\\viewdetailedBid.php', 238)
 2 SYSTEMPATH\View\View.php(224): include('C:\\xampp\\htdocs\\IPMS\\app\\Views\\web\\viewdetailedBid.php')
 3 SYSTEMPATH\View\View.php(227): CodeIgniter\View\View->CodeIgniter\View\{closure}()
 4 SYSTEMPATH\Common.php(1176): CodeIgniter\View\View->render('web/viewdetailedBid', [], true)
 5 APPPATH\Controllers\Web.php(292): view('web/viewdetailedBid', [...])
 6 SYSTEMPATH\CodeIgniter.php(932): App\Controllers\Web->viewdetailedBids('public', 'assets_web', 'vendor', 'swiper', 'swiper-bundle.min.js')
 7 SYSTEMPATH\CodeIgniter.php(497): CodeIgniter\CodeIgniter->runController(Object(App\Controllers\Web))
 8 SYSTEMPATH\CodeIgniter.php(366): CodeIgniter\CodeIgniter->handleRequest(null, Object(Config\Cache), false)
 9 FCPATH\index.php(67): CodeIgniter\CodeIgniter->run()
CRITICAL - 2024-05-05 14:04:19 --> Undefined variable $result
in APPPATH\Views\web\viewdetailedBid.php on line 238.
 1 APPPATH\Views\web\viewdetailedBid.php(238): CodeIgniter\Debug\Exceptions->errorHandler(2, 'Undefined variable $result', 'C:\\xampp\\htdocs\\IPMS\\app\\Views\\web\\viewdetailedBid.php', 238)
 2 SYSTEMPATH\View\View.php(224): include('C:\\xampp\\htdocs\\IPMS\\app\\Views\\web\\viewdetailedBid.php')
 3 SYSTEMPATH\View\View.php(227): CodeIgniter\View\View->CodeIgniter\View\{closure}()
 4 SYSTEMPATH\Common.php(1176): CodeIgniter\View\View->render('web/viewdetailedBid', [], true)
 5 APPPATH\Controllers\Web.php(292): view('web/viewdetailedBid', [...])
 6 SYSTEMPATH\CodeIgniter.php(932): App\Controllers\Web->viewdetailedBids('public', 'assets_web', 'vendor', 'isotope-layout', 'isotope.pkgd.min.js')
 7 SYSTEMPATH\CodeIgniter.php(497): CodeIgniter\CodeIgniter->runController(Object(App\Controllers\Web))
 8 SYSTEMPATH\CodeIgniter.php(366): CodeIgniter\CodeIgniter->handleRequest(null, Object(Config\Cache), false)
 9 FCPATH\index.php(67): CodeIgniter\CodeIgniter->run()
CRITICAL - 2024-05-05 14:04:19 --> Undefined variable $result
in APPPATH\Views\web\viewdetailedBid.php on line 238.
 1 APPPATH\Views\web\viewdetailedBid.php(238): CodeIgniter\Debug\Exceptions->errorHandler(2, 'Undefined variable $result', 'C:\\xampp\\htdocs\\IPMS\\app\\Views\\web\\viewdetailedBid.php', 238)
 2 SYSTEMPATH\View\View.php(224): include('C:\\xampp\\htdocs\\IPMS\\app\\Views\\web\\viewdetailedBid.php')
 3 SYSTEMPATH\View\View.php(227): CodeIgniter\View\View->CodeIgniter\View\{closure}()
 4 SYSTEMPATH\Common.php(1176): CodeIgniter\View\View->render('web/viewdetailedBid', [], true)
 5 APPPATH\Controllers\Web.php(292): view('web/viewdetailedBid', [...])
 6 SYSTEMPATH\CodeIgniter.php(932): App\Controllers\Web->viewdetailedBids('public', 'assets_web', 'vendor', 'php-email-form', 'validate.js')
 7 SYSTEMPATH\CodeIgniter.php(497): CodeIgniter\CodeIgniter->runController(Object(App\Controllers\Web))
 8 SYSTEMPATH\CodeIgniter.php(366): CodeIgniter\CodeIgniter->handleRequest(null, Object(Config\Cache), false)
 9 FCPATH\index.php(67): CodeIgniter\CodeIgniter->run()
CRITICAL - 2024-05-05 14:04:19 --> Undefined variable $result
in APPPATH\Views\web\viewdetailedBid.php on line 238.
 1 APPPATH\Views\web\viewdetailedBid.php(238): CodeIgniter\Debug\Exceptions->errorHandler(2, 'Undefined variable $result', 'C:\\xampp\\htdocs\\IPMS\\app\\Views\\web\\viewdetailedBid.php', 238)
 2 SYSTEMPATH\View\View.php(224): include('C:\\xampp\\htdocs\\IPMS\\app\\Views\\web\\viewdetailedBid.php')
 3 SYSTEMPATH\View\View.php(227): CodeIgniter\View\View->CodeIgniter\View\{closure}()
 4 SYSTEMPATH\Common.php(1176): CodeIgniter\View\View->render('web/viewdetailedBid', [], true)
 5 APPPATH\Controllers\Web.php(292): view('web/viewdetailedBid', [...])
 6 SYSTEMPATH\CodeIgniter.php(932): App\Controllers\Web->viewdetailedBids('public', 'assets_web', 'vendor', 'bootstrap', 'js', 'bootstrap.bundle.min.js')
 7 SYSTEMPATH\CodeIgniter.php(497): CodeIgniter\CodeIgniter->runController(Object(App\Controllers\Web))
 8 SYSTEMPATH\CodeIgniter.php(366): CodeIgniter\CodeIgniter->handleRequest(null, Object(Config\Cache), false)
 9 FCPATH\index.php(67): CodeIgniter\CodeIgniter->run()
CRITICAL - 2024-05-05 14:04:19 --> Undefined variable $result
in APPPATH\Views\web\viewdetailedBid.php on line 238.
 1 APPPATH\Views\web\viewdetailedBid.php(238): CodeIgniter\Debug\Exceptions->errorHandler(2, 'Undefined variable $result', 'C:\\xampp\\htdocs\\IPMS\\app\\Views\\web\\viewdetailedBid.php', 238)
 2 SYSTEMPATH\View\View.php(224): include('C:\\xampp\\htdocs\\IPMS\\app\\Views\\web\\viewdetailedBid.php')
 3 SYSTEMPATH\View\View.php(227): CodeIgniter\View\View->CodeIgniter\View\{closure}()
 4 SYSTEMPATH\Common.php(1176): CodeIgniter\View\View->render('web/viewdetailedBid', [], true)
 5 APPPATH\Controllers\Web.php(292): view('web/viewdetailedBid', [...])
 6 SYSTEMPATH\CodeIgniter.php(932): App\Controllers\Web->viewdetailedBids('public', 'assets_web', 'js', 'carousel.js')
 7 SYSTEMPATH\CodeIgniter.php(497): CodeIgniter\CodeIgniter->runController(Object(App\Controllers\Web))
 8 SYSTEMPATH\CodeIgniter.php(366): CodeIgniter\CodeIgniter->handleRequest(null, Object(Config\Cache), false)
 9 FCPATH\index.php(67): CodeIgniter\CodeIgniter->run()
CRITICAL - 2024-05-05 14:04:19 --> Undefined variable $result
in APPPATH\Views\web\viewdetailedBid.php on line 238.
 1 APPPATH\Views\web\viewdetailedBid.php(238): CodeIgniter\Debug\Exceptions->errorHandler(2, 'Undefined variable $result', 'C:\\xampp\\htdocs\\IPMS\\app\\Views\\web\\viewdetailedBid.php', 238)
 2 SYSTEMPATH\View\View.php(224): include('C:\\xampp\\htdocs\\IPMS\\app\\Views\\web\\viewdetailedBid.php')
 3 SYSTEMPATH\View\View.php(227): CodeIgniter\View\View->CodeIgniter\View\{closure}()
 4 SYSTEMPATH\Common.php(1176): CodeIgniter\View\View->render('web/viewdetailedBid', [], true)
 5 APPPATH\Controllers\Web.php(292): view('web/viewdetailedBid', [...])
 6 SYSTEMPATH\CodeIgniter.php(932): App\Controllers\Web->viewdetailedBids('public', 'assets_web', 'js', 'main.js')
 7 SYSTEMPATH\CodeIgniter.php(497): CodeIgniter\CodeIgniter->runController(Object(App\Controllers\Web))
 8 SYSTEMPATH\CodeIgniter.php(366): CodeIgniter\CodeIgniter->handleRequest(null, Object(Config\Cache), false)
 9 FCPATH\index.php(67): CodeIgniter\CodeIgniter->run()
CRITICAL - 2024-05-05 14:04:24 --> Undefined variable $result
in APPPATH\Views\web\viewdetailedBid.php on line 238.
 1 APPPATH\Views\web\viewdetailedBid.php(238): CodeIgniter\Debug\Exceptions->errorHandler(2, 'Undefined variable $result', 'C:\\xampp\\htdocs\\IPMS\\app\\Views\\web\\viewdetailedBid.php', 238)
 2 SYSTEMPATH\View\View.php(224): include('C:\\xampp\\htdocs\\IPMS\\app\\Views\\web\\viewdetailedBid.php')
 3 SYSTEMPATH\View\View.php(227): CodeIgniter\View\View->CodeIgniter\View\{closure}()
 4 SYSTEMPATH\Common.php(1176): CodeIgniter\View\View->render('web/viewdetailedBid', [], true)
 5 APPPATH\Controllers\Web.php(292): view('web/viewdetailedBid', [...])
 6 SYSTEMPATH\CodeIgniter.php(932): App\Controllers\Web->viewdetailedBids('public', 'assets_web', 'vendor', 'bootstrap', 'js', 'bootstrap.bundle.min.js')
 7 SYSTEMPATH\CodeIgniter.php(497): CodeIgniter\CodeIgniter->runController(Object(App\Controllers\Web))
 8 SYSTEMPATH\CodeIgniter.php(366): CodeIgniter\CodeIgniter->handleRequest(null, Object(Config\Cache), false)
 9 FCPATH\index.php(67): CodeIgniter\CodeIgniter->run()
CRITICAL - 2024-05-05 14:04:24 --> Undefined variable $result
in APPPATH\Views\web\viewdetailedBid.php on line 238.
 1 APPPATH\Views\web\viewdetailedBid.php(238): CodeIgniter\Debug\Exceptions->errorHandler(2, 'Undefined variable $result', 'C:\\xampp\\htdocs\\IPMS\\app\\Views\\web\\viewdetailedBid.php', 238)
 2 SYSTEMPATH\View\View.php(224): include('C:\\xampp\\htdocs\\IPMS\\app\\Views\\web\\viewdetailedBid.php')
 3 SYSTEMPATH\View\View.php(227): CodeIgniter\View\View->CodeIgniter\View\{closure}()
 4 SYSTEMPATH\Common.php(1176): CodeIgniter\View\View->render('web/viewdetailedBid', [], true)
 5 APPPATH\Controllers\Web.php(292): view('web/viewdetailedBid', [...])
 6 SYSTEMPATH\CodeIgniter.php(932): App\Controllers\Web->viewdetailedBids('public', 'assets_web', 'vendor', 'isotope-layout', 'isotope.pkgd.min.js')
 7 SYSTEMPATH\CodeIgniter.php(497): CodeIgniter\CodeIgniter->runController(Object(App\Controllers\Web))
 8 SYSTEMPATH\CodeIgniter.php(366): CodeIgniter\CodeIgniter->handleRequest(null, Object(Config\Cache), false)
 9 FCPATH\index.php(67): CodeIgniter\CodeIgniter->run()
CRITICAL - 2024-05-05 14:04:24 --> Undefined variable $result
in APPPATH\Views\web\viewdetailedBid.php on line 238.
 1 APPPATH\Views\web\viewdetailedBid.php(238): CodeIgniter\Debug\Exceptions->errorHandler(2, 'Undefined variable $result', 'C:\\xampp\\htdocs\\IPMS\\app\\Views\\web\\viewdetailedBid.php', 238)
 2 SYSTEMPATH\View\View.php(224): include('C:\\xampp\\htdocs\\IPMS\\app\\Views\\web\\viewdetailedBid.php')
 3 SYSTEMPATH\View\View.php(227): CodeIgniter\View\View->CodeIgniter\View\{closure}()
 4 SYSTEMPATH\Common.php(1176): CodeIgniter\View\View->render('web/viewdetailedBid', [], true)
 5 APPPATH\Controllers\Web.php(292): view('web/viewdetailedBid', [...])
 6 SYSTEMPATH\CodeIgniter.php(932): App\Controllers\Web->viewdetailedBids('public', 'assets_web', 'vendor', 'purecounter', 'purecounter_vanilla.js')
 7 SYSTEMPATH\CodeIgniter.php(497): CodeIgniter\CodeIgniter->runController(Object(App\Controllers\Web))
 8 SYSTEMPATH\CodeIgniter.php(366): CodeIgniter\CodeIgniter->handleRequest(null, Object(Config\Cache), false)
 9 FCPATH\index.php(67): CodeIgniter\CodeIgniter->run()
CRITICAL - 2024-05-05 14:04:24 --> Undefined variable $result
in APPPATH\Views\web\viewdetailedBid.php on line 238.
 1 APPPATH\Views\web\viewdetailedBid.php(238): CodeIgniter\Debug\Exceptions->errorHandler(2, 'Undefined variable $result', 'C:\\xampp\\htdocs\\IPMS\\app\\Views\\web\\viewdetailedBid.php', 238)
 2 SYSTEMPATH\View\View.php(224): include('C:\\xampp\\htdocs\\IPMS\\app\\Views\\web\\viewdetailedBid.php')
 3 SYSTEMPATH\View\View.php(227): CodeIgniter\View\View->CodeIgniter\View\{closure}()
 4 SYSTEMPATH\Common.php(1176): CodeIgniter\View\View->render('web/viewdetailedBid', [], true)
 5 APPPATH\Controllers\Web.php(292): view('web/viewdetailedBid', [...])
 6 SYSTEMPATH\CodeIgniter.php(932): App\Controllers\Web->viewdetailedBids('public', 'assets_web', 'vendor', 'swiper', 'swiper-bundle.min.js')
 7 SYSTEMPATH\CodeIgniter.php(497): CodeIgniter\CodeIgniter->runController(Object(App\Controllers\Web))
 8 SYSTEMPATH\CodeIgniter.php(366): CodeIgniter\CodeIgniter->handleRequest(null, Object(Config\Cache), false)
 9 FCPATH\index.php(67): CodeIgniter\CodeIgniter->run()
CRITICAL - 2024-05-05 14:04:24 --> Undefined variable $result
in APPPATH\Views\web\viewdetailedBid.php on line 238.
 1 APPPATH\Views\web\viewdetailedBid.php(238): CodeIgniter\Debug\Exceptions->errorHandler(2, 'Undefined variable $result', 'C:\\xampp\\htdocs\\IPMS\\app\\Views\\web\\viewdetailedBid.php', 238)
 2 SYSTEMPATH\View\View.php(224): include('C:\\xampp\\htdocs\\IPMS\\app\\Views\\web\\viewdetailedBid.php')
 3 SYSTEMPATH\View\View.php(227): CodeIgniter\View\View->CodeIgniter\View\{closure}()
 4 SYSTEMPATH\Common.php(1176): CodeIgniter\View\View->render('web/viewdetailedBid', [], true)
 5 APPPATH\Controllers\Web.php(292): view('web/viewdetailedBid', [...])
 6 SYSTEMPATH\CodeIgniter.php(932): App\Controllers\Web->viewdetailedBids('public', 'assets_web', 'vendor', 'php-email-form', 'validate.js')
 7 SYSTEMPATH\CodeIgniter.php(497): CodeIgniter\CodeIgniter->runController(Object(App\Controllers\Web))
 8 SYSTEMPATH\CodeIgniter.php(366): CodeIgniter\CodeIgniter->handleRequest(null, Object(Config\Cache), false)
 9 FCPATH\index.php(67): CodeIgniter\CodeIgniter->run()
CRITICAL - 2024-05-05 14:04:24 --> Undefined variable $result
in APPPATH\Views\web\viewdetailedBid.php on line 238.
 1 APPPATH\Views\web\viewdetailedBid.php(238): CodeIgniter\Debug\Exceptions->errorHandler(2, 'Undefined variable $result', 'C:\\xampp\\htdocs\\IPMS\\app\\Views\\web\\viewdetailedBid.php', 238)
 2 SYSTEMPATH\View\View.php(224): include('C:\\xampp\\htdocs\\IPMS\\app\\Views\\web\\viewdetailedBid.php')
 3 SYSTEMPATH\View\View.php(227): CodeIgniter\View\View->CodeIgniter\View\{closure}()
 4 SYSTEMPATH\Common.php(1176): CodeIgniter\View\View->render('web/viewdetailedBid', [], true)
 5 APPPATH\Controllers\Web.php(292): view('web/viewdetailedBid', [...])
 6 SYSTEMPATH\CodeIgniter.php(932): App\Controllers\Web->viewdetailedBids('public', 'assets_web', 'vendor', 'glightbox', 'js', 'glightbox.min.js')
 7 SYSTEMPATH\CodeIgniter.php(497): CodeIgniter\CodeIgniter->runController(Object(App\Controllers\Web))
 8 SYSTEMPATH\CodeIgniter.php(366): CodeIgniter\CodeIgniter->handleRequest(null, Object(Config\Cache), false)
 9 FCPATH\index.php(67): CodeIgniter\CodeIgniter->run()
CRITICAL - 2024-05-05 14:04:24 --> Undefined variable $result
in APPPATH\Views\web\viewdetailedBid.php on line 238.
 1 APPPATH\Views\web\viewdetailedBid.php(238): CodeIgniter\Debug\Exceptions->errorHandler(2, 'Undefined variable $result', 'C:\\xampp\\htdocs\\IPMS\\app\\Views\\web\\viewdetailedBid.php', 238)
 2 SYSTEMPATH\View\View.php(224): include('C:\\xampp\\htdocs\\IPMS\\app\\Views\\web\\viewdetailedBid.php')
 3 SYSTEMPATH\View\View.php(227): CodeIgniter\View\View->CodeIgniter\View\{closure}()
 4 SYSTEMPATH\Common.php(1176): CodeIgniter\View\View->render('web/viewdetailedBid', [], true)
 5 APPPATH\Controllers\Web.php(292): view('web/viewdetailedBid', [...])
 6 SYSTEMPATH\CodeIgniter.php(932): App\Controllers\Web->viewdetailedBids('public', 'assets_web', 'js', 'main.js')
 7 SYSTEMPATH\CodeIgniter.php(497): CodeIgniter\CodeIgniter->runController(Object(App\Controllers\Web))
 8 SYSTEMPATH\CodeIgniter.php(366): CodeIgniter\CodeIgniter->handleRequest(null, Object(Config\Cache), false)
 9 FCPATH\index.php(67): CodeIgniter\CodeIgniter->run()
CRITICAL - 2024-05-05 14:04:24 --> Undefined variable $result
in APPPATH\Views\web\viewdetailedBid.php on line 238.
 1 APPPATH\Views\web\viewdetailedBid.php(238): CodeIgniter\Debug\Exceptions->errorHandler(2, 'Undefined variable $result', 'C:\\xampp\\htdocs\\IPMS\\app\\Views\\web\\viewdetailedBid.php', 238)
 2 SYSTEMPATH\View\View.php(224): include('C:\\xampp\\htdocs\\IPMS\\app\\Views\\web\\viewdetailedBid.php')
 3 SYSTEMPATH\View\View.php(227): CodeIgniter\View\View->CodeIgniter\View\{closure}()
 4 SYSTEMPATH\Common.php(1176): CodeIgniter\View\View->render('web/viewdetailedBid', [], true)
 5 APPPATH\Controllers\Web.php(292): view('web/viewdetailedBid', [...])
 6 SYSTEMPATH\CodeIgniter.php(932): App\Controllers\Web->viewdetailedBids('public', 'assets_web', 'js', 'carousel.js')
 7 SYSTEMPATH\CodeIgniter.php(497): CodeIgniter\CodeIgniter->runController(Object(App\Controllers\Web))
 8 SYSTEMPATH\CodeIgniter.php(366): CodeIgniter\CodeIgniter->handleRequest(null, Object(Config\Cache), false)
 9 FCPATH\index.php(67): CodeIgniter\CodeIgniter->run()
CRITICAL - 2024-05-05 14:04:38 --> Undefined variable $result
in APPPATH\Views\web\viewdetailedBid.php on line 238.
 1 APPPATH\Views\web\viewdetailedBid.php(238): CodeIgniter\Debug\Exceptions->errorHandler(2, 'Undefined variable $result', 'C:\\xampp\\htdocs\\IPMS\\app\\Views\\web\\viewdetailedBid.php', 238)
 2 SYSTEMPATH\View\View.php(224): include('C:\\xampp\\htdocs\\IPMS\\app\\Views\\web\\viewdetailedBid.php')
 3 SYSTEMPATH\View\View.php(227): CodeIgniter\View\View->CodeIgniter\View\{closure}()
 4 SYSTEMPATH\Common.php(1176): CodeIgniter\View\View->render('web/viewdetailedBid', [], true)
 5 APPPATH\Controllers\Web.php(292): view('web/viewdetailedBid', [...])
 6 SYSTEMPATH\CodeIgniter.php(932): App\Controllers\Web->viewdetailedBids('public', 'assets_web', 'vendor', 'purecounter', 'purecounter_vanilla.js')
 7 SYSTEMPATH\CodeIgniter.php(497): CodeIgniter\CodeIgniter->runController(Object(App\Controllers\Web))
 8 SYSTEMPATH\CodeIgniter.php(366): CodeIgniter\CodeIgniter->handleRequest(null, Object(Config\Cache), false)
 9 FCPATH\index.php(67): CodeIgniter\CodeIgniter->run()
CRITICAL - 2024-05-05 14:04:38 --> Undefined variable $result
in APPPATH\Views\web\viewdetailedBid.php on line 238.
 1 APPPATH\Views\web\viewdetailedBid.php(238): CodeIgniter\Debug\Exceptions->errorHandler(2, 'Undefined variable $result', 'C:\\xampp\\htdocs\\IPMS\\app\\Views\\web\\viewdetailedBid.php', 238)
 2 SYSTEMPATH\View\View.php(224): include('C:\\xampp\\htdocs\\IPMS\\app\\Views\\web\\viewdetailedBid.php')
 3 SYSTEMPATH\View\View.php(227): CodeIgniter\View\View->CodeIgniter\View\{closure}()
 4 SYSTEMPATH\Common.php(1176): CodeIgniter\View\View->render('web/viewdetailedBid', [], true)
 5 APPPATH\Controllers\Web.php(292): view('web/viewdetailedBid', [...])
 6 SYSTEMPATH\CodeIgniter.php(932): App\Controllers\Web->viewdetailedBids('public', 'assets_web', 'vendor', 'bootstrap', 'js', 'bootstrap.bundle.min.js')
 7 SYSTEMPATH\CodeIgniter.php(497): CodeIgniter\CodeIgniter->runController(Object(App\Controllers\Web))
 8 SYSTEMPATH\CodeIgniter.php(366): CodeIgniter\CodeIgniter->handleRequest(null, Object(Config\Cache), false)
 9 FCPATH\index.php(67): CodeIgniter\CodeIgniter->run()
CRITICAL - 2024-05-05 14:04:38 --> Undefined variable $result
in APPPATH\Views\web\viewdetailedBid.php on line 238.
 1 APPPATH\Views\web\viewdetailedBid.php(238): CodeIgniter\Debug\Exceptions->errorHandler(2, 'Undefined variable $result', 'C:\\xampp\\htdocs\\IPMS\\app\\Views\\web\\viewdetailedBid.php', 238)
 2 SYSTEMPATH\View\View.php(224): include('C:\\xampp\\htdocs\\IPMS\\app\\Views\\web\\viewdetailedBid.php')
 3 SYSTEMPATH\View\View.php(227): CodeIgniter\View\View->CodeIgniter\View\{closure}()
 4 SYSTEMPATH\Common.php(1176): CodeIgniter\View\View->render('web/viewdetailedBid', [], true)
 5 APPPATH\Controllers\Web.php(292): view('web/viewdetailedBid', [...])
 6 SYSTEMPATH\CodeIgniter.php(932): App\Controllers\Web->viewdetailedBids('public', 'assets_web', 'vendor', 'php-email-form', 'validate.js')
 7 SYSTEMPATH\CodeIgniter.php(497): CodeIgniter\CodeIgniter->runController(Object(App\Controllers\Web))
 8 SYSTEMPATH\CodeIgniter.php(366): CodeIgniter\CodeIgniter->handleRequest(null, Object(Config\Cache), false)
 9 FCPATH\index.php(67): CodeIgniter\CodeIgniter->run()
CRITICAL - 2024-05-05 14:04:38 --> Undefined variable $result
in APPPATH\Views\web\viewdetailedBid.php on line 238.
 1 APPPATH\Views\web\viewdetailedBid.php(238): CodeIgniter\Debug\Exceptions->errorHandler(2, 'Undefined variable $result', 'C:\\xampp\\htdocs\\IPMS\\app\\Views\\web\\viewdetailedBid.php', 238)
 2 SYSTEMPATH\View\View.php(224): include('C:\\xampp\\htdocs\\IPMS\\app\\Views\\web\\viewdetailedBid.php')
 3 SYSTEMPATH\View\View.php(227): CodeIgniter\View\View->CodeIgniter\View\{closure}()
 4 SYSTEMPATH\Common.php(1176): CodeIgniter\View\View->render('web/viewdetailedBid', [], true)
 5 APPPATH\Controllers\Web.php(292): view('web/viewdetailedBid', [...])
 6 SYSTEMPATH\CodeIgniter.php(932): App\Controllers\Web->viewdetailedBids('public', 'assets_web', 'vendor', 'swiper', 'swiper-bundle.min.js')
 7 SYSTEMPATH\CodeIgniter.php(497): CodeIgniter\CodeIgniter->runController(Object(App\Controllers\Web))
 8 SYSTEMPATH\CodeIgniter.php(366): CodeIgniter\CodeIgniter->handleRequest(null, Object(Config\Cache), false)
 9 FCPATH\index.php(67): CodeIgniter\CodeIgniter->run()
CRITICAL - 2024-05-05 14:04:38 --> Undefined variable $result
in APPPATH\Views\web\viewdetailedBid.php on line 238.
 1 APPPATH\Views\web\viewdetailedBid.php(238): CodeIgniter\Debug\Exceptions->errorHandler(2, 'Undefined variable $result', 'C:\\xampp\\htdocs\\IPMS\\app\\Views\\web\\viewdetailedBid.php', 238)
 2 SYSTEMPATH\View\View.php(224): include('C:\\xampp\\htdocs\\IPMS\\app\\Views\\web\\viewdetailedBid.php')
 3 SYSTEMPATH\View\View.php(227): CodeIgniter\View\View->CodeIgniter\View\{closure}()
 4 SYSTEMPATH\Common.php(1176): CodeIgniter\View\View->render('web/viewdetailedBid', [], true)
 5 APPPATH\Controllers\Web.php(292): view('web/viewdetailedBid', [...])
 6 SYSTEMPATH\CodeIgniter.php(932): App\Controllers\Web->viewdetailedBids('public', 'assets_web', 'vendor', 'isotope-layout', 'isotope.pkgd.min.js')
 7 SYSTEMPATH\CodeIgniter.php(497): CodeIgniter\CodeIgniter->runController(Object(App\Controllers\Web))
 8 SYSTEMPATH\CodeIgniter.php(366): CodeIgniter\CodeIgniter->handleRequest(null, Object(Config\Cache), false)
 9 FCPATH\index.php(67): CodeIgniter\CodeIgniter->run()
CRITICAL - 2024-05-05 14:04:38 --> Undefined variable $result
in APPPATH\Views\web\viewdetailedBid.php on line 238.
 1 APPPATH\Views\web\viewdetailedBid.php(238): CodeIgniter\Debug\Exceptions->errorHandler(2, 'Undefined variable $result', 'C:\\xampp\\htdocs\\IPMS\\app\\Views\\web\\viewdetailedBid.php', 238)
 2 SYSTEMPATH\View\View.php(224): include('C:\\xampp\\htdocs\\IPMS\\app\\Views\\web\\viewdetailedBid.php')
 3 SYSTEMPATH\View\View.php(227): CodeIgniter\View\View->CodeIgniter\View\{closure}()
 4 SYSTEMPATH\Common.php(1176): CodeIgniter\View\View->render('web/viewdetailedBid', [], true)
 5 APPPATH\Controllers\Web.php(292): view('web/viewdetailedBid', [...])
 6 SYSTEMPATH\CodeIgniter.php(932): App\Controllers\Web->viewdetailedBids('public', 'assets_web', 'vendor', 'glightbox', 'js', 'glightbox.min.js')
 7 SYSTEMPATH\CodeIgniter.php(497): CodeIgniter\CodeIgniter->runController(Object(App\Controllers\Web))
 8 SYSTEMPATH\CodeIgniter.php(366): CodeIgniter\CodeIgniter->handleRequest(null, Object(Config\Cache), false)
 9 FCPATH\index.php(67): CodeIgniter\CodeIgniter->run()
CRITICAL - 2024-05-05 14:04:38 --> Undefined variable $result
in APPPATH\Views\web\viewdetailedBid.php on line 238.
 1 APPPATH\Views\web\viewdetailedBid.php(238): CodeIgniter\Debug\Exceptions->errorHandler(2, 'Undefined variable $result', 'C:\\xampp\\htdocs\\IPMS\\app\\Views\\web\\viewdetailedBid.php', 238)
 2 SYSTEMPATH\View\View.php(224): include('C:\\xampp\\htdocs\\IPMS\\app\\Views\\web\\viewdetailedBid.php')
 3 SYSTEMPATH\View\View.php(227): CodeIgniter\View\View->CodeIgniter\View\{closure}()
 4 SYSTEMPATH\Common.php(1176): CodeIgniter\View\View->render('web/viewdetailedBid', [], true)
 5 APPPATH\Controllers\Web.php(292): view('web/viewdetailedBid', [...])
 6 SYSTEMPATH\CodeIgniter.php(932): App\Controllers\Web->viewdetailedBids('public', 'assets_web', 'js', 'main.js')
 7 SYSTEMPATH\CodeIgniter.php(497): CodeIgniter\CodeIgniter->runController(Object(App\Controllers\Web))
 8 SYSTEMPATH\CodeIgniter.php(366): CodeIgniter\CodeIgniter->handleRequest(null, Object(Config\Cache), false)
 9 FCPATH\index.php(67): CodeIgniter\CodeIgniter->run()
CRITICAL - 2024-05-05 14:04:38 --> Undefined variable $result
in APPPATH\Views\web\viewdetailedBid.php on line 238.
 1 APPPATH\Views\web\viewdetailedBid.php(238): CodeIgniter\Debug\Exceptions->errorHandler(2, 'Undefined variable $result', 'C:\\xampp\\htdocs\\IPMS\\app\\Views\\web\\viewdetailedBid.php', 238)
 2 SYSTEMPATH\View\View.php(224): include('C:\\xampp\\htdocs\\IPMS\\app\\Views\\web\\viewdetailedBid.php')
 3 SYSTEMPATH\View\View.php(227): CodeIgniter\View\View->CodeIgniter\View\{closure}()
 4 SYSTEMPATH\Common.php(1176): CodeIgniter\View\View->render('web/viewdetailedBid', [], true)
 5 APPPATH\Controllers\Web.php(292): view('web/viewdetailedBid', [...])
 6 SYSTEMPATH\CodeIgniter.php(932): App\Controllers\Web->viewdetailedBids('public', 'assets_web', 'js', 'carousel.js')
 7 SYSTEMPATH\CodeIgniter.php(497): CodeIgniter\CodeIgniter->runController(Object(App\Controllers\Web))
 8 SYSTEMPATH\CodeIgniter.php(366): CodeIgniter\CodeIgniter->handleRequest(null, Object(Config\Cache), false)
 9 FCPATH\index.php(67): CodeIgniter\CodeIgniter->run()
CRITICAL - 2024-05-05 14:05:02 --> Undefined variable $result
in APPPATH\Views\web\viewdetailedBid.php on line 238.
 1 APPPATH\Views\web\viewdetailedBid.php(238): CodeIgniter\Debug\Exceptions->errorHandler(2, 'Undefined variable $result', 'C:\\xampp\\htdocs\\IPMS\\app\\Views\\web\\viewdetailedBid.php', 238)
 2 SYSTEMPATH\View\View.php(224): include('C:\\xampp\\htdocs\\IPMS\\app\\Views\\web\\viewdetailedBid.php')
 3 SYSTEMPATH\View\View.php(227): CodeIgniter\View\View->CodeIgniter\View\{closure}()
 4 SYSTEMPATH\Common.php(1176): CodeIgniter\View\View->render('web/viewdetailedBid', [], true)
 5 APPPATH\Controllers\Web.php(292): view('web/viewdetailedBid', [...])
 6 SYSTEMPATH\CodeIgniter.php(932): App\Controllers\Web->viewdetailedBids('public', 'assets_web', 'vendor', 'bootstrap', 'js', 'bootstrap.bundle.min.js')
 7 SYSTEMPATH\CodeIgniter.php(497): CodeIgniter\CodeIgniter->runController(Object(App\Controllers\Web))
 8 SYSTEMPATH\CodeIgniter.php(366): CodeIgniter\CodeIgniter->handleRequest(null, Object(Config\Cache), false)
 9 FCPATH\index.php(67): CodeIgniter\CodeIgniter->run()
CRITICAL - 2024-05-05 14:05:02 --> Undefined variable $result
in APPPATH\Views\web\viewdetailedBid.php on line 238.
 1 APPPATH\Views\web\viewdetailedBid.php(238): CodeIgniter\Debug\Exceptions->errorHandler(2, 'Undefined variable $result', 'C:\\xampp\\htdocs\\IPMS\\app\\Views\\web\\viewdetailedBid.php', 238)
 2 SYSTEMPATH\View\View.php(224): include('C:\\xampp\\htdocs\\IPMS\\app\\Views\\web\\viewdetailedBid.php')
 3 SYSTEMPATH\View\View.php(227): CodeIgniter\View\View->CodeIgniter\View\{closure}()
 4 SYSTEMPATH\Common.php(1176): CodeIgniter\View\View->render('web/viewdetailedBid', [], true)
 5 APPPATH\Controllers\Web.php(292): view('web/viewdetailedBid', [...])
 6 SYSTEMPATH\CodeIgniter.php(932): App\Controllers\Web->viewdetailedBids('public', 'assets_web', 'vendor', 'purecounter', 'purecounter_vanilla.js')
 7 SYSTEMPATH\CodeIgniter.php(497): CodeIgniter\CodeIgniter->runController(Object(App\Controllers\Web))
 8 SYSTEMPATH\CodeIgniter.php(366): CodeIgniter\CodeIgniter->handleRequest(null, Object(Config\Cache), false)
 9 FCPATH\index.php(67): CodeIgniter\CodeIgniter->run()
CRITICAL - 2024-05-05 14:05:02 --> Undefined variable $result
in APPPATH\Views\web\viewdetailedBid.php on line 238.
 1 APPPATH\Views\web\viewdetailedBid.php(238): CodeIgniter\Debug\Exceptions->errorHandler(2, 'Undefined variable $result', 'C:\\xampp\\htdocs\\IPMS\\app\\Views\\web\\viewdetailedBid.php', 238)
 2 SYSTEMPATH\View\View.php(224): include('C:\\xampp\\htdocs\\IPMS\\app\\Views\\web\\viewdetailedBid.php')
 3 SYSTEMPATH\View\View.php(227): CodeIgniter\View\View->CodeIgniter\View\{closure}()
 4 SYSTEMPATH\Common.php(1176): CodeIgniter\View\View->render('web/viewdetailedBid', [], true)
 5 APPPATH\Controllers\Web.php(292): view('web/viewdetailedBid', [...])
 6 SYSTEMPATH\CodeIgniter.php(932): App\Controllers\Web->viewdetailedBids('public', 'assets_web', 'vendor', 'swiper', 'swiper-bundle.min.js')
 7 SYSTEMPATH\CodeIgniter.php(497): CodeIgniter\CodeIgniter->runController(Object(App\Controllers\Web))
 8 SYSTEMPATH\CodeIgniter.php(366): CodeIgniter\CodeIgniter->handleRequest(null, Object(Config\Cache), false)
 9 FCPATH\index.php(67): CodeIgniter\CodeIgniter->run()
CRITICAL - 2024-05-05 14:05:02 --> Undefined variable $result
in APPPATH\Views\web\viewdetailedBid.php on line 238.
 1 APPPATH\Views\web\viewdetailedBid.php(238): CodeIgniter\Debug\Exceptions->errorHandler(2, 'Undefined variable $result', 'C:\\xampp\\htdocs\\IPMS\\app\\Views\\web\\viewdetailedBid.php', 238)
 2 SYSTEMPATH\View\View.php(224): include('C:\\xampp\\htdocs\\IPMS\\app\\Views\\web\\viewdetailedBid.php')
 3 SYSTEMPATH\View\View.php(227): CodeIgniter\View\View->CodeIgniter\View\{closure}()
 4 SYSTEMPATH\Common.php(1176): CodeIgniter\View\View->render('web/viewdetailedBid', [], true)
 5 APPPATH\Controllers\Web.php(292): view('web/viewdetailedBid', [...])
 6 SYSTEMPATH\CodeIgniter.php(932): App\Controllers\Web->viewdetailedBids('public', 'assets_web', 'vendor', 'isotope-layout', 'isotope.pkgd.min.js')
 7 SYSTEMPATH\CodeIgniter.php(497): CodeIgniter\CodeIgniter->runController(Object(App\Controllers\Web))
 8 SYSTEMPATH\CodeIgniter.php(366): CodeIgniter\CodeIgniter->handleRequest(null, Object(Config\Cache), false)
 9 FCPATH\index.php(67): CodeIgniter\CodeIgniter->run()
CRITICAL - 2024-05-05 14:05:02 --> Undefined variable $result
in APPPATH\Views\web\viewdetailedBid.php on line 238.
 1 APPPATH\Views\web\viewdetailedBid.php(238): CodeIgniter\Debug\Exceptions->errorHandler(2, 'Undefined variable $result', 'C:\\xampp\\htdocs\\IPMS\\app\\Views\\web\\viewdetailedBid.php', 238)
 2 SYSTEMPATH\View\View.php(224): include('C:\\xampp\\htdocs\\IPMS\\app\\Views\\web\\viewdetailedBid.php')
 3 SYSTEMPATH\View\View.php(227): CodeIgniter\View\View->CodeIgniter\View\{closure}()
 4 SYSTEMPATH\Common.php(1176): CodeIgniter\View\View->render('web/viewdetailedBid', [], true)
 5 APPPATH\Controllers\Web.php(292): view('web/viewdetailedBid', [...])
 6 SYSTEMPATH\CodeIgniter.php(932): App\Controllers\Web->viewdetailedBids('public', 'assets_web', 'vendor', 'php-email-form', 'validate.js')
 7 SYSTEMPATH\CodeIgniter.php(497): CodeIgniter\CodeIgniter->runController(Object(App\Controllers\Web))
 8 SYSTEMPATH\CodeIgniter.php(366): CodeIgniter\CodeIgniter->handleRequest(null, Object(Config\Cache), false)
 9 FCPATH\index.php(67): CodeIgniter\CodeIgniter->run()
CRITICAL - 2024-05-05 14:05:02 --> Undefined variable $result
in APPPATH\Views\web\viewdetailedBid.php on line 238.
 1 APPPATH\Views\web\viewdetailedBid.php(238): CodeIgniter\Debug\Exceptions->errorHandler(2, 'Undefined variable $result', 'C:\\xampp\\htdocs\\IPMS\\app\\Views\\web\\viewdetailedBid.php', 238)
 2 SYSTEMPATH\View\View.php(224): include('C:\\xampp\\htdocs\\IPMS\\app\\Views\\web\\viewdetailedBid.php')
 3 SYSTEMPATH\View\View.php(227): CodeIgniter\View\View->CodeIgniter\View\{closure}()
 4 SYSTEMPATH\Common.php(1176): CodeIgniter\View\View->render('web/viewdetailedBid', [], true)
 5 APPPATH\Controllers\Web.php(292): view('web/viewdetailedBid', [...])
 6 SYSTEMPATH\CodeIgniter.php(932): App\Controllers\Web->viewdetailedBids('public', 'assets_web', 'vendor', 'glightbox', 'js', 'glightbox.min.js')
 7 SYSTEMPATH\CodeIgniter.php(497): CodeIgniter\CodeIgniter->runController(Object(App\Controllers\Web))
 8 SYSTEMPATH\CodeIgniter.php(366): CodeIgniter\CodeIgniter->handleRequest(null, Object(Config\Cache), false)
 9 FCPATH\index.php(67): CodeIgniter\CodeIgniter->run()
CRITICAL - 2024-05-05 14:05:02 --> Undefined variable $result
in APPPATH\Views\web\viewdetailedBid.php on line 238.
 1 APPPATH\Views\web\viewdetailedBid.php(238): CodeIgniter\Debug\Exceptions->errorHandler(2, 'Undefined variable $result', 'C:\\xampp\\htdocs\\IPMS\\app\\Views\\web\\viewdetailedBid.php', 238)
 2 SYSTEMPATH\View\View.php(224): include('C:\\xampp\\htdocs\\IPMS\\app\\Views\\web\\viewdetailedBid.php')
 3 SYSTEMPATH\View\View.php(227): CodeIgniter\View\View->CodeIgniter\View\{closure}()
 4 SYSTEMPATH\Common.php(1176): CodeIgniter\View\View->render('web/viewdetailedBid', [], true)
 5 APPPATH\Controllers\Web.php(292): view('web/viewdetailedBid', [...])
 6 SYSTEMPATH\CodeIgniter.php(932): App\Controllers\Web->viewdetailedBids('public', 'assets_web', 'js', 'carousel.js')
 7 SYSTEMPATH\CodeIgniter.php(497): CodeIgniter\CodeIgniter->runController(Object(App\Controllers\Web))
 8 SYSTEMPATH\CodeIgniter.php(366): CodeIgniter\CodeIgniter->handleRequest(null, Object(Config\Cache), false)
 9 FCPATH\index.php(67): CodeIgniter\CodeIgniter->run()
CRITICAL - 2024-05-05 14:05:02 --> Undefined variable $result
in APPPATH\Views\web\viewdetailedBid.php on line 238.
 1 APPPATH\Views\web\viewdetailedBid.php(238): CodeIgniter\Debug\Exceptions->errorHandler(2, 'Undefined variable $result', 'C:\\xampp\\htdocs\\IPMS\\app\\Views\\web\\viewdetailedBid.php', 238)
 2 SYSTEMPATH\View\View.php(224): include('C:\\xampp\\htdocs\\IPMS\\app\\Views\\web\\viewdetailedBid.php')
 3 SYSTEMPATH\View\View.php(227): CodeIgniter\View\View->CodeIgniter\View\{closure}()
 4 SYSTEMPATH\Common.php(1176): CodeIgniter\View\View->render('web/viewdetailedBid', [], true)
 5 APPPATH\Controllers\Web.php(292): view('web/viewdetailedBid', [...])
 6 SYSTEMPATH\CodeIgniter.php(932): App\Controllers\Web->viewdetailedBids('public', 'assets_web', 'js', 'main.js')
 7 SYSTEMPATH\CodeIgniter.php(497): CodeIgniter\CodeIgniter->runController(Object(App\Controllers\Web))
 8 SYSTEMPATH\CodeIgniter.php(366): CodeIgniter\CodeIgniter->handleRequest(null, Object(Config\Cache), false)
 9 FCPATH\index.php(67): CodeIgniter\CodeIgniter->run()
CRITICAL - 2024-05-05 14:05:24 --> Undefined variable $result
in APPPATH\Views\web\viewdetailedBid.php on line 238.
 1 APPPATH\Views\web\viewdetailedBid.php(238): CodeIgniter\Debug\Exceptions->errorHandler(2, 'Undefined variable $result', 'C:\\xampp\\htdocs\\IPMS\\app\\Views\\web\\viewdetailedBid.php', 238)
 2 SYSTEMPATH\View\View.php(224): include('C:\\xampp\\htdocs\\IPMS\\app\\Views\\web\\viewdetailedBid.php')
 3 SYSTEMPATH\View\View.php(227): CodeIgniter\View\View->CodeIgniter\View\{closure}()
 4 SYSTEMPATH\Common.php(1176): CodeIgniter\View\View->render('web/viewdetailedBid', [], true)
 5 APPPATH\Controllers\Web.php(292): view('web/viewdetailedBid', [...])
 6 SYSTEMPATH\CodeIgniter.php(932): App\Controllers\Web->viewdetailedBids('public', 'assets_web', 'vendor', 'purecounter', 'purecounter_vanilla.js')
 7 SYSTEMPATH\CodeIgniter.php(497): CodeIgniter\CodeIgniter->runController(Object(App\Controllers\Web))
 8 SYSTEMPATH\CodeIgniter.php(366): CodeIgniter\CodeIgniter->handleRequest(null, Object(Config\Cache), false)
 9 FCPATH\index.php(67): CodeIgniter\CodeIgniter->run()
CRITICAL - 2024-05-05 14:05:24 --> Undefined variable $result
in APPPATH\Views\web\viewdetailedBid.php on line 238.
 1 APPPATH\Views\web\viewdetailedBid.php(238): CodeIgniter\Debug\Exceptions->errorHandler(2, 'Undefined variable $result', 'C:\\xampp\\htdocs\\IPMS\\app\\Views\\web\\viewdetailedBid.php', 238)
 2 SYSTEMPATH\View\View.php(224): include('C:\\xampp\\htdocs\\IPMS\\app\\Views\\web\\viewdetailedBid.php')
 3 SYSTEMPATH\View\View.php(227): CodeIgniter\View\View->CodeIgniter\View\{closure}()
 4 SYSTEMPATH\Common.php(1176): CodeIgniter\View\View->render('web/viewdetailedBid', [], true)
 5 APPPATH\Controllers\Web.php(292): view('web/viewdetailedBid', [...])
 6 SYSTEMPATH\CodeIgniter.php(932): App\Controllers\Web->viewdetailedBids('public', 'assets_web', 'vendor', 'php-email-form', 'validate.js')
 7 SYSTEMPATH\CodeIgniter.php(497): CodeIgniter\CodeIgniter->runController(Object(App\Controllers\Web))
 8 SYSTEMPATH\CodeIgniter.php(366): CodeIgniter\CodeIgniter->handleRequest(null, Object(Config\Cache), false)
 9 FCPATH\index.php(67): CodeIgniter\CodeIgniter->run()
CRITICAL - 2024-05-05 14:05:24 --> Undefined variable $result
in APPPATH\Views\web\viewdetailedBid.php on line 238.
 1 APPPATH\Views\web\viewdetailedBid.php(238): CodeIgniter\Debug\Exceptions->errorHandler(2, 'Undefined variable $result', 'C:\\xampp\\htdocs\\IPMS\\app\\Views\\web\\viewdetailedBid.php', 238)
 2 SYSTEMPATH\View\View.php(224): include('C:\\xampp\\htdocs\\IPMS\\app\\Views\\web\\viewdetailedBid.php')
 3 SYSTEMPATH\View\View.php(227): CodeIgniter\View\View->CodeIgniter\View\{closure}()
 4 SYSTEMPATH\Common.php(1176): CodeIgniter\View\View->render('web/viewdetailedBid', [], true)
 5 APPPATH\Controllers\Web.php(292): view('web/viewdetailedBid', [...])
 6 SYSTEMPATH\CodeIgniter.php(932): App\Controllers\Web->viewdetailedBids('public', 'assets_web', 'vendor', 'glightbox', 'js', 'glightbox.min.js')
 7 SYSTEMPATH\CodeIgniter.php(497): CodeIgniter\CodeIgniter->runController(Object(App\Controllers\Web))
 8 SYSTEMPATH\CodeIgniter.php(366): CodeIgniter\CodeIgniter->handleRequest(null, Object(Config\Cache), false)
 9 FCPATH\index.php(67): CodeIgniter\CodeIgniter->run()
CRITICAL - 2024-05-05 14:05:24 --> Undefined variable $result
in APPPATH\Views\web\viewdetailedBid.php on line 238.
 1 APPPATH\Views\web\viewdetailedBid.php(238): CodeIgniter\Debug\Exceptions->errorHandler(2, 'Undefined variable $result', 'C:\\xampp\\htdocs\\IPMS\\app\\Views\\web\\viewdetailedBid.php', 238)
 2 SYSTEMPATH\View\View.php(224): include('C:\\xampp\\htdocs\\IPMS\\app\\Views\\web\\viewdetailedBid.php')
 3 SYSTEMPATH\View\View.php(227): CodeIgniter\View\View->CodeIgniter\View\{closure}()
 4 SYSTEMPATH\Common.php(1176): CodeIgniter\View\View->render('web/viewdetailedBid', [], true)
 5 APPPATH\Controllers\Web.php(292): view('web/viewdetailedBid', [...])
 6 SYSTEMPATH\CodeIgniter.php(932): App\Controllers\Web->viewdetailedBids('public', 'assets_web', 'vendor', 'bootstrap', 'js', 'bootstrap.bundle.min.js')
 7 SYSTEMPATH\CodeIgniter.php(497): CodeIgniter\CodeIgniter->runController(Object(App\Controllers\Web))
 8 SYSTEMPATH\CodeIgniter.php(366): CodeIgniter\CodeIgniter->handleRequest(null, Object(Config\Cache), false)
 9 FCPATH\index.php(67): CodeIgniter\CodeIgniter->run()
CRITICAL - 2024-05-05 14:05:24 --> Undefined variable $result
in APPPATH\Views\web\viewdetailedBid.php on line 238.
 1 APPPATH\Views\web\viewdetailedBid.php(238): CodeIgniter\Debug\Exceptions->errorHandler(2, 'Undefined variable $result', 'C:\\xampp\\htdocs\\IPMS\\app\\Views\\web\\viewdetailedBid.php', 238)
 2 SYSTEMPATH\View\View.php(224): include('C:\\xampp\\htdocs\\IPMS\\app\\Views\\web\\viewdetailedBid.php')
 3 SYSTEMPATH\View\View.php(227): CodeIgniter\View\View->CodeIgniter\View\{closure}()
 4 SYSTEMPATH\Common.php(1176): CodeIgniter\View\View->render('web/viewdetailedBid', [], true)
 5 APPPATH\Controllers\Web.php(292): view('web/viewdetailedBid', [...])
 6 SYSTEMPATH\CodeIgniter.php(932): App\Controllers\Web->viewdetailedBids('public', 'assets_web', 'vendor', 'isotope-layout', 'isotope.pkgd.min.js')
 7 SYSTEMPATH\CodeIgniter.php(497): CodeIgniter\CodeIgniter->runController(Object(App\Controllers\Web))
 8 SYSTEMPATH\CodeIgniter.php(366): CodeIgniter\CodeIgniter->handleRequest(null, Object(Config\Cache), false)
 9 FCPATH\index.php(67): CodeIgniter\CodeIgniter->run()
CRITICAL - 2024-05-05 14:05:24 --> Undefined variable $result
in APPPATH\Views\web\viewdetailedBid.php on line 238.
 1 APPPATH\Views\web\viewdetailedBid.php(238): CodeIgniter\Debug\Exceptions->errorHandler(2, 'Undefined variable $result', 'C:\\xampp\\htdocs\\IPMS\\app\\Views\\web\\viewdetailedBid.php', 238)
 2 SYSTEMPATH\View\View.php(224): include('C:\\xampp\\htdocs\\IPMS\\app\\Views\\web\\viewdetailedBid.php')
 3 SYSTEMPATH\View\View.php(227): CodeIgniter\View\View->CodeIgniter\View\{closure}()
 4 SYSTEMPATH\Common.php(1176): CodeIgniter\View\View->render('web/viewdetailedBid', [], true)
 5 APPPATH\Controllers\Web.php(292): view('web/viewdetailedBid', [...])
 6 SYSTEMPATH\CodeIgniter.php(932): App\Controllers\Web->viewdetailedBids('public', 'assets_web', 'vendor', 'swiper', 'swiper-bundle.min.js')
 7 SYSTEMPATH\CodeIgniter.php(497): CodeIgniter\CodeIgniter->runController(Object(App\Controllers\Web))
 8 SYSTEMPATH\CodeIgniter.php(366): CodeIgniter\CodeIgniter->handleRequest(null, Object(Config\Cache), false)
 9 FCPATH\index.php(67): CodeIgniter\CodeIgniter->run()
CRITICAL - 2024-05-05 14:05:24 --> Undefined variable $result
in APPPATH\Views\web\viewdetailedBid.php on line 238.
 1 APPPATH\Views\web\viewdetailedBid.php(238): CodeIgniter\Debug\Exceptions->errorHandler(2, 'Undefined variable $result', 'C:\\xampp\\htdocs\\IPMS\\app\\Views\\web\\viewdetailedBid.php', 238)
 2 SYSTEMPATH\View\View.php(224): include('C:\\xampp\\htdocs\\IPMS\\app\\Views\\web\\viewdetailedBid.php')
 3 SYSTEMPATH\View\View.php(227): CodeIgniter\View\View->CodeIgniter\View\{closure}()
 4 SYSTEMPATH\Common.php(1176): CodeIgniter\View\View->render('web/viewdetailedBid', [], true)
 5 APPPATH\Controllers\Web.php(292): view('web/viewdetailedBid', [...])
 6 SYSTEMPATH\CodeIgniter.php(932): App\Controllers\Web->viewdetailedBids('public', 'assets_web', 'js', 'main.js')
 7 SYSTEMPATH\CodeIgniter.php(497): CodeIgniter\CodeIgniter->runController(Object(App\Controllers\Web))
 8 SYSTEMPATH\CodeIgniter.php(366): CodeIgniter\CodeIgniter->handleRequest(null, Object(Config\Cache), false)
 9 FCPATH\index.php(67): CodeIgniter\CodeIgniter->run()
CRITICAL - 2024-05-05 14:05:24 --> Undefined variable $result
in APPPATH\Views\web\viewdetailedBid.php on line 238.
 1 APPPATH\Views\web\viewdetailedBid.php(238): CodeIgniter\Debug\Exceptions->errorHandler(2, 'Undefined variable $result', 'C:\\xampp\\htdocs\\IPMS\\app\\Views\\web\\viewdetailedBid.php', 238)
 2 SYSTEMPATH\View\View.php(224): include('C:\\xampp\\htdocs\\IPMS\\app\\Views\\web\\viewdetailedBid.php')
 3 SYSTEMPATH\View\View.php(227): CodeIgniter\View\View->CodeIgniter\View\{closure}()
 4 SYSTEMPATH\Common.php(1176): CodeIgniter\View\View->render('web/viewdetailedBid', [], true)
 5 APPPATH\Controllers\Web.php(292): view('web/viewdetailedBid', [...])
 6 SYSTEMPATH\CodeIgniter.php(932): App\Controllers\Web->viewdetailedBids('public', 'assets_web', 'js', 'carousel.js')
 7 SYSTEMPATH\CodeIgniter.php(497): CodeIgniter\CodeIgniter->runController(Object(App\Controllers\Web))
 8 SYSTEMPATH\CodeIgniter.php(366): CodeIgniter\CodeIgniter->handleRequest(null, Object(Config\Cache), false)
 9 FCPATH\index.php(67): CodeIgniter\CodeIgniter->run()
CRITICAL - 2024-05-05 11:35:53 --> Invalid file: "sys/menu_.php"
in SYSTEMPATH\Exceptions\FrameworkException.php on line 33.
 1 SYSTEMPATH\View\View.php(212): CodeIgniter\Exceptions\FrameworkException::forInvalidFile('sys/menu_.php')
 2 SYSTEMPATH\Common.php(1176): CodeIgniter\View\View->render('sys/menu_', [], true)
 3 APPPATH\Controllers\Tender.php(1076): view('sys/menu_')
 4 SYSTEMPATH\CodeIgniter.php(932): App\Controllers\Tender->TenderProgress()
 5 SYSTEMPATH\CodeIgniter.php(497): CodeIgniter\CodeIgniter->runController(Object(App\Controllers\Tender))
 6 SYSTEMPATH\CodeIgniter.php(366): CodeIgniter\CodeIgniter->handleRequest(null, Object(Config\Cache), false)
 7 FCPATH\index.php(67): CodeIgniter\CodeIgniter->run()
