CRITICAL - 2023-09-09 15:53:01 --> Undefined variable $camp_list
in APPPATH\Views\sys\itemrequest\createReq.php on line 121.
 1 APPPATH\Views\sys\itemrequest\createReq.php(121): CodeIgniter\Debug\Exceptions->errorHandler(2, 'Undefined variable $camp_list', 'C:\\xampp\\htdocs\\IPMS\\app\\Views\\sys\\itemrequest\\createReq.php', 121)
 2 SYSTEMPATH\View\View.php(224): include('C:\\xampp\\htdocs\\IPMS\\app\\Views\\sys\\itemrequest\\createReq.php')
 3 SYSTEMPATH\View\View.php(227): CodeIgniter\View\View->CodeIgniter\View\{closure}()
 4 SYSTEMPATH\Common.php(1176): CodeIgniter\View\View->render('sys/itemrequest/createReq', [], true)
 5 APPPATH\Controllers\ItemRequest.php(54): view('sys/itemrequest/createReq')
 6 SYSTEMPATH\CodeIgniter.php(932): App\Controllers\ItemRequest->createReq()
 7 SYSTEMPATH\CodeIgniter.php(497): CodeIgniter\CodeIgniter->runController(Object(App\Controllers\ItemRequest))
 8 SYSTEMPATH\CodeIgniter.php(366): CodeIgniter\CodeIgniter->handleRequest(null, Object(Config\Cache), false)
 9 FCPATH\index.php(67): CodeIgniter\CodeIgniter->run()
CRITICAL - 2023-09-09 15:56:49 --> Undefined variable $camp_list
in APPPATH\Views\sys\itemrequest\createReq.php on line 123.
 1 APPPATH\Views\sys\itemrequest\createReq.php(123): CodeIgniter\Debug\Exceptions->errorHandler(2, 'Undefined variable $camp_list', 'C:\\xampp\\htdocs\\IPMS\\app\\Views\\sys\\itemrequest\\createReq.php', 123)
 2 SYSTEMPATH\View\View.php(224): include('C:\\xampp\\htdocs\\IPMS\\app\\Views\\sys\\itemrequest\\createReq.php')
 3 SYSTEMPATH\View\View.php(227): CodeIgniter\View\View->CodeIgniter\View\{closure}()
 4 SYSTEMPATH\Common.php(1176): CodeIgniter\View\View->render('sys/itemrequest/createReq', [], true)
 5 APPPATH\Controllers\ItemRequest.php(54): view('sys/itemrequest/createReq')
 6 SYSTEMPATH\CodeIgniter.php(932): App\Controllers\ItemRequest->createReq()
 7 SYSTEMPATH\CodeIgniter.php(497): CodeIgniter\CodeIgniter->runController(Object(App\Controllers\ItemRequest))
 8 SYSTEMPATH\CodeIgniter.php(366): CodeIgniter\CodeIgniter->handleRequest(null, Object(Config\Cache), false)
 9 FCPATH\index.php(67): CodeIgniter\CodeIgniter->run()
CRITICAL - 2023-09-09 15:59:36 --> Undefined variable $camp_list
in APPPATH\Views\sys\itemrequest\createReq.php on line 123.
 1 APPPATH\Views\sys\itemrequest\createReq.php(123): CodeIgniter\Debug\Exceptions->errorHandler(2, 'Undefined variable $camp_list', 'C:\\xampp\\htdocs\\IPMS\\app\\Views\\sys\\itemrequest\\createReq.php', 123)
 2 SYSTEMPATH\View\View.php(224): include('C:\\xampp\\htdocs\\IPMS\\app\\Views\\sys\\itemrequest\\createReq.php')
 3 SYSTEMPATH\View\View.php(227): CodeIgniter\View\View->CodeIgniter\View\{closure}()
 4 SYSTEMPATH\Common.php(1176): CodeIgniter\View\View->render('sys/itemrequest/createReq', [], true)
 5 APPPATH\Controllers\ItemRequest.php(54): view('sys/itemrequest/createReq')
 6 SYSTEMPATH\CodeIgniter.php(932): App\Controllers\ItemRequest->createReq()
 7 SYSTEMPATH\CodeIgniter.php(497): CodeIgniter\CodeIgniter->runController(Object(App\Controllers\ItemRequest))
 8 SYSTEMPATH\CodeIgniter.php(366): CodeIgniter\CodeIgniter->handleRequest(null, Object(Config\Cache), false)
 9 FCPATH\index.php(67): CodeIgniter\CodeIgniter->run()
CRITICAL - 2023-09-09 16:02:20 --> Undefined variable $camp_list
in APPPATH\Views\sys\itemrequest\createReq.php on line 124.
 1 APPPATH\Views\sys\itemrequest\createReq.php(124): CodeIgniter\Debug\Exceptions->errorHandler(2, 'Undefined variable $camp_list', 'C:\\xampp\\htdocs\\IPMS\\app\\Views\\sys\\itemrequest\\createReq.php', 124)
 2 SYSTEMPATH\View\View.php(224): include('C:\\xampp\\htdocs\\IPMS\\app\\Views\\sys\\itemrequest\\createReq.php')
 3 SYSTEMPATH\View\View.php(227): CodeIgniter\View\View->CodeIgniter\View\{closure}()
 4 SYSTEMPATH\Common.php(1176): CodeIgniter\View\View->render('sys/itemrequest/createReq', [], true)
 5 APPPATH\Controllers\ItemRequest.php(54): view('sys/itemrequest/createReq')
 6 SYSTEMPATH\CodeIgniter.php(932): App\Controllers\ItemRequest->createReq()
 7 SYSTEMPATH\CodeIgniter.php(497): CodeIgniter\CodeIgniter->runController(Object(App\Controllers\ItemRequest))
 8 SYSTEMPATH\CodeIgniter.php(366): CodeIgniter\CodeIgniter->handleRequest(null, Object(Config\Cache), false)
 9 FCPATH\index.php(67): CodeIgniter\CodeIgniter->run()
CRITICAL - 2023-09-09 16:10:51 --> Undefined variable $camp_list
in APPPATH\Views\sys\itemrequest\createReq.php on line 119.
 1 APPPATH\Views\sys\itemrequest\createReq.php(119): CodeIgniter\Debug\Exceptions->errorHandler(2, 'Undefined variable $camp_list', 'C:\\xampp\\htdocs\\IPMS\\app\\Views\\sys\\itemrequest\\createReq.php', 119)
 2 SYSTEMPATH\View\View.php(224): include('C:\\xampp\\htdocs\\IPMS\\app\\Views\\sys\\itemrequest\\createReq.php')
 3 SYSTEMPATH\View\View.php(227): CodeIgniter\View\View->CodeIgniter\View\{closure}()
 4 SYSTEMPATH\Common.php(1176): CodeIgniter\View\View->render('sys/itemrequest/createReq', [], true)
 5 APPPATH\Controllers\ItemRequest.php(54): view('sys/itemrequest/createReq')
 6 SYSTEMPATH\CodeIgniter.php(932): App\Controllers\ItemRequest->createReq()
 7 SYSTEMPATH\CodeIgniter.php(497): CodeIgniter\CodeIgniter->runController(Object(App\Controllers\ItemRequest))
 8 SYSTEMPATH\CodeIgniter.php(366): CodeIgniter\CodeIgniter->handleRequest(null, Object(Config\Cache), false)
 9 FCPATH\index.php(67): CodeIgniter\CodeIgniter->run()
CRITICAL - 2023-09-09 16:14:56 --> Undefined array key "campName"
in APPPATH\Views\sys\itemrequest\createReq.php on line 123.
 1 APPPATH\Views\sys\itemrequest\createReq.php(123): CodeIgniter\Debug\Exceptions->errorHandler(2, 'Undefined array key "campName"', 'C:\\xampp\\htdocs\\IPMS\\app\\Views\\sys\\itemrequest\\createReq.php', 123)
 2 SYSTEMPATH\View\View.php(224): include('C:\\xampp\\htdocs\\IPMS\\app\\Views\\sys\\itemrequest\\createReq.php')
 3 SYSTEMPATH\View\View.php(227): CodeIgniter\View\View->CodeIgniter\View\{closure}()
 4 SYSTEMPATH\Common.php(1176): CodeIgniter\View\View->render('sys/itemrequest/createReq', [], true)
 5 APPPATH\Controllers\ItemRequest.php(55): view('sys/itemrequest/createReq', [...])
 6 SYSTEMPATH\CodeIgniter.php(932): App\Controllers\ItemRequest->createReq()
 7 SYSTEMPATH\CodeIgniter.php(497): CodeIgniter\CodeIgniter->runController(Object(App\Controllers\ItemRequest))
 8 SYSTEMPATH\CodeIgniter.php(366): CodeIgniter\CodeIgniter->handleRequest(null, Object(Config\Cache), false)
 9 FCPATH\index.php(67): CodeIgniter\CodeIgniter->run()
CRITICAL - 2023-09-09 16:17:46 --> Undefined array key "campName"
in APPPATH\Views\sys\itemrequest\createReq.php on line 121.
 1 APPPATH\Views\sys\itemrequest\createReq.php(121): CodeIgniter\Debug\Exceptions->errorHandler(2, 'Undefined array key "campName"', 'C:\\xampp\\htdocs\\IPMS\\app\\Views\\sys\\itemrequest\\createReq.php', 121)
 2 SYSTEMPATH\View\View.php(224): include('C:\\xampp\\htdocs\\IPMS\\app\\Views\\sys\\itemrequest\\createReq.php')
 3 SYSTEMPATH\View\View.php(227): CodeIgniter\View\View->CodeIgniter\View\{closure}()
 4 SYSTEMPATH\Common.php(1176): CodeIgniter\View\View->render('sys/itemrequest/createReq', [], true)
 5 APPPATH\Controllers\ItemRequest.php(55): view('sys/itemrequest/createReq', [...])
 6 SYSTEMPATH\CodeIgniter.php(932): App\Controllers\ItemRequest->createReq()
 7 SYSTEMPATH\CodeIgniter.php(497): CodeIgniter\CodeIgniter->runController(Object(App\Controllers\ItemRequest))
 8 SYSTEMPATH\CodeIgniter.php(366): CodeIgniter\CodeIgniter->handleRequest(null, Object(Config\Cache), false)
 9 FCPATH\index.php(67): CodeIgniter\CodeIgniter->run()
