CRITICAL - 2024-02-16 04:16:05 --> Class "App\Controllers\SgoodsDeliveryModel" not found
in APPPATH\Controllers\Web.php on line 361.
 1 SYSTEMPATH\CodeIgniter.php(932): App\Controllers\Web->viewtender('1', '47', '39')
 2 SYSTEMPATH\CodeIgniter.php(497): CodeIgniter\CodeIgniter->runController(Object(App\Controllers\Web))
 3 SYSTEMPATH\CodeIgniter.php(366): CodeIgniter\CodeIgniter->handleRequest(null, Object(Config\Cache), false)
 4 FCPATH\index.php(67): CodeIgniter\CodeIgniter->run()
CRITICAL - 2024-02-16 04:21:30 --> Class "App\Models\SgoodsDeliveryModel" not found
in APPPATH\Controllers\Web.php on line 362.
 1 SYSTEMPATH\CodeIgniter.php(932): App\Controllers\Web->viewtender('1', '47', '39')
 2 SYSTEMPATH\CodeIgniter.php(497): CodeIgniter\CodeIgniter->runController(Object(App\Controllers\Web))
 3 SYSTEMPATH\CodeIgniter.php(366): CodeIgniter\CodeIgniter->handleRequest(null, Object(Config\Cache), false)
 4 FCPATH\index.php(67): CodeIgniter\CodeIgniter->run()
CRITICAL - 2024-02-16 04:21:55 --> Class "App\Models\SgoodsDeliveryModel" not found
in APPPATH\Controllers\Web.php on line 362.
 1 SYSTEMPATH\CodeIgniter.php(932): App\Controllers\Web->viewtender('1', '47', '39')
 2 SYSTEMPATH\CodeIgniter.php(497): CodeIgniter\CodeIgniter->runController(Object(App\Controllers\Web))
 3 SYSTEMPATH\CodeIgniter.php(366): CodeIgniter\CodeIgniter->handleRequest(null, Object(Config\Cache), false)
 4 FCPATH\index.php(67): CodeIgniter\CodeIgniter->run()
CRITICAL - 2024-02-16 04:23:38 --> Class "App\Models\SgoodsDeliveryModel" not found
in APPPATH\Controllers\Web.php on line 362.
 1 SYSTEMPATH\CodeIgniter.php(932): App\Controllers\Web->viewtender('1', '47', '39')
 2 SYSTEMPATH\CodeIgniter.php(497): CodeIgniter\CodeIgniter->runController(Object(App\Controllers\Web))
 3 SYSTEMPATH\CodeIgniter.php(366): CodeIgniter\CodeIgniter->handleRequest(null, Object(Config\Cache), false)
 4 FCPATH\index.php(67): CodeIgniter\CodeIgniter->run()
CRITICAL - 2024-02-16 04:25:17 --> Class "App\Models\SgoodsDeliveryModel" not found
in APPPATH\Controllers\Web.php on line 362.
 1 SYSTEMPATH\CodeIgniter.php(932): App\Controllers\Web->viewtender('1', '47', '39')
 2 SYSTEMPATH\CodeIgniter.php(497): CodeIgniter\CodeIgniter->runController(Object(App\Controllers\Web))
 3 SYSTEMPATH\CodeIgniter.php(366): CodeIgniter\CodeIgniter->handleRequest(null, Object(Config\Cache), false)
 4 FCPATH\index.php(67): CodeIgniter\CodeIgniter->run()
CRITICAL - 2024-02-16 04:27:55 --> Class "App\Models\SgoodsDeliveryModel" not found
in APPPATH\Controllers\Web.php on line 362.
 1 SYSTEMPATH\CodeIgniter.php(932): App\Controllers\Web->viewtender('1', '47', '39')
 2 SYSTEMPATH\CodeIgniter.php(497): CodeIgniter\CodeIgniter->runController(Object(App\Controllers\Web))
 3 SYSTEMPATH\CodeIgniter.php(366): CodeIgniter\CodeIgniter->handleRequest(null, Object(Config\Cache), false)
 4 FCPATH\index.php(67): CodeIgniter\CodeIgniter->run()
CRITICAL - 2024-02-16 04:28:53 --> Class "App\Models\SgoodsDeliveryModel" not found
in APPPATH\Controllers\Web.php on line 363.
 1 SYSTEMPATH\CodeIgniter.php(932): App\Controllers\Web->viewtender('4', '51', '39')
 2 SYSTEMPATH\CodeIgniter.php(497): CodeIgniter\CodeIgniter->runController(Object(App\Controllers\Web))
 3 SYSTEMPATH\CodeIgniter.php(366): CodeIgniter\CodeIgniter->handleRequest(null, Object(Config\Cache), false)
 4 FCPATH\index.php(67): CodeIgniter\CodeIgniter->run()
CRITICAL - 2024-02-16 04:30:51 --> Class "App\Models\SgoodsDeliveryModel" not found
in APPPATH\Controllers\Web.php on line 363.
 1 SYSTEMPATH\CodeIgniter.php(932): App\Controllers\Web->viewtender('4', '51', '39')
 2 SYSTEMPATH\CodeIgniter.php(497): CodeIgniter\CodeIgniter->runController(Object(App\Controllers\Web))
 3 SYSTEMPATH\CodeIgniter.php(366): CodeIgniter\CodeIgniter->handleRequest(null, Object(Config\Cache), false)
 4 FCPATH\index.php(67): CodeIgniter\CodeIgniter->run()
CRITICAL - 2024-02-16 04:31:44 --> Class "App\Models\SgoodsDeliveryModel" not found
in APPPATH\Controllers\Web.php on line 363.
 1 SYSTEMPATH\CodeIgniter.php(932): App\Controllers\Web->viewtender('4', '51', '39')
 2 SYSTEMPATH\CodeIgniter.php(497): CodeIgniter\CodeIgniter->runController(Object(App\Controllers\Web))
 3 SYSTEMPATH\CodeIgniter.php(366): CodeIgniter\CodeIgniter->handleRequest(null, Object(Config\Cache), false)
 4 FCPATH\index.php(67): CodeIgniter\CodeIgniter->run()
CRITICAL - 2024-02-16 04:32:20 --> Class "App\Models\SgoodsDeliveryModel" not found
in APPPATH\Controllers\Web.php on line 296.
 1 SYSTEMPATH\CodeIgniter.php(932): App\Controllers\Web->viewtender('4', '51', '39')
 2 SYSTEMPATH\CodeIgniter.php(497): CodeIgniter\CodeIgniter->runController(Object(App\Controllers\Web))
 3 SYSTEMPATH\CodeIgniter.php(366): CodeIgniter\CodeIgniter->handleRequest(null, Object(Config\Cache), false)
 4 FCPATH\index.php(67): CodeIgniter\CodeIgniter->run()
CRITICAL - 2024-02-16 04:56:49 --> Class "App\Models\SgoodsDeliveryModel" not found
in APPPATH\Controllers\Web.php on line 296.
 1 SYSTEMPATH\CodeIgniter.php(932): App\Controllers\Web->viewtender('4', '51', '39')
 2 SYSTEMPATH\CodeIgniter.php(497): CodeIgniter\CodeIgniter->runController(Object(App\Controllers\Web))
 3 SYSTEMPATH\CodeIgniter.php(366): CodeIgniter\CodeIgniter->handleRequest(null, Object(Config\Cache), false)
 4 FCPATH\index.php(67): CodeIgniter\CodeIgniter->run()
CRITICAL - 2024-02-16 04:57:19 --> Invalid file: "sys/menu_registeredsuppliers.php"
in SYSTEMPATH\Exceptions\FrameworkException.php on line 33.
 1 SYSTEMPATH\View\View.php(212): CodeIgniter\Exceptions\FrameworkException::forInvalidFile('sys/menu_registeredsuppliers.php')
 2 SYSTEMPATH\Common.php(1176): CodeIgniter\View\View->render('sys/menu_registeredsuppliers', [], true)
 3 APPPATH\Controllers\Sys.php(27): view('sys/menu_registeredsuppliers')
 4 SYSTEMPATH\CodeIgniter.php(932): App\Controllers\Sys->dashboard()
 5 SYSTEMPATH\CodeIgniter.php(497): CodeIgniter\CodeIgniter->runController(Object(App\Controllers\Sys))
 6 SYSTEMPATH\CodeIgniter.php(366): CodeIgniter\CodeIgniter->handleRequest(null, Object(Config\Cache), false)
 7 FCPATH\index.php(67): CodeIgniter\CodeIgniter->run()
CRITICAL - 2024-02-16 04:57:39 --> Invalid file: "sys/menu_registeredsuppliers.php"
in SYSTEMPATH\Exceptions\FrameworkException.php on line 33.
 1 SYSTEMPATH\View\View.php(212): CodeIgniter\Exceptions\FrameworkException::forInvalidFile('sys/menu_registeredsuppliers.php')
 2 SYSTEMPATH\Common.php(1176): CodeIgniter\View\View->render('sys/menu_registeredsuppliers', [], true)
 3 APPPATH\Controllers\Sys.php(27): view('sys/menu_registeredsuppliers')
 4 SYSTEMPATH\CodeIgniter.php(932): App\Controllers\Sys->dashboard()
 5 SYSTEMPATH\CodeIgniter.php(497): CodeIgniter\CodeIgniter->runController(Object(App\Controllers\Sys))
 6 SYSTEMPATH\CodeIgniter.php(366): CodeIgniter\CodeIgniter->handleRequest(null, Object(Config\Cache), false)
 7 FCPATH\index.php(67): CodeIgniter\CodeIgniter->run()
CRITICAL - 2024-02-16 04:58:13 --> Class "App\Models\SgoodsDeliveryModel" not found
in APPPATH\Controllers\Web.php on line 296.
 1 SYSTEMPATH\CodeIgniter.php(932): App\Controllers\Web->viewtender('4', '51', '39')
 2 SYSTEMPATH\CodeIgniter.php(497): CodeIgniter\CodeIgniter->runController(Object(App\Controllers\Web))
 3 SYSTEMPATH\CodeIgniter.php(366): CodeIgniter\CodeIgniter->handleRequest(null, Object(Config\Cache), false)
 4 FCPATH\index.php(67): CodeIgniter\CodeIgniter->run()
CRITICAL - 2024-02-16 06:20:28 --> Class "App\Models\SgoodsDeliveryModel" not found
in APPPATH\Controllers\Web.php on line 296.
 1 SYSTEMPATH\CodeIgniter.php(932): App\Controllers\Web->viewtender('4', '51', '39')
 2 SYSTEMPATH\CodeIgniter.php(497): CodeIgniter\CodeIgniter->runController(Object(App\Controllers\Web))
 3 SYSTEMPATH\CodeIgniter.php(366): CodeIgniter\CodeIgniter->handleRequest(null, Object(Config\Cache), false)
 4 FCPATH\index.php(67): CodeIgniter\CodeIgniter->run()
CRITICAL - 2024-02-16 06:21:03 --> Class "App\Models\SgoodsDeliveryModel" not found
in APPPATH\Controllers\Web.php on line 297.
 1 SYSTEMPATH\CodeIgniter.php(932): App\Controllers\Web->viewtender('4', '51', '39')
 2 SYSTEMPATH\CodeIgniter.php(497): CodeIgniter\CodeIgniter->runController(Object(App\Controllers\Web))
 3 SYSTEMPATH\CodeIgniter.php(366): CodeIgniter\CodeIgniter->handleRequest(null, Object(Config\Cache), false)
 4 FCPATH\index.php(67): CodeIgniter\CodeIgniter->run()
CRITICAL - 2024-02-16 06:25:38 --> Call to a member function getQuery() on null
in APPPATH\Controllers\Web.php on line 298.
 1 SYSTEMPATH\CodeIgniter.php(932): App\Controllers\Web->viewtender('4', '51', '39')
 2 SYSTEMPATH\CodeIgniter.php(497): CodeIgniter\CodeIgniter->runController(Object(App\Controllers\Web))
 3 SYSTEMPATH\CodeIgniter.php(366): CodeIgniter\CodeIgniter->handleRequest(null, Object(Config\Cache), false)
 4 FCPATH\index.php(67): CodeIgniter\CodeIgniter->run()
CRITICAL - 2024-02-16 06:30:43 --> foreach() argument must be of type array|object, string given
in APPPATH\Controllers\Web.php on line 372.
 1 APPPATH\Controllers\Web.php(372): CodeIgniter\Debug\Exceptions->errorHandler(2, 'foreach() argument must be of type array|object, string given', 'C:\\xampp\\htdocs\\IPMS\\app\\Controllers\\Web.php', 372)
 2 SYSTEMPATH\CodeIgniter.php(932): App\Controllers\Web->viewtender()
 3 SYSTEMPATH\CodeIgniter.php(497): CodeIgniter\CodeIgniter->runController(Object(App\Controllers\Web))
 4 SYSTEMPATH\CodeIgniter.php(366): CodeIgniter\CodeIgniter->handleRequest(null, Object(Config\Cache), false)
 5 FCPATH\index.php(67): CodeIgniter\CodeIgniter->run()
CRITICAL - 2024-02-16 06:31:52 --> foreach() argument must be of type array|object, string given
in APPPATH\Controllers\Web.php on line 372.
 1 APPPATH\Controllers\Web.php(372): CodeIgniter\Debug\Exceptions->errorHandler(2, 'foreach() argument must be of type array|object, string given', 'C:\\xampp\\htdocs\\IPMS\\app\\Controllers\\Web.php', 372)
 2 SYSTEMPATH\CodeIgniter.php(932): App\Controllers\Web->viewtender()
 3 SYSTEMPATH\CodeIgniter.php(497): CodeIgniter\CodeIgniter->runController(Object(App\Controllers\Web))
 4 SYSTEMPATH\CodeIgniter.php(366): CodeIgniter\CodeIgniter->handleRequest(null, Object(Config\Cache), false)
 5 FCPATH\index.php(67): CodeIgniter\CodeIgniter->run()
CRITICAL - 2024-02-16 06:39:07 --> foreach() argument must be of type array|object, string given
in APPPATH\Controllers\Web.php on line 371.
 1 APPPATH\Controllers\Web.php(371): CodeIgniter\Debug\Exceptions->errorHandler(2, 'foreach() argument must be of type array|object, string given', 'C:\\xampp\\htdocs\\IPMS\\app\\Controllers\\Web.php', 371)
 2 SYSTEMPATH\CodeIgniter.php(932): App\Controllers\Web->viewtender()
 3 SYSTEMPATH\CodeIgniter.php(497): CodeIgniter\CodeIgniter->runController(Object(App\Controllers\Web))
 4 SYSTEMPATH\CodeIgniter.php(366): CodeIgniter\CodeIgniter->handleRequest(null, Object(Config\Cache), false)
 5 FCPATH\index.php(67): CodeIgniter\CodeIgniter->run()
CRITICAL - 2024-02-16 06:41:52 --> foreach() argument must be of type array|object, string given
in APPPATH\Controllers\Web.php on line 371.
 1 APPPATH\Controllers\Web.php(371): CodeIgniter\Debug\Exceptions->errorHandler(2, 'foreach() argument must be of type array|object, string given', 'C:\\xampp\\htdocs\\IPMS\\app\\Controllers\\Web.php', 371)
 2 SYSTEMPATH\CodeIgniter.php(932): App\Controllers\Web->viewtender()
 3 SYSTEMPATH\CodeIgniter.php(497): CodeIgniter\CodeIgniter->runController(Object(App\Controllers\Web))
 4 SYSTEMPATH\CodeIgniter.php(366): CodeIgniter\CodeIgniter->handleRequest(null, Object(Config\Cache), false)
 5 FCPATH\index.php(67): CodeIgniter\CodeIgniter->run()
CRITICAL - 2024-02-16 06:44:03 --> foreach() argument must be of type array|object, string given
in APPPATH\Controllers\Web.php on line 371.
 1 APPPATH\Controllers\Web.php(371): CodeIgniter\Debug\Exceptions->errorHandler(2, 'foreach() argument must be of type array|object, string given', 'C:\\xampp\\htdocs\\IPMS\\app\\Controllers\\Web.php', 371)
 2 SYSTEMPATH\CodeIgniter.php(932): App\Controllers\Web->viewtender()
 3 SYSTEMPATH\CodeIgniter.php(497): CodeIgniter\CodeIgniter->runController(Object(App\Controllers\Web))
 4 SYSTEMPATH\CodeIgniter.php(366): CodeIgniter\CodeIgniter->handleRequest(null, Object(Config\Cache), false)
 5 FCPATH\index.php(67): CodeIgniter\CodeIgniter->run()
CRITICAL - 2024-02-16 06:44:23 --> foreach() argument must be of type array|object, string given
in APPPATH\Controllers\Web.php on line 371.
 1 APPPATH\Controllers\Web.php(371): CodeIgniter\Debug\Exceptions->errorHandler(2, 'foreach() argument must be of type array|object, string given', 'C:\\xampp\\htdocs\\IPMS\\app\\Controllers\\Web.php', 371)
 2 SYSTEMPATH\CodeIgniter.php(932): App\Controllers\Web->viewtender()
 3 SYSTEMPATH\CodeIgniter.php(497): CodeIgniter\CodeIgniter->runController(Object(App\Controllers\Web))
 4 SYSTEMPATH\CodeIgniter.php(366): CodeIgniter\CodeIgniter->handleRequest(null, Object(Config\Cache), false)
 5 FCPATH\index.php(67): CodeIgniter\CodeIgniter->run()
CRITICAL - 2024-02-16 06:46:37 --> foreach() argument must be of type array|object, string given
in APPPATH\Controllers\Web.php on line 371.
 1 APPPATH\Controllers\Web.php(371): CodeIgniter\Debug\Exceptions->errorHandler(2, 'foreach() argument must be of type array|object, string given', 'C:\\xampp\\htdocs\\IPMS\\app\\Controllers\\Web.php', 371)
 2 SYSTEMPATH\CodeIgniter.php(932): App\Controllers\Web->viewtender()
 3 SYSTEMPATH\CodeIgniter.php(497): CodeIgniter\CodeIgniter->runController(Object(App\Controllers\Web))
 4 SYSTEMPATH\CodeIgniter.php(366): CodeIgniter\CodeIgniter->handleRequest(null, Object(Config\Cache), false)
 5 FCPATH\index.php(67): CodeIgniter\CodeIgniter->run()
CRITICAL - 2024-02-16 06:48:09 --> foreach() argument must be of type array|object, string given
in APPPATH\Controllers\Web.php on line 371.
 1 APPPATH\Controllers\Web.php(371): CodeIgniter\Debug\Exceptions->errorHandler(2, 'foreach() argument must be of type array|object, string given', 'C:\\xampp\\htdocs\\IPMS\\app\\Controllers\\Web.php', 371)
 2 SYSTEMPATH\CodeIgniter.php(932): App\Controllers\Web->viewtender()
 3 SYSTEMPATH\CodeIgniter.php(497): CodeIgniter\CodeIgniter->runController(Object(App\Controllers\Web))
 4 SYSTEMPATH\CodeIgniter.php(366): CodeIgniter\CodeIgniter->handleRequest(null, Object(Config\Cache), false)
 5 FCPATH\index.php(67): CodeIgniter\CodeIgniter->run()
CRITICAL - 2024-02-16 10:54:12 --> Trying to access array offset on value of type null
in APPPATH\Views\sys\tender\addItem.php on line 34.
 1 APPPATH\Views\sys\tender\addItem.php(34): CodeIgniter\Debug\Exceptions->errorHandler(2, 'Trying to access array offset on value of type null', 'C:\\xampp\\htdocs\\IPMS\\app\\Views\\sys\\tender\\addItem.php', 34)
 2 SYSTEMPATH\View\View.php(224): include('C:\\xampp\\htdocs\\IPMS\\app\\Views\\sys\\tender\\addItem.php')
 3 SYSTEMPATH\View\View.php(227): CodeIgniter\View\View->CodeIgniter\View\{closure}()
 4 SYSTEMPATH\Common.php(1176): CodeIgniter\View\View->render('sys/tender/addItem', [], true)
 5 APPPATH\Controllers\Tender.php(166): view('sys/tender/addItem', [...])
 6 SYSTEMPATH\CodeIgniter.php(932): App\Controllers\Tender->addItem('assets', 'img', 'messages-1.jpg')
 7 SYSTEMPATH\CodeIgniter.php(497): CodeIgniter\CodeIgniter->runController(Object(App\Controllers\Tender))
 8 SYSTEMPATH\CodeIgniter.php(366): CodeIgniter\CodeIgniter->handleRequest(null, Object(Config\Cache), false)
 9 FCPATH\index.php(67): CodeIgniter\CodeIgniter->run()
CRITICAL - 2024-02-16 10:54:33 --> Undefined variable $result
in APPPATH\Views\sys\tender\viewmore.php on line 150.
 1 APPPATH\Views\sys\tender\viewmore.php(150): CodeIgniter\Debug\Exceptions->errorHandler(2, 'Undefined variable $result', 'C:\\xampp\\htdocs\\IPMS\\app\\Views\\sys\\tender\\viewmore.php', 150)
 2 SYSTEMPATH\View\View.php(224): include('C:\\xampp\\htdocs\\IPMS\\app\\Views\\sys\\tender\\viewmore.php')
 3 SYSTEMPATH\View\View.php(227): CodeIgniter\View\View->CodeIgniter\View\{closure}()
 4 SYSTEMPATH\Common.php(1176): CodeIgniter\View\View->render('sys/tender/viewmore', [], true)
 5 APPPATH\Controllers\Tender.php(282): view('sys/tender/viewmore', [...])
 6 SYSTEMPATH\CodeIgniter.php(932): App\Controllers\Tender->viewmore('assets', 'img', 'messages-1.jpg')
 7 SYSTEMPATH\CodeIgniter.php(497): CodeIgniter\CodeIgniter->runController(Object(App\Controllers\Tender))
 8 SYSTEMPATH\CodeIgniter.php(366): CodeIgniter\CodeIgniter->handleRequest(null, Object(Config\Cache), false)
 9 FCPATH\index.php(67): CodeIgniter\CodeIgniter->run()
CRITICAL - 2024-02-16 11:37:30 --> Unsupported operand types: int + string
in APPPATH\Controllers\Web.php on line 341.
 1 SYSTEMPATH\CodeIgniter.php(932): App\Controllers\Web->viewtender()
 2 SYSTEMPATH\CodeIgniter.php(497): CodeIgniter\CodeIgniter->runController(Object(App\Controllers\Web))
 3 SYSTEMPATH\CodeIgniter.php(366): CodeIgniter\CodeIgniter->handleRequest(null, Object(Config\Cache), false)
 4 FCPATH\index.php(67): CodeIgniter\CodeIgniter->run()
CRITICAL - 2024-02-16 11:39:17 --> Unsupported operand types: int + string
in APPPATH\Controllers\Web.php on line 341.
 1 SYSTEMPATH\CodeIgniter.php(932): App\Controllers\Web->viewtender()
 2 SYSTEMPATH\CodeIgniter.php(497): CodeIgniter\CodeIgniter->runController(Object(App\Controllers\Web))
 3 SYSTEMPATH\CodeIgniter.php(366): CodeIgniter\CodeIgniter->handleRequest(null, Object(Config\Cache), false)
 4 FCPATH\index.php(67): CodeIgniter\CodeIgniter->run()
CRITICAL - 2024-02-16 11:41:07 --> Unsupported operand types: int + string
in APPPATH\Controllers\Web.php on line 341.
 1 SYSTEMPATH\CodeIgniter.php(932): App\Controllers\Web->viewtender()
 2 SYSTEMPATH\CodeIgniter.php(497): CodeIgniter\CodeIgniter->runController(Object(App\Controllers\Web))
 3 SYSTEMPATH\CodeIgniter.php(366): CodeIgniter\CodeIgniter->handleRequest(null, Object(Config\Cache), false)
 4 FCPATH\index.php(67): CodeIgniter\CodeIgniter->run()
CRITICAL - 2024-02-16 11:43:17 --> Unsupported operand types: int + string
in APPPATH\Controllers\Web.php on line 343.
 1 SYSTEMPATH\CodeIgniter.php(932): App\Controllers\Web->viewtender()
 2 SYSTEMPATH\CodeIgniter.php(497): CodeIgniter\CodeIgniter->runController(Object(App\Controllers\Web))
 3 SYSTEMPATH\CodeIgniter.php(366): CodeIgniter\CodeIgniter->handleRequest(null, Object(Config\Cache), false)
 4 FCPATH\index.php(67): CodeIgniter\CodeIgniter->run()
CRITICAL - 2024-02-16 11:53:55 --> Undefined variable $result
in APPPATH\Views\sys\tender\viewmore.php on line 150.
 1 APPPATH\Views\sys\tender\viewmore.php(150): CodeIgniter\Debug\Exceptions->errorHandler(2, 'Undefined variable $result', 'C:\\xampp\\htdocs\\IPMS\\app\\Views\\sys\\tender\\viewmore.php', 150)
 2 SYSTEMPATH\View\View.php(224): include('C:\\xampp\\htdocs\\IPMS\\app\\Views\\sys\\tender\\viewmore.php')
 3 SYSTEMPATH\View\View.php(227): CodeIgniter\View\View->CodeIgniter\View\{closure}()
 4 SYSTEMPATH\Common.php(1176): CodeIgniter\View\View->render('sys/tender/viewmore', [], true)
 5 APPPATH\Controllers\Tender.php(282): view('sys/tender/viewmore', [...])
 6 SYSTEMPATH\CodeIgniter.php(932): App\Controllers\Tender->viewmore('assets', 'img', 'messages-1.jpg')
 7 SYSTEMPATH\CodeIgniter.php(497): CodeIgniter\CodeIgniter->runController(Object(App\Controllers\Tender))
 8 SYSTEMPATH\CodeIgniter.php(366): CodeIgniter\CodeIgniter->handleRequest(null, Object(Config\Cache), false)
 9 FCPATH\index.php(67): CodeIgniter\CodeIgniter->run()
CRITICAL - 2024-02-16 11:54:58 --> Undefined variable $result
in APPPATH\Views\sys\tender\viewmore.php on line 150.
 1 APPPATH\Views\sys\tender\viewmore.php(150): CodeIgniter\Debug\Exceptions->errorHandler(2, 'Undefined variable $result', 'C:\\xampp\\htdocs\\IPMS\\app\\Views\\sys\\tender\\viewmore.php', 150)
 2 SYSTEMPATH\View\View.php(224): include('C:\\xampp\\htdocs\\IPMS\\app\\Views\\sys\\tender\\viewmore.php')
 3 SYSTEMPATH\View\View.php(227): CodeIgniter\View\View->CodeIgniter\View\{closure}()
 4 SYSTEMPATH\Common.php(1176): CodeIgniter\View\View->render('sys/tender/viewmore', [], true)
 5 APPPATH\Controllers\Tender.php(282): view('sys/tender/viewmore', [...])
 6 SYSTEMPATH\CodeIgniter.php(932): App\Controllers\Tender->viewmore('assets', 'img', 'messages-1.jpg')
 7 SYSTEMPATH\CodeIgniter.php(497): CodeIgniter\CodeIgniter->runController(Object(App\Controllers\Tender))
 8 SYSTEMPATH\CodeIgniter.php(366): CodeIgniter\CodeIgniter->handleRequest(null, Object(Config\Cache), false)
 9 FCPATH\index.php(67): CodeIgniter\CodeIgniter->run()
CRITICAL - 2024-02-16 11:55:09 --> Trying to access array offset on value of type null
in APPPATH\Views\sys\tender\createSpec.php on line 38.
 1 APPPATH\Views\sys\tender\createSpec.php(38): CodeIgniter\Debug\Exceptions->errorHandler(2, 'Trying to access array offset on value of type null', 'C:\\xampp\\htdocs\\IPMS\\app\\Views\\sys\\tender\\createSpec.php', 38)
 2 SYSTEMPATH\View\View.php(224): include('C:\\xampp\\htdocs\\IPMS\\app\\Views\\sys\\tender\\createSpec.php')
 3 SYSTEMPATH\View\View.php(227): CodeIgniter\View\View->CodeIgniter\View\{closure}()
 4 SYSTEMPATH\Common.php(1176): CodeIgniter\View\View->render('sys/tender/createSpec', [], true)
 5 APPPATH\Controllers\Tender.php(231): view('sys/tender/createSpec', [...])
 6 SYSTEMPATH\CodeIgniter.php(932): App\Controllers\Tender->createSpec('assets', 'img', 'messages-1.jpg')
 7 SYSTEMPATH\CodeIgniter.php(497): CodeIgniter\CodeIgniter->runController(Object(App\Controllers\Tender))
 8 SYSTEMPATH\CodeIgniter.php(366): CodeIgniter\CodeIgniter->handleRequest(null, Object(Config\Cache), false)
 9 FCPATH\index.php(67): CodeIgniter\CodeIgniter->run()
CRITICAL - 2024-02-16 11:56:41 --> Undefined variable $result
in APPPATH\Views\sys\tender\viewmore.php on line 150.
 1 APPPATH\Views\sys\tender\viewmore.php(150): CodeIgniter\Debug\Exceptions->errorHandler(2, 'Undefined variable $result', 'C:\\xampp\\htdocs\\IPMS\\app\\Views\\sys\\tender\\viewmore.php', 150)
 2 SYSTEMPATH\View\View.php(224): include('C:\\xampp\\htdocs\\IPMS\\app\\Views\\sys\\tender\\viewmore.php')
 3 SYSTEMPATH\View\View.php(227): CodeIgniter\View\View->CodeIgniter\View\{closure}()
 4 SYSTEMPATH\Common.php(1176): CodeIgniter\View\View->render('sys/tender/viewmore', [], true)
 5 APPPATH\Controllers\Tender.php(282): view('sys/tender/viewmore', [...])
 6 SYSTEMPATH\CodeIgniter.php(932): App\Controllers\Tender->viewmore('assets', 'img', 'messages-1.jpg')
 7 SYSTEMPATH\CodeIgniter.php(497): CodeIgniter\CodeIgniter->runController(Object(App\Controllers\Tender))
 8 SYSTEMPATH\CodeIgniter.php(366): CodeIgniter\CodeIgniter->handleRequest(null, Object(Config\Cache), false)
 9 FCPATH\index.php(67): CodeIgniter\CodeIgniter->run()
CRITICAL - 2024-02-16 12:32:38 --> Undefined variable $result
in APPPATH\Views\sys\tender\viewmore.php on line 150.
 1 APPPATH\Views\sys\tender\viewmore.php(150): CodeIgniter\Debug\Exceptions->errorHandler(2, 'Undefined variable $result', 'C:\\xampp\\htdocs\\IPMS\\app\\Views\\sys\\tender\\viewmore.php', 150)
 2 SYSTEMPATH\View\View.php(224): include('C:\\xampp\\htdocs\\IPMS\\app\\Views\\sys\\tender\\viewmore.php')
 3 SYSTEMPATH\View\View.php(227): CodeIgniter\View\View->CodeIgniter\View\{closure}()
 4 SYSTEMPATH\Common.php(1176): CodeIgniter\View\View->render('sys/tender/viewmore', [], true)
 5 APPPATH\Controllers\Tender.php(282): view('sys/tender/viewmore', [...])
 6 SYSTEMPATH\CodeIgniter.php(932): App\Controllers\Tender->viewmore('assets', 'img', 'messages-1.jpg')
 7 SYSTEMPATH\CodeIgniter.php(497): CodeIgniter\CodeIgniter->runController(Object(App\Controllers\Tender))
 8 SYSTEMPATH\CodeIgniter.php(366): CodeIgniter\CodeIgniter->handleRequest(null, Object(Config\Cache), false)
 9 FCPATH\index.php(67): CodeIgniter\CodeIgniter->run()
CRITICAL - 2024-02-16 16:21:59 --> Undefined variable $result
in APPPATH\Views\sys\tender\viewmore.php on line 150.
 1 APPPATH\Views\sys\tender\viewmore.php(150): CodeIgniter\Debug\Exceptions->errorHandler(2, 'Undefined variable $result', 'C:\\xampp\\htdocs\\IPMS\\app\\Views\\sys\\tender\\viewmore.php', 150)
 2 SYSTEMPATH\View\View.php(224): include('C:\\xampp\\htdocs\\IPMS\\app\\Views\\sys\\tender\\viewmore.php')
 3 SYSTEMPATH\View\View.php(227): CodeIgniter\View\View->CodeIgniter\View\{closure}()
 4 SYSTEMPATH\Common.php(1176): CodeIgniter\View\View->render('sys/tender/viewmore', [], true)
 5 APPPATH\Controllers\Tender.php(282): view('sys/tender/viewmore', [...])
 6 SYSTEMPATH\CodeIgniter.php(932): App\Controllers\Tender->viewmore('assets', 'img', 'messages-1.jpg')
 7 SYSTEMPATH\CodeIgniter.php(497): CodeIgniter\CodeIgniter->runController(Object(App\Controllers\Tender))
 8 SYSTEMPATH\CodeIgniter.php(366): CodeIgniter\CodeIgniter->handleRequest(null, Object(Config\Cache), false)
 9 FCPATH\index.php(67): CodeIgniter\CodeIgniter->run()
CRITICAL - 2024-02-16 16:27:57 --> Undefined variable $result
in APPPATH\Views\sys\tender\viewmore.php on line 150.
 1 APPPATH\Views\sys\tender\viewmore.php(150): CodeIgniter\Debug\Exceptions->errorHandler(2, 'Undefined variable $result', 'C:\\xampp\\htdocs\\IPMS\\app\\Views\\sys\\tender\\viewmore.php', 150)
 2 SYSTEMPATH\View\View.php(224): include('C:\\xampp\\htdocs\\IPMS\\app\\Views\\sys\\tender\\viewmore.php')
 3 SYSTEMPATH\View\View.php(227): CodeIgniter\View\View->CodeIgniter\View\{closure}()
 4 SYSTEMPATH\Common.php(1176): CodeIgniter\View\View->render('sys/tender/viewmore', [], true)
 5 APPPATH\Controllers\Tender.php(282): view('sys/tender/viewmore', [...])
 6 SYSTEMPATH\CodeIgniter.php(932): App\Controllers\Tender->viewmore('assets', 'img', 'messages-1.jpg')
 7 SYSTEMPATH\CodeIgniter.php(497): CodeIgniter\CodeIgniter->runController(Object(App\Controllers\Tender))
 8 SYSTEMPATH\CodeIgniter.php(366): CodeIgniter\CodeIgniter->handleRequest(null, Object(Config\Cache), false)
 9 FCPATH\index.php(67): CodeIgniter\CodeIgniter->run()
CRITICAL - 2024-02-16 16:28:02 --> Trying to access array offset on value of type null
in APPPATH\Views\sys\tender\createSpec.php on line 38.
 1 APPPATH\Views\sys\tender\createSpec.php(38): CodeIgniter\Debug\Exceptions->errorHandler(2, 'Trying to access array offset on value of type null', 'C:\\xampp\\htdocs\\IPMS\\app\\Views\\sys\\tender\\createSpec.php', 38)
 2 SYSTEMPATH\View\View.php(224): include('C:\\xampp\\htdocs\\IPMS\\app\\Views\\sys\\tender\\createSpec.php')
 3 SYSTEMPATH\View\View.php(227): CodeIgniter\View\View->CodeIgniter\View\{closure}()
 4 SYSTEMPATH\Common.php(1176): CodeIgniter\View\View->render('sys/tender/createSpec', [], true)
 5 APPPATH\Controllers\Tender.php(231): view('sys/tender/createSpec', [...])
 6 SYSTEMPATH\CodeIgniter.php(932): App\Controllers\Tender->createSpec('assets', 'img', 'messages-1.jpg')
 7 SYSTEMPATH\CodeIgniter.php(497): CodeIgniter\CodeIgniter->runController(Object(App\Controllers\Tender))
 8 SYSTEMPATH\CodeIgniter.php(366): CodeIgniter\CodeIgniter->handleRequest(null, Object(Config\Cache), false)
 9 FCPATH\index.php(67): CodeIgniter\CodeIgniter->run()
CRITICAL - 2024-02-16 16:33:40 --> Trying to access array offset on value of type null
in APPPATH\Views\sys\tender\createSpec.php on line 38.
 1 APPPATH\Views\sys\tender\createSpec.php(38): CodeIgniter\Debug\Exceptions->errorHandler(2, 'Trying to access array offset on value of type null', 'C:\\xampp\\htdocs\\IPMS\\app\\Views\\sys\\tender\\createSpec.php', 38)
 2 SYSTEMPATH\View\View.php(224): include('C:\\xampp\\htdocs\\IPMS\\app\\Views\\sys\\tender\\createSpec.php')
 3 SYSTEMPATH\View\View.php(227): CodeIgniter\View\View->CodeIgniter\View\{closure}()
 4 SYSTEMPATH\Common.php(1176): CodeIgniter\View\View->render('sys/tender/createSpec', [], true)
 5 APPPATH\Controllers\Tender.php(231): view('sys/tender/createSpec', [...])
 6 SYSTEMPATH\CodeIgniter.php(932): App\Controllers\Tender->createSpec('assets', 'img', 'messages-1.jpg')
 7 SYSTEMPATH\CodeIgniter.php(497): CodeIgniter\CodeIgniter->runController(Object(App\Controllers\Tender))
 8 SYSTEMPATH\CodeIgniter.php(366): CodeIgniter\CodeIgniter->handleRequest(null, Object(Config\Cache), false)
 9 FCPATH\index.php(67): CodeIgniter\CodeIgniter->run()
CRITICAL - 2024-02-16 16:38:00 --> Undefined array key "TItemid"
in APPPATH\Views\sys\tender\createSpec.php on line 124.
 1 APPPATH\Views\sys\tender\createSpec.php(124): CodeIgniter\Debug\Exceptions->errorHandler(2, 'Undefined array key "TItemid"', 'C:\\xampp\\htdocs\\IPMS\\app\\Views\\sys\\tender\\createSpec.php', 124)
 2 SYSTEMPATH\View\View.php(224): include('C:\\xampp\\htdocs\\IPMS\\app\\Views\\sys\\tender\\createSpec.php')
 3 SYSTEMPATH\View\View.php(227): CodeIgniter\View\View->CodeIgniter\View\{closure}()
 4 SYSTEMPATH\Common.php(1176): CodeIgniter\View\View->render('sys/tender/createSpec', [], true)
 5 APPPATH\Controllers\Tender.php(231): view('sys/tender/createSpec', [...])
 6 SYSTEMPATH\CodeIgniter.php(932): App\Controllers\Tender->createSpec()
 7 SYSTEMPATH\CodeIgniter.php(497): CodeIgniter\CodeIgniter->runController(Object(App\Controllers\Tender))
 8 SYSTEMPATH\CodeIgniter.php(366): CodeIgniter\CodeIgniter->handleRequest(null, Object(Config\Cache), false)
 9 FCPATH\index.php(67): CodeIgniter\CodeIgniter->run()
CRITICAL - 2024-02-16 16:42:37 --> Undefined variable $TTItem_details
in APPPATH\Views\sys\tender\createSpec.php on line 51.
 1 APPPATH\Views\sys\tender\createSpec.php(51): CodeIgniter\Debug\Exceptions->errorHandler(2, 'Undefined variable $TTItem_details', 'C:\\xampp\\htdocs\\IPMS\\app\\Views\\sys\\tender\\createSpec.php', 51)
 2 SYSTEMPATH\View\View.php(224): include('C:\\xampp\\htdocs\\IPMS\\app\\Views\\sys\\tender\\createSpec.php')
 3 SYSTEMPATH\View\View.php(227): CodeIgniter\View\View->CodeIgniter\View\{closure}()
 4 SYSTEMPATH\Common.php(1176): CodeIgniter\View\View->render('sys/tender/createSpec', [], true)
 5 APPPATH\Controllers\Tender.php(231): view('sys/tender/createSpec', [...])
 6 SYSTEMPATH\CodeIgniter.php(932): App\Controllers\Tender->createSpec()
 7 SYSTEMPATH\CodeIgniter.php(497): CodeIgniter\CodeIgniter->runController(Object(App\Controllers\Tender))
 8 SYSTEMPATH\CodeIgniter.php(366): CodeIgniter\CodeIgniter->handleRequest(null, Object(Config\Cache), false)
 9 FCPATH\index.php(67): CodeIgniter\CodeIgniter->run()
CRITICAL - 2024-02-16 16:44:44 --> Trying to access array offset on value of type null
in APPPATH\Views\sys\tender\createSpec.php on line 38.
 1 APPPATH\Views\sys\tender\createSpec.php(38): CodeIgniter\Debug\Exceptions->errorHandler(2, 'Trying to access array offset on value of type null', 'C:\\xampp\\htdocs\\IPMS\\app\\Views\\sys\\tender\\createSpec.php', 38)
 2 SYSTEMPATH\View\View.php(224): include('C:\\xampp\\htdocs\\IPMS\\app\\Views\\sys\\tender\\createSpec.php')
 3 SYSTEMPATH\View\View.php(227): CodeIgniter\View\View->CodeIgniter\View\{closure}()
 4 SYSTEMPATH\Common.php(1176): CodeIgniter\View\View->render('sys/tender/createSpec', [], true)
 5 APPPATH\Controllers\Tender.php(231): view('sys/tender/createSpec', [...])
 6 SYSTEMPATH\CodeIgniter.php(932): App\Controllers\Tender->createSpec('assets', 'img', 'messages-1.jpg')
 7 SYSTEMPATH\CodeIgniter.php(497): CodeIgniter\CodeIgniter->runController(Object(App\Controllers\Tender))
 8 SYSTEMPATH\CodeIgniter.php(366): CodeIgniter\CodeIgniter->handleRequest(null, Object(Config\Cache), false)
 9 FCPATH\index.php(67): CodeIgniter\CodeIgniter->run()
CRITICAL - 2024-02-16 16:46:32 --> Trying to access array offset on value of type null
in APPPATH\Views\sys\tender\createSpec.php on line 38.
 1 APPPATH\Views\sys\tender\createSpec.php(38): CodeIgniter\Debug\Exceptions->errorHandler(2, 'Trying to access array offset on value of type null', 'C:\\xampp\\htdocs\\IPMS\\app\\Views\\sys\\tender\\createSpec.php', 38)
 2 SYSTEMPATH\View\View.php(224): include('C:\\xampp\\htdocs\\IPMS\\app\\Views\\sys\\tender\\createSpec.php')
 3 SYSTEMPATH\View\View.php(227): CodeIgniter\View\View->CodeIgniter\View\{closure}()
 4 SYSTEMPATH\Common.php(1176): CodeIgniter\View\View->render('sys/tender/createSpec', [], true)
 5 APPPATH\Controllers\Tender.php(231): view('sys/tender/createSpec', [...])
 6 SYSTEMPATH\CodeIgniter.php(932): App\Controllers\Tender->createSpec('assets', 'img', 'messages-1.jpg')
 7 SYSTEMPATH\CodeIgniter.php(497): CodeIgniter\CodeIgniter->runController(Object(App\Controllers\Tender))
 8 SYSTEMPATH\CodeIgniter.php(366): CodeIgniter\CodeIgniter->handleRequest(null, Object(Config\Cache), false)
 9 FCPATH\index.php(67): CodeIgniter\CodeIgniter->run()
CRITICAL - 2024-02-16 16:46:36 --> Undefined variable $result
in APPPATH\Views\sys\tender\viewmore.php on line 150.
 1 APPPATH\Views\sys\tender\viewmore.php(150): CodeIgniter\Debug\Exceptions->errorHandler(2, 'Undefined variable $result', 'C:\\xampp\\htdocs\\IPMS\\app\\Views\\sys\\tender\\viewmore.php', 150)
 2 SYSTEMPATH\View\View.php(224): include('C:\\xampp\\htdocs\\IPMS\\app\\Views\\sys\\tender\\viewmore.php')
 3 SYSTEMPATH\View\View.php(227): CodeIgniter\View\View->CodeIgniter\View\{closure}()
 4 SYSTEMPATH\Common.php(1176): CodeIgniter\View\View->render('sys/tender/viewmore', [], true)
 5 APPPATH\Controllers\Tender.php(282): view('sys/tender/viewmore', [...])
 6 SYSTEMPATH\CodeIgniter.php(932): App\Controllers\Tender->viewmore('assets', 'img', 'messages-1.jpg')
 7 SYSTEMPATH\CodeIgniter.php(497): CodeIgniter\CodeIgniter->runController(Object(App\Controllers\Tender))
 8 SYSTEMPATH\CodeIgniter.php(366): CodeIgniter\CodeIgniter->handleRequest(null, Object(Config\Cache), false)
 9 FCPATH\index.php(67): CodeIgniter\CodeIgniter->run()
CRITICAL - 2024-02-16 16:46:49 --> Trying to access array offset on value of type null
in APPPATH\Views\sys\tender\createSpec.php on line 38.
 1 APPPATH\Views\sys\tender\createSpec.php(38): CodeIgniter\Debug\Exceptions->errorHandler(2, 'Trying to access array offset on value of type null', 'C:\\xampp\\htdocs\\IPMS\\app\\Views\\sys\\tender\\createSpec.php', 38)
 2 SYSTEMPATH\View\View.php(224): include('C:\\xampp\\htdocs\\IPMS\\app\\Views\\sys\\tender\\createSpec.php')
 3 SYSTEMPATH\View\View.php(227): CodeIgniter\View\View->CodeIgniter\View\{closure}()
 4 SYSTEMPATH\Common.php(1176): CodeIgniter\View\View->render('sys/tender/createSpec', [], true)
 5 APPPATH\Controllers\Tender.php(231): view('sys/tender/createSpec', [...])
 6 SYSTEMPATH\CodeIgniter.php(932): App\Controllers\Tender->createSpec('assets', 'img', 'messages-1.jpg')
 7 SYSTEMPATH\CodeIgniter.php(497): CodeIgniter\CodeIgniter->runController(Object(App\Controllers\Tender))
 8 SYSTEMPATH\CodeIgniter.php(366): CodeIgniter\CodeIgniter->handleRequest(null, Object(Config\Cache), false)
 9 FCPATH\index.php(67): CodeIgniter\CodeIgniter->run()
CRITICAL - 2024-02-16 16:52:14 --> Trying to access array offset on value of type null
in APPPATH\Views\sys\tender\createSpec.php on line 38.
 1 APPPATH\Views\sys\tender\createSpec.php(38): CodeIgniter\Debug\Exceptions->errorHandler(2, 'Trying to access array offset on value of type null', 'C:\\xampp\\htdocs\\IPMS\\app\\Views\\sys\\tender\\createSpec.php', 38)
 2 SYSTEMPATH\View\View.php(224): include('C:\\xampp\\htdocs\\IPMS\\app\\Views\\sys\\tender\\createSpec.php')
 3 SYSTEMPATH\View\View.php(227): CodeIgniter\View\View->CodeIgniter\View\{closure}()
 4 SYSTEMPATH\Common.php(1176): CodeIgniter\View\View->render('sys/tender/createSpec', [], true)
 5 APPPATH\Controllers\Tender.php(231): view('sys/tender/createSpec', [...])
 6 SYSTEMPATH\CodeIgniter.php(932): App\Controllers\Tender->createSpec('assets', 'img', 'messages-1.jpg')
 7 SYSTEMPATH\CodeIgniter.php(497): CodeIgniter\CodeIgniter->runController(Object(App\Controllers\Tender))
 8 SYSTEMPATH\CodeIgniter.php(366): CodeIgniter\CodeIgniter->handleRequest(null, Object(Config\Cache), false)
 9 FCPATH\index.php(67): CodeIgniter\CodeIgniter->run()
