CRITICAL - 2023-10-02 19:20:31 --> Class "App\Controllers\UsersModel" not found
in APPPATH\Controllers\Web.php on line 53.
 1 SYSTEMPATH\CodeIgniter.php(932): App\Controllers\Web->save_registeredSupplier()
 2 SYSTEMPATH\CodeIgniter.php(497): CodeIgniter\CodeIgniter->runController(Object(App\Controllers\Web))
 3 SYSTEMPATH\CodeIgniter.php(366): CodeIgniter\CodeIgniter->handleRequest(null, Object(Config\Cache), false)
 4 FCPATH\index.php(67): CodeIgniter\CodeIgniter->run()
CRITICAL - 2023-10-02 19:22:25 --> Undefined variable $user
in APPPATH\Controllers\Web.php on line 61.
 1 APPPATH\Controllers\Web.php(61): CodeIgniter\Debug\Exceptions->errorHandler(2, 'Undefined variable $user', 'C:\\xampp\\htdocs\\IPMS\\app\\Controllers\\Web.php', 61)
 2 SYSTEMPATH\CodeIgniter.php(932): App\Controllers\Web->save_registeredSupplier()
 3 SYSTEMPATH\CodeIgniter.php(497): CodeIgniter\CodeIgniter->runController(Object(App\Controllers\Web))
 4 SYSTEMPATH\CodeIgniter.php(366): CodeIgniter\CodeIgniter->handleRequest(null, Object(Config\Cache), false)
 5 FCPATH\index.php(67): CodeIgniter\CodeIgniter->run()
CRITICAL - 2023-10-02 19:24:05 --> Undefined variable $user
in APPPATH\Controllers\Web.php on line 61.
 1 APPPATH\Controllers\Web.php(61): CodeIgniter\Debug\Exceptions->errorHandler(2, 'Undefined variable $user', 'C:\\xampp\\htdocs\\IPMS\\app\\Controllers\\Web.php', 61)
 2 SYSTEMPATH\CodeIgniter.php(932): App\Controllers\Web->save_registeredSupplier()
 3 SYSTEMPATH\CodeIgniter.php(497): CodeIgniter\CodeIgniter->runController(Object(App\Controllers\Web))
 4 SYSTEMPATH\CodeIgniter.php(366): CodeIgniter\CodeIgniter->handleRequest(null, Object(Config\Cache), false)
 5 FCPATH\index.php(67): CodeIgniter\CodeIgniter->run()
CRITICAL - 2023-10-02 19:24:09 --> Undefined variable $user
in APPPATH\Controllers\Web.php on line 61.
 1 APPPATH\Controllers\Web.php(61): CodeIgniter\Debug\Exceptions->errorHandler(2, 'Undefined variable $user', 'C:\\xampp\\htdocs\\IPMS\\app\\Controllers\\Web.php', 61)
 2 SYSTEMPATH\CodeIgniter.php(932): App\Controllers\Web->save_registeredSupplier()
 3 SYSTEMPATH\CodeIgniter.php(497): CodeIgniter\CodeIgniter->runController(Object(App\Controllers\Web))
 4 SYSTEMPATH\CodeIgniter.php(366): CodeIgniter\CodeIgniter->handleRequest(null, Object(Config\Cache), false)
 5 FCPATH\index.php(67): CodeIgniter\CodeIgniter->run()
CRITICAL - 2023-10-02 19:25:32 --> Undefined variable $userid
in APPPATH\Controllers\Web.php on line 79.
 1 APPPATH\Controllers\Web.php(79): CodeIgniter\Debug\Exceptions->errorHandler(2, 'Undefined variable $userid', 'C:\\xampp\\htdocs\\IPMS\\app\\Controllers\\Web.php', 79)
 2 SYSTEMPATH\CodeIgniter.php(932): App\Controllers\Web->save_registeredSupplier()
 3 SYSTEMPATH\CodeIgniter.php(497): CodeIgniter\CodeIgniter->runController(Object(App\Controllers\Web))
 4 SYSTEMPATH\CodeIgniter.php(366): CodeIgniter\CodeIgniter->handleRequest(null, Object(Config\Cache), false)
 5 FCPATH\index.php(67): CodeIgniter\CodeIgniter->run()
ERROR - 2023-10-02 19:27:39 --> mysqli_sql_exception: Duplicate entry '0' for key 'PRIMARY' in C:\xampp\htdocs\IPMS\system\Database\MySQLi\Connection.php:295
Stack trace:
#0 C:\xampp\htdocs\IPMS\system\Database\MySQLi\Connection.php(295): mysqli->query('INSERT INTO `re...', 0)
#1 C:\xampp\htdocs\IPMS\system\Database\BaseConnection.php(692): CodeIgniter\Database\MySQLi\Connection->execute('INSERT INTO `re...')
#2 C:\xampp\htdocs\IPMS\system\Database\BaseConnection.php(606): CodeIgniter\Database\BaseConnection->simpleQuery('INSERT INTO `re...')
#3 C:\xampp\htdocs\IPMS\system\Database\BaseBuilder.php(2309): CodeIgniter\Database\BaseConnection->query('INSERT INTO `re...', Array, false)
#4 C:\xampp\htdocs\IPMS\system\Model.php(330): CodeIgniter\Database\BaseBuilder->insert()
#5 C:\xampp\htdocs\IPMS\system\BaseModel.php(782): CodeIgniter\Model->doInsert(Array)
#6 C:\xampp\htdocs\IPMS\system\Model.php(730): CodeIgniter\BaseModel->insert(Array, false)
#7 C:\xampp\htdocs\IPMS\system\BaseModel.php(692): CodeIgniter\Model->insert(Array, false)
#8 C:\xampp\htdocs\IPMS\app\Controllers\Web.php(64): CodeIgniter\BaseModel->save(Array)
#9 C:\xampp\htdocs\IPMS\system\CodeIgniter.php(932): App\Controllers\Web->save_registeredSupplier()
#10 C:\xampp\htdocs\IPMS\system\CodeIgniter.php(497): CodeIgniter\CodeIgniter->runController(Object(App\Controllers\Web))
#11 C:\xampp\htdocs\IPMS\system\CodeIgniter.php(366): CodeIgniter\CodeIgniter->handleRequest(NULL, Object(Config\Cache), false)
#12 C:\xampp\htdocs\IPMS\index.php(67): CodeIgniter\CodeIgniter->run()
#13 {main}
CRITICAL - 2023-10-02 19:27:39 --> Duplicate entry '0' for key 'PRIMARY'
in SYSTEMPATH\Database\MySQLi\Connection.php on line 295.
 1 SYSTEMPATH\Database\MySQLi\Connection.php(295): mysqli->query('INSERT INTO `regSuppliers` (`business_reg_no`, `business_name`, `business_owner_Fname`, `business_owner_Lname`, `street_line2`, `city`, `province`, `country`, `nic`, `prefix`, `phone`, `Email`, `website`) VALUES (\'S10458\', \'Randika Products\', \'dsfsdg\', \'gfgsfg\', \'Vitharandeniya\', \'1364\', \'Southern\', \'205\', \'898171116v\', \'94\', \'0715875726\', \'sandamalipathirana0@gmail.com\', \'https:/dsfgfsd.com\')', 0)
 2 SYSTEMPATH\Database\BaseConnection.php(692): CodeIgniter\Database\MySQLi\Connection->execute('INSERT INTO `regSuppliers` (`business_reg_no`, `business_name`, `business_owner_Fname`, `business_owner_Lname`, `street_line2`, `city`, `province`, `country`, `nic`, `prefix`, `phone`, `Email`, `website`) VALUES (\'S10458\', \'Randika Products\', \'dsfsdg\', \'gfgsfg\', \'Vitharandeniya\', \'1364\', \'Southern\', \'205\', \'898171116v\', \'94\', \'0715875726\', \'sandamalipathirana0@gmail.com\', \'https:/dsfgfsd.com\')')
 3 SYSTEMPATH\Database\BaseConnection.php(606): CodeIgniter\Database\BaseConnection->simpleQuery('INSERT INTO `regSuppliers` (`business_reg_no`, `business_name`, `business_owner_Fname`, `business_owner_Lname`, `street_line2`, `city`, `province`, `country`, `nic`, `prefix`, `phone`, `Email`, `website`) VALUES (\'S10458\', \'Randika Products\', \'dsfsdg\', \'gfgsfg\', \'Vitharandeniya\', \'1364\', \'Southern\', \'205\', \'898171116v\', \'94\', \'0715875726\', \'sandamalipathirana0@gmail.com\', \'https:/dsfgfsd.com\')')
 4 SYSTEMPATH\Database\BaseBuilder.php(2309): CodeIgniter\Database\BaseConnection->query('INSERT INTO `regSuppliers` (`business_reg_no`, `business_name`, `business_owner_Fname`, `business_owner_Lname`, `street_line2`, `city`, `province`, `country`, `nic`, `prefix`, `phone`, `Email`, `website`) VALUES (:business_reg_no:, :business_name:, :business_owner_Fname:, :business_owner_Lname:, :street_line2:, :city:, :province:, :country:, :nic:, :prefix:, :phone:, :Email:, :website:)', [...], false)
 5 SYSTEMPATH\Model.php(330): CodeIgniter\Database\BaseBuilder->insert()
 6 SYSTEMPATH\BaseModel.php(782): CodeIgniter\Model->doInsert([...])
 7 SYSTEMPATH\Model.php(730): CodeIgniter\BaseModel->insert([...], false)
 8 SYSTEMPATH\BaseModel.php(692): CodeIgniter\Model->insert([...], false)
 9 APPPATH\Controllers\Web.php(64): CodeIgniter\BaseModel->save([...])
10 SYSTEMPATH\CodeIgniter.php(932): App\Controllers\Web->save_registeredSupplier()
11 SYSTEMPATH\CodeIgniter.php(497): CodeIgniter\CodeIgniter->runController(Object(App\Controllers\Web))
12 SYSTEMPATH\CodeIgniter.php(366): CodeIgniter\CodeIgniter->handleRequest(null, Object(Config\Cache), false)
13 FCPATH\index.php(67): CodeIgniter\CodeIgniter->run()
ERROR - 2023-10-02 19:31:49 --> mysqli_sql_exception: Duplicate entry '0' for key 'PRIMARY' in C:\xampp\htdocs\IPMS\system\Database\MySQLi\Connection.php:295
Stack trace:
#0 C:\xampp\htdocs\IPMS\system\Database\MySQLi\Connection.php(295): mysqli->query('INSERT INTO `re...', 0)
#1 C:\xampp\htdocs\IPMS\system\Database\BaseConnection.php(692): CodeIgniter\Database\MySQLi\Connection->execute('INSERT INTO `re...')
#2 C:\xampp\htdocs\IPMS\system\Database\BaseConnection.php(606): CodeIgniter\Database\BaseConnection->simpleQuery('INSERT INTO `re...')
#3 C:\xampp\htdocs\IPMS\system\Database\BaseBuilder.php(2309): CodeIgniter\Database\BaseConnection->query('INSERT INTO `re...', Array, false)
#4 C:\xampp\htdocs\IPMS\system\Model.php(330): CodeIgniter\Database\BaseBuilder->insert()
#5 C:\xampp\htdocs\IPMS\system\BaseModel.php(782): CodeIgniter\Model->doInsert(Array)
#6 C:\xampp\htdocs\IPMS\system\Model.php(730): CodeIgniter\BaseModel->insert(Array, false)
#7 C:\xampp\htdocs\IPMS\system\BaseModel.php(692): CodeIgniter\Model->insert(Array, false)
#8 C:\xampp\htdocs\IPMS\app\Controllers\Web.php(64): CodeIgniter\BaseModel->save(Array)
#9 C:\xampp\htdocs\IPMS\system\CodeIgniter.php(932): App\Controllers\Web->save_registeredSupplier()
#10 C:\xampp\htdocs\IPMS\system\CodeIgniter.php(497): CodeIgniter\CodeIgniter->runController(Object(App\Controllers\Web))
#11 C:\xampp\htdocs\IPMS\system\CodeIgniter.php(366): CodeIgniter\CodeIgniter->handleRequest(NULL, Object(Config\Cache), false)
#12 C:\xampp\htdocs\IPMS\index.php(67): CodeIgniter\CodeIgniter->run()
#13 {main}
CRITICAL - 2023-10-02 19:31:49 --> Duplicate entry '0' for key 'PRIMARY'
in SYSTEMPATH\Database\MySQLi\Connection.php on line 295.
 1 SYSTEMPATH\Database\MySQLi\Connection.php(295): mysqli->query('INSERT INTO `regSuppliers` (`business_reg_no`, `business_name`, `business_owner_Fname`, `business_owner_Lname`, `street_line2`, `city`, `province`, `country`, `nic`, `prefix`, `phone`, `Email`, `website`) VALUES (\'S10458\', \'Randika Products\', \'dsfsdg\', \'gfgsfg\', \'Vitharandeniya\', \'1587\', \'Southern\', \'205\', \'898171116v\', \'94\', \'0715875726\', \'sandamalipathirana0@gmail.com\', \'https:/dsfgfsd.com\')', 0)
 2 SYSTEMPATH\Database\BaseConnection.php(692): CodeIgniter\Database\MySQLi\Connection->execute('INSERT INTO `regSuppliers` (`business_reg_no`, `business_name`, `business_owner_Fname`, `business_owner_Lname`, `street_line2`, `city`, `province`, `country`, `nic`, `prefix`, `phone`, `Email`, `website`) VALUES (\'S10458\', \'Randika Products\', \'dsfsdg\', \'gfgsfg\', \'Vitharandeniya\', \'1587\', \'Southern\', \'205\', \'898171116v\', \'94\', \'0715875726\', \'sandamalipathirana0@gmail.com\', \'https:/dsfgfsd.com\')')
 3 SYSTEMPATH\Database\BaseConnection.php(606): CodeIgniter\Database\BaseConnection->simpleQuery('INSERT INTO `regSuppliers` (`business_reg_no`, `business_name`, `business_owner_Fname`, `business_owner_Lname`, `street_line2`, `city`, `province`, `country`, `nic`, `prefix`, `phone`, `Email`, `website`) VALUES (\'S10458\', \'Randika Products\', \'dsfsdg\', \'gfgsfg\', \'Vitharandeniya\', \'1587\', \'Southern\', \'205\', \'898171116v\', \'94\', \'0715875726\', \'sandamalipathirana0@gmail.com\', \'https:/dsfgfsd.com\')')
 4 SYSTEMPATH\Database\BaseBuilder.php(2309): CodeIgniter\Database\BaseConnection->query('INSERT INTO `regSuppliers` (`business_reg_no`, `business_name`, `business_owner_Fname`, `business_owner_Lname`, `street_line2`, `city`, `province`, `country`, `nic`, `prefix`, `phone`, `Email`, `website`) VALUES (:business_reg_no:, :business_name:, :business_owner_Fname:, :business_owner_Lname:, :street_line2:, :city:, :province:, :country:, :nic:, :prefix:, :phone:, :Email:, :website:)', [...], false)
 5 SYSTEMPATH\Model.php(330): CodeIgniter\Database\BaseBuilder->insert()
 6 SYSTEMPATH\BaseModel.php(782): CodeIgniter\Model->doInsert([...])
 7 SYSTEMPATH\Model.php(730): CodeIgniter\BaseModel->insert([...], false)
 8 SYSTEMPATH\BaseModel.php(692): CodeIgniter\Model->insert([...], false)
 9 APPPATH\Controllers\Web.php(64): CodeIgniter\BaseModel->save([...])
10 SYSTEMPATH\CodeIgniter.php(932): App\Controllers\Web->save_registeredSupplier()
11 SYSTEMPATH\CodeIgniter.php(497): CodeIgniter\CodeIgniter->runController(Object(App\Controllers\Web))
12 SYSTEMPATH\CodeIgniter.php(366): CodeIgniter\CodeIgniter->handleRequest(null, Object(Config\Cache), false)
13 FCPATH\index.php(67): CodeIgniter\CodeIgniter->run()
ERROR - 2023-10-02 19:33:30 --> mysqli_sql_exception: Duplicate entry '0' for key 'PRIMARY' in C:\xampp\htdocs\IPMS\system\Database\MySQLi\Connection.php:295
Stack trace:
#0 C:\xampp\htdocs\IPMS\system\Database\MySQLi\Connection.php(295): mysqli->query('INSERT INTO `re...', 0)
#1 C:\xampp\htdocs\IPMS\system\Database\BaseConnection.php(692): CodeIgniter\Database\MySQLi\Connection->execute('INSERT INTO `re...')
#2 C:\xampp\htdocs\IPMS\system\Database\BaseConnection.php(606): CodeIgniter\Database\BaseConnection->simpleQuery('INSERT INTO `re...')
#3 C:\xampp\htdocs\IPMS\system\Database\BaseBuilder.php(2309): CodeIgniter\Database\BaseConnection->query('INSERT INTO `re...', Array, false)
#4 C:\xampp\htdocs\IPMS\system\Model.php(330): CodeIgniter\Database\BaseBuilder->insert()
#5 C:\xampp\htdocs\IPMS\system\BaseModel.php(782): CodeIgniter\Model->doInsert(Array)
#6 C:\xampp\htdocs\IPMS\system\Model.php(730): CodeIgniter\BaseModel->insert(Array, false)
#7 C:\xampp\htdocs\IPMS\system\BaseModel.php(692): CodeIgniter\Model->insert(Array, false)
#8 C:\xampp\htdocs\IPMS\app\Controllers\Web.php(64): CodeIgniter\BaseModel->save(Array)
#9 C:\xampp\htdocs\IPMS\system\CodeIgniter.php(932): App\Controllers\Web->save_registeredSupplier()
#10 C:\xampp\htdocs\IPMS\system\CodeIgniter.php(497): CodeIgniter\CodeIgniter->runController(Object(App\Controllers\Web))
#11 C:\xampp\htdocs\IPMS\system\CodeIgniter.php(366): CodeIgniter\CodeIgniter->handleRequest(NULL, Object(Config\Cache), false)
#12 C:\xampp\htdocs\IPMS\index.php(67): CodeIgniter\CodeIgniter->run()
#13 {main}
CRITICAL - 2023-10-02 19:33:30 --> Duplicate entry '0' for key 'PRIMARY'
in SYSTEMPATH\Database\MySQLi\Connection.php on line 295.
 1 SYSTEMPATH\Database\MySQLi\Connection.php(295): mysqli->query('INSERT INTO `regSuppliers` (`business_reg_no`, `business_name`, `business_owner_Fname`, `business_owner_Lname`, `street_line2`, `city`, `province`, `country`, `nic`, `prefix`, `phone`, `Email`, `website`) VALUES (\'S10458\', \'Randika Products\', \'dsfsdg\', \'gfgsfg\', \'Vitharandeniya\', \'1587\', \'Southern\', \'205\', \'898171116v\', \'94\', \'0715875726\', \'sandamalipathirana0@gmail.com\', \'https:/dsfgfsd.com\')', 0)
 2 SYSTEMPATH\Database\BaseConnection.php(692): CodeIgniter\Database\MySQLi\Connection->execute('INSERT INTO `regSuppliers` (`business_reg_no`, `business_name`, `business_owner_Fname`, `business_owner_Lname`, `street_line2`, `city`, `province`, `country`, `nic`, `prefix`, `phone`, `Email`, `website`) VALUES (\'S10458\', \'Randika Products\', \'dsfsdg\', \'gfgsfg\', \'Vitharandeniya\', \'1587\', \'Southern\', \'205\', \'898171116v\', \'94\', \'0715875726\', \'sandamalipathirana0@gmail.com\', \'https:/dsfgfsd.com\')')
 3 SYSTEMPATH\Database\BaseConnection.php(606): CodeIgniter\Database\BaseConnection->simpleQuery('INSERT INTO `regSuppliers` (`business_reg_no`, `business_name`, `business_owner_Fname`, `business_owner_Lname`, `street_line2`, `city`, `province`, `country`, `nic`, `prefix`, `phone`, `Email`, `website`) VALUES (\'S10458\', \'Randika Products\', \'dsfsdg\', \'gfgsfg\', \'Vitharandeniya\', \'1587\', \'Southern\', \'205\', \'898171116v\', \'94\', \'0715875726\', \'sandamalipathirana0@gmail.com\', \'https:/dsfgfsd.com\')')
 4 SYSTEMPATH\Database\BaseBuilder.php(2309): CodeIgniter\Database\BaseConnection->query('INSERT INTO `regSuppliers` (`business_reg_no`, `business_name`, `business_owner_Fname`, `business_owner_Lname`, `street_line2`, `city`, `province`, `country`, `nic`, `prefix`, `phone`, `Email`, `website`) VALUES (:business_reg_no:, :business_name:, :business_owner_Fname:, :business_owner_Lname:, :street_line2:, :city:, :province:, :country:, :nic:, :prefix:, :phone:, :Email:, :website:)', [...], false)
 5 SYSTEMPATH\Model.php(330): CodeIgniter\Database\BaseBuilder->insert()
 6 SYSTEMPATH\BaseModel.php(782): CodeIgniter\Model->doInsert([...])
 7 SYSTEMPATH\Model.php(730): CodeIgniter\BaseModel->insert([...], false)
 8 SYSTEMPATH\BaseModel.php(692): CodeIgniter\Model->insert([...], false)
 9 APPPATH\Controllers\Web.php(64): CodeIgniter\BaseModel->save([...])
10 SYSTEMPATH\CodeIgniter.php(932): App\Controllers\Web->save_registeredSupplier()
11 SYSTEMPATH\CodeIgniter.php(497): CodeIgniter\CodeIgniter->runController(Object(App\Controllers\Web))
12 SYSTEMPATH\CodeIgniter.php(366): CodeIgniter\CodeIgniter->handleRequest(null, Object(Config\Cache), false)
13 FCPATH\index.php(67): CodeIgniter\CodeIgniter->run()
ERROR - 2023-10-02 19:33:35 --> mysqli_sql_exception: Duplicate entry '0' for key 'PRIMARY' in C:\xampp\htdocs\IPMS\system\Database\MySQLi\Connection.php:295
Stack trace:
#0 C:\xampp\htdocs\IPMS\system\Database\MySQLi\Connection.php(295): mysqli->query('INSERT INTO `re...', 0)
#1 C:\xampp\htdocs\IPMS\system\Database\BaseConnection.php(692): CodeIgniter\Database\MySQLi\Connection->execute('INSERT INTO `re...')
#2 C:\xampp\htdocs\IPMS\system\Database\BaseConnection.php(606): CodeIgniter\Database\BaseConnection->simpleQuery('INSERT INTO `re...')
#3 C:\xampp\htdocs\IPMS\system\Database\BaseBuilder.php(2309): CodeIgniter\Database\BaseConnection->query('INSERT INTO `re...', Array, false)
#4 C:\xampp\htdocs\IPMS\system\Model.php(330): CodeIgniter\Database\BaseBuilder->insert()
#5 C:\xampp\htdocs\IPMS\system\BaseModel.php(782): CodeIgniter\Model->doInsert(Array)
#6 C:\xampp\htdocs\IPMS\system\Model.php(730): CodeIgniter\BaseModel->insert(Array, false)
#7 C:\xampp\htdocs\IPMS\system\BaseModel.php(692): CodeIgniter\Model->insert(Array, false)
#8 C:\xampp\htdocs\IPMS\app\Controllers\Web.php(64): CodeIgniter\BaseModel->save(Array)
#9 C:\xampp\htdocs\IPMS\system\CodeIgniter.php(932): App\Controllers\Web->save_registeredSupplier()
#10 C:\xampp\htdocs\IPMS\system\CodeIgniter.php(497): CodeIgniter\CodeIgniter->runController(Object(App\Controllers\Web))
#11 C:\xampp\htdocs\IPMS\system\CodeIgniter.php(366): CodeIgniter\CodeIgniter->handleRequest(NULL, Object(Config\Cache), false)
#12 C:\xampp\htdocs\IPMS\index.php(67): CodeIgniter\CodeIgniter->run()
#13 {main}
CRITICAL - 2023-10-02 19:33:35 --> Duplicate entry '0' for key 'PRIMARY'
in SYSTEMPATH\Database\MySQLi\Connection.php on line 295.
 1 SYSTEMPATH\Database\MySQLi\Connection.php(295): mysqli->query('INSERT INTO `regSuppliers` (`business_reg_no`, `business_name`, `business_owner_Fname`, `business_owner_Lname`, `street_line2`, `city`, `province`, `country`, `nic`, `prefix`, `phone`, `Email`, `website`) VALUES (\'S10458\', \'Randika Products\', \'dsfsdg\', \'gfgsfg\', \'Vitharandeniya\', \'1587\', \'Southern\', \'205\', \'898171116v\', \'94\', \'0715875726\', \'sandamalipathirana0@gmail.com\', \'https:/dsfgfsd.com\')', 0)
 2 SYSTEMPATH\Database\BaseConnection.php(692): CodeIgniter\Database\MySQLi\Connection->execute('INSERT INTO `regSuppliers` (`business_reg_no`, `business_name`, `business_owner_Fname`, `business_owner_Lname`, `street_line2`, `city`, `province`, `country`, `nic`, `prefix`, `phone`, `Email`, `website`) VALUES (\'S10458\', \'Randika Products\', \'dsfsdg\', \'gfgsfg\', \'Vitharandeniya\', \'1587\', \'Southern\', \'205\', \'898171116v\', \'94\', \'0715875726\', \'sandamalipathirana0@gmail.com\', \'https:/dsfgfsd.com\')')
 3 SYSTEMPATH\Database\BaseConnection.php(606): CodeIgniter\Database\BaseConnection->simpleQuery('INSERT INTO `regSuppliers` (`business_reg_no`, `business_name`, `business_owner_Fname`, `business_owner_Lname`, `street_line2`, `city`, `province`, `country`, `nic`, `prefix`, `phone`, `Email`, `website`) VALUES (\'S10458\', \'Randika Products\', \'dsfsdg\', \'gfgsfg\', \'Vitharandeniya\', \'1587\', \'Southern\', \'205\', \'898171116v\', \'94\', \'0715875726\', \'sandamalipathirana0@gmail.com\', \'https:/dsfgfsd.com\')')
 4 SYSTEMPATH\Database\BaseBuilder.php(2309): CodeIgniter\Database\BaseConnection->query('INSERT INTO `regSuppliers` (`business_reg_no`, `business_name`, `business_owner_Fname`, `business_owner_Lname`, `street_line2`, `city`, `province`, `country`, `nic`, `prefix`, `phone`, `Email`, `website`) VALUES (:business_reg_no:, :business_name:, :business_owner_Fname:, :business_owner_Lname:, :street_line2:, :city:, :province:, :country:, :nic:, :prefix:, :phone:, :Email:, :website:)', [...], false)
 5 SYSTEMPATH\Model.php(330): CodeIgniter\Database\BaseBuilder->insert()
 6 SYSTEMPATH\BaseModel.php(782): CodeIgniter\Model->doInsert([...])
 7 SYSTEMPATH\Model.php(730): CodeIgniter\BaseModel->insert([...], false)
 8 SYSTEMPATH\BaseModel.php(692): CodeIgniter\Model->insert([...], false)
 9 APPPATH\Controllers\Web.php(64): CodeIgniter\BaseModel->save([...])
10 SYSTEMPATH\CodeIgniter.php(932): App\Controllers\Web->save_registeredSupplier()
11 SYSTEMPATH\CodeIgniter.php(497): CodeIgniter\CodeIgniter->runController(Object(App\Controllers\Web))
12 SYSTEMPATH\CodeIgniter.php(366): CodeIgniter\CodeIgniter->handleRequest(null, Object(Config\Cache), false)
13 FCPATH\index.php(67): CodeIgniter\CodeIgniter->run()
