CRITICAL - 2024-05-02 13:46:58 --> Undefined variable $list
in APPPATH\Views\web\dashboard.php on line 182.
 1 APPPATH\Views\web\dashboard.php(182): CodeIgniter\Debug\Exceptions->errorHandler(2, 'Undefined variable $list', 'C:\\xampp\\htdocs\\IPMS\\app\\Views\\web\\dashboard.php', 182)
 2 SYSTEMPATH\View\View.php(224): include('C:\\xampp\\htdocs\\IPMS\\app\\Views\\web\\dashboard.php')
 3 SYSTEMPATH\View\View.php(227): CodeIgniter\View\View->CodeIgniter\View\{closure}()
 4 SYSTEMPATH\Common.php(1176): CodeIgniter\View\View->render('web/dashboard', [], true)
 5 APPPATH\Controllers\Web.php(184): view('web/dashboard')
 6 SYSTEMPATH\CodeIgniter.php(932): App\Controllers\Web->dashboard()
 7 SYSTEMPATH\CodeIgniter.php(497): CodeIgniter\CodeIgniter->runController(Object(App\Controllers\Web))
 8 SYSTEMPATH\CodeIgniter.php(366): CodeIgniter\CodeIgniter->handleRequest(null, Object(Config\Cache), false)
 9 FCPATH\index.php(67): CodeIgniter\CodeIgniter->run()
CRITICAL - 2024-05-02 13:49:34 --> Undefined variable $list
in APPPATH\Views\web\dashboard.php on line 182.
 1 APPPATH\Views\web\dashboard.php(182): CodeIgniter\Debug\Exceptions->errorHandler(2, 'Undefined variable $list', 'C:\\xampp\\htdocs\\IPMS\\app\\Views\\web\\dashboard.php', 182)
 2 SYSTEMPATH\View\View.php(224): include('C:\\xampp\\htdocs\\IPMS\\app\\Views\\web\\dashboard.php')
 3 SYSTEMPATH\View\View.php(227): CodeIgniter\View\View->CodeIgniter\View\{closure}()
 4 SYSTEMPATH\Common.php(1176): CodeIgniter\View\View->render('web/dashboard', [], true)
 5 APPPATH\Controllers\Web.php(184): view('web/dashboard')
 6 SYSTEMPATH\CodeIgniter.php(932): App\Controllers\Web->dashboard()
 7 SYSTEMPATH\CodeIgniter.php(497): CodeIgniter\CodeIgniter->runController(Object(App\Controllers\Web))
 8 SYSTEMPATH\CodeIgniter.php(366): CodeIgniter\CodeIgniter->handleRequest(null, Object(Config\Cache), false)
 9 FCPATH\index.php(67): CodeIgniter\CodeIgniter->run()
CRITICAL - 2024-05-02 13:49:36 --> Undefined variable $list
in APPPATH\Views\web\dashboard.php on line 182.
 1 APPPATH\Views\web\dashboard.php(182): CodeIgniter\Debug\Exceptions->errorHandler(2, 'Undefined variable $list', 'C:\\xampp\\htdocs\\IPMS\\app\\Views\\web\\dashboard.php', 182)
 2 SYSTEMPATH\View\View.php(224): include('C:\\xampp\\htdocs\\IPMS\\app\\Views\\web\\dashboard.php')
 3 SYSTEMPATH\View\View.php(227): CodeIgniter\View\View->CodeIgniter\View\{closure}()
 4 SYSTEMPATH\Common.php(1176): CodeIgniter\View\View->render('web/dashboard', [], true)
 5 APPPATH\Controllers\Web.php(184): view('web/dashboard')
 6 SYSTEMPATH\CodeIgniter.php(932): App\Controllers\Web->dashboard()
 7 SYSTEMPATH\CodeIgniter.php(497): CodeIgniter\CodeIgniter->runController(Object(App\Controllers\Web))
 8 SYSTEMPATH\CodeIgniter.php(366): CodeIgniter\CodeIgniter->handleRequest(null, Object(Config\Cache), false)
 9 FCPATH\index.php(67): CodeIgniter\CodeIgniter->run()
CRITICAL - 2024-05-02 14:13:10 --> Undefined variable $list
in APPPATH\Views\web\dashboard.php on line 186.
 1 APPPATH\Views\web\dashboard.php(186): CodeIgniter\Debug\Exceptions->errorHandler(2, 'Undefined variable $list', 'C:\\xampp\\htdocs\\IPMS\\app\\Views\\web\\dashboard.php', 186)
 2 SYSTEMPATH\View\View.php(224): include('C:\\xampp\\htdocs\\IPMS\\app\\Views\\web\\dashboard.php')
 3 SYSTEMPATH\View\View.php(227): CodeIgniter\View\View->CodeIgniter\View\{closure}()
 4 SYSTEMPATH\Common.php(1176): CodeIgniter\View\View->render('web/dashboard', [], true)
 5 APPPATH\Controllers\Web.php(184): view('web/dashboard')
 6 SYSTEMPATH\CodeIgniter.php(932): App\Controllers\Web->dashboard()
 7 SYSTEMPATH\CodeIgniter.php(497): CodeIgniter\CodeIgniter->runController(Object(App\Controllers\Web))
 8 SYSTEMPATH\CodeIgniter.php(366): CodeIgniter\CodeIgniter->handleRequest(null, Object(Config\Cache), false)
 9 FCPATH\index.php(67): CodeIgniter\CodeIgniter->run()
CRITICAL - 2024-05-02 14:15:31 --> Undefined variable $list
in APPPATH\Views\web\dashboard.php on line 186.
 1 APPPATH\Views\web\dashboard.php(186): CodeIgniter\Debug\Exceptions->errorHandler(2, 'Undefined variable $list', 'C:\\xampp\\htdocs\\IPMS\\app\\Views\\web\\dashboard.php', 186)
 2 SYSTEMPATH\View\View.php(224): include('C:\\xampp\\htdocs\\IPMS\\app\\Views\\web\\dashboard.php')
 3 SYSTEMPATH\View\View.php(227): CodeIgniter\View\View->CodeIgniter\View\{closure}()
 4 SYSTEMPATH\Common.php(1176): CodeIgniter\View\View->render('web/dashboard', [], true)
 5 APPPATH\Controllers\Web.php(191): view('web/dashboard')
 6 SYSTEMPATH\CodeIgniter.php(932): App\Controllers\Web->dashboard()
 7 SYSTEMPATH\CodeIgniter.php(497): CodeIgniter\CodeIgniter->runController(Object(App\Controllers\Web))
 8 SYSTEMPATH\CodeIgniter.php(366): CodeIgniter\CodeIgniter->handleRequest(null, Object(Config\Cache), false)
 9 FCPATH\index.php(67): CodeIgniter\CodeIgniter->run()
CRITICAL - 2024-05-02 14:16:10 --> Undefined variable $list
in APPPATH\Views\web\dashboard.php on line 186.
 1 APPPATH\Views\web\dashboard.php(186): CodeIgniter\Debug\Exceptions->errorHandler(2, 'Undefined variable $list', 'C:\\xampp\\htdocs\\IPMS\\app\\Views\\web\\dashboard.php', 186)
 2 SYSTEMPATH\View\View.php(224): include('C:\\xampp\\htdocs\\IPMS\\app\\Views\\web\\dashboard.php')
 3 SYSTEMPATH\View\View.php(227): CodeIgniter\View\View->CodeIgniter\View\{closure}()
 4 SYSTEMPATH\Common.php(1176): CodeIgniter\View\View->render('web/dashboard', [], true)
 5 APPPATH\Controllers\Web.php(186): view('web/dashboard')
 6 SYSTEMPATH\CodeIgniter.php(932): App\Controllers\Web->dashboard()
 7 SYSTEMPATH\CodeIgniter.php(497): CodeIgniter\CodeIgniter->runController(Object(App\Controllers\Web))
 8 SYSTEMPATH\CodeIgniter.php(366): CodeIgniter\CodeIgniter->handleRequest(null, Object(Config\Cache), false)
 9 FCPATH\index.php(67): CodeIgniter\CodeIgniter->run()
CRITICAL - 2024-05-02 14:16:11 --> Undefined variable $list
in APPPATH\Views\web\dashboard.php on line 186.
 1 APPPATH\Views\web\dashboard.php(186): CodeIgniter\Debug\Exceptions->errorHandler(2, 'Undefined variable $list', 'C:\\xampp\\htdocs\\IPMS\\app\\Views\\web\\dashboard.php', 186)
 2 SYSTEMPATH\View\View.php(224): include('C:\\xampp\\htdocs\\IPMS\\app\\Views\\web\\dashboard.php')
 3 SYSTEMPATH\View\View.php(227): CodeIgniter\View\View->CodeIgniter\View\{closure}()
 4 SYSTEMPATH\Common.php(1176): CodeIgniter\View\View->render('web/dashboard', [], true)
 5 APPPATH\Controllers\Web.php(186): view('web/dashboard')
 6 SYSTEMPATH\CodeIgniter.php(932): App\Controllers\Web->dashboard()
 7 SYSTEMPATH\CodeIgniter.php(497): CodeIgniter\CodeIgniter->runController(Object(App\Controllers\Web))
 8 SYSTEMPATH\CodeIgniter.php(366): CodeIgniter\CodeIgniter->handleRequest(null, Object(Config\Cache), false)
 9 FCPATH\index.php(67): CodeIgniter\CodeIgniter->run()
CRITICAL - 2024-05-02 14:16:22 --> Undefined variable $list
in APPPATH\Views\web\dashboard.php on line 186.
 1 APPPATH\Views\web\dashboard.php(186): CodeIgniter\Debug\Exceptions->errorHandler(2, 'Undefined variable $list', 'C:\\xampp\\htdocs\\IPMS\\app\\Views\\web\\dashboard.php', 186)
 2 SYSTEMPATH\View\View.php(224): include('C:\\xampp\\htdocs\\IPMS\\app\\Views\\web\\dashboard.php')
 3 SYSTEMPATH\View\View.php(227): CodeIgniter\View\View->CodeIgniter\View\{closure}()
 4 SYSTEMPATH\Common.php(1176): CodeIgniter\View\View->render('web/dashboard', [], true)
 5 APPPATH\Controllers\Web.php(186): view('web/dashboard')
 6 SYSTEMPATH\CodeIgniter.php(932): App\Controllers\Web->dashboard()
 7 SYSTEMPATH\CodeIgniter.php(497): CodeIgniter\CodeIgniter->runController(Object(App\Controllers\Web))
 8 SYSTEMPATH\CodeIgniter.php(366): CodeIgniter\CodeIgniter->handleRequest(null, Object(Config\Cache), false)
 9 FCPATH\index.php(67): CodeIgniter\CodeIgniter->run()
CRITICAL - 2024-05-02 14:43:45 --> Undefined variable $nonregSuppliers
in APPPATH\Views\web\dashboard.php on line 431.
 1 APPPATH\Views\web\dashboard.php(431): CodeIgniter\Debug\Exceptions->errorHandler(2, 'Undefined variable $nonregSuppliers', 'C:\\xampp\\htdocs\\IPMS\\app\\Views\\web\\dashboard.php', 431)
 2 SYSTEMPATH\View\View.php(224): include('C:\\xampp\\htdocs\\IPMS\\app\\Views\\web\\dashboard.php')
 3 SYSTEMPATH\View\View.php(227): CodeIgniter\View\View->CodeIgniter\View\{closure}()
 4 SYSTEMPATH\Common.php(1176): CodeIgniter\View\View->render('web/dashboard', [], true)
 5 APPPATH\Controllers\Web.php(184): view('web/dashboard')
 6 SYSTEMPATH\CodeIgniter.php(932): App\Controllers\Web->dashboard()
 7 SYSTEMPATH\CodeIgniter.php(497): CodeIgniter\CodeIgniter->runController(Object(App\Controllers\Web))
 8 SYSTEMPATH\CodeIgniter.php(366): CodeIgniter\CodeIgniter->handleRequest(null, Object(Config\Cache), false)
 9 FCPATH\index.php(67): CodeIgniter\CodeIgniter->run()
CRITICAL - 2024-05-02 14:45:06 --> Undefined variable $nonregSuppliers
in APPPATH\Views\web\dashboard.php on line 431.
 1 APPPATH\Views\web\dashboard.php(431): CodeIgniter\Debug\Exceptions->errorHandler(2, 'Undefined variable $nonregSuppliers', 'C:\\xampp\\htdocs\\IPMS\\app\\Views\\web\\dashboard.php', 431)
 2 SYSTEMPATH\View\View.php(224): include('C:\\xampp\\htdocs\\IPMS\\app\\Views\\web\\dashboard.php')
 3 SYSTEMPATH\View\View.php(227): CodeIgniter\View\View->CodeIgniter\View\{closure}()
 4 SYSTEMPATH\Common.php(1176): CodeIgniter\View\View->render('web/dashboard', [], true)
 5 APPPATH\Controllers\Web.php(184): view('web/dashboard')
 6 SYSTEMPATH\CodeIgniter.php(932): App\Controllers\Web->dashboard()
 7 SYSTEMPATH\CodeIgniter.php(497): CodeIgniter\CodeIgniter->runController(Object(App\Controllers\Web))
 8 SYSTEMPATH\CodeIgniter.php(366): CodeIgniter\CodeIgniter->handleRequest(null, Object(Config\Cache), false)
 9 FCPATH\index.php(67): CodeIgniter\CodeIgniter->run()
CRITICAL - 2024-05-02 14:45:08 --> Undefined variable $nonregSuppliers
in APPPATH\Views\web\dashboard.php on line 431.
 1 APPPATH\Views\web\dashboard.php(431): CodeIgniter\Debug\Exceptions->errorHandler(2, 'Undefined variable $nonregSuppliers', 'C:\\xampp\\htdocs\\IPMS\\app\\Views\\web\\dashboard.php', 431)
 2 SYSTEMPATH\View\View.php(224): include('C:\\xampp\\htdocs\\IPMS\\app\\Views\\web\\dashboard.php')
 3 SYSTEMPATH\View\View.php(227): CodeIgniter\View\View->CodeIgniter\View\{closure}()
 4 SYSTEMPATH\Common.php(1176): CodeIgniter\View\View->render('web/dashboard', [], true)
 5 APPPATH\Controllers\Web.php(184): view('web/dashboard')
 6 SYSTEMPATH\CodeIgniter.php(932): App\Controllers\Web->dashboard()
 7 SYSTEMPATH\CodeIgniter.php(497): CodeIgniter\CodeIgniter->runController(Object(App\Controllers\Web))
 8 SYSTEMPATH\CodeIgniter.php(366): CodeIgniter\CodeIgniter->handleRequest(null, Object(Config\Cache), false)
 9 FCPATH\index.php(67): CodeIgniter\CodeIgniter->run()
CRITICAL - 2024-05-02 14:45:29 --> Undefined variable $nonregSuppliers
in APPPATH\Views\web\dashboard.php on line 431.
 1 APPPATH\Views\web\dashboard.php(431): CodeIgniter\Debug\Exceptions->errorHandler(2, 'Undefined variable $nonregSuppliers', 'C:\\xampp\\htdocs\\IPMS\\app\\Views\\web\\dashboard.php', 431)
 2 SYSTEMPATH\View\View.php(224): include('C:\\xampp\\htdocs\\IPMS\\app\\Views\\web\\dashboard.php')
 3 SYSTEMPATH\View\View.php(227): CodeIgniter\View\View->CodeIgniter\View\{closure}()
 4 SYSTEMPATH\Common.php(1176): CodeIgniter\View\View->render('web/dashboard', [], true)
 5 APPPATH\Controllers\Web.php(213): view('web/dashboard')
 6 SYSTEMPATH\CodeIgniter.php(932): App\Controllers\Web->dashboard()
 7 SYSTEMPATH\CodeIgniter.php(497): CodeIgniter\CodeIgniter->runController(Object(App\Controllers\Web))
 8 SYSTEMPATH\CodeIgniter.php(366): CodeIgniter\CodeIgniter->handleRequest(null, Object(Config\Cache), false)
 9 FCPATH\index.php(67): CodeIgniter\CodeIgniter->run()
CRITICAL - 2024-05-02 14:45:31 --> Undefined variable $nonregSuppliers
in APPPATH\Views\web\dashboard.php on line 431.
 1 APPPATH\Views\web\dashboard.php(431): CodeIgniter\Debug\Exceptions->errorHandler(2, 'Undefined variable $nonregSuppliers', 'C:\\xampp\\htdocs\\IPMS\\app\\Views\\web\\dashboard.php', 431)
 2 SYSTEMPATH\View\View.php(224): include('C:\\xampp\\htdocs\\IPMS\\app\\Views\\web\\dashboard.php')
 3 SYSTEMPATH\View\View.php(227): CodeIgniter\View\View->CodeIgniter\View\{closure}()
 4 SYSTEMPATH\Common.php(1176): CodeIgniter\View\View->render('web/dashboard', [], true)
 5 APPPATH\Controllers\Web.php(213): view('web/dashboard')
 6 SYSTEMPATH\CodeIgniter.php(932): App\Controllers\Web->dashboard()
 7 SYSTEMPATH\CodeIgniter.php(497): CodeIgniter\CodeIgniter->runController(Object(App\Controllers\Web))
 8 SYSTEMPATH\CodeIgniter.php(366): CodeIgniter\CodeIgniter->handleRequest(null, Object(Config\Cache), false)
 9 FCPATH\index.php(67): CodeIgniter\CodeIgniter->run()
CRITICAL - 2024-05-02 14:46:27 --> Undefined variable $nonregSuppliers
in APPPATH\Views\web\dashboard.php on line 431.
 1 APPPATH\Views\web\dashboard.php(431): CodeIgniter\Debug\Exceptions->errorHandler(2, 'Undefined variable $nonregSuppliers', 'C:\\xampp\\htdocs\\IPMS\\app\\Views\\web\\dashboard.php', 431)
 2 SYSTEMPATH\View\View.php(224): include('C:\\xampp\\htdocs\\IPMS\\app\\Views\\web\\dashboard.php')
 3 SYSTEMPATH\View\View.php(227): CodeIgniter\View\View->CodeIgniter\View\{closure}()
 4 SYSTEMPATH\Common.php(1176): CodeIgniter\View\View->render('web/dashboard', [], true)
 5 APPPATH\Controllers\Web.php(212): view('web/dashboard')
 6 SYSTEMPATH\CodeIgniter.php(932): App\Controllers\Web->dashboard()
 7 SYSTEMPATH\CodeIgniter.php(497): CodeIgniter\CodeIgniter->runController(Object(App\Controllers\Web))
 8 SYSTEMPATH\CodeIgniter.php(366): CodeIgniter\CodeIgniter->handleRequest(null, Object(Config\Cache), false)
 9 FCPATH\index.php(67): CodeIgniter\CodeIgniter->run()
CRITICAL - 2024-05-02 14:51:56 --> Undefined variable $nonregSuppliers
in APPPATH\Views\web\dashboard.php on line 431.
 1 APPPATH\Views\web\dashboard.php(431): CodeIgniter\Debug\Exceptions->errorHandler(2, 'Undefined variable $nonregSuppliers', 'C:\\xampp\\htdocs\\IPMS\\app\\Views\\web\\dashboard.php', 431)
 2 SYSTEMPATH\View\View.php(224): include('C:\\xampp\\htdocs\\IPMS\\app\\Views\\web\\dashboard.php')
 3 SYSTEMPATH\View\View.php(227): CodeIgniter\View\View->CodeIgniter\View\{closure}()
 4 SYSTEMPATH\Common.php(1176): CodeIgniter\View\View->render('web/dashboard', [], true)
 5 APPPATH\Controllers\Web.php(212): view('web/dashboard')
 6 SYSTEMPATH\CodeIgniter.php(932): App\Controllers\Web->dashboard()
 7 SYSTEMPATH\CodeIgniter.php(497): CodeIgniter\CodeIgniter->runController(Object(App\Controllers\Web))
 8 SYSTEMPATH\CodeIgniter.php(366): CodeIgniter\CodeIgniter->handleRequest(null, Object(Config\Cache), false)
 9 FCPATH\index.php(67): CodeIgniter\CodeIgniter->run()
CRITICAL - 2024-05-02 14:52:59 --> Undefined variable $nonregSuppliers
in APPPATH\Views\web\dashboard.php on line 431.
 1 APPPATH\Views\web\dashboard.php(431): CodeIgniter\Debug\Exceptions->errorHandler(2, 'Undefined variable $nonregSuppliers', 'C:\\xampp\\htdocs\\IPMS\\app\\Views\\web\\dashboard.php', 431)
 2 SYSTEMPATH\View\View.php(224): include('C:\\xampp\\htdocs\\IPMS\\app\\Views\\web\\dashboard.php')
 3 SYSTEMPATH\View\View.php(227): CodeIgniter\View\View->CodeIgniter\View\{closure}()
 4 SYSTEMPATH\Common.php(1176): CodeIgniter\View\View->render('web/dashboard', [], true)
 5 APPPATH\Controllers\Web.php(212): view('web/dashboard')
 6 SYSTEMPATH\CodeIgniter.php(932): App\Controllers\Web->dashboard()
 7 SYSTEMPATH\CodeIgniter.php(497): CodeIgniter\CodeIgniter->runController(Object(App\Controllers\Web))
 8 SYSTEMPATH\CodeIgniter.php(366): CodeIgniter\CodeIgniter->handleRequest(null, Object(Config\Cache), false)
 9 FCPATH\index.php(67): CodeIgniter\CodeIgniter->run()
CRITICAL - 2024-05-02 14:53:33 --> Undefined variable $nonregSuppliers
in APPPATH\Views\web\dashboard.php on line 431.
 1 APPPATH\Views\web\dashboard.php(431): CodeIgniter\Debug\Exceptions->errorHandler(2, 'Undefined variable $nonregSuppliers', 'C:\\xampp\\htdocs\\IPMS\\app\\Views\\web\\dashboard.php', 431)
 2 SYSTEMPATH\View\View.php(224): include('C:\\xampp\\htdocs\\IPMS\\app\\Views\\web\\dashboard.php')
 3 SYSTEMPATH\View\View.php(227): CodeIgniter\View\View->CodeIgniter\View\{closure}()
 4 SYSTEMPATH\Common.php(1176): CodeIgniter\View\View->render('web/dashboard', [], true)
 5 APPPATH\Controllers\Web.php(214): view('web/dashboard')
 6 SYSTEMPATH\CodeIgniter.php(932): App\Controllers\Web->dashboard()
 7 SYSTEMPATH\CodeIgniter.php(497): CodeIgniter\CodeIgniter->runController(Object(App\Controllers\Web))
 8 SYSTEMPATH\CodeIgniter.php(366): CodeIgniter\CodeIgniter->handleRequest(null, Object(Config\Cache), false)
 9 FCPATH\index.php(67): CodeIgniter\CodeIgniter->run()
CRITICAL - 2024-05-02 14:53:35 --> Undefined variable $nonregSuppliers
in APPPATH\Views\web\dashboard.php on line 431.
 1 APPPATH\Views\web\dashboard.php(431): CodeIgniter\Debug\Exceptions->errorHandler(2, 'Undefined variable $nonregSuppliers', 'C:\\xampp\\htdocs\\IPMS\\app\\Views\\web\\dashboard.php', 431)
 2 SYSTEMPATH\View\View.php(224): include('C:\\xampp\\htdocs\\IPMS\\app\\Views\\web\\dashboard.php')
 3 SYSTEMPATH\View\View.php(227): CodeIgniter\View\View->CodeIgniter\View\{closure}()
 4 SYSTEMPATH\Common.php(1176): CodeIgniter\View\View->render('web/dashboard', [], true)
 5 APPPATH\Controllers\Web.php(214): view('web/dashboard')
 6 SYSTEMPATH\CodeIgniter.php(932): App\Controllers\Web->dashboard()
 7 SYSTEMPATH\CodeIgniter.php(497): CodeIgniter\CodeIgniter->runController(Object(App\Controllers\Web))
 8 SYSTEMPATH\CodeIgniter.php(366): CodeIgniter\CodeIgniter->handleRequest(null, Object(Config\Cache), false)
 9 FCPATH\index.php(67): CodeIgniter\CodeIgniter->run()
