CRITICAL - 2023-10-07 05:18:56 --> Call to undefined function form_open()
in APPPATH\Views\sys\login.php on line 53.
 1 SYSTEMPATH\View\View.php(224): include()
 2 SYSTEMPATH\View\View.php(227): CodeIgniter\View\View->CodeIgniter\View\{closure}()
 3 SYSTEMPATH\Common.php(1176): CodeIgniter\View\View->render('sys/login', [], true)
 4 APPPATH\Controllers\Sys.php(9): view('sys/login')
 5 SYSTEMPATH\CodeIgniter.php(932): App\Controllers\Sys->index()
 6 SYSTEMPATH\CodeIgniter.php(497): CodeIgniter\CodeIgniter->runController(Object(App\Controllers\Sys))
 7 SYSTEMPATH\CodeIgniter.php(366): CodeIgniter\CodeIgniter->handleRequest(null, Object(Config\Cache), false)
 8 FCPATH\index.php(67): CodeIgniter\CodeIgniter->run()
CRITICAL - 2023-10-07 05:19:03 --> Call to undefined function form_open()
in APPPATH\Views\sys\login.php on line 53.
 1 SYSTEMPATH\View\View.php(224): include()
 2 SYSTEMPATH\View\View.php(227): CodeIgniter\View\View->CodeIgniter\View\{closure}()
 3 SYSTEMPATH\Common.php(1176): CodeIgniter\View\View->render('sys/login', [], true)
 4 APPPATH\Controllers\Sys.php(9): view('sys/login')
 5 SYSTEMPATH\CodeIgniter.php(932): App\Controllers\Sys->index()
 6 SYSTEMPATH\CodeIgniter.php(497): CodeIgniter\CodeIgniter->runController(Object(App\Controllers\Sys))
 7 SYSTEMPATH\CodeIgniter.php(366): CodeIgniter\CodeIgniter->handleRequest(null, Object(Config\Cache), false)
 8 FCPATH\index.php(67): CodeIgniter\CodeIgniter->run()
CRITICAL - 2023-10-07 05:19:14 --> Call to undefined function form_open()
in APPPATH\Views\sys\login.php on line 53.
 1 SYSTEMPATH\View\View.php(224): include()
 2 SYSTEMPATH\View\View.php(227): CodeIgniter\View\View->CodeIgniter\View\{closure}()
 3 SYSTEMPATH\Common.php(1176): CodeIgniter\View\View->render('sys/login', [], true)
 4 APPPATH\Controllers\Sys.php(9): view('sys/login')
 5 SYSTEMPATH\CodeIgniter.php(932): App\Controllers\Sys->index()
 6 SYSTEMPATH\CodeIgniter.php(497): CodeIgniter\CodeIgniter->runController(Object(App\Controllers\Sys))
 7 SYSTEMPATH\CodeIgniter.php(366): CodeIgniter\CodeIgniter->handleRequest(null, Object(Config\Cache), false)
 8 FCPATH\index.php(67): CodeIgniter\CodeIgniter->run()
CRITICAL - 2023-10-07 05:19:32 --> Call to undefined function form_open()
in APPPATH\Views\sys\login.php on line 53.
 1 SYSTEMPATH\View\View.php(224): include()
 2 SYSTEMPATH\View\View.php(227): CodeIgniter\View\View->CodeIgniter\View\{closure}()
 3 SYSTEMPATH\Common.php(1176): CodeIgniter\View\View->render('sys/login', [], true)
 4 APPPATH\Controllers\Sys.php(9): view('sys/login')
 5 SYSTEMPATH\CodeIgniter.php(932): App\Controllers\Sys->index()
 6 SYSTEMPATH\CodeIgniter.php(497): CodeIgniter\CodeIgniter->runController(Object(App\Controllers\Sys))
 7 SYSTEMPATH\CodeIgniter.php(366): CodeIgniter\CodeIgniter->handleRequest(null, Object(Config\Cache), false)
 8 FCPATH\index.php(67): CodeIgniter\CodeIgniter->run()
CRITICAL - 2023-10-07 05:19:36 --> Call to undefined function form_open()
in APPPATH\Views\sys\login.php on line 53.
 1 SYSTEMPATH\View\View.php(224): include()
 2 SYSTEMPATH\View\View.php(227): CodeIgniter\View\View->CodeIgniter\View\{closure}()
 3 SYSTEMPATH\Common.php(1176): CodeIgniter\View\View->render('sys/login', [], true)
 4 APPPATH\Controllers\Sys.php(9): view('sys/login')
 5 SYSTEMPATH\CodeIgniter.php(932): App\Controllers\Sys->index()
 6 SYSTEMPATH\CodeIgniter.php(497): CodeIgniter\CodeIgniter->runController(Object(App\Controllers\Sys))
 7 SYSTEMPATH\CodeIgniter.php(366): CodeIgniter\CodeIgniter->handleRequest(null, Object(Config\Cache), false)
 8 FCPATH\index.php(67): CodeIgniter\CodeIgniter->run()
CRITICAL - 2023-10-07 05:20:46 --> Call to undefined function form_open()
in APPPATH\Views\sys\login.php on line 53.
 1 SYSTEMPATH\View\View.php(224): include()
 2 SYSTEMPATH\View\View.php(227): CodeIgniter\View\View->CodeIgniter\View\{closure}()
 3 SYSTEMPATH\Common.php(1176): CodeIgniter\View\View->render('sys/login', [], true)
 4 APPPATH\Controllers\Sys.php(9): view('sys/login')
 5 SYSTEMPATH\CodeIgniter.php(932): App\Controllers\Sys->index()
 6 SYSTEMPATH\CodeIgniter.php(497): CodeIgniter\CodeIgniter->runController(Object(App\Controllers\Sys))
 7 SYSTEMPATH\CodeIgniter.php(366): CodeIgniter\CodeIgniter->handleRequest(null, Object(Config\Cache), false)
 8 FCPATH\index.php(67): CodeIgniter\CodeIgniter->run()
CRITICAL - 2023-10-07 05:20:48 --> Call to undefined function form_open()
in APPPATH\Views\sys\login.php on line 53.
 1 SYSTEMPATH\View\View.php(224): include()
 2 SYSTEMPATH\View\View.php(227): CodeIgniter\View\View->CodeIgniter\View\{closure}()
 3 SYSTEMPATH\Common.php(1176): CodeIgniter\View\View->render('sys/login', [], true)
 4 APPPATH\Controllers\Sys.php(9): view('sys/login')
 5 SYSTEMPATH\CodeIgniter.php(932): App\Controllers\Sys->index()
 6 SYSTEMPATH\CodeIgniter.php(497): CodeIgniter\CodeIgniter->runController(Object(App\Controllers\Sys))
 7 SYSTEMPATH\CodeIgniter.php(366): CodeIgniter\CodeIgniter->handleRequest(null, Object(Config\Cache), false)
 8 FCPATH\index.php(67): CodeIgniter\CodeIgniter->run()
CRITICAL - 2023-10-07 07:06:47 --> Undefined variable $userId
in APPPATH\Controllers\Employee.php on line 55.
 1 APPPATH\Controllers\Employee.php(55): CodeIgniter\Debug\Exceptions->errorHandler(2, 'Undefined variable $userId', 'C:\\xampp\\htdocs\\IPMS\\app\\Controllers\\Employee.php', 55)
 2 SYSTEMPATH\CodeIgniter.php(932): App\Controllers\Employee->add()
 3 SYSTEMPATH\CodeIgniter.php(497): CodeIgniter\CodeIgniter->runController(Object(App\Controllers\Employee))
 4 SYSTEMPATH\CodeIgniter.php(366): CodeIgniter\CodeIgniter->handleRequest(null, Object(Config\Cache), false)
 5 FCPATH\index.php(67): CodeIgniter\CodeIgniter->run()
CRITICAL - 2023-10-07 07:12:01 --> Undefined variable $userId
in APPPATH\Controllers\Employee.php on line 55.
 1 APPPATH\Controllers\Employee.php(55): CodeIgniter\Debug\Exceptions->errorHandler(2, 'Undefined variable $userId', 'C:\\xampp\\htdocs\\IPMS\\app\\Controllers\\Employee.php', 55)
 2 SYSTEMPATH\CodeIgniter.php(932): App\Controllers\Employee->add()
 3 SYSTEMPATH\CodeIgniter.php(497): CodeIgniter\CodeIgniter->runController(Object(App\Controllers\Employee))
 4 SYSTEMPATH\CodeIgniter.php(366): CodeIgniter\CodeIgniter->handleRequest(null, Object(Config\Cache), false)
 5 FCPATH\index.php(67): CodeIgniter\CodeIgniter->run()
CRITICAL - 2023-10-07 07:12:43 --> Undefined variable $userId
in APPPATH\Controllers\Employee.php on line 56.
 1 APPPATH\Controllers\Employee.php(56): CodeIgniter\Debug\Exceptions->errorHandler(2, 'Undefined variable $userId', 'C:\\xampp\\htdocs\\IPMS\\app\\Controllers\\Employee.php', 56)
 2 SYSTEMPATH\CodeIgniter.php(932): App\Controllers\Employee->add()
 3 SYSTEMPATH\CodeIgniter.php(497): CodeIgniter\CodeIgniter->runController(Object(App\Controllers\Employee))
 4 SYSTEMPATH\CodeIgniter.php(366): CodeIgniter\CodeIgniter->handleRequest(null, Object(Config\Cache), false)
 5 FCPATH\index.php(67): CodeIgniter\CodeIgniter->run()
CRITICAL - 2023-10-07 07:13:24 --> Undefined variable $userId
in APPPATH\Controllers\Employee.php on line 56.
 1 APPPATH\Controllers\Employee.php(56): CodeIgniter\Debug\Exceptions->errorHandler(2, 'Undefined variable $userId', 'C:\\xampp\\htdocs\\IPMS\\app\\Controllers\\Employee.php', 56)
 2 SYSTEMPATH\CodeIgniter.php(932): App\Controllers\Employee->add()
 3 SYSTEMPATH\CodeIgniter.php(497): CodeIgniter\CodeIgniter->runController(Object(App\Controllers\Employee))
 4 SYSTEMPATH\CodeIgniter.php(366): CodeIgniter\CodeIgniter->handleRequest(null, Object(Config\Cache), false)
 5 FCPATH\index.php(67): CodeIgniter\CodeIgniter->run()
CRITICAL - 2023-10-07 07:17:12 --> Undefined variable $userId
in APPPATH\Controllers\Employee.php on line 56.
 1 APPPATH\Controllers\Employee.php(56): CodeIgniter\Debug\Exceptions->errorHandler(2, 'Undefined variable $userId', 'C:\\xampp\\htdocs\\IPMS\\app\\Controllers\\Employee.php', 56)
 2 SYSTEMPATH\CodeIgniter.php(932): App\Controllers\Employee->add()
 3 SYSTEMPATH\CodeIgniter.php(497): CodeIgniter\CodeIgniter->runController(Object(App\Controllers\Employee))
 4 SYSTEMPATH\CodeIgniter.php(366): CodeIgniter\CodeIgniter->handleRequest(null, Object(Config\Cache), false)
 5 FCPATH\index.php(67): CodeIgniter\CodeIgniter->run()
CRITICAL - 2023-10-07 07:23:35 --> Undefined variable $usersId
in APPPATH\Controllers\Employee.php on line 56.
 1 APPPATH\Controllers\Employee.php(56): CodeIgniter\Debug\Exceptions->errorHandler(2, 'Undefined variable $usersId', 'C:\\xampp\\htdocs\\IPMS\\app\\Controllers\\Employee.php', 56)
 2 SYSTEMPATH\CodeIgniter.php(932): App\Controllers\Employee->add()
 3 SYSTEMPATH\CodeIgniter.php(497): CodeIgniter\CodeIgniter->runController(Object(App\Controllers\Employee))
 4 SYSTEMPATH\CodeIgniter.php(366): CodeIgniter\CodeIgniter->handleRequest(null, Object(Config\Cache), false)
 5 FCPATH\index.php(67): CodeIgniter\CodeIgniter->run()
ERROR - 2023-10-07 07:51:35 --> mysqli_sql_exception: Unknown column 'UsersId' in 'field list' in C:\xampp\htdocs\IPMS\system\Database\MySQLi\Connection.php:295
Stack trace:
#0 C:\xampp\htdocs\IPMS\system\Database\MySQLi\Connection.php(295): mysqli->query('INSERT INTO `em...', 0)
#1 C:\xampp\htdocs\IPMS\system\Database\BaseConnection.php(692): CodeIgniter\Database\MySQLi\Connection->execute('INSERT INTO `em...')
#2 C:\xampp\htdocs\IPMS\system\Database\BaseConnection.php(606): CodeIgniter\Database\BaseConnection->simpleQuery('INSERT INTO `em...')
#3 C:\xampp\htdocs\IPMS\system\Database\BaseBuilder.php(2309): CodeIgniter\Database\BaseConnection->query('INSERT INTO `em...', Array, false)
#4 C:\xampp\htdocs\IPMS\system\Model.php(330): CodeIgniter\Database\BaseBuilder->insert()
#5 C:\xampp\htdocs\IPMS\system\BaseModel.php(782): CodeIgniter\Model->doInsert(Array)
#6 C:\xampp\htdocs\IPMS\system\Model.php(730): CodeIgniter\BaseModel->insert(Array, false)
#7 C:\xampp\htdocs\IPMS\system\BaseModel.php(692): CodeIgniter\Model->insert(Array, false)
#8 C:\xampp\htdocs\IPMS\app\Controllers\Employee.php(47): CodeIgniter\BaseModel->save(Array)
#9 C:\xampp\htdocs\IPMS\system\CodeIgniter.php(932): App\Controllers\Employee->add()
#10 C:\xampp\htdocs\IPMS\system\CodeIgniter.php(497): CodeIgniter\CodeIgniter->runController(Object(App\Controllers\Employee))
#11 C:\xampp\htdocs\IPMS\system\CodeIgniter.php(366): CodeIgniter\CodeIgniter->handleRequest(NULL, Object(Config\Cache), false)
#12 C:\xampp\htdocs\IPMS\index.php(67): CodeIgniter\CodeIgniter->run()
#13 {main}
CRITICAL - 2023-10-07 07:51:35 --> Unknown column 'UsersId' in 'field list'
in SYSTEMPATH\Database\MySQLi\Connection.php on line 295.
 1 SYSTEMPATH\Database\MySQLi\Connection.php(295): mysqli->query('INSERT INTO `employee` (`FirstName`, `LastName`, `Address`, `Email`, `TelNo`, `DOB`, `NIC`, `gender`, `Division`, `Designation`, `UsersId`) VALUES (\'Iresha\', \'Sandamali\', \'3A/3,Bedigama,Vitharandeniya\', \'sandamalipathirana0@gmail.com\', \'0715875726\', \'2023-10-25\', \'987453253v\', \'Male\', \'computer\', \'Procurement Chairman\', NULL)', 0)
 2 SYSTEMPATH\Database\BaseConnection.php(692): CodeIgniter\Database\MySQLi\Connection->execute('INSERT INTO `employee` (`FirstName`, `LastName`, `Address`, `Email`, `TelNo`, `DOB`, `NIC`, `gender`, `Division`, `Designation`, `UsersId`) VALUES (\'Iresha\', \'Sandamali\', \'3A/3,Bedigama,Vitharandeniya\', \'sandamalipathirana0@gmail.com\', \'0715875726\', \'2023-10-25\', \'987453253v\', \'Male\', \'computer\', \'Procurement Chairman\', NULL)')
 3 SYSTEMPATH\Database\BaseConnection.php(606): CodeIgniter\Database\BaseConnection->simpleQuery('INSERT INTO `employee` (`FirstName`, `LastName`, `Address`, `Email`, `TelNo`, `DOB`, `NIC`, `gender`, `Division`, `Designation`, `UsersId`) VALUES (\'Iresha\', \'Sandamali\', \'3A/3,Bedigama,Vitharandeniya\', \'sandamalipathirana0@gmail.com\', \'0715875726\', \'2023-10-25\', \'987453253v\', \'Male\', \'computer\', \'Procurement Chairman\', NULL)')
 4 SYSTEMPATH\Database\BaseBuilder.php(2309): CodeIgniter\Database\BaseConnection->query('INSERT INTO `employee` (`FirstName`, `LastName`, `Address`, `Email`, `TelNo`, `DOB`, `NIC`, `gender`, `Division`, `Designation`, `UsersId`) VALUES (:FirstName:, :LastName:, :Address:, :Email:, :TelNo:, :DOB:, :NIC:, :gender:, :Division:, :Designation:, :UsersId:)', [...], false)
 5 SYSTEMPATH\Model.php(330): CodeIgniter\Database\BaseBuilder->insert()
 6 SYSTEMPATH\BaseModel.php(782): CodeIgniter\Model->doInsert([...])
 7 SYSTEMPATH\Model.php(730): CodeIgniter\BaseModel->insert([...], false)
 8 SYSTEMPATH\BaseModel.php(692): CodeIgniter\Model->insert([...], false)
 9 APPPATH\Controllers\Employee.php(47): CodeIgniter\BaseModel->save([...])
10 SYSTEMPATH\CodeIgniter.php(932): App\Controllers\Employee->add()
11 SYSTEMPATH\CodeIgniter.php(497): CodeIgniter\CodeIgniter->runController(Object(App\Controllers\Employee))
12 SYSTEMPATH\CodeIgniter.php(366): CodeIgniter\CodeIgniter->handleRequest(null, Object(Config\Cache), false)
13 FCPATH\index.php(67): CodeIgniter\CodeIgniter->run()
CRITICAL - 2023-10-07 13:05:29 --> strpos(): Argument #3 ($offset) must be contained in argument #1 ($haystack)
in SYSTEMPATH\Validation\Validation.php on line 897.
 1 SYSTEMPATH\Validation\Validation.php(897): strpos('required|validateUser[username,pasword', '|', 39)
 2 SYSTEMPATH\Validation\Validation.php(540): CodeIgniter\Validation\Validation->splitRules([...])
 3 SYSTEMPATH\Controller.php(185): CodeIgniter\Validation\Validation->setRules([...], [...])
 4 SYSTEMPATH\Controller.php(139): CodeIgniter\Controller->setValidator([...], [...])
 5 APPPATH\Controllers\User.php(27): CodeIgniter\Controller->validate([...], [...])
 6 SYSTEMPATH\CodeIgniter.php(932): App\Controllers\User->login()
 7 SYSTEMPATH\CodeIgniter.php(497): CodeIgniter\CodeIgniter->runController(Object(App\Controllers\User))
 8 SYSTEMPATH\CodeIgniter.php(366): CodeIgniter\CodeIgniter->handleRequest(null, Object(Config\Cache), false)
 9 FCPATH\index.php(67): CodeIgniter\CodeIgniter->run()
CRITICAL - 2023-10-07 13:13:52 --> strpos(): Argument #3 ($offset) must be contained in argument #1 ($haystack)
in SYSTEMPATH\Validation\Validation.php on line 897.
 1 SYSTEMPATH\Validation\Validation.php(897): strpos('required|validateUser[username,pasword', '|', 39)
 2 SYSTEMPATH\Validation\Validation.php(540): CodeIgniter\Validation\Validation->splitRules([...])
 3 SYSTEMPATH\Controller.php(185): CodeIgniter\Validation\Validation->setRules([...], [...])
 4 SYSTEMPATH\Controller.php(139): CodeIgniter\Controller->setValidator([...], [...])
 5 APPPATH\Controllers\User.php(27): CodeIgniter\Controller->validate([...], [...])
 6 SYSTEMPATH\CodeIgniter.php(932): App\Controllers\User->login()
 7 SYSTEMPATH\CodeIgniter.php(497): CodeIgniter\CodeIgniter->runController(Object(App\Controllers\User))
 8 SYSTEMPATH\CodeIgniter.php(366): CodeIgniter\CodeIgniter->handleRequest(null, Object(Config\Cache), false)
 9 FCPATH\index.php(67): CodeIgniter\CodeIgniter->run()
CRITICAL - 2023-10-07 13:14:13 --> strpos(): Argument #3 ($offset) must be contained in argument #1 ($haystack)
in SYSTEMPATH\Validation\Validation.php on line 897.
 1 SYSTEMPATH\Validation\Validation.php(897): strpos('required|validateUser[username,pasword', '|', 39)
 2 SYSTEMPATH\Validation\Validation.php(540): CodeIgniter\Validation\Validation->splitRules([...])
 3 SYSTEMPATH\Controller.php(185): CodeIgniter\Validation\Validation->setRules([...], [...])
 4 SYSTEMPATH\Controller.php(139): CodeIgniter\Controller->setValidator([...], [...])
 5 APPPATH\Controllers\User.php(27): CodeIgniter\Controller->validate([...], [...])
 6 SYSTEMPATH\CodeIgniter.php(932): App\Controllers\User->login()
 7 SYSTEMPATH\CodeIgniter.php(497): CodeIgniter\CodeIgniter->runController(Object(App\Controllers\User))
 8 SYSTEMPATH\CodeIgniter.php(366): CodeIgniter\CodeIgniter->handleRequest(null, Object(Config\Cache), false)
 9 FCPATH\index.php(67): CodeIgniter\CodeIgniter->run()
CRITICAL - 2023-10-07 13:14:13 --> strpos(): Argument #3 ($offset) must be contained in argument #1 ($haystack)
in SYSTEMPATH\Validation\Validation.php on line 897.
 1 SYSTEMPATH\Validation\Validation.php(897): strpos('required|validateUser[username,pasword', '|', 39)
 2 SYSTEMPATH\Validation\Validation.php(540): CodeIgniter\Validation\Validation->splitRules([...])
 3 SYSTEMPATH\Controller.php(185): CodeIgniter\Validation\Validation->setRules([...], [...])
 4 SYSTEMPATH\Controller.php(139): CodeIgniter\Controller->setValidator([...], [...])
 5 APPPATH\Controllers\User.php(27): CodeIgniter\Controller->validate([...], [...])
 6 SYSTEMPATH\CodeIgniter.php(932): App\Controllers\User->login()
 7 SYSTEMPATH\CodeIgniter.php(497): CodeIgniter\CodeIgniter->runController(Object(App\Controllers\User))
 8 SYSTEMPATH\CodeIgniter.php(366): CodeIgniter\CodeIgniter->handleRequest(null, Object(Config\Cache), false)
 9 FCPATH\index.php(67): CodeIgniter\CodeIgniter->run()
ERROR - 2023-10-07 13:21:35 --> mysqli_sql_exception: You have an error in your SQL syntax; check the manual that corresponds to your MariaDB server version for the right syntax to use near ':0:
 LIMIT 1' at line 3 in C:\xampp\htdocs\IPMS\system\Database\MySQLi\Connection.php:295
Stack trace:
#0 C:\xampp\htdocs\IPMS\system\Database\MySQLi\Connection.php(295): mysqli->query('SELECT *\nFROM `...', 0)
#1 C:\xampp\htdocs\IPMS\system\Database\BaseConnection.php(692): CodeIgniter\Database\MySQLi\Connection->execute('SELECT *\nFROM `...')
#2 C:\xampp\htdocs\IPMS\system\Database\BaseConnection.php(606): CodeIgniter\Database\BaseConnection->simpleQuery('SELECT *\nFROM `...')
#3 C:\xampp\htdocs\IPMS\system\Database\BaseBuilder.php(1616): CodeIgniter\Database\BaseConnection->query('SELECT *\nFROM `...', Array, false)
#4 C:\xampp\htdocs\IPMS\system\Model.php(268): CodeIgniter\Database\BaseBuilder->get()
#5 C:\xampp\htdocs\IPMS\system\BaseModel.php(656): CodeIgniter\Model->doFirst()
#6 C:\xampp\htdocs\IPMS\app\validation\UserRules.php(10): CodeIgniter\BaseModel->first()
#7 C:\xampp\htdocs\IPMS\system\Validation\Validation.php(278): App\Validation\UserRules->validateUser('8981711165vA', 'username,passwo...', Array, NULL, 'password')
#8 C:\xampp\htdocs\IPMS\system\Validation\Validation.php(182): CodeIgniter\Validation\Validation->processRules('password', 'Password', '8981711165vA', Array, Array)
#9 C:\xampp\htdocs\IPMS\system\Controller.php(141): CodeIgniter\Validation\Validation->run()
#10 C:\xampp\htdocs\IPMS\app\Controllers\User.php(27): CodeIgniter\Controller->validate(Array, Array)
#11 C:\xampp\htdocs\IPMS\system\CodeIgniter.php(932): App\Controllers\User->login()
#12 C:\xampp\htdocs\IPMS\system\CodeIgniter.php(497): CodeIgniter\CodeIgniter->runController(Object(App\Controllers\User))
#13 C:\xampp\htdocs\IPMS\system\CodeIgniter.php(366): CodeIgniter\CodeIgniter->handleRequest(NULL, Object(Config\Cache), false)
#14 C:\xampp\htdocs\IPMS\index.php(67): CodeIgniter\CodeIgniter->run()
#15 {main}
ERROR - 2023-10-07 13:21:35 --> mysqli_sql_exception: You have an error in your SQL syntax; check the manual that corresponds to your MariaDB server version for the right syntax to use near ':0:
 LIMIT 1' at line 3 in C:\xampp\htdocs\IPMS\system\Database\MySQLi\Connection.php:295
Stack trace:
#0 C:\xampp\htdocs\IPMS\system\Database\MySQLi\Connection.php(295): mysqli->query('SELECT *\nFROM `...', 0)
#1 C:\xampp\htdocs\IPMS\system\Database\BaseConnection.php(692): CodeIgniter\Database\MySQLi\Connection->execute('SELECT *\nFROM `...')
#2 C:\xampp\htdocs\IPMS\system\Database\BaseConnection.php(606): CodeIgniter\Database\BaseConnection->simpleQuery('SELECT *\nFROM `...')
#3 C:\xampp\htdocs\IPMS\system\Database\BaseBuilder.php(1616): CodeIgniter\Database\BaseConnection->query('SELECT *\nFROM `...', Array, false)
#4 C:\xampp\htdocs\IPMS\system\Model.php(268): CodeIgniter\Database\BaseBuilder->get()
#5 C:\xampp\htdocs\IPMS\system\BaseModel.php(656): CodeIgniter\Model->doFirst()
#6 C:\xampp\htdocs\IPMS\app\validation\UserRules.php(10): CodeIgniter\BaseModel->first()
#7 C:\xampp\htdocs\IPMS\system\Validation\Validation.php(278): App\Validation\UserRules->validateUser('8981711165vA', 'username,passwo...', Array, NULL, 'password')
#8 C:\xampp\htdocs\IPMS\system\Validation\Validation.php(182): CodeIgniter\Validation\Validation->processRules('password', 'Password', '8981711165vA', Array, Array)
#9 C:\xampp\htdocs\IPMS\system\Controller.php(141): CodeIgniter\Validation\Validation->run()
#10 C:\xampp\htdocs\IPMS\app\Controllers\User.php(27): CodeIgniter\Controller->validate(Array, Array)
#11 C:\xampp\htdocs\IPMS\system\CodeIgniter.php(932): App\Controllers\User->login()
#12 C:\xampp\htdocs\IPMS\system\CodeIgniter.php(497): CodeIgniter\CodeIgniter->runController(Object(App\Controllers\User))
#13 C:\xampp\htdocs\IPMS\system\CodeIgniter.php(366): CodeIgniter\CodeIgniter->handleRequest(NULL, Object(Config\Cache), false)
#14 C:\xampp\htdocs\IPMS\index.php(67): CodeIgniter\CodeIgniter->run()
#15 {main}
CRITICAL - 2023-10-07 13:21:35 --> You have an error in your SQL syntax; check the manual that corresponds to your MariaDB server version for the right syntax to use near ':0:
 LIMIT 1' at line 3
in SYSTEMPATH\Database\MySQLi\Connection.php on line 295.
 1 SYSTEMPATH\Database\MySQLi\Connection.php(295): mysqli->query('SELECT *
FROM `User`
WHERE 0 = :0:
 LIMIT 1', 0)
 2 SYSTEMPATH\Database\BaseConnection.php(692): CodeIgniter\Database\MySQLi\Connection->execute('SELECT *
FROM `User`
WHERE 0 = :0:
 LIMIT 1')
 3 SYSTEMPATH\Database\BaseConnection.php(606): CodeIgniter\Database\BaseConnection->simpleQuery('SELECT *
FROM `User`
WHERE 0 = :0:
 LIMIT 1')
 4 SYSTEMPATH\Database\BaseBuilder.php(1616): CodeIgniter\Database\BaseConnection->query('SELECT *
FROM `User`
WHERE 0 = :0:
 LIMIT 1', [...], false)
 5 SYSTEMPATH\Model.php(268): CodeIgniter\Database\BaseBuilder->get()
 6 SYSTEMPATH\BaseModel.php(656): CodeIgniter\Model->doFirst()
 7 APPPATH\validation\UserRules.php(10): CodeIgniter\BaseModel->first()
 8 SYSTEMPATH\Validation\Validation.php(278): App\Validation\UserRules->validateUser('8981711165vA', 'username,password', [...], null, 'password')
 9 SYSTEMPATH\Validation\Validation.php(182): CodeIgniter\Validation\Validation->processRules('password', 'Password', '8981711165vA', [...], [...])
10 SYSTEMPATH\Controller.php(141): CodeIgniter\Validation\Validation->run()
11 APPPATH\Controllers\User.php(27): CodeIgniter\Controller->validate([...], [...])
12 SYSTEMPATH\CodeIgniter.php(932): App\Controllers\User->login()
13 SYSTEMPATH\CodeIgniter.php(497): CodeIgniter\CodeIgniter->runController(Object(App\Controllers\User))
14 SYSTEMPATH\CodeIgniter.php(366): CodeIgniter\CodeIgniter->handleRequest(null, Object(Config\Cache), false)
15 FCPATH\index.php(67): CodeIgniter\CodeIgniter->run()
CRITICAL - 2023-10-07 13:21:35 --> You have an error in your SQL syntax; check the manual that corresponds to your MariaDB server version for the right syntax to use near ':0:
 LIMIT 1' at line 3
in SYSTEMPATH\Database\MySQLi\Connection.php on line 295.
 1 SYSTEMPATH\Database\MySQLi\Connection.php(295): mysqli->query('SELECT *
FROM `User`
WHERE 0 = :0:
 LIMIT 1', 0)
 2 SYSTEMPATH\Database\BaseConnection.php(692): CodeIgniter\Database\MySQLi\Connection->execute('SELECT *
FROM `User`
WHERE 0 = :0:
 LIMIT 1')
 3 SYSTEMPATH\Database\BaseConnection.php(606): CodeIgniter\Database\BaseConnection->simpleQuery('SELECT *
FROM `User`
WHERE 0 = :0:
 LIMIT 1')
 4 SYSTEMPATH\Database\BaseBuilder.php(1616): CodeIgniter\Database\BaseConnection->query('SELECT *
FROM `User`
WHERE 0 = :0:
 LIMIT 1', [...], false)
 5 SYSTEMPATH\Model.php(268): CodeIgniter\Database\BaseBuilder->get()
 6 SYSTEMPATH\BaseModel.php(656): CodeIgniter\Model->doFirst()
 7 APPPATH\validation\UserRules.php(10): CodeIgniter\BaseModel->first()
 8 SYSTEMPATH\Validation\Validation.php(278): App\Validation\UserRules->validateUser('8981711165vA', 'username,password', [...], null, 'password')
 9 SYSTEMPATH\Validation\Validation.php(182): CodeIgniter\Validation\Validation->processRules('password', 'Password', '8981711165vA', [...], [...])
10 SYSTEMPATH\Controller.php(141): CodeIgniter\Validation\Validation->run()
11 APPPATH\Controllers\User.php(27): CodeIgniter\Controller->validate([...], [...])
12 SYSTEMPATH\CodeIgniter.php(932): App\Controllers\User->login()
13 SYSTEMPATH\CodeIgniter.php(497): CodeIgniter\CodeIgniter->runController(Object(App\Controllers\User))
14 SYSTEMPATH\CodeIgniter.php(366): CodeIgniter\CodeIgniter->handleRequest(null, Object(Config\Cache), false)
15 FCPATH\index.php(67): CodeIgniter\CodeIgniter->run()
ERROR - 2023-10-07 13:25:00 --> mysqli_sql_exception: You have an error in your SQL syntax; check the manual that corresponds to your MariaDB server version for the right syntax to use near ':0:
 LIMIT 1' at line 3 in C:\xampp\htdocs\IPMS\system\Database\MySQLi\Connection.php:295
Stack trace:
#0 C:\xampp\htdocs\IPMS\system\Database\MySQLi\Connection.php(295): mysqli->query('SELECT *\nFROM `...', 0)
#1 C:\xampp\htdocs\IPMS\system\Database\BaseConnection.php(692): CodeIgniter\Database\MySQLi\Connection->execute('SELECT *\nFROM `...')
#2 C:\xampp\htdocs\IPMS\system\Database\BaseConnection.php(606): CodeIgniter\Database\BaseConnection->simpleQuery('SELECT *\nFROM `...')
#3 C:\xampp\htdocs\IPMS\system\Database\BaseBuilder.php(1616): CodeIgniter\Database\BaseConnection->query('SELECT *\nFROM `...', Array, false)
#4 C:\xampp\htdocs\IPMS\system\Model.php(268): CodeIgniter\Database\BaseBuilder->get()
#5 C:\xampp\htdocs\IPMS\system\BaseModel.php(656): CodeIgniter\Model->doFirst()
#6 C:\xampp\htdocs\IPMS\app\validation\UserRules.php(10): CodeIgniter\BaseModel->first()
#7 C:\xampp\htdocs\IPMS\system\Validation\Validation.php(278): App\Validation\UserRules->validateUser('8981711165vA', 'username,passwo...', Array, NULL, 'password')
#8 C:\xampp\htdocs\IPMS\system\Validation\Validation.php(182): CodeIgniter\Validation\Validation->processRules('password', 'Password', '8981711165vA', Array, Array)
#9 C:\xampp\htdocs\IPMS\system\Controller.php(141): CodeIgniter\Validation\Validation->run()
#10 C:\xampp\htdocs\IPMS\app\Controllers\User.php(27): CodeIgniter\Controller->validate(Array, Array)
#11 C:\xampp\htdocs\IPMS\system\CodeIgniter.php(932): App\Controllers\User->login()
#12 C:\xampp\htdocs\IPMS\system\CodeIgniter.php(497): CodeIgniter\CodeIgniter->runController(Object(App\Controllers\User))
#13 C:\xampp\htdocs\IPMS\system\CodeIgniter.php(366): CodeIgniter\CodeIgniter->handleRequest(NULL, Object(Config\Cache), false)
#14 C:\xampp\htdocs\IPMS\index.php(67): CodeIgniter\CodeIgniter->run()
#15 {main}
CRITICAL - 2023-10-07 13:25:00 --> You have an error in your SQL syntax; check the manual that corresponds to your MariaDB server version for the right syntax to use near ':0:
 LIMIT 1' at line 3
in SYSTEMPATH\Database\MySQLi\Connection.php on line 295.
 1 SYSTEMPATH\Database\MySQLi\Connection.php(295): mysqli->query('SELECT *
FROM `User`
WHERE 0 = :0:
 LIMIT 1', 0)
 2 SYSTEMPATH\Database\BaseConnection.php(692): CodeIgniter\Database\MySQLi\Connection->execute('SELECT *
FROM `User`
WHERE 0 = :0:
 LIMIT 1')
 3 SYSTEMPATH\Database\BaseConnection.php(606): CodeIgniter\Database\BaseConnection->simpleQuery('SELECT *
FROM `User`
WHERE 0 = :0:
 LIMIT 1')
 4 SYSTEMPATH\Database\BaseBuilder.php(1616): CodeIgniter\Database\BaseConnection->query('SELECT *
FROM `User`
WHERE 0 = :0:
 LIMIT 1', [...], false)
 5 SYSTEMPATH\Model.php(268): CodeIgniter\Database\BaseBuilder->get()
 6 SYSTEMPATH\BaseModel.php(656): CodeIgniter\Model->doFirst()
 7 APPPATH\validation\UserRules.php(10): CodeIgniter\BaseModel->first()
 8 SYSTEMPATH\Validation\Validation.php(278): App\Validation\UserRules->validateUser('8981711165vA', 'username,password', [...], null, 'password')
 9 SYSTEMPATH\Validation\Validation.php(182): CodeIgniter\Validation\Validation->processRules('password', 'Password', '8981711165vA', [...], [...])
10 SYSTEMPATH\Controller.php(141): CodeIgniter\Validation\Validation->run()
11 APPPATH\Controllers\User.php(27): CodeIgniter\Controller->validate([...], [...])
12 SYSTEMPATH\CodeIgniter.php(932): App\Controllers\User->login()
13 SYSTEMPATH\CodeIgniter.php(497): CodeIgniter\CodeIgniter->runController(Object(App\Controllers\User))
14 SYSTEMPATH\CodeIgniter.php(366): CodeIgniter\CodeIgniter->handleRequest(null, Object(Config\Cache), false)
15 FCPATH\index.php(67): CodeIgniter\CodeIgniter->run()
ERROR - 2023-10-07 13:28:55 --> mysqli_sql_exception: You have an error in your SQL syntax; check the manual that corresponds to your MariaDB server version for the right syntax to use near ':0:
 LIMIT 1' at line 3 in C:\xampp\htdocs\IPMS\system\Database\MySQLi\Connection.php:295
Stack trace:
#0 C:\xampp\htdocs\IPMS\system\Database\MySQLi\Connection.php(295): mysqli->query('SELECT *\nFROM `...', 0)
#1 C:\xampp\htdocs\IPMS\system\Database\BaseConnection.php(692): CodeIgniter\Database\MySQLi\Connection->execute('SELECT *\nFROM `...')
#2 C:\xampp\htdocs\IPMS\system\Database\BaseConnection.php(606): CodeIgniter\Database\BaseConnection->simpleQuery('SELECT *\nFROM `...')
#3 C:\xampp\htdocs\IPMS\system\Database\BaseBuilder.php(1616): CodeIgniter\Database\BaseConnection->query('SELECT *\nFROM `...', Array, false)
#4 C:\xampp\htdocs\IPMS\system\Model.php(268): CodeIgniter\Database\BaseBuilder->get()
#5 C:\xampp\htdocs\IPMS\system\BaseModel.php(656): CodeIgniter\Model->doFirst()
#6 C:\xampp\htdocs\IPMS\app\validation\UserRules.php(10): CodeIgniter\BaseModel->first()
#7 C:\xampp\htdocs\IPMS\system\Validation\Validation.php(278): App\Validation\UserRules->validateUser('8981711165', 'username,passwo...', Array, NULL, 'password')
#8 C:\xampp\htdocs\IPMS\system\Validation\Validation.php(182): CodeIgniter\Validation\Validation->processRules('password', 'Password', '8981711165', Array, Array)
#9 C:\xampp\htdocs\IPMS\system\Controller.php(141): CodeIgniter\Validation\Validation->run()
#10 C:\xampp\htdocs\IPMS\app\Controllers\User.php(27): CodeIgniter\Controller->validate(Array, Array)
#11 C:\xampp\htdocs\IPMS\system\CodeIgniter.php(932): App\Controllers\User->login()
#12 C:\xampp\htdocs\IPMS\system\CodeIgniter.php(497): CodeIgniter\CodeIgniter->runController(Object(App\Controllers\User))
#13 C:\xampp\htdocs\IPMS\system\CodeIgniter.php(366): CodeIgniter\CodeIgniter->handleRequest(NULL, Object(Config\Cache), false)
#14 C:\xampp\htdocs\IPMS\index.php(67): CodeIgniter\CodeIgniter->run()
#15 {main}
CRITICAL - 2023-10-07 13:28:55 --> You have an error in your SQL syntax; check the manual that corresponds to your MariaDB server version for the right syntax to use near ':0:
 LIMIT 1' at line 3
in SYSTEMPATH\Database\MySQLi\Connection.php on line 295.
 1 SYSTEMPATH\Database\MySQLi\Connection.php(295): mysqli->query('SELECT *
FROM `User`
WHERE 0 = :0:
 LIMIT 1', 0)
 2 SYSTEMPATH\Database\BaseConnection.php(692): CodeIgniter\Database\MySQLi\Connection->execute('SELECT *
FROM `User`
WHERE 0 = :0:
 LIMIT 1')
 3 SYSTEMPATH\Database\BaseConnection.php(606): CodeIgniter\Database\BaseConnection->simpleQuery('SELECT *
FROM `User`
WHERE 0 = :0:
 LIMIT 1')
 4 SYSTEMPATH\Database\BaseBuilder.php(1616): CodeIgniter\Database\BaseConnection->query('SELECT *
FROM `User`
WHERE 0 = :0:
 LIMIT 1', [...], false)
 5 SYSTEMPATH\Model.php(268): CodeIgniter\Database\BaseBuilder->get()
 6 SYSTEMPATH\BaseModel.php(656): CodeIgniter\Model->doFirst()
 7 APPPATH\validation\UserRules.php(10): CodeIgniter\BaseModel->first()
 8 SYSTEMPATH\Validation\Validation.php(278): App\Validation\UserRules->validateUser('8981711165', 'username,password', [...], null, 'password')
 9 SYSTEMPATH\Validation\Validation.php(182): CodeIgniter\Validation\Validation->processRules('password', 'Password', '8981711165', [...], [...])
10 SYSTEMPATH\Controller.php(141): CodeIgniter\Validation\Validation->run()
11 APPPATH\Controllers\User.php(27): CodeIgniter\Controller->validate([...], [...])
12 SYSTEMPATH\CodeIgniter.php(932): App\Controllers\User->login()
13 SYSTEMPATH\CodeIgniter.php(497): CodeIgniter\CodeIgniter->runController(Object(App\Controllers\User))
14 SYSTEMPATH\CodeIgniter.php(366): CodeIgniter\CodeIgniter->handleRequest(null, Object(Config\Cache), false)
15 FCPATH\index.php(67): CodeIgniter\CodeIgniter->run()
ERROR - 2023-10-07 13:38:36 --> mysqli_sql_exception: You have an error in your SQL syntax; check the manual that corresponds to your MariaDB server version for the right syntax to use near ':0:
 LIMIT 1' at line 3 in C:\xampp\htdocs\IPMS\system\Database\MySQLi\Connection.php:295
Stack trace:
#0 C:\xampp\htdocs\IPMS\system\Database\MySQLi\Connection.php(295): mysqli->query('SELECT *\nFROM `...', 0)
#1 C:\xampp\htdocs\IPMS\system\Database\BaseConnection.php(692): CodeIgniter\Database\MySQLi\Connection->execute('SELECT *\nFROM `...')
#2 C:\xampp\htdocs\IPMS\system\Database\BaseConnection.php(606): CodeIgniter\Database\BaseConnection->simpleQuery('SELECT *\nFROM `...')
#3 C:\xampp\htdocs\IPMS\system\Database\BaseBuilder.php(1616): CodeIgniter\Database\BaseConnection->query('SELECT *\nFROM `...', Array, false)
#4 C:\xampp\htdocs\IPMS\system\Model.php(268): CodeIgniter\Database\BaseBuilder->get()
#5 C:\xampp\htdocs\IPMS\system\BaseModel.php(656): CodeIgniter\Model->doFirst()
#6 C:\xampp\htdocs\IPMS\app\validation\UserRules.php(10): CodeIgniter\BaseModel->first()
#7 C:\xampp\htdocs\IPMS\system\Validation\Validation.php(278): App\Validation\UserRules->validateUser('123456', 'username,passwo...', Array, NULL, 'password')
#8 C:\xampp\htdocs\IPMS\system\Validation\Validation.php(182): CodeIgniter\Validation\Validation->processRules('password', 'Password', '123456', Array, Array)
#9 C:\xampp\htdocs\IPMS\system\Controller.php(141): CodeIgniter\Validation\Validation->run()
#10 C:\xampp\htdocs\IPMS\app\Controllers\User.php(28): CodeIgniter\Controller->validate(Array, Array)
#11 C:\xampp\htdocs\IPMS\system\CodeIgniter.php(932): App\Controllers\User->login()
#12 C:\xampp\htdocs\IPMS\system\CodeIgniter.php(497): CodeIgniter\CodeIgniter->runController(Object(App\Controllers\User))
#13 C:\xampp\htdocs\IPMS\system\CodeIgniter.php(366): CodeIgniter\CodeIgniter->handleRequest(NULL, Object(Config\Cache), false)
#14 C:\xampp\htdocs\IPMS\index.php(67): CodeIgniter\CodeIgniter->run()
#15 {main}
CRITICAL - 2023-10-07 13:38:36 --> You have an error in your SQL syntax; check the manual that corresponds to your MariaDB server version for the right syntax to use near ':0:
 LIMIT 1' at line 3
in SYSTEMPATH\Database\MySQLi\Connection.php on line 295.
 1 SYSTEMPATH\Database\MySQLi\Connection.php(295): mysqli->query('SELECT *
FROM `User`
WHERE 0 = :0:
 LIMIT 1', 0)
 2 SYSTEMPATH\Database\BaseConnection.php(692): CodeIgniter\Database\MySQLi\Connection->execute('SELECT *
FROM `User`
WHERE 0 = :0:
 LIMIT 1')
 3 SYSTEMPATH\Database\BaseConnection.php(606): CodeIgniter\Database\BaseConnection->simpleQuery('SELECT *
FROM `User`
WHERE 0 = :0:
 LIMIT 1')
 4 SYSTEMPATH\Database\BaseBuilder.php(1616): CodeIgniter\Database\BaseConnection->query('SELECT *
FROM `User`
WHERE 0 = :0:
 LIMIT 1', [...], false)
 5 SYSTEMPATH\Model.php(268): CodeIgniter\Database\BaseBuilder->get()
 6 SYSTEMPATH\BaseModel.php(656): CodeIgniter\Model->doFirst()
 7 APPPATH\validation\UserRules.php(10): CodeIgniter\BaseModel->first()
 8 SYSTEMPATH\Validation\Validation.php(278): App\Validation\UserRules->validateUser('123456', 'username,password', [...], null, 'password')
 9 SYSTEMPATH\Validation\Validation.php(182): CodeIgniter\Validation\Validation->processRules('password', 'Password', '123456', [...], [...])
10 SYSTEMPATH\Controller.php(141): CodeIgniter\Validation\Validation->run()
11 APPPATH\Controllers\User.php(28): CodeIgniter\Controller->validate([...], [...])
12 SYSTEMPATH\CodeIgniter.php(932): App\Controllers\User->login()
13 SYSTEMPATH\CodeIgniter.php(497): CodeIgniter\CodeIgniter->runController(Object(App\Controllers\User))
14 SYSTEMPATH\CodeIgniter.php(366): CodeIgniter\CodeIgniter->handleRequest(null, Object(Config\Cache), false)
15 FCPATH\index.php(67): CodeIgniter\CodeIgniter->run()
ERROR - 2023-10-07 14:02:22 --> mysqli_sql_exception: You have an error in your SQL syntax; check the manual that corresponds to your MariaDB server version for the right syntax to use near ':0:
AND 1 = :1:
 LIMIT 1' at line 3 in C:\xampp\htdocs\IPMS\system\Database\MySQLi\Connection.php:295
Stack trace:
#0 C:\xampp\htdocs\IPMS\system\Database\MySQLi\Connection.php(295): mysqli->query('SELECT *\nFROM `...', 0)
#1 C:\xampp\htdocs\IPMS\system\Database\BaseConnection.php(692): CodeIgniter\Database\MySQLi\Connection->execute('SELECT *\nFROM `...')
#2 C:\xampp\htdocs\IPMS\system\Database\BaseConnection.php(606): CodeIgniter\Database\BaseConnection->simpleQuery('SELECT *\nFROM `...')
#3 C:\xampp\htdocs\IPMS\system\Database\BaseBuilder.php(1616): CodeIgniter\Database\BaseConnection->query('SELECT *\nFROM `...', Array, false)
#4 C:\xampp\htdocs\IPMS\system\Model.php(268): CodeIgniter\Database\BaseBuilder->get()
#5 C:\xampp\htdocs\IPMS\system\BaseModel.php(656): CodeIgniter\Model->doFirst()
#6 C:\xampp\htdocs\IPMS\app\validation\UserRules.php(10): CodeIgniter\BaseModel->first()
#7 C:\xampp\htdocs\IPMS\system\Validation\Validation.php(278): App\Validation\UserRules->validateUser('123456', 'username,passwo...', Array, NULL, 'password')
#8 C:\xampp\htdocs\IPMS\system\Validation\Validation.php(182): CodeIgniter\Validation\Validation->processRules('password', 'Password', '123456', Array, Array)
#9 C:\xampp\htdocs\IPMS\system\Controller.php(141): CodeIgniter\Validation\Validation->run()
#10 C:\xampp\htdocs\IPMS\app\Controllers\User.php(28): CodeIgniter\Controller->validate(Array, Array)
#11 C:\xampp\htdocs\IPMS\system\CodeIgniter.php(932): App\Controllers\User->login()
#12 C:\xampp\htdocs\IPMS\system\CodeIgniter.php(497): CodeIgniter\CodeIgniter->runController(Object(App\Controllers\User))
#13 C:\xampp\htdocs\IPMS\system\CodeIgniter.php(366): CodeIgniter\CodeIgniter->handleRequest(NULL, Object(Config\Cache), false)
#14 C:\xampp\htdocs\IPMS\index.php(67): CodeIgniter\CodeIgniter->run()
#15 {main}
CRITICAL - 2023-10-07 14:02:22 --> You have an error in your SQL syntax; check the manual that corresponds to your MariaDB server version for the right syntax to use near ':0:
AND 1 = :1:
 LIMIT 1' at line 3
in SYSTEMPATH\Database\MySQLi\Connection.php on line 295.
 1 SYSTEMPATH\Database\MySQLi\Connection.php(295): mysqli->query('SELECT *
FROM `User`
WHERE 0 = :0:
AND 1 = :1:
 LIMIT 1', 0)
 2 SYSTEMPATH\Database\BaseConnection.php(692): CodeIgniter\Database\MySQLi\Connection->execute('SELECT *
FROM `User`
WHERE 0 = :0:
AND 1 = :1:
 LIMIT 1')
 3 SYSTEMPATH\Database\BaseConnection.php(606): CodeIgniter\Database\BaseConnection->simpleQuery('SELECT *
FROM `User`
WHERE 0 = :0:
AND 1 = :1:
 LIMIT 1')
 4 SYSTEMPATH\Database\BaseBuilder.php(1616): CodeIgniter\Database\BaseConnection->query('SELECT *
FROM `User`
WHERE 0 = :0:
AND 1 = :1:
 LIMIT 1', [...], false)
 5 SYSTEMPATH\Model.php(268): CodeIgniter\Database\BaseBuilder->get()
 6 SYSTEMPATH\BaseModel.php(656): CodeIgniter\Model->doFirst()
 7 APPPATH\validation\UserRules.php(10): CodeIgniter\BaseModel->first()
 8 SYSTEMPATH\Validation\Validation.php(278): App\Validation\UserRules->validateUser('123456', 'username,password', [...], null, 'password')
 9 SYSTEMPATH\Validation\Validation.php(182): CodeIgniter\Validation\Validation->processRules('password', 'Password', '123456', [...], [...])
10 SYSTEMPATH\Controller.php(141): CodeIgniter\Validation\Validation->run()
11 APPPATH\Controllers\User.php(28): CodeIgniter\Controller->validate([...], [...])
12 SYSTEMPATH\CodeIgniter.php(932): App\Controllers\User->login()
13 SYSTEMPATH\CodeIgniter.php(497): CodeIgniter\CodeIgniter->runController(Object(App\Controllers\User))
14 SYSTEMPATH\CodeIgniter.php(366): CodeIgniter\CodeIgniter->handleRequest(null, Object(Config\Cache), false)
15 FCPATH\index.php(67): CodeIgniter\CodeIgniter->run()
ERROR - 2023-10-07 14:02:43 --> mysqli_sql_exception: You have an error in your SQL syntax; check the manual that corresponds to your MariaDB server version for the right syntax to use near ':0:
AND 1 = :1:
 LIMIT 1' at line 3 in C:\xampp\htdocs\IPMS\system\Database\MySQLi\Connection.php:295
Stack trace:
#0 C:\xampp\htdocs\IPMS\system\Database\MySQLi\Connection.php(295): mysqli->query('SELECT *\nFROM `...', 0)
#1 C:\xampp\htdocs\IPMS\system\Database\BaseConnection.php(692): CodeIgniter\Database\MySQLi\Connection->execute('SELECT *\nFROM `...')
#2 C:\xampp\htdocs\IPMS\system\Database\BaseConnection.php(606): CodeIgniter\Database\BaseConnection->simpleQuery('SELECT *\nFROM `...')
#3 C:\xampp\htdocs\IPMS\system\Database\BaseBuilder.php(1616): CodeIgniter\Database\BaseConnection->query('SELECT *\nFROM `...', Array, false)
#4 C:\xampp\htdocs\IPMS\system\Model.php(268): CodeIgniter\Database\BaseBuilder->get()
#5 C:\xampp\htdocs\IPMS\system\BaseModel.php(656): CodeIgniter\Model->doFirst()
#6 C:\xampp\htdocs\IPMS\app\validation\UserRules.php(10): CodeIgniter\BaseModel->first()
#7 C:\xampp\htdocs\IPMS\system\Validation\Validation.php(278): App\Validation\UserRules->validateUser('8981711165vA', 'username,passwo...', Array, NULL, 'password')
#8 C:\xampp\htdocs\IPMS\system\Validation\Validation.php(182): CodeIgniter\Validation\Validation->processRules('password', 'Password', '8981711165vA', Array, Array)
#9 C:\xampp\htdocs\IPMS\system\Controller.php(141): CodeIgniter\Validation\Validation->run()
#10 C:\xampp\htdocs\IPMS\app\Controllers\User.php(28): CodeIgniter\Controller->validate(Array, Array)
#11 C:\xampp\htdocs\IPMS\system\CodeIgniter.php(932): App\Controllers\User->login()
#12 C:\xampp\htdocs\IPMS\system\CodeIgniter.php(497): CodeIgniter\CodeIgniter->runController(Object(App\Controllers\User))
#13 C:\xampp\htdocs\IPMS\system\CodeIgniter.php(366): CodeIgniter\CodeIgniter->handleRequest(NULL, Object(Config\Cache), false)
#14 C:\xampp\htdocs\IPMS\index.php(67): CodeIgniter\CodeIgniter->run()
#15 {main}
CRITICAL - 2023-10-07 14:02:43 --> You have an error in your SQL syntax; check the manual that corresponds to your MariaDB server version for the right syntax to use near ':0:
AND 1 = :1:
 LIMIT 1' at line 3
in SYSTEMPATH\Database\MySQLi\Connection.php on line 295.
 1 SYSTEMPATH\Database\MySQLi\Connection.php(295): mysqli->query('SELECT *
FROM `User`
WHERE 0 = :0:
AND 1 = :1:
 LIMIT 1', 0)
 2 SYSTEMPATH\Database\BaseConnection.php(692): CodeIgniter\Database\MySQLi\Connection->execute('SELECT *
FROM `User`
WHERE 0 = :0:
AND 1 = :1:
 LIMIT 1')
 3 SYSTEMPATH\Database\BaseConnection.php(606): CodeIgniter\Database\BaseConnection->simpleQuery('SELECT *
FROM `User`
WHERE 0 = :0:
AND 1 = :1:
 LIMIT 1')
 4 SYSTEMPATH\Database\BaseBuilder.php(1616): CodeIgniter\Database\BaseConnection->query('SELECT *
FROM `User`
WHERE 0 = :0:
AND 1 = :1:
 LIMIT 1', [...], false)
 5 SYSTEMPATH\Model.php(268): CodeIgniter\Database\BaseBuilder->get()
 6 SYSTEMPATH\BaseModel.php(656): CodeIgniter\Model->doFirst()
 7 APPPATH\validation\UserRules.php(10): CodeIgniter\BaseModel->first()
 8 SYSTEMPATH\Validation\Validation.php(278): App\Validation\UserRules->validateUser('8981711165vA', 'username,password', [...], null, 'password')
 9 SYSTEMPATH\Validation\Validation.php(182): CodeIgniter\Validation\Validation->processRules('password', 'Password', '8981711165vA', [...], [...])
10 SYSTEMPATH\Controller.php(141): CodeIgniter\Validation\Validation->run()
11 APPPATH\Controllers\User.php(28): CodeIgniter\Controller->validate([...], [...])
12 SYSTEMPATH\CodeIgniter.php(932): App\Controllers\User->login()
13 SYSTEMPATH\CodeIgniter.php(497): CodeIgniter\CodeIgniter->runController(Object(App\Controllers\User))
14 SYSTEMPATH\CodeIgniter.php(366): CodeIgniter\CodeIgniter->handleRequest(null, Object(Config\Cache), false)
15 FCPATH\index.php(67): CodeIgniter\CodeIgniter->run()
