CRITICAL - 2023-08-28 05:13:32 --> Class "App\Models\ProcurementPlanModel" not found
in APPPATH\Controllers\ProcurementPlan.php on line 36.
 1 SYSTEMPATH\CodeIgniter.php(932): App\Controllers\ProcurementPlan->createPro()
 2 SYSTEMPATH\CodeIgniter.php(497): CodeIgniter\CodeIgniter->runController(Object(App\Controllers\ProcurementPlan))
 3 SYSTEMPATH\CodeIgniter.php(366): CodeIgniter\CodeIgniter->handleRequest(null, Object(Config\Cache), false)
 4 FCPATH\index.php(67): CodeIgniter\CodeIgniter->run()
ERROR - 2023-08-28 05:15:11 --> mysqli_sql_exception: Unknown column 'Vote' in 'field list' in C:\xampp\htdocs\IPMS\system\Database\MySQLi\Connection.php:295
Stack trace:
#0 C:\xampp\htdocs\IPMS\system\Database\MySQLi\Connection.php(295): mysqli->query('INSERT INTO `te...', 0)
#1 C:\xampp\htdocs\IPMS\system\Database\BaseConnection.php(692): CodeIgniter\Database\MySQLi\Connection->execute('INSERT INTO `te...')
#2 C:\xampp\htdocs\IPMS\system\Database\BaseConnection.php(606): CodeIgniter\Database\BaseConnection->simpleQuery('INSERT INTO `te...')
#3 C:\xampp\htdocs\IPMS\system\Database\BaseBuilder.php(2309): CodeIgniter\Database\BaseConnection->query('INSERT INTO `te...', Array, false)
#4 C:\xampp\htdocs\IPMS\system\Model.php(330): CodeIgniter\Database\BaseBuilder->insert()
#5 C:\xampp\htdocs\IPMS\system\BaseModel.php(782): CodeIgniter\Model->doInsert(Array)
#6 C:\xampp\htdocs\IPMS\system\Model.php(730): CodeIgniter\BaseModel->insert(Array, false)
#7 C:\xampp\htdocs\IPMS\system\BaseModel.php(692): CodeIgniter\Model->insert(Array, false)
#8 C:\xampp\htdocs\IPMS\app\Controllers\ProcurementPlan.php(39): CodeIgniter\BaseModel->save(Array)
#9 C:\xampp\htdocs\IPMS\system\CodeIgniter.php(932): App\Controllers\ProcurementPlan->createPro()
#10 C:\xampp\htdocs\IPMS\system\CodeIgniter.php(497): CodeIgniter\CodeIgniter->runController(Object(App\Controllers\ProcurementPlan))
#11 C:\xampp\htdocs\IPMS\system\CodeIgniter.php(366): CodeIgniter\CodeIgniter->handleRequest(NULL, Object(Config\Cache), false)
#12 C:\xampp\htdocs\IPMS\index.php(67): CodeIgniter\CodeIgniter->run()
#13 {main}
CRITICAL - 2023-08-28 05:15:11 --> Unknown column 'Vote' in 'field list'
in SYSTEMPATH\Database\MySQLi\Connection.php on line 295.
 1 SYSTEMPATH\Database\MySQLi\Connection.php(295): mysqli->query('INSERT INTO `tender` (`Vote`, `ICategory`, `ItemName`, `Quantity`, `Cost`, `PStatus`, `Authority`, `PType`, `Progress`, `CommeDate`, `CompleateDate`) VALUES (\'ICB<?phpif (set_value(\\\'Vote\\\') == \\\'ICB\\\') { echo \\\'selected\\\';}?>\', \'Stationery<?phpif (set_value(\\\'ICategory\\\') == \\\'Stationery\\\') { echo \\\'selected\\\';}?>\', \'gggh\', \'566\', \'5656.65\', \'Urgent\', \'STF\', \'LNB\', \'DocumentPrepared\', \'2023-08-18\', \'2023-08-24\')', 0)
 2 SYSTEMPATH\Database\BaseConnection.php(692): CodeIgniter\Database\MySQLi\Connection->execute('INSERT INTO `tender` (`Vote`, `ICategory`, `ItemName`, `Quantity`, `Cost`, `PStatus`, `Authority`, `PType`, `Progress`, `CommeDate`, `CompleateDate`) VALUES (\'ICB<?phpif (set_value(\\\'Vote\\\') == \\\'ICB\\\') { echo \\\'selected\\\';}?>\', \'Stationery<?phpif (set_value(\\\'ICategory\\\') == \\\'Stationery\\\') { echo \\\'selected\\\';}?>\', \'gggh\', \'566\', \'5656.65\', \'Urgent\', \'STF\', \'LNB\', \'DocumentPrepared\', \'2023-08-18\', \'2023-08-24\')')
 3 SYSTEMPATH\Database\BaseConnection.php(606): CodeIgniter\Database\BaseConnection->simpleQuery('INSERT INTO `tender` (`Vote`, `ICategory`, `ItemName`, `Quantity`, `Cost`, `PStatus`, `Authority`, `PType`, `Progress`, `CommeDate`, `CompleateDate`) VALUES (\'ICB<?phpif (set_value(\\\'Vote\\\') == \\\'ICB\\\') { echo \\\'selected\\\';}?>\', \'Stationery<?phpif (set_value(\\\'ICategory\\\') == \\\'Stationery\\\') { echo \\\'selected\\\';}?>\', \'gggh\', \'566\', \'5656.65\', \'Urgent\', \'STF\', \'LNB\', \'DocumentPrepared\', \'2023-08-18\', \'2023-08-24\')')
 4 SYSTEMPATH\Database\BaseBuilder.php(2309): CodeIgniter\Database\BaseConnection->query('INSERT INTO `tender` (`Vote`, `ICategory`, `ItemName`, `Quantity`, `Cost`, `PStatus`, `Authority`, `PType`, `Progress`, `CommeDate`, `CompleateDate`) VALUES (:Vote:, :ICategory:, :ItemName:, :Quantity:, :Cost:, :PStatus:, :Authority:, :PType:, :Progress:, :CommeDate:, :CompleateDate:)', [...], false)
 5 SYSTEMPATH\Model.php(330): CodeIgniter\Database\BaseBuilder->insert()
 6 SYSTEMPATH\BaseModel.php(782): CodeIgniter\Model->doInsert([...])
 7 SYSTEMPATH\Model.php(730): CodeIgniter\BaseModel->insert([...], false)
 8 SYSTEMPATH\BaseModel.php(692): CodeIgniter\Model->insert([...], false)
 9 APPPATH\Controllers\ProcurementPlan.php(39): CodeIgniter\BaseModel->save([...])
10 SYSTEMPATH\CodeIgniter.php(932): App\Controllers\ProcurementPlan->createPro()
11 SYSTEMPATH\CodeIgniter.php(497): CodeIgniter\CodeIgniter->runController(Object(App\Controllers\ProcurementPlan))
12 SYSTEMPATH\CodeIgniter.php(366): CodeIgniter\CodeIgniter->handleRequest(null, Object(Config\Cache), false)
13 FCPATH\index.php(67): CodeIgniter\CodeIgniter->run()
ERROR - 2023-08-28 05:31:27 --> mysqli_sql_exception: Unknown column 'Vote' in 'field list' in C:\xampp\htdocs\IPMS\system\Database\MySQLi\Connection.php:295
Stack trace:
#0 C:\xampp\htdocs\IPMS\system\Database\MySQLi\Connection.php(295): mysqli->query('INSERT INTO `te...', 0)
#1 C:\xampp\htdocs\IPMS\system\Database\BaseConnection.php(692): CodeIgniter\Database\MySQLi\Connection->execute('INSERT INTO `te...')
#2 C:\xampp\htdocs\IPMS\system\Database\BaseConnection.php(606): CodeIgniter\Database\BaseConnection->simpleQuery('INSERT INTO `te...')
#3 C:\xampp\htdocs\IPMS\system\Database\BaseBuilder.php(2309): CodeIgniter\Database\BaseConnection->query('INSERT INTO `te...', Array, false)
#4 C:\xampp\htdocs\IPMS\system\Model.php(330): CodeIgniter\Database\BaseBuilder->insert()
#5 C:\xampp\htdocs\IPMS\system\BaseModel.php(782): CodeIgniter\Model->doInsert(Array)
#6 C:\xampp\htdocs\IPMS\system\Model.php(730): CodeIgniter\BaseModel->insert(Array, false)
#7 C:\xampp\htdocs\IPMS\system\BaseModel.php(692): CodeIgniter\Model->insert(Array, false)
#8 C:\xampp\htdocs\IPMS\app\Controllers\ProcurementPlan.php(39): CodeIgniter\BaseModel->save(Array)
#9 C:\xampp\htdocs\IPMS\system\CodeIgniter.php(932): App\Controllers\ProcurementPlan->createPro()
#10 C:\xampp\htdocs\IPMS\system\CodeIgniter.php(497): CodeIgniter\CodeIgniter->runController(Object(App\Controllers\ProcurementPlan))
#11 C:\xampp\htdocs\IPMS\system\CodeIgniter.php(366): CodeIgniter\CodeIgniter->handleRequest(NULL, Object(Config\Cache), false)
#12 C:\xampp\htdocs\IPMS\index.php(67): CodeIgniter\CodeIgniter->run()
#13 {main}
CRITICAL - 2023-08-28 05:31:27 --> Unknown column 'Vote' in 'field list'
in SYSTEMPATH\Database\MySQLi\Connection.php on line 295.
 1 SYSTEMPATH\Database\MySQLi\Connection.php(295): mysqli->query('INSERT INTO `tender` (`Vote`, `ICategory`, `ItemName`, `Quantity`, `Cost`, `PStatus`, `Authority`, `PType`, `Progress`, `CommeDate`, `CompleateDate`) VALUES (\'ICB<?phpif (set_value(\\\'Vote\\\') == \\\'ICB\\\') { echo \\\'selected\\\';}?>\', \'Stationery<?phpif (set_value(\\\'ICategory\\\') == \\\'Stationery\\\') { echo \\\'selected\\\';}?>\', \'gggh\', \'566\', \'686.60\', \'Urgent\', \'STF\', \'LIB\', \'DocumentPrepared\', \'2023-08-31\', \'2023-08-24\')', 0)
 2 SYSTEMPATH\Database\BaseConnection.php(692): CodeIgniter\Database\MySQLi\Connection->execute('INSERT INTO `tender` (`Vote`, `ICategory`, `ItemName`, `Quantity`, `Cost`, `PStatus`, `Authority`, `PType`, `Progress`, `CommeDate`, `CompleateDate`) VALUES (\'ICB<?phpif (set_value(\\\'Vote\\\') == \\\'ICB\\\') { echo \\\'selected\\\';}?>\', \'Stationery<?phpif (set_value(\\\'ICategory\\\') == \\\'Stationery\\\') { echo \\\'selected\\\';}?>\', \'gggh\', \'566\', \'686.60\', \'Urgent\', \'STF\', \'LIB\', \'DocumentPrepared\', \'2023-08-31\', \'2023-08-24\')')
 3 SYSTEMPATH\Database\BaseConnection.php(606): CodeIgniter\Database\BaseConnection->simpleQuery('INSERT INTO `tender` (`Vote`, `ICategory`, `ItemName`, `Quantity`, `Cost`, `PStatus`, `Authority`, `PType`, `Progress`, `CommeDate`, `CompleateDate`) VALUES (\'ICB<?phpif (set_value(\\\'Vote\\\') == \\\'ICB\\\') { echo \\\'selected\\\';}?>\', \'Stationery<?phpif (set_value(\\\'ICategory\\\') == \\\'Stationery\\\') { echo \\\'selected\\\';}?>\', \'gggh\', \'566\', \'686.60\', \'Urgent\', \'STF\', \'LIB\', \'DocumentPrepared\', \'2023-08-31\', \'2023-08-24\')')
 4 SYSTEMPATH\Database\BaseBuilder.php(2309): CodeIgniter\Database\BaseConnection->query('INSERT INTO `tender` (`Vote`, `ICategory`, `ItemName`, `Quantity`, `Cost`, `PStatus`, `Authority`, `PType`, `Progress`, `CommeDate`, `CompleateDate`) VALUES (:Vote:, :ICategory:, :ItemName:, :Quantity:, :Cost:, :PStatus:, :Authority:, :PType:, :Progress:, :CommeDate:, :CompleateDate:)', [...], false)
 5 SYSTEMPATH\Model.php(330): CodeIgniter\Database\BaseBuilder->insert()
 6 SYSTEMPATH\BaseModel.php(782): CodeIgniter\Model->doInsert([...])
 7 SYSTEMPATH\Model.php(730): CodeIgniter\BaseModel->insert([...], false)
 8 SYSTEMPATH\BaseModel.php(692): CodeIgniter\Model->insert([...], false)
 9 APPPATH\Controllers\ProcurementPlan.php(39): CodeIgniter\BaseModel->save([...])
10 SYSTEMPATH\CodeIgniter.php(932): App\Controllers\ProcurementPlan->createPro()
11 SYSTEMPATH\CodeIgniter.php(497): CodeIgniter\CodeIgniter->runController(Object(App\Controllers\ProcurementPlan))
12 SYSTEMPATH\CodeIgniter.php(366): CodeIgniter\CodeIgniter->handleRequest(null, Object(Config\Cache), false)
13 FCPATH\index.php(67): CodeIgniter\CodeIgniter->run()
ERROR - 2023-08-28 05:33:07 --> mysqli_sql_exception: Unknown column 'Vote' in 'field list' in C:\xampp\htdocs\IPMS\system\Database\MySQLi\Connection.php:295
Stack trace:
#0 C:\xampp\htdocs\IPMS\system\Database\MySQLi\Connection.php(295): mysqli->query('INSERT INTO `te...', 0)
#1 C:\xampp\htdocs\IPMS\system\Database\BaseConnection.php(692): CodeIgniter\Database\MySQLi\Connection->execute('INSERT INTO `te...')
#2 C:\xampp\htdocs\IPMS\system\Database\BaseConnection.php(606): CodeIgniter\Database\BaseConnection->simpleQuery('INSERT INTO `te...')
#3 C:\xampp\htdocs\IPMS\system\Database\BaseBuilder.php(2309): CodeIgniter\Database\BaseConnection->query('INSERT INTO `te...', Array, false)
#4 C:\xampp\htdocs\IPMS\system\Model.php(330): CodeIgniter\Database\BaseBuilder->insert()
#5 C:\xampp\htdocs\IPMS\system\BaseModel.php(782): CodeIgniter\Model->doInsert(Array)
#6 C:\xampp\htdocs\IPMS\system\Model.php(730): CodeIgniter\BaseModel->insert(Array, false)
#7 C:\xampp\htdocs\IPMS\system\BaseModel.php(692): CodeIgniter\Model->insert(Array, false)
#8 C:\xampp\htdocs\IPMS\app\Controllers\ProcurementPlan.php(39): CodeIgniter\BaseModel->save(Array)
#9 C:\xampp\htdocs\IPMS\system\CodeIgniter.php(932): App\Controllers\ProcurementPlan->createPro()
#10 C:\xampp\htdocs\IPMS\system\CodeIgniter.php(497): CodeIgniter\CodeIgniter->runController(Object(App\Controllers\ProcurementPlan))
#11 C:\xampp\htdocs\IPMS\system\CodeIgniter.php(366): CodeIgniter\CodeIgniter->handleRequest(NULL, Object(Config\Cache), false)
#12 C:\xampp\htdocs\IPMS\index.php(67): CodeIgniter\CodeIgniter->run()
#13 {main}
CRITICAL - 2023-08-28 05:33:07 --> Unknown column 'Vote' in 'field list'
in SYSTEMPATH\Database\MySQLi\Connection.php on line 295.
 1 SYSTEMPATH\Database\MySQLi\Connection.php(295): mysqli->query('INSERT INTO `tender` (`Vote`, `ICategory`, `ItemName`, `Quantity`, `Cost`, `PStatus`, `Authority`, `PType`, `Progress`, `CommeDate`, `CompleateDate`) VALUES (\'ICB<?phpif (set_value(\\\'Vote\\\') == \\\'ICB\\\') { echo \\\'selected\\\';}?>\', \'Uniforms<?phpif (set_value(\\\'ICategory\\\') == \\\'Uniforms\\\') { echo \\\'selected\\\';}?>\', \'ffs\', \'566\', \'686.60\', \'Urgent\', \'STF\', \'NCB\', \'DocumentPrepared\', \'2023-08-22\', \'2023-08-16\')', 0)
 2 SYSTEMPATH\Database\BaseConnection.php(692): CodeIgniter\Database\MySQLi\Connection->execute('INSERT INTO `tender` (`Vote`, `ICategory`, `ItemName`, `Quantity`, `Cost`, `PStatus`, `Authority`, `PType`, `Progress`, `CommeDate`, `CompleateDate`) VALUES (\'ICB<?phpif (set_value(\\\'Vote\\\') == \\\'ICB\\\') { echo \\\'selected\\\';}?>\', \'Uniforms<?phpif (set_value(\\\'ICategory\\\') == \\\'Uniforms\\\') { echo \\\'selected\\\';}?>\', \'ffs\', \'566\', \'686.60\', \'Urgent\', \'STF\', \'NCB\', \'DocumentPrepared\', \'2023-08-22\', \'2023-08-16\')')
 3 SYSTEMPATH\Database\BaseConnection.php(606): CodeIgniter\Database\BaseConnection->simpleQuery('INSERT INTO `tender` (`Vote`, `ICategory`, `ItemName`, `Quantity`, `Cost`, `PStatus`, `Authority`, `PType`, `Progress`, `CommeDate`, `CompleateDate`) VALUES (\'ICB<?phpif (set_value(\\\'Vote\\\') == \\\'ICB\\\') { echo \\\'selected\\\';}?>\', \'Uniforms<?phpif (set_value(\\\'ICategory\\\') == \\\'Uniforms\\\') { echo \\\'selected\\\';}?>\', \'ffs\', \'566\', \'686.60\', \'Urgent\', \'STF\', \'NCB\', \'DocumentPrepared\', \'2023-08-22\', \'2023-08-16\')')
 4 SYSTEMPATH\Database\BaseBuilder.php(2309): CodeIgniter\Database\BaseConnection->query('INSERT INTO `tender` (`Vote`, `ICategory`, `ItemName`, `Quantity`, `Cost`, `PStatus`, `Authority`, `PType`, `Progress`, `CommeDate`, `CompleateDate`) VALUES (:Vote:, :ICategory:, :ItemName:, :Quantity:, :Cost:, :PStatus:, :Authority:, :PType:, :Progress:, :CommeDate:, :CompleateDate:)', [...], false)
 5 SYSTEMPATH\Model.php(330): CodeIgniter\Database\BaseBuilder->insert()
 6 SYSTEMPATH\BaseModel.php(782): CodeIgniter\Model->doInsert([...])
 7 SYSTEMPATH\Model.php(730): CodeIgniter\BaseModel->insert([...], false)
 8 SYSTEMPATH\BaseModel.php(692): CodeIgniter\Model->insert([...], false)
 9 APPPATH\Controllers\ProcurementPlan.php(39): CodeIgniter\BaseModel->save([...])
10 SYSTEMPATH\CodeIgniter.php(932): App\Controllers\ProcurementPlan->createPro()
11 SYSTEMPATH\CodeIgniter.php(497): CodeIgniter\CodeIgniter->runController(Object(App\Controllers\ProcurementPlan))
12 SYSTEMPATH\CodeIgniter.php(366): CodeIgniter\CodeIgniter->handleRequest(null, Object(Config\Cache), false)
13 FCPATH\index.php(67): CodeIgniter\CodeIgniter->run()
ERROR - 2023-08-28 05:34:32 --> mysqli_sql_exception: Unknown column 'Vote' in 'field list' in C:\xampp\htdocs\IPMS\system\Database\MySQLi\Connection.php:295
Stack trace:
#0 C:\xampp\htdocs\IPMS\system\Database\MySQLi\Connection.php(295): mysqli->query('INSERT INTO `te...', 0)
#1 C:\xampp\htdocs\IPMS\system\Database\BaseConnection.php(692): CodeIgniter\Database\MySQLi\Connection->execute('INSERT INTO `te...')
#2 C:\xampp\htdocs\IPMS\system\Database\BaseConnection.php(606): CodeIgniter\Database\BaseConnection->simpleQuery('INSERT INTO `te...')
#3 C:\xampp\htdocs\IPMS\system\Database\BaseBuilder.php(2309): CodeIgniter\Database\BaseConnection->query('INSERT INTO `te...', Array, false)
#4 C:\xampp\htdocs\IPMS\system\Model.php(330): CodeIgniter\Database\BaseBuilder->insert()
#5 C:\xampp\htdocs\IPMS\system\BaseModel.php(782): CodeIgniter\Model->doInsert(Array)
#6 C:\xampp\htdocs\IPMS\system\Model.php(730): CodeIgniter\BaseModel->insert(Array, false)
#7 C:\xampp\htdocs\IPMS\system\BaseModel.php(692): CodeIgniter\Model->insert(Array, false)
#8 C:\xampp\htdocs\IPMS\app\Controllers\ProcurementPlan.php(39): CodeIgniter\BaseModel->save(Array)
#9 C:\xampp\htdocs\IPMS\system\CodeIgniter.php(932): App\Controllers\ProcurementPlan->createPro()
#10 C:\xampp\htdocs\IPMS\system\CodeIgniter.php(497): CodeIgniter\CodeIgniter->runController(Object(App\Controllers\ProcurementPlan))
#11 C:\xampp\htdocs\IPMS\system\CodeIgniter.php(366): CodeIgniter\CodeIgniter->handleRequest(NULL, Object(Config\Cache), false)
#12 C:\xampp\htdocs\IPMS\index.php(67): CodeIgniter\CodeIgniter->run()
#13 {main}
CRITICAL - 2023-08-28 05:34:32 --> Unknown column 'Vote' in 'field list'
in SYSTEMPATH\Database\MySQLi\Connection.php on line 295.
 1 SYSTEMPATH\Database\MySQLi\Connection.php(295): mysqli->query('INSERT INTO `tender` (`Vote`, `ICategory`, `ItemName`, `Quantity`, `Cost`, `PStatus`, `Authority`, `PType`, `Progress`, `CommeDate`, `CompleateDate`) VALUES (\'ICB<?phpif (set_value(\\\'Vote\\\') == \\\'ICB\\\') { echo \\\'selected\\\';}?>\', \'Uniforms<?phpif (set_value(\\\'ICategory\\\') == \\\'Uniforms\\\') { echo \\\'selected\\\';}?>\', \'gggh\', \'566\', \'686.60\', \'Urgent\', \'STF\', \'ICB\', \'DocumentPrepared\', \'2023-08-18\', \'2023-08-23\')', 0)
 2 SYSTEMPATH\Database\BaseConnection.php(692): CodeIgniter\Database\MySQLi\Connection->execute('INSERT INTO `tender` (`Vote`, `ICategory`, `ItemName`, `Quantity`, `Cost`, `PStatus`, `Authority`, `PType`, `Progress`, `CommeDate`, `CompleateDate`) VALUES (\'ICB<?phpif (set_value(\\\'Vote\\\') == \\\'ICB\\\') { echo \\\'selected\\\';}?>\', \'Uniforms<?phpif (set_value(\\\'ICategory\\\') == \\\'Uniforms\\\') { echo \\\'selected\\\';}?>\', \'gggh\', \'566\', \'686.60\', \'Urgent\', \'STF\', \'ICB\', \'DocumentPrepared\', \'2023-08-18\', \'2023-08-23\')')
 3 SYSTEMPATH\Database\BaseConnection.php(606): CodeIgniter\Database\BaseConnection->simpleQuery('INSERT INTO `tender` (`Vote`, `ICategory`, `ItemName`, `Quantity`, `Cost`, `PStatus`, `Authority`, `PType`, `Progress`, `CommeDate`, `CompleateDate`) VALUES (\'ICB<?phpif (set_value(\\\'Vote\\\') == \\\'ICB\\\') { echo \\\'selected\\\';}?>\', \'Uniforms<?phpif (set_value(\\\'ICategory\\\') == \\\'Uniforms\\\') { echo \\\'selected\\\';}?>\', \'gggh\', \'566\', \'686.60\', \'Urgent\', \'STF\', \'ICB\', \'DocumentPrepared\', \'2023-08-18\', \'2023-08-23\')')
 4 SYSTEMPATH\Database\BaseBuilder.php(2309): CodeIgniter\Database\BaseConnection->query('INSERT INTO `tender` (`Vote`, `ICategory`, `ItemName`, `Quantity`, `Cost`, `PStatus`, `Authority`, `PType`, `Progress`, `CommeDate`, `CompleateDate`) VALUES (:Vote:, :ICategory:, :ItemName:, :Quantity:, :Cost:, :PStatus:, :Authority:, :PType:, :Progress:, :CommeDate:, :CompleateDate:)', [...], false)
 5 SYSTEMPATH\Model.php(330): CodeIgniter\Database\BaseBuilder->insert()
 6 SYSTEMPATH\BaseModel.php(782): CodeIgniter\Model->doInsert([...])
 7 SYSTEMPATH\Model.php(730): CodeIgniter\BaseModel->insert([...], false)
 8 SYSTEMPATH\BaseModel.php(692): CodeIgniter\Model->insert([...], false)
 9 APPPATH\Controllers\ProcurementPlan.php(39): CodeIgniter\BaseModel->save([...])
10 SYSTEMPATH\CodeIgniter.php(932): App\Controllers\ProcurementPlan->createPro()
11 SYSTEMPATH\CodeIgniter.php(497): CodeIgniter\CodeIgniter->runController(Object(App\Controllers\ProcurementPlan))
12 SYSTEMPATH\CodeIgniter.php(366): CodeIgniter\CodeIgniter->handleRequest(null, Object(Config\Cache), false)
13 FCPATH\index.php(67): CodeIgniter\CodeIgniter->run()
ERROR - 2023-08-28 05:38:41 --> mysqli_sql_exception: Unknown column 'Vote' in 'field list' in C:\xampp\htdocs\IPMS\system\Database\MySQLi\Connection.php:295
Stack trace:
#0 C:\xampp\htdocs\IPMS\system\Database\MySQLi\Connection.php(295): mysqli->query('INSERT INTO `te...', 0)
#1 C:\xampp\htdocs\IPMS\system\Database\BaseConnection.php(692): CodeIgniter\Database\MySQLi\Connection->execute('INSERT INTO `te...')
#2 C:\xampp\htdocs\IPMS\system\Database\BaseConnection.php(606): CodeIgniter\Database\BaseConnection->simpleQuery('INSERT INTO `te...')
#3 C:\xampp\htdocs\IPMS\system\Database\BaseBuilder.php(2309): CodeIgniter\Database\BaseConnection->query('INSERT INTO `te...', Array, false)
#4 C:\xampp\htdocs\IPMS\system\Model.php(330): CodeIgniter\Database\BaseBuilder->insert()
#5 C:\xampp\htdocs\IPMS\system\BaseModel.php(782): CodeIgniter\Model->doInsert(Array)
#6 C:\xampp\htdocs\IPMS\system\Model.php(730): CodeIgniter\BaseModel->insert(Array, false)
#7 C:\xampp\htdocs\IPMS\system\BaseModel.php(692): CodeIgniter\Model->insert(Array, false)
#8 C:\xampp\htdocs\IPMS\app\Controllers\ProcurementPlan.php(39): CodeIgniter\BaseModel->save(Array)
#9 C:\xampp\htdocs\IPMS\system\CodeIgniter.php(932): App\Controllers\ProcurementPlan->createPro()
#10 C:\xampp\htdocs\IPMS\system\CodeIgniter.php(497): CodeIgniter\CodeIgniter->runController(Object(App\Controllers\ProcurementPlan))
#11 C:\xampp\htdocs\IPMS\system\CodeIgniter.php(366): CodeIgniter\CodeIgniter->handleRequest(NULL, Object(Config\Cache), false)
#12 C:\xampp\htdocs\IPMS\index.php(67): CodeIgniter\CodeIgniter->run()
#13 {main}
CRITICAL - 2023-08-28 05:38:41 --> Unknown column 'Vote' in 'field list'
in SYSTEMPATH\Database\MySQLi\Connection.php on line 295.
 1 SYSTEMPATH\Database\MySQLi\Connection.php(295): mysqli->query('INSERT INTO `tender` (`Vote`, `ICategory`, `ItemName`, `Quantity`, `Cost`, `PStatus`, `Authority`, `PType`, `Progress`, `CommeDate`, `CompleateDate`) VALUES (\'LIB<?phpif (set_value(\\\'Vote\\\') == \\\'LIB\\\') { echo \\\'selected\\\';}?>\', \'Stationery<?phpif (set_value(\\\'ICategory\\\') == \\\'Stationery\\\') { echo \\\'selected\\\';}?>\', \'gggh\', \'5664\', \'686.60\', \'Urgent\', \'STF\', \'LNB\', \'DocumentPrepared\', \'2023-08-02\', \'2023-08-15\')', 0)
 2 SYSTEMPATH\Database\BaseConnection.php(692): CodeIgniter\Database\MySQLi\Connection->execute('INSERT INTO `tender` (`Vote`, `ICategory`, `ItemName`, `Quantity`, `Cost`, `PStatus`, `Authority`, `PType`, `Progress`, `CommeDate`, `CompleateDate`) VALUES (\'LIB<?phpif (set_value(\\\'Vote\\\') == \\\'LIB\\\') { echo \\\'selected\\\';}?>\', \'Stationery<?phpif (set_value(\\\'ICategory\\\') == \\\'Stationery\\\') { echo \\\'selected\\\';}?>\', \'gggh\', \'5664\', \'686.60\', \'Urgent\', \'STF\', \'LNB\', \'DocumentPrepared\', \'2023-08-02\', \'2023-08-15\')')
 3 SYSTEMPATH\Database\BaseConnection.php(606): CodeIgniter\Database\BaseConnection->simpleQuery('INSERT INTO `tender` (`Vote`, `ICategory`, `ItemName`, `Quantity`, `Cost`, `PStatus`, `Authority`, `PType`, `Progress`, `CommeDate`, `CompleateDate`) VALUES (\'LIB<?phpif (set_value(\\\'Vote\\\') == \\\'LIB\\\') { echo \\\'selected\\\';}?>\', \'Stationery<?phpif (set_value(\\\'ICategory\\\') == \\\'Stationery\\\') { echo \\\'selected\\\';}?>\', \'gggh\', \'5664\', \'686.60\', \'Urgent\', \'STF\', \'LNB\', \'DocumentPrepared\', \'2023-08-02\', \'2023-08-15\')')
 4 SYSTEMPATH\Database\BaseBuilder.php(2309): CodeIgniter\Database\BaseConnection->query('INSERT INTO `tender` (`Vote`, `ICategory`, `ItemName`, `Quantity`, `Cost`, `PStatus`, `Authority`, `PType`, `Progress`, `CommeDate`, `CompleateDate`) VALUES (:Vote:, :ICategory:, :ItemName:, :Quantity:, :Cost:, :PStatus:, :Authority:, :PType:, :Progress:, :CommeDate:, :CompleateDate:)', [...], false)
 5 SYSTEMPATH\Model.php(330): CodeIgniter\Database\BaseBuilder->insert()
 6 SYSTEMPATH\BaseModel.php(782): CodeIgniter\Model->doInsert([...])
 7 SYSTEMPATH\Model.php(730): CodeIgniter\BaseModel->insert([...], false)
 8 SYSTEMPATH\BaseModel.php(692): CodeIgniter\Model->insert([...], false)
 9 APPPATH\Controllers\ProcurementPlan.php(39): CodeIgniter\BaseModel->save([...])
10 SYSTEMPATH\CodeIgniter.php(932): App\Controllers\ProcurementPlan->createPro()
11 SYSTEMPATH\CodeIgniter.php(497): CodeIgniter\CodeIgniter->runController(Object(App\Controllers\ProcurementPlan))
12 SYSTEMPATH\CodeIgniter.php(366): CodeIgniter\CodeIgniter->handleRequest(null, Object(Config\Cache), false)
13 FCPATH\index.php(67): CodeIgniter\CodeIgniter->run()
CRITICAL - 2023-08-28 05:50:14 --> Class "App\Controllers\TenderModel" not found
in APPPATH\Controllers\ProcurementPlan.php on line 67.
 1 SYSTEMPATH\CodeIgniter.php(932): App\Controllers\ProcurementPlan->viewPro()
 2 SYSTEMPATH\CodeIgniter.php(497): CodeIgniter\CodeIgniter->runController(Object(App\Controllers\ProcurementPlan))
 3 SYSTEMPATH\CodeIgniter.php(366): CodeIgniter\CodeIgniter->handleRequest(null, Object(Config\Cache), false)
 4 FCPATH\index.php(67): CodeIgniter\CodeIgniter->run()
