CRITICAL - 2024-03-31 03:55:48 --> Undefined variable $Item_List
in APPPATH\Views\sys\itemrequest\reqItem.php on line 103.
 1 APPPATH\Views\sys\itemrequest\reqItem.php(103): CodeIgniter\Debug\Exceptions->errorHandler(2, 'Undefined variable $Item_List', 'C:\\xampp\\htdocs\\IPMS\\app\\Views\\sys\\itemrequest\\reqItem.php', 103)
 2 SYSTEMPATH\View\View.php(224): include('C:\\xampp\\htdocs\\IPMS\\app\\Views\\sys\\itemrequest\\reqItem.php')
 3 SYSTEMPATH\View\View.php(227): CodeIgniter\View\View->CodeIgniter\View\{closure}()
 4 SYSTEMPATH\Common.php(1176): CodeIgniter\View\View->render('sys/itemrequest/reqItem', [], true)
 5 APPPATH\Controllers\ItemRequest.php(187): view('sys/itemrequest/reqItem', [...])
 6 APPPATH\Controllers\ItemRequest.php(56): App\Controllers\ItemRequest->reqItem(51)
 7 SYSTEMPATH\CodeIgniter.php(932): App\Controllers\ItemRequest->createReq()
 8 SYSTEMPATH\CodeIgniter.php(497): CodeIgniter\CodeIgniter->runController(Object(App\Controllers\ItemRequest))
 9 SYSTEMPATH\CodeIgniter.php(366): CodeIgniter\CodeIgniter->handleRequest(null, Object(Config\Cache), false)
10 FCPATH\index.php(67): CodeIgniter\CodeIgniter->run()
CRITICAL - 2024-03-31 04:03:16 --> Undefined variable $Item_List
in APPPATH\Views\sys\itemrequest\reqItem.php on line 103.
 1 APPPATH\Views\sys\itemrequest\reqItem.php(103): CodeIgniter\Debug\Exceptions->errorHandler(2, 'Undefined variable $Item_List', 'C:\\xampp\\htdocs\\IPMS\\app\\Views\\sys\\itemrequest\\reqItem.php', 103)
 2 SYSTEMPATH\View\View.php(224): include('C:\\xampp\\htdocs\\IPMS\\app\\Views\\sys\\itemrequest\\reqItem.php')
 3 SYSTEMPATH\View\View.php(227): CodeIgniter\View\View->CodeIgniter\View\{closure}()
 4 SYSTEMPATH\Common.php(1176): CodeIgniter\View\View->render('sys/itemrequest/reqItem', [], true)
 5 APPPATH\Controllers\ItemRequest.php(187): view('sys/itemrequest/reqItem', [...])
 6 APPPATH\Controllers\ItemRequest.php(56): App\Controllers\ItemRequest->reqItem(52)
 7 SYSTEMPATH\CodeIgniter.php(932): App\Controllers\ItemRequest->createReq()
 8 SYSTEMPATH\CodeIgniter.php(497): CodeIgniter\CodeIgniter->runController(Object(App\Controllers\ItemRequest))
 9 SYSTEMPATH\CodeIgniter.php(366): CodeIgniter\CodeIgniter->handleRequest(null, Object(Config\Cache), false)
10 FCPATH\index.php(67): CodeIgniter\CodeIgniter->run()
CRITICAL - 2024-03-31 04:11:39 --> Undefined variable $Item_List
in APPPATH\Views\sys\itemrequest\reqItem.php on line 103.
 1 APPPATH\Views\sys\itemrequest\reqItem.php(103): CodeIgniter\Debug\Exceptions->errorHandler(2, 'Undefined variable $Item_List', 'C:\\xampp\\htdocs\\IPMS\\app\\Views\\sys\\itemrequest\\reqItem.php', 103)
 2 SYSTEMPATH\View\View.php(224): include('C:\\xampp\\htdocs\\IPMS\\app\\Views\\sys\\itemrequest\\reqItem.php')
 3 SYSTEMPATH\View\View.php(227): CodeIgniter\View\View->CodeIgniter\View\{closure}()
 4 SYSTEMPATH\Common.php(1176): CodeIgniter\View\View->render('sys/itemrequest/reqItem', [], true)
 5 APPPATH\Controllers\ItemRequest.php(187): view('sys/itemrequest/reqItem', [...])
 6 APPPATH\Controllers\ItemRequest.php(56): App\Controllers\ItemRequest->reqItem(53)
 7 SYSTEMPATH\CodeIgniter.php(932): App\Controllers\ItemRequest->createReq()
 8 SYSTEMPATH\CodeIgniter.php(497): CodeIgniter\CodeIgniter->runController(Object(App\Controllers\ItemRequest))
 9 SYSTEMPATH\CodeIgniter.php(366): CodeIgniter\CodeIgniter->handleRequest(null, Object(Config\Cache), false)
10 FCPATH\index.php(67): CodeIgniter\CodeIgniter->run()
CRITICAL - 2024-03-31 04:14:56 --> Undefined variable $Item_List
in APPPATH\Views\sys\itemrequest\reqItem.php on line 103.
 1 APPPATH\Views\sys\itemrequest\reqItem.php(103): CodeIgniter\Debug\Exceptions->errorHandler(2, 'Undefined variable $Item_List', 'C:\\xampp\\htdocs\\IPMS\\app\\Views\\sys\\itemrequest\\reqItem.php', 103)
 2 SYSTEMPATH\View\View.php(224): include('C:\\xampp\\htdocs\\IPMS\\app\\Views\\sys\\itemrequest\\reqItem.php')
 3 SYSTEMPATH\View\View.php(227): CodeIgniter\View\View->CodeIgniter\View\{closure}()
 4 SYSTEMPATH\Common.php(1176): CodeIgniter\View\View->render('sys/itemrequest/reqItem', [], true)
 5 APPPATH\Controllers\ItemRequest.php(187): view('sys/itemrequest/reqItem', [...])
 6 APPPATH\Controllers\ItemRequest.php(56): App\Controllers\ItemRequest->reqItem(54)
 7 SYSTEMPATH\CodeIgniter.php(932): App\Controllers\ItemRequest->createReq()
 8 SYSTEMPATH\CodeIgniter.php(497): CodeIgniter\CodeIgniter->runController(Object(App\Controllers\ItemRequest))
 9 SYSTEMPATH\CodeIgniter.php(366): CodeIgniter\CodeIgniter->handleRequest(null, Object(Config\Cache), false)
10 FCPATH\index.php(67): CodeIgniter\CodeIgniter->run()
CRITICAL - 2024-03-31 04:18:22 --> Class "App\Controllers\InventoryModel" not found
in APPPATH\Controllers\ItemRequest.php on line 701.
 1 SYSTEMPATH\CodeIgniter.php(932): App\Controllers\ItemRequest->getIteminventory()
 2 SYSTEMPATH\CodeIgniter.php(497): CodeIgniter\CodeIgniter->runController(Object(App\Controllers\ItemRequest))
 3 SYSTEMPATH\CodeIgniter.php(366): CodeIgniter\CodeIgniter->handleRequest(null, Object(Config\Cache), false)
 4 FCPATH\index.php(67): CodeIgniter\CodeIgniter->run()
CRITICAL - 2024-03-31 04:21:14 --> Class "App\Controllers\InventoryModel" not found
in APPPATH\Controllers\ItemRequest.php on line 701.
 1 SYSTEMPATH\CodeIgniter.php(932): App\Controllers\ItemRequest->getIteminventory()
 2 SYSTEMPATH\CodeIgniter.php(497): CodeIgniter\CodeIgniter->runController(Object(App\Controllers\ItemRequest))
 3 SYSTEMPATH\CodeIgniter.php(366): CodeIgniter\CodeIgniter->handleRequest(null, Object(Config\Cache), false)
 4 FCPATH\index.php(67): CodeIgniter\CodeIgniter->run()
CRITICAL - 2024-03-31 04:23:20 --> Class "App\Controllers\InventoryModel" not found
in APPPATH\Controllers\ItemRequest.php on line 701.
 1 SYSTEMPATH\CodeIgniter.php(932): App\Controllers\ItemRequest->getIteminventory()
 2 SYSTEMPATH\CodeIgniter.php(497): CodeIgniter\CodeIgniter->runController(Object(App\Controllers\ItemRequest))
 3 SYSTEMPATH\CodeIgniter.php(366): CodeIgniter\CodeIgniter->handleRequest(null, Object(Config\Cache), false)
 4 FCPATH\index.php(67): CodeIgniter\CodeIgniter->run()
CRITICAL - 2024-03-31 04:26:05 --> Class "App\Controllers\InventoryModel" not found
in APPPATH\Controllers\ItemRequest.php on line 701.
 1 SYSTEMPATH\CodeIgniter.php(932): App\Controllers\ItemRequest->getIteminventory()
 2 SYSTEMPATH\CodeIgniter.php(497): CodeIgniter\CodeIgniter->runController(Object(App\Controllers\ItemRequest))
 3 SYSTEMPATH\CodeIgniter.php(366): CodeIgniter\CodeIgniter->handleRequest(null, Object(Config\Cache), false)
 4 FCPATH\index.php(67): CodeIgniter\CodeIgniter->run()
CRITICAL - 2024-03-31 04:28:55 --> Class "App\Controllers\InventoryModel" not found
in APPPATH\Controllers\ItemRequest.php on line 701.
 1 SYSTEMPATH\CodeIgniter.php(932): App\Controllers\ItemRequest->getIteminventory()
 2 SYSTEMPATH\CodeIgniter.php(497): CodeIgniter\CodeIgniter->runController(Object(App\Controllers\ItemRequest))
 3 SYSTEMPATH\CodeIgniter.php(366): CodeIgniter\CodeIgniter->handleRequest(null, Object(Config\Cache), false)
 4 FCPATH\index.php(67): CodeIgniter\CodeIgniter->run()
CRITICAL - 2024-03-31 04:32:49 --> Undefined array key "id"
in APPPATH\Views\sys\itemrequest\itemNameList.php on line 4.
 1 APPPATH\Views\sys\itemrequest\itemNameList.php(4): CodeIgniter\Debug\Exceptions->errorHandler(2, 'Undefined array key "id"', 'C:\\xampp\\htdocs\\IPMS\\app\\Views\\sys\\itemrequest\\itemNameList.php', 4)
 2 SYSTEMPATH\View\View.php(224): include('C:\\xampp\\htdocs\\IPMS\\app\\Views\\sys\\itemrequest\\itemNameList.php')
 3 SYSTEMPATH\View\View.php(227): CodeIgniter\View\View->CodeIgniter\View\{closure}()
 4 SYSTEMPATH\Common.php(1176): CodeIgniter\View\View->render('sys/itemrequest/itemNameList', [], true)
 5 APPPATH\Controllers\ItemRequest.php(423): view('sys/itemrequest/itemNameList', [...])
 6 SYSTEMPATH\CodeIgniter.php(932): App\Controllers\ItemRequest->getItemName()
 7 SYSTEMPATH\CodeIgniter.php(497): CodeIgniter\CodeIgniter->runController(Object(App\Controllers\ItemRequest))
 8 SYSTEMPATH\CodeIgniter.php(366): CodeIgniter\CodeIgniter->handleRequest(null, Object(Config\Cache), false)
 9 FCPATH\index.php(67): CodeIgniter\CodeIgniter->run()
CRITICAL - 2024-03-31 04:32:54 --> Trying to access array offset on value of type null
in APPPATH\Controllers\ItemRequest.php on line 429.
 1 APPPATH\Controllers\ItemRequest.php(429): CodeIgniter\Debug\Exceptions->errorHandler(2, 'Trying to access array offset on value of type null', 'C:\\xampp\\htdocs\\IPMS\\app\\Controllers\\ItemRequest.php', 429)
 2 SYSTEMPATH\CodeIgniter.php(932): App\Controllers\ItemRequest->getItemId()
 3 SYSTEMPATH\CodeIgniter.php(497): CodeIgniter\CodeIgniter->runController(Object(App\Controllers\ItemRequest))
 4 SYSTEMPATH\CodeIgniter.php(366): CodeIgniter\CodeIgniter->handleRequest(null, Object(Config\Cache), false)
 5 FCPATH\index.php(67): CodeIgniter\CodeIgniter->run()
CRITICAL - 2024-03-31 04:32:55 --> Class "App\Controllers\InventoryModel" not found
in APPPATH\Controllers\ItemRequest.php on line 701.
 1 SYSTEMPATH\CodeIgniter.php(932): App\Controllers\ItemRequest->getIteminventory()
 2 SYSTEMPATH\CodeIgniter.php(497): CodeIgniter\CodeIgniter->runController(Object(App\Controllers\ItemRequest))
 3 SYSTEMPATH\CodeIgniter.php(366): CodeIgniter\CodeIgniter->handleRequest(null, Object(Config\Cache), false)
 4 FCPATH\index.php(67): CodeIgniter\CodeIgniter->run()
CRITICAL - 2024-03-31 04:38:45 --> Class "App\Controllers\InventoryModel" not found
in APPPATH\Controllers\ItemRequest.php on line 701.
 1 SYSTEMPATH\CodeIgniter.php(932): App\Controllers\ItemRequest->getIteminventory()
 2 SYSTEMPATH\CodeIgniter.php(497): CodeIgniter\CodeIgniter->runController(Object(App\Controllers\ItemRequest))
 3 SYSTEMPATH\CodeIgniter.php(366): CodeIgniter\CodeIgniter->handleRequest(null, Object(Config\Cache), false)
 4 FCPATH\index.php(67): CodeIgniter\CodeIgniter->run()
CRITICAL - 2024-03-31 04:43:08 --> Undefined array key "id"
in APPPATH\Views\sys\itemrequest\itemNameList.php on line 4.
 1 APPPATH\Views\sys\itemrequest\itemNameList.php(4): CodeIgniter\Debug\Exceptions->errorHandler(2, 'Undefined array key "id"', 'C:\\xampp\\htdocs\\IPMS\\app\\Views\\sys\\itemrequest\\itemNameList.php', 4)
 2 SYSTEMPATH\View\View.php(224): include('C:\\xampp\\htdocs\\IPMS\\app\\Views\\sys\\itemrequest\\itemNameList.php')
 3 SYSTEMPATH\View\View.php(227): CodeIgniter\View\View->CodeIgniter\View\{closure}()
 4 SYSTEMPATH\Common.php(1176): CodeIgniter\View\View->render('sys/itemrequest/itemNameList', [], true)
 5 APPPATH\Controllers\ItemRequest.php(423): view('sys/itemrequest/itemNameList', [...])
 6 SYSTEMPATH\CodeIgniter.php(932): App\Controllers\ItemRequest->getItemName()
 7 SYSTEMPATH\CodeIgniter.php(497): CodeIgniter\CodeIgniter->runController(Object(App\Controllers\ItemRequest))
 8 SYSTEMPATH\CodeIgniter.php(366): CodeIgniter\CodeIgniter->handleRequest(null, Object(Config\Cache), false)
 9 FCPATH\index.php(67): CodeIgniter\CodeIgniter->run()
CRITICAL - 2024-03-31 04:43:32 --> Undefined array key "id"
in APPPATH\Views\sys\itemrequest\itemNameList.php on line 4.
 1 APPPATH\Views\sys\itemrequest\itemNameList.php(4): CodeIgniter\Debug\Exceptions->errorHandler(2, 'Undefined array key "id"', 'C:\\xampp\\htdocs\\IPMS\\app\\Views\\sys\\itemrequest\\itemNameList.php', 4)
 2 SYSTEMPATH\View\View.php(224): include('C:\\xampp\\htdocs\\IPMS\\app\\Views\\sys\\itemrequest\\itemNameList.php')
 3 SYSTEMPATH\View\View.php(227): CodeIgniter\View\View->CodeIgniter\View\{closure}()
 4 SYSTEMPATH\Common.php(1176): CodeIgniter\View\View->render('sys/itemrequest/itemNameList', [], true)
 5 APPPATH\Controllers\ItemRequest.php(423): view('sys/itemrequest/itemNameList', [...])
 6 SYSTEMPATH\CodeIgniter.php(932): App\Controllers\ItemRequest->getItemName()
 7 SYSTEMPATH\CodeIgniter.php(497): CodeIgniter\CodeIgniter->runController(Object(App\Controllers\ItemRequest))
 8 SYSTEMPATH\CodeIgniter.php(366): CodeIgniter\CodeIgniter->handleRequest(null, Object(Config\Cache), false)
 9 FCPATH\index.php(67): CodeIgniter\CodeIgniter->run()
CRITICAL - 2024-03-31 04:44:39 --> Undefined array key "id"
in APPPATH\Views\sys\itemrequest\itemNameList.php on line 4.
 1 APPPATH\Views\sys\itemrequest\itemNameList.php(4): CodeIgniter\Debug\Exceptions->errorHandler(2, 'Undefined array key "id"', 'C:\\xampp\\htdocs\\IPMS\\app\\Views\\sys\\itemrequest\\itemNameList.php', 4)
 2 SYSTEMPATH\View\View.php(224): include('C:\\xampp\\htdocs\\IPMS\\app\\Views\\sys\\itemrequest\\itemNameList.php')
 3 SYSTEMPATH\View\View.php(227): CodeIgniter\View\View->CodeIgniter\View\{closure}()
 4 SYSTEMPATH\Common.php(1176): CodeIgniter\View\View->render('sys/itemrequest/itemNameList', [], true)
 5 APPPATH\Controllers\ItemRequest.php(423): view('sys/itemrequest/itemNameList', [...])
 6 SYSTEMPATH\CodeIgniter.php(932): App\Controllers\ItemRequest->getItemName()
 7 SYSTEMPATH\CodeIgniter.php(497): CodeIgniter\CodeIgniter->runController(Object(App\Controllers\ItemRequest))
 8 SYSTEMPATH\CodeIgniter.php(366): CodeIgniter\CodeIgniter->handleRequest(null, Object(Config\Cache), false)
 9 FCPATH\index.php(67): CodeIgniter\CodeIgniter->run()
CRITICAL - 2024-03-31 06:17:41 --> Invalid file: "sys/viewmore/add.php"
in SYSTEMPATH\Exceptions\FrameworkException.php on line 33.
 1 SYSTEMPATH\View\View.php(212): CodeIgniter\Exceptions\FrameworkException::forInvalidFile('sys/viewmore/add.php')
 2 SYSTEMPATH\Common.php(1176): CodeIgniter\View\View->render('sys/viewmore/add', [], true)
 3 APPPATH\Controllers\Inventory.php(127): view('sys/viewmore/add', [...])
 4 SYSTEMPATH\CodeIgniter.php(932): App\Controllers\Inventory->viewmore('103')
 5 SYSTEMPATH\CodeIgniter.php(497): CodeIgniter\CodeIgniter->runController(Object(App\Controllers\Inventory))
 6 SYSTEMPATH\CodeIgniter.php(366): CodeIgniter\CodeIgniter->handleRequest(null, Object(Config\Cache), false)
 7 FCPATH\index.php(67): CodeIgniter\CodeIgniter->run()
CRITICAL - 2024-03-31 06:18:18 --> Invalid file: "sys/viewmore/add.php"
in SYSTEMPATH\Exceptions\FrameworkException.php on line 33.
 1 SYSTEMPATH\View\View.php(212): CodeIgniter\Exceptions\FrameworkException::forInvalidFile('sys/viewmore/add.php')
 2 SYSTEMPATH\Common.php(1176): CodeIgniter\View\View->render('sys/viewmore/add', [], true)
 3 APPPATH\Controllers\Inventory.php(127): view('sys/viewmore/add', [...])
 4 SYSTEMPATH\CodeIgniter.php(932): App\Controllers\Inventory->viewmore('103')
 5 SYSTEMPATH\CodeIgniter.php(497): CodeIgniter\CodeIgniter->runController(Object(App\Controllers\Inventory))
 6 SYSTEMPATH\CodeIgniter.php(366): CodeIgniter\CodeIgniter->handleRequest(null, Object(Config\Cache), false)
 7 FCPATH\index.php(67): CodeIgniter\CodeIgniter->run()
CRITICAL - 2024-03-31 06:18:21 --> Invalid file: "sys/viewmore/add.php"
in SYSTEMPATH\Exceptions\FrameworkException.php on line 33.
 1 SYSTEMPATH\View\View.php(212): CodeIgniter\Exceptions\FrameworkException::forInvalidFile('sys/viewmore/add.php')
 2 SYSTEMPATH\Common.php(1176): CodeIgniter\View\View->render('sys/viewmore/add', [], true)
 3 APPPATH\Controllers\Inventory.php(127): view('sys/viewmore/add', [...])
 4 SYSTEMPATH\CodeIgniter.php(932): App\Controllers\Inventory->viewmore('103')
 5 SYSTEMPATH\CodeIgniter.php(497): CodeIgniter\CodeIgniter->runController(Object(App\Controllers\Inventory))
 6 SYSTEMPATH\CodeIgniter.php(366): CodeIgniter\CodeIgniter->handleRequest(null, Object(Config\Cache), false)
 7 FCPATH\index.php(67): CodeIgniter\CodeIgniter->run()
CRITICAL - 2024-03-31 06:20:14 --> Invalid file: "sys/viewmore/add.php"
in SYSTEMPATH\Exceptions\FrameworkException.php on line 33.
 1 SYSTEMPATH\View\View.php(212): CodeIgniter\Exceptions\FrameworkException::forInvalidFile('sys/viewmore/add.php')
 2 SYSTEMPATH\Common.php(1176): CodeIgniter\View\View->render('sys/viewmore/add', [], true)
 3 APPPATH\Controllers\Inventory.php(127): view('sys/viewmore/add', [...])
 4 SYSTEMPATH\CodeIgniter.php(932): App\Controllers\Inventory->viewmore('103')
 5 SYSTEMPATH\CodeIgniter.php(497): CodeIgniter\CodeIgniter->runController(Object(App\Controllers\Inventory))
 6 SYSTEMPATH\CodeIgniter.php(366): CodeIgniter\CodeIgniter->handleRequest(null, Object(Config\Cache), false)
 7 FCPATH\index.php(67): CodeIgniter\CodeIgniter->run()
CRITICAL - 2024-03-31 06:20:17 --> Invalid file: "sys/viewmore/add.php"
in SYSTEMPATH\Exceptions\FrameworkException.php on line 33.
 1 SYSTEMPATH\View\View.php(212): CodeIgniter\Exceptions\FrameworkException::forInvalidFile('sys/viewmore/add.php')
 2 SYSTEMPATH\Common.php(1176): CodeIgniter\View\View->render('sys/viewmore/add', [], true)
 3 APPPATH\Controllers\Inventory.php(127): view('sys/viewmore/add', [...])
 4 SYSTEMPATH\CodeIgniter.php(932): App\Controllers\Inventory->viewmore('103')
 5 SYSTEMPATH\CodeIgniter.php(497): CodeIgniter\CodeIgniter->runController(Object(App\Controllers\Inventory))
 6 SYSTEMPATH\CodeIgniter.php(366): CodeIgniter\CodeIgniter->handleRequest(null, Object(Config\Cache), false)
 7 FCPATH\index.php(67): CodeIgniter\CodeIgniter->run()
CRITICAL - 2024-03-31 06:20:36 --> Invalid file: "sys/viewmore/add.php"
in SYSTEMPATH\Exceptions\FrameworkException.php on line 33.
 1 SYSTEMPATH\View\View.php(212): CodeIgniter\Exceptions\FrameworkException::forInvalidFile('sys/viewmore/add.php')
 2 SYSTEMPATH\Common.php(1176): CodeIgniter\View\View->render('sys/viewmore/add', [], true)
 3 APPPATH\Controllers\Inventory.php(127): view('sys/viewmore/add', [...])
 4 SYSTEMPATH\CodeIgniter.php(932): App\Controllers\Inventory->viewmore('103')
 5 SYSTEMPATH\CodeIgniter.php(497): CodeIgniter\CodeIgniter->runController(Object(App\Controllers\Inventory))
 6 SYSTEMPATH\CodeIgniter.php(366): CodeIgniter\CodeIgniter->handleRequest(null, Object(Config\Cache), false)
 7 FCPATH\index.php(67): CodeIgniter\CodeIgniter->run()
CRITICAL - 2024-03-31 06:22:18 --> Invalid file: "sys/viewmore/add.php"
in SYSTEMPATH\Exceptions\FrameworkException.php on line 33.
 1 SYSTEMPATH\View\View.php(212): CodeIgniter\Exceptions\FrameworkException::forInvalidFile('sys/viewmore/add.php')
 2 SYSTEMPATH\Common.php(1176): CodeIgniter\View\View->render('sys/viewmore/add', [], true)
 3 APPPATH\Controllers\Inventory.php(127): view('sys/viewmore/add', [...])
 4 SYSTEMPATH\CodeIgniter.php(932): App\Controllers\Inventory->viewmore('103')
 5 SYSTEMPATH\CodeIgniter.php(497): CodeIgniter\CodeIgniter->runController(Object(App\Controllers\Inventory))
 6 SYSTEMPATH\CodeIgniter.php(366): CodeIgniter\CodeIgniter->handleRequest(null, Object(Config\Cache), false)
 7 FCPATH\index.php(67): CodeIgniter\CodeIgniter->run()
CRITICAL - 2024-03-31 06:22:24 --> Invalid file: "sys/viewmore/add.php"
in SYSTEMPATH\Exceptions\FrameworkException.php on line 33.
 1 SYSTEMPATH\View\View.php(212): CodeIgniter\Exceptions\FrameworkException::forInvalidFile('sys/viewmore/add.php')
 2 SYSTEMPATH\Common.php(1176): CodeIgniter\View\View->render('sys/viewmore/add', [], true)
 3 APPPATH\Controllers\Inventory.php(127): view('sys/viewmore/add', [...])
 4 SYSTEMPATH\CodeIgniter.php(932): App\Controllers\Inventory->viewmore('103')
 5 SYSTEMPATH\CodeIgniter.php(497): CodeIgniter\CodeIgniter->runController(Object(App\Controllers\Inventory))
 6 SYSTEMPATH\CodeIgniter.php(366): CodeIgniter\CodeIgniter->handleRequest(null, Object(Config\Cache), false)
 7 FCPATH\index.php(67): CodeIgniter\CodeIgniter->run()
CRITICAL - 2024-03-31 06:23:49 --> Undefined array key "Quantity"
in APPPATH\Views\sys\inventory\viewmore.php on line 100.
 1 APPPATH\Views\sys\inventory\viewmore.php(100): CodeIgniter\Debug\Exceptions->errorHandler(2, 'Undefined array key "Quantity"', 'C:\\xampp\\htdocs\\IPMS\\app\\Views\\sys\\inventory\\viewmore.php', 100)
 2 SYSTEMPATH\View\View.php(224): include('C:\\xampp\\htdocs\\IPMS\\app\\Views\\sys\\inventory\\viewmore.php')
 3 SYSTEMPATH\View\View.php(227): CodeIgniter\View\View->CodeIgniter\View\{closure}()
 4 SYSTEMPATH\Common.php(1176): CodeIgniter\View\View->render('sys/inventory/viewmore', [], true)
 5 APPPATH\Controllers\Inventory.php(127): view('sys/inventory/viewmore', [...])
 6 SYSTEMPATH\CodeIgniter.php(932): App\Controllers\Inventory->viewmore('103')
 7 SYSTEMPATH\CodeIgniter.php(497): CodeIgniter\CodeIgniter->runController(Object(App\Controllers\Inventory))
 8 SYSTEMPATH\CodeIgniter.php(366): CodeIgniter\CodeIgniter->handleRequest(null, Object(Config\Cache), false)
 9 FCPATH\index.php(67): CodeIgniter\CodeIgniter->run()
CRITICAL - 2024-03-31 06:23:54 --> Undefined array key "Quantity"
in APPPATH\Views\sys\inventory\viewmore.php on line 100.
 1 APPPATH\Views\sys\inventory\viewmore.php(100): CodeIgniter\Debug\Exceptions->errorHandler(2, 'Undefined array key "Quantity"', 'C:\\xampp\\htdocs\\IPMS\\app\\Views\\sys\\inventory\\viewmore.php', 100)
 2 SYSTEMPATH\View\View.php(224): include('C:\\xampp\\htdocs\\IPMS\\app\\Views\\sys\\inventory\\viewmore.php')
 3 SYSTEMPATH\View\View.php(227): CodeIgniter\View\View->CodeIgniter\View\{closure}()
 4 SYSTEMPATH\Common.php(1176): CodeIgniter\View\View->render('sys/inventory/viewmore', [], true)
 5 APPPATH\Controllers\Inventory.php(127): view('sys/inventory/viewmore', [...])
 6 SYSTEMPATH\CodeIgniter.php(932): App\Controllers\Inventory->viewmore('103')
 7 SYSTEMPATH\CodeIgniter.php(497): CodeIgniter\CodeIgniter->runController(Object(App\Controllers\Inventory))
 8 SYSTEMPATH\CodeIgniter.php(366): CodeIgniter\CodeIgniter->handleRequest(null, Object(Config\Cache), false)
 9 FCPATH\index.php(67): CodeIgniter\CodeIgniter->run()
CRITICAL - 2024-03-31 06:24:32 --> Undefined array key "Quantity"
in APPPATH\Views\sys\inventory\viewmore.php on line 104.
 1 APPPATH\Views\sys\inventory\viewmore.php(104): CodeIgniter\Debug\Exceptions->errorHandler(2, 'Undefined array key "Quantity"', 'C:\\xampp\\htdocs\\IPMS\\app\\Views\\sys\\inventory\\viewmore.php', 104)
 2 SYSTEMPATH\View\View.php(224): include('C:\\xampp\\htdocs\\IPMS\\app\\Views\\sys\\inventory\\viewmore.php')
 3 SYSTEMPATH\View\View.php(227): CodeIgniter\View\View->CodeIgniter\View\{closure}()
 4 SYSTEMPATH\Common.php(1176): CodeIgniter\View\View->render('sys/inventory/viewmore', [], true)
 5 APPPATH\Controllers\Inventory.php(127): view('sys/inventory/viewmore', [...])
 6 SYSTEMPATH\CodeIgniter.php(932): App\Controllers\Inventory->viewmore('103')
 7 SYSTEMPATH\CodeIgniter.php(497): CodeIgniter\CodeIgniter->runController(Object(App\Controllers\Inventory))
 8 SYSTEMPATH\CodeIgniter.php(366): CodeIgniter\CodeIgniter->handleRequest(null, Object(Config\Cache), false)
 9 FCPATH\index.php(67): CodeIgniter\CodeIgniter->run()
CRITICAL - 2024-03-31 06:51:52 --> Undefined array key "ItemName"
in APPPATH\Views\sys\itemrequest\itemNameList.php on line 4.
 1 APPPATH\Views\sys\itemrequest\itemNameList.php(4): CodeIgniter\Debug\Exceptions->errorHandler(2, 'Undefined array key "ItemName"', 'C:\\xampp\\htdocs\\IPMS\\app\\Views\\sys\\itemrequest\\itemNameList.php', 4)
 2 SYSTEMPATH\View\View.php(224): include('C:\\xampp\\htdocs\\IPMS\\app\\Views\\sys\\itemrequest\\itemNameList.php')
 3 SYSTEMPATH\View\View.php(227): CodeIgniter\View\View->CodeIgniter\View\{closure}()
 4 SYSTEMPATH\Common.php(1176): CodeIgniter\View\View->render('sys/itemrequest/itemNameList', [], true)
 5 APPPATH\Controllers\ItemRequest.php(423): view('sys/itemrequest/itemNameList', [...])
 6 SYSTEMPATH\CodeIgniter.php(932): App\Controllers\ItemRequest->getItemName()
 7 SYSTEMPATH\CodeIgniter.php(497): CodeIgniter\CodeIgniter->runController(Object(App\Controllers\ItemRequest))
 8 SYSTEMPATH\CodeIgniter.php(366): CodeIgniter\CodeIgniter->handleRequest(null, Object(Config\Cache), false)
 9 FCPATH\index.php(67): CodeIgniter\CodeIgniter->run()
CRITICAL - 2024-03-31 06:51:57 --> Undefined array key "ItemName"
in APPPATH\Views\sys\itemrequest\itemNameList.php on line 4.
 1 APPPATH\Views\sys\itemrequest\itemNameList.php(4): CodeIgniter\Debug\Exceptions->errorHandler(2, 'Undefined array key "ItemName"', 'C:\\xampp\\htdocs\\IPMS\\app\\Views\\sys\\itemrequest\\itemNameList.php', 4)
 2 SYSTEMPATH\View\View.php(224): include('C:\\xampp\\htdocs\\IPMS\\app\\Views\\sys\\itemrequest\\itemNameList.php')
 3 SYSTEMPATH\View\View.php(227): CodeIgniter\View\View->CodeIgniter\View\{closure}()
 4 SYSTEMPATH\Common.php(1176): CodeIgniter\View\View->render('sys/itemrequest/itemNameList', [], true)
 5 APPPATH\Controllers\ItemRequest.php(423): view('sys/itemrequest/itemNameList', [...])
 6 SYSTEMPATH\CodeIgniter.php(932): App\Controllers\ItemRequest->getItemName()
 7 SYSTEMPATH\CodeIgniter.php(497): CodeIgniter\CodeIgniter->runController(Object(App\Controllers\ItemRequest))
 8 SYSTEMPATH\CodeIgniter.php(366): CodeIgniter\CodeIgniter->handleRequest(null, Object(Config\Cache), false)
 9 FCPATH\index.php(67): CodeIgniter\CodeIgniter->run()
CRITICAL - 2024-03-31 06:54:16 --> Undefined array key "ItemName"
in APPPATH\Views\sys\itemrequest\itemNameList.php on line 4.
 1 APPPATH\Views\sys\itemrequest\itemNameList.php(4): CodeIgniter\Debug\Exceptions->errorHandler(2, 'Undefined array key "ItemName"', 'C:\\xampp\\htdocs\\IPMS\\app\\Views\\sys\\itemrequest\\itemNameList.php', 4)
 2 SYSTEMPATH\View\View.php(224): include('C:\\xampp\\htdocs\\IPMS\\app\\Views\\sys\\itemrequest\\itemNameList.php')
 3 SYSTEMPATH\View\View.php(227): CodeIgniter\View\View->CodeIgniter\View\{closure}()
 4 SYSTEMPATH\Common.php(1176): CodeIgniter\View\View->render('sys/itemrequest/itemNameList', [], true)
 5 APPPATH\Controllers\ItemRequest.php(423): view('sys/itemrequest/itemNameList', [...])
 6 SYSTEMPATH\CodeIgniter.php(932): App\Controllers\ItemRequest->getItemName()
 7 SYSTEMPATH\CodeIgniter.php(497): CodeIgniter\CodeIgniter->runController(Object(App\Controllers\ItemRequest))
 8 SYSTEMPATH\CodeIgniter.php(366): CodeIgniter\CodeIgniter->handleRequest(null, Object(Config\Cache), false)
 9 FCPATH\index.php(67): CodeIgniter\CodeIgniter->run()
CRITICAL - 2024-03-31 06:55:15 --> Undefined array key "ItemName"
in APPPATH\Views\sys\itemrequest\itemNameList.php on line 4.
 1 APPPATH\Views\sys\itemrequest\itemNameList.php(4): CodeIgniter\Debug\Exceptions->errorHandler(2, 'Undefined array key "ItemName"', 'C:\\xampp\\htdocs\\IPMS\\app\\Views\\sys\\itemrequest\\itemNameList.php', 4)
 2 SYSTEMPATH\View\View.php(224): include('C:\\xampp\\htdocs\\IPMS\\app\\Views\\sys\\itemrequest\\itemNameList.php')
 3 SYSTEMPATH\View\View.php(227): CodeIgniter\View\View->CodeIgniter\View\{closure}()
 4 SYSTEMPATH\Common.php(1176): CodeIgniter\View\View->render('sys/itemrequest/itemNameList', [], true)
 5 APPPATH\Controllers\ItemRequest.php(423): view('sys/itemrequest/itemNameList', [...])
 6 SYSTEMPATH\CodeIgniter.php(932): App\Controllers\ItemRequest->getItemName()
 7 SYSTEMPATH\CodeIgniter.php(497): CodeIgniter\CodeIgniter->runController(Object(App\Controllers\ItemRequest))
 8 SYSTEMPATH\CodeIgniter.php(366): CodeIgniter\CodeIgniter->handleRequest(null, Object(Config\Cache), false)
 9 FCPATH\index.php(67): CodeIgniter\CodeIgniter->run()
CRITICAL - 2024-03-31 06:55:22 --> Undefined array key "id"
in APPPATH\Views\sys\itemrequest\itemCategories.php on line 5.
 1 APPPATH\Views\sys\itemrequest\itemCategories.php(5): CodeIgniter\Debug\Exceptions->errorHandler(2, 'Undefined array key "id"', 'C:\\xampp\\htdocs\\IPMS\\app\\Views\\sys\\itemrequest\\itemCategories.php', 5)
 2 SYSTEMPATH\View\View.php(224): include('C:\\xampp\\htdocs\\IPMS\\app\\Views\\sys\\itemrequest\\itemCategories.php')
 3 SYSTEMPATH\View\View.php(227): CodeIgniter\View\View->CodeIgniter\View\{closure}()
 4 SYSTEMPATH\Common.php(1176): CodeIgniter\View\View->render('sys/itemrequest/itemCategories', [], true)
 5 APPPATH\Controllers\ItemRequest.php(415): view('sys/itemrequest/itemCategories', [...])
 6 SYSTEMPATH\CodeIgniter.php(932): App\Controllers\ItemRequest->getItemCategory()
 7 SYSTEMPATH\CodeIgniter.php(497): CodeIgniter\CodeIgniter->runController(Object(App\Controllers\ItemRequest))
 8 SYSTEMPATH\CodeIgniter.php(366): CodeIgniter\CodeIgniter->handleRequest(null, Object(Config\Cache), false)
 9 FCPATH\index.php(67): CodeIgniter\CodeIgniter->run()
CRITICAL - 2024-03-31 06:55:55 --> Undefined array key "id"
in APPPATH\Views\sys\itemrequest\itemCategories.php on line 5.
 1 APPPATH\Views\sys\itemrequest\itemCategories.php(5): CodeIgniter\Debug\Exceptions->errorHandler(2, 'Undefined array key "id"', 'C:\\xampp\\htdocs\\IPMS\\app\\Views\\sys\\itemrequest\\itemCategories.php', 5)
 2 SYSTEMPATH\View\View.php(224): include('C:\\xampp\\htdocs\\IPMS\\app\\Views\\sys\\itemrequest\\itemCategories.php')
 3 SYSTEMPATH\View\View.php(227): CodeIgniter\View\View->CodeIgniter\View\{closure}()
 4 SYSTEMPATH\Common.php(1176): CodeIgniter\View\View->render('sys/itemrequest/itemCategories', [], true)
 5 APPPATH\Controllers\ItemRequest.php(415): view('sys/itemrequest/itemCategories', [...])
 6 SYSTEMPATH\CodeIgniter.php(932): App\Controllers\ItemRequest->getItemCategory()
 7 SYSTEMPATH\CodeIgniter.php(497): CodeIgniter\CodeIgniter->runController(Object(App\Controllers\ItemRequest))
 8 SYSTEMPATH\CodeIgniter.php(366): CodeIgniter\CodeIgniter->handleRequest(null, Object(Config\Cache), false)
 9 FCPATH\index.php(67): CodeIgniter\CodeIgniter->run()
CRITICAL - 2024-03-31 06:57:00 --> Undefined array key "id"
in APPPATH\Views\sys\itemrequest\itemCategories.php on line 5.
 1 APPPATH\Views\sys\itemrequest\itemCategories.php(5): CodeIgniter\Debug\Exceptions->errorHandler(2, 'Undefined array key "id"', 'C:\\xampp\\htdocs\\IPMS\\app\\Views\\sys\\itemrequest\\itemCategories.php', 5)
 2 SYSTEMPATH\View\View.php(224): include('C:\\xampp\\htdocs\\IPMS\\app\\Views\\sys\\itemrequest\\itemCategories.php')
 3 SYSTEMPATH\View\View.php(227): CodeIgniter\View\View->CodeIgniter\View\{closure}()
 4 SYSTEMPATH\Common.php(1176): CodeIgniter\View\View->render('sys/itemrequest/itemCategories', [], true)
 5 APPPATH\Controllers\ItemRequest.php(415): view('sys/itemrequest/itemCategories', [...])
 6 SYSTEMPATH\CodeIgniter.php(932): App\Controllers\ItemRequest->getItemCategory()
 7 SYSTEMPATH\CodeIgniter.php(497): CodeIgniter\CodeIgniter->runController(Object(App\Controllers\ItemRequest))
 8 SYSTEMPATH\CodeIgniter.php(366): CodeIgniter\CodeIgniter->handleRequest(null, Object(Config\Cache), false)
 9 FCPATH\index.php(67): CodeIgniter\CodeIgniter->run()
CRITICAL - 2024-03-31 06:59:24 --> Undefined array key "ItemName"
in APPPATH\Views\sys\itemrequest\itemNameList.php on line 4.
 1 APPPATH\Views\sys\itemrequest\itemNameList.php(4): CodeIgniter\Debug\Exceptions->errorHandler(2, 'Undefined array key "ItemName"', 'C:\\xampp\\htdocs\\IPMS\\app\\Views\\sys\\itemrequest\\itemNameList.php', 4)
 2 SYSTEMPATH\View\View.php(224): include('C:\\xampp\\htdocs\\IPMS\\app\\Views\\sys\\itemrequest\\itemNameList.php')
 3 SYSTEMPATH\View\View.php(227): CodeIgniter\View\View->CodeIgniter\View\{closure}()
 4 SYSTEMPATH\Common.php(1176): CodeIgniter\View\View->render('sys/itemrequest/itemNameList', [], true)
 5 APPPATH\Controllers\ItemRequest.php(423): view('sys/itemrequest/itemNameList', [...])
 6 SYSTEMPATH\CodeIgniter.php(932): App\Controllers\ItemRequest->getItemName()
 7 SYSTEMPATH\CodeIgniter.php(497): CodeIgniter\CodeIgniter->runController(Object(App\Controllers\ItemRequest))
 8 SYSTEMPATH\CodeIgniter.php(366): CodeIgniter\CodeIgniter->handleRequest(null, Object(Config\Cache), false)
 9 FCPATH\index.php(67): CodeIgniter\CodeIgniter->run()
CRITICAL - 2024-03-31 07:01:19 --> Undefined array key "ItemName"
in APPPATH\Views\sys\itemrequest\itemNameList.php on line 4.
 1 APPPATH\Views\sys\itemrequest\itemNameList.php(4): CodeIgniter\Debug\Exceptions->errorHandler(2, 'Undefined array key "ItemName"', 'C:\\xampp\\htdocs\\IPMS\\app\\Views\\sys\\itemrequest\\itemNameList.php', 4)
 2 SYSTEMPATH\View\View.php(224): include('C:\\xampp\\htdocs\\IPMS\\app\\Views\\sys\\itemrequest\\itemNameList.php')
 3 SYSTEMPATH\View\View.php(227): CodeIgniter\View\View->CodeIgniter\View\{closure}()
 4 SYSTEMPATH\Common.php(1176): CodeIgniter\View\View->render('sys/itemrequest/itemNameList', [], true)
 5 APPPATH\Controllers\ItemRequest.php(423): view('sys/itemrequest/itemNameList', [...])
 6 SYSTEMPATH\CodeIgniter.php(932): App\Controllers\ItemRequest->getItemName()
 7 SYSTEMPATH\CodeIgniter.php(497): CodeIgniter\CodeIgniter->runController(Object(App\Controllers\ItemRequest))
 8 SYSTEMPATH\CodeIgniter.php(366): CodeIgniter\CodeIgniter->handleRequest(null, Object(Config\Cache), false)
 9 FCPATH\index.php(67): CodeIgniter\CodeIgniter->run()
CRITICAL - 2024-03-31 07:55:18 --> Undefined variable $id
in APPPATH\Controllers\Procurement.php on line 136.
 1 APPPATH\Controllers\Procurement.php(136): CodeIgniter\Debug\Exceptions->errorHandler(2, 'Undefined variable $id', 'C:\\xampp\\htdocs\\IPMS\\app\\Controllers\\Procurement.php', 136)
 2 SYSTEMPATH\CodeIgniter.php(932): App\Controllers\Procurement->OpeningCreateMeeting()
 3 SYSTEMPATH\CodeIgniter.php(497): CodeIgniter\CodeIgniter->runController(Object(App\Controllers\Procurement))
 4 SYSTEMPATH\CodeIgniter.php(366): CodeIgniter\CodeIgniter->handleRequest(null, Object(Config\Cache), false)
 5 FCPATH\index.php(67): CodeIgniter\CodeIgniter->run()
ERROR - 2024-03-31 07:57:05 --> Email: sendWithSmtp throwed ErrorException: fsockopen(): php_network_getaddresses: getaddrinfo for smtp.gmail.com failed: No such host is known.  in C:\xampp\htdocs\IPMS\system\Email\Email.php:1863
Stack trace:
#0 [internal function]: CodeIgniter\Debug\Exceptions->errorHandler(2, 'fsockopen(): ph...', 'C:\\xampp\\htdocs...', 1863)
#1 C:\xampp\htdocs\IPMS\system\Email\Email.php(1863): fsockopen('smtp.gmail.com', 587, NULL, NULL, 5)
#2 C:\xampp\htdocs\IPMS\system\Email\Email.php(1782): CodeIgniter\Email\Email->SMTPConnect()
#3 C:\xampp\htdocs\IPMS\system\Email\Email.php(1667): CodeIgniter\Email\Email->sendWithSmtp()
#4 C:\xampp\htdocs\IPMS\system\Email\Email.php(1565): CodeIgniter\Email\Email->spoolEmail()
#5 C:\xampp\htdocs\IPMS\app\Controllers\Procurement.php(185): CodeIgniter\Email\Email->send()
#6 C:\xampp\htdocs\IPMS\system\CodeIgniter.php(932): App\Controllers\Procurement->OpeningCreateMeeting()
#7 C:\xampp\htdocs\IPMS\system\CodeIgniter.php(497): CodeIgniter\CodeIgniter->runController(Object(App\Controllers\Procurement))
#8 C:\xampp\htdocs\IPMS\system\CodeIgniter.php(366): CodeIgniter\CodeIgniter->handleRequest(NULL, Object(Config\Cache), false)
#9 C:\xampp\htdocs\IPMS\index.php(67): CodeIgniter\CodeIgniter->run()
#10 {main}
ERROR - 2024-03-31 07:57:05 --> Email: Unable to send email using SMTP. Your server might not be configured to send mail using this method.
ERROR - 2024-03-31 07:57:05 --> 
ERROR - 2024-03-31 07:57:05 --> Email: sendWithSmtp throwed ErrorException: fsockopen(): php_network_getaddresses: getaddrinfo for smtp.gmail.com failed: No such host is known.  in C:\xampp\htdocs\IPMS\system\Email\Email.php:1863
Stack trace:
#0 [internal function]: CodeIgniter\Debug\Exceptions->errorHandler(2, 'fsockopen(): ph...', 'C:\\xampp\\htdocs...', 1863)
#1 C:\xampp\htdocs\IPMS\system\Email\Email.php(1863): fsockopen('smtp.gmail.com', 587, NULL, NULL, 5)
#2 C:\xampp\htdocs\IPMS\system\Email\Email.php(1782): CodeIgniter\Email\Email->SMTPConnect()
#3 C:\xampp\htdocs\IPMS\system\Email\Email.php(1667): CodeIgniter\Email\Email->sendWithSmtp()
#4 C:\xampp\htdocs\IPMS\system\Email\Email.php(1565): CodeIgniter\Email\Email->spoolEmail()
#5 C:\xampp\htdocs\IPMS\app\Controllers\Procurement.php(185): CodeIgniter\Email\Email->send()
#6 C:\xampp\htdocs\IPMS\system\CodeIgniter.php(932): App\Controllers\Procurement->OpeningCreateMeeting()
#7 C:\xampp\htdocs\IPMS\system\CodeIgniter.php(497): CodeIgniter\CodeIgniter->runController(Object(App\Controllers\Procurement))
#8 C:\xampp\htdocs\IPMS\system\CodeIgniter.php(366): CodeIgniter\CodeIgniter->handleRequest(NULL, Object(Config\Cache), false)
#9 C:\xampp\htdocs\IPMS\index.php(67): CodeIgniter\CodeIgniter->run()
#10 {main}
ERROR - 2024-03-31 07:57:05 --> Email: Unable to send email using SMTP. Your server might not be configured to send mail using this method.
ERROR - 2024-03-31 07:57:05 --> Unable to send email using SMTP. Your server might not be configured to send mail using this method.
ERROR - 2024-03-31 07:57:05 --> Email: sendWithSmtp throwed ErrorException: fsockopen(): php_network_getaddresses: getaddrinfo for smtp.gmail.com failed: No such host is known.  in C:\xampp\htdocs\IPMS\system\Email\Email.php:1863
Stack trace:
#0 [internal function]: CodeIgniter\Debug\Exceptions->errorHandler(2, 'fsockopen(): ph...', 'C:\\xampp\\htdocs...', 1863)
#1 C:\xampp\htdocs\IPMS\system\Email\Email.php(1863): fsockopen('smtp.gmail.com', 587, NULL, NULL, 5)
#2 C:\xampp\htdocs\IPMS\system\Email\Email.php(1782): CodeIgniter\Email\Email->SMTPConnect()
#3 C:\xampp\htdocs\IPMS\system\Email\Email.php(1667): CodeIgniter\Email\Email->sendWithSmtp()
#4 C:\xampp\htdocs\IPMS\system\Email\Email.php(1565): CodeIgniter\Email\Email->spoolEmail()
#5 C:\xampp\htdocs\IPMS\app\Controllers\Procurement.php(185): CodeIgniter\Email\Email->send()
#6 C:\xampp\htdocs\IPMS\system\CodeIgniter.php(932): App\Controllers\Procurement->OpeningCreateMeeting()
#7 C:\xampp\htdocs\IPMS\system\CodeIgniter.php(497): CodeIgniter\CodeIgniter->runController(Object(App\Controllers\Procurement))
#8 C:\xampp\htdocs\IPMS\system\CodeIgniter.php(366): CodeIgniter\CodeIgniter->handleRequest(NULL, Object(Config\Cache), false)
#9 C:\xampp\htdocs\IPMS\index.php(67): CodeIgniter\CodeIgniter->run()
#10 {main}
ERROR - 2024-03-31 07:57:05 --> Email: Unable to send email using SMTP. Your server might not be configured to send mail using this method.
ERROR - 2024-03-31 07:57:05 --> Unable to send email using SMTP. Your server might not be configured to send mail using this method.
Unable to send email using SMTP. Your server might not be configured to send mail using this method.
ERROR - 2024-03-31 07:59:50 --> mysqli_sql_exception: Illegal parameter data types int and row for operation '=' in C:\xampp\htdocs\IPMS\system\Database\MySQLi\Connection.php:295
Stack trace:
#0 C:\xampp\htdocs\IPMS\system\Database\MySQLi\Connection.php(295): mysqli->query('SELECT *\nFROM `...', 0)
#1 C:\xampp\htdocs\IPMS\system\Database\BaseConnection.php(692): CodeIgniter\Database\MySQLi\Connection->execute('SELECT *\nFROM `...')
#2 C:\xampp\htdocs\IPMS\system\Database\BaseConnection.php(606): CodeIgniter\Database\BaseConnection->simpleQuery('SELECT *\nFROM `...')
#3 C:\xampp\htdocs\IPMS\system\Database\BaseBuilder.php(1616): CodeIgniter\Database\BaseConnection->query('SELECT *\nFROM `...', Array, false)
#4 C:\xampp\htdocs\IPMS\system\Model.php(268): CodeIgniter\Database\BaseBuilder->get()
#5 C:\xampp\htdocs\IPMS\system\BaseModel.php(656): CodeIgniter\Model->doFirst()
#6 C:\xampp\htdocs\IPMS\app\Controllers\Procurement.php(167): CodeIgniter\BaseModel->first()
#7 C:\xampp\htdocs\IPMS\system\CodeIgniter.php(932): App\Controllers\Procurement->OpeningCreateMeeting()
#8 C:\xampp\htdocs\IPMS\system\CodeIgniter.php(497): CodeIgniter\CodeIgniter->runController(Object(App\Controllers\Procurement))
#9 C:\xampp\htdocs\IPMS\system\CodeIgniter.php(366): CodeIgniter\CodeIgniter->handleRequest(NULL, Object(Config\Cache), false)
#10 C:\xampp\htdocs\IPMS\index.php(67): CodeIgniter\CodeIgniter->run()
#11 {main}
CRITICAL - 2024-03-31 07:59:50 --> Illegal parameter data types int and row for operation '='
in SYSTEMPATH\Database\MySQLi\Connection.php on line 295.
 1 SYSTEMPATH\Database\MySQLi\Connection.php(295): mysqli->query('SELECT *
FROM `employee`
WHERE `id` = (\'3\',\'4\',\'6\')
 LIMIT 1', 0)
 2 SYSTEMPATH\Database\BaseConnection.php(692): CodeIgniter\Database\MySQLi\Connection->execute('SELECT *
FROM `employee`
WHERE `id` = (\'3\',\'4\',\'6\')
 LIMIT 1')
 3 SYSTEMPATH\Database\BaseConnection.php(606): CodeIgniter\Database\BaseConnection->simpleQuery('SELECT *
FROM `employee`
WHERE `id` = (\'3\',\'4\',\'6\')
 LIMIT 1')
 4 SYSTEMPATH\Database\BaseBuilder.php(1616): CodeIgniter\Database\BaseConnection->query('SELECT *
FROM `employee`
WHERE `id` = :id:
 LIMIT 1', [...], false)
 5 SYSTEMPATH\Model.php(268): CodeIgniter\Database\BaseBuilder->get()
 6 SYSTEMPATH\BaseModel.php(656): CodeIgniter\Model->doFirst()
 7 APPPATH\Controllers\Procurement.php(167): CodeIgniter\BaseModel->first()
 8 SYSTEMPATH\CodeIgniter.php(932): App\Controllers\Procurement->OpeningCreateMeeting()
 9 SYSTEMPATH\CodeIgniter.php(497): CodeIgniter\CodeIgniter->runController(Object(App\Controllers\Procurement))
10 SYSTEMPATH\CodeIgniter.php(366): CodeIgniter\CodeIgniter->handleRequest(null, Object(Config\Cache), false)
11 FCPATH\index.php(67): CodeIgniter\CodeIgniter->run()
ERROR - 2024-03-31 08:16:43 --> mysqli_sql_exception: Illegal parameter data types int and row for operation '=' in C:\xampp\htdocs\IPMS\system\Database\MySQLi\Connection.php:295
Stack trace:
#0 C:\xampp\htdocs\IPMS\system\Database\MySQLi\Connection.php(295): mysqli->query('SELECT *\nFROM `...', 0)
#1 C:\xampp\htdocs\IPMS\system\Database\BaseConnection.php(692): CodeIgniter\Database\MySQLi\Connection->execute('SELECT *\nFROM `...')
#2 C:\xampp\htdocs\IPMS\system\Database\BaseConnection.php(606): CodeIgniter\Database\BaseConnection->simpleQuery('SELECT *\nFROM `...')
#3 C:\xampp\htdocs\IPMS\system\Database\BaseBuilder.php(1616): CodeIgniter\Database\BaseConnection->query('SELECT *\nFROM `...', Array, false)
#4 C:\xampp\htdocs\IPMS\system\Model.php(268): CodeIgniter\Database\BaseBuilder->get()
#5 C:\xampp\htdocs\IPMS\system\BaseModel.php(656): CodeIgniter\Model->doFirst()
#6 C:\xampp\htdocs\IPMS\app\Controllers\Procurement.php(167): CodeIgniter\BaseModel->first()
#7 C:\xampp\htdocs\IPMS\system\CodeIgniter.php(932): App\Controllers\Procurement->OpeningCreateMeeting()
#8 C:\xampp\htdocs\IPMS\system\CodeIgniter.php(497): CodeIgniter\CodeIgniter->runController(Object(App\Controllers\Procurement))
#9 C:\xampp\htdocs\IPMS\system\CodeIgniter.php(366): CodeIgniter\CodeIgniter->handleRequest(NULL, Object(Config\Cache), false)
#10 C:\xampp\htdocs\IPMS\index.php(67): CodeIgniter\CodeIgniter->run()
#11 {main}
CRITICAL - 2024-03-31 08:16:43 --> Illegal parameter data types int and row for operation '='
in SYSTEMPATH\Database\MySQLi\Connection.php on line 295.
 1 SYSTEMPATH\Database\MySQLi\Connection.php(295): mysqli->query('SELECT *
FROM `employee`
WHERE `id` = (\'3\',\'4\',\'6\')
 LIMIT 1', 0)
 2 SYSTEMPATH\Database\BaseConnection.php(692): CodeIgniter\Database\MySQLi\Connection->execute('SELECT *
FROM `employee`
WHERE `id` = (\'3\',\'4\',\'6\')
 LIMIT 1')
 3 SYSTEMPATH\Database\BaseConnection.php(606): CodeIgniter\Database\BaseConnection->simpleQuery('SELECT *
FROM `employee`
WHERE `id` = (\'3\',\'4\',\'6\')
 LIMIT 1')
 4 SYSTEMPATH\Database\BaseBuilder.php(1616): CodeIgniter\Database\BaseConnection->query('SELECT *
FROM `employee`
WHERE `id` = :id:
 LIMIT 1', [...], false)
 5 SYSTEMPATH\Model.php(268): CodeIgniter\Database\BaseBuilder->get()
 6 SYSTEMPATH\BaseModel.php(656): CodeIgniter\Model->doFirst()
 7 APPPATH\Controllers\Procurement.php(167): CodeIgniter\BaseModel->first()
 8 SYSTEMPATH\CodeIgniter.php(932): App\Controllers\Procurement->OpeningCreateMeeting()
 9 SYSTEMPATH\CodeIgniter.php(497): CodeIgniter\CodeIgniter->runController(Object(App\Controllers\Procurement))
10 SYSTEMPATH\CodeIgniter.php(366): CodeIgniter\CodeIgniter->handleRequest(null, Object(Config\Cache), false)
11 FCPATH\index.php(67): CodeIgniter\CodeIgniter->run()
ERROR - 2024-03-31 08:18:42 --> mysqli_sql_exception: Illegal parameter data types int and row for operation '=' in C:\xampp\htdocs\IPMS\system\Database\MySQLi\Connection.php:295
Stack trace:
#0 C:\xampp\htdocs\IPMS\system\Database\MySQLi\Connection.php(295): mysqli->query('SELECT *\nFROM `...', 0)
#1 C:\xampp\htdocs\IPMS\system\Database\BaseConnection.php(692): CodeIgniter\Database\MySQLi\Connection->execute('SELECT *\nFROM `...')
#2 C:\xampp\htdocs\IPMS\system\Database\BaseConnection.php(606): CodeIgniter\Database\BaseConnection->simpleQuery('SELECT *\nFROM `...')
#3 C:\xampp\htdocs\IPMS\system\Database\BaseBuilder.php(1616): CodeIgniter\Database\BaseConnection->query('SELECT *\nFROM `...', Array, false)
#4 C:\xampp\htdocs\IPMS\system\Model.php(268): CodeIgniter\Database\BaseBuilder->get()
#5 C:\xampp\htdocs\IPMS\system\BaseModel.php(656): CodeIgniter\Model->doFirst()
#6 C:\xampp\htdocs\IPMS\app\Controllers\Procurement.php(136): CodeIgniter\BaseModel->first()
#7 C:\xampp\htdocs\IPMS\system\CodeIgniter.php(932): App\Controllers\Procurement->OpeningCreateMeeting()
#8 C:\xampp\htdocs\IPMS\system\CodeIgniter.php(497): CodeIgniter\CodeIgniter->runController(Object(App\Controllers\Procurement))
#9 C:\xampp\htdocs\IPMS\system\CodeIgniter.php(366): CodeIgniter\CodeIgniter->handleRequest(NULL, Object(Config\Cache), false)
#10 C:\xampp\htdocs\IPMS\index.php(67): CodeIgniter\CodeIgniter->run()
#11 {main}
CRITICAL - 2024-03-31 08:18:42 --> Illegal parameter data types int and row for operation '='
in SYSTEMPATH\Database\MySQLi\Connection.php on line 295.
 1 SYSTEMPATH\Database\MySQLi\Connection.php(295): mysqli->query('SELECT *
FROM `employee`
WHERE `id` = (\'3\',\'4\',\'6\')
 LIMIT 1', 0)
 2 SYSTEMPATH\Database\BaseConnection.php(692): CodeIgniter\Database\MySQLi\Connection->execute('SELECT *
FROM `employee`
WHERE `id` = (\'3\',\'4\',\'6\')
 LIMIT 1')
 3 SYSTEMPATH\Database\BaseConnection.php(606): CodeIgniter\Database\BaseConnection->simpleQuery('SELECT *
FROM `employee`
WHERE `id` = (\'3\',\'4\',\'6\')
 LIMIT 1')
 4 SYSTEMPATH\Database\BaseBuilder.php(1616): CodeIgniter\Database\BaseConnection->query('SELECT *
FROM `employee`
WHERE `id` = :id:
 LIMIT 1', [...], false)
 5 SYSTEMPATH\Model.php(268): CodeIgniter\Database\BaseBuilder->get()
 6 SYSTEMPATH\BaseModel.php(656): CodeIgniter\Model->doFirst()
 7 APPPATH\Controllers\Procurement.php(136): CodeIgniter\BaseModel->first()
 8 SYSTEMPATH\CodeIgniter.php(932): App\Controllers\Procurement->OpeningCreateMeeting()
 9 SYSTEMPATH\CodeIgniter.php(497): CodeIgniter\CodeIgniter->runController(Object(App\Controllers\Procurement))
10 SYSTEMPATH\CodeIgniter.php(366): CodeIgniter\CodeIgniter->handleRequest(null, Object(Config\Cache), false)
11 FCPATH\index.php(67): CodeIgniter\CodeIgniter->run()
ERROR - 2024-03-31 08:19:05 --> mysqli_sql_exception: Illegal parameter data types int and row for operation '=' in C:\xampp\htdocs\IPMS\system\Database\MySQLi\Connection.php:295
Stack trace:
#0 C:\xampp\htdocs\IPMS\system\Database\MySQLi\Connection.php(295): mysqli->query('SELECT *\nFROM `...', 0)
#1 C:\xampp\htdocs\IPMS\system\Database\BaseConnection.php(692): CodeIgniter\Database\MySQLi\Connection->execute('SELECT *\nFROM `...')
#2 C:\xampp\htdocs\IPMS\system\Database\BaseConnection.php(606): CodeIgniter\Database\BaseConnection->simpleQuery('SELECT *\nFROM `...')
#3 C:\xampp\htdocs\IPMS\system\Database\BaseBuilder.php(1616): CodeIgniter\Database\BaseConnection->query('SELECT *\nFROM `...', Array, false)
#4 C:\xampp\htdocs\IPMS\system\Model.php(268): CodeIgniter\Database\BaseBuilder->get()
#5 C:\xampp\htdocs\IPMS\system\BaseModel.php(656): CodeIgniter\Model->doFirst()
#6 C:\xampp\htdocs\IPMS\app\Controllers\Procurement.php(136): CodeIgniter\BaseModel->first()
#7 C:\xampp\htdocs\IPMS\system\CodeIgniter.php(932): App\Controllers\Procurement->OpeningCreateMeeting()
#8 C:\xampp\htdocs\IPMS\system\CodeIgniter.php(497): CodeIgniter\CodeIgniter->runController(Object(App\Controllers\Procurement))
#9 C:\xampp\htdocs\IPMS\system\CodeIgniter.php(366): CodeIgniter\CodeIgniter->handleRequest(NULL, Object(Config\Cache), false)
#10 C:\xampp\htdocs\IPMS\index.php(67): CodeIgniter\CodeIgniter->run()
#11 {main}
CRITICAL - 2024-03-31 08:19:05 --> Illegal parameter data types int and row for operation '='
in SYSTEMPATH\Database\MySQLi\Connection.php on line 295.
 1 SYSTEMPATH\Database\MySQLi\Connection.php(295): mysqli->query('SELECT *
FROM `employee`
WHERE `id` = (\'3\',\'4\',\'6\')
 LIMIT 1', 0)
 2 SYSTEMPATH\Database\BaseConnection.php(692): CodeIgniter\Database\MySQLi\Connection->execute('SELECT *
FROM `employee`
WHERE `id` = (\'3\',\'4\',\'6\')
 LIMIT 1')
 3 SYSTEMPATH\Database\BaseConnection.php(606): CodeIgniter\Database\BaseConnection->simpleQuery('SELECT *
FROM `employee`
WHERE `id` = (\'3\',\'4\',\'6\')
 LIMIT 1')
 4 SYSTEMPATH\Database\BaseBuilder.php(1616): CodeIgniter\Database\BaseConnection->query('SELECT *
FROM `employee`
WHERE `id` = :id:
 LIMIT 1', [...], false)
 5 SYSTEMPATH\Model.php(268): CodeIgniter\Database\BaseBuilder->get()
 6 SYSTEMPATH\BaseModel.php(656): CodeIgniter\Model->doFirst()
 7 APPPATH\Controllers\Procurement.php(136): CodeIgniter\BaseModel->first()
 8 SYSTEMPATH\CodeIgniter.php(932): App\Controllers\Procurement->OpeningCreateMeeting()
 9 SYSTEMPATH\CodeIgniter.php(497): CodeIgniter\CodeIgniter->runController(Object(App\Controllers\Procurement))
10 SYSTEMPATH\CodeIgniter.php(366): CodeIgniter\CodeIgniter->handleRequest(null, Object(Config\Cache), false)
11 FCPATH\index.php(67): CodeIgniter\CodeIgniter->run()
ERROR - 2024-03-31 08:29:15 --> mysqli_sql_exception: Illegal parameter data types int and row for operation '=' in C:\xampp\htdocs\IPMS\system\Database\MySQLi\Connection.php:295
Stack trace:
#0 C:\xampp\htdocs\IPMS\system\Database\MySQLi\Connection.php(295): mysqli->query('SELECT *\nFROM `...', 0)
#1 C:\xampp\htdocs\IPMS\system\Database\BaseConnection.php(692): CodeIgniter\Database\MySQLi\Connection->execute('SELECT *\nFROM `...')
#2 C:\xampp\htdocs\IPMS\system\Database\BaseConnection.php(606): CodeIgniter\Database\BaseConnection->simpleQuery('SELECT *\nFROM `...')
#3 C:\xampp\htdocs\IPMS\system\Database\BaseBuilder.php(1616): CodeIgniter\Database\BaseConnection->query('SELECT *\nFROM `...', Array, false)
#4 C:\xampp\htdocs\IPMS\system\Model.php(268): CodeIgniter\Database\BaseBuilder->get()
#5 C:\xampp\htdocs\IPMS\system\BaseModel.php(656): CodeIgniter\Model->doFirst()
#6 C:\xampp\htdocs\IPMS\app\Controllers\Procurement.php(135): CodeIgniter\BaseModel->first()
#7 C:\xampp\htdocs\IPMS\system\CodeIgniter.php(932): App\Controllers\Procurement->OpeningCreateMeeting()
#8 C:\xampp\htdocs\IPMS\system\CodeIgniter.php(497): CodeIgniter\CodeIgniter->runController(Object(App\Controllers\Procurement))
#9 C:\xampp\htdocs\IPMS\system\CodeIgniter.php(366): CodeIgniter\CodeIgniter->handleRequest(NULL, Object(Config\Cache), false)
#10 C:\xampp\htdocs\IPMS\index.php(67): CodeIgniter\CodeIgniter->run()
#11 {main}
CRITICAL - 2024-03-31 08:29:15 --> Illegal parameter data types int and row for operation '='
in SYSTEMPATH\Database\MySQLi\Connection.php on line 295.
 1 SYSTEMPATH\Database\MySQLi\Connection.php(295): mysqli->query('SELECT *
FROM `employee`
WHERE `id` = (\'3\',\'4\',\'6\')
 LIMIT 1', 0)
 2 SYSTEMPATH\Database\BaseConnection.php(692): CodeIgniter\Database\MySQLi\Connection->execute('SELECT *
FROM `employee`
WHERE `id` = (\'3\',\'4\',\'6\')
 LIMIT 1')
 3 SYSTEMPATH\Database\BaseConnection.php(606): CodeIgniter\Database\BaseConnection->simpleQuery('SELECT *
FROM `employee`
WHERE `id` = (\'3\',\'4\',\'6\')
 LIMIT 1')
 4 SYSTEMPATH\Database\BaseBuilder.php(1616): CodeIgniter\Database\BaseConnection->query('SELECT *
FROM `employee`
WHERE `id` = :id:
 LIMIT 1', [...], false)
 5 SYSTEMPATH\Model.php(268): CodeIgniter\Database\BaseBuilder->get()
 6 SYSTEMPATH\BaseModel.php(656): CodeIgniter\Model->doFirst()
 7 APPPATH\Controllers\Procurement.php(135): CodeIgniter\BaseModel->first()
 8 SYSTEMPATH\CodeIgniter.php(932): App\Controllers\Procurement->OpeningCreateMeeting()
 9 SYSTEMPATH\CodeIgniter.php(497): CodeIgniter\CodeIgniter->runController(Object(App\Controllers\Procurement))
10 SYSTEMPATH\CodeIgniter.php(366): CodeIgniter\CodeIgniter->handleRequest(null, Object(Config\Cache), false)
11 FCPATH\index.php(67): CodeIgniter\CodeIgniter->run()
CRITICAL - 2024-03-31 08:38:07 --> syntax error, unexpected variable "$rules"
in APPPATH\Controllers\Procurement.php on line 141.
 1 SYSTEMPATH\Router\Router.php(510): CodeIgniter\Router\AutoRouter->getRoute('/Procurement/OpeningCreateMeeting', 'get')
 2 SYSTEMPATH\Router\Router.php(208): CodeIgniter\Router\Router->autoRoute('/Procurement/OpeningCreateMeeting')
 3 SYSTEMPATH\CodeIgniter.php(813): CodeIgniter\Router\Router->handle('/Procurement/OpeningCreateMeeting')
 4 SYSTEMPATH\CodeIgniter.php(447): CodeIgniter\CodeIgniter->tryToRouteIt(Object(CodeIgniter\Router\RouteCollection))
 5 SYSTEMPATH\CodeIgniter.php(366): CodeIgniter\CodeIgniter->handleRequest(null, Object(Config\Cache), false)
 6 FCPATH\index.php(67): CodeIgniter\CodeIgniter->run()
ERROR - 2024-03-31 08:39:04 --> mysqli_sql_exception: Illegal parameter data types int and row for operation '=' in C:\xampp\htdocs\IPMS\system\Database\MySQLi\Connection.php:295
Stack trace:
#0 C:\xampp\htdocs\IPMS\system\Database\MySQLi\Connection.php(295): mysqli->query('SELECT *\nFROM `...', 0)
#1 C:\xampp\htdocs\IPMS\system\Database\BaseConnection.php(692): CodeIgniter\Database\MySQLi\Connection->execute('SELECT *\nFROM `...')
#2 C:\xampp\htdocs\IPMS\system\Database\BaseConnection.php(606): CodeIgniter\Database\BaseConnection->simpleQuery('SELECT *\nFROM `...')
#3 C:\xampp\htdocs\IPMS\system\Database\BaseBuilder.php(1616): CodeIgniter\Database\BaseConnection->query('SELECT *\nFROM `...', Array, false)
#4 C:\xampp\htdocs\IPMS\system\Model.php(268): CodeIgniter\Database\BaseBuilder->get()
#5 C:\xampp\htdocs\IPMS\system\BaseModel.php(656): CodeIgniter\Model->doFirst()
#6 C:\xampp\htdocs\IPMS\app\Controllers\Procurement.php(136): CodeIgniter\BaseModel->first()
#7 C:\xampp\htdocs\IPMS\system\CodeIgniter.php(932): App\Controllers\Procurement->OpeningCreateMeeting()
#8 C:\xampp\htdocs\IPMS\system\CodeIgniter.php(497): CodeIgniter\CodeIgniter->runController(Object(App\Controllers\Procurement))
#9 C:\xampp\htdocs\IPMS\system\CodeIgniter.php(366): CodeIgniter\CodeIgniter->handleRequest(NULL, Object(Config\Cache), false)
#10 C:\xampp\htdocs\IPMS\index.php(67): CodeIgniter\CodeIgniter->run()
#11 {main}
CRITICAL - 2024-03-31 08:39:04 --> Illegal parameter data types int and row for operation '='
in SYSTEMPATH\Database\MySQLi\Connection.php on line 295.
 1 SYSTEMPATH\Database\MySQLi\Connection.php(295): mysqli->query('SELECT *
FROM `employee`
WHERE `id` = (\'3\',\'4\',\'6\')
 LIMIT 1', 0)
 2 SYSTEMPATH\Database\BaseConnection.php(692): CodeIgniter\Database\MySQLi\Connection->execute('SELECT *
FROM `employee`
WHERE `id` = (\'3\',\'4\',\'6\')
 LIMIT 1')
 3 SYSTEMPATH\Database\BaseConnection.php(606): CodeIgniter\Database\BaseConnection->simpleQuery('SELECT *
FROM `employee`
WHERE `id` = (\'3\',\'4\',\'6\')
 LIMIT 1')
 4 SYSTEMPATH\Database\BaseBuilder.php(1616): CodeIgniter\Database\BaseConnection->query('SELECT *
FROM `employee`
WHERE `id` = :id:
 LIMIT 1', [...], false)
 5 SYSTEMPATH\Model.php(268): CodeIgniter\Database\BaseBuilder->get()
 6 SYSTEMPATH\BaseModel.php(656): CodeIgniter\Model->doFirst()
 7 APPPATH\Controllers\Procurement.php(136): CodeIgniter\BaseModel->first()
 8 SYSTEMPATH\CodeIgniter.php(932): App\Controllers\Procurement->OpeningCreateMeeting()
 9 SYSTEMPATH\CodeIgniter.php(497): CodeIgniter\CodeIgniter->runController(Object(App\Controllers\Procurement))
10 SYSTEMPATH\CodeIgniter.php(366): CodeIgniter\CodeIgniter->handleRequest(null, Object(Config\Cache), false)
11 FCPATH\index.php(67): CodeIgniter\CodeIgniter->run()
ERROR - 2024-03-31 08:40:30 --> mysqli_sql_exception: Illegal parameter data types int and row for operation '=' in C:\xampp\htdocs\IPMS\system\Database\MySQLi\Connection.php:295
Stack trace:
#0 C:\xampp\htdocs\IPMS\system\Database\MySQLi\Connection.php(295): mysqli->query('SELECT *\nFROM `...', 0)
#1 C:\xampp\htdocs\IPMS\system\Database\BaseConnection.php(692): CodeIgniter\Database\MySQLi\Connection->execute('SELECT *\nFROM `...')
#2 C:\xampp\htdocs\IPMS\system\Database\BaseConnection.php(606): CodeIgniter\Database\BaseConnection->simpleQuery('SELECT *\nFROM `...')
#3 C:\xampp\htdocs\IPMS\system\Database\BaseBuilder.php(1616): CodeIgniter\Database\BaseConnection->query('SELECT *\nFROM `...', Array, false)
#4 C:\xampp\htdocs\IPMS\system\Model.php(268): CodeIgniter\Database\BaseBuilder->get()
#5 C:\xampp\htdocs\IPMS\system\BaseModel.php(656): CodeIgniter\Model->doFirst()
#6 C:\xampp\htdocs\IPMS\app\Controllers\Procurement.php(136): CodeIgniter\BaseModel->first()
#7 C:\xampp\htdocs\IPMS\system\CodeIgniter.php(932): App\Controllers\Procurement->OpeningCreateMeeting()
#8 C:\xampp\htdocs\IPMS\system\CodeIgniter.php(497): CodeIgniter\CodeIgniter->runController(Object(App\Controllers\Procurement))
#9 C:\xampp\htdocs\IPMS\system\CodeIgniter.php(366): CodeIgniter\CodeIgniter->handleRequest(NULL, Object(Config\Cache), false)
#10 C:\xampp\htdocs\IPMS\index.php(67): CodeIgniter\CodeIgniter->run()
#11 {main}
CRITICAL - 2024-03-31 08:40:30 --> Illegal parameter data types int and row for operation '='
in SYSTEMPATH\Database\MySQLi\Connection.php on line 295.
 1 SYSTEMPATH\Database\MySQLi\Connection.php(295): mysqli->query('SELECT *
FROM `employee`
WHERE `id` = (\'3\',\'4\',\'6\')
 LIMIT 1', 0)
 2 SYSTEMPATH\Database\BaseConnection.php(692): CodeIgniter\Database\MySQLi\Connection->execute('SELECT *
FROM `employee`
WHERE `id` = (\'3\',\'4\',\'6\')
 LIMIT 1')
 3 SYSTEMPATH\Database\BaseConnection.php(606): CodeIgniter\Database\BaseConnection->simpleQuery('SELECT *
FROM `employee`
WHERE `id` = (\'3\',\'4\',\'6\')
 LIMIT 1')
 4 SYSTEMPATH\Database\BaseBuilder.php(1616): CodeIgniter\Database\BaseConnection->query('SELECT *
FROM `employee`
WHERE `id` = :id:
 LIMIT 1', [...], false)
 5 SYSTEMPATH\Model.php(268): CodeIgniter\Database\BaseBuilder->get()
 6 SYSTEMPATH\BaseModel.php(656): CodeIgniter\Model->doFirst()
 7 APPPATH\Controllers\Procurement.php(136): CodeIgniter\BaseModel->first()
 8 SYSTEMPATH\CodeIgniter.php(932): App\Controllers\Procurement->OpeningCreateMeeting()
 9 SYSTEMPATH\CodeIgniter.php(497): CodeIgniter\CodeIgniter->runController(Object(App\Controllers\Procurement))
10 SYSTEMPATH\CodeIgniter.php(366): CodeIgniter\CodeIgniter->handleRequest(null, Object(Config\Cache), false)
11 FCPATH\index.php(67): CodeIgniter\CodeIgniter->run()
ERROR - 2024-03-31 08:40:51 --> mysqli_sql_exception: Illegal parameter data types int and row for operation '=' in C:\xampp\htdocs\IPMS\system\Database\MySQLi\Connection.php:295
Stack trace:
#0 C:\xampp\htdocs\IPMS\system\Database\MySQLi\Connection.php(295): mysqli->query('SELECT *\nFROM `...', 0)
#1 C:\xampp\htdocs\IPMS\system\Database\BaseConnection.php(692): CodeIgniter\Database\MySQLi\Connection->execute('SELECT *\nFROM `...')
#2 C:\xampp\htdocs\IPMS\system\Database\BaseConnection.php(606): CodeIgniter\Database\BaseConnection->simpleQuery('SELECT *\nFROM `...')
#3 C:\xampp\htdocs\IPMS\system\Database\BaseBuilder.php(1616): CodeIgniter\Database\BaseConnection->query('SELECT *\nFROM `...', Array, false)
#4 C:\xampp\htdocs\IPMS\system\Model.php(268): CodeIgniter\Database\BaseBuilder->get()
#5 C:\xampp\htdocs\IPMS\system\BaseModel.php(656): CodeIgniter\Model->doFirst()
#6 C:\xampp\htdocs\IPMS\app\Controllers\Procurement.php(136): CodeIgniter\BaseModel->first()
#7 C:\xampp\htdocs\IPMS\system\CodeIgniter.php(932): App\Controllers\Procurement->OpeningCreateMeeting()
#8 C:\xampp\htdocs\IPMS\system\CodeIgniter.php(497): CodeIgniter\CodeIgniter->runController(Object(App\Controllers\Procurement))
#9 C:\xampp\htdocs\IPMS\system\CodeIgniter.php(366): CodeIgniter\CodeIgniter->handleRequest(NULL, Object(Config\Cache), false)
#10 C:\xampp\htdocs\IPMS\index.php(67): CodeIgniter\CodeIgniter->run()
#11 {main}
CRITICAL - 2024-03-31 08:40:51 --> Illegal parameter data types int and row for operation '='
in SYSTEMPATH\Database\MySQLi\Connection.php on line 295.
 1 SYSTEMPATH\Database\MySQLi\Connection.php(295): mysqli->query('SELECT *
FROM `employee`
WHERE `id` = (\'3\',\'4\',\'6\')
 LIMIT 1', 0)
 2 SYSTEMPATH\Database\BaseConnection.php(692): CodeIgniter\Database\MySQLi\Connection->execute('SELECT *
FROM `employee`
WHERE `id` = (\'3\',\'4\',\'6\')
 LIMIT 1')
 3 SYSTEMPATH\Database\BaseConnection.php(606): CodeIgniter\Database\BaseConnection->simpleQuery('SELECT *
FROM `employee`
WHERE `id` = (\'3\',\'4\',\'6\')
 LIMIT 1')
 4 SYSTEMPATH\Database\BaseBuilder.php(1616): CodeIgniter\Database\BaseConnection->query('SELECT *
FROM `employee`
WHERE `id` = :id:
 LIMIT 1', [...], false)
 5 SYSTEMPATH\Model.php(268): CodeIgniter\Database\BaseBuilder->get()
 6 SYSTEMPATH\BaseModel.php(656): CodeIgniter\Model->doFirst()
 7 APPPATH\Controllers\Procurement.php(136): CodeIgniter\BaseModel->first()
 8 SYSTEMPATH\CodeIgniter.php(932): App\Controllers\Procurement->OpeningCreateMeeting()
 9 SYSTEMPATH\CodeIgniter.php(497): CodeIgniter\CodeIgniter->runController(Object(App\Controllers\Procurement))
10 SYSTEMPATH\CodeIgniter.php(366): CodeIgniter\CodeIgniter->handleRequest(null, Object(Config\Cache), false)
11 FCPATH\index.php(67): CodeIgniter\CodeIgniter->run()
ERROR - 2024-03-31 08:41:30 --> mysqli_sql_exception: Illegal parameter data types int and row for operation '=' in C:\xampp\htdocs\IPMS\system\Database\MySQLi\Connection.php:295
Stack trace:
#0 C:\xampp\htdocs\IPMS\system\Database\MySQLi\Connection.php(295): mysqli->query('SELECT *\nFROM `...', 0)
#1 C:\xampp\htdocs\IPMS\system\Database\BaseConnection.php(692): CodeIgniter\Database\MySQLi\Connection->execute('SELECT *\nFROM `...')
#2 C:\xampp\htdocs\IPMS\system\Database\BaseConnection.php(606): CodeIgniter\Database\BaseConnection->simpleQuery('SELECT *\nFROM `...')
#3 C:\xampp\htdocs\IPMS\system\Database\BaseBuilder.php(1616): CodeIgniter\Database\BaseConnection->query('SELECT *\nFROM `...', Array, false)
#4 C:\xampp\htdocs\IPMS\system\Model.php(241): CodeIgniter\Database\BaseBuilder->get()
#5 C:\xampp\htdocs\IPMS\system\BaseModel.php(618): CodeIgniter\Model->doFindAll(0, 0)
#6 C:\xampp\htdocs\IPMS\app\Controllers\Procurement.php(136): CodeIgniter\BaseModel->findAll()
#7 C:\xampp\htdocs\IPMS\system\CodeIgniter.php(932): App\Controllers\Procurement->OpeningCreateMeeting()
#8 C:\xampp\htdocs\IPMS\system\CodeIgniter.php(497): CodeIgniter\CodeIgniter->runController(Object(App\Controllers\Procurement))
#9 C:\xampp\htdocs\IPMS\system\CodeIgniter.php(366): CodeIgniter\CodeIgniter->handleRequest(NULL, Object(Config\Cache), false)
#10 C:\xampp\htdocs\IPMS\index.php(67): CodeIgniter\CodeIgniter->run()
#11 {main}
CRITICAL - 2024-03-31 08:41:30 --> Illegal parameter data types int and row for operation '='
in SYSTEMPATH\Database\MySQLi\Connection.php on line 295.
 1 SYSTEMPATH\Database\MySQLi\Connection.php(295): mysqli->query('SELECT *
FROM `employee`
WHERE `id` = (\'3\',\'4\',\'6\')', 0)
 2 SYSTEMPATH\Database\BaseConnection.php(692): CodeIgniter\Database\MySQLi\Connection->execute('SELECT *
FROM `employee`
WHERE `id` = (\'3\',\'4\',\'6\')')
 3 SYSTEMPATH\Database\BaseConnection.php(606): CodeIgniter\Database\BaseConnection->simpleQuery('SELECT *
FROM `employee`
WHERE `id` = (\'3\',\'4\',\'6\')')
 4 SYSTEMPATH\Database\BaseBuilder.php(1616): CodeIgniter\Database\BaseConnection->query('SELECT *
FROM `employee`
WHERE `id` = :id:', [...], false)
 5 SYSTEMPATH\Model.php(241): CodeIgniter\Database\BaseBuilder->get()
 6 SYSTEMPATH\BaseModel.php(618): CodeIgniter\Model->doFindAll(0, 0)
 7 APPPATH\Controllers\Procurement.php(136): CodeIgniter\BaseModel->findAll()
 8 SYSTEMPATH\CodeIgniter.php(932): App\Controllers\Procurement->OpeningCreateMeeting()
 9 SYSTEMPATH\CodeIgniter.php(497): CodeIgniter\CodeIgniter->runController(Object(App\Controllers\Procurement))
10 SYSTEMPATH\CodeIgniter.php(366): CodeIgniter\CodeIgniter->handleRequest(null, Object(Config\Cache), false)
11 FCPATH\index.php(67): CodeIgniter\CodeIgniter->run()
ERROR - 2024-03-31 08:46:00 --> mysqli_sql_exception: Illegal parameter data types int and row for operation '=' in C:\xampp\htdocs\IPMS\system\Database\MySQLi\Connection.php:295
Stack trace:
#0 C:\xampp\htdocs\IPMS\system\Database\MySQLi\Connection.php(295): mysqli->query('SELECT *\nFROM `...', 0)
#1 C:\xampp\htdocs\IPMS\system\Database\BaseConnection.php(692): CodeIgniter\Database\MySQLi\Connection->execute('SELECT *\nFROM `...')
#2 C:\xampp\htdocs\IPMS\system\Database\BaseConnection.php(606): CodeIgniter\Database\BaseConnection->simpleQuery('SELECT *\nFROM `...')
#3 C:\xampp\htdocs\IPMS\system\Database\BaseBuilder.php(1616): CodeIgniter\Database\BaseConnection->query('SELECT *\nFROM `...', Array, false)
#4 C:\xampp\htdocs\IPMS\system\Model.php(241): CodeIgniter\Database\BaseBuilder->get()
#5 C:\xampp\htdocs\IPMS\system\BaseModel.php(618): CodeIgniter\Model->doFindAll(0, 0)
#6 C:\xampp\htdocs\IPMS\app\Controllers\Procurement.php(136): CodeIgniter\BaseModel->findAll()
#7 C:\xampp\htdocs\IPMS\system\CodeIgniter.php(932): App\Controllers\Procurement->OpeningCreateMeeting()
#8 C:\xampp\htdocs\IPMS\system\CodeIgniter.php(497): CodeIgniter\CodeIgniter->runController(Object(App\Controllers\Procurement))
#9 C:\xampp\htdocs\IPMS\system\CodeIgniter.php(366): CodeIgniter\CodeIgniter->handleRequest(NULL, Object(Config\Cache), false)
#10 C:\xampp\htdocs\IPMS\index.php(67): CodeIgniter\CodeIgniter->run()
#11 {main}
CRITICAL - 2024-03-31 08:46:00 --> Illegal parameter data types int and row for operation '='
in SYSTEMPATH\Database\MySQLi\Connection.php on line 295.
 1 SYSTEMPATH\Database\MySQLi\Connection.php(295): mysqli->query('SELECT *
FROM `employee`
WHERE `id` = (\'3\',\'4\',\'6\')', 0)
 2 SYSTEMPATH\Database\BaseConnection.php(692): CodeIgniter\Database\MySQLi\Connection->execute('SELECT *
FROM `employee`
WHERE `id` = (\'3\',\'4\',\'6\')')
 3 SYSTEMPATH\Database\BaseConnection.php(606): CodeIgniter\Database\BaseConnection->simpleQuery('SELECT *
FROM `employee`
WHERE `id` = (\'3\',\'4\',\'6\')')
 4 SYSTEMPATH\Database\BaseBuilder.php(1616): CodeIgniter\Database\BaseConnection->query('SELECT *
FROM `employee`
WHERE `id` = :id:', [...], false)
 5 SYSTEMPATH\Model.php(241): CodeIgniter\Database\BaseBuilder->get()
 6 SYSTEMPATH\BaseModel.php(618): CodeIgniter\Model->doFindAll(0, 0)
 7 APPPATH\Controllers\Procurement.php(136): CodeIgniter\BaseModel->findAll()
 8 SYSTEMPATH\CodeIgniter.php(932): App\Controllers\Procurement->OpeningCreateMeeting()
 9 SYSTEMPATH\CodeIgniter.php(497): CodeIgniter\CodeIgniter->runController(Object(App\Controllers\Procurement))
10 SYSTEMPATH\CodeIgniter.php(366): CodeIgniter\CodeIgniter->handleRequest(null, Object(Config\Cache), false)
11 FCPATH\index.php(67): CodeIgniter\CodeIgniter->run()
CRITICAL - 2024-03-31 12:32:57 --> Invalid file: "sys/menu_.php"
in SYSTEMPATH\Exceptions\FrameworkException.php on line 33.
 1 SYSTEMPATH\View\View.php(212): CodeIgniter\Exceptions\FrameworkException::forInvalidFile('sys/menu_.php')
 2 SYSTEMPATH\Common.php(1176): CodeIgniter\View\View->render('sys/menu_', [], true)
 3 APPPATH\Controllers\Procurement.php(192): view('sys/menu_')
 4 SYSTEMPATH\CodeIgniter.php(932): App\Controllers\Procurement->OpeningCreateMeeting()
 5 SYSTEMPATH\CodeIgniter.php(497): CodeIgniter\CodeIgniter->runController(Object(App\Controllers\Procurement))
 6 SYSTEMPATH\CodeIgniter.php(366): CodeIgniter\CodeIgniter->handleRequest(null, Object(Config\Cache), false)
 7 FCPATH\index.php(67): CodeIgniter\CodeIgniter->run()
ERROR - 2024-03-31 12:33:56 --> mysqli_sql_exception: Illegal parameter data types int and row for operation '=' in C:\xampp\htdocs\IPMS\system\Database\MySQLi\Connection.php:295
Stack trace:
#0 C:\xampp\htdocs\IPMS\system\Database\MySQLi\Connection.php(295): mysqli->query('SELECT *\nFROM `...', 0)
#1 C:\xampp\htdocs\IPMS\system\Database\BaseConnection.php(692): CodeIgniter\Database\MySQLi\Connection->execute('SELECT *\nFROM `...')
#2 C:\xampp\htdocs\IPMS\system\Database\BaseConnection.php(606): CodeIgniter\Database\BaseConnection->simpleQuery('SELECT *\nFROM `...')
#3 C:\xampp\htdocs\IPMS\system\Database\BaseBuilder.php(1616): CodeIgniter\Database\BaseConnection->query('SELECT *\nFROM `...', Array, false)
#4 C:\xampp\htdocs\IPMS\system\Model.php(241): CodeIgniter\Database\BaseBuilder->get()
#5 C:\xampp\htdocs\IPMS\system\BaseModel.php(618): CodeIgniter\Model->doFindAll(0, 0)
#6 C:\xampp\htdocs\IPMS\app\Controllers\Procurement.php(135): CodeIgniter\BaseModel->findAll()
#7 C:\xampp\htdocs\IPMS\system\CodeIgniter.php(932): App\Controllers\Procurement->OpeningCreateMeeting()
#8 C:\xampp\htdocs\IPMS\system\CodeIgniter.php(497): CodeIgniter\CodeIgniter->runController(Object(App\Controllers\Procurement))
#9 C:\xampp\htdocs\IPMS\system\CodeIgniter.php(366): CodeIgniter\CodeIgniter->handleRequest(NULL, Object(Config\Cache), false)
#10 C:\xampp\htdocs\IPMS\index.php(67): CodeIgniter\CodeIgniter->run()
#11 {main}
CRITICAL - 2024-03-31 12:33:56 --> Illegal parameter data types int and row for operation '='
in SYSTEMPATH\Database\MySQLi\Connection.php on line 295.
 1 SYSTEMPATH\Database\MySQLi\Connection.php(295): mysqli->query('SELECT *
FROM `employee`
WHERE `id` = (\'3\',\'4\',\'6\')', 0)
 2 SYSTEMPATH\Database\BaseConnection.php(692): CodeIgniter\Database\MySQLi\Connection->execute('SELECT *
FROM `employee`
WHERE `id` = (\'3\',\'4\',\'6\')')
 3 SYSTEMPATH\Database\BaseConnection.php(606): CodeIgniter\Database\BaseConnection->simpleQuery('SELECT *
FROM `employee`
WHERE `id` = (\'3\',\'4\',\'6\')')
 4 SYSTEMPATH\Database\BaseBuilder.php(1616): CodeIgniter\Database\BaseConnection->query('SELECT *
FROM `employee`
WHERE `id` = :id:', [...], false)
 5 SYSTEMPATH\Model.php(241): CodeIgniter\Database\BaseBuilder->get()
 6 SYSTEMPATH\BaseModel.php(618): CodeIgniter\Model->doFindAll(0, 0)
 7 APPPATH\Controllers\Procurement.php(135): CodeIgniter\BaseModel->findAll()
 8 SYSTEMPATH\CodeIgniter.php(932): App\Controllers\Procurement->OpeningCreateMeeting()
 9 SYSTEMPATH\CodeIgniter.php(497): CodeIgniter\CodeIgniter->runController(Object(App\Controllers\Procurement))
10 SYSTEMPATH\CodeIgniter.php(366): CodeIgniter\CodeIgniter->handleRequest(null, Object(Config\Cache), false)
11 FCPATH\index.php(67): CodeIgniter\CodeIgniter->run()
ERROR - 2024-03-31 12:35:50 --> mysqli_sql_exception: Illegal parameter data types int and row for operation '=' in C:\xampp\htdocs\IPMS\system\Database\MySQLi\Connection.php:295
Stack trace:
#0 C:\xampp\htdocs\IPMS\system\Database\MySQLi\Connection.php(295): mysqli->query('SELECT *\nFROM `...', 0)
#1 C:\xampp\htdocs\IPMS\system\Database\BaseConnection.php(692): CodeIgniter\Database\MySQLi\Connection->execute('SELECT *\nFROM `...')
#2 C:\xampp\htdocs\IPMS\system\Database\BaseConnection.php(606): CodeIgniter\Database\BaseConnection->simpleQuery('SELECT *\nFROM `...')
#3 C:\xampp\htdocs\IPMS\system\Database\BaseBuilder.php(1616): CodeIgniter\Database\BaseConnection->query('SELECT *\nFROM `...', Array, false)
#4 C:\xampp\htdocs\IPMS\system\Model.php(241): CodeIgniter\Database\BaseBuilder->get()
#5 C:\xampp\htdocs\IPMS\system\BaseModel.php(618): CodeIgniter\Model->doFindAll(0, 0)
#6 C:\xampp\htdocs\IPMS\app\Controllers\Procurement.php(135): CodeIgniter\BaseModel->findAll()
#7 C:\xampp\htdocs\IPMS\system\CodeIgniter.php(932): App\Controllers\Procurement->OpeningCreateMeeting()
#8 C:\xampp\htdocs\IPMS\system\CodeIgniter.php(497): CodeIgniter\CodeIgniter->runController(Object(App\Controllers\Procurement))
#9 C:\xampp\htdocs\IPMS\system\CodeIgniter.php(366): CodeIgniter\CodeIgniter->handleRequest(NULL, Object(Config\Cache), false)
#10 C:\xampp\htdocs\IPMS\index.php(67): CodeIgniter\CodeIgniter->run()
#11 {main}
CRITICAL - 2024-03-31 12:35:50 --> Illegal parameter data types int and row for operation '='
in SYSTEMPATH\Database\MySQLi\Connection.php on line 295.
 1 SYSTEMPATH\Database\MySQLi\Connection.php(295): mysqli->query('SELECT *
FROM `employee`
WHERE `id` = (\'3\',\'4\',\'6\')', 0)
 2 SYSTEMPATH\Database\BaseConnection.php(692): CodeIgniter\Database\MySQLi\Connection->execute('SELECT *
FROM `employee`
WHERE `id` = (\'3\',\'4\',\'6\')')
 3 SYSTEMPATH\Database\BaseConnection.php(606): CodeIgniter\Database\BaseConnection->simpleQuery('SELECT *
FROM `employee`
WHERE `id` = (\'3\',\'4\',\'6\')')
 4 SYSTEMPATH\Database\BaseBuilder.php(1616): CodeIgniter\Database\BaseConnection->query('SELECT *
FROM `employee`
WHERE `id` = :id:', [...], false)
 5 SYSTEMPATH\Model.php(241): CodeIgniter\Database\BaseBuilder->get()
 6 SYSTEMPATH\BaseModel.php(618): CodeIgniter\Model->doFindAll(0, 0)
 7 APPPATH\Controllers\Procurement.php(135): CodeIgniter\BaseModel->findAll()
 8 SYSTEMPATH\CodeIgniter.php(932): App\Controllers\Procurement->OpeningCreateMeeting()
 9 SYSTEMPATH\CodeIgniter.php(497): CodeIgniter\CodeIgniter->runController(Object(App\Controllers\Procurement))
10 SYSTEMPATH\CodeIgniter.php(366): CodeIgniter\CodeIgniter->handleRequest(null, Object(Config\Cache), false)
11 FCPATH\index.php(67): CodeIgniter\CodeIgniter->run()
CRITICAL - 2024-03-31 12:53:59 --> Trying to access array offset on value of type null
in APPPATH\Controllers\Procurement.php on line 827.
 1 APPPATH\Controllers\Procurement.php(827): CodeIgniter\Debug\Exceptions->errorHandler(2, 'Trying to access array offset on value of type null', 'C:\\xampp\\htdocs\\IPMS\\app\\Controllers\\Procurement.php', 827)
 2 SYSTEMPATH\CodeIgniter.php(932): App\Controllers\Procurement->getOpendate()
 3 SYSTEMPATH\CodeIgniter.php(497): CodeIgniter\CodeIgniter->runController(Object(App\Controllers\Procurement))
 4 SYSTEMPATH\CodeIgniter.php(366): CodeIgniter\CodeIgniter->handleRequest(null, Object(Config\Cache), false)
 5 FCPATH\index.php(67): CodeIgniter\CodeIgniter->run()
CRITICAL - 2024-03-31 13:31:22 --> Undefined variable $BOpen
in APPPATH\Controllers\Procurement.php on line 151.
 1 APPPATH\Controllers\Procurement.php(151): CodeIgniter\Debug\Exceptions->errorHandler(2, 'Undefined variable $BOpen', 'C:\\xampp\\htdocs\\IPMS\\app\\Controllers\\Procurement.php', 151)
 2 SYSTEMPATH\CodeIgniter.php(932): App\Controllers\Procurement->OpeningCreateMeeting()
 3 SYSTEMPATH\CodeIgniter.php(497): CodeIgniter\CodeIgniter->runController(Object(App\Controllers\Procurement))
 4 SYSTEMPATH\CodeIgniter.php(366): CodeIgniter\CodeIgniter->handleRequest(null, Object(Config\Cache), false)
 5 FCPATH\index.php(67): CodeIgniter\CodeIgniter->run()
CRITICAL - 2024-03-31 14:11:48 --> Undefined variable $announcement
in APPPATH\Controllers\Procurement.php on line 746.
 1 APPPATH\Controllers\Procurement.php(746): CodeIgniter\Debug\Exceptions->errorHandler(2, 'Undefined variable $announcement', 'C:\\xampp\\htdocs\\IPMS\\app\\Controllers\\Procurement.php', 746)
 2 SYSTEMPATH\CodeIgniter.php(932): App\Controllers\Procurement->getOpendates()
 3 SYSTEMPATH\CodeIgniter.php(497): CodeIgniter\CodeIgniter->runController(Object(App\Controllers\Procurement))
 4 SYSTEMPATH\CodeIgniter.php(366): CodeIgniter\CodeIgniter->handleRequest(null, Object(Config\Cache), false)
 5 FCPATH\index.php(67): CodeIgniter\CodeIgniter->run()
CRITICAL - 2024-03-31 14:13:52 --> Trying to access array offset on value of type null
in APPPATH\Controllers\Procurement.php on line 747.
 1 APPPATH\Controllers\Procurement.php(747): CodeIgniter\Debug\Exceptions->errorHandler(2, 'Trying to access array offset on value of type null', 'C:\\xampp\\htdocs\\IPMS\\app\\Controllers\\Procurement.php', 747)
 2 SYSTEMPATH\CodeIgniter.php(932): App\Controllers\Procurement->getOpendates()
 3 SYSTEMPATH\CodeIgniter.php(497): CodeIgniter\CodeIgniter->runController(Object(App\Controllers\Procurement))
 4 SYSTEMPATH\CodeIgniter.php(366): CodeIgniter\CodeIgniter->handleRequest(null, Object(Config\Cache), false)
 5 FCPATH\index.php(67): CodeIgniter\CodeIgniter->run()
CRITICAL - 2024-03-31 14:15:59 --> Trying to access array offset on value of type null
in APPPATH\Controllers\Procurement.php on line 747.
 1 APPPATH\Controllers\Procurement.php(747): CodeIgniter\Debug\Exceptions->errorHandler(2, 'Trying to access array offset on value of type null', 'C:\\xampp\\htdocs\\IPMS\\app\\Controllers\\Procurement.php', 747)
 2 SYSTEMPATH\CodeIgniter.php(932): App\Controllers\Procurement->getOpendates()
 3 SYSTEMPATH\CodeIgniter.php(497): CodeIgniter\CodeIgniter->runController(Object(App\Controllers\Procurement))
 4 SYSTEMPATH\CodeIgniter.php(366): CodeIgniter\CodeIgniter->handleRequest(null, Object(Config\Cache), false)
 5 FCPATH\index.php(67): CodeIgniter\CodeIgniter->run()
CRITICAL - 2024-03-31 14:18:02 --> Trying to access array offset on value of type null
in APPPATH\Controllers\Procurement.php on line 747.
 1 APPPATH\Controllers\Procurement.php(747): CodeIgniter\Debug\Exceptions->errorHandler(2, 'Trying to access array offset on value of type null', 'C:\\xampp\\htdocs\\IPMS\\app\\Controllers\\Procurement.php', 747)
 2 SYSTEMPATH\CodeIgniter.php(932): App\Controllers\Procurement->getOpendates()
 3 SYSTEMPATH\CodeIgniter.php(497): CodeIgniter\CodeIgniter->runController(Object(App\Controllers\Procurement))
 4 SYSTEMPATH\CodeIgniter.php(366): CodeIgniter\CodeIgniter->handleRequest(null, Object(Config\Cache), false)
 5 FCPATH\index.php(67): CodeIgniter\CodeIgniter->run()
CRITICAL - 2024-03-31 14:21:21 --> Trying to access array offset on value of type null
in APPPATH\Controllers\Procurement.php on line 747.
 1 APPPATH\Controllers\Procurement.php(747): CodeIgniter\Debug\Exceptions->errorHandler(2, 'Trying to access array offset on value of type null', 'C:\\xampp\\htdocs\\IPMS\\app\\Controllers\\Procurement.php', 747)
 2 SYSTEMPATH\CodeIgniter.php(932): App\Controllers\Procurement->getOpendates()
 3 SYSTEMPATH\CodeIgniter.php(497): CodeIgniter\CodeIgniter->runController(Object(App\Controllers\Procurement))
 4 SYSTEMPATH\CodeIgniter.php(366): CodeIgniter\CodeIgniter->handleRequest(null, Object(Config\Cache), false)
 5 FCPATH\index.php(67): CodeIgniter\CodeIgniter->run()
CRITICAL - 2024-03-31 14:22:09 --> Trying to access array offset on value of type null
in APPPATH\Controllers\Procurement.php on line 747.
 1 APPPATH\Controllers\Procurement.php(747): CodeIgniter\Debug\Exceptions->errorHandler(2, 'Trying to access array offset on value of type null', 'C:\\xampp\\htdocs\\IPMS\\app\\Controllers\\Procurement.php', 747)
 2 SYSTEMPATH\CodeIgniter.php(932): App\Controllers\Procurement->getOpendates()
 3 SYSTEMPATH\CodeIgniter.php(497): CodeIgniter\CodeIgniter->runController(Object(App\Controllers\Procurement))
 4 SYSTEMPATH\CodeIgniter.php(366): CodeIgniter\CodeIgniter->handleRequest(null, Object(Config\Cache), false)
 5 FCPATH\index.php(67): CodeIgniter\CodeIgniter->run()
CRITICAL - 2024-03-31 14:23:42 --> Undefined constant "App\Controllers\id"
in APPPATH\Controllers\Procurement.php on line 201.
 1 SYSTEMPATH\CodeIgniter.php(932): App\Controllers\Procurement->OpeningCreateMeetingshop()
 2 SYSTEMPATH\CodeIgniter.php(497): CodeIgniter\CodeIgniter->runController(Object(App\Controllers\Procurement))
 3 SYSTEMPATH\CodeIgniter.php(366): CodeIgniter\CodeIgniter->handleRequest(null, Object(Config\Cache), false)
 4 FCPATH\index.php(67): CodeIgniter\CodeIgniter->run()
CRITICAL - 2024-03-31 14:26:00 --> Cannot use object of type App\Models\SAnnouncementModel as array
in APPPATH\Controllers\Procurement.php on line 202.
 1 SYSTEMPATH\CodeIgniter.php(932): App\Controllers\Procurement->OpeningCreateMeetingshop()
 2 SYSTEMPATH\CodeIgniter.php(497): CodeIgniter\CodeIgniter->runController(Object(App\Controllers\Procurement))
 3 SYSTEMPATH\CodeIgniter.php(366): CodeIgniter\CodeIgniter->handleRequest(null, Object(Config\Cache), false)
 4 FCPATH\index.php(67): CodeIgniter\CodeIgniter->run()
CRITICAL - 2024-03-31 14:26:20 --> Cannot use object of type App\Models\SAnnouncementModel as array
in APPPATH\Controllers\Procurement.php on line 202.
 1 SYSTEMPATH\CodeIgniter.php(932): App\Controllers\Procurement->OpeningCreateMeetingshop()
 2 SYSTEMPATH\CodeIgniter.php(497): CodeIgniter\CodeIgniter->runController(Object(App\Controllers\Procurement))
 3 SYSTEMPATH\CodeIgniter.php(366): CodeIgniter\CodeIgniter->handleRequest(null, Object(Config\Cache), false)
 4 FCPATH\index.php(67): CodeIgniter\CodeIgniter->run()
CRITICAL - 2024-03-31 14:27:23 --> Cannot use object of type App\Models\SAnnouncementModel as array
in APPPATH\Controllers\Procurement.php on line 202.
 1 SYSTEMPATH\CodeIgniter.php(932): App\Controllers\Procurement->OpeningCreateMeetingshop()
 2 SYSTEMPATH\CodeIgniter.php(497): CodeIgniter\CodeIgniter->runController(Object(App\Controllers\Procurement))
 3 SYSTEMPATH\CodeIgniter.php(366): CodeIgniter\CodeIgniter->handleRequest(null, Object(Config\Cache), false)
 4 FCPATH\index.php(67): CodeIgniter\CodeIgniter->run()
CRITICAL - 2024-03-31 14:28:58 --> Undefined variable $Opendate
in APPPATH\Controllers\Procurement.php on line 203.
 1 APPPATH\Controllers\Procurement.php(203): CodeIgniter\Debug\Exceptions->errorHandler(2, 'Undefined variable $Opendate', 'C:\\xampp\\htdocs\\IPMS\\app\\Controllers\\Procurement.php', 203)
 2 SYSTEMPATH\CodeIgniter.php(932): App\Controllers\Procurement->OpeningCreateMeetingshop()
 3 SYSTEMPATH\CodeIgniter.php(497): CodeIgniter\CodeIgniter->runController(Object(App\Controllers\Procurement))
 4 SYSTEMPATH\CodeIgniter.php(366): CodeIgniter\CodeIgniter->handleRequest(null, Object(Config\Cache), false)
 5 FCPATH\index.php(67): CodeIgniter\CodeIgniter->run()
CRITICAL - 2024-03-31 14:29:31 --> Undefined variable $Opendate
in APPPATH\Controllers\Procurement.php on line 203.
 1 APPPATH\Controllers\Procurement.php(203): CodeIgniter\Debug\Exceptions->errorHandler(2, 'Undefined variable $Opendate', 'C:\\xampp\\htdocs\\IPMS\\app\\Controllers\\Procurement.php', 203)
 2 SYSTEMPATH\CodeIgniter.php(932): App\Controllers\Procurement->OpeningCreateMeetingshop()
 3 SYSTEMPATH\CodeIgniter.php(497): CodeIgniter\CodeIgniter->runController(Object(App\Controllers\Procurement))
 4 SYSTEMPATH\CodeIgniter.php(366): CodeIgniter\CodeIgniter->handleRequest(null, Object(Config\Cache), false)
 5 FCPATH\index.php(67): CodeIgniter\CodeIgniter->run()
CRITICAL - 2024-03-31 14:30:07 --> Cannot use object of type App\Models\SAnnouncementModel as array
in APPPATH\Controllers\Procurement.php on line 203.
 1 SYSTEMPATH\CodeIgniter.php(932): App\Controllers\Procurement->OpeningCreateMeetingshop()
 2 SYSTEMPATH\CodeIgniter.php(497): CodeIgniter\CodeIgniter->runController(Object(App\Controllers\Procurement))
 3 SYSTEMPATH\CodeIgniter.php(366): CodeIgniter\CodeIgniter->handleRequest(null, Object(Config\Cache), false)
 4 FCPATH\index.php(67): CodeIgniter\CodeIgniter->run()
CRITICAL - 2024-03-31 14:32:54 --> Class "App\Controllers\AssignopeningOpeningCommitteeModel" not found
in APPPATH\Controllers\Procurement.php on line 226.
 1 SYSTEMPATH\CodeIgniter.php(932): App\Controllers\Procurement->OpeningCreateMeetingshop()
 2 SYSTEMPATH\CodeIgniter.php(497): CodeIgniter\CodeIgniter->runController(Object(App\Controllers\Procurement))
 3 SYSTEMPATH\CodeIgniter.php(366): CodeIgniter\CodeIgniter->handleRequest(null, Object(Config\Cache), false)
 4 FCPATH\index.php(67): CodeIgniter\CodeIgniter->run()
CRITICAL - 2024-03-31 14:33:38 --> Class "App\Controllers\OpeningCommitteemembershopModel" not found
in APPPATH\Controllers\Procurement.php on line 239.
 1 SYSTEMPATH\CodeIgniter.php(932): App\Controllers\Procurement->OpeningCreateMeetingshop()
 2 SYSTEMPATH\CodeIgniter.php(497): CodeIgniter\CodeIgniter->runController(Object(App\Controllers\Procurement))
 3 SYSTEMPATH\CodeIgniter.php(366): CodeIgniter\CodeIgniter->handleRequest(null, Object(Config\Cache), false)
 4 FCPATH\index.php(67): CodeIgniter\CodeIgniter->run()
CRITICAL - 2024-03-31 15:02:46 --> Cannot use object of type App\Models\TenderModel as array
in APPPATH\Controllers\Procurement.php on line 693.
 1 SYSTEMPATH\CodeIgniter.php(932): App\Controllers\Procurement->EvaluationCommittee()
 2 SYSTEMPATH\CodeIgniter.php(497): CodeIgniter\CodeIgniter->runController(Object(App\Controllers\Procurement))
 3 SYSTEMPATH\CodeIgniter.php(366): CodeIgniter\CodeIgniter->handleRequest(null, Object(Config\Cache), false)
 4 FCPATH\index.php(67): CodeIgniter\CodeIgniter->run()
CRITICAL - 2024-03-31 15:05:13 --> Trying to access array offset on value of type null
in APPPATH\Controllers\Procurement.php on line 736.
 1 APPPATH\Controllers\Procurement.php(736): CodeIgniter\Debug\Exceptions->errorHandler(2, 'Trying to access array offset on value of type null', 'C:\\xampp\\htdocs\\IPMS\\app\\Controllers\\Procurement.php', 736)
 2 SYSTEMPATH\CodeIgniter.php(932): App\Controllers\Procurement->EvaluationCommittee()
 3 SYSTEMPATH\CodeIgniter.php(497): CodeIgniter\CodeIgniter->runController(Object(App\Controllers\Procurement))
 4 SYSTEMPATH\CodeIgniter.php(366): CodeIgniter\CodeIgniter->handleRequest(null, Object(Config\Cache), false)
 5 FCPATH\index.php(67): CodeIgniter\CodeIgniter->run()
CRITICAL - 2024-03-31 15:41:16 --> Undefined array key "TName"
in APPPATH\Views\sys\tender\TenderProgress.php on line 182.
 1 APPPATH\Views\sys\tender\TenderProgress.php(182): CodeIgniter\Debug\Exceptions->errorHandler(2, 'Undefined array key "TName"', 'C:\\xampp\\htdocs\\IPMS\\app\\Views\\sys\\tender\\TenderProgress.php', 182)
 2 SYSTEMPATH\View\View.php(224): include('C:\\xampp\\htdocs\\IPMS\\app\\Views\\sys\\tender\\TenderProgress.php')
 3 SYSTEMPATH\View\View.php(227): CodeIgniter\View\View->CodeIgniter\View\{closure}()
 4 SYSTEMPATH\Common.php(1176): CodeIgniter\View\View->render('sys/tender/TenderProgress', [], true)
 5 APPPATH\Controllers\Tender.php(1065): view('sys/tender/TenderProgress', [...])
 6 SYSTEMPATH\CodeIgniter.php(932): App\Controllers\Tender->TenderProgress()
 7 SYSTEMPATH\CodeIgniter.php(497): CodeIgniter\CodeIgniter->runController(Object(App\Controllers\Tender))
 8 SYSTEMPATH\CodeIgniter.php(366): CodeIgniter\CodeIgniter->handleRequest(null, Object(Config\Cache), false)
 9 FCPATH\index.php(67): CodeIgniter\CodeIgniter->run()
CRITICAL - 2024-03-31 16:11:49 --> Class "App\Validation\CampModel" not found
in APPPATH\validation\ProcurementRules.php on line 17.
 1 SYSTEMPATH\Validation\Validation.php(278): App\Validation\ProcurementRules->validatecampNo('2', 'CNo,CName', [...], null, 'CNo')
 2 SYSTEMPATH\Validation\Validation.php(182): CodeIgniter\Validation\Validation->processRules('CNo', 'CNo', '2', [...], [...])
 3 SYSTEMPATH\Controller.php(141): CodeIgniter\Validation\Validation->run()
 4 APPPATH\Controllers\division.php(31): CodeIgniter\Controller->validate([...], [...])
 5 SYSTEMPATH\CodeIgniter.php(932): App\Controllers\division->addcamp()
 6 SYSTEMPATH\CodeIgniter.php(497): CodeIgniter\CodeIgniter->runController(Object(App\Controllers\division))
 7 SYSTEMPATH\CodeIgniter.php(366): CodeIgniter\CodeIgniter->handleRequest(null, Object(Config\Cache), false)
 8 FCPATH\index.php(67): CodeIgniter\CodeIgniter->run()
CRITICAL - 2024-03-31 17:48:45 --> Call to undefined method App\Models\ProcurementPlanModel::getProyear
in SYSTEMPATH\Model.php on line 838.
 1 APPPATH\Controllers\YearPlan.php(26): CodeIgniter\Model->__call('getProyear', [])
 2 SYSTEMPATH\CodeIgniter.php(932): App\Controllers\YearPlan->viewYearPlan()
 3 SYSTEMPATH\CodeIgniter.php(497): CodeIgniter\CodeIgniter->runController(Object(App\Controllers\YearPlan))
 4 SYSTEMPATH\CodeIgniter.php(366): CodeIgniter\CodeIgniter->handleRequest(null, Object(Config\Cache), false)
 5 FCPATH\index.php(67): CodeIgniter\CodeIgniter->run()
CRITICAL - 2024-03-31 18:05:26 --> Undefined variable $TotalAllocation
in APPPATH\Views\sys\yearPlan\viewYearPlan.php on line 24.
 1 APPPATH\Views\sys\yearPlan\viewYearPlan.php(24): CodeIgniter\Debug\Exceptions->errorHandler(2, 'Undefined variable $TotalAllocation', 'C:\\xampp\\htdocs\\IPMS\\app\\Views\\sys\\yearPlan\\viewYearPlan.php', 24)
 2 SYSTEMPATH\View\View.php(224): include('C:\\xampp\\htdocs\\IPMS\\app\\Views\\sys\\yearPlan\\viewYearPlan.php')
 3 SYSTEMPATH\View\View.php(227): CodeIgniter\View\View->CodeIgniter\View\{closure}()
 4 SYSTEMPATH\Common.php(1176): CodeIgniter\View\View->render('sys/yearPlan/viewYearPlan', [], true)
 5 APPPATH\Controllers\YearPlan.php(29): view('sys/yearPlan/viewYearPlan', [...])
 6 SYSTEMPATH\CodeIgniter.php(932): App\Controllers\YearPlan->viewYearPlan()
 7 SYSTEMPATH\CodeIgniter.php(497): CodeIgniter\CodeIgniter->runController(Object(App\Controllers\YearPlan))
 8 SYSTEMPATH\CodeIgniter.php(366): CodeIgniter\CodeIgniter->handleRequest(null, Object(Config\Cache), false)
 9 FCPATH\index.php(67): CodeIgniter\CodeIgniter->run()
CRITICAL - 2024-03-31 18:09:35 --> Undefined variable $TotalAllocation
in APPPATH\Views\sys\yearPlan\viewYearPlan.php on line 24.
 1 APPPATH\Views\sys\yearPlan\viewYearPlan.php(24): CodeIgniter\Debug\Exceptions->errorHandler(2, 'Undefined variable $TotalAllocation', 'C:\\xampp\\htdocs\\IPMS\\app\\Views\\sys\\yearPlan\\viewYearPlan.php', 24)
 2 SYSTEMPATH\View\View.php(224): include('C:\\xampp\\htdocs\\IPMS\\app\\Views\\sys\\yearPlan\\viewYearPlan.php')
 3 SYSTEMPATH\View\View.php(227): CodeIgniter\View\View->CodeIgniter\View\{closure}()
 4 SYSTEMPATH\Common.php(1176): CodeIgniter\View\View->render('sys/yearPlan/viewYearPlan', [], true)
 5 APPPATH\Controllers\YearPlan.php(29): view('sys/yearPlan/viewYearPlan', [...])
 6 SYSTEMPATH\CodeIgniter.php(932): App\Controllers\YearPlan->viewYearPlan()
 7 SYSTEMPATH\CodeIgniter.php(497): CodeIgniter\CodeIgniter->runController(Object(App\Controllers\YearPlan))
 8 SYSTEMPATH\CodeIgniter.php(366): CodeIgniter\CodeIgniter->handleRequest(null, Object(Config\Cache), false)
 9 FCPATH\index.php(67): CodeIgniter\CodeIgniter->run()
