CRITICAL - 2024-05-07 16:04:56 --> Undefined variable $lists
in APPPATH\Views\web\newBid.php on line 193.
 1 APPPATH\Views\web\newBid.php(193): CodeIgniter\Debug\Exceptions->errorHandler(2, 'Undefined variable $lists', 'C:\\xampp\\htdocs\\IPMS\\app\\Views\\web\\newBid.php', 193)
 2 SYSTEMPATH\View\View.php(224): include('C:\\xampp\\htdocs\\IPMS\\app\\Views\\web\\newBid.php')
 3 SYSTEMPATH\View\View.php(227): CodeIgniter\View\View->CodeIgniter\View\{closure}()
 4 SYSTEMPATH\Common.php(1176): CodeIgniter\View\View->render('web/newBid', [], true)
 5 APPPATH\Controllers\Web.php(276): view('web/newBid', [...])
 6 SYSTEMPATH\CodeIgniter.php(932): App\Controllers\Web->newBid('1')
 7 SYSTEMPATH\CodeIgniter.php(497): CodeIgniter\CodeIgniter->runController(Object(App\Controllers\Web))
 8 SYSTEMPATH\CodeIgniter.php(366): CodeIgniter\CodeIgniter->handleRequest(null, Object(Config\Cache), false)
 9 FCPATH\index.php(67): CodeIgniter\CodeIgniter->run()
CRITICAL - 2024-05-07 16:05:46 --> Undefined array key "BStarts"
in APPPATH\Views\web\newBid.php on line 200.
 1 APPPATH\Views\web\newBid.php(200): CodeIgniter\Debug\Exceptions->errorHandler(2, 'Undefined array key "BStarts"', 'C:\\xampp\\htdocs\\IPMS\\app\\Views\\web\\newBid.php', 200)
 2 SYSTEMPATH\View\View.php(224): include('C:\\xampp\\htdocs\\IPMS\\app\\Views\\web\\newBid.php')
 3 SYSTEMPATH\View\View.php(227): CodeIgniter\View\View->CodeIgniter\View\{closure}()
 4 SYSTEMPATH\Common.php(1176): CodeIgniter\View\View->render('web/newBid', [], true)
 5 APPPATH\Controllers\Web.php(276): view('web/newBid', [...])
 6 SYSTEMPATH\CodeIgniter.php(932): App\Controllers\Web->newBid('1')
 7 SYSTEMPATH\CodeIgniter.php(497): CodeIgniter\CodeIgniter->runController(Object(App\Controllers\Web))
 8 SYSTEMPATH\CodeIgniter.php(366): CodeIgniter\CodeIgniter->handleRequest(null, Object(Config\Cache), false)
 9 FCPATH\index.php(67): CodeIgniter\CodeIgniter->run()
CRITICAL - 2024-05-07 16:06:14 --> Undefined variable $results
in APPPATH\Views\web\newBid.php on line 206.
 1 APPPATH\Views\web\newBid.php(206): CodeIgniter\Debug\Exceptions->errorHandler(2, 'Undefined variable $results', 'C:\\xampp\\htdocs\\IPMS\\app\\Views\\web\\newBid.php', 206)
 2 SYSTEMPATH\View\View.php(224): include('C:\\xampp\\htdocs\\IPMS\\app\\Views\\web\\newBid.php')
 3 SYSTEMPATH\View\View.php(227): CodeIgniter\View\View->CodeIgniter\View\{closure}()
 4 SYSTEMPATH\Common.php(1176): CodeIgniter\View\View->render('web/newBid', [], true)
 5 APPPATH\Controllers\Web.php(276): view('web/newBid', [...])
 6 SYSTEMPATH\CodeIgniter.php(932): App\Controllers\Web->newBid('1')
 7 SYSTEMPATH\CodeIgniter.php(497): CodeIgniter\CodeIgniter->runController(Object(App\Controllers\Web))
 8 SYSTEMPATH\CodeIgniter.php(366): CodeIgniter\CodeIgniter->handleRequest(null, Object(Config\Cache), false)
 9 FCPATH\index.php(67): CodeIgniter\CodeIgniter->run()
CRITICAL - 2024-05-07 21:42:36 --> Undefined variable $result
in APPPATH\Views\web\viewdetailedBid.php on line 238.
 1 APPPATH\Views\web\viewdetailedBid.php(238): CodeIgniter\Debug\Exceptions->errorHandler(2, 'Undefined variable $result', 'C:\\xampp\\htdocs\\IPMS\\app\\Views\\web\\viewdetailedBid.php', 238)
 2 SYSTEMPATH\View\View.php(224): include('C:\\xampp\\htdocs\\IPMS\\app\\Views\\web\\viewdetailedBid.php')
 3 SYSTEMPATH\View\View.php(227): CodeIgniter\View\View->CodeIgniter\View\{closure}()
 4 SYSTEMPATH\Common.php(1176): CodeIgniter\View\View->render('web/viewdetailedBid', [], true)
 5 APPPATH\Controllers\Web.php(294): view('web/viewdetailedBid', [...])
 6 SYSTEMPATH\CodeIgniter.php(932): App\Controllers\Web->viewdetailedBids('public', 'assets_web', 'vendor', 'bootstrap', 'js', 'bootstrap.bundle.min.js')
 7 SYSTEMPATH\CodeIgniter.php(497): CodeIgniter\CodeIgniter->runController(Object(App\Controllers\Web))
 8 SYSTEMPATH\CodeIgniter.php(366): CodeIgniter\CodeIgniter->handleRequest(null, Object(Config\Cache), false)
 9 FCPATH\index.php(67): CodeIgniter\CodeIgniter->run()
CRITICAL - 2024-05-07 21:42:36 --> Undefined variable $result
in APPPATH\Views\web\viewdetailedBid.php on line 238.
 1 APPPATH\Views\web\viewdetailedBid.php(238): CodeIgniter\Debug\Exceptions->errorHandler(2, 'Undefined variable $result', 'C:\\xampp\\htdocs\\IPMS\\app\\Views\\web\\viewdetailedBid.php', 238)
 2 SYSTEMPATH\View\View.php(224): include('C:\\xampp\\htdocs\\IPMS\\app\\Views\\web\\viewdetailedBid.php')
 3 SYSTEMPATH\View\View.php(227): CodeIgniter\View\View->CodeIgniter\View\{closure}()
 4 SYSTEMPATH\Common.php(1176): CodeIgniter\View\View->render('web/viewdetailedBid', [], true)
 5 APPPATH\Controllers\Web.php(294): view('web/viewdetailedBid', [...])
 6 SYSTEMPATH\CodeIgniter.php(932): App\Controllers\Web->viewdetailedBids('public', 'assets_web', 'vendor', 'php-email-form', 'validate.js')
 7 SYSTEMPATH\CodeIgniter.php(497): CodeIgniter\CodeIgniter->runController(Object(App\Controllers\Web))
 8 SYSTEMPATH\CodeIgniter.php(366): CodeIgniter\CodeIgniter->handleRequest(null, Object(Config\Cache), false)
 9 FCPATH\index.php(67): CodeIgniter\CodeIgniter->run()
CRITICAL - 2024-05-07 21:42:36 --> Undefined variable $result
in APPPATH\Views\web\viewdetailedBid.php on line 238.
 1 APPPATH\Views\web\viewdetailedBid.php(238): CodeIgniter\Debug\Exceptions->errorHandler(2, 'Undefined variable $result', 'C:\\xampp\\htdocs\\IPMS\\app\\Views\\web\\viewdetailedBid.php', 238)
 2 SYSTEMPATH\View\View.php(224): include('C:\\xampp\\htdocs\\IPMS\\app\\Views\\web\\viewdetailedBid.php')
 3 SYSTEMPATH\View\View.php(227): CodeIgniter\View\View->CodeIgniter\View\{closure}()
 4 SYSTEMPATH\Common.php(1176): CodeIgniter\View\View->render('web/viewdetailedBid', [], true)
 5 APPPATH\Controllers\Web.php(294): view('web/viewdetailedBid', [...])
 6 SYSTEMPATH\CodeIgniter.php(932): App\Controllers\Web->viewdetailedBids('public', 'assets_web', 'vendor', 'swiper', 'swiper-bundle.min.js')
 7 SYSTEMPATH\CodeIgniter.php(497): CodeIgniter\CodeIgniter->runController(Object(App\Controllers\Web))
 8 SYSTEMPATH\CodeIgniter.php(366): CodeIgniter\CodeIgniter->handleRequest(null, Object(Config\Cache), false)
 9 FCPATH\index.php(67): CodeIgniter\CodeIgniter->run()
CRITICAL - 2024-05-07 21:42:36 --> Undefined variable $result
in APPPATH\Views\web\viewdetailedBid.php on line 238.
 1 APPPATH\Views\web\viewdetailedBid.php(238): CodeIgniter\Debug\Exceptions->errorHandler(2, 'Undefined variable $result', 'C:\\xampp\\htdocs\\IPMS\\app\\Views\\web\\viewdetailedBid.php', 238)
 2 SYSTEMPATH\View\View.php(224): include('C:\\xampp\\htdocs\\IPMS\\app\\Views\\web\\viewdetailedBid.php')
 3 SYSTEMPATH\View\View.php(227): CodeIgniter\View\View->CodeIgniter\View\{closure}()
 4 SYSTEMPATH\Common.php(1176): CodeIgniter\View\View->render('web/viewdetailedBid', [], true)
 5 APPPATH\Controllers\Web.php(294): view('web/viewdetailedBid', [...])
 6 SYSTEMPATH\CodeIgniter.php(932): App\Controllers\Web->viewdetailedBids('public', 'assets_web', 'vendor', 'purecounter', 'purecounter_vanilla.js')
 7 SYSTEMPATH\CodeIgniter.php(497): CodeIgniter\CodeIgniter->runController(Object(App\Controllers\Web))
 8 SYSTEMPATH\CodeIgniter.php(366): CodeIgniter\CodeIgniter->handleRequest(null, Object(Config\Cache), false)
 9 FCPATH\index.php(67): CodeIgniter\CodeIgniter->run()
CRITICAL - 2024-05-07 21:42:36 --> Undefined variable $result
in APPPATH\Views\web\viewdetailedBid.php on line 238.
 1 APPPATH\Views\web\viewdetailedBid.php(238): CodeIgniter\Debug\Exceptions->errorHandler(2, 'Undefined variable $result', 'C:\\xampp\\htdocs\\IPMS\\app\\Views\\web\\viewdetailedBid.php', 238)
 2 SYSTEMPATH\View\View.php(224): include('C:\\xampp\\htdocs\\IPMS\\app\\Views\\web\\viewdetailedBid.php')
 3 SYSTEMPATH\View\View.php(227): CodeIgniter\View\View->CodeIgniter\View\{closure}()
 4 SYSTEMPATH\Common.php(1176): CodeIgniter\View\View->render('web/viewdetailedBid', [], true)
 5 APPPATH\Controllers\Web.php(294): view('web/viewdetailedBid', [...])
 6 SYSTEMPATH\CodeIgniter.php(932): App\Controllers\Web->viewdetailedBids('public', 'assets_web', 'vendor', 'isotope-layout', 'isotope.pkgd.min.js')
 7 SYSTEMPATH\CodeIgniter.php(497): CodeIgniter\CodeIgniter->runController(Object(App\Controllers\Web))
 8 SYSTEMPATH\CodeIgniter.php(366): CodeIgniter\CodeIgniter->handleRequest(null, Object(Config\Cache), false)
 9 FCPATH\index.php(67): CodeIgniter\CodeIgniter->run()
CRITICAL - 2024-05-07 21:42:36 --> Undefined variable $result
in APPPATH\Views\web\viewdetailedBid.php on line 238.
 1 APPPATH\Views\web\viewdetailedBid.php(238): CodeIgniter\Debug\Exceptions->errorHandler(2, 'Undefined variable $result', 'C:\\xampp\\htdocs\\IPMS\\app\\Views\\web\\viewdetailedBid.php', 238)
 2 SYSTEMPATH\View\View.php(224): include('C:\\xampp\\htdocs\\IPMS\\app\\Views\\web\\viewdetailedBid.php')
 3 SYSTEMPATH\View\View.php(227): CodeIgniter\View\View->CodeIgniter\View\{closure}()
 4 SYSTEMPATH\Common.php(1176): CodeIgniter\View\View->render('web/viewdetailedBid', [], true)
 5 APPPATH\Controllers\Web.php(294): view('web/viewdetailedBid', [...])
 6 SYSTEMPATH\CodeIgniter.php(932): App\Controllers\Web->viewdetailedBids('public', 'assets_web', 'vendor', 'glightbox', 'js', 'glightbox.min.js')
 7 SYSTEMPATH\CodeIgniter.php(497): CodeIgniter\CodeIgniter->runController(Object(App\Controllers\Web))
 8 SYSTEMPATH\CodeIgniter.php(366): CodeIgniter\CodeIgniter->handleRequest(null, Object(Config\Cache), false)
 9 FCPATH\index.php(67): CodeIgniter\CodeIgniter->run()
CRITICAL - 2024-05-07 21:42:36 --> Undefined variable $result
in APPPATH\Views\web\viewdetailedBid.php on line 238.
 1 APPPATH\Views\web\viewdetailedBid.php(238): CodeIgniter\Debug\Exceptions->errorHandler(2, 'Undefined variable $result', 'C:\\xampp\\htdocs\\IPMS\\app\\Views\\web\\viewdetailedBid.php', 238)
 2 SYSTEMPATH\View\View.php(224): include('C:\\xampp\\htdocs\\IPMS\\app\\Views\\web\\viewdetailedBid.php')
 3 SYSTEMPATH\View\View.php(227): CodeIgniter\View\View->CodeIgniter\View\{closure}()
 4 SYSTEMPATH\Common.php(1176): CodeIgniter\View\View->render('web/viewdetailedBid', [], true)
 5 APPPATH\Controllers\Web.php(294): view('web/viewdetailedBid', [...])
 6 SYSTEMPATH\CodeIgniter.php(932): App\Controllers\Web->viewdetailedBids('public', 'assets_web', 'js', 'main.js')
 7 SYSTEMPATH\CodeIgniter.php(497): CodeIgniter\CodeIgniter->runController(Object(App\Controllers\Web))
 8 SYSTEMPATH\CodeIgniter.php(366): CodeIgniter\CodeIgniter->handleRequest(null, Object(Config\Cache), false)
 9 FCPATH\index.php(67): CodeIgniter\CodeIgniter->run()
CRITICAL - 2024-05-07 21:42:36 --> Undefined variable $result
in APPPATH\Views\web\viewdetailedBid.php on line 238.
 1 APPPATH\Views\web\viewdetailedBid.php(238): CodeIgniter\Debug\Exceptions->errorHandler(2, 'Undefined variable $result', 'C:\\xampp\\htdocs\\IPMS\\app\\Views\\web\\viewdetailedBid.php', 238)
 2 SYSTEMPATH\View\View.php(224): include('C:\\xampp\\htdocs\\IPMS\\app\\Views\\web\\viewdetailedBid.php')
 3 SYSTEMPATH\View\View.php(227): CodeIgniter\View\View->CodeIgniter\View\{closure}()
 4 SYSTEMPATH\Common.php(1176): CodeIgniter\View\View->render('web/viewdetailedBid', [], true)
 5 APPPATH\Controllers\Web.php(294): view('web/viewdetailedBid', [...])
 6 SYSTEMPATH\CodeIgniter.php(932): App\Controllers\Web->viewdetailedBids('public', 'assets_web', 'js', 'carousel.js')
 7 SYSTEMPATH\CodeIgniter.php(497): CodeIgniter\CodeIgniter->runController(Object(App\Controllers\Web))
 8 SYSTEMPATH\CodeIgniter.php(366): CodeIgniter\CodeIgniter->handleRequest(null, Object(Config\Cache), false)
 9 FCPATH\index.php(67): CodeIgniter\CodeIgniter->run()
