CRITICAL - 2023-08-26 04:07:54 --> Invalid file: "sys/tender/add.php"
in SYSTEMPATH\Exceptions\FrameworkException.php on line 33.
 1 SYSTEMPATH\View\View.php(212): CodeIgniter\Exceptions\FrameworkException::forInvalidFile('sys/tender/add.php')
 2 SYSTEMPATH\Common.php(1176): CodeIgniter\View\View->render('sys/tender/add', [], true)
 3 APPPATH\Controllers\Tender.php(48): view('sys/tender/add', [])
 4 SYSTEMPATH\CodeIgniter.php(932): App\Controllers\Tender->create()
 5 SYSTEMPATH\CodeIgniter.php(497): CodeIgniter\CodeIgniter->runController(Object(App\Controllers\Tender))
 6 SYSTEMPATH\CodeIgniter.php(366): CodeIgniter\CodeIgniter->handleRequest(null, Object(Config\Cache), false)
 7 FCPATH\index.php(67): CodeIgniter\CodeIgniter->run()
CRITICAL - 2023-08-26 04:21:44 --> Invalid file: "sys/tender/add.php"
in SYSTEMPATH\Exceptions\FrameworkException.php on line 33.
 1 SYSTEMPATH\View\View.php(212): CodeIgniter\Exceptions\FrameworkException::forInvalidFile('sys/tender/add.php')
 2 SYSTEMPATH\Common.php(1176): CodeIgniter\View\View->render('sys/tender/add', [], true)
 3 APPPATH\Controllers\Tender.php(48): view('sys/tender/add', [])
 4 SYSTEMPATH\CodeIgniter.php(932): App\Controllers\Tender->create()
 5 SYSTEMPATH\CodeIgniter.php(497): CodeIgniter\CodeIgniter->runController(Object(App\Controllers\Tender))
 6 SYSTEMPATH\CodeIgniter.php(366): CodeIgniter\CodeIgniter->handleRequest(null, Object(Config\Cache), false)
 7 FCPATH\index.php(67): CodeIgniter\CodeIgniter->run()
CRITICAL - 2023-08-26 04:29:11 --> Invalid file: "sys/tender/add.php"
in SYSTEMPATH\Exceptions\FrameworkException.php on line 33.
 1 SYSTEMPATH\View\View.php(212): CodeIgniter\Exceptions\FrameworkException::forInvalidFile('sys/tender/add.php')
 2 SYSTEMPATH\Common.php(1176): CodeIgniter\View\View->render('sys/tender/add', [], true)
 3 APPPATH\Controllers\Tender.php(48): view('sys/tender/add', [])
 4 SYSTEMPATH\CodeIgniter.php(932): App\Controllers\Tender->create()
 5 SYSTEMPATH\CodeIgniter.php(497): CodeIgniter\CodeIgniter->runController(Object(App\Controllers\Tender))
 6 SYSTEMPATH\CodeIgniter.php(366): CodeIgniter\CodeIgniter->handleRequest(null, Object(Config\Cache), false)
 7 FCPATH\index.php(67): CodeIgniter\CodeIgniter->run()
CRITICAL - 2023-08-26 04:30:51 --> Invalid file: "sys/tender/add.php"
in SYSTEMPATH\Exceptions\FrameworkException.php on line 33.
 1 SYSTEMPATH\View\View.php(212): CodeIgniter\Exceptions\FrameworkException::forInvalidFile('sys/tender/add.php')
 2 SYSTEMPATH\Common.php(1176): CodeIgniter\View\View->render('sys/tender/add', [], true)
 3 APPPATH\Controllers\Tender.php(48): view('sys/tender/add', [])
 4 SYSTEMPATH\CodeIgniter.php(932): App\Controllers\Tender->create()
 5 SYSTEMPATH\CodeIgniter.php(497): CodeIgniter\CodeIgniter->runController(Object(App\Controllers\Tender))
 6 SYSTEMPATH\CodeIgniter.php(366): CodeIgniter\CodeIgniter->handleRequest(null, Object(Config\Cache), false)
 7 FCPATH\index.php(67): CodeIgniter\CodeIgniter->run()
CRITICAL - 2023-08-26 04:32:47 --> Invalid file: "sys/tender/add.php"
in SYSTEMPATH\Exceptions\FrameworkException.php on line 33.
 1 SYSTEMPATH\View\View.php(212): CodeIgniter\Exceptions\FrameworkException::forInvalidFile('sys/tender/add.php')
 2 SYSTEMPATH\Common.php(1176): CodeIgniter\View\View->render('sys/tender/add', [], true)
 3 APPPATH\Controllers\Tender.php(48): view('sys/tender/add', [])
 4 SYSTEMPATH\CodeIgniter.php(932): App\Controllers\Tender->create()
 5 SYSTEMPATH\CodeIgniter.php(497): CodeIgniter\CodeIgniter->runController(Object(App\Controllers\Tender))
 6 SYSTEMPATH\CodeIgniter.php(366): CodeIgniter\CodeIgniter->handleRequest(null, Object(Config\Cache), false)
 7 FCPATH\index.php(67): CodeIgniter\CodeIgniter->run()
CRITICAL - 2023-08-26 04:33:00 --> Invalid file: "sys/tender/add.php"
in SYSTEMPATH\Exceptions\FrameworkException.php on line 33.
 1 SYSTEMPATH\View\View.php(212): CodeIgniter\Exceptions\FrameworkException::forInvalidFile('sys/tender/add.php')
 2 SYSTEMPATH\Common.php(1176): CodeIgniter\View\View->render('sys/tender/add', [], true)
 3 APPPATH\Controllers\Tender.php(48): view('sys/tender/add', [])
 4 SYSTEMPATH\CodeIgniter.php(932): App\Controllers\Tender->create()
 5 SYSTEMPATH\CodeIgniter.php(497): CodeIgniter\CodeIgniter->runController(Object(App\Controllers\Tender))
 6 SYSTEMPATH\CodeIgniter.php(366): CodeIgniter\CodeIgniter->handleRequest(null, Object(Config\Cache), false)
 7 FCPATH\index.php(67): CodeIgniter\CodeIgniter->run()
CRITICAL - 2023-08-26 04:33:52 --> Invalid file: "sys/tender/add.php"
in SYSTEMPATH\Exceptions\FrameworkException.php on line 33.
 1 SYSTEMPATH\View\View.php(212): CodeIgniter\Exceptions\FrameworkException::forInvalidFile('sys/tender/add.php')
 2 SYSTEMPATH\Common.php(1176): CodeIgniter\View\View->render('sys/tender/add', [], true)
 3 APPPATH\Controllers\Tender.php(48): view('sys/tender/add', [])
 4 SYSTEMPATH\CodeIgniter.php(932): App\Controllers\Tender->create()
 5 SYSTEMPATH\CodeIgniter.php(497): CodeIgniter\CodeIgniter->runController(Object(App\Controllers\Tender))
 6 SYSTEMPATH\CodeIgniter.php(366): CodeIgniter\CodeIgniter->handleRequest(null, Object(Config\Cache), false)
 7 FCPATH\index.php(67): CodeIgniter\CodeIgniter->run()
CRITICAL - 2023-08-26 04:34:00 --> Invalid file: "sys/tender/add.php"
in SYSTEMPATH\Exceptions\FrameworkException.php on line 33.
 1 SYSTEMPATH\View\View.php(212): CodeIgniter\Exceptions\FrameworkException::forInvalidFile('sys/tender/add.php')
 2 SYSTEMPATH\Common.php(1176): CodeIgniter\View\View->render('sys/tender/add', [], true)
 3 APPPATH\Controllers\Tender.php(48): view('sys/tender/add', [])
 4 SYSTEMPATH\CodeIgniter.php(932): App\Controllers\Tender->create()
 5 SYSTEMPATH\CodeIgniter.php(497): CodeIgniter\CodeIgniter->runController(Object(App\Controllers\Tender))
 6 SYSTEMPATH\CodeIgniter.php(366): CodeIgniter\CodeIgniter->handleRequest(null, Object(Config\Cache), false)
 7 FCPATH\index.php(67): CodeIgniter\CodeIgniter->run()
CRITICAL - 2023-08-26 04:35:05 --> Invalid file: "sys/tender/add.php"
in SYSTEMPATH\Exceptions\FrameworkException.php on line 33.
 1 SYSTEMPATH\View\View.php(212): CodeIgniter\Exceptions\FrameworkException::forInvalidFile('sys/tender/add.php')
 2 SYSTEMPATH\Common.php(1176): CodeIgniter\View\View->render('sys/tender/add', [], true)
 3 APPPATH\Controllers\Tender.php(48): view('sys/tender/add', [])
 4 SYSTEMPATH\CodeIgniter.php(932): App\Controllers\Tender->create()
 5 SYSTEMPATH\CodeIgniter.php(497): CodeIgniter\CodeIgniter->runController(Object(App\Controllers\Tender))
 6 SYSTEMPATH\CodeIgniter.php(366): CodeIgniter\CodeIgniter->handleRequest(null, Object(Config\Cache), false)
 7 FCPATH\index.php(67): CodeIgniter\CodeIgniter->run()
CRITICAL - 2023-08-26 04:50:48 --> Invalid file: "sys/tender/add.php"
in SYSTEMPATH\Exceptions\FrameworkException.php on line 33.
 1 SYSTEMPATH\View\View.php(212): CodeIgniter\Exceptions\FrameworkException::forInvalidFile('sys/tender/add.php')
 2 SYSTEMPATH\Common.php(1176): CodeIgniter\View\View->render('sys/tender/add', [], true)
 3 APPPATH\Controllers\Tender.php(48): view('sys/tender/add', [])
 4 SYSTEMPATH\CodeIgniter.php(932): App\Controllers\Tender->create()
 5 SYSTEMPATH\CodeIgniter.php(497): CodeIgniter\CodeIgniter->runController(Object(App\Controllers\Tender))
 6 SYSTEMPATH\CodeIgniter.php(366): CodeIgniter\CodeIgniter->handleRequest(null, Object(Config\Cache), false)
 7 FCPATH\index.php(67): CodeIgniter\CodeIgniter->run()
CRITICAL - 2023-08-26 05:38:27 --> Invalid file: "sys/tender/add.php"
in SYSTEMPATH\Exceptions\FrameworkException.php on line 33.
 1 SYSTEMPATH\View\View.php(212): CodeIgniter\Exceptions\FrameworkException::forInvalidFile('sys/tender/add.php')
 2 SYSTEMPATH\Common.php(1176): CodeIgniter\View\View->render('sys/tender/add', [], true)
 3 APPPATH\Controllers\Tender.php(48): view('sys/tender/add', [])
 4 SYSTEMPATH\CodeIgniter.php(932): App\Controllers\Tender->create()
 5 SYSTEMPATH\CodeIgniter.php(497): CodeIgniter\CodeIgniter->runController(Object(App\Controllers\Tender))
 6 SYSTEMPATH\CodeIgniter.php(366): CodeIgniter\CodeIgniter->handleRequest(null, Object(Config\Cache), false)
 7 FCPATH\index.php(67): CodeIgniter\CodeIgniter->run()
CRITICAL - 2023-08-26 06:04:41 --> Invalid file: "sys/tender/add.php"
in SYSTEMPATH\Exceptions\FrameworkException.php on line 33.
 1 SYSTEMPATH\View\View.php(212): CodeIgniter\Exceptions\FrameworkException::forInvalidFile('sys/tender/add.php')
 2 SYSTEMPATH\Common.php(1176): CodeIgniter\View\View->render('sys/tender/add', [], true)
 3 APPPATH\Controllers\Tender.php(48): view('sys/tender/add', [])
 4 SYSTEMPATH\CodeIgniter.php(932): App\Controllers\Tender->create()
 5 SYSTEMPATH\CodeIgniter.php(497): CodeIgniter\CodeIgniter->runController(Object(App\Controllers\Tender))
 6 SYSTEMPATH\CodeIgniter.php(366): CodeIgniter\CodeIgniter->handleRequest(null, Object(Config\Cache), false)
 7 FCPATH\index.php(67): CodeIgniter\CodeIgniter->run()
CRITICAL - 2023-08-26 06:07:33 --> Invalid file: "sys/tender/add.php"
in SYSTEMPATH\Exceptions\FrameworkException.php on line 33.
 1 SYSTEMPATH\View\View.php(212): CodeIgniter\Exceptions\FrameworkException::forInvalidFile('sys/tender/add.php')
 2 SYSTEMPATH\Common.php(1176): CodeIgniter\View\View->render('sys/tender/add', [], true)
 3 APPPATH\Controllers\Tender.php(48): view('sys/tender/add', [])
 4 SYSTEMPATH\CodeIgniter.php(932): App\Controllers\Tender->create()
 5 SYSTEMPATH\CodeIgniter.php(497): CodeIgniter\CodeIgniter->runController(Object(App\Controllers\Tender))
 6 SYSTEMPATH\CodeIgniter.php(366): CodeIgniter\CodeIgniter->handleRequest(null, Object(Config\Cache), false)
 7 FCPATH\index.php(67): CodeIgniter\CodeIgniter->run()
CRITICAL - 2023-08-26 06:08:17 --> Invalid file: "sys/tender/add.php"
in SYSTEMPATH\Exceptions\FrameworkException.php on line 33.
 1 SYSTEMPATH\View\View.php(212): CodeIgniter\Exceptions\FrameworkException::forInvalidFile('sys/tender/add.php')
 2 SYSTEMPATH\Common.php(1176): CodeIgniter\View\View->render('sys/tender/add', [], true)
 3 APPPATH\Controllers\Tender.php(48): view('sys/tender/add', [])
 4 SYSTEMPATH\CodeIgniter.php(932): App\Controllers\Tender->create()
 5 SYSTEMPATH\CodeIgniter.php(497): CodeIgniter\CodeIgniter->runController(Object(App\Controllers\Tender))
 6 SYSTEMPATH\CodeIgniter.php(366): CodeIgniter\CodeIgniter->handleRequest(null, Object(Config\Cache), false)
 7 FCPATH\index.php(67): CodeIgniter\CodeIgniter->run()
CRITICAL - 2023-08-26 06:09:15 --> Invalid file: "sys/tender/add.php"
in SYSTEMPATH\Exceptions\FrameworkException.php on line 33.
 1 SYSTEMPATH\View\View.php(212): CodeIgniter\Exceptions\FrameworkException::forInvalidFile('sys/tender/add.php')
 2 SYSTEMPATH\Common.php(1176): CodeIgniter\View\View->render('sys/tender/add', [], true)
 3 APPPATH\Controllers\Tender.php(48): view('sys/tender/add', [])
 4 SYSTEMPATH\CodeIgniter.php(932): App\Controllers\Tender->create()
 5 SYSTEMPATH\CodeIgniter.php(497): CodeIgniter\CodeIgniter->runController(Object(App\Controllers\Tender))
 6 SYSTEMPATH\CodeIgniter.php(366): CodeIgniter\CodeIgniter->handleRequest(null, Object(Config\Cache), false)
 7 FCPATH\index.php(67): CodeIgniter\CodeIgniter->run()
CRITICAL - 2023-08-26 06:45:15 --> Invalid file: "sys/tender/add.php"
in SYSTEMPATH\Exceptions\FrameworkException.php on line 33.
 1 SYSTEMPATH\View\View.php(212): CodeIgniter\Exceptions\FrameworkException::forInvalidFile('sys/tender/add.php')
 2 SYSTEMPATH\Common.php(1176): CodeIgniter\View\View->render('sys/tender/add', [], true)
 3 APPPATH\Controllers\Tender.php(48): view('sys/tender/add', [])
 4 SYSTEMPATH\CodeIgniter.php(932): App\Controllers\Tender->create()
 5 SYSTEMPATH\CodeIgniter.php(497): CodeIgniter\CodeIgniter->runController(Object(App\Controllers\Tender))
 6 SYSTEMPATH\CodeIgniter.php(366): CodeIgniter\CodeIgniter->handleRequest(null, Object(Config\Cache), false)
 7 FCPATH\index.php(67): CodeIgniter\CodeIgniter->run()
CRITICAL - 2023-08-26 06:46:17 --> Invalid file: "sys/tender/add.php"
in SYSTEMPATH\Exceptions\FrameworkException.php on line 33.
 1 SYSTEMPATH\View\View.php(212): CodeIgniter\Exceptions\FrameworkException::forInvalidFile('sys/tender/add.php')
 2 SYSTEMPATH\Common.php(1176): CodeIgniter\View\View->render('sys/tender/add', [], true)
 3 APPPATH\Controllers\Tender.php(48): view('sys/tender/add', [])
 4 SYSTEMPATH\CodeIgniter.php(932): App\Controllers\Tender->create()
 5 SYSTEMPATH\CodeIgniter.php(497): CodeIgniter\CodeIgniter->runController(Object(App\Controllers\Tender))
 6 SYSTEMPATH\CodeIgniter.php(366): CodeIgniter\CodeIgniter->handleRequest(null, Object(Config\Cache), false)
 7 FCPATH\index.php(67): CodeIgniter\CodeIgniter->run()
CRITICAL - 2023-08-26 07:45:37 --> Call to undefined function form_open()
in APPPATH\Views\sys\tender\create.php on line 17.
 1 SYSTEMPATH\View\View.php(224): include()
 2 SYSTEMPATH\View\View.php(227): CodeIgniter\View\View->CodeIgniter\View\{closure}()
 3 SYSTEMPATH\Common.php(1176): CodeIgniter\View\View->render('sys/Tender/create', [], true)
 4 APPPATH\Controllers\Tender.php(15): view('sys/Tender/create')
 5 SYSTEMPATH\CodeIgniter.php(932): App\Controllers\Tender->create()
 6 SYSTEMPATH\CodeIgniter.php(497): CodeIgniter\CodeIgniter->runController(Object(App\Controllers\Tender))
 7 SYSTEMPATH\CodeIgniter.php(366): CodeIgniter\CodeIgniter->handleRequest(null, Object(Config\Cache), false)
 8 FCPATH\index.php(67): CodeIgniter\CodeIgniter->run()
CRITICAL - 2023-08-26 08:57:43 --> Array to string conversion
in APPPATH\Controllers\Tender.php on line 34.
 1 APPPATH\Controllers\Tender.php(34): CodeIgniter\Debug\Exceptions->errorHandler(2, 'Array to string conversion', 'C:\\xampp\\htdocs\\IPMS\\app\\Controllers\\Tender.php', 34)
 2 SYSTEMPATH\CodeIgniter.php(932): App\Controllers\Tender->create()
 3 SYSTEMPATH\CodeIgniter.php(497): CodeIgniter\CodeIgniter->runController(Object(App\Controllers\Tender))
 4 SYSTEMPATH\CodeIgniter.php(366): CodeIgniter\CodeIgniter->handleRequest(null, Object(Config\Cache), false)
 5 FCPATH\index.php(67): CodeIgniter\CodeIgniter->run()
CRITICAL - 2023-08-26 08:58:16 --> Undefined variable $rules
in APPPATH\Controllers\Tender.php on line 23.
 1 APPPATH\Controllers\Tender.php(23): CodeIgniter\Debug\Exceptions->errorHandler(2, 'Undefined variable $rules', 'C:\\xampp\\htdocs\\IPMS\\app\\Controllers\\Tender.php', 23)
 2 SYSTEMPATH\CodeIgniter.php(932): App\Controllers\Tender->create()
 3 SYSTEMPATH\CodeIgniter.php(497): CodeIgniter\CodeIgniter->runController(Object(App\Controllers\Tender))
 4 SYSTEMPATH\CodeIgniter.php(366): CodeIgniter\CodeIgniter->handleRequest(null, Object(Config\Cache), false)
 5 FCPATH\index.php(67): CodeIgniter\CodeIgniter->run()
CRITICAL - 2023-08-26 08:59:56 --> Unclosed '{' on line 6
in APPPATH\Controllers\Tender.php on line 39.
 1 SYSTEMPATH\Router\Router.php(510): CodeIgniter\Router\AutoRouter->getRoute('/tender/create', 'get')
 2 SYSTEMPATH\Router\Router.php(208): CodeIgniter\Router\Router->autoRoute('/tender/create')
 3 SYSTEMPATH\CodeIgniter.php(813): CodeIgniter\Router\Router->handle('/tender/create')
 4 SYSTEMPATH\CodeIgniter.php(447): CodeIgniter\CodeIgniter->tryToRouteIt(Object(CodeIgniter\Router\RouteCollection))
 5 SYSTEMPATH\CodeIgniter.php(366): CodeIgniter\CodeIgniter->handleRequest(null, Object(Config\Cache), false)
 6 FCPATH\index.php(67): CodeIgniter\CodeIgniter->run()
CRITICAL - 2023-08-26 09:00:49 --> Unclosed '{' on line 6
in APPPATH\Controllers\Tender.php on line 39.
 1 SYSTEMPATH\Router\Router.php(510): CodeIgniter\Router\AutoRouter->getRoute('/tender/create', 'get')
 2 SYSTEMPATH\Router\Router.php(208): CodeIgniter\Router\Router->autoRoute('/tender/create')
 3 SYSTEMPATH\CodeIgniter.php(813): CodeIgniter\Router\Router->handle('/tender/create')
 4 SYSTEMPATH\CodeIgniter.php(447): CodeIgniter\CodeIgniter->tryToRouteIt(Object(CodeIgniter\Router\RouteCollection))
 5 SYSTEMPATH\CodeIgniter.php(366): CodeIgniter\CodeIgniter->handleRequest(null, Object(Config\Cache), false)
 6 FCPATH\index.php(67): CodeIgniter\CodeIgniter->run()
ERROR - 2023-08-26 10:02:58 --> mysqli_sql_exception: Unknown column 'Description' in 'field list' in C:\xampp\htdocs\IPMS\system\Database\MySQLi\Connection.php:295
Stack trace:
#0 C:\xampp\htdocs\IPMS\system\Database\MySQLi\Connection.php(295): mysqli->query('INSERT INTO `te...', 0)
#1 C:\xampp\htdocs\IPMS\system\Database\BaseConnection.php(692): CodeIgniter\Database\MySQLi\Connection->execute('INSERT INTO `te...')
#2 C:\xampp\htdocs\IPMS\system\Database\BaseConnection.php(606): CodeIgniter\Database\BaseConnection->simpleQuery('INSERT INTO `te...')
#3 C:\xampp\htdocs\IPMS\system\Database\BaseBuilder.php(2309): CodeIgniter\Database\BaseConnection->query('INSERT INTO `te...', Array, false)
#4 C:\xampp\htdocs\IPMS\system\Model.php(330): CodeIgniter\Database\BaseBuilder->insert()
#5 C:\xampp\htdocs\IPMS\system\BaseModel.php(782): CodeIgniter\Model->doInsert(Array)
#6 C:\xampp\htdocs\IPMS\system\Model.php(730): CodeIgniter\BaseModel->insert(Array, false)
#7 C:\xampp\htdocs\IPMS\system\BaseModel.php(692): CodeIgniter\Model->insert(Array, false)
#8 C:\xampp\htdocs\IPMS\app\Controllers\Tender.php(31): CodeIgniter\BaseModel->save(Array)
#9 C:\xampp\htdocs\IPMS\system\CodeIgniter.php(932): App\Controllers\Tender->create()
#10 C:\xampp\htdocs\IPMS\system\CodeIgniter.php(497): CodeIgniter\CodeIgniter->runController(Object(App\Controllers\Tender))
#11 C:\xampp\htdocs\IPMS\system\CodeIgniter.php(366): CodeIgniter\CodeIgniter->handleRequest(NULL, Object(Config\Cache), false)
#12 C:\xampp\htdocs\IPMS\index.php(67): CodeIgniter\CodeIgniter->run()
#13 {main}
CRITICAL - 2023-08-26 10:02:58 --> Unknown column 'Description' in 'field list'
in SYSTEMPATH\Database\MySQLi\Connection.php on line 295.
 1 SYSTEMPATH\Database\MySQLi\Connection.php(295): mysqli->query('INSERT INTO `tender` (`Description`, `SItem`, `Category`, `PType`, `ICategory`, `BStartTime`, `BStartDate`) VALUES (\'lhjkl.jk\', \'S4\', \'jk;hkl;\', \'ICB<?phpif (set_value(\\\'PType\\\') == \\\'ICB\\\') { echo \\\'selected\\\';}?>\', \' Others<?phpif (set_value(\\\'ICategory\\\') == \\\' Others\\\') { echo \\\'selected\\\';}?>\', \'15:32\', \'2023-08-14\')', 0)
 2 SYSTEMPATH\Database\BaseConnection.php(692): CodeIgniter\Database\MySQLi\Connection->execute('INSERT INTO `tender` (`Description`, `SItem`, `Category`, `PType`, `ICategory`, `BStartTime`, `BStartDate`) VALUES (\'lhjkl.jk\', \'S4\', \'jk;hkl;\', \'ICB<?phpif (set_value(\\\'PType\\\') == \\\'ICB\\\') { echo \\\'selected\\\';}?>\', \' Others<?phpif (set_value(\\\'ICategory\\\') == \\\' Others\\\') { echo \\\'selected\\\';}?>\', \'15:32\', \'2023-08-14\')')
 3 SYSTEMPATH\Database\BaseConnection.php(606): CodeIgniter\Database\BaseConnection->simpleQuery('INSERT INTO `tender` (`Description`, `SItem`, `Category`, `PType`, `ICategory`, `BStartTime`, `BStartDate`) VALUES (\'lhjkl.jk\', \'S4\', \'jk;hkl;\', \'ICB<?phpif (set_value(\\\'PType\\\') == \\\'ICB\\\') { echo \\\'selected\\\';}?>\', \' Others<?phpif (set_value(\\\'ICategory\\\') == \\\' Others\\\') { echo \\\'selected\\\';}?>\', \'15:32\', \'2023-08-14\')')
 4 SYSTEMPATH\Database\BaseBuilder.php(2309): CodeIgniter\Database\BaseConnection->query('INSERT INTO `tender` (`Description`, `SItem`, `Category`, `PType`, `ICategory`, `BStartTime`, `BStartDate`) VALUES (:Description:, :SItem:, :Category:, :PType:, :ICategory:, :BStartTime:, :BStartDate:)', [...], false)
 5 SYSTEMPATH\Model.php(330): CodeIgniter\Database\BaseBuilder->insert()
 6 SYSTEMPATH\BaseModel.php(782): CodeIgniter\Model->doInsert([...])
 7 SYSTEMPATH\Model.php(730): CodeIgniter\BaseModel->insert([...], false)
 8 SYSTEMPATH\BaseModel.php(692): CodeIgniter\Model->insert([...], false)
 9 APPPATH\Controllers\Tender.php(31): CodeIgniter\BaseModel->save([...])
10 SYSTEMPATH\CodeIgniter.php(932): App\Controllers\Tender->create()
11 SYSTEMPATH\CodeIgniter.php(497): CodeIgniter\CodeIgniter->runController(Object(App\Controllers\Tender))
12 SYSTEMPATH\CodeIgniter.php(366): CodeIgniter\CodeIgniter->handleRequest(null, Object(Config\Cache), false)
13 FCPATH\index.php(67): CodeIgniter\CodeIgniter->run()
ERROR - 2023-08-26 10:08:34 --> mysqli_sql_exception: Unknown column 'Description' in 'field list' in C:\xampp\htdocs\IPMS\system\Database\MySQLi\Connection.php:295
Stack trace:
#0 C:\xampp\htdocs\IPMS\system\Database\MySQLi\Connection.php(295): mysqli->query('INSERT INTO `te...', 0)
#1 C:\xampp\htdocs\IPMS\system\Database\BaseConnection.php(692): CodeIgniter\Database\MySQLi\Connection->execute('INSERT INTO `te...')
#2 C:\xampp\htdocs\IPMS\system\Database\BaseConnection.php(606): CodeIgniter\Database\BaseConnection->simpleQuery('INSERT INTO `te...')
#3 C:\xampp\htdocs\IPMS\system\Database\BaseBuilder.php(2309): CodeIgniter\Database\BaseConnection->query('INSERT INTO `te...', Array, false)
#4 C:\xampp\htdocs\IPMS\system\Model.php(330): CodeIgniter\Database\BaseBuilder->insert()
#5 C:\xampp\htdocs\IPMS\system\BaseModel.php(782): CodeIgniter\Model->doInsert(Array)
#6 C:\xampp\htdocs\IPMS\system\Model.php(730): CodeIgniter\BaseModel->insert(Array, false)
#7 C:\xampp\htdocs\IPMS\system\BaseModel.php(692): CodeIgniter\Model->insert(Array, false)
#8 C:\xampp\htdocs\IPMS\app\Controllers\Tender.php(31): CodeIgniter\BaseModel->save(Array)
#9 C:\xampp\htdocs\IPMS\system\CodeIgniter.php(932): App\Controllers\Tender->create()
#10 C:\xampp\htdocs\IPMS\system\CodeIgniter.php(497): CodeIgniter\CodeIgniter->runController(Object(App\Controllers\Tender))
#11 C:\xampp\htdocs\IPMS\system\CodeIgniter.php(366): CodeIgniter\CodeIgniter->handleRequest(NULL, Object(Config\Cache), false)
#12 C:\xampp\htdocs\IPMS\index.php(67): CodeIgniter\CodeIgniter->run()
#13 {main}
CRITICAL - 2023-08-26 10:08:34 --> Unknown column 'Description' in 'field list'
in SYSTEMPATH\Database\MySQLi\Connection.php on line 295.
 1 SYSTEMPATH\Database\MySQLi\Connection.php(295): mysqli->query('INSERT INTO `tender` (`Description`, `SItem`, `Category`, `PType`, `ICategory`, `BStartTime`, `BStartDate`) VALUES (\'ghdg\', \'S5\', \'ghfgj\', \'LIB<?phpif (set_value(\\\'PType\\\') == \\\'LIB\\\') { echo \\\'selected\\\';}?>\', \' Others<?phpif (set_value(\\\'ICategory\\\') == \\\' Others\\\') { echo \\\'selected\\\';}?>\', \'15:41\', \'2023-09-05\')', 0)
 2 SYSTEMPATH\Database\BaseConnection.php(692): CodeIgniter\Database\MySQLi\Connection->execute('INSERT INTO `tender` (`Description`, `SItem`, `Category`, `PType`, `ICategory`, `BStartTime`, `BStartDate`) VALUES (\'ghdg\', \'S5\', \'ghfgj\', \'LIB<?phpif (set_value(\\\'PType\\\') == \\\'LIB\\\') { echo \\\'selected\\\';}?>\', \' Others<?phpif (set_value(\\\'ICategory\\\') == \\\' Others\\\') { echo \\\'selected\\\';}?>\', \'15:41\', \'2023-09-05\')')
 3 SYSTEMPATH\Database\BaseConnection.php(606): CodeIgniter\Database\BaseConnection->simpleQuery('INSERT INTO `tender` (`Description`, `SItem`, `Category`, `PType`, `ICategory`, `BStartTime`, `BStartDate`) VALUES (\'ghdg\', \'S5\', \'ghfgj\', \'LIB<?phpif (set_value(\\\'PType\\\') == \\\'LIB\\\') { echo \\\'selected\\\';}?>\', \' Others<?phpif (set_value(\\\'ICategory\\\') == \\\' Others\\\') { echo \\\'selected\\\';}?>\', \'15:41\', \'2023-09-05\')')
 4 SYSTEMPATH\Database\BaseBuilder.php(2309): CodeIgniter\Database\BaseConnection->query('INSERT INTO `tender` (`Description`, `SItem`, `Category`, `PType`, `ICategory`, `BStartTime`, `BStartDate`) VALUES (:Description:, :SItem:, :Category:, :PType:, :ICategory:, :BStartTime:, :BStartDate:)', [...], false)
 5 SYSTEMPATH\Model.php(330): CodeIgniter\Database\BaseBuilder->insert()
 6 SYSTEMPATH\BaseModel.php(782): CodeIgniter\Model->doInsert([...])
 7 SYSTEMPATH\Model.php(730): CodeIgniter\BaseModel->insert([...], false)
 8 SYSTEMPATH\BaseModel.php(692): CodeIgniter\Model->insert([...], false)
 9 APPPATH\Controllers\Tender.php(31): CodeIgniter\BaseModel->save([...])
10 SYSTEMPATH\CodeIgniter.php(932): App\Controllers\Tender->create()
11 SYSTEMPATH\CodeIgniter.php(497): CodeIgniter\CodeIgniter->runController(Object(App\Controllers\Tender))
12 SYSTEMPATH\CodeIgniter.php(366): CodeIgniter\CodeIgniter->handleRequest(null, Object(Config\Cache), false)
13 FCPATH\index.php(67): CodeIgniter\CodeIgniter->run()
ERROR - 2023-08-26 10:31:56 --> mysqli_sql_exception: Unknown column 'Description' in 'field list' in C:\xampp\htdocs\IPMS\system\Database\MySQLi\Connection.php:295
Stack trace:
#0 C:\xampp\htdocs\IPMS\system\Database\MySQLi\Connection.php(295): mysqli->query('INSERT INTO `te...', 0)
#1 C:\xampp\htdocs\IPMS\system\Database\BaseConnection.php(692): CodeIgniter\Database\MySQLi\Connection->execute('INSERT INTO `te...')
#2 C:\xampp\htdocs\IPMS\system\Database\BaseConnection.php(606): CodeIgniter\Database\BaseConnection->simpleQuery('INSERT INTO `te...')
#3 C:\xampp\htdocs\IPMS\system\Database\BaseBuilder.php(2309): CodeIgniter\Database\BaseConnection->query('INSERT INTO `te...', Array, false)
#4 C:\xampp\htdocs\IPMS\system\Model.php(330): CodeIgniter\Database\BaseBuilder->insert()
#5 C:\xampp\htdocs\IPMS\system\BaseModel.php(782): CodeIgniter\Model->doInsert(Array)
#6 C:\xampp\htdocs\IPMS\system\Model.php(730): CodeIgniter\BaseModel->insert(Array, false)
#7 C:\xampp\htdocs\IPMS\system\BaseModel.php(692): CodeIgniter\Model->insert(Array, false)
#8 C:\xampp\htdocs\IPMS\app\Controllers\Tender.php(31): CodeIgniter\BaseModel->save(Array)
#9 C:\xampp\htdocs\IPMS\system\CodeIgniter.php(932): App\Controllers\Tender->create()
#10 C:\xampp\htdocs\IPMS\system\CodeIgniter.php(497): CodeIgniter\CodeIgniter->runController(Object(App\Controllers\Tender))
#11 C:\xampp\htdocs\IPMS\system\CodeIgniter.php(366): CodeIgniter\CodeIgniter->handleRequest(NULL, Object(Config\Cache), false)
#12 C:\xampp\htdocs\IPMS\index.php(67): CodeIgniter\CodeIgniter->run()
#13 {main}
CRITICAL - 2023-08-26 10:31:56 --> Unknown column 'Description' in 'field list'
in SYSTEMPATH\Database\MySQLi\Connection.php on line 295.
 1 SYSTEMPATH\Database\MySQLi\Connection.php(295): mysqli->query('INSERT INTO `tender` (`Description`, `SItem`, `Category`, `PType`, `ICategory`, `BStartTime`, `BStartDate`) VALUES (\'ghdg\', \'S3\', \'cbxcb\', \'LIB<?phpif (set_value(\\\'PType\\\') == \\\'LIB\\\') { echo \\\'selected\\\';}?>\', \'Stationery<?phpif (set_value(\\\'ICategory\\\') == \\\'Stationery\\\') { echo \\\'selected\\\';}?>\', \'16:04\', \'2023-08-14\')', 0)
 2 SYSTEMPATH\Database\BaseConnection.php(692): CodeIgniter\Database\MySQLi\Connection->execute('INSERT INTO `tender` (`Description`, `SItem`, `Category`, `PType`, `ICategory`, `BStartTime`, `BStartDate`) VALUES (\'ghdg\', \'S3\', \'cbxcb\', \'LIB<?phpif (set_value(\\\'PType\\\') == \\\'LIB\\\') { echo \\\'selected\\\';}?>\', \'Stationery<?phpif (set_value(\\\'ICategory\\\') == \\\'Stationery\\\') { echo \\\'selected\\\';}?>\', \'16:04\', \'2023-08-14\')')
 3 SYSTEMPATH\Database\BaseConnection.php(606): CodeIgniter\Database\BaseConnection->simpleQuery('INSERT INTO `tender` (`Description`, `SItem`, `Category`, `PType`, `ICategory`, `BStartTime`, `BStartDate`) VALUES (\'ghdg\', \'S3\', \'cbxcb\', \'LIB<?phpif (set_value(\\\'PType\\\') == \\\'LIB\\\') { echo \\\'selected\\\';}?>\', \'Stationery<?phpif (set_value(\\\'ICategory\\\') == \\\'Stationery\\\') { echo \\\'selected\\\';}?>\', \'16:04\', \'2023-08-14\')')
 4 SYSTEMPATH\Database\BaseBuilder.php(2309): CodeIgniter\Database\BaseConnection->query('INSERT INTO `tender` (`Description`, `SItem`, `Category`, `PType`, `ICategory`, `BStartTime`, `BStartDate`) VALUES (:Description:, :SItem:, :Category:, :PType:, :ICategory:, :BStartTime:, :BStartDate:)', [...], false)
 5 SYSTEMPATH\Model.php(330): CodeIgniter\Database\BaseBuilder->insert()
 6 SYSTEMPATH\BaseModel.php(782): CodeIgniter\Model->doInsert([...])
 7 SYSTEMPATH\Model.php(730): CodeIgniter\BaseModel->insert([...], false)
 8 SYSTEMPATH\BaseModel.php(692): CodeIgniter\Model->insert([...], false)
 9 APPPATH\Controllers\Tender.php(31): CodeIgniter\BaseModel->save([...])
10 SYSTEMPATH\CodeIgniter.php(932): App\Controllers\Tender->create()
11 SYSTEMPATH\CodeIgniter.php(497): CodeIgniter\CodeIgniter->runController(Object(App\Controllers\Tender))
12 SYSTEMPATH\CodeIgniter.php(366): CodeIgniter\CodeIgniter->handleRequest(null, Object(Config\Cache), false)
13 FCPATH\index.php(67): CodeIgniter\CodeIgniter->run()
ERROR - 2023-08-26 10:34:17 --> mysqli_sql_exception: Unknown column 'Description' in 'field list' in C:\xampp\htdocs\IPMS\system\Database\MySQLi\Connection.php:295
Stack trace:
#0 C:\xampp\htdocs\IPMS\system\Database\MySQLi\Connection.php(295): mysqli->query('INSERT INTO `te...', 0)
#1 C:\xampp\htdocs\IPMS\system\Database\BaseConnection.php(692): CodeIgniter\Database\MySQLi\Connection->execute('INSERT INTO `te...')
#2 C:\xampp\htdocs\IPMS\system\Database\BaseConnection.php(606): CodeIgniter\Database\BaseConnection->simpleQuery('INSERT INTO `te...')
#3 C:\xampp\htdocs\IPMS\system\Database\BaseBuilder.php(2309): CodeIgniter\Database\BaseConnection->query('INSERT INTO `te...', Array, false)
#4 C:\xampp\htdocs\IPMS\system\Model.php(330): CodeIgniter\Database\BaseBuilder->insert()
#5 C:\xampp\htdocs\IPMS\system\BaseModel.php(782): CodeIgniter\Model->doInsert(Array)
#6 C:\xampp\htdocs\IPMS\system\Model.php(730): CodeIgniter\BaseModel->insert(Array, false)
#7 C:\xampp\htdocs\IPMS\system\BaseModel.php(692): CodeIgniter\Model->insert(Array, false)
#8 C:\xampp\htdocs\IPMS\app\Controllers\Tender.php(31): CodeIgniter\BaseModel->save(Array)
#9 C:\xampp\htdocs\IPMS\system\CodeIgniter.php(932): App\Controllers\Tender->create()
#10 C:\xampp\htdocs\IPMS\system\CodeIgniter.php(497): CodeIgniter\CodeIgniter->runController(Object(App\Controllers\Tender))
#11 C:\xampp\htdocs\IPMS\system\CodeIgniter.php(366): CodeIgniter\CodeIgniter->handleRequest(NULL, Object(Config\Cache), false)
#12 C:\xampp\htdocs\IPMS\index.php(67): CodeIgniter\CodeIgniter->run()
#13 {main}
CRITICAL - 2023-08-26 10:34:17 --> Unknown column 'Description' in 'field list'
in SYSTEMPATH\Database\MySQLi\Connection.php on line 295.
 1 SYSTEMPATH\Database\MySQLi\Connection.php(295): mysqli->query('INSERT INTO `tender` (`Description`, `SItem`, `Category`, `PType`, `ICategory`, `BStartTime`, `BStartDate`) VALUES (\'jgfhfh    \', \'S5\', \'gjghgfh\', \'ICB<?phpif (set_value(\\\'PType\\\') == \\\'ICB\\\') { echo \\\'selected\\\';}?>\', \'Uniforms<?phpif (set_value(\\\'ICategory\\\') == \\\'Uniforms\\\') { echo \\\'selected\\\';}?>\', \'16:07\', \'2023-08-28\')', 0)
 2 SYSTEMPATH\Database\BaseConnection.php(692): CodeIgniter\Database\MySQLi\Connection->execute('INSERT INTO `tender` (`Description`, `SItem`, `Category`, `PType`, `ICategory`, `BStartTime`, `BStartDate`) VALUES (\'jgfhfh    \', \'S5\', \'gjghgfh\', \'ICB<?phpif (set_value(\\\'PType\\\') == \\\'ICB\\\') { echo \\\'selected\\\';}?>\', \'Uniforms<?phpif (set_value(\\\'ICategory\\\') == \\\'Uniforms\\\') { echo \\\'selected\\\';}?>\', \'16:07\', \'2023-08-28\')')
 3 SYSTEMPATH\Database\BaseConnection.php(606): CodeIgniter\Database\BaseConnection->simpleQuery('INSERT INTO `tender` (`Description`, `SItem`, `Category`, `PType`, `ICategory`, `BStartTime`, `BStartDate`) VALUES (\'jgfhfh    \', \'S5\', \'gjghgfh\', \'ICB<?phpif (set_value(\\\'PType\\\') == \\\'ICB\\\') { echo \\\'selected\\\';}?>\', \'Uniforms<?phpif (set_value(\\\'ICategory\\\') == \\\'Uniforms\\\') { echo \\\'selected\\\';}?>\', \'16:07\', \'2023-08-28\')')
 4 SYSTEMPATH\Database\BaseBuilder.php(2309): CodeIgniter\Database\BaseConnection->query('INSERT INTO `tender` (`Description`, `SItem`, `Category`, `PType`, `ICategory`, `BStartTime`, `BStartDate`) VALUES (:Description:, :SItem:, :Category:, :PType:, :ICategory:, :BStartTime:, :BStartDate:)', [...], false)
 5 SYSTEMPATH\Model.php(330): CodeIgniter\Database\BaseBuilder->insert()
 6 SYSTEMPATH\BaseModel.php(782): CodeIgniter\Model->doInsert([...])
 7 SYSTEMPATH\Model.php(730): CodeIgniter\BaseModel->insert([...], false)
 8 SYSTEMPATH\BaseModel.php(692): CodeIgniter\Model->insert([...], false)
 9 APPPATH\Controllers\Tender.php(31): CodeIgniter\BaseModel->save([...])
10 SYSTEMPATH\CodeIgniter.php(932): App\Controllers\Tender->create()
11 SYSTEMPATH\CodeIgniter.php(497): CodeIgniter\CodeIgniter->runController(Object(App\Controllers\Tender))
12 SYSTEMPATH\CodeIgniter.php(366): CodeIgniter\CodeIgniter->handleRequest(null, Object(Config\Cache), false)
13 FCPATH\index.php(67): CodeIgniter\CodeIgniter->run()
ERROR - 2023-08-26 11:01:20 --> mysqli_sql_exception: Unknown column 'Description' in 'field list' in C:\xampp\htdocs\IPMS\system\Database\MySQLi\Connection.php:295
Stack trace:
#0 C:\xampp\htdocs\IPMS\system\Database\MySQLi\Connection.php(295): mysqli->query('INSERT INTO `te...', 0)
#1 C:\xampp\htdocs\IPMS\system\Database\BaseConnection.php(692): CodeIgniter\Database\MySQLi\Connection->execute('INSERT INTO `te...')
#2 C:\xampp\htdocs\IPMS\system\Database\BaseConnection.php(606): CodeIgniter\Database\BaseConnection->simpleQuery('INSERT INTO `te...')
#3 C:\xampp\htdocs\IPMS\system\Database\BaseBuilder.php(2309): CodeIgniter\Database\BaseConnection->query('INSERT INTO `te...', Array, false)
#4 C:\xampp\htdocs\IPMS\system\Model.php(330): CodeIgniter\Database\BaseBuilder->insert()
#5 C:\xampp\htdocs\IPMS\system\BaseModel.php(782): CodeIgniter\Model->doInsert(Array)
#6 C:\xampp\htdocs\IPMS\system\Model.php(730): CodeIgniter\BaseModel->insert(Array, false)
#7 C:\xampp\htdocs\IPMS\system\BaseModel.php(692): CodeIgniter\Model->insert(Array, false)
#8 C:\xampp\htdocs\IPMS\app\Controllers\Tender.php(33): CodeIgniter\BaseModel->save(Array)
#9 C:\xampp\htdocs\IPMS\system\CodeIgniter.php(932): App\Controllers\Tender->create()
#10 C:\xampp\htdocs\IPMS\system\CodeIgniter.php(497): CodeIgniter\CodeIgniter->runController(Object(App\Controllers\Tender))
#11 C:\xampp\htdocs\IPMS\system\CodeIgniter.php(366): CodeIgniter\CodeIgniter->handleRequest(NULL, Object(Config\Cache), false)
#12 C:\xampp\htdocs\IPMS\index.php(67): CodeIgniter\CodeIgniter->run()
#13 {main}
CRITICAL - 2023-08-26 11:01:20 --> Unknown column 'Description' in 'field list'
in SYSTEMPATH\Database\MySQLi\Connection.php on line 295.
 1 SYSTEMPATH\Database\MySQLi\Connection.php(295): mysqli->query('INSERT INTO `tender` (`Description`, `SItem`, `Category`, `PType`, `ICategory`, `BStartTime`, `BStartDate`) VALUES (\'bnvn\', \'S5\', \'bvnvbn\', \'LIB<?phpif (set_value(\\\'PType\\\') == \\\'LIB\\\') { echo \\\'selected\\\';}?>\', \' Others<?phpif (set_value(\\\'ICategory\\\') == \\\' Others\\\') { echo \\\'selected\\\';}?>\', \'19:31\', \'2023-08-15\')', 0)
 2 SYSTEMPATH\Database\BaseConnection.php(692): CodeIgniter\Database\MySQLi\Connection->execute('INSERT INTO `tender` (`Description`, `SItem`, `Category`, `PType`, `ICategory`, `BStartTime`, `BStartDate`) VALUES (\'bnvn\', \'S5\', \'bvnvbn\', \'LIB<?phpif (set_value(\\\'PType\\\') == \\\'LIB\\\') { echo \\\'selected\\\';}?>\', \' Others<?phpif (set_value(\\\'ICategory\\\') == \\\' Others\\\') { echo \\\'selected\\\';}?>\', \'19:31\', \'2023-08-15\')')
 3 SYSTEMPATH\Database\BaseConnection.php(606): CodeIgniter\Database\BaseConnection->simpleQuery('INSERT INTO `tender` (`Description`, `SItem`, `Category`, `PType`, `ICategory`, `BStartTime`, `BStartDate`) VALUES (\'bnvn\', \'S5\', \'bvnvbn\', \'LIB<?phpif (set_value(\\\'PType\\\') == \\\'LIB\\\') { echo \\\'selected\\\';}?>\', \' Others<?phpif (set_value(\\\'ICategory\\\') == \\\' Others\\\') { echo \\\'selected\\\';}?>\', \'19:31\', \'2023-08-15\')')
 4 SYSTEMPATH\Database\BaseBuilder.php(2309): CodeIgniter\Database\BaseConnection->query('INSERT INTO `tender` (`Description`, `SItem`, `Category`, `PType`, `ICategory`, `BStartTime`, `BStartDate`) VALUES (:Description:, :SItem:, :Category:, :PType:, :ICategory:, :BStartTime:, :BStartDate:)', [...], false)
 5 SYSTEMPATH\Model.php(330): CodeIgniter\Database\BaseBuilder->insert()
 6 SYSTEMPATH\BaseModel.php(782): CodeIgniter\Model->doInsert([...])
 7 SYSTEMPATH\Model.php(730): CodeIgniter\BaseModel->insert([...], false)
 8 SYSTEMPATH\BaseModel.php(692): CodeIgniter\Model->insert([...], false)
 9 APPPATH\Controllers\Tender.php(33): CodeIgniter\BaseModel->save([...])
10 SYSTEMPATH\CodeIgniter.php(932): App\Controllers\Tender->create()
11 SYSTEMPATH\CodeIgniter.php(497): CodeIgniter\CodeIgniter->runController(Object(App\Controllers\Tender))
12 SYSTEMPATH\CodeIgniter.php(366): CodeIgniter\CodeIgniter->handleRequest(null, Object(Config\Cache), false)
13 FCPATH\index.php(67): CodeIgniter\CodeIgniter->run()
CRITICAL - 2023-08-26 11:24:55 --> Unclosed '{' on line 7
in APPPATH\Controllers\Tender.php on line 81.
 1 SYSTEMPATH\Router\Router.php(510): CodeIgniter\Router\AutoRouter->getRoute('/tender/view', 'get')
 2 SYSTEMPATH\Router\Router.php(208): CodeIgniter\Router\Router->autoRoute('/tender/view')
 3 SYSTEMPATH\CodeIgniter.php(813): CodeIgniter\Router\Router->handle('/tender/view')
 4 SYSTEMPATH\CodeIgniter.php(447): CodeIgniter\CodeIgniter->tryToRouteIt(Object(CodeIgniter\Router\RouteCollection))
 5 SYSTEMPATH\CodeIgniter.php(366): CodeIgniter\CodeIgniter->handleRequest(null, Object(Config\Cache), false)
 6 FCPATH\index.php(67): CodeIgniter\CodeIgniter->run()
ERROR - 2023-08-26 11:45:01 --> mysqli_sql_exception: Unknown column 'Description' in 'field list' in C:\xampp\htdocs\IPMS\system\Database\MySQLi\Connection.php:295
Stack trace:
#0 C:\xampp\htdocs\IPMS\system\Database\MySQLi\Connection.php(295): mysqli->query('INSERT INTO `te...', 0)
#1 C:\xampp\htdocs\IPMS\system\Database\BaseConnection.php(692): CodeIgniter\Database\MySQLi\Connection->execute('INSERT INTO `te...')
#2 C:\xampp\htdocs\IPMS\system\Database\BaseConnection.php(606): CodeIgniter\Database\BaseConnection->simpleQuery('INSERT INTO `te...')
#3 C:\xampp\htdocs\IPMS\system\Database\BaseBuilder.php(2309): CodeIgniter\Database\BaseConnection->query('INSERT INTO `te...', Array, false)
#4 C:\xampp\htdocs\IPMS\system\Model.php(330): CodeIgniter\Database\BaseBuilder->insert()
#5 C:\xampp\htdocs\IPMS\system\BaseModel.php(782): CodeIgniter\Model->doInsert(Array)
#6 C:\xampp\htdocs\IPMS\system\Model.php(730): CodeIgniter\BaseModel->insert(Array, false)
#7 C:\xampp\htdocs\IPMS\system\BaseModel.php(692): CodeIgniter\Model->insert(Array, false)
#8 C:\xampp\htdocs\IPMS\app\Controllers\Tender.php(33): CodeIgniter\BaseModel->save(Array)
#9 C:\xampp\htdocs\IPMS\system\CodeIgniter.php(932): App\Controllers\Tender->create()
#10 C:\xampp\htdocs\IPMS\system\CodeIgniter.php(497): CodeIgniter\CodeIgniter->runController(Object(App\Controllers\Tender))
#11 C:\xampp\htdocs\IPMS\system\CodeIgniter.php(366): CodeIgniter\CodeIgniter->handleRequest(NULL, Object(Config\Cache), false)
#12 C:\xampp\htdocs\IPMS\index.php(67): CodeIgniter\CodeIgniter->run()
#13 {main}
CRITICAL - 2023-08-26 11:45:01 --> Unknown column 'Description' in 'field list'
in SYSTEMPATH\Database\MySQLi\Connection.php on line 295.
 1 SYSTEMPATH\Database\MySQLi\Connection.php(295): mysqli->query('INSERT INTO `tender` (`Description`, `SItem`, `Category`, `PType`, `ICategory`, `BStartTime`, `BStartDate`) VALUES (\'ghdg\', \'S4\', \'hfgjhgj\', \'LNB<?phpif (set_value(\\\'PType\\\') == \\\'LNB\\\') { echo \\\'selected\\\';}?>\', \'MedicalSupplies<?phpif (set_value(\\\'ICategory\\\') == \\\'MedicalSupplies\\\') { echo \\\'selected\\\';}?>\', \'21:18\', \'2023-08-20\')', 0)
 2 SYSTEMPATH\Database\BaseConnection.php(692): CodeIgniter\Database\MySQLi\Connection->execute('INSERT INTO `tender` (`Description`, `SItem`, `Category`, `PType`, `ICategory`, `BStartTime`, `BStartDate`) VALUES (\'ghdg\', \'S4\', \'hfgjhgj\', \'LNB<?phpif (set_value(\\\'PType\\\') == \\\'LNB\\\') { echo \\\'selected\\\';}?>\', \'MedicalSupplies<?phpif (set_value(\\\'ICategory\\\') == \\\'MedicalSupplies\\\') { echo \\\'selected\\\';}?>\', \'21:18\', \'2023-08-20\')')
 3 SYSTEMPATH\Database\BaseConnection.php(606): CodeIgniter\Database\BaseConnection->simpleQuery('INSERT INTO `tender` (`Description`, `SItem`, `Category`, `PType`, `ICategory`, `BStartTime`, `BStartDate`) VALUES (\'ghdg\', \'S4\', \'hfgjhgj\', \'LNB<?phpif (set_value(\\\'PType\\\') == \\\'LNB\\\') { echo \\\'selected\\\';}?>\', \'MedicalSupplies<?phpif (set_value(\\\'ICategory\\\') == \\\'MedicalSupplies\\\') { echo \\\'selected\\\';}?>\', \'21:18\', \'2023-08-20\')')
 4 SYSTEMPATH\Database\BaseBuilder.php(2309): CodeIgniter\Database\BaseConnection->query('INSERT INTO `tender` (`Description`, `SItem`, `Category`, `PType`, `ICategory`, `BStartTime`, `BStartDate`) VALUES (:Description:, :SItem:, :Category:, :PType:, :ICategory:, :BStartTime:, :BStartDate:)', [...], false)
 5 SYSTEMPATH\Model.php(330): CodeIgniter\Database\BaseBuilder->insert()
 6 SYSTEMPATH\BaseModel.php(782): CodeIgniter\Model->doInsert([...])
 7 SYSTEMPATH\Model.php(730): CodeIgniter\BaseModel->insert([...], false)
 8 SYSTEMPATH\BaseModel.php(692): CodeIgniter\Model->insert([...], false)
 9 APPPATH\Controllers\Tender.php(33): CodeIgniter\BaseModel->save([...])
10 SYSTEMPATH\CodeIgniter.php(932): App\Controllers\Tender->create()
11 SYSTEMPATH\CodeIgniter.php(497): CodeIgniter\CodeIgniter->runController(Object(App\Controllers\Tender))
12 SYSTEMPATH\CodeIgniter.php(366): CodeIgniter\CodeIgniter->handleRequest(null, Object(Config\Cache), false)
13 FCPATH\index.php(67): CodeIgniter\CodeIgniter->run()
CRITICAL - 2023-08-26 13:34:57 --> Invalid file: "sys/itemRequest/createReq.php"
in SYSTEMPATH\Exceptions\FrameworkException.php on line 33.
 1 SYSTEMPATH\View\View.php(212): CodeIgniter\Exceptions\FrameworkException::forInvalidFile('sys/itemRequest/createReq.php')
 2 SYSTEMPATH\Common.php(1176): CodeIgniter\View\View->render('sys/itemRequest/createReq', [], true)
 3 APPPATH\Controllers\ItemRequest.php(17): view('sys/itemRequest/createReq')
 4 SYSTEMPATH\CodeIgniter.php(932): App\Controllers\ItemRequest->createReq()
 5 SYSTEMPATH\CodeIgniter.php(497): CodeIgniter\CodeIgniter->runController(Object(App\Controllers\ItemRequest))
 6 SYSTEMPATH\CodeIgniter.php(366): CodeIgniter\CodeIgniter->handleRequest(null, Object(Config\Cache), false)
 7 FCPATH\index.php(67): CodeIgniter\CodeIgniter->run()
CRITICAL - 2023-08-26 13:37:37 --> Invalid file: "sys/itemRequest/createReq.php"
in SYSTEMPATH\Exceptions\FrameworkException.php on line 33.
 1 SYSTEMPATH\View\View.php(212): CodeIgniter\Exceptions\FrameworkException::forInvalidFile('sys/itemRequest/createReq.php')
 2 SYSTEMPATH\Common.php(1176): CodeIgniter\View\View->render('sys/itemRequest/createReq', [], true)
 3 APPPATH\Controllers\ItemRequest.php(17): view('sys/itemRequest/createReq')
 4 SYSTEMPATH\CodeIgniter.php(932): App\Controllers\ItemRequest->createReq()
 5 SYSTEMPATH\CodeIgniter.php(497): CodeIgniter\CodeIgniter->runController(Object(App\Controllers\ItemRequest))
 6 SYSTEMPATH\CodeIgniter.php(366): CodeIgniter\CodeIgniter->handleRequest(null, Object(Config\Cache), false)
 7 FCPATH\index.php(67): CodeIgniter\CodeIgniter->run()
CRITICAL - 2023-08-26 13:52:18 --> Invalid file: "sys/itemRequest/createReq.php"
in SYSTEMPATH\Exceptions\FrameworkException.php on line 33.
 1 SYSTEMPATH\View\View.php(212): CodeIgniter\Exceptions\FrameworkException::forInvalidFile('sys/itemRequest/createReq.php')
 2 SYSTEMPATH\Common.php(1176): CodeIgniter\View\View->render('sys/itemRequest/createReq', [], true)
 3 APPPATH\Controllers\ItemRequest.php(17): view('sys/itemRequest/createReq')
 4 SYSTEMPATH\CodeIgniter.php(932): App\Controllers\ItemRequest->createReq()
 5 SYSTEMPATH\CodeIgniter.php(497): CodeIgniter\CodeIgniter->runController(Object(App\Controllers\ItemRequest))
 6 SYSTEMPATH\CodeIgniter.php(366): CodeIgniter\CodeIgniter->handleRequest(null, Object(Config\Cache), false)
 7 FCPATH\index.php(67): CodeIgniter\CodeIgniter->run()
CRITICAL - 2023-08-26 14:03:30 --> Invalid file: "sys/itemRequest/createReq.php"
in SYSTEMPATH\Exceptions\FrameworkException.php on line 33.
 1 SYSTEMPATH\View\View.php(212): CodeIgniter\Exceptions\FrameworkException::forInvalidFile('sys/itemRequest/createReq.php')
 2 SYSTEMPATH\Common.php(1176): CodeIgniter\View\View->render('sys/itemRequest/createReq', [], true)
 3 APPPATH\Controllers\ItemRequest.php(17): view('sys/itemRequest/createReq')
 4 SYSTEMPATH\CodeIgniter.php(932): App\Controllers\ItemRequest->createReq()
 5 SYSTEMPATH\CodeIgniter.php(497): CodeIgniter\CodeIgniter->runController(Object(App\Controllers\ItemRequest))
 6 SYSTEMPATH\CodeIgniter.php(366): CodeIgniter\CodeIgniter->handleRequest(null, Object(Config\Cache), false)
 7 FCPATH\index.php(67): CodeIgniter\CodeIgniter->run()
CRITICAL - 2023-08-26 14:20:30 --> Invalid file: "sys/itemRequest/createReq.php"
in SYSTEMPATH\Exceptions\FrameworkException.php on line 33.
 1 SYSTEMPATH\View\View.php(212): CodeIgniter\Exceptions\FrameworkException::forInvalidFile('sys/itemRequest/createReq.php')
 2 SYSTEMPATH\Common.php(1176): CodeIgniter\View\View->render('sys/itemRequest/createReq', [], true)
 3 APPPATH\Controllers\ItemRequest.php(17): view('sys/itemRequest/createReq')
 4 SYSTEMPATH\CodeIgniter.php(932): App\Controllers\ItemRequest->createReq()
 5 SYSTEMPATH\CodeIgniter.php(497): CodeIgniter\CodeIgniter->runController(Object(App\Controllers\ItemRequest))
 6 SYSTEMPATH\CodeIgniter.php(366): CodeIgniter\CodeIgniter->handleRequest(null, Object(Config\Cache), false)
 7 FCPATH\index.php(67): CodeIgniter\CodeIgniter->run()
CRITICAL - 2023-08-26 14:22:02 --> Invalid file: "sys/itemRequest/createReq.php"
in SYSTEMPATH\Exceptions\FrameworkException.php on line 33.
 1 SYSTEMPATH\View\View.php(212): CodeIgniter\Exceptions\FrameworkException::forInvalidFile('sys/itemRequest/createReq.php')
 2 SYSTEMPATH\Common.php(1176): CodeIgniter\View\View->render('sys/itemRequest/createReq', [], true)
 3 APPPATH\Controllers\ItemRequest.php(17): view('sys/itemRequest/createReq')
 4 SYSTEMPATH\CodeIgniter.php(932): App\Controllers\ItemRequest->createReq()
 5 SYSTEMPATH\CodeIgniter.php(497): CodeIgniter\CodeIgniter->runController(Object(App\Controllers\ItemRequest))
 6 SYSTEMPATH\CodeIgniter.php(366): CodeIgniter\CodeIgniter->handleRequest(null, Object(Config\Cache), false)
 7 FCPATH\index.php(67): CodeIgniter\CodeIgniter->run()
CRITICAL - 2023-08-26 16:31:40 --> Class "App\Models\RequestModel" not found
in APPPATH\Controllers\ItemRequest.php on line 30.
 1 SYSTEMPATH\CodeIgniter.php(932): App\Controllers\ItemRequest->createReq()
 2 SYSTEMPATH\CodeIgniter.php(497): CodeIgniter\CodeIgniter->runController(Object(App\Controllers\ItemRequest))
 3 SYSTEMPATH\CodeIgniter.php(366): CodeIgniter\CodeIgniter->handleRequest(null, Object(Config\Cache), false)
 4 FCPATH\index.php(67): CodeIgniter\CodeIgniter->run()
ERROR - 2023-08-26 16:39:14 --> mysqli_sql_exception: Unknown column 'ItemRequest' in 'field list' in C:\xampp\htdocs\IPMS\system\Database\MySQLi\Connection.php:295
Stack trace:
#0 C:\xampp\htdocs\IPMS\system\Database\MySQLi\Connection.php(295): mysqli->query('INSERT INTO `te...', 0)
#1 C:\xampp\htdocs\IPMS\system\Database\BaseConnection.php(692): CodeIgniter\Database\MySQLi\Connection->execute('INSERT INTO `te...')
#2 C:\xampp\htdocs\IPMS\system\Database\BaseConnection.php(606): CodeIgniter\Database\BaseConnection->simpleQuery('INSERT INTO `te...')
#3 C:\xampp\htdocs\IPMS\system\Database\BaseBuilder.php(2309): CodeIgniter\Database\BaseConnection->query('INSERT INTO `te...', Array, false)
#4 C:\xampp\htdocs\IPMS\system\Model.php(330): CodeIgniter\Database\BaseBuilder->insert()
#5 C:\xampp\htdocs\IPMS\system\BaseModel.php(782): CodeIgniter\Model->doInsert(Array)
#6 C:\xampp\htdocs\IPMS\system\Model.php(730): CodeIgniter\BaseModel->insert(Array, false)
#7 C:\xampp\htdocs\IPMS\system\BaseModel.php(692): CodeIgniter\Model->insert(Array, false)
#8 C:\xampp\htdocs\IPMS\app\Controllers\ItemRequest.php(33): CodeIgniter\BaseModel->save(Array)
#9 C:\xampp\htdocs\IPMS\system\CodeIgniter.php(932): App\Controllers\ItemRequest->createReq()
#10 C:\xampp\htdocs\IPMS\system\CodeIgniter.php(497): CodeIgniter\CodeIgniter->runController(Object(App\Controllers\ItemRequest))
#11 C:\xampp\htdocs\IPMS\system\CodeIgniter.php(366): CodeIgniter\CodeIgniter->handleRequest(NULL, Object(Config\Cache), false)
#12 C:\xampp\htdocs\IPMS\index.php(67): CodeIgniter\CodeIgniter->run()
#13 {main}
CRITICAL - 2023-08-26 16:39:14 --> Unknown column 'ItemRequest' in 'field list'
in SYSTEMPATH\Database\MySQLi\Connection.php on line 295.
 1 SYSTEMPATH\Database\MySQLi\Connection.php(295): mysqli->query('INSERT INTO `tender` (`Description`, `ICategory`, `ItemRequest`, `Camp`, `ReqDate`) VALUES (\'ghdg\', \'Uniforms<?phpif (set_value(\\\'ICategory\\\') == \\\'Uniforms\\\') { echo \\\'selected\\\';}?>\', NULL, \'Trincomolee\', \'2023-08-15\')', 0)
 2 SYSTEMPATH\Database\BaseConnection.php(692): CodeIgniter\Database\MySQLi\Connection->execute('INSERT INTO `tender` (`Description`, `ICategory`, `ItemRequest`, `Camp`, `ReqDate`) VALUES (\'ghdg\', \'Uniforms<?phpif (set_value(\\\'ICategory\\\') == \\\'Uniforms\\\') { echo \\\'selected\\\';}?>\', NULL, \'Trincomolee\', \'2023-08-15\')')
 3 SYSTEMPATH\Database\BaseConnection.php(606): CodeIgniter\Database\BaseConnection->simpleQuery('INSERT INTO `tender` (`Description`, `ICategory`, `ItemRequest`, `Camp`, `ReqDate`) VALUES (\'ghdg\', \'Uniforms<?phpif (set_value(\\\'ICategory\\\') == \\\'Uniforms\\\') { echo \\\'selected\\\';}?>\', NULL, \'Trincomolee\', \'2023-08-15\')')
 4 SYSTEMPATH\Database\BaseBuilder.php(2309): CodeIgniter\Database\BaseConnection->query('INSERT INTO `tender` (`Description`, `ICategory`, `ItemRequest`, `Camp`, `ReqDate`) VALUES (:Description:, :ICategory:, :ItemRequest:, :Camp:, :ReqDate:)', [...], false)
 5 SYSTEMPATH\Model.php(330): CodeIgniter\Database\BaseBuilder->insert()
 6 SYSTEMPATH\BaseModel.php(782): CodeIgniter\Model->doInsert([...])
 7 SYSTEMPATH\Model.php(730): CodeIgniter\BaseModel->insert([...], false)
 8 SYSTEMPATH\BaseModel.php(692): CodeIgniter\Model->insert([...], false)
 9 APPPATH\Controllers\ItemRequest.php(33): CodeIgniter\BaseModel->save([...])
10 SYSTEMPATH\CodeIgniter.php(932): App\Controllers\ItemRequest->createReq()
11 SYSTEMPATH\CodeIgniter.php(497): CodeIgniter\CodeIgniter->runController(Object(App\Controllers\ItemRequest))
12 SYSTEMPATH\CodeIgniter.php(366): CodeIgniter\CodeIgniter->handleRequest(null, Object(Config\Cache), false)
13 FCPATH\index.php(67): CodeIgniter\CodeIgniter->run()
ERROR - 2023-08-26 16:41:55 --> mysqli_sql_exception: Unknown column 'ItemRequest' in 'field list' in C:\xampp\htdocs\IPMS\system\Database\MySQLi\Connection.php:295
Stack trace:
#0 C:\xampp\htdocs\IPMS\system\Database\MySQLi\Connection.php(295): mysqli->query('INSERT INTO `te...', 0)
#1 C:\xampp\htdocs\IPMS\system\Database\BaseConnection.php(692): CodeIgniter\Database\MySQLi\Connection->execute('INSERT INTO `te...')
#2 C:\xampp\htdocs\IPMS\system\Database\BaseConnection.php(606): CodeIgniter\Database\BaseConnection->simpleQuery('INSERT INTO `te...')
#3 C:\xampp\htdocs\IPMS\system\Database\BaseBuilder.php(2309): CodeIgniter\Database\BaseConnection->query('INSERT INTO `te...', Array, false)
#4 C:\xampp\htdocs\IPMS\system\Model.php(330): CodeIgniter\Database\BaseBuilder->insert()
#5 C:\xampp\htdocs\IPMS\system\BaseModel.php(782): CodeIgniter\Model->doInsert(Array)
#6 C:\xampp\htdocs\IPMS\system\Model.php(730): CodeIgniter\BaseModel->insert(Array, false)
#7 C:\xampp\htdocs\IPMS\system\BaseModel.php(692): CodeIgniter\Model->insert(Array, false)
#8 C:\xampp\htdocs\IPMS\app\Controllers\ItemRequest.php(33): CodeIgniter\BaseModel->save(Array)
#9 C:\xampp\htdocs\IPMS\system\CodeIgniter.php(932): App\Controllers\ItemRequest->createReq()
#10 C:\xampp\htdocs\IPMS\system\CodeIgniter.php(497): CodeIgniter\CodeIgniter->runController(Object(App\Controllers\ItemRequest))
#11 C:\xampp\htdocs\IPMS\system\CodeIgniter.php(366): CodeIgniter\CodeIgniter->handleRequest(NULL, Object(Config\Cache), false)
#12 C:\xampp\htdocs\IPMS\index.php(67): CodeIgniter\CodeIgniter->run()
#13 {main}
CRITICAL - 2023-08-26 16:41:55 --> Unknown column 'ItemRequest' in 'field list'
in SYSTEMPATH\Database\MySQLi\Connection.php on line 295.
 1 SYSTEMPATH\Database\MySQLi\Connection.php(295): mysqli->query('INSERT INTO `tender` (`Description`, `ICategory`, `ItemRequest`, `Camp`, `ReqDate`) VALUES (\'hfghfgh\', \'MedicalSupplies<?phpif (set_value(\\\'ICategory\\\') == \\\'MedicalSupplies\\\') { echo \\\'selected\\\';}?>\', NULL, \'Trincomolee\', \'2023-08-19\')', 0)
 2 SYSTEMPATH\Database\BaseConnection.php(692): CodeIgniter\Database\MySQLi\Connection->execute('INSERT INTO `tender` (`Description`, `ICategory`, `ItemRequest`, `Camp`, `ReqDate`) VALUES (\'hfghfgh\', \'MedicalSupplies<?phpif (set_value(\\\'ICategory\\\') == \\\'MedicalSupplies\\\') { echo \\\'selected\\\';}?>\', NULL, \'Trincomolee\', \'2023-08-19\')')
 3 SYSTEMPATH\Database\BaseConnection.php(606): CodeIgniter\Database\BaseConnection->simpleQuery('INSERT INTO `tender` (`Description`, `ICategory`, `ItemRequest`, `Camp`, `ReqDate`) VALUES (\'hfghfgh\', \'MedicalSupplies<?phpif (set_value(\\\'ICategory\\\') == \\\'MedicalSupplies\\\') { echo \\\'selected\\\';}?>\', NULL, \'Trincomolee\', \'2023-08-19\')')
 4 SYSTEMPATH\Database\BaseBuilder.php(2309): CodeIgniter\Database\BaseConnection->query('INSERT INTO `tender` (`Description`, `ICategory`, `ItemRequest`, `Camp`, `ReqDate`) VALUES (:Description:, :ICategory:, :ItemRequest:, :Camp:, :ReqDate:)', [...], false)
 5 SYSTEMPATH\Model.php(330): CodeIgniter\Database\BaseBuilder->insert()
 6 SYSTEMPATH\BaseModel.php(782): CodeIgniter\Model->doInsert([...])
 7 SYSTEMPATH\Model.php(730): CodeIgniter\BaseModel->insert([...], false)
 8 SYSTEMPATH\BaseModel.php(692): CodeIgniter\Model->insert([...], false)
 9 APPPATH\Controllers\ItemRequest.php(33): CodeIgniter\BaseModel->save([...])
10 SYSTEMPATH\CodeIgniter.php(932): App\Controllers\ItemRequest->createReq()
11 SYSTEMPATH\CodeIgniter.php(497): CodeIgniter\CodeIgniter->runController(Object(App\Controllers\ItemRequest))
12 SYSTEMPATH\CodeIgniter.php(366): CodeIgniter\CodeIgniter->handleRequest(null, Object(Config\Cache), false)
13 FCPATH\index.php(67): CodeIgniter\CodeIgniter->run()
ERROR - 2023-08-26 16:49:27 --> mysqli_sql_exception: Unknown column 'ItemRequest' in 'field list' in C:\xampp\htdocs\IPMS\system\Database\MySQLi\Connection.php:295
Stack trace:
#0 C:\xampp\htdocs\IPMS\system\Database\MySQLi\Connection.php(295): mysqli->query('INSERT INTO `te...', 0)
#1 C:\xampp\htdocs\IPMS\system\Database\BaseConnection.php(692): CodeIgniter\Database\MySQLi\Connection->execute('INSERT INTO `te...')
#2 C:\xampp\htdocs\IPMS\system\Database\BaseConnection.php(606): CodeIgniter\Database\BaseConnection->simpleQuery('INSERT INTO `te...')
#3 C:\xampp\htdocs\IPMS\system\Database\BaseBuilder.php(2309): CodeIgniter\Database\BaseConnection->query('INSERT INTO `te...', Array, false)
#4 C:\xampp\htdocs\IPMS\system\Model.php(330): CodeIgniter\Database\BaseBuilder->insert()
#5 C:\xampp\htdocs\IPMS\system\BaseModel.php(782): CodeIgniter\Model->doInsert(Array)
#6 C:\xampp\htdocs\IPMS\system\Model.php(730): CodeIgniter\BaseModel->insert(Array, false)
#7 C:\xampp\htdocs\IPMS\system\BaseModel.php(692): CodeIgniter\Model->insert(Array, false)
#8 C:\xampp\htdocs\IPMS\app\Controllers\ItemRequest.php(33): CodeIgniter\BaseModel->save(Array)
#9 C:\xampp\htdocs\IPMS\system\CodeIgniter.php(932): App\Controllers\ItemRequest->createReq()
#10 C:\xampp\htdocs\IPMS\system\CodeIgniter.php(497): CodeIgniter\CodeIgniter->runController(Object(App\Controllers\ItemRequest))
#11 C:\xampp\htdocs\IPMS\system\CodeIgniter.php(366): CodeIgniter\CodeIgniter->handleRequest(NULL, Object(Config\Cache), false)
#12 C:\xampp\htdocs\IPMS\index.php(67): CodeIgniter\CodeIgniter->run()
#13 {main}
CRITICAL - 2023-08-26 16:49:27 --> Unknown column 'ItemRequest' in 'field list'
in SYSTEMPATH\Database\MySQLi\Connection.php on line 295.
 1 SYSTEMPATH\Database\MySQLi\Connection.php(295): mysqli->query('INSERT INTO `tender` (`Description`, `ICategory`, `ItemRequest`, `Camp`, `ReqDate`) VALUES (\'gsdgsf\', \'Uniforms<?phpif (set_value(\\\'ICategory\\\') == \\\'Uniforms\\\') { echo \\\'selected\\\';}?>\', NULL, \'Deniyaya\', \'2023-08-09\')', 0)
 2 SYSTEMPATH\Database\BaseConnection.php(692): CodeIgniter\Database\MySQLi\Connection->execute('INSERT INTO `tender` (`Description`, `ICategory`, `ItemRequest`, `Camp`, `ReqDate`) VALUES (\'gsdgsf\', \'Uniforms<?phpif (set_value(\\\'ICategory\\\') == \\\'Uniforms\\\') { echo \\\'selected\\\';}?>\', NULL, \'Deniyaya\', \'2023-08-09\')')
 3 SYSTEMPATH\Database\BaseConnection.php(606): CodeIgniter\Database\BaseConnection->simpleQuery('INSERT INTO `tender` (`Description`, `ICategory`, `ItemRequest`, `Camp`, `ReqDate`) VALUES (\'gsdgsf\', \'Uniforms<?phpif (set_value(\\\'ICategory\\\') == \\\'Uniforms\\\') { echo \\\'selected\\\';}?>\', NULL, \'Deniyaya\', \'2023-08-09\')')
 4 SYSTEMPATH\Database\BaseBuilder.php(2309): CodeIgniter\Database\BaseConnection->query('INSERT INTO `tender` (`Description`, `ICategory`, `ItemRequest`, `Camp`, `ReqDate`) VALUES (:Description:, :ICategory:, :ItemRequest:, :Camp:, :ReqDate:)', [...], false)
 5 SYSTEMPATH\Model.php(330): CodeIgniter\Database\BaseBuilder->insert()
 6 SYSTEMPATH\BaseModel.php(782): CodeIgniter\Model->doInsert([...])
 7 SYSTEMPATH\Model.php(730): CodeIgniter\BaseModel->insert([...], false)
 8 SYSTEMPATH\BaseModel.php(692): CodeIgniter\Model->insert([...], false)
 9 APPPATH\Controllers\ItemRequest.php(33): CodeIgniter\BaseModel->save([...])
10 SYSTEMPATH\CodeIgniter.php(932): App\Controllers\ItemRequest->createReq()
11 SYSTEMPATH\CodeIgniter.php(497): CodeIgniter\CodeIgniter->runController(Object(App\Controllers\ItemRequest))
12 SYSTEMPATH\CodeIgniter.php(366): CodeIgniter\CodeIgniter->handleRequest(null, Object(Config\Cache), false)
13 FCPATH\index.php(67): CodeIgniter\CodeIgniter->run()
ERROR - 2023-08-26 16:51:11 --> mysqli_sql_exception: Unknown column 'Camp' in 'field list' in C:\xampp\htdocs\IPMS\system\Database\MySQLi\Connection.php:295
Stack trace:
#0 C:\xampp\htdocs\IPMS\system\Database\MySQLi\Connection.php(295): mysqli->query('INSERT INTO `te...', 0)
#1 C:\xampp\htdocs\IPMS\system\Database\BaseConnection.php(692): CodeIgniter\Database\MySQLi\Connection->execute('INSERT INTO `te...')
#2 C:\xampp\htdocs\IPMS\system\Database\BaseConnection.php(606): CodeIgniter\Database\BaseConnection->simpleQuery('INSERT INTO `te...')
#3 C:\xampp\htdocs\IPMS\system\Database\BaseBuilder.php(2309): CodeIgniter\Database\BaseConnection->query('INSERT INTO `te...', Array, false)
#4 C:\xampp\htdocs\IPMS\system\Model.php(330): CodeIgniter\Database\BaseBuilder->insert()
#5 C:\xampp\htdocs\IPMS\system\BaseModel.php(782): CodeIgniter\Model->doInsert(Array)
#6 C:\xampp\htdocs\IPMS\system\Model.php(730): CodeIgniter\BaseModel->insert(Array, false)
#7 C:\xampp\htdocs\IPMS\system\BaseModel.php(692): CodeIgniter\Model->insert(Array, false)
#8 C:\xampp\htdocs\IPMS\app\Controllers\ItemRequest.php(33): CodeIgniter\BaseModel->save(Array)
#9 C:\xampp\htdocs\IPMS\system\CodeIgniter.php(932): App\Controllers\ItemRequest->createReq()
#10 C:\xampp\htdocs\IPMS\system\CodeIgniter.php(497): CodeIgniter\CodeIgniter->runController(Object(App\Controllers\ItemRequest))
#11 C:\xampp\htdocs\IPMS\system\CodeIgniter.php(366): CodeIgniter\CodeIgniter->handleRequest(NULL, Object(Config\Cache), false)
#12 C:\xampp\htdocs\IPMS\index.php(67): CodeIgniter\CodeIgniter->run()
#13 {main}
CRITICAL - 2023-08-26 16:51:11 --> Unknown column 'Camp' in 'field list'
in SYSTEMPATH\Database\MySQLi\Connection.php on line 295.
 1 SYSTEMPATH\Database\MySQLi\Connection.php(295): mysqli->query('INSERT INTO `tender` (`Description`, `ICategory`, `Camp`, `ReqDate`) VALUES (\'gsdgsf\', \'Stationery<?phpif (set_value(\\\'ICategory\\\') == \\\'Stationery\\\') { echo \\\'selected\\\';}?>\', \'Kagalle\', \'2023-08-24\')', 0)
 2 SYSTEMPATH\Database\BaseConnection.php(692): CodeIgniter\Database\MySQLi\Connection->execute('INSERT INTO `tender` (`Description`, `ICategory`, `Camp`, `ReqDate`) VALUES (\'gsdgsf\', \'Stationery<?phpif (set_value(\\\'ICategory\\\') == \\\'Stationery\\\') { echo \\\'selected\\\';}?>\', \'Kagalle\', \'2023-08-24\')')
 3 SYSTEMPATH\Database\BaseConnection.php(606): CodeIgniter\Database\BaseConnection->simpleQuery('INSERT INTO `tender` (`Description`, `ICategory`, `Camp`, `ReqDate`) VALUES (\'gsdgsf\', \'Stationery<?phpif (set_value(\\\'ICategory\\\') == \\\'Stationery\\\') { echo \\\'selected\\\';}?>\', \'Kagalle\', \'2023-08-24\')')
 4 SYSTEMPATH\Database\BaseBuilder.php(2309): CodeIgniter\Database\BaseConnection->query('INSERT INTO `tender` (`Description`, `ICategory`, `Camp`, `ReqDate`) VALUES (:Description:, :ICategory:, :Camp:, :ReqDate:)', [...], false)
 5 SYSTEMPATH\Model.php(330): CodeIgniter\Database\BaseBuilder->insert()
 6 SYSTEMPATH\BaseModel.php(782): CodeIgniter\Model->doInsert([...])
 7 SYSTEMPATH\Model.php(730): CodeIgniter\BaseModel->insert([...], false)
 8 SYSTEMPATH\BaseModel.php(692): CodeIgniter\Model->insert([...], false)
 9 APPPATH\Controllers\ItemRequest.php(33): CodeIgniter\BaseModel->save([...])
10 SYSTEMPATH\CodeIgniter.php(932): App\Controllers\ItemRequest->createReq()
11 SYSTEMPATH\CodeIgniter.php(497): CodeIgniter\CodeIgniter->runController(Object(App\Controllers\ItemRequest))
12 SYSTEMPATH\CodeIgniter.php(366): CodeIgniter\CodeIgniter->handleRequest(null, Object(Config\Cache), false)
13 FCPATH\index.php(67): CodeIgniter\CodeIgniter->run()
ERROR - 2023-08-26 16:52:12 --> mysqli_sql_exception: Unknown column 'Camp' in 'field list' in C:\xampp\htdocs\IPMS\system\Database\MySQLi\Connection.php:295
Stack trace:
#0 C:\xampp\htdocs\IPMS\system\Database\MySQLi\Connection.php(295): mysqli->query('INSERT INTO `te...', 0)
#1 C:\xampp\htdocs\IPMS\system\Database\BaseConnection.php(692): CodeIgniter\Database\MySQLi\Connection->execute('INSERT INTO `te...')
#2 C:\xampp\htdocs\IPMS\system\Database\BaseConnection.php(606): CodeIgniter\Database\BaseConnection->simpleQuery('INSERT INTO `te...')
#3 C:\xampp\htdocs\IPMS\system\Database\BaseBuilder.php(2309): CodeIgniter\Database\BaseConnection->query('INSERT INTO `te...', Array, false)
#4 C:\xampp\htdocs\IPMS\system\Model.php(330): CodeIgniter\Database\BaseBuilder->insert()
#5 C:\xampp\htdocs\IPMS\system\BaseModel.php(782): CodeIgniter\Model->doInsert(Array)
#6 C:\xampp\htdocs\IPMS\system\Model.php(730): CodeIgniter\BaseModel->insert(Array, false)
#7 C:\xampp\htdocs\IPMS\system\BaseModel.php(692): CodeIgniter\Model->insert(Array, false)
#8 C:\xampp\htdocs\IPMS\app\Controllers\ItemRequest.php(33): CodeIgniter\BaseModel->save(Array)
#9 C:\xampp\htdocs\IPMS\system\CodeIgniter.php(932): App\Controllers\ItemRequest->createReq()
#10 C:\xampp\htdocs\IPMS\system\CodeIgniter.php(497): CodeIgniter\CodeIgniter->runController(Object(App\Controllers\ItemRequest))
#11 C:\xampp\htdocs\IPMS\system\CodeIgniter.php(366): CodeIgniter\CodeIgniter->handleRequest(NULL, Object(Config\Cache), false)
#12 C:\xampp\htdocs\IPMS\index.php(67): CodeIgniter\CodeIgniter->run()
#13 {main}
CRITICAL - 2023-08-26 16:52:12 --> Unknown column 'Camp' in 'field list'
in SYSTEMPATH\Database\MySQLi\Connection.php on line 295.
 1 SYSTEMPATH\Database\MySQLi\Connection.php(295): mysqli->query('INSERT INTO `tender` (`Description`, `ICategory`, `Camp`, `ReqDate`) VALUES (\'gsdgsf\', \'MedicalSupplies<?phpif (set_value(\\\'ICategory\\\') == \\\'MedicalSupplies\\\') { echo \\\'selected\\\';}?>\', \'Galle\', \'2023-08-18\')', 0)
 2 SYSTEMPATH\Database\BaseConnection.php(692): CodeIgniter\Database\MySQLi\Connection->execute('INSERT INTO `tender` (`Description`, `ICategory`, `Camp`, `ReqDate`) VALUES (\'gsdgsf\', \'MedicalSupplies<?phpif (set_value(\\\'ICategory\\\') == \\\'MedicalSupplies\\\') { echo \\\'selected\\\';}?>\', \'Galle\', \'2023-08-18\')')
 3 SYSTEMPATH\Database\BaseConnection.php(606): CodeIgniter\Database\BaseConnection->simpleQuery('INSERT INTO `tender` (`Description`, `ICategory`, `Camp`, `ReqDate`) VALUES (\'gsdgsf\', \'MedicalSupplies<?phpif (set_value(\\\'ICategory\\\') == \\\'MedicalSupplies\\\') { echo \\\'selected\\\';}?>\', \'Galle\', \'2023-08-18\')')
 4 SYSTEMPATH\Database\BaseBuilder.php(2309): CodeIgniter\Database\BaseConnection->query('INSERT INTO `tender` (`Description`, `ICategory`, `Camp`, `ReqDate`) VALUES (:Description:, :ICategory:, :Camp:, :ReqDate:)', [...], false)
 5 SYSTEMPATH\Model.php(330): CodeIgniter\Database\BaseBuilder->insert()
 6 SYSTEMPATH\BaseModel.php(782): CodeIgniter\Model->doInsert([...])
 7 SYSTEMPATH\Model.php(730): CodeIgniter\BaseModel->insert([...], false)
 8 SYSTEMPATH\BaseModel.php(692): CodeIgniter\Model->insert([...], false)
 9 APPPATH\Controllers\ItemRequest.php(33): CodeIgniter\BaseModel->save([...])
10 SYSTEMPATH\CodeIgniter.php(932): App\Controllers\ItemRequest->createReq()
11 SYSTEMPATH\CodeIgniter.php(497): CodeIgniter\CodeIgniter->runController(Object(App\Controllers\ItemRequest))
12 SYSTEMPATH\CodeIgniter.php(366): CodeIgniter\CodeIgniter->handleRequest(null, Object(Config\Cache), false)
13 FCPATH\index.php(67): CodeIgniter\CodeIgniter->run()
CRITICAL - 2023-08-26 17:10:49 --> Cannot declare class App\Models\Model because the name is already in use
in APPPATH\Models\RequestModel.php on line 5.
 1 [internal function]: CodeIgniter\Debug\Exceptions->shutdownHandler()
ERROR - 2023-08-26 17:12:31 --> mysqli_sql_exception: Unknown column 'Camp' in 'field list' in C:\xampp\htdocs\IPMS\system\Database\MySQLi\Connection.php:295
Stack trace:
#0 C:\xampp\htdocs\IPMS\system\Database\MySQLi\Connection.php(295): mysqli->query('INSERT INTO `te...', 0)
#1 C:\xampp\htdocs\IPMS\system\Database\BaseConnection.php(692): CodeIgniter\Database\MySQLi\Connection->execute('INSERT INTO `te...')
#2 C:\xampp\htdocs\IPMS\system\Database\BaseConnection.php(606): CodeIgniter\Database\BaseConnection->simpleQuery('INSERT INTO `te...')
#3 C:\xampp\htdocs\IPMS\system\Database\BaseBuilder.php(2309): CodeIgniter\Database\BaseConnection->query('INSERT INTO `te...', Array, false)
#4 C:\xampp\htdocs\IPMS\system\Model.php(330): CodeIgniter\Database\BaseBuilder->insert()
#5 C:\xampp\htdocs\IPMS\system\BaseModel.php(782): CodeIgniter\Model->doInsert(Array)
#6 C:\xampp\htdocs\IPMS\system\Model.php(730): CodeIgniter\BaseModel->insert(Array, false)
#7 C:\xampp\htdocs\IPMS\system\BaseModel.php(692): CodeIgniter\Model->insert(Array, false)
#8 C:\xampp\htdocs\IPMS\app\Controllers\ItemRequest.php(33): CodeIgniter\BaseModel->save(Array)
#9 C:\xampp\htdocs\IPMS\system\CodeIgniter.php(932): App\Controllers\ItemRequest->createReq()
#10 C:\xampp\htdocs\IPMS\system\CodeIgniter.php(497): CodeIgniter\CodeIgniter->runController(Object(App\Controllers\ItemRequest))
#11 C:\xampp\htdocs\IPMS\system\CodeIgniter.php(366): CodeIgniter\CodeIgniter->handleRequest(NULL, Object(Config\Cache), false)
#12 C:\xampp\htdocs\IPMS\index.php(67): CodeIgniter\CodeIgniter->run()
#13 {main}
CRITICAL - 2023-08-26 17:12:31 --> Unknown column 'Camp' in 'field list'
in SYSTEMPATH\Database\MySQLi\Connection.php on line 295.
 1 SYSTEMPATH\Database\MySQLi\Connection.php(295): mysqli->query('INSERT INTO `tender` (`Description`, `ICategory`, `Camp`, `ReqDate`) VALUES (\'hfghfgh\', \'Stationery<?phpif (set_value(\\\'ICategory\\\') == \\\'Stationery\\\') { echo \\\'selected\\\';}?>\', \'Galle\', \'2023-08-18\')', 0)
 2 SYSTEMPATH\Database\BaseConnection.php(692): CodeIgniter\Database\MySQLi\Connection->execute('INSERT INTO `tender` (`Description`, `ICategory`, `Camp`, `ReqDate`) VALUES (\'hfghfgh\', \'Stationery<?phpif (set_value(\\\'ICategory\\\') == \\\'Stationery\\\') { echo \\\'selected\\\';}?>\', \'Galle\', \'2023-08-18\')')
 3 SYSTEMPATH\Database\BaseConnection.php(606): CodeIgniter\Database\BaseConnection->simpleQuery('INSERT INTO `tender` (`Description`, `ICategory`, `Camp`, `ReqDate`) VALUES (\'hfghfgh\', \'Stationery<?phpif (set_value(\\\'ICategory\\\') == \\\'Stationery\\\') { echo \\\'selected\\\';}?>\', \'Galle\', \'2023-08-18\')')
 4 SYSTEMPATH\Database\BaseBuilder.php(2309): CodeIgniter\Database\BaseConnection->query('INSERT INTO `tender` (`Description`, `ICategory`, `Camp`, `ReqDate`) VALUES (:Description:, :ICategory:, :Camp:, :ReqDate:)', [...], false)
 5 SYSTEMPATH\Model.php(330): CodeIgniter\Database\BaseBuilder->insert()
 6 SYSTEMPATH\BaseModel.php(782): CodeIgniter\Model->doInsert([...])
 7 SYSTEMPATH\Model.php(730): CodeIgniter\BaseModel->insert([...], false)
 8 SYSTEMPATH\BaseModel.php(692): CodeIgniter\Model->insert([...], false)
 9 APPPATH\Controllers\ItemRequest.php(33): CodeIgniter\BaseModel->save([...])
10 SYSTEMPATH\CodeIgniter.php(932): App\Controllers\ItemRequest->createReq()
11 SYSTEMPATH\CodeIgniter.php(497): CodeIgniter\CodeIgniter->runController(Object(App\Controllers\ItemRequest))
12 SYSTEMPATH\CodeIgniter.php(366): CodeIgniter\CodeIgniter->handleRequest(null, Object(Config\Cache), false)
13 FCPATH\index.php(67): CodeIgniter\CodeIgniter->run()
ERROR - 2023-08-26 17:17:03 --> mysqli_sql_exception: Unknown column 'Camp' in 'field list' in C:\xampp\htdocs\IPMS\system\Database\MySQLi\Connection.php:295
Stack trace:
#0 C:\xampp\htdocs\IPMS\system\Database\MySQLi\Connection.php(295): mysqli->query('INSERT INTO `te...', 0)
#1 C:\xampp\htdocs\IPMS\system\Database\BaseConnection.php(692): CodeIgniter\Database\MySQLi\Connection->execute('INSERT INTO `te...')
#2 C:\xampp\htdocs\IPMS\system\Database\BaseConnection.php(606): CodeIgniter\Database\BaseConnection->simpleQuery('INSERT INTO `te...')
#3 C:\xampp\htdocs\IPMS\system\Database\BaseBuilder.php(2309): CodeIgniter\Database\BaseConnection->query('INSERT INTO `te...', Array, false)
#4 C:\xampp\htdocs\IPMS\system\Model.php(330): CodeIgniter\Database\BaseBuilder->insert()
#5 C:\xampp\htdocs\IPMS\system\BaseModel.php(782): CodeIgniter\Model->doInsert(Array)
#6 C:\xampp\htdocs\IPMS\system\Model.php(730): CodeIgniter\BaseModel->insert(Array, false)
#7 C:\xampp\htdocs\IPMS\system\BaseModel.php(692): CodeIgniter\Model->insert(Array, false)
#8 C:\xampp\htdocs\IPMS\app\Controllers\ItemRequest.php(33): CodeIgniter\BaseModel->save(Array)
#9 C:\xampp\htdocs\IPMS\system\CodeIgniter.php(932): App\Controllers\ItemRequest->createReq()
#10 C:\xampp\htdocs\IPMS\system\CodeIgniter.php(497): CodeIgniter\CodeIgniter->runController(Object(App\Controllers\ItemRequest))
#11 C:\xampp\htdocs\IPMS\system\CodeIgniter.php(366): CodeIgniter\CodeIgniter->handleRequest(NULL, Object(Config\Cache), false)
#12 C:\xampp\htdocs\IPMS\index.php(67): CodeIgniter\CodeIgniter->run()
#13 {main}
CRITICAL - 2023-08-26 17:17:03 --> Unknown column 'Camp' in 'field list'
in SYSTEMPATH\Database\MySQLi\Connection.php on line 295.
 1 SYSTEMPATH\Database\MySQLi\Connection.php(295): mysqli->query('INSERT INTO `tender` (`Description`, `ICategory`, `Camp`, `ReqDate`) VALUES (\'gsdgsf\', \'Stationery<?phpif (set_value(\\\'ICategory\\\') == \\\'Stationery\\\') { echo \\\'selected\\\';}?>\', \'Trincomolee\', \'2023-08-25\')', 0)
 2 SYSTEMPATH\Database\BaseConnection.php(692): CodeIgniter\Database\MySQLi\Connection->execute('INSERT INTO `tender` (`Description`, `ICategory`, `Camp`, `ReqDate`) VALUES (\'gsdgsf\', \'Stationery<?phpif (set_value(\\\'ICategory\\\') == \\\'Stationery\\\') { echo \\\'selected\\\';}?>\', \'Trincomolee\', \'2023-08-25\')')
 3 SYSTEMPATH\Database\BaseConnection.php(606): CodeIgniter\Database\BaseConnection->simpleQuery('INSERT INTO `tender` (`Description`, `ICategory`, `Camp`, `ReqDate`) VALUES (\'gsdgsf\', \'Stationery<?phpif (set_value(\\\'ICategory\\\') == \\\'Stationery\\\') { echo \\\'selected\\\';}?>\', \'Trincomolee\', \'2023-08-25\')')
 4 SYSTEMPATH\Database\BaseBuilder.php(2309): CodeIgniter\Database\BaseConnection->query('INSERT INTO `tender` (`Description`, `ICategory`, `Camp`, `ReqDate`) VALUES (:Description:, :ICategory:, :Camp:, :ReqDate:)', [...], false)
 5 SYSTEMPATH\Model.php(330): CodeIgniter\Database\BaseBuilder->insert()
 6 SYSTEMPATH\BaseModel.php(782): CodeIgniter\Model->doInsert([...])
 7 SYSTEMPATH\Model.php(730): CodeIgniter\BaseModel->insert([...], false)
 8 SYSTEMPATH\BaseModel.php(692): CodeIgniter\Model->insert([...], false)
 9 APPPATH\Controllers\ItemRequest.php(33): CodeIgniter\BaseModel->save([...])
10 SYSTEMPATH\CodeIgniter.php(932): App\Controllers\ItemRequest->createReq()
11 SYSTEMPATH\CodeIgniter.php(497): CodeIgniter\CodeIgniter->runController(Object(App\Controllers\ItemRequest))
12 SYSTEMPATH\CodeIgniter.php(366): CodeIgniter\CodeIgniter->handleRequest(null, Object(Config\Cache), false)
13 FCPATH\index.php(67): CodeIgniter\CodeIgniter->run()
ERROR - 2023-08-26 17:18:29 --> mysqli_sql_exception: Unknown column 'Camp' in 'field list' in C:\xampp\htdocs\IPMS\system\Database\MySQLi\Connection.php:295
Stack trace:
#0 C:\xampp\htdocs\IPMS\system\Database\MySQLi\Connection.php(295): mysqli->query('INSERT INTO `te...', 0)
#1 C:\xampp\htdocs\IPMS\system\Database\BaseConnection.php(692): CodeIgniter\Database\MySQLi\Connection->execute('INSERT INTO `te...')
#2 C:\xampp\htdocs\IPMS\system\Database\BaseConnection.php(606): CodeIgniter\Database\BaseConnection->simpleQuery('INSERT INTO `te...')
#3 C:\xampp\htdocs\IPMS\system\Database\BaseBuilder.php(2309): CodeIgniter\Database\BaseConnection->query('INSERT INTO `te...', Array, false)
#4 C:\xampp\htdocs\IPMS\system\Model.php(330): CodeIgniter\Database\BaseBuilder->insert()
#5 C:\xampp\htdocs\IPMS\system\BaseModel.php(782): CodeIgniter\Model->doInsert(Array)
#6 C:\xampp\htdocs\IPMS\system\Model.php(730): CodeIgniter\BaseModel->insert(Array, false)
#7 C:\xampp\htdocs\IPMS\system\BaseModel.php(692): CodeIgniter\Model->insert(Array, false)
#8 C:\xampp\htdocs\IPMS\app\Controllers\ItemRequest.php(33): CodeIgniter\BaseModel->save(Array)
#9 C:\xampp\htdocs\IPMS\system\CodeIgniter.php(932): App\Controllers\ItemRequest->createReq()
#10 C:\xampp\htdocs\IPMS\system\CodeIgniter.php(497): CodeIgniter\CodeIgniter->runController(Object(App\Controllers\ItemRequest))
#11 C:\xampp\htdocs\IPMS\system\CodeIgniter.php(366): CodeIgniter\CodeIgniter->handleRequest(NULL, Object(Config\Cache), false)
#12 C:\xampp\htdocs\IPMS\index.php(67): CodeIgniter\CodeIgniter->run()
#13 {main}
CRITICAL - 2023-08-26 17:18:29 --> Unknown column 'Camp' in 'field list'
in SYSTEMPATH\Database\MySQLi\Connection.php on line 295.
 1 SYSTEMPATH\Database\MySQLi\Connection.php(295): mysqli->query('INSERT INTO `tender` (`Description`, `ICategory`, `Camp`, `ReqDate`) VALUES (\'ghdg\', \'Uniforms<?phpif (set_value(\\\'ICategory\\\') == \\\'Uniforms\\\') { echo \\\'selected\\\';}?>\', \'Ampara\', \'2023-08-18\')', 0)
 2 SYSTEMPATH\Database\BaseConnection.php(692): CodeIgniter\Database\MySQLi\Connection->execute('INSERT INTO `tender` (`Description`, `ICategory`, `Camp`, `ReqDate`) VALUES (\'ghdg\', \'Uniforms<?phpif (set_value(\\\'ICategory\\\') == \\\'Uniforms\\\') { echo \\\'selected\\\';}?>\', \'Ampara\', \'2023-08-18\')')
 3 SYSTEMPATH\Database\BaseConnection.php(606): CodeIgniter\Database\BaseConnection->simpleQuery('INSERT INTO `tender` (`Description`, `ICategory`, `Camp`, `ReqDate`) VALUES (\'ghdg\', \'Uniforms<?phpif (set_value(\\\'ICategory\\\') == \\\'Uniforms\\\') { echo \\\'selected\\\';}?>\', \'Ampara\', \'2023-08-18\')')
 4 SYSTEMPATH\Database\BaseBuilder.php(2309): CodeIgniter\Database\BaseConnection->query('INSERT INTO `tender` (`Description`, `ICategory`, `Camp`, `ReqDate`) VALUES (:Description:, :ICategory:, :Camp:, :ReqDate:)', [...], false)
 5 SYSTEMPATH\Model.php(330): CodeIgniter\Database\BaseBuilder->insert()
 6 SYSTEMPATH\BaseModel.php(782): CodeIgniter\Model->doInsert([...])
 7 SYSTEMPATH\Model.php(730): CodeIgniter\BaseModel->insert([...], false)
 8 SYSTEMPATH\BaseModel.php(692): CodeIgniter\Model->insert([...], false)
 9 APPPATH\Controllers\ItemRequest.php(33): CodeIgniter\BaseModel->save([...])
10 SYSTEMPATH\CodeIgniter.php(932): App\Controllers\ItemRequest->createReq()
11 SYSTEMPATH\CodeIgniter.php(497): CodeIgniter\CodeIgniter->runController(Object(App\Controllers\ItemRequest))
12 SYSTEMPATH\CodeIgniter.php(366): CodeIgniter\CodeIgniter->handleRequest(null, Object(Config\Cache), false)
13 FCPATH\index.php(67): CodeIgniter\CodeIgniter->run()
ERROR - 2023-08-26 17:22:13 --> mysqli_sql_exception: Unknown column 'Camp' in 'field list' in C:\xampp\htdocs\IPMS\system\Database\MySQLi\Connection.php:295
Stack trace:
#0 C:\xampp\htdocs\IPMS\system\Database\MySQLi\Connection.php(295): mysqli->query('INSERT INTO `te...', 0)
#1 C:\xampp\htdocs\IPMS\system\Database\BaseConnection.php(692): CodeIgniter\Database\MySQLi\Connection->execute('INSERT INTO `te...')
#2 C:\xampp\htdocs\IPMS\system\Database\BaseConnection.php(606): CodeIgniter\Database\BaseConnection->simpleQuery('INSERT INTO `te...')
#3 C:\xampp\htdocs\IPMS\system\Database\BaseBuilder.php(2309): CodeIgniter\Database\BaseConnection->query('INSERT INTO `te...', Array, false)
#4 C:\xampp\htdocs\IPMS\system\Model.php(330): CodeIgniter\Database\BaseBuilder->insert()
#5 C:\xampp\htdocs\IPMS\system\BaseModel.php(782): CodeIgniter\Model->doInsert(Array)
#6 C:\xampp\htdocs\IPMS\system\Model.php(730): CodeIgniter\BaseModel->insert(Array, false)
#7 C:\xampp\htdocs\IPMS\system\BaseModel.php(692): CodeIgniter\Model->insert(Array, false)
#8 C:\xampp\htdocs\IPMS\app\Controllers\ItemRequest.php(33): CodeIgniter\BaseModel->save(Array)
#9 C:\xampp\htdocs\IPMS\system\CodeIgniter.php(932): App\Controllers\ItemRequest->createReq()
#10 C:\xampp\htdocs\IPMS\system\CodeIgniter.php(497): CodeIgniter\CodeIgniter->runController(Object(App\Controllers\ItemRequest))
#11 C:\xampp\htdocs\IPMS\system\CodeIgniter.php(366): CodeIgniter\CodeIgniter->handleRequest(NULL, Object(Config\Cache), false)
#12 C:\xampp\htdocs\IPMS\index.php(67): CodeIgniter\CodeIgniter->run()
#13 {main}
CRITICAL - 2023-08-26 17:22:13 --> Unknown column 'Camp' in 'field list'
in SYSTEMPATH\Database\MySQLi\Connection.php on line 295.
 1 SYSTEMPATH\Database\MySQLi\Connection.php(295): mysqli->query('INSERT INTO `tender` (`Description`, `ICategory`, `Camp`, `ReqDate`) VALUES (\'ghdg\', \'Stationery<?phpif (set_value(\\\'ICategory\\\') == \\\'Stationery\\\') { echo \\\'selected\\\';}?>\', \'Kagalle\', \'2023-08-16\')', 0)
 2 SYSTEMPATH\Database\BaseConnection.php(692): CodeIgniter\Database\MySQLi\Connection->execute('INSERT INTO `tender` (`Description`, `ICategory`, `Camp`, `ReqDate`) VALUES (\'ghdg\', \'Stationery<?phpif (set_value(\\\'ICategory\\\') == \\\'Stationery\\\') { echo \\\'selected\\\';}?>\', \'Kagalle\', \'2023-08-16\')')
 3 SYSTEMPATH\Database\BaseConnection.php(606): CodeIgniter\Database\BaseConnection->simpleQuery('INSERT INTO `tender` (`Description`, `ICategory`, `Camp`, `ReqDate`) VALUES (\'ghdg\', \'Stationery<?phpif (set_value(\\\'ICategory\\\') == \\\'Stationery\\\') { echo \\\'selected\\\';}?>\', \'Kagalle\', \'2023-08-16\')')
 4 SYSTEMPATH\Database\BaseBuilder.php(2309): CodeIgniter\Database\BaseConnection->query('INSERT INTO `tender` (`Description`, `ICategory`, `Camp`, `ReqDate`) VALUES (:Description:, :ICategory:, :Camp:, :ReqDate:)', [...], false)
 5 SYSTEMPATH\Model.php(330): CodeIgniter\Database\BaseBuilder->insert()
 6 SYSTEMPATH\BaseModel.php(782): CodeIgniter\Model->doInsert([...])
 7 SYSTEMPATH\Model.php(730): CodeIgniter\BaseModel->insert([...], false)
 8 SYSTEMPATH\BaseModel.php(692): CodeIgniter\Model->insert([...], false)
 9 APPPATH\Controllers\ItemRequest.php(33): CodeIgniter\BaseModel->save([...])
10 SYSTEMPATH\CodeIgniter.php(932): App\Controllers\ItemRequest->createReq()
11 SYSTEMPATH\CodeIgniter.php(497): CodeIgniter\CodeIgniter->runController(Object(App\Controllers\ItemRequest))
12 SYSTEMPATH\CodeIgniter.php(366): CodeIgniter\CodeIgniter->handleRequest(null, Object(Config\Cache), false)
13 FCPATH\index.php(67): CodeIgniter\CodeIgniter->run()
ERROR - 2023-08-26 17:29:00 --> mysqli_sql_exception: Unknown column 'Camp' in 'field list' in C:\xampp\htdocs\IPMS\system\Database\MySQLi\Connection.php:295
Stack trace:
#0 C:\xampp\htdocs\IPMS\system\Database\MySQLi\Connection.php(295): mysqli->query('INSERT INTO `te...', 0)
#1 C:\xampp\htdocs\IPMS\system\Database\BaseConnection.php(692): CodeIgniter\Database\MySQLi\Connection->execute('INSERT INTO `te...')
#2 C:\xampp\htdocs\IPMS\system\Database\BaseConnection.php(606): CodeIgniter\Database\BaseConnection->simpleQuery('INSERT INTO `te...')
#3 C:\xampp\htdocs\IPMS\system\Database\BaseBuilder.php(2309): CodeIgniter\Database\BaseConnection->query('INSERT INTO `te...', Array, false)
#4 C:\xampp\htdocs\IPMS\system\Model.php(330): CodeIgniter\Database\BaseBuilder->insert()
#5 C:\xampp\htdocs\IPMS\system\BaseModel.php(782): CodeIgniter\Model->doInsert(Array)
#6 C:\xampp\htdocs\IPMS\system\Model.php(730): CodeIgniter\BaseModel->insert(Array, false)
#7 C:\xampp\htdocs\IPMS\system\BaseModel.php(692): CodeIgniter\Model->insert(Array, false)
#8 C:\xampp\htdocs\IPMS\app\Controllers\ItemRequest.php(33): CodeIgniter\BaseModel->save(Array)
#9 C:\xampp\htdocs\IPMS\system\CodeIgniter.php(932): App\Controllers\ItemRequest->createReq()
#10 C:\xampp\htdocs\IPMS\system\CodeIgniter.php(497): CodeIgniter\CodeIgniter->runController(Object(App\Controllers\ItemRequest))
#11 C:\xampp\htdocs\IPMS\system\CodeIgniter.php(366): CodeIgniter\CodeIgniter->handleRequest(NULL, Object(Config\Cache), false)
#12 C:\xampp\htdocs\IPMS\index.php(67): CodeIgniter\CodeIgniter->run()
#13 {main}
CRITICAL - 2023-08-26 17:29:00 --> Unknown column 'Camp' in 'field list'
in SYSTEMPATH\Database\MySQLi\Connection.php on line 295.
 1 SYSTEMPATH\Database\MySQLi\Connection.php(295): mysqli->query('INSERT INTO `tender` (`Description`, `ICategory`, `Camp`, `ReqDate`) VALUES (\'gsdgsf\', \'Uniforms<?phpif (set_value(\\\'ICategory\\\') == \\\'Uniforms\\\') { echo \\\'selected\\\';}?>\', \'Ampara\', \'2023-08-15\')', 0)
 2 SYSTEMPATH\Database\BaseConnection.php(692): CodeIgniter\Database\MySQLi\Connection->execute('INSERT INTO `tender` (`Description`, `ICategory`, `Camp`, `ReqDate`) VALUES (\'gsdgsf\', \'Uniforms<?phpif (set_value(\\\'ICategory\\\') == \\\'Uniforms\\\') { echo \\\'selected\\\';}?>\', \'Ampara\', \'2023-08-15\')')
 3 SYSTEMPATH\Database\BaseConnection.php(606): CodeIgniter\Database\BaseConnection->simpleQuery('INSERT INTO `tender` (`Description`, `ICategory`, `Camp`, `ReqDate`) VALUES (\'gsdgsf\', \'Uniforms<?phpif (set_value(\\\'ICategory\\\') == \\\'Uniforms\\\') { echo \\\'selected\\\';}?>\', \'Ampara\', \'2023-08-15\')')
 4 SYSTEMPATH\Database\BaseBuilder.php(2309): CodeIgniter\Database\BaseConnection->query('INSERT INTO `tender` (`Description`, `ICategory`, `Camp`, `ReqDate`) VALUES (:Description:, :ICategory:, :Camp:, :ReqDate:)', [...], false)
 5 SYSTEMPATH\Model.php(330): CodeIgniter\Database\BaseBuilder->insert()
 6 SYSTEMPATH\BaseModel.php(782): CodeIgniter\Model->doInsert([...])
 7 SYSTEMPATH\Model.php(730): CodeIgniter\BaseModel->insert([...], false)
 8 SYSTEMPATH\BaseModel.php(692): CodeIgniter\Model->insert([...], false)
 9 APPPATH\Controllers\ItemRequest.php(33): CodeIgniter\BaseModel->save([...])
10 SYSTEMPATH\CodeIgniter.php(932): App\Controllers\ItemRequest->createReq()
11 SYSTEMPATH\CodeIgniter.php(497): CodeIgniter\CodeIgniter->runController(Object(App\Controllers\ItemRequest))
12 SYSTEMPATH\CodeIgniter.php(366): CodeIgniter\CodeIgniter->handleRequest(null, Object(Config\Cache), false)
13 FCPATH\index.php(67): CodeIgniter\CodeIgniter->run()
ERROR - 2023-08-26 17:40:54 --> mysqli_sql_exception: Unknown column 'Item' in 'field list' in C:\xampp\htdocs\IPMS\system\Database\MySQLi\Connection.php:295
Stack trace:
#0 C:\xampp\htdocs\IPMS\system\Database\MySQLi\Connection.php(295): mysqli->query('INSERT INTO `te...', 0)
#1 C:\xampp\htdocs\IPMS\system\Database\BaseConnection.php(692): CodeIgniter\Database\MySQLi\Connection->execute('INSERT INTO `te...')
#2 C:\xampp\htdocs\IPMS\system\Database\BaseConnection.php(606): CodeIgniter\Database\BaseConnection->simpleQuery('INSERT INTO `te...')
#3 C:\xampp\htdocs\IPMS\system\Database\BaseBuilder.php(2309): CodeIgniter\Database\BaseConnection->query('INSERT INTO `te...', Array, false)
#4 C:\xampp\htdocs\IPMS\system\Model.php(330): CodeIgniter\Database\BaseBuilder->insert()
#5 C:\xampp\htdocs\IPMS\system\BaseModel.php(782): CodeIgniter\Model->doInsert(Array)
#6 C:\xampp\htdocs\IPMS\system\Model.php(730): CodeIgniter\BaseModel->insert(Array, false)
#7 C:\xampp\htdocs\IPMS\system\BaseModel.php(692): CodeIgniter\Model->insert(Array, false)
#8 C:\xampp\htdocs\IPMS\app\Controllers\ItemRequest.php(34): CodeIgniter\BaseModel->save(Array)
#9 C:\xampp\htdocs\IPMS\system\CodeIgniter.php(932): App\Controllers\ItemRequest->createReq()
#10 C:\xampp\htdocs\IPMS\system\CodeIgniter.php(497): CodeIgniter\CodeIgniter->runController(Object(App\Controllers\ItemRequest))
#11 C:\xampp\htdocs\IPMS\system\CodeIgniter.php(366): CodeIgniter\CodeIgniter->handleRequest(NULL, Object(Config\Cache), false)
#12 C:\xampp\htdocs\IPMS\index.php(67): CodeIgniter\CodeIgniter->run()
#13 {main}
CRITICAL - 2023-08-26 17:40:54 --> Unknown column 'Item' in 'field list'
in SYSTEMPATH\Database\MySQLi\Connection.php on line 295.
 1 SYSTEMPATH\Database\MySQLi\Connection.php(295): mysqli->query('INSERT INTO `tender` (`Description`, `ICategory`, `Item`, `Camp`, `ReqDate`) VALUES (\'ghdg\', \'Uniforms<?phpif (set_value(\\\'ICategory\\\') == \\\'Uniforms\\\') { echo \\\'selected\\\';}?>\', \'dgdgd\', \'Deniyaya\', \'2023-08-23\')', 0)
 2 SYSTEMPATH\Database\BaseConnection.php(692): CodeIgniter\Database\MySQLi\Connection->execute('INSERT INTO `tender` (`Description`, `ICategory`, `Item`, `Camp`, `ReqDate`) VALUES (\'ghdg\', \'Uniforms<?phpif (set_value(\\\'ICategory\\\') == \\\'Uniforms\\\') { echo \\\'selected\\\';}?>\', \'dgdgd\', \'Deniyaya\', \'2023-08-23\')')
 3 SYSTEMPATH\Database\BaseConnection.php(606): CodeIgniter\Database\BaseConnection->simpleQuery('INSERT INTO `tender` (`Description`, `ICategory`, `Item`, `Camp`, `ReqDate`) VALUES (\'ghdg\', \'Uniforms<?phpif (set_value(\\\'ICategory\\\') == \\\'Uniforms\\\') { echo \\\'selected\\\';}?>\', \'dgdgd\', \'Deniyaya\', \'2023-08-23\')')
 4 SYSTEMPATH\Database\BaseBuilder.php(2309): CodeIgniter\Database\BaseConnection->query('INSERT INTO `tender` (`Description`, `ICategory`, `Item`, `Camp`, `ReqDate`) VALUES (:Description:, :ICategory:, :Item:, :Camp:, :ReqDate:)', [...], false)
 5 SYSTEMPATH\Model.php(330): CodeIgniter\Database\BaseBuilder->insert()
 6 SYSTEMPATH\BaseModel.php(782): CodeIgniter\Model->doInsert([...])
 7 SYSTEMPATH\Model.php(730): CodeIgniter\BaseModel->insert([...], false)
 8 SYSTEMPATH\BaseModel.php(692): CodeIgniter\Model->insert([...], false)
 9 APPPATH\Controllers\ItemRequest.php(34): CodeIgniter\BaseModel->save([...])
10 SYSTEMPATH\CodeIgniter.php(932): App\Controllers\ItemRequest->createReq()
11 SYSTEMPATH\CodeIgniter.php(497): CodeIgniter\CodeIgniter->runController(Object(App\Controllers\ItemRequest))
12 SYSTEMPATH\CodeIgniter.php(366): CodeIgniter\CodeIgniter->handleRequest(null, Object(Config\Cache), false)
13 FCPATH\index.php(67): CodeIgniter\CodeIgniter->run()
