ERROR - 2023-10-03 11:26:05 --> mysqli_sql_exception: Duplicate entry '0' for key 'PRIMARY' in C:\xampp\htdocs\IPMS\system\Database\MySQLi\Connection.php:295
Stack trace:
#0 C:\xampp\htdocs\IPMS\system\Database\MySQLi\Connection.php(295): mysqli->query('INSERT INTO `re...', 0)
#1 C:\xampp\htdocs\IPMS\system\Database\BaseConnection.php(692): CodeIgniter\Database\MySQLi\Connection->execute('INSERT INTO `re...')
#2 C:\xampp\htdocs\IPMS\system\Database\BaseConnection.php(606): CodeIgniter\Database\BaseConnection->simpleQuery('INSERT INTO `re...')
#3 C:\xampp\htdocs\IPMS\system\Database\BaseBuilder.php(2309): CodeIgniter\Database\BaseConnection->query('INSERT INTO `re...', Array, false)
#4 C:\xampp\htdocs\IPMS\system\Model.php(330): CodeIgniter\Database\BaseBuilder->insert()
#5 C:\xampp\htdocs\IPMS\system\BaseModel.php(782): CodeIgniter\Model->doInsert(Array)
#6 C:\xampp\htdocs\IPMS\system\Model.php(730): CodeIgniter\BaseModel->insert(Array, false)
#7 C:\xampp\htdocs\IPMS\system\BaseModel.php(692): CodeIgniter\Model->insert(Array, false)
#8 C:\xampp\htdocs\IPMS\app\Controllers\Web.php(64): CodeIgniter\BaseModel->save(Array)
#9 C:\xampp\htdocs\IPMS\system\CodeIgniter.php(932): App\Controllers\Web->save_registeredSupplier()
#10 C:\xampp\htdocs\IPMS\system\CodeIgniter.php(497): CodeIgniter\CodeIgniter->runController(Object(App\Controllers\Web))
#11 C:\xampp\htdocs\IPMS\system\CodeIgniter.php(366): CodeIgniter\CodeIgniter->handleRequest(NULL, Object(Config\Cache), false)
#12 C:\xampp\htdocs\IPMS\index.php(67): CodeIgniter\CodeIgniter->run()
#13 {main}
CRITICAL - 2023-10-03 11:26:05 --> Duplicate entry '0' for key 'PRIMARY'
in SYSTEMPATH\Database\MySQLi\Connection.php on line 295.
 1 SYSTEMPATH\Database\MySQLi\Connection.php(295): mysqli->query('INSERT INTO `regSuppliers` (`business_reg_no`, `business_name`, `business_owner_Fname`, `business_owner_Lname`, `street_line2`, `city`, `province`, `country`, `nic`, `prefix`, `phone`, `Email`, `website`) VALUES (\'S10458\', \'Randika Products\', \'Randika\', \'Lakmal\', \'Vitharandeniya\', \'380\', \'Southern\', \'205\', \'898171116v\', \'94\', \'0715875726\', \'sandamalipathirana0@gmail.com\', \'https:/dsfgfsd.com\')', 0)
 2 SYSTEMPATH\Database\BaseConnection.php(692): CodeIgniter\Database\MySQLi\Connection->execute('INSERT INTO `regSuppliers` (`business_reg_no`, `business_name`, `business_owner_Fname`, `business_owner_Lname`, `street_line2`, `city`, `province`, `country`, `nic`, `prefix`, `phone`, `Email`, `website`) VALUES (\'S10458\', \'Randika Products\', \'Randika\', \'Lakmal\', \'Vitharandeniya\', \'380\', \'Southern\', \'205\', \'898171116v\', \'94\', \'0715875726\', \'sandamalipathirana0@gmail.com\', \'https:/dsfgfsd.com\')')
 3 SYSTEMPATH\Database\BaseConnection.php(606): CodeIgniter\Database\BaseConnection->simpleQuery('INSERT INTO `regSuppliers` (`business_reg_no`, `business_name`, `business_owner_Fname`, `business_owner_Lname`, `street_line2`, `city`, `province`, `country`, `nic`, `prefix`, `phone`, `Email`, `website`) VALUES (\'S10458\', \'Randika Products\', \'Randika\', \'Lakmal\', \'Vitharandeniya\', \'380\', \'Southern\', \'205\', \'898171116v\', \'94\', \'0715875726\', \'sandamalipathirana0@gmail.com\', \'https:/dsfgfsd.com\')')
 4 SYSTEMPATH\Database\BaseBuilder.php(2309): CodeIgniter\Database\BaseConnection->query('INSERT INTO `regSuppliers` (`business_reg_no`, `business_name`, `business_owner_Fname`, `business_owner_Lname`, `street_line2`, `city`, `province`, `country`, `nic`, `prefix`, `phone`, `Email`, `website`) VALUES (:business_reg_no:, :business_name:, :business_owner_Fname:, :business_owner_Lname:, :street_line2:, :city:, :province:, :country:, :nic:, :prefix:, :phone:, :Email:, :website:)', [...], false)
 5 SYSTEMPATH\Model.php(330): CodeIgniter\Database\BaseBuilder->insert()
 6 SYSTEMPATH\BaseModel.php(782): CodeIgniter\Model->doInsert([...])
 7 SYSTEMPATH\Model.php(730): CodeIgniter\BaseModel->insert([...], false)
 8 SYSTEMPATH\BaseModel.php(692): CodeIgniter\Model->insert([...], false)
 9 APPPATH\Controllers\Web.php(64): CodeIgniter\BaseModel->save([...])
10 SYSTEMPATH\CodeIgniter.php(932): App\Controllers\Web->save_registeredSupplier()
11 SYSTEMPATH\CodeIgniter.php(497): CodeIgniter\CodeIgniter->runController(Object(App\Controllers\Web))
12 SYSTEMPATH\CodeIgniter.php(366): CodeIgniter\CodeIgniter->handleRequest(null, Object(Config\Cache), false)
13 FCPATH\index.php(67): CodeIgniter\CodeIgniter->run()
ERROR - 2023-10-03 11:28:41 --> mysqli_sql_exception: Duplicate entry '0' for key 'PRIMARY' in C:\xampp\htdocs\IPMS\system\Database\MySQLi\Connection.php:295
Stack trace:
#0 C:\xampp\htdocs\IPMS\system\Database\MySQLi\Connection.php(295): mysqli->query('INSERT INTO `re...', 0)
#1 C:\xampp\htdocs\IPMS\system\Database\BaseConnection.php(692): CodeIgniter\Database\MySQLi\Connection->execute('INSERT INTO `re...')
#2 C:\xampp\htdocs\IPMS\system\Database\BaseConnection.php(606): CodeIgniter\Database\BaseConnection->simpleQuery('INSERT INTO `re...')
#3 C:\xampp\htdocs\IPMS\system\Database\BaseBuilder.php(2309): CodeIgniter\Database\BaseConnection->query('INSERT INTO `re...', Array, false)
#4 C:\xampp\htdocs\IPMS\system\Model.php(330): CodeIgniter\Database\BaseBuilder->insert()
#5 C:\xampp\htdocs\IPMS\system\BaseModel.php(782): CodeIgniter\Model->doInsert(Array)
#6 C:\xampp\htdocs\IPMS\system\Model.php(730): CodeIgniter\BaseModel->insert(Array, false)
#7 C:\xampp\htdocs\IPMS\system\BaseModel.php(692): CodeIgniter\Model->insert(Array, false)
#8 C:\xampp\htdocs\IPMS\app\Controllers\Web.php(64): CodeIgniter\BaseModel->save(Array)
#9 C:\xampp\htdocs\IPMS\system\CodeIgniter.php(932): App\Controllers\Web->save_registeredSupplier()
#10 C:\xampp\htdocs\IPMS\system\CodeIgniter.php(497): CodeIgniter\CodeIgniter->runController(Object(App\Controllers\Web))
#11 C:\xampp\htdocs\IPMS\system\CodeIgniter.php(366): CodeIgniter\CodeIgniter->handleRequest(NULL, Object(Config\Cache), false)
#12 C:\xampp\htdocs\IPMS\index.php(67): CodeIgniter\CodeIgniter->run()
#13 {main}
CRITICAL - 2023-10-03 11:28:41 --> Duplicate entry '0' for key 'PRIMARY'
in SYSTEMPATH\Database\MySQLi\Connection.php on line 295.
 1 SYSTEMPATH\Database\MySQLi\Connection.php(295): mysqli->query('INSERT INTO `regSuppliers` (`business_reg_no`, `business_name`, `business_owner_Fname`, `business_owner_Lname`, `street_line2`, `city`, `province`, `country`, `nic`, `prefix`, `phone`, `Email`, `website`) VALUES (\'S10458\', \'Randika Products\', \'Randika\', \'Lakmal\', \'Vitharandeniya\', \'380\', \'Southern\', \'205\', \'898171116v\', \'94\', \'0715875726\', \'sandamalipathirana0@gmail.com\', \'https:/dsfgfsd.com\')', 0)
 2 SYSTEMPATH\Database\BaseConnection.php(692): CodeIgniter\Database\MySQLi\Connection->execute('INSERT INTO `regSuppliers` (`business_reg_no`, `business_name`, `business_owner_Fname`, `business_owner_Lname`, `street_line2`, `city`, `province`, `country`, `nic`, `prefix`, `phone`, `Email`, `website`) VALUES (\'S10458\', \'Randika Products\', \'Randika\', \'Lakmal\', \'Vitharandeniya\', \'380\', \'Southern\', \'205\', \'898171116v\', \'94\', \'0715875726\', \'sandamalipathirana0@gmail.com\', \'https:/dsfgfsd.com\')')
 3 SYSTEMPATH\Database\BaseConnection.php(606): CodeIgniter\Database\BaseConnection->simpleQuery('INSERT INTO `regSuppliers` (`business_reg_no`, `business_name`, `business_owner_Fname`, `business_owner_Lname`, `street_line2`, `city`, `province`, `country`, `nic`, `prefix`, `phone`, `Email`, `website`) VALUES (\'S10458\', \'Randika Products\', \'Randika\', \'Lakmal\', \'Vitharandeniya\', \'380\', \'Southern\', \'205\', \'898171116v\', \'94\', \'0715875726\', \'sandamalipathirana0@gmail.com\', \'https:/dsfgfsd.com\')')
 4 SYSTEMPATH\Database\BaseBuilder.php(2309): CodeIgniter\Database\BaseConnection->query('INSERT INTO `regSuppliers` (`business_reg_no`, `business_name`, `business_owner_Fname`, `business_owner_Lname`, `street_line2`, `city`, `province`, `country`, `nic`, `prefix`, `phone`, `Email`, `website`) VALUES (:business_reg_no:, :business_name:, :business_owner_Fname:, :business_owner_Lname:, :street_line2:, :city:, :province:, :country:, :nic:, :prefix:, :phone:, :Email:, :website:)', [...], false)
 5 SYSTEMPATH\Model.php(330): CodeIgniter\Database\BaseBuilder->insert()
 6 SYSTEMPATH\BaseModel.php(782): CodeIgniter\Model->doInsert([...])
 7 SYSTEMPATH\Model.php(730): CodeIgniter\BaseModel->insert([...], false)
 8 SYSTEMPATH\BaseModel.php(692): CodeIgniter\Model->insert([...], false)
 9 APPPATH\Controllers\Web.php(64): CodeIgniter\BaseModel->save([...])
10 SYSTEMPATH\CodeIgniter.php(932): App\Controllers\Web->save_registeredSupplier()
11 SYSTEMPATH\CodeIgniter.php(497): CodeIgniter\CodeIgniter->runController(Object(App\Controllers\Web))
12 SYSTEMPATH\CodeIgniter.php(366): CodeIgniter\CodeIgniter->handleRequest(null, Object(Config\Cache), false)
13 FCPATH\index.php(67): CodeIgniter\CodeIgniter->run()
ERROR - 2023-10-03 11:28:49 --> mysqli_sql_exception: Duplicate entry '0' for key 'PRIMARY' in C:\xampp\htdocs\IPMS\system\Database\MySQLi\Connection.php:295
Stack trace:
#0 C:\xampp\htdocs\IPMS\system\Database\MySQLi\Connection.php(295): mysqli->query('INSERT INTO `re...', 0)
#1 C:\xampp\htdocs\IPMS\system\Database\BaseConnection.php(692): CodeIgniter\Database\MySQLi\Connection->execute('INSERT INTO `re...')
#2 C:\xampp\htdocs\IPMS\system\Database\BaseConnection.php(606): CodeIgniter\Database\BaseConnection->simpleQuery('INSERT INTO `re...')
#3 C:\xampp\htdocs\IPMS\system\Database\BaseBuilder.php(2309): CodeIgniter\Database\BaseConnection->query('INSERT INTO `re...', Array, false)
#4 C:\xampp\htdocs\IPMS\system\Model.php(330): CodeIgniter\Database\BaseBuilder->insert()
#5 C:\xampp\htdocs\IPMS\system\BaseModel.php(782): CodeIgniter\Model->doInsert(Array)
#6 C:\xampp\htdocs\IPMS\system\Model.php(730): CodeIgniter\BaseModel->insert(Array, false)
#7 C:\xampp\htdocs\IPMS\system\BaseModel.php(692): CodeIgniter\Model->insert(Array, false)
#8 C:\xampp\htdocs\IPMS\app\Controllers\Web.php(64): CodeIgniter\BaseModel->save(Array)
#9 C:\xampp\htdocs\IPMS\system\CodeIgniter.php(932): App\Controllers\Web->save_registeredSupplier()
#10 C:\xampp\htdocs\IPMS\system\CodeIgniter.php(497): CodeIgniter\CodeIgniter->runController(Object(App\Controllers\Web))
#11 C:\xampp\htdocs\IPMS\system\CodeIgniter.php(366): CodeIgniter\CodeIgniter->handleRequest(NULL, Object(Config\Cache), false)
#12 C:\xampp\htdocs\IPMS\index.php(67): CodeIgniter\CodeIgniter->run()
#13 {main}
CRITICAL - 2023-10-03 11:28:49 --> Duplicate entry '0' for key 'PRIMARY'
in SYSTEMPATH\Database\MySQLi\Connection.php on line 295.
 1 SYSTEMPATH\Database\MySQLi\Connection.php(295): mysqli->query('INSERT INTO `regSuppliers` (`business_reg_no`, `business_name`, `business_owner_Fname`, `business_owner_Lname`, `street_line2`, `city`, `province`, `country`, `nic`, `prefix`, `phone`, `Email`, `website`) VALUES (\'S10458\', \'Randika Products\', \'Randika\', \'Lakmal\', \'Vitharandeniya\', \'380\', \'Southern\', \'205\', \'898171116v\', \'94\', \'0715875726\', \'sandamalipathirana0@gmail.com\', \'https:/dsfgfsd.com\')', 0)
 2 SYSTEMPATH\Database\BaseConnection.php(692): CodeIgniter\Database\MySQLi\Connection->execute('INSERT INTO `regSuppliers` (`business_reg_no`, `business_name`, `business_owner_Fname`, `business_owner_Lname`, `street_line2`, `city`, `province`, `country`, `nic`, `prefix`, `phone`, `Email`, `website`) VALUES (\'S10458\', \'Randika Products\', \'Randika\', \'Lakmal\', \'Vitharandeniya\', \'380\', \'Southern\', \'205\', \'898171116v\', \'94\', \'0715875726\', \'sandamalipathirana0@gmail.com\', \'https:/dsfgfsd.com\')')
 3 SYSTEMPATH\Database\BaseConnection.php(606): CodeIgniter\Database\BaseConnection->simpleQuery('INSERT INTO `regSuppliers` (`business_reg_no`, `business_name`, `business_owner_Fname`, `business_owner_Lname`, `street_line2`, `city`, `province`, `country`, `nic`, `prefix`, `phone`, `Email`, `website`) VALUES (\'S10458\', \'Randika Products\', \'Randika\', \'Lakmal\', \'Vitharandeniya\', \'380\', \'Southern\', \'205\', \'898171116v\', \'94\', \'0715875726\', \'sandamalipathirana0@gmail.com\', \'https:/dsfgfsd.com\')')
 4 SYSTEMPATH\Database\BaseBuilder.php(2309): CodeIgniter\Database\BaseConnection->query('INSERT INTO `regSuppliers` (`business_reg_no`, `business_name`, `business_owner_Fname`, `business_owner_Lname`, `street_line2`, `city`, `province`, `country`, `nic`, `prefix`, `phone`, `Email`, `website`) VALUES (:business_reg_no:, :business_name:, :business_owner_Fname:, :business_owner_Lname:, :street_line2:, :city:, :province:, :country:, :nic:, :prefix:, :phone:, :Email:, :website:)', [...], false)
 5 SYSTEMPATH\Model.php(330): CodeIgniter\Database\BaseBuilder->insert()
 6 SYSTEMPATH\BaseModel.php(782): CodeIgniter\Model->doInsert([...])
 7 SYSTEMPATH\Model.php(730): CodeIgniter\BaseModel->insert([...], false)
 8 SYSTEMPATH\BaseModel.php(692): CodeIgniter\Model->insert([...], false)
 9 APPPATH\Controllers\Web.php(64): CodeIgniter\BaseModel->save([...])
10 SYSTEMPATH\CodeIgniter.php(932): App\Controllers\Web->save_registeredSupplier()
11 SYSTEMPATH\CodeIgniter.php(497): CodeIgniter\CodeIgniter->runController(Object(App\Controllers\Web))
12 SYSTEMPATH\CodeIgniter.php(366): CodeIgniter\CodeIgniter->handleRequest(null, Object(Config\Cache), false)
13 FCPATH\index.php(67): CodeIgniter\CodeIgniter->run()
CRITICAL - 2023-10-03 15:02:02 --> syntax error, unexpected token "<"
in APPPATH\Controllers\Web.php on line 82.
 1 SYSTEMPATH\Router\Router.php(510): CodeIgniter\Router\AutoRouter->getRoute('/web', 'get')
 2 SYSTEMPATH\Router\Router.php(208): CodeIgniter\Router\Router->autoRoute('/web')
 3 SYSTEMPATH\CodeIgniter.php(813): CodeIgniter\Router\Router->handle('/web')
 4 SYSTEMPATH\CodeIgniter.php(447): CodeIgniter\CodeIgniter->tryToRouteIt(Object(CodeIgniter\Router\RouteCollection))
 5 SYSTEMPATH\CodeIgniter.php(366): CodeIgniter\CodeIgniter->handleRequest(null, Object(Config\Cache), false)
 6 FCPATH\index.php(67): CodeIgniter\CodeIgniter->run()
CRITICAL - 2023-10-03 15:17:13 --> Call to undefined function 2023()
in APPPATH\Views\sys\procurementPlan\createPro.php on line 29.
 1 SYSTEMPATH\View\View.php(224): include()
 2 SYSTEMPATH\View\View.php(227): CodeIgniter\View\View->CodeIgniter\View\{closure}()
 3 SYSTEMPATH\Common.php(1176): CodeIgniter\View\View->render('sys/procurementPlan/createPro', [], true)
 4 APPPATH\Controllers\ProcurementPlan.php(42): view('sys/procurementPlan/createPro', [...])
 5 SYSTEMPATH\CodeIgniter.php(932): App\Controllers\ProcurementPlan->createPro()
 6 SYSTEMPATH\CodeIgniter.php(497): CodeIgniter\CodeIgniter->runController(Object(App\Controllers\ProcurementPlan))
 7 SYSTEMPATH\CodeIgniter.php(366): CodeIgniter\CodeIgniter->handleRequest(null, Object(Config\Cache), false)
 8 FCPATH\index.php(67): CodeIgniter\CodeIgniter->run()
CRITICAL - 2023-10-03 15:58:31 --> Undefined variable $userId
in APPPATH\Controllers\Web.php on line 79.
 1 APPPATH\Controllers\Web.php(79): CodeIgniter\Debug\Exceptions->errorHandler(2, 'Undefined variable $userId', 'C:\\xampp\\htdocs\\IPMS\\app\\Controllers\\Web.php', 79)
 2 SYSTEMPATH\CodeIgniter.php(932): App\Controllers\Web->save_registeredSupplier()
 3 SYSTEMPATH\CodeIgniter.php(497): CodeIgniter\CodeIgniter->runController(Object(App\Controllers\Web))
 4 SYSTEMPATH\CodeIgniter.php(366): CodeIgniter\CodeIgniter->handleRequest(null, Object(Config\Cache), false)
 5 FCPATH\index.php(67): CodeIgniter\CodeIgniter->run()
