CRITICAL - 2024-02-24 04:46:09 --> Class "App\Controllers\PCriteriaModel" not found
in APPPATH\Controllers\Procurement.php on line 96.
 1 SYSTEMPATH\CodeIgniter.php(932): App\Controllers\Procurement->Preliminaryanalysiscriteria()
 2 SYSTEMPATH\CodeIgniter.php(497): CodeIgniter\CodeIgniter->runController(Object(App\Controllers\Procurement))
 3 SYSTEMPATH\CodeIgniter.php(366): CodeIgniter\CodeIgniter->handleRequest(null, Object(Config\Cache), false)
 4 FCPATH\index.php(67): CodeIgniter\CodeIgniter->run()
CRITICAL - 2024-02-24 04:46:38 --> Class "App\Models\PCriteriaModel" not found
in APPPATH\Controllers\Procurement.php on line 97.
 1 SYSTEMPATH\CodeIgniter.php(932): App\Controllers\Procurement->Preliminaryanalysiscriteria()
 2 SYSTEMPATH\CodeIgniter.php(497): CodeIgniter\CodeIgniter->runController(Object(App\Controllers\Procurement))
 3 SYSTEMPATH\CodeIgniter.php(366): CodeIgniter\CodeIgniter->handleRequest(null, Object(Config\Cache), false)
 4 FCPATH\index.php(67): CodeIgniter\CodeIgniter->run()
ERROR - 2024-02-24 04:47:38 --> mysqli_sql_exception: Table 'ipmsm.pcriteria' doesn't exist in C:\xampp\htdocs\IPMS\system\Database\MySQLi\Connection.php:295
Stack trace:
#0 C:\xampp\htdocs\IPMS\system\Database\MySQLi\Connection.php(295): mysqli->query('INSERT INTO `PC...', 0)
#1 C:\xampp\htdocs\IPMS\system\Database\BaseConnection.php(692): CodeIgniter\Database\MySQLi\Connection->execute('INSERT INTO `PC...')
#2 C:\xampp\htdocs\IPMS\system\Database\BaseConnection.php(606): CodeIgniter\Database\BaseConnection->simpleQuery('INSERT INTO `PC...')
#3 C:\xampp\htdocs\IPMS\system\Database\BaseBuilder.php(2309): CodeIgniter\Database\BaseConnection->query('INSERT INTO `PC...', Array, false)
#4 C:\xampp\htdocs\IPMS\system\Model.php(330): CodeIgniter\Database\BaseBuilder->insert()
#5 C:\xampp\htdocs\IPMS\system\BaseModel.php(782): CodeIgniter\Model->doInsert(Array)
#6 C:\xampp\htdocs\IPMS\system\Model.php(730): CodeIgniter\BaseModel->insert(Array, false)
#7 C:\xampp\htdocs\IPMS\system\BaseModel.php(692): CodeIgniter\Model->insert(Array, false)
#8 C:\xampp\htdocs\IPMS\app\Controllers\Procurement.php(99): CodeIgniter\BaseModel->save(Array)
#9 C:\xampp\htdocs\IPMS\system\CodeIgniter.php(932): App\Controllers\Procurement->Preliminaryanalysiscriteria()
#10 C:\xampp\htdocs\IPMS\system\CodeIgniter.php(497): CodeIgniter\CodeIgniter->runController(Object(App\Controllers\Procurement))
#11 C:\xampp\htdocs\IPMS\system\CodeIgniter.php(366): CodeIgniter\CodeIgniter->handleRequest(NULL, Object(Config\Cache), false)
#12 C:\xampp\htdocs\IPMS\index.php(67): CodeIgniter\CodeIgniter->run()
#13 {main}
CRITICAL - 2024-02-24 04:47:38 --> Table 'ipmsm.pcriteria' doesn't exist
in SYSTEMPATH\Database\MySQLi\Connection.php on line 295.
 1 SYSTEMPATH\Database\MySQLi\Connection.php(295): mysqli->query('INSERT INTO `PCriteria` (`PCriteria`) VALUES (\'Completeness of Bid submission form (Duly signed & filled)\')', 0)
 2 SYSTEMPATH\Database\BaseConnection.php(692): CodeIgniter\Database\MySQLi\Connection->execute('INSERT INTO `PCriteria` (`PCriteria`) VALUES (\'Completeness of Bid submission form (Duly signed & filled)\')')
 3 SYSTEMPATH\Database\BaseConnection.php(606): CodeIgniter\Database\BaseConnection->simpleQuery('INSERT INTO `PCriteria` (`PCriteria`) VALUES (\'Completeness of Bid submission form (Duly signed & filled)\')')
 4 SYSTEMPATH\Database\BaseBuilder.php(2309): CodeIgniter\Database\BaseConnection->query('INSERT INTO `PCriteria` (`PCriteria`) VALUES (:PCriteria:)', [...], false)
 5 SYSTEMPATH\Model.php(330): CodeIgniter\Database\BaseBuilder->insert()
 6 SYSTEMPATH\BaseModel.php(782): CodeIgniter\Model->doInsert([...])
 7 SYSTEMPATH\Model.php(730): CodeIgniter\BaseModel->insert([...], false)
 8 SYSTEMPATH\BaseModel.php(692): CodeIgniter\Model->insert([...], false)
 9 APPPATH\Controllers\Procurement.php(99): CodeIgniter\BaseModel->save([...])
10 SYSTEMPATH\CodeIgniter.php(932): App\Controllers\Procurement->Preliminaryanalysiscriteria()
11 SYSTEMPATH\CodeIgniter.php(497): CodeIgniter\CodeIgniter->runController(Object(App\Controllers\Procurement))
12 SYSTEMPATH\CodeIgniter.php(366): CodeIgniter\CodeIgniter->handleRequest(null, Object(Config\Cache), false)
13 FCPATH\index.php(67): CodeIgniter\CodeIgniter->run()
ERROR - 2024-02-24 04:51:25 --> mysqli_sql_exception: Table 'ipmsm.pcriteria' doesn't exist in C:\xampp\htdocs\IPMS\system\Database\MySQLi\Connection.php:295
Stack trace:
#0 C:\xampp\htdocs\IPMS\system\Database\MySQLi\Connection.php(295): mysqli->query('INSERT INTO `PC...', 0)
#1 C:\xampp\htdocs\IPMS\system\Database\BaseConnection.php(692): CodeIgniter\Database\MySQLi\Connection->execute('INSERT INTO `PC...')
#2 C:\xampp\htdocs\IPMS\system\Database\BaseConnection.php(606): CodeIgniter\Database\BaseConnection->simpleQuery('INSERT INTO `PC...')
#3 C:\xampp\htdocs\IPMS\system\Database\BaseBuilder.php(2309): CodeIgniter\Database\BaseConnection->query('INSERT INTO `PC...', Array, false)
#4 C:\xampp\htdocs\IPMS\system\Model.php(330): CodeIgniter\Database\BaseBuilder->insert()
#5 C:\xampp\htdocs\IPMS\system\BaseModel.php(782): CodeIgniter\Model->doInsert(Array)
#6 C:\xampp\htdocs\IPMS\system\Model.php(730): CodeIgniter\BaseModel->insert(Array, false)
#7 C:\xampp\htdocs\IPMS\system\BaseModel.php(692): CodeIgniter\Model->insert(Array, false)
#8 C:\xampp\htdocs\IPMS\app\Controllers\Procurement.php(99): CodeIgniter\BaseModel->save(Array)
#9 C:\xampp\htdocs\IPMS\system\CodeIgniter.php(932): App\Controllers\Procurement->Preliminaryanalysiscriteria()
#10 C:\xampp\htdocs\IPMS\system\CodeIgniter.php(497): CodeIgniter\CodeIgniter->runController(Object(App\Controllers\Procurement))
#11 C:\xampp\htdocs\IPMS\system\CodeIgniter.php(366): CodeIgniter\CodeIgniter->handleRequest(NULL, Object(Config\Cache), false)
#12 C:\xampp\htdocs\IPMS\index.php(67): CodeIgniter\CodeIgniter->run()
#13 {main}
CRITICAL - 2024-02-24 04:51:25 --> Table 'ipmsm.pcriteria' doesn't exist
in SYSTEMPATH\Database\MySQLi\Connection.php on line 295.
 1 SYSTEMPATH\Database\MySQLi\Connection.php(295): mysqli->query('INSERT INTO `PCriteria` (`PCriteria`) VALUES (\'Completeness of Bid submission form (Duly signed & filled)\')', 0)
 2 SYSTEMPATH\Database\BaseConnection.php(692): CodeIgniter\Database\MySQLi\Connection->execute('INSERT INTO `PCriteria` (`PCriteria`) VALUES (\'Completeness of Bid submission form (Duly signed & filled)\')')
 3 SYSTEMPATH\Database\BaseConnection.php(606): CodeIgniter\Database\BaseConnection->simpleQuery('INSERT INTO `PCriteria` (`PCriteria`) VALUES (\'Completeness of Bid submission form (Duly signed & filled)\')')
 4 SYSTEMPATH\Database\BaseBuilder.php(2309): CodeIgniter\Database\BaseConnection->query('INSERT INTO `PCriteria` (`PCriteria`) VALUES (:PCriteria:)', [...], false)
 5 SYSTEMPATH\Model.php(330): CodeIgniter\Database\BaseBuilder->insert()
 6 SYSTEMPATH\BaseModel.php(782): CodeIgniter\Model->doInsert([...])
 7 SYSTEMPATH\Model.php(730): CodeIgniter\BaseModel->insert([...], false)
 8 SYSTEMPATH\BaseModel.php(692): CodeIgniter\Model->insert([...], false)
 9 APPPATH\Controllers\Procurement.php(99): CodeIgniter\BaseModel->save([...])
10 SYSTEMPATH\CodeIgniter.php(932): App\Controllers\Procurement->Preliminaryanalysiscriteria()
11 SYSTEMPATH\CodeIgniter.php(497): CodeIgniter\CodeIgniter->runController(Object(App\Controllers\Procurement))
12 SYSTEMPATH\CodeIgniter.php(366): CodeIgniter\CodeIgniter->handleRequest(null, Object(Config\Cache), false)
13 FCPATH\index.php(67): CodeIgniter\CodeIgniter->run()
ERROR - 2024-02-24 04:51:44 --> mysqli_sql_exception: Table 'ipmsm.pacriteria' doesn't exist in C:\xampp\htdocs\IPMS\system\Database\MySQLi\Connection.php:295
Stack trace:
#0 C:\xampp\htdocs\IPMS\system\Database\MySQLi\Connection.php(295): mysqli->query('INSERT INTO `PA...', 0)
#1 C:\xampp\htdocs\IPMS\system\Database\BaseConnection.php(692): CodeIgniter\Database\MySQLi\Connection->execute('INSERT INTO `PA...')
#2 C:\xampp\htdocs\IPMS\system\Database\BaseConnection.php(606): CodeIgniter\Database\BaseConnection->simpleQuery('INSERT INTO `PA...')
#3 C:\xampp\htdocs\IPMS\system\Database\BaseBuilder.php(2309): CodeIgniter\Database\BaseConnection->query('INSERT INTO `PA...', Array, false)
#4 C:\xampp\htdocs\IPMS\system\Model.php(330): CodeIgniter\Database\BaseBuilder->insert()
#5 C:\xampp\htdocs\IPMS\system\BaseModel.php(782): CodeIgniter\Model->doInsert(Array)
#6 C:\xampp\htdocs\IPMS\system\Model.php(730): CodeIgniter\BaseModel->insert(Array, false)
#7 C:\xampp\htdocs\IPMS\system\BaseModel.php(692): CodeIgniter\Model->insert(Array, false)
#8 C:\xampp\htdocs\IPMS\app\Controllers\Procurement.php(99): CodeIgniter\BaseModel->save(Array)
#9 C:\xampp\htdocs\IPMS\system\CodeIgniter.php(932): App\Controllers\Procurement->Preliminaryanalysiscriteria()
#10 C:\xampp\htdocs\IPMS\system\CodeIgniter.php(497): CodeIgniter\CodeIgniter->runController(Object(App\Controllers\Procurement))
#11 C:\xampp\htdocs\IPMS\system\CodeIgniter.php(366): CodeIgniter\CodeIgniter->handleRequest(NULL, Object(Config\Cache), false)
#12 C:\xampp\htdocs\IPMS\index.php(67): CodeIgniter\CodeIgniter->run()
#13 {main}
CRITICAL - 2024-02-24 04:51:44 --> Table 'ipmsm.pacriteria' doesn't exist
in SYSTEMPATH\Database\MySQLi\Connection.php on line 295.
 1 SYSTEMPATH\Database\MySQLi\Connection.php(295): mysqli->query('INSERT INTO `PACriteria` (`PCriteria`) VALUES (\'Completeness of Bid submission form (Duly signed & filled)\')', 0)
 2 SYSTEMPATH\Database\BaseConnection.php(692): CodeIgniter\Database\MySQLi\Connection->execute('INSERT INTO `PACriteria` (`PCriteria`) VALUES (\'Completeness of Bid submission form (Duly signed & filled)\')')
 3 SYSTEMPATH\Database\BaseConnection.php(606): CodeIgniter\Database\BaseConnection->simpleQuery('INSERT INTO `PACriteria` (`PCriteria`) VALUES (\'Completeness of Bid submission form (Duly signed & filled)\')')
 4 SYSTEMPATH\Database\BaseBuilder.php(2309): CodeIgniter\Database\BaseConnection->query('INSERT INTO `PACriteria` (`PCriteria`) VALUES (:PCriteria:)', [...], false)
 5 SYSTEMPATH\Model.php(330): CodeIgniter\Database\BaseBuilder->insert()
 6 SYSTEMPATH\BaseModel.php(782): CodeIgniter\Model->doInsert([...])
 7 SYSTEMPATH\Model.php(730): CodeIgniter\BaseModel->insert([...], false)
 8 SYSTEMPATH\BaseModel.php(692): CodeIgniter\Model->insert([...], false)
 9 APPPATH\Controllers\Procurement.php(99): CodeIgniter\BaseModel->save([...])
10 SYSTEMPATH\CodeIgniter.php(932): App\Controllers\Procurement->Preliminaryanalysiscriteria()
11 SYSTEMPATH\CodeIgniter.php(497): CodeIgniter\CodeIgniter->runController(Object(App\Controllers\Procurement))
12 SYSTEMPATH\CodeIgniter.php(366): CodeIgniter\CodeIgniter->handleRequest(null, Object(Config\Cache), false)
13 FCPATH\index.php(67): CodeIgniter\CodeIgniter->run()
CRITICAL - 2024-02-24 05:10:40 --> Unclosed '{' on line 121
in APPPATH\Views\sys\BidEvaluation\TECEvaluation.php on line 364.
 1 SYSTEMPATH\View\View.php(227): CodeIgniter\View\View->CodeIgniter\View\{closure}()
 2 SYSTEMPATH\Common.php(1176): CodeIgniter\View\View->render('sys/BidEvaluation/TECEvaluation', [], true)
 3 APPPATH\Controllers\BidEvaluation.php(224): view('sys/BidEvaluation/TECEvaluation', [...])
 4 SYSTEMPATH\CodeIgniter.php(932): App\Controllers\BidEvaluation->TECEvaluation('51')
 5 SYSTEMPATH\CodeIgniter.php(497): CodeIgniter\CodeIgniter->runController(Object(App\Controllers\BidEvaluation))
 6 SYSTEMPATH\CodeIgniter.php(366): CodeIgniter\CodeIgniter->handleRequest(null, Object(Config\Cache), false)
 7 FCPATH\index.php(67): CodeIgniter\CodeIgniter->run()
CRITICAL - 2024-02-24 05:10:40 --> Unclosed '{' on line 121
in APPPATH\Views\sys\BidEvaluation\TECEvaluation.php on line 364.
 1 SYSTEMPATH\View\View.php(227): CodeIgniter\View\View->CodeIgniter\View\{closure}()
 2 SYSTEMPATH\Common.php(1176): CodeIgniter\View\View->render('sys/BidEvaluation/TECEvaluation', [], true)
 3 APPPATH\Controllers\BidEvaluation.php(224): view('sys/BidEvaluation/TECEvaluation', [...])
 4 SYSTEMPATH\CodeIgniter.php(932): App\Controllers\BidEvaluation->TECEvaluation('assets', null, 'messages-1.jpg')
 5 SYSTEMPATH\CodeIgniter.php(497): CodeIgniter\CodeIgniter->runController(Object(App\Controllers\BidEvaluation))
 6 SYSTEMPATH\CodeIgniter.php(366): CodeIgniter\CodeIgniter->handleRequest(null, Object(Config\Cache), false)
 7 FCPATH\index.php(67): CodeIgniter\CodeIgniter->run()
CRITICAL - 2024-02-24 05:11:31 --> Unclosed '{' on line 109
in APPPATH\Views\sys\BidEvaluation\TECEvaluation.php on line 352.
 1 SYSTEMPATH\View\View.php(227): CodeIgniter\View\View->CodeIgniter\View\{closure}()
 2 SYSTEMPATH\Common.php(1176): CodeIgniter\View\View->render('sys/BidEvaluation/TECEvaluation', [], true)
 3 APPPATH\Controllers\BidEvaluation.php(224): view('sys/BidEvaluation/TECEvaluation', [...])
 4 SYSTEMPATH\CodeIgniter.php(932): App\Controllers\BidEvaluation->TECEvaluation('51')
 5 SYSTEMPATH\CodeIgniter.php(497): CodeIgniter\CodeIgniter->runController(Object(App\Controllers\BidEvaluation))
 6 SYSTEMPATH\CodeIgniter.php(366): CodeIgniter\CodeIgniter->handleRequest(null, Object(Config\Cache), false)
 7 FCPATH\index.php(67): CodeIgniter\CodeIgniter->run()
CRITICAL - 2024-02-24 05:11:32 --> Unclosed '{' on line 109
in APPPATH\Views\sys\BidEvaluation\TECEvaluation.php on line 352.
 1 SYSTEMPATH\View\View.php(227): CodeIgniter\View\View->CodeIgniter\View\{closure}()
 2 SYSTEMPATH\Common.php(1176): CodeIgniter\View\View->render('sys/BidEvaluation/TECEvaluation', [], true)
 3 APPPATH\Controllers\BidEvaluation.php(224): view('sys/BidEvaluation/TECEvaluation', [...])
 4 SYSTEMPATH\CodeIgniter.php(932): App\Controllers\BidEvaluation->TECEvaluation('assets', null, 'messages-1.jpg')
 5 SYSTEMPATH\CodeIgniter.php(497): CodeIgniter\CodeIgniter->runController(Object(App\Controllers\BidEvaluation))
 6 SYSTEMPATH\CodeIgniter.php(366): CodeIgniter\CodeIgniter->handleRequest(null, Object(Config\Cache), false)
 7 FCPATH\index.php(67): CodeIgniter\CodeIgniter->run()
CRITICAL - 2024-02-24 05:45:36 --> Undefined variable $resultP
in APPPATH\Views\sys\BidEvaluation\TECEvaluation.php on line 114.
 1 APPPATH\Views\sys\BidEvaluation\TECEvaluation.php(114): CodeIgniter\Debug\Exceptions->errorHandler(2, 'Undefined variable $resultP', 'C:\\xampp\\htdocs\\IPMS\\app\\Views\\sys\\BidEvaluation\\TECEvaluation.php', 114)
 2 SYSTEMPATH\View\View.php(224): include('C:\\xampp\\htdocs\\IPMS\\app\\Views\\sys\\BidEvaluation\\TECEvaluation.php')
 3 SYSTEMPATH\View\View.php(227): CodeIgniter\View\View->CodeIgniter\View\{closure}()
 4 SYSTEMPATH\Common.php(1176): CodeIgniter\View\View->render('sys/BidEvaluation/TECEvaluation', [], true)
 5 APPPATH\Controllers\BidEvaluation.php(224): view('sys/BidEvaluation/TECEvaluation', [...])
 6 SYSTEMPATH\CodeIgniter.php(932): App\Controllers\BidEvaluation->TECEvaluation('51')
 7 SYSTEMPATH\CodeIgniter.php(497): CodeIgniter\CodeIgniter->runController(Object(App\Controllers\BidEvaluation))
 8 SYSTEMPATH\CodeIgniter.php(366): CodeIgniter\CodeIgniter->handleRequest(null, Object(Config\Cache), false)
 9 FCPATH\index.php(67): CodeIgniter\CodeIgniter->run()
CRITICAL - 2024-02-24 05:45:37 --> Undefined variable $resultP
in APPPATH\Views\sys\BidEvaluation\TECEvaluation.php on line 114.
 1 APPPATH\Views\sys\BidEvaluation\TECEvaluation.php(114): CodeIgniter\Debug\Exceptions->errorHandler(2, 'Undefined variable $resultP', 'C:\\xampp\\htdocs\\IPMS\\app\\Views\\sys\\BidEvaluation\\TECEvaluation.php', 114)
 2 SYSTEMPATH\View\View.php(224): include('C:\\xampp\\htdocs\\IPMS\\app\\Views\\sys\\BidEvaluation\\TECEvaluation.php')
 3 SYSTEMPATH\View\View.php(227): CodeIgniter\View\View->CodeIgniter\View\{closure}()
 4 SYSTEMPATH\Common.php(1176): CodeIgniter\View\View->render('sys/BidEvaluation/TECEvaluation', [], true)
 5 APPPATH\Controllers\BidEvaluation.php(224): view('sys/BidEvaluation/TECEvaluation', [...])
 6 SYSTEMPATH\CodeIgniter.php(932): App\Controllers\BidEvaluation->TECEvaluation('assets', null, 'messages-1.jpg')
 7 SYSTEMPATH\CodeIgniter.php(497): CodeIgniter\CodeIgniter->runController(Object(App\Controllers\BidEvaluation))
 8 SYSTEMPATH\CodeIgniter.php(366): CodeIgniter\CodeIgniter->handleRequest(null, Object(Config\Cache), false)
 9 FCPATH\index.php(67): CodeIgniter\CodeIgniter->run()
CRITICAL - 2024-02-24 05:52:18 --> Undefined array key "TId"
in APPPATH\Views\sys\BidEvaluation\TECEvaluation.php on line 114.
 1 APPPATH\Views\sys\BidEvaluation\TECEvaluation.php(114): CodeIgniter\Debug\Exceptions->errorHandler(2, 'Undefined array key "TId"', 'C:\\xampp\\htdocs\\IPMS\\app\\Views\\sys\\BidEvaluation\\TECEvaluation.php', 114)
 2 SYSTEMPATH\View\View.php(224): include('C:\\xampp\\htdocs\\IPMS\\app\\Views\\sys\\BidEvaluation\\TECEvaluation.php')
 3 SYSTEMPATH\View\View.php(227): CodeIgniter\View\View->CodeIgniter\View\{closure}()
 4 SYSTEMPATH\Common.php(1176): CodeIgniter\View\View->render('sys/BidEvaluation/TECEvaluation', [], true)
 5 APPPATH\Controllers\BidEvaluation.php(224): view('sys/BidEvaluation/TECEvaluation', [...])
 6 SYSTEMPATH\CodeIgniter.php(932): App\Controllers\BidEvaluation->TECEvaluation('51')
 7 SYSTEMPATH\CodeIgniter.php(497): CodeIgniter\CodeIgniter->runController(Object(App\Controllers\BidEvaluation))
 8 SYSTEMPATH\CodeIgniter.php(366): CodeIgniter\CodeIgniter->handleRequest(null, Object(Config\Cache), false)
 9 FCPATH\index.php(67): CodeIgniter\CodeIgniter->run()
CRITICAL - 2024-02-24 05:52:19 --> Undefined array key "TId"
in APPPATH\Views\sys\BidEvaluation\TECEvaluation.php on line 114.
 1 APPPATH\Views\sys\BidEvaluation\TECEvaluation.php(114): CodeIgniter\Debug\Exceptions->errorHandler(2, 'Undefined array key "TId"', 'C:\\xampp\\htdocs\\IPMS\\app\\Views\\sys\\BidEvaluation\\TECEvaluation.php', 114)
 2 SYSTEMPATH\View\View.php(224): include('C:\\xampp\\htdocs\\IPMS\\app\\Views\\sys\\BidEvaluation\\TECEvaluation.php')
 3 SYSTEMPATH\View\View.php(227): CodeIgniter\View\View->CodeIgniter\View\{closure}()
 4 SYSTEMPATH\Common.php(1176): CodeIgniter\View\View->render('sys/BidEvaluation/TECEvaluation', [], true)
 5 APPPATH\Controllers\BidEvaluation.php(224): view('sys/BidEvaluation/TECEvaluation', [...])
 6 SYSTEMPATH\CodeIgniter.php(932): App\Controllers\BidEvaluation->TECEvaluation('assets', null, 'messages-1.jpg')
 7 SYSTEMPATH\CodeIgniter.php(497): CodeIgniter\CodeIgniter->runController(Object(App\Controllers\BidEvaluation))
 8 SYSTEMPATH\CodeIgniter.php(366): CodeIgniter\CodeIgniter->handleRequest(null, Object(Config\Cache), false)
 9 FCPATH\index.php(67): CodeIgniter\CodeIgniter->run()
CRITICAL - 2024-02-24 11:24:48 --> Undefined array key "TId"
in APPPATH\Views\sys\BidEvaluation\TECEvaluation.php on line 114.
 1 APPPATH\Views\sys\BidEvaluation\TECEvaluation.php(114): CodeIgniter\Debug\Exceptions->errorHandler(2, 'Undefined array key "TId"', 'C:\\xampp\\htdocs\\IPMS\\app\\Views\\sys\\BidEvaluation\\TECEvaluation.php', 114)
 2 SYSTEMPATH\View\View.php(224): include('C:\\xampp\\htdocs\\IPMS\\app\\Views\\sys\\BidEvaluation\\TECEvaluation.php')
 3 SYSTEMPATH\View\View.php(227): CodeIgniter\View\View->CodeIgniter\View\{closure}()
 4 SYSTEMPATH\Common.php(1176): CodeIgniter\View\View->render('sys/BidEvaluation/TECEvaluation', [], true)
 5 APPPATH\Controllers\BidEvaluation.php(224): view('sys/BidEvaluation/TECEvaluation', [...])
 6 SYSTEMPATH\CodeIgniter.php(932): App\Controllers\BidEvaluation->TECEvaluation('51')
 7 SYSTEMPATH\CodeIgniter.php(497): CodeIgniter\CodeIgniter->runController(Object(App\Controllers\BidEvaluation))
 8 SYSTEMPATH\CodeIgniter.php(366): CodeIgniter\CodeIgniter->handleRequest(null, Object(Config\Cache), false)
 9 FCPATH\index.php(67): CodeIgniter\CodeIgniter->run()
CRITICAL - 2024-02-24 11:24:49 --> Undefined array key "TId"
in APPPATH\Views\sys\BidEvaluation\TECEvaluation.php on line 114.
 1 APPPATH\Views\sys\BidEvaluation\TECEvaluation.php(114): CodeIgniter\Debug\Exceptions->errorHandler(2, 'Undefined array key "TId"', 'C:\\xampp\\htdocs\\IPMS\\app\\Views\\sys\\BidEvaluation\\TECEvaluation.php', 114)
 2 SYSTEMPATH\View\View.php(224): include('C:\\xampp\\htdocs\\IPMS\\app\\Views\\sys\\BidEvaluation\\TECEvaluation.php')
 3 SYSTEMPATH\View\View.php(227): CodeIgniter\View\View->CodeIgniter\View\{closure}()
 4 SYSTEMPATH\Common.php(1176): CodeIgniter\View\View->render('sys/BidEvaluation/TECEvaluation', [], true)
 5 APPPATH\Controllers\BidEvaluation.php(224): view('sys/BidEvaluation/TECEvaluation', [...])
 6 SYSTEMPATH\CodeIgniter.php(932): App\Controllers\BidEvaluation->TECEvaluation('assets', null, 'messages-1.jpg')
 7 SYSTEMPATH\CodeIgniter.php(497): CodeIgniter\CodeIgniter->runController(Object(App\Controllers\BidEvaluation))
 8 SYSTEMPATH\CodeIgniter.php(366): CodeIgniter\CodeIgniter->handleRequest(null, Object(Config\Cache), false)
 9 FCPATH\index.php(67): CodeIgniter\CodeIgniter->run()
CRITICAL - 2024-02-24 11:27:48 --> Undefined array key "TId"
in APPPATH\Views\sys\BidEvaluation\TECEvaluation.php on line 114.
 1 APPPATH\Views\sys\BidEvaluation\TECEvaluation.php(114): CodeIgniter\Debug\Exceptions->errorHandler(2, 'Undefined array key "TId"', 'C:\\xampp\\htdocs\\IPMS\\app\\Views\\sys\\BidEvaluation\\TECEvaluation.php', 114)
 2 SYSTEMPATH\View\View.php(224): include('C:\\xampp\\htdocs\\IPMS\\app\\Views\\sys\\BidEvaluation\\TECEvaluation.php')
 3 SYSTEMPATH\View\View.php(227): CodeIgniter\View\View->CodeIgniter\View\{closure}()
 4 SYSTEMPATH\Common.php(1176): CodeIgniter\View\View->render('sys/BidEvaluation/TECEvaluation', [], true)
 5 APPPATH\Controllers\BidEvaluation.php(224): view('sys/BidEvaluation/TECEvaluation', [...])
 6 SYSTEMPATH\CodeIgniter.php(932): App\Controllers\BidEvaluation->TECEvaluation('51')
 7 SYSTEMPATH\CodeIgniter.php(497): CodeIgniter\CodeIgniter->runController(Object(App\Controllers\BidEvaluation))
 8 SYSTEMPATH\CodeIgniter.php(366): CodeIgniter\CodeIgniter->handleRequest(null, Object(Config\Cache), false)
 9 FCPATH\index.php(67): CodeIgniter\CodeIgniter->run()
CRITICAL - 2024-02-24 11:27:49 --> Undefined array key "TId"
in APPPATH\Views\sys\BidEvaluation\TECEvaluation.php on line 114.
 1 APPPATH\Views\sys\BidEvaluation\TECEvaluation.php(114): CodeIgniter\Debug\Exceptions->errorHandler(2, 'Undefined array key "TId"', 'C:\\xampp\\htdocs\\IPMS\\app\\Views\\sys\\BidEvaluation\\TECEvaluation.php', 114)
 2 SYSTEMPATH\View\View.php(224): include('C:\\xampp\\htdocs\\IPMS\\app\\Views\\sys\\BidEvaluation\\TECEvaluation.php')
 3 SYSTEMPATH\View\View.php(227): CodeIgniter\View\View->CodeIgniter\View\{closure}()
 4 SYSTEMPATH\Common.php(1176): CodeIgniter\View\View->render('sys/BidEvaluation/TECEvaluation', [], true)
 5 APPPATH\Controllers\BidEvaluation.php(224): view('sys/BidEvaluation/TECEvaluation', [...])
 6 SYSTEMPATH\CodeIgniter.php(932): App\Controllers\BidEvaluation->TECEvaluation('assets', null, 'messages-1.jpg')
 7 SYSTEMPATH\CodeIgniter.php(497): CodeIgniter\CodeIgniter->runController(Object(App\Controllers\BidEvaluation))
 8 SYSTEMPATH\CodeIgniter.php(366): CodeIgniter\CodeIgniter->handleRequest(null, Object(Config\Cache), false)
 9 FCPATH\index.php(67): CodeIgniter\CodeIgniter->run()
CRITICAL - 2024-02-24 11:30:09 --> Undefined array key "TId"
in APPPATH\Views\sys\BidEvaluation\TECEvaluation.php on line 115.
 1 APPPATH\Views\sys\BidEvaluation\TECEvaluation.php(115): CodeIgniter\Debug\Exceptions->errorHandler(2, 'Undefined array key "TId"', 'C:\\xampp\\htdocs\\IPMS\\app\\Views\\sys\\BidEvaluation\\TECEvaluation.php', 115)
 2 SYSTEMPATH\View\View.php(224): include('C:\\xampp\\htdocs\\IPMS\\app\\Views\\sys\\BidEvaluation\\TECEvaluation.php')
 3 SYSTEMPATH\View\View.php(227): CodeIgniter\View\View->CodeIgniter\View\{closure}()
 4 SYSTEMPATH\Common.php(1176): CodeIgniter\View\View->render('sys/BidEvaluation/TECEvaluation', [], true)
 5 APPPATH\Controllers\BidEvaluation.php(224): view('sys/BidEvaluation/TECEvaluation', [...])
 6 SYSTEMPATH\CodeIgniter.php(932): App\Controllers\BidEvaluation->TECEvaluation('51')
 7 SYSTEMPATH\CodeIgniter.php(497): CodeIgniter\CodeIgniter->runController(Object(App\Controllers\BidEvaluation))
 8 SYSTEMPATH\CodeIgniter.php(366): CodeIgniter\CodeIgniter->handleRequest(null, Object(Config\Cache), false)
 9 FCPATH\index.php(67): CodeIgniter\CodeIgniter->run()
CRITICAL - 2024-02-24 11:31:51 --> Undefined array key "TId"
in APPPATH\Views\sys\BidEvaluation\TECEvaluation.php on line 115.
 1 APPPATH\Views\sys\BidEvaluation\TECEvaluation.php(115): CodeIgniter\Debug\Exceptions->errorHandler(2, 'Undefined array key "TId"', 'C:\\xampp\\htdocs\\IPMS\\app\\Views\\sys\\BidEvaluation\\TECEvaluation.php', 115)
 2 SYSTEMPATH\View\View.php(224): include('C:\\xampp\\htdocs\\IPMS\\app\\Views\\sys\\BidEvaluation\\TECEvaluation.php')
 3 SYSTEMPATH\View\View.php(227): CodeIgniter\View\View->CodeIgniter\View\{closure}()
 4 SYSTEMPATH\Common.php(1176): CodeIgniter\View\View->render('sys/BidEvaluation/TECEvaluation', [], true)
 5 APPPATH\Controllers\BidEvaluation.php(224): view('sys/BidEvaluation/TECEvaluation', [...])
 6 SYSTEMPATH\CodeIgniter.php(932): App\Controllers\BidEvaluation->TECEvaluation('51')
 7 SYSTEMPATH\CodeIgniter.php(497): CodeIgniter\CodeIgniter->runController(Object(App\Controllers\BidEvaluation))
 8 SYSTEMPATH\CodeIgniter.php(366): CodeIgniter\CodeIgniter->handleRequest(null, Object(Config\Cache), false)
 9 FCPATH\index.php(67): CodeIgniter\CodeIgniter->run()
CRITICAL - 2024-02-24 11:32:06 --> Undefined array key "TId"
in APPPATH\Views\sys\BidEvaluation\TECEvaluation.php on line 115.
 1 APPPATH\Views\sys\BidEvaluation\TECEvaluation.php(115): CodeIgniter\Debug\Exceptions->errorHandler(2, 'Undefined array key "TId"', 'C:\\xampp\\htdocs\\IPMS\\app\\Views\\sys\\BidEvaluation\\TECEvaluation.php', 115)
 2 SYSTEMPATH\View\View.php(224): include('C:\\xampp\\htdocs\\IPMS\\app\\Views\\sys\\BidEvaluation\\TECEvaluation.php')
 3 SYSTEMPATH\View\View.php(227): CodeIgniter\View\View->CodeIgniter\View\{closure}()
 4 SYSTEMPATH\Common.php(1176): CodeIgniter\View\View->render('sys/BidEvaluation/TECEvaluation', [], true)
 5 APPPATH\Controllers\BidEvaluation.php(224): view('sys/BidEvaluation/TECEvaluation', [...])
 6 SYSTEMPATH\CodeIgniter.php(932): App\Controllers\BidEvaluation->TECEvaluation('51')
 7 SYSTEMPATH\CodeIgniter.php(497): CodeIgniter\CodeIgniter->runController(Object(App\Controllers\BidEvaluation))
 8 SYSTEMPATH\CodeIgniter.php(366): CodeIgniter\CodeIgniter->handleRequest(null, Object(Config\Cache), false)
 9 FCPATH\index.php(67): CodeIgniter\CodeIgniter->run()
CRITICAL - 2024-02-24 11:33:11 --> Undefined array key "TId"
in APPPATH\Views\sys\BidEvaluation\TECEvaluation.php on line 115.
 1 APPPATH\Views\sys\BidEvaluation\TECEvaluation.php(115): CodeIgniter\Debug\Exceptions->errorHandler(2, 'Undefined array key "TId"', 'C:\\xampp\\htdocs\\IPMS\\app\\Views\\sys\\BidEvaluation\\TECEvaluation.php', 115)
 2 SYSTEMPATH\View\View.php(224): include('C:\\xampp\\htdocs\\IPMS\\app\\Views\\sys\\BidEvaluation\\TECEvaluation.php')
 3 SYSTEMPATH\View\View.php(227): CodeIgniter\View\View->CodeIgniter\View\{closure}()
 4 SYSTEMPATH\Common.php(1176): CodeIgniter\View\View->render('sys/BidEvaluation/TECEvaluation', [], true)
 5 APPPATH\Controllers\BidEvaluation.php(224): view('sys/BidEvaluation/TECEvaluation', [...])
 6 SYSTEMPATH\CodeIgniter.php(932): App\Controllers\BidEvaluation->TECEvaluation('51')
 7 SYSTEMPATH\CodeIgniter.php(497): CodeIgniter\CodeIgniter->runController(Object(App\Controllers\BidEvaluation))
 8 SYSTEMPATH\CodeIgniter.php(366): CodeIgniter\CodeIgniter->handleRequest(null, Object(Config\Cache), false)
 9 FCPATH\index.php(67): CodeIgniter\CodeIgniter->run()
CRITICAL - 2024-02-24 11:52:35 --> Undefined constant "App\Controllers\yes"
in APPPATH\Controllers\BidEvaluation.php on line 231.
 1 SYSTEMPATH\CodeIgniter.php(932): App\Controllers\BidEvaluation->ViewPAnalysis()
 2 SYSTEMPATH\CodeIgniter.php(497): CodeIgniter\CodeIgniter->runController(Object(App\Controllers\BidEvaluation))
 3 SYSTEMPATH\CodeIgniter.php(366): CodeIgniter\CodeIgniter->handleRequest(null, Object(Config\Cache), false)
 4 FCPATH\index.php(67): CodeIgniter\CodeIgniter->run()
CRITICAL - 2024-02-24 11:58:19 --> Undefined variable $TId
in APPPATH\Views\sys\BidEvaluation\TECEvaluation.php on line 116.
 1 APPPATH\Views\sys\BidEvaluation\TECEvaluation.php(116): CodeIgniter\Debug\Exceptions->errorHandler(2, 'Undefined variable $TId', 'C:\\xampp\\htdocs\\IPMS\\app\\Views\\sys\\BidEvaluation\\TECEvaluation.php', 116)
 2 SYSTEMPATH\View\View.php(224): include('C:\\xampp\\htdocs\\IPMS\\app\\Views\\sys\\BidEvaluation\\TECEvaluation.php')
 3 SYSTEMPATH\View\View.php(227): CodeIgniter\View\View->CodeIgniter\View\{closure}()
 4 SYSTEMPATH\Common.php(1176): CodeIgniter\View\View->render('sys/BidEvaluation/TECEvaluation', [], true)
 5 APPPATH\Controllers\BidEvaluation.php(224): view('sys/BidEvaluation/TECEvaluation', [...])
 6 SYSTEMPATH\CodeIgniter.php(932): App\Controllers\BidEvaluation->TECEvaluation('51')
 7 SYSTEMPATH\CodeIgniter.php(497): CodeIgniter\CodeIgniter->runController(Object(App\Controllers\BidEvaluation))
 8 SYSTEMPATH\CodeIgniter.php(366): CodeIgniter\CodeIgniter->handleRequest(null, Object(Config\Cache), false)
 9 FCPATH\index.php(67): CodeIgniter\CodeIgniter->run()
CRITICAL - 2024-02-24 11:58:19 --> Undefined variable $TId
in APPPATH\Views\sys\BidEvaluation\TECEvaluation.php on line 116.
 1 APPPATH\Views\sys\BidEvaluation\TECEvaluation.php(116): CodeIgniter\Debug\Exceptions->errorHandler(2, 'Undefined variable $TId', 'C:\\xampp\\htdocs\\IPMS\\app\\Views\\sys\\BidEvaluation\\TECEvaluation.php', 116)
 2 SYSTEMPATH\View\View.php(224): include('C:\\xampp\\htdocs\\IPMS\\app\\Views\\sys\\BidEvaluation\\TECEvaluation.php')
 3 SYSTEMPATH\View\View.php(227): CodeIgniter\View\View->CodeIgniter\View\{closure}()
 4 SYSTEMPATH\Common.php(1176): CodeIgniter\View\View->render('sys/BidEvaluation/TECEvaluation', [], true)
 5 APPPATH\Controllers\BidEvaluation.php(224): view('sys/BidEvaluation/TECEvaluation', [...])
 6 SYSTEMPATH\CodeIgniter.php(932): App\Controllers\BidEvaluation->TECEvaluation('assets', null, 'messages-1.jpg')
 7 SYSTEMPATH\CodeIgniter.php(497): CodeIgniter\CodeIgniter->runController(Object(App\Controllers\BidEvaluation))
 8 SYSTEMPATH\CodeIgniter.php(366): CodeIgniter\CodeIgniter->handleRequest(null, Object(Config\Cache), false)
 9 FCPATH\index.php(67): CodeIgniter\CodeIgniter->run()
CRITICAL - 2024-02-24 12:07:23 --> Undefined variable $listB
in APPPATH\Views\sys\BidEvaluation\ViewPAnalysis.php on line 32.
 1 APPPATH\Views\sys\BidEvaluation\ViewPAnalysis.php(32): CodeIgniter\Debug\Exceptions->errorHandler(2, 'Undefined variable $listB', 'C:\\xampp\\htdocs\\IPMS\\app\\Views\\sys\\BidEvaluation\\ViewPAnalysis.php', 32)
 2 SYSTEMPATH\View\View.php(224): include('C:\\xampp\\htdocs\\IPMS\\app\\Views\\sys\\BidEvaluation\\ViewPAnalysis.php')
 3 SYSTEMPATH\View\View.php(227): CodeIgniter\View\View->CodeIgniter\View\{closure}()
 4 SYSTEMPATH\Common.php(1176): CodeIgniter\View\View->render('sys/BidEvaluation/ViewPAnalysis', [], true)
 5 APPPATH\Controllers\BidEvaluation.php(234): view('sys/BidEvaluation/ViewPAnalysis', [])
 6 SYSTEMPATH\CodeIgniter.php(932): App\Controllers\BidEvaluation->ViewPAnalysis('1', '51')
 7 SYSTEMPATH\CodeIgniter.php(497): CodeIgniter\CodeIgniter->runController(Object(App\Controllers\BidEvaluation))
 8 SYSTEMPATH\CodeIgniter.php(366): CodeIgniter\CodeIgniter->handleRequest(null, Object(Config\Cache), false)
 9 FCPATH\index.php(67): CodeIgniter\CodeIgniter->run()
CRITICAL - 2024-02-24 12:07:23 --> Undefined variable $listB
in APPPATH\Views\sys\BidEvaluation\ViewPAnalysis.php on line 32.
 1 APPPATH\Views\sys\BidEvaluation\ViewPAnalysis.php(32): CodeIgniter\Debug\Exceptions->errorHandler(2, 'Undefined variable $listB', 'C:\\xampp\\htdocs\\IPMS\\app\\Views\\sys\\BidEvaluation\\ViewPAnalysis.php', 32)
 2 SYSTEMPATH\View\View.php(224): include('C:\\xampp\\htdocs\\IPMS\\app\\Views\\sys\\BidEvaluation\\ViewPAnalysis.php')
 3 SYSTEMPATH\View\View.php(227): CodeIgniter\View\View->CodeIgniter\View\{closure}()
 4 SYSTEMPATH\Common.php(1176): CodeIgniter\View\View->render('sys/BidEvaluation/ViewPAnalysis', [], true)
 5 APPPATH\Controllers\BidEvaluation.php(234): view('sys/BidEvaluation/ViewPAnalysis', [])
 6 SYSTEMPATH\CodeIgniter.php(932): App\Controllers\BidEvaluation->ViewPAnalysis('1', 'assets', 'img', 'messages-1.jpg')
 7 SYSTEMPATH\CodeIgniter.php(497): CodeIgniter\CodeIgniter->runController(Object(App\Controllers\BidEvaluation))
 8 SYSTEMPATH\CodeIgniter.php(366): CodeIgniter\CodeIgniter->handleRequest(null, Object(Config\Cache), false)
 9 FCPATH\index.php(67): CodeIgniter\CodeIgniter->run()
CRITICAL - 2024-02-24 12:22:49 --> Class "App\Controllers\SDocumentModel" not found
in APPPATH\Controllers\BidEvaluation.php on line 232.
 1 SYSTEMPATH\CodeIgniter.php(932): App\Controllers\BidEvaluation->ViewPAnalysis('1', '51')
 2 SYSTEMPATH\CodeIgniter.php(497): CodeIgniter\CodeIgniter->runController(Object(App\Controllers\BidEvaluation))
 3 SYSTEMPATH\CodeIgniter.php(366): CodeIgniter\CodeIgniter->handleRequest(null, Object(Config\Cache), false)
 4 FCPATH\index.php(67): CodeIgniter\CodeIgniter->run()
CRITICAL - 2024-02-24 12:24:20 --> Undefined variable $listB
in APPPATH\Views\sys\BidEvaluation\ViewPAnalysis.php on line 32.
 1 APPPATH\Views\sys\BidEvaluation\ViewPAnalysis.php(32): CodeIgniter\Debug\Exceptions->errorHandler(2, 'Undefined variable $listB', 'C:\\xampp\\htdocs\\IPMS\\app\\Views\\sys\\BidEvaluation\\ViewPAnalysis.php', 32)
 2 SYSTEMPATH\View\View.php(224): include('C:\\xampp\\htdocs\\IPMS\\app\\Views\\sys\\BidEvaluation\\ViewPAnalysis.php')
 3 SYSTEMPATH\View\View.php(227): CodeIgniter\View\View->CodeIgniter\View\{closure}()
 4 SYSTEMPATH\Common.php(1176): CodeIgniter\View\View->render('sys/BidEvaluation/ViewPAnalysis', [], true)
 5 APPPATH\Controllers\BidEvaluation.php(239): view('sys/BidEvaluation/ViewPAnalysis', [...])
 6 SYSTEMPATH\CodeIgniter.php(932): App\Controllers\BidEvaluation->ViewPAnalysis('1', '51')
 7 SYSTEMPATH\CodeIgniter.php(497): CodeIgniter\CodeIgniter->runController(Object(App\Controllers\BidEvaluation))
 8 SYSTEMPATH\CodeIgniter.php(366): CodeIgniter\CodeIgniter->handleRequest(null, Object(Config\Cache), false)
 9 FCPATH\index.php(67): CodeIgniter\CodeIgniter->run()
CRITICAL - 2024-02-24 12:24:20 --> Undefined variable $listB
in APPPATH\Views\sys\BidEvaluation\ViewPAnalysis.php on line 32.
 1 APPPATH\Views\sys\BidEvaluation\ViewPAnalysis.php(32): CodeIgniter\Debug\Exceptions->errorHandler(2, 'Undefined variable $listB', 'C:\\xampp\\htdocs\\IPMS\\app\\Views\\sys\\BidEvaluation\\ViewPAnalysis.php', 32)
 2 SYSTEMPATH\View\View.php(224): include('C:\\xampp\\htdocs\\IPMS\\app\\Views\\sys\\BidEvaluation\\ViewPAnalysis.php')
 3 SYSTEMPATH\View\View.php(227): CodeIgniter\View\View->CodeIgniter\View\{closure}()
 4 SYSTEMPATH\Common.php(1176): CodeIgniter\View\View->render('sys/BidEvaluation/ViewPAnalysis', [], true)
 5 APPPATH\Controllers\BidEvaluation.php(239): view('sys/BidEvaluation/ViewPAnalysis', [...])
 6 SYSTEMPATH\CodeIgniter.php(932): App\Controllers\BidEvaluation->ViewPAnalysis('1', 'assets', 'img', 'messages-1.jpg')
 7 SYSTEMPATH\CodeIgniter.php(497): CodeIgniter\CodeIgniter->runController(Object(App\Controllers\BidEvaluation))
 8 SYSTEMPATH\CodeIgniter.php(366): CodeIgniter\CodeIgniter->handleRequest(null, Object(Config\Cache), false)
 9 FCPATH\index.php(67): CodeIgniter\CodeIgniter->run()
CRITICAL - 2024-02-24 14:28:47 --> Undefined array key "BidSubmissionform"
in APPPATH\Controllers\BidEvaluation.php on line 162.
 1 APPPATH\Controllers\BidEvaluation.php(162): CodeIgniter\Debug\Exceptions->errorHandler(2, 'Undefined array key "BidSubmissionform"', 'C:\\xampp\\htdocs\\IPMS\\app\\Controllers\\BidEvaluation.php', 162)
 2 SYSTEMPATH\CodeIgniter.php(932): App\Controllers\BidEvaluation->openbidDOC('1', '51')
 3 SYSTEMPATH\CodeIgniter.php(497): CodeIgniter\CodeIgniter->runController(Object(App\Controllers\BidEvaluation))
 4 SYSTEMPATH\CodeIgniter.php(366): CodeIgniter\CodeIgniter->handleRequest(null, Object(Config\Cache), false)
 5 FCPATH\index.php(67): CodeIgniter\CodeIgniter->run()
CRITICAL - 2024-02-24 14:36:26 --> Trying to access array offset on value of type null
in APPPATH\Controllers\BidEvaluation.php on line 162.
 1 APPPATH\Controllers\BidEvaluation.php(162): CodeIgniter\Debug\Exceptions->errorHandler(2, 'Trying to access array offset on value of type null', 'C:\\xampp\\htdocs\\IPMS\\app\\Controllers\\BidEvaluation.php', 162)
 2 SYSTEMPATH\CodeIgniter.php(932): App\Controllers\BidEvaluation->openbidDOC('1', 'public', 'images', 'uploads2', '1708438595_97b8798e40bd77e43e1a.pdf')
 3 SYSTEMPATH\CodeIgniter.php(497): CodeIgniter\CodeIgniter->runController(Object(App\Controllers\BidEvaluation))
 4 SYSTEMPATH\CodeIgniter.php(366): CodeIgniter\CodeIgniter->handleRequest(null, Object(Config\Cache), false)
 5 FCPATH\index.php(67): CodeIgniter\CodeIgniter->run()
CRITICAL - 2024-02-24 14:42:24 --> mime_content_type(): Failed identify data 0:(null)
in APPPATH\Controllers\BidEvaluation.php on line 163.
 1 [internal function]: CodeIgniter\Debug\Exceptions->errorHandler(2, 'mime_content_type(): Failed identify data 0:(null)', 'C:\\xampp\\htdocs\\IPMS\\app\\Controllers\\BidEvaluation.php', 163)
 2 APPPATH\Controllers\BidEvaluation.php(163): mime_content_type('http://localhost/IPMS/public/images/uploads2/1708438595_97b8798e40bd77e43e1a.pdf')
 3 SYSTEMPATH\CodeIgniter.php(932): App\Controllers\BidEvaluation->openbidDOC('1', '51')
 4 SYSTEMPATH\CodeIgniter.php(497): CodeIgniter\CodeIgniter->runController(Object(App\Controllers\BidEvaluation))
 5 SYSTEMPATH\CodeIgniter.php(366): CodeIgniter\CodeIgniter->handleRequest(null, Object(Config\Cache), false)
 6 FCPATH\index.php(67): CodeIgniter\CodeIgniter->run()
CRITICAL - 2024-02-24 14:59:52 --> mime_content_type(C:\xampp\htdocs\IPMS\public/images/uploads2/1708438595_cb7ab80ab7384a4572fd.pdf): Failed to open stream: No such file or directory
in APPPATH\Controllers\BidEvaluation.php on line 180.
 1 [internal function]: CodeIgniter\Debug\Exceptions->errorHandler(2, 'mime_content_type(C:\\xampp\\htdocs\\IPMS\\public/images/uploads2/1708438595_cb7ab80ab7384a4572fd.pdf): Failed to open stream: No such file or directory', 'C:\\xampp\\htdocs\\IPMS\\app\\Controllers\\BidEvaluation.php', 180)
 2 APPPATH\Controllers\BidEvaluation.php(180): mime_content_type('C:\\xampp\\htdocs\\IPMS\\public/images/uploads2/1708438595_cb7ab80ab7384a4572fd.pdf')
 3 SYSTEMPATH\CodeIgniter.php(932): App\Controllers\BidEvaluation->openBidSguarantee('1', '51')
 4 SYSTEMPATH\CodeIgniter.php(497): CodeIgniter\CodeIgniter->runController(Object(App\Controllers\BidEvaluation))
 5 SYSTEMPATH\CodeIgniter.php(366): CodeIgniter\CodeIgniter->handleRequest(null, Object(Config\Cache), false)
 6 FCPATH\index.php(67): CodeIgniter\CodeIgniter->run()
CRITICAL - 2024-02-24 15:00:17 --> Trying to access array offset on value of type null
in APPPATH\Controllers\BidEvaluation.php on line 196.
 1 APPPATH\Controllers\BidEvaluation.php(196): CodeIgniter\Debug\Exceptions->errorHandler(2, 'Trying to access array offset on value of type null', 'C:\\xampp\\htdocs\\IPMS\\app\\Controllers\\BidEvaluation.php', 196)
 2 SYSTEMPATH\CodeIgniter.php(932): App\Controllers\BidEvaluation->openBRegistration('1', '51')
 3 SYSTEMPATH\CodeIgniter.php(497): CodeIgniter\CodeIgniter->runController(Object(App\Controllers\BidEvaluation))
 4 SYSTEMPATH\CodeIgniter.php(366): CodeIgniter\CodeIgniter->handleRequest(null, Object(Config\Cache), false)
 5 FCPATH\index.php(67): CodeIgniter\CodeIgniter->run()
CRITICAL - 2024-02-24 15:00:35 --> mime_content_type(C:\xampp\htdocs\IPMS\public/images/uploads2/1708438595_cb7ab80ab7384a4572fd.pdf): Failed to open stream: No such file or directory
in APPPATH\Controllers\BidEvaluation.php on line 180.
 1 [internal function]: CodeIgniter\Debug\Exceptions->errorHandler(2, 'mime_content_type(C:\\xampp\\htdocs\\IPMS\\public/images/uploads2/1708438595_cb7ab80ab7384a4572fd.pdf): Failed to open stream: No such file or directory', 'C:\\xampp\\htdocs\\IPMS\\app\\Controllers\\BidEvaluation.php', 180)
 2 APPPATH\Controllers\BidEvaluation.php(180): mime_content_type('C:\\xampp\\htdocs\\IPMS\\public/images/uploads2/1708438595_cb7ab80ab7384a4572fd.pdf')
 3 SYSTEMPATH\CodeIgniter.php(932): App\Controllers\BidEvaluation->openBidSguarantee('1', '51')
 4 SYSTEMPATH\CodeIgniter.php(497): CodeIgniter\CodeIgniter->runController(Object(App\Controllers\BidEvaluation))
 5 SYSTEMPATH\CodeIgniter.php(366): CodeIgniter\CodeIgniter->handleRequest(null, Object(Config\Cache), false)
 6 FCPATH\index.php(67): CodeIgniter\CodeIgniter->run()
CRITICAL - 2024-02-24 15:02:19 --> Trying to access array offset on value of type null
in APPPATH\Controllers\BidEvaluation.php on line 196.
 1 APPPATH\Controllers\BidEvaluation.php(196): CodeIgniter\Debug\Exceptions->errorHandler(2, 'Trying to access array offset on value of type null', 'C:\\xampp\\htdocs\\IPMS\\app\\Controllers\\BidEvaluation.php', 196)
 2 SYSTEMPATH\CodeIgniter.php(932): App\Controllers\BidEvaluation->openBRegistration('1', '51')
 3 SYSTEMPATH\CodeIgniter.php(497): CodeIgniter\CodeIgniter->runController(Object(App\Controllers\BidEvaluation))
 4 SYSTEMPATH\CodeIgniter.php(366): CodeIgniter\CodeIgniter->handleRequest(null, Object(Config\Cache), false)
 5 FCPATH\index.php(67): CodeIgniter\CodeIgniter->run()
CRITICAL - 2024-02-24 15:04:10 --> mime_content_type(C:\xampp\htdocs\IPMS\public/images/uploads2/1708438595_cb7ab80ab7384a4572fd.pdf): Failed to open stream: No such file or directory
in APPPATH\Controllers\BidEvaluation.php on line 180.
 1 [internal function]: CodeIgniter\Debug\Exceptions->errorHandler(2, 'mime_content_type(C:\\xampp\\htdocs\\IPMS\\public/images/uploads2/1708438595_cb7ab80ab7384a4572fd.pdf): Failed to open stream: No such file or directory', 'C:\\xampp\\htdocs\\IPMS\\app\\Controllers\\BidEvaluation.php', 180)
 2 APPPATH\Controllers\BidEvaluation.php(180): mime_content_type('C:\\xampp\\htdocs\\IPMS\\public/images/uploads2/1708438595_cb7ab80ab7384a4572fd.pdf')
 3 SYSTEMPATH\CodeIgniter.php(932): App\Controllers\BidEvaluation->openBidSguarantee('1', '51')
 4 SYSTEMPATH\CodeIgniter.php(497): CodeIgniter\CodeIgniter->runController(Object(App\Controllers\BidEvaluation))
 5 SYSTEMPATH\CodeIgniter.php(366): CodeIgniter\CodeIgniter->handleRequest(null, Object(Config\Cache), false)
 6 FCPATH\index.php(67): CodeIgniter\CodeIgniter->run()
CRITICAL - 2024-02-24 15:38:52 --> mime_content_type(C:\xampp\htdocs\IPMS\public/images/uploads2/1708438595_cb7ab80ab7384a4572fd.pdf): Failed to open stream: No such file or directory
in APPPATH\Controllers\BidEvaluation.php on line 194.
 1 [internal function]: CodeIgniter\Debug\Exceptions->errorHandler(2, 'mime_content_type(C:\\xampp\\htdocs\\IPMS\\public/images/uploads2/1708438595_cb7ab80ab7384a4572fd.pdf): Failed to open stream: No such file or directory', 'C:\\xampp\\htdocs\\IPMS\\app\\Controllers\\BidEvaluation.php', 194)
 2 APPPATH\Controllers\BidEvaluation.php(194): mime_content_type('C:\\xampp\\htdocs\\IPMS\\public/images/uploads2/1708438595_cb7ab80ab7384a4572fd.pdf')
 3 SYSTEMPATH\CodeIgniter.php(932): App\Controllers\BidEvaluation->openBidSguarantee('1', '51')
 4 SYSTEMPATH\CodeIgniter.php(497): CodeIgniter\CodeIgniter->runController(Object(App\Controllers\BidEvaluation))
 5 SYSTEMPATH\CodeIgniter.php(366): CodeIgniter\CodeIgniter->handleRequest(null, Object(Config\Cache), false)
 6 FCPATH\index.php(67): CodeIgniter\CodeIgniter->run()
CRITICAL - 2024-02-24 16:45:51 --> mime_content_type(C:\xampp\htdocs\IPMS\public/images/uploads2/1708793124_2f893e60b870cf6104bd.pdf): Failed to open stream: No such file or directory
in APPPATH\Controllers\BidEvaluation.php on line 181.
 1 [internal function]: CodeIgniter\Debug\Exceptions->errorHandler(2, 'mime_content_type(C:\\xampp\\htdocs\\IPMS\\public/images/uploads2/1708793124_2f893e60b870cf6104bd.pdf): Failed to open stream: No such file or directory', 'C:\\xampp\\htdocs\\IPMS\\app\\Controllers\\BidEvaluation.php', 181)
 2 APPPATH\Controllers\BidEvaluation.php(181): mime_content_type('C:\\xampp\\htdocs\\IPMS\\public/images/uploads2/1708793124_2f893e60b870cf6104bd.pdf')
 3 SYSTEMPATH\CodeIgniter.php(932): App\Controllers\BidEvaluation->openBidSguarantee('1', '51')
 4 SYSTEMPATH\CodeIgniter.php(497): CodeIgniter\CodeIgniter->runController(Object(App\Controllers\BidEvaluation))
 5 SYSTEMPATH\CodeIgniter.php(366): CodeIgniter\CodeIgniter->handleRequest(null, Object(Config\Cache), false)
 6 FCPATH\index.php(67): CodeIgniter\CodeIgniter->run()
CRITICAL - 2024-02-24 16:48:58 --> mime_content_type(C:\xampp\htdocs\IPMS\public/images/uploads2/1708793124_2f893e60b870cf6104bd.pdf): Failed to open stream: No such file or directory
in APPPATH\Controllers\BidEvaluation.php on line 181.
 1 [internal function]: CodeIgniter\Debug\Exceptions->errorHandler(2, 'mime_content_type(C:\\xampp\\htdocs\\IPMS\\public/images/uploads2/1708793124_2f893e60b870cf6104bd.pdf): Failed to open stream: No such file or directory', 'C:\\xampp\\htdocs\\IPMS\\app\\Controllers\\BidEvaluation.php', 181)
 2 APPPATH\Controllers\BidEvaluation.php(181): mime_content_type('C:\\xampp\\htdocs\\IPMS\\public/images/uploads2/1708793124_2f893e60b870cf6104bd.pdf')
 3 SYSTEMPATH\CodeIgniter.php(932): App\Controllers\BidEvaluation->openBidSguarantee('1', '51')
 4 SYSTEMPATH\CodeIgniter.php(497): CodeIgniter\CodeIgniter->runController(Object(App\Controllers\BidEvaluation))
 5 SYSTEMPATH\CodeIgniter.php(366): CodeIgniter\CodeIgniter->handleRequest(null, Object(Config\Cache), false)
 6 FCPATH\index.php(67): CodeIgniter\CodeIgniter->run()
CRITICAL - 2024-02-24 16:53:10 --> mime_content_type(C:\xampp\htdocs\IPMS\public/images/uploads2/1708793124_2f893e60b870cf6104bd.pdf): Failed to open stream: No such file or directory
in APPPATH\Controllers\BidEvaluation.php on line 181.
 1 [internal function]: CodeIgniter\Debug\Exceptions->errorHandler(2, 'mime_content_type(C:\\xampp\\htdocs\\IPMS\\public/images/uploads2/1708793124_2f893e60b870cf6104bd.pdf): Failed to open stream: No such file or directory', 'C:\\xampp\\htdocs\\IPMS\\app\\Controllers\\BidEvaluation.php', 181)
 2 APPPATH\Controllers\BidEvaluation.php(181): mime_content_type('C:\\xampp\\htdocs\\IPMS\\public/images/uploads2/1708793124_2f893e60b870cf6104bd.pdf')
 3 SYSTEMPATH\CodeIgniter.php(932): App\Controllers\BidEvaluation->openBidSguarantee('1', '51')
 4 SYSTEMPATH\CodeIgniter.php(497): CodeIgniter\CodeIgniter->runController(Object(App\Controllers\BidEvaluation))
 5 SYSTEMPATH\CodeIgniter.php(366): CodeIgniter\CodeIgniter->handleRequest(null, Object(Config\Cache), false)
 6 FCPATH\index.php(67): CodeIgniter\CodeIgniter->run()
CRITICAL - 2024-02-24 17:56:52 --> Class "App\Controllers\PAnalysisMarksModel" not found
in APPPATH\Controllers\BidEvaluation.php on line 287.
 1 SYSTEMPATH\CodeIgniter.php(932): App\Controllers\BidEvaluation->SavePAnalysisMarks()
 2 SYSTEMPATH\CodeIgniter.php(497): CodeIgniter\CodeIgniter->runController(Object(App\Controllers\BidEvaluation))
 3 SYSTEMPATH\CodeIgniter.php(366): CodeIgniter\CodeIgniter->handleRequest(null, Object(Config\Cache), false)
 4 FCPATH\index.php(67): CodeIgniter\CodeIgniter->run()
ERROR - 2024-02-24 17:57:52 --> mysqli_sql_exception: Column 'VendorId' cannot be null in C:\xampp\htdocs\IPMS\system\Database\MySQLi\Connection.php:295
Stack trace:
#0 C:\xampp\htdocs\IPMS\system\Database\MySQLi\Connection.php(295): mysqli->query('INSERT INTO `pa...', 0)
#1 C:\xampp\htdocs\IPMS\system\Database\BaseConnection.php(692): CodeIgniter\Database\MySQLi\Connection->execute('INSERT INTO `pa...')
#2 C:\xampp\htdocs\IPMS\system\Database\BaseConnection.php(606): CodeIgniter\Database\BaseConnection->simpleQuery('INSERT INTO `pa...')
#3 C:\xampp\htdocs\IPMS\system\Database\BaseBuilder.php(2309): CodeIgniter\Database\BaseConnection->query('INSERT INTO `pa...', Array, false)
#4 C:\xampp\htdocs\IPMS\system\Model.php(330): CodeIgniter\Database\BaseBuilder->insert()
#5 C:\xampp\htdocs\IPMS\system\BaseModel.php(782): CodeIgniter\Model->doInsert(Array)
#6 C:\xampp\htdocs\IPMS\system\Model.php(730): CodeIgniter\BaseModel->insert(Array, false)
#7 C:\xampp\htdocs\IPMS\system\BaseModel.php(692): CodeIgniter\Model->insert(Array, false)
#8 C:\xampp\htdocs\IPMS\app\Controllers\BidEvaluation.php(288): CodeIgniter\BaseModel->save(Array)
#9 C:\xampp\htdocs\IPMS\system\CodeIgniter.php(932): App\Controllers\BidEvaluation->SavePAnalysisMarks()
#10 C:\xampp\htdocs\IPMS\system\CodeIgniter.php(497): CodeIgniter\CodeIgniter->runController(Object(App\Controllers\BidEvaluation))
#11 C:\xampp\htdocs\IPMS\system\CodeIgniter.php(366): CodeIgniter\CodeIgniter->handleRequest(NULL, Object(Config\Cache), false)
#12 C:\xampp\htdocs\IPMS\index.php(67): CodeIgniter\CodeIgniter->run()
#13 {main}
CRITICAL - 2024-02-24 17:57:52 --> Column 'VendorId' cannot be null
in SYSTEMPATH\Database\MySQLi\Connection.php on line 295.
 1 SYSTEMPATH\Database\MySQLi\Connection.php(295): mysqli->query('INSERT INTO `panalysismarks` (`VendorId`, `CompanyName`, `TenderId`, `DocStatus`) VALUES (NULL, \'Debug Group Of Companies\', NULL, \'No\')', 0)
 2 SYSTEMPATH\Database\BaseConnection.php(692): CodeIgniter\Database\MySQLi\Connection->execute('INSERT INTO `panalysismarks` (`VendorId`, `CompanyName`, `TenderId`, `DocStatus`) VALUES (NULL, \'Debug Group Of Companies\', NULL, \'No\')')
 3 SYSTEMPATH\Database\BaseConnection.php(606): CodeIgniter\Database\BaseConnection->simpleQuery('INSERT INTO `panalysismarks` (`VendorId`, `CompanyName`, `TenderId`, `DocStatus`) VALUES (NULL, \'Debug Group Of Companies\', NULL, \'No\')')
 4 SYSTEMPATH\Database\BaseBuilder.php(2309): CodeIgniter\Database\BaseConnection->query('INSERT INTO `panalysismarks` (`VendorId`, `CompanyName`, `TenderId`, `DocStatus`) VALUES (:VendorId:, :CompanyName:, :TenderId:, :DocStatus:)', [...], false)
 5 SYSTEMPATH\Model.php(330): CodeIgniter\Database\BaseBuilder->insert()
 6 SYSTEMPATH\BaseModel.php(782): CodeIgniter\Model->doInsert([...])
 7 SYSTEMPATH\Model.php(730): CodeIgniter\BaseModel->insert([...], false)
 8 SYSTEMPATH\BaseModel.php(692): CodeIgniter\Model->insert([...], false)
 9 APPPATH\Controllers\BidEvaluation.php(288): CodeIgniter\BaseModel->save([...])
10 SYSTEMPATH\CodeIgniter.php(932): App\Controllers\BidEvaluation->SavePAnalysisMarks()
11 SYSTEMPATH\CodeIgniter.php(497): CodeIgniter\CodeIgniter->runController(Object(App\Controllers\BidEvaluation))
12 SYSTEMPATH\CodeIgniter.php(366): CodeIgniter\CodeIgniter->handleRequest(null, Object(Config\Cache), false)
13 FCPATH\index.php(67): CodeIgniter\CodeIgniter->run()
ERROR - 2024-02-24 18:00:03 --> mysqli_sql_exception: Column 'VendorId' cannot be null in C:\xampp\htdocs\IPMS\system\Database\MySQLi\Connection.php:295
Stack trace:
#0 C:\xampp\htdocs\IPMS\system\Database\MySQLi\Connection.php(295): mysqli->query('INSERT INTO `pa...', 0)
#1 C:\xampp\htdocs\IPMS\system\Database\BaseConnection.php(692): CodeIgniter\Database\MySQLi\Connection->execute('INSERT INTO `pa...')
#2 C:\xampp\htdocs\IPMS\system\Database\BaseConnection.php(606): CodeIgniter\Database\BaseConnection->simpleQuery('INSERT INTO `pa...')
#3 C:\xampp\htdocs\IPMS\system\Database\BaseBuilder.php(2309): CodeIgniter\Database\BaseConnection->query('INSERT INTO `pa...', Array, false)
#4 C:\xampp\htdocs\IPMS\system\Model.php(330): CodeIgniter\Database\BaseBuilder->insert()
#5 C:\xampp\htdocs\IPMS\system\BaseModel.php(782): CodeIgniter\Model->doInsert(Array)
#6 C:\xampp\htdocs\IPMS\system\Model.php(730): CodeIgniter\BaseModel->insert(Array, false)
#7 C:\xampp\htdocs\IPMS\system\BaseModel.php(692): CodeIgniter\Model->insert(Array, false)
#8 C:\xampp\htdocs\IPMS\app\Controllers\BidEvaluation.php(289): CodeIgniter\BaseModel->save(Array)
#9 C:\xampp\htdocs\IPMS\system\CodeIgniter.php(932): App\Controllers\BidEvaluation->SavePAnalysisMarks()
#10 C:\xampp\htdocs\IPMS\system\CodeIgniter.php(497): CodeIgniter\CodeIgniter->runController(Object(App\Controllers\BidEvaluation))
#11 C:\xampp\htdocs\IPMS\system\CodeIgniter.php(366): CodeIgniter\CodeIgniter->handleRequest(NULL, Object(Config\Cache), false)
#12 C:\xampp\htdocs\IPMS\index.php(67): CodeIgniter\CodeIgniter->run()
#13 {main}
CRITICAL - 2024-02-24 18:00:03 --> Column 'VendorId' cannot be null
in SYSTEMPATH\Database\MySQLi\Connection.php on line 295.
 1 SYSTEMPATH\Database\MySQLi\Connection.php(295): mysqli->query('INSERT INTO `panalysismarks` (`VendorId`, `CompanyName`, `TenderId`, `DocStatus`) VALUES (NULL, \'Debug Group Of Companies\', NULL, \'No\')', 0)
 2 SYSTEMPATH\Database\BaseConnection.php(692): CodeIgniter\Database\MySQLi\Connection->execute('INSERT INTO `panalysismarks` (`VendorId`, `CompanyName`, `TenderId`, `DocStatus`) VALUES (NULL, \'Debug Group Of Companies\', NULL, \'No\')')
 3 SYSTEMPATH\Database\BaseConnection.php(606): CodeIgniter\Database\BaseConnection->simpleQuery('INSERT INTO `panalysismarks` (`VendorId`, `CompanyName`, `TenderId`, `DocStatus`) VALUES (NULL, \'Debug Group Of Companies\', NULL, \'No\')')
 4 SYSTEMPATH\Database\BaseBuilder.php(2309): CodeIgniter\Database\BaseConnection->query('INSERT INTO `panalysismarks` (`VendorId`, `CompanyName`, `TenderId`, `DocStatus`) VALUES (:VendorId:, :CompanyName:, :TenderId:, :DocStatus:)', [...], false)
 5 SYSTEMPATH\Model.php(330): CodeIgniter\Database\BaseBuilder->insert()
 6 SYSTEMPATH\BaseModel.php(782): CodeIgniter\Model->doInsert([...])
 7 SYSTEMPATH\Model.php(730): CodeIgniter\BaseModel->insert([...], false)
 8 SYSTEMPATH\BaseModel.php(692): CodeIgniter\Model->insert([...], false)
 9 APPPATH\Controllers\BidEvaluation.php(289): CodeIgniter\BaseModel->save([...])
10 SYSTEMPATH\CodeIgniter.php(932): App\Controllers\BidEvaluation->SavePAnalysisMarks()
11 SYSTEMPATH\CodeIgniter.php(497): CodeIgniter\CodeIgniter->runController(Object(App\Controllers\BidEvaluation))
12 SYSTEMPATH\CodeIgniter.php(366): CodeIgniter\CodeIgniter->handleRequest(null, Object(Config\Cache), false)
13 FCPATH\index.php(67): CodeIgniter\CodeIgniter->run()
ERROR - 2024-02-24 18:00:39 --> mysqli_sql_exception: Column 'VendorId' cannot be null in C:\xampp\htdocs\IPMS\system\Database\MySQLi\Connection.php:295
Stack trace:
#0 C:\xampp\htdocs\IPMS\system\Database\MySQLi\Connection.php(295): mysqli->query('INSERT INTO `pa...', 0)
#1 C:\xampp\htdocs\IPMS\system\Database\BaseConnection.php(692): CodeIgniter\Database\MySQLi\Connection->execute('INSERT INTO `pa...')
#2 C:\xampp\htdocs\IPMS\system\Database\BaseConnection.php(606): CodeIgniter\Database\BaseConnection->simpleQuery('INSERT INTO `pa...')
#3 C:\xampp\htdocs\IPMS\system\Database\BaseBuilder.php(2309): CodeIgniter\Database\BaseConnection->query('INSERT INTO `pa...', Array, false)
#4 C:\xampp\htdocs\IPMS\system\Model.php(330): CodeIgniter\Database\BaseBuilder->insert()
#5 C:\xampp\htdocs\IPMS\system\BaseModel.php(782): CodeIgniter\Model->doInsert(Array)
#6 C:\xampp\htdocs\IPMS\system\Model.php(730): CodeIgniter\BaseModel->insert(Array, false)
#7 C:\xampp\htdocs\IPMS\system\BaseModel.php(692): CodeIgniter\Model->insert(Array, false)
#8 C:\xampp\htdocs\IPMS\app\Controllers\BidEvaluation.php(289): CodeIgniter\BaseModel->save(Array)
#9 C:\xampp\htdocs\IPMS\system\CodeIgniter.php(932): App\Controllers\BidEvaluation->SavePAnalysisMarks()
#10 C:\xampp\htdocs\IPMS\system\CodeIgniter.php(497): CodeIgniter\CodeIgniter->runController(Object(App\Controllers\BidEvaluation))
#11 C:\xampp\htdocs\IPMS\system\CodeIgniter.php(366): CodeIgniter\CodeIgniter->handleRequest(NULL, Object(Config\Cache), false)
#12 C:\xampp\htdocs\IPMS\index.php(67): CodeIgniter\CodeIgniter->run()
#13 {main}
CRITICAL - 2024-02-24 18:00:39 --> Column 'VendorId' cannot be null
in SYSTEMPATH\Database\MySQLi\Connection.php on line 295.
 1 SYSTEMPATH\Database\MySQLi\Connection.php(295): mysqli->query('INSERT INTO `panalysismarks` (`VendorId`, `CompanyName`, `TenderId`, `DocStatus`) VALUES (NULL, \'Debug Group Of Companies\', NULL, \'No\')', 0)
 2 SYSTEMPATH\Database\BaseConnection.php(692): CodeIgniter\Database\MySQLi\Connection->execute('INSERT INTO `panalysismarks` (`VendorId`, `CompanyName`, `TenderId`, `DocStatus`) VALUES (NULL, \'Debug Group Of Companies\', NULL, \'No\')')
 3 SYSTEMPATH\Database\BaseConnection.php(606): CodeIgniter\Database\BaseConnection->simpleQuery('INSERT INTO `panalysismarks` (`VendorId`, `CompanyName`, `TenderId`, `DocStatus`) VALUES (NULL, \'Debug Group Of Companies\', NULL, \'No\')')
 4 SYSTEMPATH\Database\BaseBuilder.php(2309): CodeIgniter\Database\BaseConnection->query('INSERT INTO `panalysismarks` (`VendorId`, `CompanyName`, `TenderId`, `DocStatus`) VALUES (:VendorId:, :CompanyName:, :TenderId:, :DocStatus:)', [...], false)
 5 SYSTEMPATH\Model.php(330): CodeIgniter\Database\BaseBuilder->insert()
 6 SYSTEMPATH\BaseModel.php(782): CodeIgniter\Model->doInsert([...])
 7 SYSTEMPATH\Model.php(730): CodeIgniter\BaseModel->insert([...], false)
 8 SYSTEMPATH\BaseModel.php(692): CodeIgniter\Model->insert([...], false)
 9 APPPATH\Controllers\BidEvaluation.php(289): CodeIgniter\BaseModel->save([...])
10 SYSTEMPATH\CodeIgniter.php(932): App\Controllers\BidEvaluation->SavePAnalysisMarks()
11 SYSTEMPATH\CodeIgniter.php(497): CodeIgniter\CodeIgniter->runController(Object(App\Controllers\BidEvaluation))
12 SYSTEMPATH\CodeIgniter.php(366): CodeIgniter\CodeIgniter->handleRequest(null, Object(Config\Cache), false)
13 FCPATH\index.php(67): CodeIgniter\CodeIgniter->run()
ERROR - 2024-02-24 18:01:35 --> mysqli_sql_exception: Column 'VendorId' cannot be null in C:\xampp\htdocs\IPMS\system\Database\MySQLi\Connection.php:295
Stack trace:
#0 C:\xampp\htdocs\IPMS\system\Database\MySQLi\Connection.php(295): mysqli->query('INSERT INTO `pa...', 0)
#1 C:\xampp\htdocs\IPMS\system\Database\BaseConnection.php(692): CodeIgniter\Database\MySQLi\Connection->execute('INSERT INTO `pa...')
#2 C:\xampp\htdocs\IPMS\system\Database\BaseConnection.php(606): CodeIgniter\Database\BaseConnection->simpleQuery('INSERT INTO `pa...')
#3 C:\xampp\htdocs\IPMS\system\Database\BaseBuilder.php(2309): CodeIgniter\Database\BaseConnection->query('INSERT INTO `pa...', Array, false)
#4 C:\xampp\htdocs\IPMS\system\Model.php(330): CodeIgniter\Database\BaseBuilder->insert()
#5 C:\xampp\htdocs\IPMS\system\BaseModel.php(782): CodeIgniter\Model->doInsert(Array)
#6 C:\xampp\htdocs\IPMS\system\Model.php(730): CodeIgniter\BaseModel->insert(Array, false)
#7 C:\xampp\htdocs\IPMS\system\BaseModel.php(692): CodeIgniter\Model->insert(Array, false)
#8 C:\xampp\htdocs\IPMS\app\Controllers\BidEvaluation.php(289): CodeIgniter\BaseModel->save(Array)
#9 C:\xampp\htdocs\IPMS\system\CodeIgniter.php(932): App\Controllers\BidEvaluation->SavePAnalysisMarks()
#10 C:\xampp\htdocs\IPMS\system\CodeIgniter.php(497): CodeIgniter\CodeIgniter->runController(Object(App\Controllers\BidEvaluation))
#11 C:\xampp\htdocs\IPMS\system\CodeIgniter.php(366): CodeIgniter\CodeIgniter->handleRequest(NULL, Object(Config\Cache), false)
#12 C:\xampp\htdocs\IPMS\index.php(67): CodeIgniter\CodeIgniter->run()
#13 {main}
CRITICAL - 2024-02-24 18:01:35 --> Column 'VendorId' cannot be null
in SYSTEMPATH\Database\MySQLi\Connection.php on line 295.
 1 SYSTEMPATH\Database\MySQLi\Connection.php(295): mysqli->query('INSERT INTO `panalysismarks` (`VendorId`, `CompanyName`, `TenderId`, `DocStatus`) VALUES (NULL, \'Debug Group Of Companies\', NULL, \'No\')', 0)
 2 SYSTEMPATH\Database\BaseConnection.php(692): CodeIgniter\Database\MySQLi\Connection->execute('INSERT INTO `panalysismarks` (`VendorId`, `CompanyName`, `TenderId`, `DocStatus`) VALUES (NULL, \'Debug Group Of Companies\', NULL, \'No\')')
 3 SYSTEMPATH\Database\BaseConnection.php(606): CodeIgniter\Database\BaseConnection->simpleQuery('INSERT INTO `panalysismarks` (`VendorId`, `CompanyName`, `TenderId`, `DocStatus`) VALUES (NULL, \'Debug Group Of Companies\', NULL, \'No\')')
 4 SYSTEMPATH\Database\BaseBuilder.php(2309): CodeIgniter\Database\BaseConnection->query('INSERT INTO `panalysismarks` (`VendorId`, `CompanyName`, `TenderId`, `DocStatus`) VALUES (:VendorId:, :CompanyName:, :TenderId:, :DocStatus:)', [...], false)
 5 SYSTEMPATH\Model.php(330): CodeIgniter\Database\BaseBuilder->insert()
 6 SYSTEMPATH\BaseModel.php(782): CodeIgniter\Model->doInsert([...])
 7 SYSTEMPATH\Model.php(730): CodeIgniter\BaseModel->insert([...], false)
 8 SYSTEMPATH\BaseModel.php(692): CodeIgniter\Model->insert([...], false)
 9 APPPATH\Controllers\BidEvaluation.php(289): CodeIgniter\BaseModel->save([...])
10 SYSTEMPATH\CodeIgniter.php(932): App\Controllers\BidEvaluation->SavePAnalysisMarks()
11 SYSTEMPATH\CodeIgniter.php(497): CodeIgniter\CodeIgniter->runController(Object(App\Controllers\BidEvaluation))
12 SYSTEMPATH\CodeIgniter.php(366): CodeIgniter\CodeIgniter->handleRequest(null, Object(Config\Cache), false)
13 FCPATH\index.php(67): CodeIgniter\CodeIgniter->run()
ERROR - 2024-02-24 23:47:24 --> mysqli_sql_exception: Column 'VendorId' cannot be null in C:\xampp\htdocs\IPMS\system\Database\MySQLi\Connection.php:295
Stack trace:
#0 C:\xampp\htdocs\IPMS\system\Database\MySQLi\Connection.php(295): mysqli->query('INSERT INTO `pa...', 0)
#1 C:\xampp\htdocs\IPMS\system\Database\BaseConnection.php(692): CodeIgniter\Database\MySQLi\Connection->execute('INSERT INTO `pa...')
#2 C:\xampp\htdocs\IPMS\system\Database\BaseConnection.php(606): CodeIgniter\Database\BaseConnection->simpleQuery('INSERT INTO `pa...')
#3 C:\xampp\htdocs\IPMS\system\Database\BaseBuilder.php(2309): CodeIgniter\Database\BaseConnection->query('INSERT INTO `pa...', Array, false)
#4 C:\xampp\htdocs\IPMS\system\Model.php(330): CodeIgniter\Database\BaseBuilder->insert()
#5 C:\xampp\htdocs\IPMS\system\BaseModel.php(782): CodeIgniter\Model->doInsert(Array)
#6 C:\xampp\htdocs\IPMS\system\Model.php(730): CodeIgniter\BaseModel->insert(Array, false)
#7 C:\xampp\htdocs\IPMS\system\BaseModel.php(692): CodeIgniter\Model->insert(Array, false)
#8 C:\xampp\htdocs\IPMS\app\Controllers\BidEvaluation.php(381): CodeIgniter\BaseModel->save(Array)
#9 C:\xampp\htdocs\IPMS\system\CodeIgniter.php(932): App\Controllers\BidEvaluation->TECEvaluation()
#10 C:\xampp\htdocs\IPMS\system\CodeIgniter.php(497): CodeIgniter\CodeIgniter->runController(Object(App\Controllers\BidEvaluation))
#11 C:\xampp\htdocs\IPMS\system\CodeIgniter.php(366): CodeIgniter\CodeIgniter->handleRequest(NULL, Object(Config\Cache), false)
#12 C:\xampp\htdocs\IPMS\index.php(67): CodeIgniter\CodeIgniter->run()
#13 {main}
CRITICAL - 2024-02-24 23:47:24 --> Column 'VendorId' cannot be null
in SYSTEMPATH\Database\MySQLi\Connection.php on line 295.
 1 SYSTEMPATH\Database\MySQLi\Connection.php(295): mysqli->query('INSERT INTO `panalysismarks` (`VendorId`, `CompanyName`, `TenderId`, `DocStatus`) VALUES (NULL, \'Debug Group Of Companies\', NULL, \'...\')', 0)
 2 SYSTEMPATH\Database\BaseConnection.php(692): CodeIgniter\Database\MySQLi\Connection->execute('INSERT INTO `panalysismarks` (`VendorId`, `CompanyName`, `TenderId`, `DocStatus`) VALUES (NULL, \'Debug Group Of Companies\', NULL, \'...\')')
 3 SYSTEMPATH\Database\BaseConnection.php(606): CodeIgniter\Database\BaseConnection->simpleQuery('INSERT INTO `panalysismarks` (`VendorId`, `CompanyName`, `TenderId`, `DocStatus`) VALUES (NULL, \'Debug Group Of Companies\', NULL, \'...\')')
 4 SYSTEMPATH\Database\BaseBuilder.php(2309): CodeIgniter\Database\BaseConnection->query('INSERT INTO `panalysismarks` (`VendorId`, `CompanyName`, `TenderId`, `DocStatus`) VALUES (:VendorId:, :CompanyName:, :TenderId:, :DocStatus:)', [...], false)
 5 SYSTEMPATH\Model.php(330): CodeIgniter\Database\BaseBuilder->insert()
 6 SYSTEMPATH\BaseModel.php(782): CodeIgniter\Model->doInsert([...])
 7 SYSTEMPATH\Model.php(730): CodeIgniter\BaseModel->insert([...], false)
 8 SYSTEMPATH\BaseModel.php(692): CodeIgniter\Model->insert([...], false)
 9 APPPATH\Controllers\BidEvaluation.php(381): CodeIgniter\BaseModel->save([...])
10 SYSTEMPATH\CodeIgniter.php(932): App\Controllers\BidEvaluation->TECEvaluation()
11 SYSTEMPATH\CodeIgniter.php(497): CodeIgniter\CodeIgniter->runController(Object(App\Controllers\BidEvaluation))
12 SYSTEMPATH\CodeIgniter.php(366): CodeIgniter\CodeIgniter->handleRequest(null, Object(Config\Cache), false)
13 FCPATH\index.php(67): CodeIgniter\CodeIgniter->run()
ERROR - 2024-02-24 23:49:04 --> mysqli_sql_exception: Column 'VendorId' cannot be null in C:\xampp\htdocs\IPMS\system\Database\MySQLi\Connection.php:295
Stack trace:
#0 C:\xampp\htdocs\IPMS\system\Database\MySQLi\Connection.php(295): mysqli->query('INSERT INTO `pa...', 0)
#1 C:\xampp\htdocs\IPMS\system\Database\BaseConnection.php(692): CodeIgniter\Database\MySQLi\Connection->execute('INSERT INTO `pa...')
#2 C:\xampp\htdocs\IPMS\system\Database\BaseConnection.php(606): CodeIgniter\Database\BaseConnection->simpleQuery('INSERT INTO `pa...')
#3 C:\xampp\htdocs\IPMS\system\Database\BaseBuilder.php(2309): CodeIgniter\Database\BaseConnection->query('INSERT INTO `pa...', Array, false)
#4 C:\xampp\htdocs\IPMS\system\Model.php(330): CodeIgniter\Database\BaseBuilder->insert()
#5 C:\xampp\htdocs\IPMS\system\BaseModel.php(782): CodeIgniter\Model->doInsert(Array)
#6 C:\xampp\htdocs\IPMS\system\Model.php(730): CodeIgniter\BaseModel->insert(Array, false)
#7 C:\xampp\htdocs\IPMS\system\BaseModel.php(692): CodeIgniter\Model->insert(Array, false)
#8 C:\xampp\htdocs\IPMS\app\Controllers\BidEvaluation.php(382): CodeIgniter\BaseModel->save(Array)
#9 C:\xampp\htdocs\IPMS\system\CodeIgniter.php(932): App\Controllers\BidEvaluation->TECEvaluation()
#10 C:\xampp\htdocs\IPMS\system\CodeIgniter.php(497): CodeIgniter\CodeIgniter->runController(Object(App\Controllers\BidEvaluation))
#11 C:\xampp\htdocs\IPMS\system\CodeIgniter.php(366): CodeIgniter\CodeIgniter->handleRequest(NULL, Object(Config\Cache), false)
#12 C:\xampp\htdocs\IPMS\index.php(67): CodeIgniter\CodeIgniter->run()
#13 {main}
CRITICAL - 2024-02-24 23:49:04 --> Column 'VendorId' cannot be null
in SYSTEMPATH\Database\MySQLi\Connection.php on line 295.
 1 SYSTEMPATH\Database\MySQLi\Connection.php(295): mysqli->query('INSERT INTO `panalysismarks` (`VendorId`, `CompanyName`, `TenderId`, `DocStatus`) VALUES (NULL, \'Debug Group Of Companies\', NULL, \'...\')', 0)
 2 SYSTEMPATH\Database\BaseConnection.php(692): CodeIgniter\Database\MySQLi\Connection->execute('INSERT INTO `panalysismarks` (`VendorId`, `CompanyName`, `TenderId`, `DocStatus`) VALUES (NULL, \'Debug Group Of Companies\', NULL, \'...\')')
 3 SYSTEMPATH\Database\BaseConnection.php(606): CodeIgniter\Database\BaseConnection->simpleQuery('INSERT INTO `panalysismarks` (`VendorId`, `CompanyName`, `TenderId`, `DocStatus`) VALUES (NULL, \'Debug Group Of Companies\', NULL, \'...\')')
 4 SYSTEMPATH\Database\BaseBuilder.php(2309): CodeIgniter\Database\BaseConnection->query('INSERT INTO `panalysismarks` (`VendorId`, `CompanyName`, `TenderId`, `DocStatus`) VALUES (:VendorId:, :CompanyName:, :TenderId:, :DocStatus:)', [...], false)
 5 SYSTEMPATH\Model.php(330): CodeIgniter\Database\BaseBuilder->insert()
 6 SYSTEMPATH\BaseModel.php(782): CodeIgniter\Model->doInsert([...])
 7 SYSTEMPATH\Model.php(730): CodeIgniter\BaseModel->insert([...], false)
 8 SYSTEMPATH\BaseModel.php(692): CodeIgniter\Model->insert([...], false)
 9 APPPATH\Controllers\BidEvaluation.php(382): CodeIgniter\BaseModel->save([...])
10 SYSTEMPATH\CodeIgniter.php(932): App\Controllers\BidEvaluation->TECEvaluation()
11 SYSTEMPATH\CodeIgniter.php(497): CodeIgniter\CodeIgniter->runController(Object(App\Controllers\BidEvaluation))
12 SYSTEMPATH\CodeIgniter.php(366): CodeIgniter\CodeIgniter->handleRequest(null, Object(Config\Cache), false)
13 FCPATH\index.php(67): CodeIgniter\CodeIgniter->run()
ERROR - 2024-02-24 23:49:36 --> mysqli_sql_exception: Column 'TenderId' cannot be null in C:\xampp\htdocs\IPMS\system\Database\MySQLi\Connection.php:295
Stack trace:
#0 C:\xampp\htdocs\IPMS\system\Database\MySQLi\Connection.php(295): mysqli->query('INSERT INTO `pa...', 0)
#1 C:\xampp\htdocs\IPMS\system\Database\BaseConnection.php(692): CodeIgniter\Database\MySQLi\Connection->execute('INSERT INTO `pa...')
#2 C:\xampp\htdocs\IPMS\system\Database\BaseConnection.php(606): CodeIgniter\Database\BaseConnection->simpleQuery('INSERT INTO `pa...')
#3 C:\xampp\htdocs\IPMS\system\Database\BaseBuilder.php(2309): CodeIgniter\Database\BaseConnection->query('INSERT INTO `pa...', Array, false)
#4 C:\xampp\htdocs\IPMS\system\Model.php(330): CodeIgniter\Database\BaseBuilder->insert()
#5 C:\xampp\htdocs\IPMS\system\BaseModel.php(782): CodeIgniter\Model->doInsert(Array)
#6 C:\xampp\htdocs\IPMS\system\Model.php(730): CodeIgniter\BaseModel->insert(Array, false)
#7 C:\xampp\htdocs\IPMS\system\BaseModel.php(692): CodeIgniter\Model->insert(Array, false)
#8 C:\xampp\htdocs\IPMS\app\Controllers\BidEvaluation.php(382): CodeIgniter\BaseModel->save(Array)
#9 C:\xampp\htdocs\IPMS\system\CodeIgniter.php(932): App\Controllers\BidEvaluation->TECEvaluation()
#10 C:\xampp\htdocs\IPMS\system\CodeIgniter.php(497): CodeIgniter\CodeIgniter->runController(Object(App\Controllers\BidEvaluation))
#11 C:\xampp\htdocs\IPMS\system\CodeIgniter.php(366): CodeIgniter\CodeIgniter->handleRequest(NULL, Object(Config\Cache), false)
#12 C:\xampp\htdocs\IPMS\index.php(67): CodeIgniter\CodeIgniter->run()
#13 {main}
CRITICAL - 2024-02-24 23:49:36 --> Column 'TenderId' cannot be null
in SYSTEMPATH\Database\MySQLi\Connection.php on line 295.
 1 SYSTEMPATH\Database\MySQLi\Connection.php(295): mysqli->query('INSERT INTO `panalysismarks` (`CompanyName`, `TenderId`, `DocStatus`) VALUES (\'Debug Group Of Companies\', NULL, \'...\')', 0)
 2 SYSTEMPATH\Database\BaseConnection.php(692): CodeIgniter\Database\MySQLi\Connection->execute('INSERT INTO `panalysismarks` (`CompanyName`, `TenderId`, `DocStatus`) VALUES (\'Debug Group Of Companies\', NULL, \'...\')')
 3 SYSTEMPATH\Database\BaseConnection.php(606): CodeIgniter\Database\BaseConnection->simpleQuery('INSERT INTO `panalysismarks` (`CompanyName`, `TenderId`, `DocStatus`) VALUES (\'Debug Group Of Companies\', NULL, \'...\')')
 4 SYSTEMPATH\Database\BaseBuilder.php(2309): CodeIgniter\Database\BaseConnection->query('INSERT INTO `panalysismarks` (`CompanyName`, `TenderId`, `DocStatus`) VALUES (:CompanyName:, :TenderId:, :DocStatus:)', [...], false)
 5 SYSTEMPATH\Model.php(330): CodeIgniter\Database\BaseBuilder->insert()
 6 SYSTEMPATH\BaseModel.php(782): CodeIgniter\Model->doInsert([...])
 7 SYSTEMPATH\Model.php(730): CodeIgniter\BaseModel->insert([...], false)
 8 SYSTEMPATH\BaseModel.php(692): CodeIgniter\Model->insert([...], false)
 9 APPPATH\Controllers\BidEvaluation.php(382): CodeIgniter\BaseModel->save([...])
10 SYSTEMPATH\CodeIgniter.php(932): App\Controllers\BidEvaluation->TECEvaluation()
11 SYSTEMPATH\CodeIgniter.php(497): CodeIgniter\CodeIgniter->runController(Object(App\Controllers\BidEvaluation))
12 SYSTEMPATH\CodeIgniter.php(366): CodeIgniter\CodeIgniter->handleRequest(null, Object(Config\Cache), false)
13 FCPATH\index.php(67): CodeIgniter\CodeIgniter->run()
