CRITICAL - 2024-03-20 00:11:10 --> Invalid file: "sys/menu_.php"
in SYSTEMPATH\Exceptions\FrameworkException.php on line 33.
 1 SYSTEMPATH\View\View.php(212): CodeIgniter\Exceptions\FrameworkException::forInvalidFile('sys/menu_.php')
 2 SYSTEMPATH\Common.php(1176): CodeIgniter\View\View->render('sys/menu_', [], true)
 3 APPPATH\Controllers\Employee.php(105): view('sys/menu_')
 4 SYSTEMPATH\CodeIgniter.php(932): App\Controllers\Employee->add()
 5 SYSTEMPATH\CodeIgniter.php(497): CodeIgniter\CodeIgniter->runController(Object(App\Controllers\Employee))
 6 SYSTEMPATH\CodeIgniter.php(366): CodeIgniter\CodeIgniter->handleRequest(null, Object(Config\Cache), false)
 7 FCPATH\index.php(67): CodeIgniter\CodeIgniter->run()
CRITICAL - 2024-03-20 00:31:55 --> Invalid file: "employee/add.php"
in SYSTEMPATH\Exceptions\FrameworkException.php on line 33.
 1 SYSTEMPATH\View\View.php(212): CodeIgniter\Exceptions\FrameworkException::forInvalidFile('employee/add.php')
 2 SYSTEMPATH\Common.php(1176): CodeIgniter\View\View->render('employee/add', [], true)
 3 APPPATH\Controllers\Employee.php(68): view('employee/add', [...])
 4 SYSTEMPATH\CodeIgniter.php(932): App\Controllers\Employee->add()
 5 SYSTEMPATH\CodeIgniter.php(497): CodeIgniter\CodeIgniter->runController(Object(App\Controllers\Employee))
 6 SYSTEMPATH\CodeIgniter.php(366): CodeIgniter\CodeIgniter->handleRequest(null, Object(Config\Cache), false)
 7 FCPATH\index.php(67): CodeIgniter\CodeIgniter->run()
CRITICAL - 2024-03-20 00:32:11 --> Invalid file: "employee/add.php"
in SYSTEMPATH\Exceptions\FrameworkException.php on line 33.
 1 SYSTEMPATH\View\View.php(212): CodeIgniter\Exceptions\FrameworkException::forInvalidFile('employee/add.php')
 2 SYSTEMPATH\Common.php(1176): CodeIgniter\View\View->render('employee/add', [], true)
 3 APPPATH\Controllers\Employee.php(68): view('employee/add', [...])
 4 SYSTEMPATH\CodeIgniter.php(932): App\Controllers\Employee->add()
 5 SYSTEMPATH\CodeIgniter.php(497): CodeIgniter\CodeIgniter->runController(Object(App\Controllers\Employee))
 6 SYSTEMPATH\CodeIgniter.php(366): CodeIgniter\CodeIgniter->handleRequest(null, Object(Config\Cache), false)
 7 FCPATH\index.php(67): CodeIgniter\CodeIgniter->run()
CRITICAL - 2024-03-20 00:32:43 --> Invalid file: "employee/add.php"
in SYSTEMPATH\Exceptions\FrameworkException.php on line 33.
 1 SYSTEMPATH\View\View.php(212): CodeIgniter\Exceptions\FrameworkException::forInvalidFile('employee/add.php')
 2 SYSTEMPATH\Common.php(1176): CodeIgniter\View\View->render('employee/add', [], true)
 3 APPPATH\Controllers\Employee.php(68): view('employee/add', [...])
 4 SYSTEMPATH\CodeIgniter.php(932): App\Controllers\Employee->add()
 5 SYSTEMPATH\CodeIgniter.php(497): CodeIgniter\CodeIgniter->runController(Object(App\Controllers\Employee))
 6 SYSTEMPATH\CodeIgniter.php(366): CodeIgniter\CodeIgniter->handleRequest(null, Object(Config\Cache), false)
 7 FCPATH\index.php(67): CodeIgniter\CodeIgniter->run()
CRITICAL - 2024-03-20 00:34:03 --> Invalid file: "sys/menu_.php"
in SYSTEMPATH\Exceptions\FrameworkException.php on line 33.
 1 SYSTEMPATH\View\View.php(212): CodeIgniter\Exceptions\FrameworkException::forInvalidFile('sys/menu_.php')
 2 SYSTEMPATH\Common.php(1176): CodeIgniter\View\View->render('sys/menu_', [], true)
 3 APPPATH\Controllers\Employee.php(139): view('sys/menu_')
 4 SYSTEMPATH\CodeIgniter.php(932): App\Controllers\Employee->view()
 5 SYSTEMPATH\CodeIgniter.php(497): CodeIgniter\CodeIgniter->runController(Object(App\Controllers\Employee))
 6 SYSTEMPATH\CodeIgniter.php(366): CodeIgniter\CodeIgniter->handleRequest(null, Object(Config\Cache), false)
 7 FCPATH\index.php(67): CodeIgniter\CodeIgniter->run()
CRITICAL - 2024-03-20 00:34:09 --> Invalid file: "sys/menu_.php"
in SYSTEMPATH\Exceptions\FrameworkException.php on line 33.
 1 SYSTEMPATH\View\View.php(212): CodeIgniter\Exceptions\FrameworkException::forInvalidFile('sys/menu_.php')
 2 SYSTEMPATH\Common.php(1176): CodeIgniter\View\View->render('sys/menu_', [], true)
 3 APPPATH\Controllers\Employee.php(105): view('sys/menu_')
 4 SYSTEMPATH\CodeIgniter.php(932): App\Controllers\Employee->add()
 5 SYSTEMPATH\CodeIgniter.php(497): CodeIgniter\CodeIgniter->runController(Object(App\Controllers\Employee))
 6 SYSTEMPATH\CodeIgniter.php(366): CodeIgniter\CodeIgniter->handleRequest(null, Object(Config\Cache), false)
 7 FCPATH\index.php(67): CodeIgniter\CodeIgniter->run()
CRITICAL - 2024-03-20 00:34:11 --> Invalid file: "sys/menu_.php"
in SYSTEMPATH\Exceptions\FrameworkException.php on line 33.
 1 SYSTEMPATH\View\View.php(212): CodeIgniter\Exceptions\FrameworkException::forInvalidFile('sys/menu_.php')
 2 SYSTEMPATH\Common.php(1176): CodeIgniter\View\View->render('sys/menu_', [], true)
 3 APPPATH\Controllers\Sys.php(71): view('sys/menu_')
 4 SYSTEMPATH\CodeIgniter.php(932): App\Controllers\Sys->dashboard()
 5 SYSTEMPATH\CodeIgniter.php(497): CodeIgniter\CodeIgniter->runController(Object(App\Controllers\Sys))
 6 SYSTEMPATH\CodeIgniter.php(366): CodeIgniter\CodeIgniter->handleRequest(null, Object(Config\Cache), false)
 7 FCPATH\index.php(67): CodeIgniter\CodeIgniter->run()
CRITICAL - 2024-03-20 00:34:31 --> Trying to access array offset on value of type null
in APPPATH\Views\sys\employee\edit.php on line 23.
 1 APPPATH\Views\sys\employee\edit.php(23): CodeIgniter\Debug\Exceptions->errorHandler(2, 'Trying to access array offset on value of type null', 'C:\\xampp\\htdocs\\IPMS\\app\\Views\\sys\\employee\\edit.php', 23)
 2 SYSTEMPATH\View\View.php(224): include('C:\\xampp\\htdocs\\IPMS\\app\\Views\\sys\\employee\\edit.php')
 3 SYSTEMPATH\View\View.php(227): CodeIgniter\View\View->CodeIgniter\View\{closure}()
 4 SYSTEMPATH\Common.php(1176): CodeIgniter\View\View->render('sys/employee/edit', [], true)
 5 APPPATH\Controllers\Employee.php(200): view('sys/employee/edit', [...])
 6 SYSTEMPATH\CodeIgniter.php(932): App\Controllers\Employee->edit('assets', 'img', 'messages-1.jpg')
 7 SYSTEMPATH\CodeIgniter.php(497): CodeIgniter\CodeIgniter->runController(Object(App\Controllers\Employee))
 8 SYSTEMPATH\CodeIgniter.php(366): CodeIgniter\CodeIgniter->handleRequest(null, Object(Config\Cache), false)
 9 FCPATH\index.php(67): CodeIgniter\CodeIgniter->run()
CRITICAL - 2024-03-20 02:23:47 --> Trying to access array offset on value of type null
in APPPATH\Views\sys\employee\edit.php on line 24.
 1 APPPATH\Views\sys\employee\edit.php(24): CodeIgniter\Debug\Exceptions->errorHandler(2, 'Trying to access array offset on value of type null', 'C:\\xampp\\htdocs\\IPMS\\app\\Views\\sys\\employee\\edit.php', 24)
 2 SYSTEMPATH\View\View.php(224): include('C:\\xampp\\htdocs\\IPMS\\app\\Views\\sys\\employee\\edit.php')
 3 SYSTEMPATH\View\View.php(227): CodeIgniter\View\View->CodeIgniter\View\{closure}()
 4 SYSTEMPATH\Common.php(1176): CodeIgniter\View\View->render('sys/employee/edit', [], true)
 5 APPPATH\Controllers\Employee.php(200): view('sys/employee/edit', [...])
 6 SYSTEMPATH\CodeIgniter.php(932): App\Controllers\Employee->edit('assets', 'img', 'messages-1.jpg')
 7 SYSTEMPATH\CodeIgniter.php(497): CodeIgniter\CodeIgniter->runController(Object(App\Controllers\Employee))
 8 SYSTEMPATH\CodeIgniter.php(366): CodeIgniter\CodeIgniter->handleRequest(null, Object(Config\Cache), false)
 9 FCPATH\index.php(67): CodeIgniter\CodeIgniter->run()
CRITICAL - 2024-03-20 02:24:45 --> Trying to access array offset on value of type null
in APPPATH\Views\sys\employee\edit.php on line 24.
 1 APPPATH\Views\sys\employee\edit.php(24): CodeIgniter\Debug\Exceptions->errorHandler(2, 'Trying to access array offset on value of type null', 'C:\\xampp\\htdocs\\IPMS\\app\\Views\\sys\\employee\\edit.php', 24)
 2 SYSTEMPATH\View\View.php(224): include('C:\\xampp\\htdocs\\IPMS\\app\\Views\\sys\\employee\\edit.php')
 3 SYSTEMPATH\View\View.php(227): CodeIgniter\View\View->CodeIgniter\View\{closure}()
 4 SYSTEMPATH\Common.php(1176): CodeIgniter\View\View->render('sys/employee/edit', [], true)
 5 APPPATH\Controllers\Employee.php(200): view('sys/employee/edit', [...])
 6 SYSTEMPATH\CodeIgniter.php(932): App\Controllers\Employee->edit('assets', 'img', 'messages-1.jpg')
 7 SYSTEMPATH\CodeIgniter.php(497): CodeIgniter\CodeIgniter->runController(Object(App\Controllers\Employee))
 8 SYSTEMPATH\CodeIgniter.php(366): CodeIgniter\CodeIgniter->handleRequest(null, Object(Config\Cache), false)
 9 FCPATH\index.php(67): CodeIgniter\CodeIgniter->run()
CRITICAL - 2024-03-20 02:25:08 --> Trying to access array offset on value of type null
in APPPATH\Views\sys\employee\edit.php on line 24.
 1 APPPATH\Views\sys\employee\edit.php(24): CodeIgniter\Debug\Exceptions->errorHandler(2, 'Trying to access array offset on value of type null', 'C:\\xampp\\htdocs\\IPMS\\app\\Views\\sys\\employee\\edit.php', 24)
 2 SYSTEMPATH\View\View.php(224): include('C:\\xampp\\htdocs\\IPMS\\app\\Views\\sys\\employee\\edit.php')
 3 SYSTEMPATH\View\View.php(227): CodeIgniter\View\View->CodeIgniter\View\{closure}()
 4 SYSTEMPATH\Common.php(1176): CodeIgniter\View\View->render('sys/employee/edit', [], true)
 5 APPPATH\Controllers\Employee.php(200): view('sys/employee/edit', [...])
 6 SYSTEMPATH\CodeIgniter.php(932): App\Controllers\Employee->edit('assets', 'img', 'messages-1.jpg')
 7 SYSTEMPATH\CodeIgniter.php(497): CodeIgniter\CodeIgniter->runController(Object(App\Controllers\Employee))
 8 SYSTEMPATH\CodeIgniter.php(366): CodeIgniter\CodeIgniter->handleRequest(null, Object(Config\Cache), false)
 9 FCPATH\index.php(67): CodeIgniter\CodeIgniter->run()
CRITICAL - 2024-03-20 02:25:36 --> Trying to access array offset on value of type null
in APPPATH\Views\sys\employee\edit.php on line 24.
 1 APPPATH\Views\sys\employee\edit.php(24): CodeIgniter\Debug\Exceptions->errorHandler(2, 'Trying to access array offset on value of type null', 'C:\\xampp\\htdocs\\IPMS\\app\\Views\\sys\\employee\\edit.php', 24)
 2 SYSTEMPATH\View\View.php(224): include('C:\\xampp\\htdocs\\IPMS\\app\\Views\\sys\\employee\\edit.php')
 3 SYSTEMPATH\View\View.php(227): CodeIgniter\View\View->CodeIgniter\View\{closure}()
 4 SYSTEMPATH\Common.php(1176): CodeIgniter\View\View->render('sys/employee/edit', [], true)
 5 APPPATH\Controllers\Employee.php(200): view('sys/employee/edit', [...])
 6 SYSTEMPATH\CodeIgniter.php(932): App\Controllers\Employee->edit('assets', 'img', 'messages-1.jpg')
 7 SYSTEMPATH\CodeIgniter.php(497): CodeIgniter\CodeIgniter->runController(Object(App\Controllers\Employee))
 8 SYSTEMPATH\CodeIgniter.php(366): CodeIgniter\CodeIgniter->handleRequest(null, Object(Config\Cache), false)
 9 FCPATH\index.php(67): CodeIgniter\CodeIgniter->run()
CRITICAL - 2024-03-20 03:27:51 --> Undefined array key "Mdate"
in APPPATH\Views\sys\tender\TenderProgress.php on line 134.
 1 APPPATH\Views\sys\tender\TenderProgress.php(134): CodeIgniter\Debug\Exceptions->errorHandler(2, 'Undefined array key "Mdate"', 'C:\\xampp\\htdocs\\IPMS\\app\\Views\\sys\\tender\\TenderProgress.php', 134)
 2 SYSTEMPATH\View\View.php(224): include('C:\\xampp\\htdocs\\IPMS\\app\\Views\\sys\\tender\\TenderProgress.php')
 3 SYSTEMPATH\View\View.php(227): CodeIgniter\View\View->CodeIgniter\View\{closure}()
 4 SYSTEMPATH\Common.php(1176): CodeIgniter\View\View->render('sys/tender/TenderProgress', [], true)
 5 APPPATH\Controllers\Tender.php(916): view('sys/tender/TenderProgress', [...])
 6 SYSTEMPATH\CodeIgniter.php(932): App\Controllers\Tender->TenderProgress()
 7 SYSTEMPATH\CodeIgniter.php(497): CodeIgniter\CodeIgniter->runController(Object(App\Controllers\Tender))
 8 SYSTEMPATH\CodeIgniter.php(366): CodeIgniter\CodeIgniter->handleRequest(null, Object(Config\Cache), false)
 9 FCPATH\index.php(67): CodeIgniter\CodeIgniter->run()
CRITICAL - 2024-03-20 03:33:23 --> Undefined variable $result
in APPPATH\Views\sys\tender\viewtender.php on line 110.
 1 APPPATH\Views\sys\tender\viewtender.php(110): CodeIgniter\Debug\Exceptions->errorHandler(2, 'Undefined variable $result', 'C:\\xampp\\htdocs\\IPMS\\app\\Views\\sys\\tender\\viewtender.php', 110)
 2 SYSTEMPATH\View\View.php(224): include('C:\\xampp\\htdocs\\IPMS\\app\\Views\\sys\\tender\\viewtender.php')
 3 SYSTEMPATH\View\View.php(227): CodeIgniter\View\View->CodeIgniter\View\{closure}()
 4 SYSTEMPATH\Common.php(1176): CodeIgniter\View\View->render('sys/tender/viewtender', [], true)
 5 APPPATH\Controllers\Tender.php(311): view('sys/tender/viewtender', [...])
 6 SYSTEMPATH\CodeIgniter.php(932): App\Controllers\Tender->viewtender('assets', 'img', 'messages-1.jpg')
 7 SYSTEMPATH\CodeIgniter.php(497): CodeIgniter\CodeIgniter->runController(Object(App\Controllers\Tender))
 8 SYSTEMPATH\CodeIgniter.php(366): CodeIgniter\CodeIgniter->handleRequest(null, Object(Config\Cache), false)
 9 FCPATH\index.php(67): CodeIgniter\CodeIgniter->run()
ERROR - 2024-03-20 03:46:53 --> mysqli_sql_exception: Not unique table/alias: 'j' in C:\xampp\htdocs\IPMS\system\Database\MySQLi\Connection.php:295
Stack trace:
#0 C:\xampp\htdocs\IPMS\system\Database\MySQLi\Connection.php(295): mysqli->query('\n       \n      ...', 0)
#1 C:\xampp\htdocs\IPMS\system\Database\BaseConnection.php(692): CodeIgniter\Database\MySQLi\Connection->execute('\n       \n      ...')
#2 C:\xampp\htdocs\IPMS\system\Database\BaseConnection.php(606): CodeIgniter\Database\BaseConnection->simpleQuery('\n       \n      ...')
#3 C:\xampp\htdocs\IPMS\system\Model.php(832): CodeIgniter\Database\BaseConnection->query('\n       \n      ...')
#4 C:\xampp\htdocs\IPMS\app\Models\TenderModel.php(95): CodeIgniter\Model->__call('query', Array)
#5 C:\xampp\htdocs\IPMS\app\Controllers\Tender.php(908): App\Models\TenderModel->getTenderprogress()
#6 C:\xampp\htdocs\IPMS\system\CodeIgniter.php(932): App\Controllers\Tender->TenderProgress()
#7 C:\xampp\htdocs\IPMS\system\CodeIgniter.php(497): CodeIgniter\CodeIgniter->runController(Object(App\Controllers\Tender))
#8 C:\xampp\htdocs\IPMS\system\CodeIgniter.php(366): CodeIgniter\CodeIgniter->handleRequest(NULL, Object(Config\Cache), false)
#9 C:\xampp\htdocs\IPMS\index.php(67): CodeIgniter\CodeIgniter->run()
#10 {main}
CRITICAL - 2024-03-20 03:46:53 --> Not unique table/alias: 'j'
in SYSTEMPATH\Database\MySQLi\Connection.php on line 295.
 1 SYSTEMPATH\Database\MySQLi\Connection.php(295): mysqli->query('
       
        SELECT *,a.id AS \'AId\' 
        FROM `tender` t 
        INNER JOIN invitation i ON i.TId =t.Tenderid 
        INNER JOIN tender_request j ON j.TenderId =t.Tenderid 
        INNER JOIN itemrequest r ON r.RequestID =j.RequestId 
        INNER JOIN announcement a ON a.id=i.IFBId
        LEFT JOIN committee c ON c.PNumber =t.Tenderid
        LEFT JOIN costestimatemaster j ON j.TenderId = t.Tenderid', 0)
 2 SYSTEMPATH\Database\BaseConnection.php(692): CodeIgniter\Database\MySQLi\Connection->execute('
       
        SELECT *,a.id AS \'AId\' 
        FROM `tender` t 
        INNER JOIN invitation i ON i.TId =t.Tenderid 
        INNER JOIN tender_request j ON j.TenderId =t.Tenderid 
        INNER JOIN itemrequest r ON r.RequestID =j.RequestId 
        INNER JOIN announcement a ON a.id=i.IFBId
        LEFT JOIN committee c ON c.PNumber =t.Tenderid
        LEFT JOIN costestimatemaster j ON j.TenderId = t.Tenderid')
 3 SYSTEMPATH\Database\BaseConnection.php(606): CodeIgniter\Database\BaseConnection->simpleQuery('
       
        SELECT *,a.id AS \'AId\' 
        FROM `tender` t 
        INNER JOIN invitation i ON i.TId =t.Tenderid 
        INNER JOIN tender_request j ON j.TenderId =t.Tenderid 
        INNER JOIN itemrequest r ON r.RequestID =j.RequestId 
        INNER JOIN announcement a ON a.id=i.IFBId
        LEFT JOIN committee c ON c.PNumber =t.Tenderid
        LEFT JOIN costestimatemaster j ON j.TenderId = t.Tenderid')
 4 SYSTEMPATH\Model.php(832): CodeIgniter\Database\BaseConnection->query('
       
        SELECT *,a.id AS \'AId\' 
        FROM `tender` t 
        INNER JOIN invitation i ON i.TId =t.Tenderid 
        INNER JOIN tender_request j ON j.TenderId =t.Tenderid 
        INNER JOIN itemrequest r ON r.RequestID =j.RequestId 
        INNER JOIN announcement a ON a.id=i.IFBId
        LEFT JOIN committee c ON c.PNumber =t.Tenderid
        LEFT JOIN costestimatemaster j ON j.TenderId = t.Tenderid')
 5 APPPATH\Models\TenderModel.php(95): CodeIgniter\Model->__call('query', [...])
 6 APPPATH\Controllers\Tender.php(908): App\Models\TenderModel->getTenderprogress()
 7 SYSTEMPATH\CodeIgniter.php(932): App\Controllers\Tender->TenderProgress()
 8 SYSTEMPATH\CodeIgniter.php(497): CodeIgniter\CodeIgniter->runController(Object(App\Controllers\Tender))
 9 SYSTEMPATH\CodeIgniter.php(366): CodeIgniter\CodeIgniter->handleRequest(null, Object(Config\Cache), false)
10 FCPATH\index.php(67): CodeIgniter\CodeIgniter->run()
ERROR - 2024-03-20 03:47:20 --> mysqli_sql_exception: Unknown column 'k.TenderId' in 'on clause' in C:\xampp\htdocs\IPMS\system\Database\MySQLi\Connection.php:295
Stack trace:
#0 C:\xampp\htdocs\IPMS\system\Database\MySQLi\Connection.php(295): mysqli->query('\n       \n      ...', 0)
#1 C:\xampp\htdocs\IPMS\system\Database\BaseConnection.php(692): CodeIgniter\Database\MySQLi\Connection->execute('\n       \n      ...')
#2 C:\xampp\htdocs\IPMS\system\Database\BaseConnection.php(606): CodeIgniter\Database\BaseConnection->simpleQuery('\n       \n      ...')
#3 C:\xampp\htdocs\IPMS\system\Model.php(832): CodeIgniter\Database\BaseConnection->query('\n       \n      ...')
#4 C:\xampp\htdocs\IPMS\app\Models\TenderModel.php(95): CodeIgniter\Model->__call('query', Array)
#5 C:\xampp\htdocs\IPMS\app\Controllers\Tender.php(908): App\Models\TenderModel->getTenderprogress()
#6 C:\xampp\htdocs\IPMS\system\CodeIgniter.php(932): App\Controllers\Tender->TenderProgress()
#7 C:\xampp\htdocs\IPMS\system\CodeIgniter.php(497): CodeIgniter\CodeIgniter->runController(Object(App\Controllers\Tender))
#8 C:\xampp\htdocs\IPMS\system\CodeIgniter.php(366): CodeIgniter\CodeIgniter->handleRequest(NULL, Object(Config\Cache), false)
#9 C:\xampp\htdocs\IPMS\index.php(67): CodeIgniter\CodeIgniter->run()
#10 {main}
CRITICAL - 2024-03-20 03:47:20 --> Unknown column 'k.TenderId' in 'on clause'
in SYSTEMPATH\Database\MySQLi\Connection.php on line 295.
 1 SYSTEMPATH\Database\MySQLi\Connection.php(295): mysqli->query('
       
        SELECT *,a.id AS \'AId\' 
        FROM `tender` t 
        INNER JOIN invitation i ON i.TId =t.Tenderid 
        INNER JOIN tender_request j ON j.TenderId =t.Tenderid 
        INNER JOIN itemrequest r ON r.RequestID =j.RequestId 
        INNER JOIN announcement a ON a.id=i.IFBId
        LEFT JOIN committee c ON c.PNumber =t.Tenderid
        LEFT JOIN costestimatemaster k ON k.TenderId = t.Tenderid', 0)
 2 SYSTEMPATH\Database\BaseConnection.php(692): CodeIgniter\Database\MySQLi\Connection->execute('
       
        SELECT *,a.id AS \'AId\' 
        FROM `tender` t 
        INNER JOIN invitation i ON i.TId =t.Tenderid 
        INNER JOIN tender_request j ON j.TenderId =t.Tenderid 
        INNER JOIN itemrequest r ON r.RequestID =j.RequestId 
        INNER JOIN announcement a ON a.id=i.IFBId
        LEFT JOIN committee c ON c.PNumber =t.Tenderid
        LEFT JOIN costestimatemaster k ON k.TenderId = t.Tenderid')
 3 SYSTEMPATH\Database\BaseConnection.php(606): CodeIgniter\Database\BaseConnection->simpleQuery('
       
        SELECT *,a.id AS \'AId\' 
        FROM `tender` t 
        INNER JOIN invitation i ON i.TId =t.Tenderid 
        INNER JOIN tender_request j ON j.TenderId =t.Tenderid 
        INNER JOIN itemrequest r ON r.RequestID =j.RequestId 
        INNER JOIN announcement a ON a.id=i.IFBId
        LEFT JOIN committee c ON c.PNumber =t.Tenderid
        LEFT JOIN costestimatemaster k ON k.TenderId = t.Tenderid')
 4 SYSTEMPATH\Model.php(832): CodeIgniter\Database\BaseConnection->query('
       
        SELECT *,a.id AS \'AId\' 
        FROM `tender` t 
        INNER JOIN invitation i ON i.TId =t.Tenderid 
        INNER JOIN tender_request j ON j.TenderId =t.Tenderid 
        INNER JOIN itemrequest r ON r.RequestID =j.RequestId 
        INNER JOIN announcement a ON a.id=i.IFBId
        LEFT JOIN committee c ON c.PNumber =t.Tenderid
        LEFT JOIN costestimatemaster k ON k.TenderId = t.Tenderid')
 5 APPPATH\Models\TenderModel.php(95): CodeIgniter\Model->__call('query', [...])
 6 APPPATH\Controllers\Tender.php(908): App\Models\TenderModel->getTenderprogress()
 7 SYSTEMPATH\CodeIgniter.php(932): App\Controllers\Tender->TenderProgress()
 8 SYSTEMPATH\CodeIgniter.php(497): CodeIgniter\CodeIgniter->runController(Object(App\Controllers\Tender))
 9 SYSTEMPATH\CodeIgniter.php(366): CodeIgniter\CodeIgniter->handleRequest(null, Object(Config\Cache), false)
10 FCPATH\index.php(67): CodeIgniter\CodeIgniter->run()
CRITICAL - 2024-03-20 03:47:53 --> Undefined variable $ContractValue
in APPPATH\Views\sys\tender\TenderProgress.php on line 139.
 1 APPPATH\Views\sys\tender\TenderProgress.php(139): CodeIgniter\Debug\Exceptions->errorHandler(2, 'Undefined variable $ContractValue', 'C:\\xampp\\htdocs\\IPMS\\app\\Views\\sys\\tender\\TenderProgress.php', 139)
 2 SYSTEMPATH\View\View.php(224): include('C:\\xampp\\htdocs\\IPMS\\app\\Views\\sys\\tender\\TenderProgress.php')
 3 SYSTEMPATH\View\View.php(227): CodeIgniter\View\View->CodeIgniter\View\{closure}()
 4 SYSTEMPATH\Common.php(1176): CodeIgniter\View\View->render('sys/tender/TenderProgress', [], true)
 5 APPPATH\Controllers\Tender.php(916): view('sys/tender/TenderProgress', [...])
 6 SYSTEMPATH\CodeIgniter.php(932): App\Controllers\Tender->TenderProgress()
 7 SYSTEMPATH\CodeIgniter.php(497): CodeIgniter\CodeIgniter->runController(Object(App\Controllers\Tender))
 8 SYSTEMPATH\CodeIgniter.php(366): CodeIgniter\CodeIgniter->handleRequest(null, Object(Config\Cache), false)
 9 FCPATH\index.php(67): CodeIgniter\CodeIgniter->run()
ERROR - 2024-03-20 05:33:32 --> mysqli_sql_exception: You have an error in your SQL syntax; check the manual that corresponds to your MariaDB server version for the right syntax to use near '>'2024-03-20 05:33:32'' at line 1 in C:\xampp\htdocs\IPMS\system\Database\MySQLi\Connection.php:295
Stack trace:
#0 C:\xampp\htdocs\IPMS\system\Database\MySQLi\Connection.php(295): mysqli->query('\n        SELECT...', 0)
#1 C:\xampp\htdocs\IPMS\system\Database\BaseConnection.php(692): CodeIgniter\Database\MySQLi\Connection->execute('\n        SELECT...')
#2 C:\xampp\htdocs\IPMS\system\Database\BaseConnection.php(606): CodeIgniter\Database\BaseConnection->simpleQuery('\n        SELECT...')
#3 C:\xampp\htdocs\IPMS\system\Model.php(832): CodeIgniter\Database\BaseConnection->query('\n        SELECT...')
#4 C:\xampp\htdocs\IPMS\app\Models\AnnouncementModel.php(19): CodeIgniter\Model->__call('query', Array)
#5 C:\xampp\htdocs\IPMS\app\Controllers\Procurement.php(119): App\Models\AnnouncementModel->OpeningAnnounceDetails()
#6 C:\xampp\htdocs\IPMS\system\CodeIgniter.php(932): App\Controllers\Procurement->OpeningCreateMeeting()
#7 C:\xampp\htdocs\IPMS\system\CodeIgniter.php(497): CodeIgniter\CodeIgniter->runController(Object(App\Controllers\Procurement))
#8 C:\xampp\htdocs\IPMS\system\CodeIgniter.php(366): CodeIgniter\CodeIgniter->handleRequest(NULL, Object(Config\Cache), false)
#9 C:\xampp\htdocs\IPMS\index.php(67): CodeIgniter\CodeIgniter->run()
#10 {main}
CRITICAL - 2024-03-20 05:33:32 --> You have an error in your SQL syntax; check the manual that corresponds to your MariaDB server version for the right syntax to use near '>'2024-03-20 05:33:32'' at line 1
in SYSTEMPATH\Database\MySQLi\Connection.php on line 295.
 1 SYSTEMPATH\Database\MySQLi\Connection.php(295): mysqli->query('
        SELECT * FROM announcement a  where a.BOpen=>\'2024-03-20 05:33:32\'', 0)
 2 SYSTEMPATH\Database\BaseConnection.php(692): CodeIgniter\Database\MySQLi\Connection->execute('
        SELECT * FROM announcement a  where a.BOpen=>\'2024-03-20 05:33:32\'')
 3 SYSTEMPATH\Database\BaseConnection.php(606): CodeIgniter\Database\BaseConnection->simpleQuery('
        SELECT * FROM announcement a  where a.BOpen=>\'2024-03-20 05:33:32\'')
 4 SYSTEMPATH\Model.php(832): CodeIgniter\Database\BaseConnection->query('
        SELECT * FROM announcement a  where a.BOpen=>\'2024-03-20 05:33:32\'')
 5 APPPATH\Models\AnnouncementModel.php(19): CodeIgniter\Model->__call('query', [...])
 6 APPPATH\Controllers\Procurement.php(119): App\Models\AnnouncementModel->OpeningAnnounceDetails()
 7 SYSTEMPATH\CodeIgniter.php(932): App\Controllers\Procurement->OpeningCreateMeeting()
 8 SYSTEMPATH\CodeIgniter.php(497): CodeIgniter\CodeIgniter->runController(Object(App\Controllers\Procurement))
 9 SYSTEMPATH\CodeIgniter.php(366): CodeIgniter\CodeIgniter->handleRequest(null, Object(Config\Cache), false)
10 FCPATH\index.php(67): CodeIgniter\CodeIgniter->run()
CRITICAL - 2024-03-20 05:37:50 --> Undefined array key 0
in APPPATH\Views\sys\submitedBid\OpenedTender.php on line 28.
 1 APPPATH\Views\sys\submitedBid\OpenedTender.php(28): CodeIgniter\Debug\Exceptions->errorHandler(2, 'Undefined array key 0', 'C:\\xampp\\htdocs\\IPMS\\app\\Views\\sys\\submitedBid\\OpenedTender.php', 28)
 2 SYSTEMPATH\View\View.php(224): include('C:\\xampp\\htdocs\\IPMS\\app\\Views\\sys\\submitedBid\\OpenedTender.php')
 3 SYSTEMPATH\View\View.php(227): CodeIgniter\View\View->CodeIgniter\View\{closure}()
 4 SYSTEMPATH\Common.php(1176): CodeIgniter\View\View->render('sys/SubmitedBid/OpenedTender', [], true)
 5 APPPATH\Controllers\SubmitedBid.php(182): view('sys/SubmitedBid/OpenedTender', [...])
 6 SYSTEMPATH\CodeIgniter.php(932): App\Controllers\SubmitedBid->OpenedTender('1', '3', 'assets', 'img', 'messages-1.jpg')
 7 SYSTEMPATH\CodeIgniter.php(497): CodeIgniter\CodeIgniter->runController(Object(App\Controllers\SubmitedBid))
 8 SYSTEMPATH\CodeIgniter.php(366): CodeIgniter\CodeIgniter->handleRequest(null, Object(Config\Cache), false)
 9 FCPATH\index.php(67): CodeIgniter\CodeIgniter->run()
CRITICAL - 2024-03-20 05:49:49 --> Undefined array key "MNumber"
in APPPATH\Views\sys\BidEvaluation\TECMeetingPreliminary.php on line 48.
 1 APPPATH\Views\sys\BidEvaluation\TECMeetingPreliminary.php(48): CodeIgniter\Debug\Exceptions->errorHandler(2, 'Undefined array key "MNumber"', 'C:\\xampp\\htdocs\\IPMS\\app\\Views\\sys\\BidEvaluation\\TECMeetingPreliminary.php', 48)
 2 SYSTEMPATH\View\View.php(224): include('C:\\xampp\\htdocs\\IPMS\\app\\Views\\sys\\BidEvaluation\\TECMeetingPreliminary.php')
 3 SYSTEMPATH\View\View.php(227): CodeIgniter\View\View->CodeIgniter\View\{closure}()
 4 SYSTEMPATH\Common.php(1176): CodeIgniter\View\View->render('sys/BidEvaluation/TECMeetingPreliminary', [], true)
 5 APPPATH\Controllers\BidEvaluation.php(133): view('sys/BidEvaluation/TECMeetingPreliminary', [...])
 6 SYSTEMPATH\CodeIgniter.php(932): App\Controllers\BidEvaluation->TECMeetingPreliminary()
 7 SYSTEMPATH\CodeIgniter.php(497): CodeIgniter\CodeIgniter->runController(Object(App\Controllers\BidEvaluation))
 8 SYSTEMPATH\CodeIgniter.php(366): CodeIgniter\CodeIgniter->handleRequest(null, Object(Config\Cache), false)
 9 FCPATH\index.php(67): CodeIgniter\CodeIgniter->run()
CRITICAL - 2024-03-20 05:51:11 --> Undefined array key "Committeeid "
in APPPATH\Views\sys\BidEvaluation\TECMeetingPreliminary.php on line 48.
 1 APPPATH\Views\sys\BidEvaluation\TECMeetingPreliminary.php(48): CodeIgniter\Debug\Exceptions->errorHandler(2, 'Undefined array key "Committeeid "', 'C:\\xampp\\htdocs\\IPMS\\app\\Views\\sys\\BidEvaluation\\TECMeetingPreliminary.php', 48)
 2 SYSTEMPATH\View\View.php(224): include('C:\\xampp\\htdocs\\IPMS\\app\\Views\\sys\\BidEvaluation\\TECMeetingPreliminary.php')
 3 SYSTEMPATH\View\View.php(227): CodeIgniter\View\View->CodeIgniter\View\{closure}()
 4 SYSTEMPATH\Common.php(1176): CodeIgniter\View\View->render('sys/BidEvaluation/TECMeetingPreliminary', [], true)
 5 APPPATH\Controllers\BidEvaluation.php(133): view('sys/BidEvaluation/TECMeetingPreliminary', [...])
 6 SYSTEMPATH\CodeIgniter.php(932): App\Controllers\BidEvaluation->TECMeetingPreliminary()
 7 SYSTEMPATH\CodeIgniter.php(497): CodeIgniter\CodeIgniter->runController(Object(App\Controllers\BidEvaluation))
 8 SYSTEMPATH\CodeIgniter.php(366): CodeIgniter\CodeIgniter->handleRequest(null, Object(Config\Cache), false)
 9 FCPATH\index.php(67): CodeIgniter\CodeIgniter->run()
CRITICAL - 2024-03-20 05:52:11 --> Undefined array key "Committeeid "
in APPPATH\Views\sys\BidEvaluation\TECMeetingPreliminary.php on line 48.
 1 APPPATH\Views\sys\BidEvaluation\TECMeetingPreliminary.php(48): CodeIgniter\Debug\Exceptions->errorHandler(2, 'Undefined array key "Committeeid "', 'C:\\xampp\\htdocs\\IPMS\\app\\Views\\sys\\BidEvaluation\\TECMeetingPreliminary.php', 48)
 2 SYSTEMPATH\View\View.php(224): include('C:\\xampp\\htdocs\\IPMS\\app\\Views\\sys\\BidEvaluation\\TECMeetingPreliminary.php')
 3 SYSTEMPATH\View\View.php(227): CodeIgniter\View\View->CodeIgniter\View\{closure}()
 4 SYSTEMPATH\Common.php(1176): CodeIgniter\View\View->render('sys/BidEvaluation/TECMeetingPreliminary', [], true)
 5 APPPATH\Controllers\BidEvaluation.php(133): view('sys/BidEvaluation/TECMeetingPreliminary', [...])
 6 SYSTEMPATH\CodeIgniter.php(932): App\Controllers\BidEvaluation->TECMeetingPreliminary()
 7 SYSTEMPATH\CodeIgniter.php(497): CodeIgniter\CodeIgniter->runController(Object(App\Controllers\BidEvaluation))
 8 SYSTEMPATH\CodeIgniter.php(366): CodeIgniter\CodeIgniter->handleRequest(null, Object(Config\Cache), false)
 9 FCPATH\index.php(67): CodeIgniter\CodeIgniter->run()
CRITICAL - 2024-03-20 06:09:38 --> Undefined array key 0
in APPPATH\Views\sys\submitedBid\OpenedTender.php on line 28.
 1 APPPATH\Views\sys\submitedBid\OpenedTender.php(28): CodeIgniter\Debug\Exceptions->errorHandler(2, 'Undefined array key 0', 'C:\\xampp\\htdocs\\IPMS\\app\\Views\\sys\\submitedBid\\OpenedTender.php', 28)
 2 SYSTEMPATH\View\View.php(224): include('C:\\xampp\\htdocs\\IPMS\\app\\Views\\sys\\submitedBid\\OpenedTender.php')
 3 SYSTEMPATH\View\View.php(227): CodeIgniter\View\View->CodeIgniter\View\{closure}()
 4 SYSTEMPATH\Common.php(1176): CodeIgniter\View\View->render('sys/SubmitedBid/OpenedTender', [], true)
 5 APPPATH\Controllers\SubmitedBid.php(182): view('sys/SubmitedBid/OpenedTender', [...])
 6 SYSTEMPATH\CodeIgniter.php(932): App\Controllers\SubmitedBid->OpenedTender('1', '3', 'assets', 'img', 'messages-1.jpg')
 7 SYSTEMPATH\CodeIgniter.php(497): CodeIgniter\CodeIgniter->runController(Object(App\Controllers\SubmitedBid))
 8 SYSTEMPATH\CodeIgniter.php(366): CodeIgniter\CodeIgniter->handleRequest(null, Object(Config\Cache), false)
 9 FCPATH\index.php(67): CodeIgniter\CodeIgniter->run()
CRITICAL - 2024-03-20 06:58:05 --> Updates are not allowed unless they contain a "where" or "like" clause.
in SYSTEMPATH\Model.php on line 391.
 1 SYSTEMPATH\BaseModel.php(943): CodeIgniter\Model->doUpdate(null, [...])
 2 SYSTEMPATH\Model.php(756): CodeIgniter\BaseModel->update(null, [...])
 3 APPPATH\Controllers\BIDAnnounce.php(154): CodeIgniter\Model->update(null, [...])
 4 SYSTEMPATH\CodeIgniter.php(932): App\Controllers\BIDAnnounce->changeNCBstatus(null, '0')
 5 SYSTEMPATH\CodeIgniter.php(497): CodeIgniter\CodeIgniter->runController(Object(App\Controllers\BIDAnnounce))
 6 SYSTEMPATH\CodeIgniter.php(366): CodeIgniter\CodeIgniter->handleRequest(null, Object(Config\Cache), false)
 7 FCPATH\index.php(67): CodeIgniter\CodeIgniter->run()
CRITICAL - 2024-03-20 07:35:40 --> Undefined variable $results
in APPPATH\Views\sys\BidEvaluation\viewSpecdetails.php on line 72.
 1 APPPATH\Views\sys\BidEvaluation\viewSpecdetails.php(72): CodeIgniter\Debug\Exceptions->errorHandler(2, 'Undefined variable $results', 'C:\\xampp\\htdocs\\IPMS\\app\\Views\\sys\\BidEvaluation\\viewSpecdetails.php', 72)
 2 SYSTEMPATH\View\View.php(224): include('C:\\xampp\\htdocs\\IPMS\\app\\Views\\sys\\BidEvaluation\\viewSpecdetails.php')
 3 SYSTEMPATH\View\View.php(227): CodeIgniter\View\View->CodeIgniter\View\{closure}()
 4 SYSTEMPATH\Common.php(1176): CodeIgniter\View\View->render('sys/BidEvaluation/viewSpecdetails', [], true)
 5 APPPATH\Controllers\BidEvaluation.php(800): view('sys/BidEvaluation/viewSpecdetails', [...])
 6 SYSTEMPATH\CodeIgniter.php(932): App\Controllers\BidEvaluation->viewSpecdetails('1', 'assets', 'img', 'messages-1.jpg')
 7 SYSTEMPATH\CodeIgniter.php(497): CodeIgniter\CodeIgniter->runController(Object(App\Controllers\BidEvaluation))
 8 SYSTEMPATH\CodeIgniter.php(366): CodeIgniter\CodeIgniter->handleRequest(null, Object(Config\Cache), false)
 9 FCPATH\index.php(67): CodeIgniter\CodeIgniter->run()
CRITICAL - 2024-03-20 07:36:12 --> Undefined variable $results
in APPPATH\Views\sys\BidEvaluation\viewSpecdetails.php on line 72.
 1 APPPATH\Views\sys\BidEvaluation\viewSpecdetails.php(72): CodeIgniter\Debug\Exceptions->errorHandler(2, 'Undefined variable $results', 'C:\\xampp\\htdocs\\IPMS\\app\\Views\\sys\\BidEvaluation\\viewSpecdetails.php', 72)
 2 SYSTEMPATH\View\View.php(224): include('C:\\xampp\\htdocs\\IPMS\\app\\Views\\sys\\BidEvaluation\\viewSpecdetails.php')
 3 SYSTEMPATH\View\View.php(227): CodeIgniter\View\View->CodeIgniter\View\{closure}()
 4 SYSTEMPATH\Common.php(1176): CodeIgniter\View\View->render('sys/BidEvaluation/viewSpecdetails', [], true)
 5 APPPATH\Controllers\BidEvaluation.php(800): view('sys/BidEvaluation/viewSpecdetails', [...])
 6 SYSTEMPATH\CodeIgniter.php(932): App\Controllers\BidEvaluation->viewSpecdetails('2', 'assets', 'img', 'messages-1.jpg')
 7 SYSTEMPATH\CodeIgniter.php(497): CodeIgniter\CodeIgniter->runController(Object(App\Controllers\BidEvaluation))
 8 SYSTEMPATH\CodeIgniter.php(366): CodeIgniter\CodeIgniter->handleRequest(null, Object(Config\Cache), false)
 9 FCPATH\index.php(67): CodeIgniter\CodeIgniter->run()
CRITICAL - 2024-03-20 07:36:31 --> Undefined variable $results
in APPPATH\Views\sys\BidEvaluation\viewSpecdetails.php on line 72.
 1 APPPATH\Views\sys\BidEvaluation\viewSpecdetails.php(72): CodeIgniter\Debug\Exceptions->errorHandler(2, 'Undefined variable $results', 'C:\\xampp\\htdocs\\IPMS\\app\\Views\\sys\\BidEvaluation\\viewSpecdetails.php', 72)
 2 SYSTEMPATH\View\View.php(224): include('C:\\xampp\\htdocs\\IPMS\\app\\Views\\sys\\BidEvaluation\\viewSpecdetails.php')
 3 SYSTEMPATH\View\View.php(227): CodeIgniter\View\View->CodeIgniter\View\{closure}()
 4 SYSTEMPATH\Common.php(1176): CodeIgniter\View\View->render('sys/BidEvaluation/viewSpecdetails', [], true)
 5 APPPATH\Controllers\BidEvaluation.php(800): view('sys/BidEvaluation/viewSpecdetails', [...])
 6 SYSTEMPATH\CodeIgniter.php(932): App\Controllers\BidEvaluation->viewSpecdetails('2', 'assets', 'img', 'messages-1.jpg')
 7 SYSTEMPATH\CodeIgniter.php(497): CodeIgniter\CodeIgniter->runController(Object(App\Controllers\BidEvaluation))
 8 SYSTEMPATH\CodeIgniter.php(366): CodeIgniter\CodeIgniter->handleRequest(null, Object(Config\Cache), false)
 9 FCPATH\index.php(67): CodeIgniter\CodeIgniter->run()
CRITICAL - 2024-03-20 07:42:53 --> CodeIgniter\HTTP\RedirectResponse::to(): Argument #2 ($code) must be of type ?int, array given, called in C:\xampp\htdocs\IPMS\app\Controllers\BIDAnnounce.php on line 159
in SYSTEMPATH\HTTP\RedirectResponse.php on line 32.
 1 APPPATH\Controllers\BIDAnnounce.php(159): CodeIgniter\HTTP\RedirectResponse->to('SubmitedBid/OpenedBidreport', [...])
 2 SYSTEMPATH\CodeIgniter.php(932): App\Controllers\BIDAnnounce->changeNCBstatus('1', '0')
 3 SYSTEMPATH\CodeIgniter.php(497): CodeIgniter\CodeIgniter->runController(Object(App\Controllers\BIDAnnounce))
 4 SYSTEMPATH\CodeIgniter.php(366): CodeIgniter\CodeIgniter->handleRequest(null, Object(Config\Cache), false)
 5 FCPATH\index.php(67): CodeIgniter\CodeIgniter->run()
CRITICAL - 2024-03-20 14:18:19 --> Undefined variable $result
in APPPATH\Views\web\viewdetailedBid.php on line 230.
 1 APPPATH\Views\web\viewdetailedBid.php(230): CodeIgniter\Debug\Exceptions->errorHandler(2, 'Undefined variable $result', 'C:\\xampp\\htdocs\\IPMS\\app\\Views\\web\\viewdetailedBid.php', 230)
 2 SYSTEMPATH\View\View.php(224): include('C:\\xampp\\htdocs\\IPMS\\app\\Views\\web\\viewdetailedBid.php')
 3 SYSTEMPATH\View\View.php(227): CodeIgniter\View\View->CodeIgniter\View\{closure}()
 4 SYSTEMPATH\Common.php(1176): CodeIgniter\View\View->render('web/viewdetailedBid', [], true)
 5 APPPATH\Controllers\Web.php(183): view('web/viewdetailedBid', [...])
 6 SYSTEMPATH\CodeIgniter.php(932): App\Controllers\Web->viewdetailedBid('public', 'assets_web', 'vendor', 'purecounter', 'purecounter_vanilla.js')
 7 SYSTEMPATH\CodeIgniter.php(497): CodeIgniter\CodeIgniter->runController(Object(App\Controllers\Web))
 8 SYSTEMPATH\CodeIgniter.php(366): CodeIgniter\CodeIgniter->handleRequest(null, Object(Config\Cache), false)
 9 FCPATH\index.php(67): CodeIgniter\CodeIgniter->run()
CRITICAL - 2024-03-20 14:18:19 --> Undefined variable $result
in APPPATH\Views\web\viewdetailedBid.php on line 230.
 1 APPPATH\Views\web\viewdetailedBid.php(230): CodeIgniter\Debug\Exceptions->errorHandler(2, 'Undefined variable $result', 'C:\\xampp\\htdocs\\IPMS\\app\\Views\\web\\viewdetailedBid.php', 230)
 2 SYSTEMPATH\View\View.php(224): include('C:\\xampp\\htdocs\\IPMS\\app\\Views\\web\\viewdetailedBid.php')
 3 SYSTEMPATH\View\View.php(227): CodeIgniter\View\View->CodeIgniter\View\{closure}()
 4 SYSTEMPATH\Common.php(1176): CodeIgniter\View\View->render('web/viewdetailedBid', [], true)
 5 APPPATH\Controllers\Web.php(183): view('web/viewdetailedBid', [...])
 6 SYSTEMPATH\CodeIgniter.php(932): App\Controllers\Web->viewdetailedBid('public', 'assets_web', 'vendor', 'bootstrap', 'js', 'bootstrap.bundle.min.js')
 7 SYSTEMPATH\CodeIgniter.php(497): CodeIgniter\CodeIgniter->runController(Object(App\Controllers\Web))
 8 SYSTEMPATH\CodeIgniter.php(366): CodeIgniter\CodeIgniter->handleRequest(null, Object(Config\Cache), false)
 9 FCPATH\index.php(67): CodeIgniter\CodeIgniter->run()
CRITICAL - 2024-03-20 14:18:19 --> Undefined variable $result
in APPPATH\Views\web\viewdetailedBid.php on line 230.
 1 APPPATH\Views\web\viewdetailedBid.php(230): CodeIgniter\Debug\Exceptions->errorHandler(2, 'Undefined variable $result', 'C:\\xampp\\htdocs\\IPMS\\app\\Views\\web\\viewdetailedBid.php', 230)
 2 SYSTEMPATH\View\View.php(224): include('C:\\xampp\\htdocs\\IPMS\\app\\Views\\web\\viewdetailedBid.php')
 3 SYSTEMPATH\View\View.php(227): CodeIgniter\View\View->CodeIgniter\View\{closure}()
 4 SYSTEMPATH\Common.php(1176): CodeIgniter\View\View->render('web/viewdetailedBid', [], true)
 5 APPPATH\Controllers\Web.php(183): view('web/viewdetailedBid', [...])
 6 SYSTEMPATH\CodeIgniter.php(932): App\Controllers\Web->viewdetailedBid('public', 'assets_web', 'vendor', 'php-email-form', 'validate.js')
 7 SYSTEMPATH\CodeIgniter.php(497): CodeIgniter\CodeIgniter->runController(Object(App\Controllers\Web))
 8 SYSTEMPATH\CodeIgniter.php(366): CodeIgniter\CodeIgniter->handleRequest(null, Object(Config\Cache), false)
 9 FCPATH\index.php(67): CodeIgniter\CodeIgniter->run()
CRITICAL - 2024-03-20 14:18:19 --> Undefined variable $result
in APPPATH\Views\web\viewdetailedBid.php on line 230.
 1 APPPATH\Views\web\viewdetailedBid.php(230): CodeIgniter\Debug\Exceptions->errorHandler(2, 'Undefined variable $result', 'C:\\xampp\\htdocs\\IPMS\\app\\Views\\web\\viewdetailedBid.php', 230)
 2 SYSTEMPATH\View\View.php(224): include('C:\\xampp\\htdocs\\IPMS\\app\\Views\\web\\viewdetailedBid.php')
 3 SYSTEMPATH\View\View.php(227): CodeIgniter\View\View->CodeIgniter\View\{closure}()
 4 SYSTEMPATH\Common.php(1176): CodeIgniter\View\View->render('web/viewdetailedBid', [], true)
 5 APPPATH\Controllers\Web.php(183): view('web/viewdetailedBid', [...])
 6 SYSTEMPATH\CodeIgniter.php(932): App\Controllers\Web->viewdetailedBid('public', 'assets_web', 'vendor', 'swiper', 'swiper-bundle.min.js')
 7 SYSTEMPATH\CodeIgniter.php(497): CodeIgniter\CodeIgniter->runController(Object(App\Controllers\Web))
 8 SYSTEMPATH\CodeIgniter.php(366): CodeIgniter\CodeIgniter->handleRequest(null, Object(Config\Cache), false)
 9 FCPATH\index.php(67): CodeIgniter\CodeIgniter->run()
CRITICAL - 2024-03-20 14:18:19 --> Undefined variable $result
in APPPATH\Views\web\viewdetailedBid.php on line 230.
 1 APPPATH\Views\web\viewdetailedBid.php(230): CodeIgniter\Debug\Exceptions->errorHandler(2, 'Undefined variable $result', 'C:\\xampp\\htdocs\\IPMS\\app\\Views\\web\\viewdetailedBid.php', 230)
 2 SYSTEMPATH\View\View.php(224): include('C:\\xampp\\htdocs\\IPMS\\app\\Views\\web\\viewdetailedBid.php')
 3 SYSTEMPATH\View\View.php(227): CodeIgniter\View\View->CodeIgniter\View\{closure}()
 4 SYSTEMPATH\Common.php(1176): CodeIgniter\View\View->render('web/viewdetailedBid', [], true)
 5 APPPATH\Controllers\Web.php(183): view('web/viewdetailedBid', [...])
 6 SYSTEMPATH\CodeIgniter.php(932): App\Controllers\Web->viewdetailedBid('public', 'assets_web', 'vendor', 'isotope-layout', 'isotope.pkgd.min.js')
 7 SYSTEMPATH\CodeIgniter.php(497): CodeIgniter\CodeIgniter->runController(Object(App\Controllers\Web))
 8 SYSTEMPATH\CodeIgniter.php(366): CodeIgniter\CodeIgniter->handleRequest(null, Object(Config\Cache), false)
 9 FCPATH\index.php(67): CodeIgniter\CodeIgniter->run()
CRITICAL - 2024-03-20 14:18:19 --> Undefined variable $result
in APPPATH\Views\web\viewdetailedBid.php on line 230.
 1 APPPATH\Views\web\viewdetailedBid.php(230): CodeIgniter\Debug\Exceptions->errorHandler(2, 'Undefined variable $result', 'C:\\xampp\\htdocs\\IPMS\\app\\Views\\web\\viewdetailedBid.php', 230)
 2 SYSTEMPATH\View\View.php(224): include('C:\\xampp\\htdocs\\IPMS\\app\\Views\\web\\viewdetailedBid.php')
 3 SYSTEMPATH\View\View.php(227): CodeIgniter\View\View->CodeIgniter\View\{closure}()
 4 SYSTEMPATH\Common.php(1176): CodeIgniter\View\View->render('web/viewdetailedBid', [], true)
 5 APPPATH\Controllers\Web.php(183): view('web/viewdetailedBid', [...])
 6 SYSTEMPATH\CodeIgniter.php(932): App\Controllers\Web->viewdetailedBid('public', 'assets_web', 'vendor', 'glightbox', 'js', 'glightbox.min.js')
 7 SYSTEMPATH\CodeIgniter.php(497): CodeIgniter\CodeIgniter->runController(Object(App\Controllers\Web))
 8 SYSTEMPATH\CodeIgniter.php(366): CodeIgniter\CodeIgniter->handleRequest(null, Object(Config\Cache), false)
 9 FCPATH\index.php(67): CodeIgniter\CodeIgniter->run()
CRITICAL - 2024-03-20 14:18:19 --> Undefined variable $result
in APPPATH\Views\web\viewdetailedBid.php on line 230.
 1 APPPATH\Views\web\viewdetailedBid.php(230): CodeIgniter\Debug\Exceptions->errorHandler(2, 'Undefined variable $result', 'C:\\xampp\\htdocs\\IPMS\\app\\Views\\web\\viewdetailedBid.php', 230)
 2 SYSTEMPATH\View\View.php(224): include('C:\\xampp\\htdocs\\IPMS\\app\\Views\\web\\viewdetailedBid.php')
 3 SYSTEMPATH\View\View.php(227): CodeIgniter\View\View->CodeIgniter\View\{closure}()
 4 SYSTEMPATH\Common.php(1176): CodeIgniter\View\View->render('web/viewdetailedBid', [], true)
 5 APPPATH\Controllers\Web.php(183): view('web/viewdetailedBid', [...])
 6 SYSTEMPATH\CodeIgniter.php(932): App\Controllers\Web->viewdetailedBid('public', 'assets_web', 'js', 'main.js')
 7 SYSTEMPATH\CodeIgniter.php(497): CodeIgniter\CodeIgniter->runController(Object(App\Controllers\Web))
 8 SYSTEMPATH\CodeIgniter.php(366): CodeIgniter\CodeIgniter->handleRequest(null, Object(Config\Cache), false)
 9 FCPATH\index.php(67): CodeIgniter\CodeIgniter->run()
CRITICAL - 2024-03-20 14:18:19 --> Undefined variable $result
in APPPATH\Views\web\viewdetailedBid.php on line 230.
 1 APPPATH\Views\web\viewdetailedBid.php(230): CodeIgniter\Debug\Exceptions->errorHandler(2, 'Undefined variable $result', 'C:\\xampp\\htdocs\\IPMS\\app\\Views\\web\\viewdetailedBid.php', 230)
 2 SYSTEMPATH\View\View.php(224): include('C:\\xampp\\htdocs\\IPMS\\app\\Views\\web\\viewdetailedBid.php')
 3 SYSTEMPATH\View\View.php(227): CodeIgniter\View\View->CodeIgniter\View\{closure}()
 4 SYSTEMPATH\Common.php(1176): CodeIgniter\View\View->render('web/viewdetailedBid', [], true)
 5 APPPATH\Controllers\Web.php(183): view('web/viewdetailedBid', [...])
 6 SYSTEMPATH\CodeIgniter.php(932): App\Controllers\Web->viewdetailedBid('public', 'assets_web', 'js', 'carousel.js')
 7 SYSTEMPATH\CodeIgniter.php(497): CodeIgniter\CodeIgniter->runController(Object(App\Controllers\Web))
 8 SYSTEMPATH\CodeIgniter.php(366): CodeIgniter\CodeIgniter->handleRequest(null, Object(Config\Cache), false)
 9 FCPATH\index.php(67): CodeIgniter\CodeIgniter->run()
CRITICAL - 2024-03-20 09:02:44 --> Undefined array key "MNumber"
in APPPATH\Views\sys\BidEvaluation\TECMeeting.php on line 48.
 1 APPPATH\Views\sys\BidEvaluation\TECMeeting.php(48): CodeIgniter\Debug\Exceptions->errorHandler(2, 'Undefined array key "MNumber"', 'C:\\xampp\\htdocs\\IPMS\\app\\Views\\sys\\BidEvaluation\\TECMeeting.php', 48)
 2 SYSTEMPATH\View\View.php(224): include('C:\\xampp\\htdocs\\IPMS\\app\\Views\\sys\\BidEvaluation\\TECMeeting.php')
 3 SYSTEMPATH\View\View.php(227): CodeIgniter\View\View->CodeIgniter\View\{closure}()
 4 SYSTEMPATH\Common.php(1176): CodeIgniter\View\View->render('sys/BidEvaluation/TECMeeting', [], true)
 5 APPPATH\Controllers\BidEvaluation.php(117): view('sys/BidEvaluation/TECMeeting', [...])
 6 SYSTEMPATH\CodeIgniter.php(932): App\Controllers\BidEvaluation->TECMeeting()
 7 SYSTEMPATH\CodeIgniter.php(497): CodeIgniter\CodeIgniter->runController(Object(App\Controllers\BidEvaluation))
 8 SYSTEMPATH\CodeIgniter.php(366): CodeIgniter\CodeIgniter->handleRequest(null, Object(Config\Cache), false)
 9 FCPATH\index.php(67): CodeIgniter\CodeIgniter->run()
CRITICAL - 2024-03-20 09:03:41 --> Undefined array key "MNumber"
in APPPATH\Views\sys\BidEvaluation\TECEvaluation.php on line 61.
 1 APPPATH\Views\sys\BidEvaluation\TECEvaluation.php(61): CodeIgniter\Debug\Exceptions->errorHandler(2, 'Undefined array key "MNumber"', 'C:\\xampp\\htdocs\\IPMS\\app\\Views\\sys\\BidEvaluation\\TECEvaluation.php', 61)
 2 SYSTEMPATH\View\View.php(224): include('C:\\xampp\\htdocs\\IPMS\\app\\Views\\sys\\BidEvaluation\\TECEvaluation.php')
 3 SYSTEMPATH\View\View.php(227): CodeIgniter\View\View->CodeIgniter\View\{closure}()
 4 SYSTEMPATH\Common.php(1176): CodeIgniter\View\View->render('sys/BidEvaluation/TECEvaluation', [], true)
 5 APPPATH\Controllers\BidEvaluation.php(530): view('sys/BidEvaluation/TECEvaluation', [...])
 6 SYSTEMPATH\CodeIgniter.php(932): App\Controllers\BidEvaluation->TECEvaluation('3')
 7 SYSTEMPATH\CodeIgniter.php(497): CodeIgniter\CodeIgniter->runController(Object(App\Controllers\BidEvaluation))
 8 SYSTEMPATH\CodeIgniter.php(366): CodeIgniter\CodeIgniter->handleRequest(null, Object(Config\Cache), false)
 9 FCPATH\index.php(67): CodeIgniter\CodeIgniter->run()
CRITICAL - 2024-03-20 09:05:53 --> Undefined variable $results
in APPPATH\Views\sys\BidEvaluation\viewSpecdetails.php on line 72.
 1 APPPATH\Views\sys\BidEvaluation\viewSpecdetails.php(72): CodeIgniter\Debug\Exceptions->errorHandler(2, 'Undefined variable $results', 'C:\\xampp\\htdocs\\IPMS\\app\\Views\\sys\\BidEvaluation\\viewSpecdetails.php', 72)
 2 SYSTEMPATH\View\View.php(224): include('C:\\xampp\\htdocs\\IPMS\\app\\Views\\sys\\BidEvaluation\\viewSpecdetails.php')
 3 SYSTEMPATH\View\View.php(227): CodeIgniter\View\View->CodeIgniter\View\{closure}()
 4 SYSTEMPATH\Common.php(1176): CodeIgniter\View\View->render('sys/BidEvaluation/viewSpecdetails', [], true)
 5 APPPATH\Controllers\BidEvaluation.php(800): view('sys/BidEvaluation/viewSpecdetails', [...])
 6 SYSTEMPATH\CodeIgniter.php(932): App\Controllers\BidEvaluation->viewSpecdetails('1', 'assets', 'img', 'messages-1.jpg')
 7 SYSTEMPATH\CodeIgniter.php(497): CodeIgniter\CodeIgniter->runController(Object(App\Controllers\BidEvaluation))
 8 SYSTEMPATH\CodeIgniter.php(366): CodeIgniter\CodeIgniter->handleRequest(null, Object(Config\Cache), false)
 9 FCPATH\index.php(67): CodeIgniter\CodeIgniter->run()
CRITICAL - 2024-03-20 10:51:33 --> syntax error, unexpected token "/"
in APPPATH\Controllers\Web.php on line 330.
 1 SYSTEMPATH\Router\Router.php(510): CodeIgniter\Router\AutoRouter->getRoute('/web/viewdetailedBid/2/8', 'get')
 2 SYSTEMPATH\Router\Router.php(208): CodeIgniter\Router\Router->autoRoute('/web/viewdetailedBid/2/8')
 3 SYSTEMPATH\CodeIgniter.php(813): CodeIgniter\Router\Router->handle('/web/viewdetailedBid/2/8')
 4 SYSTEMPATH\CodeIgniter.php(447): CodeIgniter\CodeIgniter->tryToRouteIt(Object(CodeIgniter\Router\RouteCollection))
 5 SYSTEMPATH\CodeIgniter.php(366): CodeIgniter\CodeIgniter->handleRequest(null, Object(Config\Cache), false)
 6 FCPATH\index.php(67): CodeIgniter\CodeIgniter->run()
CRITICAL - 2024-03-20 11:41:27 --> Undefined variable $results
in APPPATH\Views\sys\BidEvaluation\viewSpecdetails.php on line 72.
 1 APPPATH\Views\sys\BidEvaluation\viewSpecdetails.php(72): CodeIgniter\Debug\Exceptions->errorHandler(2, 'Undefined variable $results', 'C:\\xampp\\htdocs\\IPMS\\app\\Views\\sys\\BidEvaluation\\viewSpecdetails.php', 72)
 2 SYSTEMPATH\View\View.php(224): include('C:\\xampp\\htdocs\\IPMS\\app\\Views\\sys\\BidEvaluation\\viewSpecdetails.php')
 3 SYSTEMPATH\View\View.php(227): CodeIgniter\View\View->CodeIgniter\View\{closure}()
 4 SYSTEMPATH\Common.php(1176): CodeIgniter\View\View->render('sys/BidEvaluation/viewSpecdetails', [], true)
 5 APPPATH\Controllers\BidEvaluation.php(800): view('sys/BidEvaluation/viewSpecdetails', [...])
 6 SYSTEMPATH\CodeIgniter.php(932): App\Controllers\BidEvaluation->viewSpecdetails('1', 'assets', 'img', 'messages-1.jpg')
 7 SYSTEMPATH\CodeIgniter.php(497): CodeIgniter\CodeIgniter->runController(Object(App\Controllers\BidEvaluation))
 8 SYSTEMPATH\CodeIgniter.php(366): CodeIgniter\CodeIgniter->handleRequest(null, Object(Config\Cache), false)
 9 FCPATH\index.php(67): CodeIgniter\CodeIgniter->run()
CRITICAL - 2024-03-20 11:41:31 --> Undefined variable $results
in APPPATH\Views\sys\BidEvaluation\viewSpecdetails.php on line 72.
 1 APPPATH\Views\sys\BidEvaluation\viewSpecdetails.php(72): CodeIgniter\Debug\Exceptions->errorHandler(2, 'Undefined variable $results', 'C:\\xampp\\htdocs\\IPMS\\app\\Views\\sys\\BidEvaluation\\viewSpecdetails.php', 72)
 2 SYSTEMPATH\View\View.php(224): include('C:\\xampp\\htdocs\\IPMS\\app\\Views\\sys\\BidEvaluation\\viewSpecdetails.php')
 3 SYSTEMPATH\View\View.php(227): CodeIgniter\View\View->CodeIgniter\View\{closure}()
 4 SYSTEMPATH\Common.php(1176): CodeIgniter\View\View->render('sys/BidEvaluation/viewSpecdetails', [], true)
 5 APPPATH\Controllers\BidEvaluation.php(800): view('sys/BidEvaluation/viewSpecdetails', [...])
 6 SYSTEMPATH\CodeIgniter.php(932): App\Controllers\BidEvaluation->viewSpecdetails('1', 'assets', 'img', 'messages-1.jpg')
 7 SYSTEMPATH\CodeIgniter.php(497): CodeIgniter\CodeIgniter->runController(Object(App\Controllers\BidEvaluation))
 8 SYSTEMPATH\CodeIgniter.php(366): CodeIgniter\CodeIgniter->handleRequest(null, Object(Config\Cache), false)
 9 FCPATH\index.php(67): CodeIgniter\CodeIgniter->run()
CRITICAL - 2024-03-20 11:53:02 --> Undefined variable $results
in APPPATH\Views\sys\BidEvaluation\viewSpecdetails.php on line 72.
 1 APPPATH\Views\sys\BidEvaluation\viewSpecdetails.php(72): CodeIgniter\Debug\Exceptions->errorHandler(2, 'Undefined variable $results', 'C:\\xampp\\htdocs\\IPMS\\app\\Views\\sys\\BidEvaluation\\viewSpecdetails.php', 72)
 2 SYSTEMPATH\View\View.php(224): include('C:\\xampp\\htdocs\\IPMS\\app\\Views\\sys\\BidEvaluation\\viewSpecdetails.php')
 3 SYSTEMPATH\View\View.php(227): CodeIgniter\View\View->CodeIgniter\View\{closure}()
 4 SYSTEMPATH\Common.php(1176): CodeIgniter\View\View->render('sys/BidEvaluation/viewSpecdetails', [], true)
 5 APPPATH\Controllers\BidEvaluation.php(800): view('sys/BidEvaluation/viewSpecdetails', [...])
 6 SYSTEMPATH\CodeIgniter.php(932): App\Controllers\BidEvaluation->viewSpecdetails('1', 'assets', 'img', 'messages-1.jpg')
 7 SYSTEMPATH\CodeIgniter.php(497): CodeIgniter\CodeIgniter->runController(Object(App\Controllers\BidEvaluation))
 8 SYSTEMPATH\CodeIgniter.php(366): CodeIgniter\CodeIgniter->handleRequest(null, Object(Config\Cache), false)
 9 FCPATH\index.php(67): CodeIgniter\CodeIgniter->run()
CRITICAL - 2024-03-20 11:55:41 --> Undefined variable $results
in APPPATH\Views\sys\BidEvaluation\viewSpecdetails.php on line 72.
 1 APPPATH\Views\sys\BidEvaluation\viewSpecdetails.php(72): CodeIgniter\Debug\Exceptions->errorHandler(2, 'Undefined variable $results', 'C:\\xampp\\htdocs\\IPMS\\app\\Views\\sys\\BidEvaluation\\viewSpecdetails.php', 72)
 2 SYSTEMPATH\View\View.php(224): include('C:\\xampp\\htdocs\\IPMS\\app\\Views\\sys\\BidEvaluation\\viewSpecdetails.php')
 3 SYSTEMPATH\View\View.php(227): CodeIgniter\View\View->CodeIgniter\View\{closure}()
 4 SYSTEMPATH\Common.php(1176): CodeIgniter\View\View->render('sys/BidEvaluation/viewSpecdetails', [], true)
 5 APPPATH\Controllers\BidEvaluation.php(800): view('sys/BidEvaluation/viewSpecdetails', [...])
 6 SYSTEMPATH\CodeIgniter.php(932): App\Controllers\BidEvaluation->viewSpecdetails('1', 'assets', 'img', 'messages-1.jpg')
 7 SYSTEMPATH\CodeIgniter.php(497): CodeIgniter\CodeIgniter->runController(Object(App\Controllers\BidEvaluation))
 8 SYSTEMPATH\CodeIgniter.php(366): CodeIgniter\CodeIgniter->handleRequest(null, Object(Config\Cache), false)
 9 FCPATH\index.php(67): CodeIgniter\CodeIgniter->run()
CRITICAL - 2024-03-20 11:55:56 --> Undefined variable $results
in APPPATH\Views\sys\BidEvaluation\viewSpecdetails.php on line 72.
 1 APPPATH\Views\sys\BidEvaluation\viewSpecdetails.php(72): CodeIgniter\Debug\Exceptions->errorHandler(2, 'Undefined variable $results', 'C:\\xampp\\htdocs\\IPMS\\app\\Views\\sys\\BidEvaluation\\viewSpecdetails.php', 72)
 2 SYSTEMPATH\View\View.php(224): include('C:\\xampp\\htdocs\\IPMS\\app\\Views\\sys\\BidEvaluation\\viewSpecdetails.php')
 3 SYSTEMPATH\View\View.php(227): CodeIgniter\View\View->CodeIgniter\View\{closure}()
 4 SYSTEMPATH\Common.php(1176): CodeIgniter\View\View->render('sys/BidEvaluation/viewSpecdetails', [], true)
 5 APPPATH\Controllers\BidEvaluation.php(800): view('sys/BidEvaluation/viewSpecdetails', [...])
 6 SYSTEMPATH\CodeIgniter.php(932): App\Controllers\BidEvaluation->viewSpecdetails('2', 'assets', 'img', 'messages-1.jpg')
 7 SYSTEMPATH\CodeIgniter.php(497): CodeIgniter\CodeIgniter->runController(Object(App\Controllers\BidEvaluation))
 8 SYSTEMPATH\CodeIgniter.php(366): CodeIgniter\CodeIgniter->handleRequest(null, Object(Config\Cache), false)
 9 FCPATH\index.php(67): CodeIgniter\CodeIgniter->run()
CRITICAL - 2024-03-20 11:56:53 --> Undefined variable $results
in APPPATH\Views\sys\BidEvaluation\viewSpecdetails.php on line 72.
 1 APPPATH\Views\sys\BidEvaluation\viewSpecdetails.php(72): CodeIgniter\Debug\Exceptions->errorHandler(2, 'Undefined variable $results', 'C:\\xampp\\htdocs\\IPMS\\app\\Views\\sys\\BidEvaluation\\viewSpecdetails.php', 72)
 2 SYSTEMPATH\View\View.php(224): include('C:\\xampp\\htdocs\\IPMS\\app\\Views\\sys\\BidEvaluation\\viewSpecdetails.php')
 3 SYSTEMPATH\View\View.php(227): CodeIgniter\View\View->CodeIgniter\View\{closure}()
 4 SYSTEMPATH\Common.php(1176): CodeIgniter\View\View->render('sys/BidEvaluation/viewSpecdetails', [], true)
 5 APPPATH\Controllers\BidEvaluation.php(800): view('sys/BidEvaluation/viewSpecdetails', [...])
 6 SYSTEMPATH\CodeIgniter.php(932): App\Controllers\BidEvaluation->viewSpecdetails('2', 'assets', 'img', 'messages-1.jpg')
 7 SYSTEMPATH\CodeIgniter.php(497): CodeIgniter\CodeIgniter->runController(Object(App\Controllers\BidEvaluation))
 8 SYSTEMPATH\CodeIgniter.php(366): CodeIgniter\CodeIgniter->handleRequest(null, Object(Config\Cache), false)
 9 FCPATH\index.php(67): CodeIgniter\CodeIgniter->run()
CRITICAL - 2024-03-20 11:56:57 --> Undefined variable $results
in APPPATH\Views\sys\BidEvaluation\viewSpecdetails.php on line 72.
 1 APPPATH\Views\sys\BidEvaluation\viewSpecdetails.php(72): CodeIgniter\Debug\Exceptions->errorHandler(2, 'Undefined variable $results', 'C:\\xampp\\htdocs\\IPMS\\app\\Views\\sys\\BidEvaluation\\viewSpecdetails.php', 72)
 2 SYSTEMPATH\View\View.php(224): include('C:\\xampp\\htdocs\\IPMS\\app\\Views\\sys\\BidEvaluation\\viewSpecdetails.php')
 3 SYSTEMPATH\View\View.php(227): CodeIgniter\View\View->CodeIgniter\View\{closure}()
 4 SYSTEMPATH\Common.php(1176): CodeIgniter\View\View->render('sys/BidEvaluation/viewSpecdetails', [], true)
 5 APPPATH\Controllers\BidEvaluation.php(800): view('sys/BidEvaluation/viewSpecdetails', [...])
 6 SYSTEMPATH\CodeIgniter.php(932): App\Controllers\BidEvaluation->viewSpecdetails('8', 'assets', 'img', 'messages-1.jpg')
 7 SYSTEMPATH\CodeIgniter.php(497): CodeIgniter\CodeIgniter->runController(Object(App\Controllers\BidEvaluation))
 8 SYSTEMPATH\CodeIgniter.php(366): CodeIgniter\CodeIgniter->handleRequest(null, Object(Config\Cache), false)
 9 FCPATH\index.php(67): CodeIgniter\CodeIgniter->run()
CRITICAL - 2024-03-20 11:57:54 --> Undefined variable $results
in APPPATH\Views\sys\BidEvaluation\viewSpecdetails.php on line 72.
 1 APPPATH\Views\sys\BidEvaluation\viewSpecdetails.php(72): CodeIgniter\Debug\Exceptions->errorHandler(2, 'Undefined variable $results', 'C:\\xampp\\htdocs\\IPMS\\app\\Views\\sys\\BidEvaluation\\viewSpecdetails.php', 72)
 2 SYSTEMPATH\View\View.php(224): include('C:\\xampp\\htdocs\\IPMS\\app\\Views\\sys\\BidEvaluation\\viewSpecdetails.php')
 3 SYSTEMPATH\View\View.php(227): CodeIgniter\View\View->CodeIgniter\View\{closure}()
 4 SYSTEMPATH\Common.php(1176): CodeIgniter\View\View->render('sys/BidEvaluation/viewSpecdetails', [], true)
 5 APPPATH\Controllers\BidEvaluation.php(800): view('sys/BidEvaluation/viewSpecdetails', [...])
 6 SYSTEMPATH\CodeIgniter.php(932): App\Controllers\BidEvaluation->viewSpecdetails('8', 'assets', 'img', 'messages-1.jpg')
 7 SYSTEMPATH\CodeIgniter.php(497): CodeIgniter\CodeIgniter->runController(Object(App\Controllers\BidEvaluation))
 8 SYSTEMPATH\CodeIgniter.php(366): CodeIgniter\CodeIgniter->handleRequest(null, Object(Config\Cache), false)
 9 FCPATH\index.php(67): CodeIgniter\CodeIgniter->run()
CRITICAL - 2024-03-20 11:57:57 --> Undefined variable $results
in APPPATH\Views\sys\BidEvaluation\viewSpecdetails.php on line 72.
 1 APPPATH\Views\sys\BidEvaluation\viewSpecdetails.php(72): CodeIgniter\Debug\Exceptions->errorHandler(2, 'Undefined variable $results', 'C:\\xampp\\htdocs\\IPMS\\app\\Views\\sys\\BidEvaluation\\viewSpecdetails.php', 72)
 2 SYSTEMPATH\View\View.php(224): include('C:\\xampp\\htdocs\\IPMS\\app\\Views\\sys\\BidEvaluation\\viewSpecdetails.php')
 3 SYSTEMPATH\View\View.php(227): CodeIgniter\View\View->CodeIgniter\View\{closure}()
 4 SYSTEMPATH\Common.php(1176): CodeIgniter\View\View->render('sys/BidEvaluation/viewSpecdetails', [], true)
 5 APPPATH\Controllers\BidEvaluation.php(800): view('sys/BidEvaluation/viewSpecdetails', [...])
 6 SYSTEMPATH\CodeIgniter.php(932): App\Controllers\BidEvaluation->viewSpecdetails('9', 'assets', 'img', 'messages-1.jpg')
 7 SYSTEMPATH\CodeIgniter.php(497): CodeIgniter\CodeIgniter->runController(Object(App\Controllers\BidEvaluation))
 8 SYSTEMPATH\CodeIgniter.php(366): CodeIgniter\CodeIgniter->handleRequest(null, Object(Config\Cache), false)
 9 FCPATH\index.php(67): CodeIgniter\CodeIgniter->run()
CRITICAL - 2024-03-20 11:58:53 --> Undefined variable $results
in APPPATH\Views\sys\BidEvaluation\viewSpecdetails.php on line 72.
 1 APPPATH\Views\sys\BidEvaluation\viewSpecdetails.php(72): CodeIgniter\Debug\Exceptions->errorHandler(2, 'Undefined variable $results', 'C:\\xampp\\htdocs\\IPMS\\app\\Views\\sys\\BidEvaluation\\viewSpecdetails.php', 72)
 2 SYSTEMPATH\View\View.php(224): include('C:\\xampp\\htdocs\\IPMS\\app\\Views\\sys\\BidEvaluation\\viewSpecdetails.php')
 3 SYSTEMPATH\View\View.php(227): CodeIgniter\View\View->CodeIgniter\View\{closure}()
 4 SYSTEMPATH\Common.php(1176): CodeIgniter\View\View->render('sys/BidEvaluation/viewSpecdetails', [], true)
 5 APPPATH\Controllers\BidEvaluation.php(800): view('sys/BidEvaluation/viewSpecdetails', [...])
 6 SYSTEMPATH\CodeIgniter.php(932): App\Controllers\BidEvaluation->viewSpecdetails('9', 'assets', 'img', 'messages-1.jpg')
 7 SYSTEMPATH\CodeIgniter.php(497): CodeIgniter\CodeIgniter->runController(Object(App\Controllers\BidEvaluation))
 8 SYSTEMPATH\CodeIgniter.php(366): CodeIgniter\CodeIgniter->handleRequest(null, Object(Config\Cache), false)
 9 FCPATH\index.php(67): CodeIgniter\CodeIgniter->run()
CRITICAL - 2024-03-20 13:57:22 --> Undefined variable $ContractValue
in APPPATH\Views\sys\tender\TenderProgress.php on line 139.
 1 APPPATH\Views\sys\tender\TenderProgress.php(139): CodeIgniter\Debug\Exceptions->errorHandler(2, 'Undefined variable $ContractValue', 'C:\\xampp\\htdocs\\IPMS\\app\\Views\\sys\\tender\\TenderProgress.php', 139)
 2 SYSTEMPATH\View\View.php(224): include('C:\\xampp\\htdocs\\IPMS\\app\\Views\\sys\\tender\\TenderProgress.php')
 3 SYSTEMPATH\View\View.php(227): CodeIgniter\View\View->CodeIgniter\View\{closure}()
 4 SYSTEMPATH\Common.php(1176): CodeIgniter\View\View->render('sys/tender/TenderProgress', [], true)
 5 APPPATH\Controllers\Tender.php(910): view('sys/tender/TenderProgress', [...])
 6 SYSTEMPATH\CodeIgniter.php(932): App\Controllers\Tender->TenderProgress()
 7 SYSTEMPATH\CodeIgniter.php(497): CodeIgniter\CodeIgniter->runController(Object(App\Controllers\Tender))
 8 SYSTEMPATH\CodeIgniter.php(366): CodeIgniter\CodeIgniter->handleRequest(null, Object(Config\Cache), false)
 9 FCPATH\index.php(67): CodeIgniter\CodeIgniter->run()
CRITICAL - 2024-03-20 14:01:23 --> Invalid file: "sys/Awarding/LetterofIntent.php"
in SYSTEMPATH\Exceptions\FrameworkException.php on line 33.
 1 SYSTEMPATH\View\View.php(212): CodeIgniter\Exceptions\FrameworkException::forInvalidFile('sys/Awarding/LetterofIntent.php')
 2 SYSTEMPATH\Common.php(1176): CodeIgniter\View\View->render('sys/Awarding/LetterofIntent', [], true)
 3 APPPATH\Controllers\Awarding.php(67): view('sys/Awarding/LetterofIntent', [])
 4 SYSTEMPATH\CodeIgniter.php(932): App\Controllers\Awarding->LetterofIntent()
 5 SYSTEMPATH\CodeIgniter.php(497): CodeIgniter\CodeIgniter->runController(Object(App\Controllers\Awarding))
 6 SYSTEMPATH\CodeIgniter.php(366): CodeIgniter\CodeIgniter->handleRequest(null, Object(Config\Cache), false)
 7 FCPATH\index.php(67): CodeIgniter\CodeIgniter->run()
CRITICAL - 2024-03-20 14:57:38 --> Undefined variable $result
in APPPATH\Views\sys\tender\viewtender.php on line 110.
 1 APPPATH\Views\sys\tender\viewtender.php(110): CodeIgniter\Debug\Exceptions->errorHandler(2, 'Undefined variable $result', 'C:\\xampp\\htdocs\\IPMS\\app\\Views\\sys\\tender\\viewtender.php', 110)
 2 SYSTEMPATH\View\View.php(224): include('C:\\xampp\\htdocs\\IPMS\\app\\Views\\sys\\tender\\viewtender.php')
 3 SYSTEMPATH\View\View.php(227): CodeIgniter\View\View->CodeIgniter\View\{closure}()
 4 SYSTEMPATH\Common.php(1176): CodeIgniter\View\View->render('sys/tender/viewtender', [], true)
 5 APPPATH\Controllers\Tender.php(312): view('sys/tender/viewtender', [...])
 6 SYSTEMPATH\CodeIgniter.php(932): App\Controllers\Tender->viewtender('assets', 'img', 'messages-1.jpg')
 7 SYSTEMPATH\CodeIgniter.php(497): CodeIgniter\CodeIgniter->runController(Object(App\Controllers\Tender))
 8 SYSTEMPATH\CodeIgniter.php(366): CodeIgniter\CodeIgniter->handleRequest(null, Object(Config\Cache), false)
 9 FCPATH\index.php(67): CodeIgniter\CodeIgniter->run()
ERROR - 2024-03-20 15:04:02 --> mysqli_sql_exception: Column 'Unit' cannot be null in C:\xampp\htdocs\IPMS\system\Database\MySQLi\Connection.php:295
Stack trace:
#0 C:\xampp\htdocs\IPMS\system\Database\MySQLi\Connection.php(295): mysqli->query('INSERT INTO `Re...', 0)
#1 C:\xampp\htdocs\IPMS\system\Database\BaseConnection.php(692): CodeIgniter\Database\MySQLi\Connection->execute('INSERT INTO `Re...')
#2 C:\xampp\htdocs\IPMS\system\Database\BaseConnection.php(606): CodeIgniter\Database\BaseConnection->simpleQuery('INSERT INTO `Re...')
#3 C:\xampp\htdocs\IPMS\system\Database\BaseBuilder.php(2309): CodeIgniter\Database\BaseConnection->query('INSERT INTO `Re...', Array, false)
#4 C:\xampp\htdocs\IPMS\system\Model.php(330): CodeIgniter\Database\BaseBuilder->insert()
#5 C:\xampp\htdocs\IPMS\system\BaseModel.php(782): CodeIgniter\Model->doInsert(Array)
#6 C:\xampp\htdocs\IPMS\system\Model.php(730): CodeIgniter\BaseModel->insert(Array, false)
#7 C:\xampp\htdocs\IPMS\system\BaseModel.php(692): CodeIgniter\Model->insert(Array, false)
#8 C:\xampp\htdocs\IPMS\app\Controllers\ItemRequest.php(174): CodeIgniter\BaseModel->save(Array)
#9 C:\xampp\htdocs\IPMS\system\CodeIgniter.php(932): App\Controllers\ItemRequest->reqItem()
#10 C:\xampp\htdocs\IPMS\system\CodeIgniter.php(497): CodeIgniter\CodeIgniter->runController(Object(App\Controllers\ItemRequest))
#11 C:\xampp\htdocs\IPMS\system\CodeIgniter.php(366): CodeIgniter\CodeIgniter->handleRequest(NULL, Object(Config\Cache), false)
#12 C:\xampp\htdocs\IPMS\index.php(67): CodeIgniter\CodeIgniter->run()
#13 {main}
CRITICAL - 2024-03-20 15:04:02 --> Column 'Unit' cannot be null
in SYSTEMPATH\Database\MySQLi\Connection.php on line 295.
 1 SYSTEMPATH\Database\MySQLi\Connection.php(295): mysqli->query('INSERT INTO `ReqItem` (`RItemid`, `RId`, `Vote`, `Description`, `ICatergory`, `ItemName`, `ListItemId`, `Qty`, `Unit`, `sample_image`) VALUES (NULL, \'8\', \'1205\', \'Others\', \'Computer Spares\', \'Mother Board (H61)\', \'120\', \'10\', NULL, NULL)', 0)
 2 SYSTEMPATH\Database\BaseConnection.php(692): CodeIgniter\Database\MySQLi\Connection->execute('INSERT INTO `ReqItem` (`RItemid`, `RId`, `Vote`, `Description`, `ICatergory`, `ItemName`, `ListItemId`, `Qty`, `Unit`, `sample_image`) VALUES (NULL, \'8\', \'1205\', \'Others\', \'Computer Spares\', \'Mother Board (H61)\', \'120\', \'10\', NULL, NULL)')
 3 SYSTEMPATH\Database\BaseConnection.php(606): CodeIgniter\Database\BaseConnection->simpleQuery('INSERT INTO `ReqItem` (`RItemid`, `RId`, `Vote`, `Description`, `ICatergory`, `ItemName`, `ListItemId`, `Qty`, `Unit`, `sample_image`) VALUES (NULL, \'8\', \'1205\', \'Others\', \'Computer Spares\', \'Mother Board (H61)\', \'120\', \'10\', NULL, NULL)')
 4 SYSTEMPATH\Database\BaseBuilder.php(2309): CodeIgniter\Database\BaseConnection->query('INSERT INTO `ReqItem` (`RItemid`, `RId`, `Vote`, `Description`, `ICatergory`, `ItemName`, `ListItemId`, `Qty`, `Unit`, `sample_image`) VALUES (:RItemid:, :RId:, :Vote:, :Description:, :ICatergory:, :ItemName:, :ListItemId:, :Qty:, :Unit:, :sample_image:)', [...], false)
 5 SYSTEMPATH\Model.php(330): CodeIgniter\Database\BaseBuilder->insert()
 6 SYSTEMPATH\BaseModel.php(782): CodeIgniter\Model->doInsert([...])
 7 SYSTEMPATH\Model.php(730): CodeIgniter\BaseModel->insert([...], false)
 8 SYSTEMPATH\BaseModel.php(692): CodeIgniter\Model->insert([...], false)
 9 APPPATH\Controllers\ItemRequest.php(174): CodeIgniter\BaseModel->save([...])
10 SYSTEMPATH\CodeIgniter.php(932): App\Controllers\ItemRequest->reqItem()
11 SYSTEMPATH\CodeIgniter.php(497): CodeIgniter\CodeIgniter->runController(Object(App\Controllers\ItemRequest))
12 SYSTEMPATH\CodeIgniter.php(366): CodeIgniter\CodeIgniter->handleRequest(null, Object(Config\Cache), false)
13 FCPATH\index.php(67): CodeIgniter\CodeIgniter->run()
ERROR - 2024-03-20 15:07:47 --> mysqli_sql_exception: Column 'Unit' cannot be null in C:\xampp\htdocs\IPMS\system\Database\MySQLi\Connection.php:295
Stack trace:
#0 C:\xampp\htdocs\IPMS\system\Database\MySQLi\Connection.php(295): mysqli->query('INSERT INTO `Re...', 0)
#1 C:\xampp\htdocs\IPMS\system\Database\BaseConnection.php(692): CodeIgniter\Database\MySQLi\Connection->execute('INSERT INTO `Re...')
#2 C:\xampp\htdocs\IPMS\system\Database\BaseConnection.php(606): CodeIgniter\Database\BaseConnection->simpleQuery('INSERT INTO `Re...')
#3 C:\xampp\htdocs\IPMS\system\Database\BaseBuilder.php(2309): CodeIgniter\Database\BaseConnection->query('INSERT INTO `Re...', Array, false)
#4 C:\xampp\htdocs\IPMS\system\Model.php(330): CodeIgniter\Database\BaseBuilder->insert()
#5 C:\xampp\htdocs\IPMS\system\BaseModel.php(782): CodeIgniter\Model->doInsert(Array)
#6 C:\xampp\htdocs\IPMS\system\Model.php(730): CodeIgniter\BaseModel->insert(Array, false)
#7 C:\xampp\htdocs\IPMS\system\BaseModel.php(692): CodeIgniter\Model->insert(Array, false)
#8 C:\xampp\htdocs\IPMS\app\Controllers\ItemRequest.php(174): CodeIgniter\BaseModel->save(Array)
#9 C:\xampp\htdocs\IPMS\system\CodeIgniter.php(932): App\Controllers\ItemRequest->reqItem()
#10 C:\xampp\htdocs\IPMS\system\CodeIgniter.php(497): CodeIgniter\CodeIgniter->runController(Object(App\Controllers\ItemRequest))
#11 C:\xampp\htdocs\IPMS\system\CodeIgniter.php(366): CodeIgniter\CodeIgniter->handleRequest(NULL, Object(Config\Cache), false)
#12 C:\xampp\htdocs\IPMS\index.php(67): CodeIgniter\CodeIgniter->run()
#13 {main}
CRITICAL - 2024-03-20 15:07:47 --> Column 'Unit' cannot be null
in SYSTEMPATH\Database\MySQLi\Connection.php on line 295.
 1 SYSTEMPATH\Database\MySQLi\Connection.php(295): mysqli->query('INSERT INTO `ReqItem` (`RItemid`, `RId`, `Vote`, `Description`, `ICatergory`, `ItemName`, `ListItemId`, `Qty`, `Unit`, `sample_image`) VALUES (NULL, \'8\', \'1205\', \'Others\', \'Computer Spares\', \'Mother Board (H61)\', \'120\', \'10\', NULL, NULL)', 0)
 2 SYSTEMPATH\Database\BaseConnection.php(692): CodeIgniter\Database\MySQLi\Connection->execute('INSERT INTO `ReqItem` (`RItemid`, `RId`, `Vote`, `Description`, `ICatergory`, `ItemName`, `ListItemId`, `Qty`, `Unit`, `sample_image`) VALUES (NULL, \'8\', \'1205\', \'Others\', \'Computer Spares\', \'Mother Board (H61)\', \'120\', \'10\', NULL, NULL)')
 3 SYSTEMPATH\Database\BaseConnection.php(606): CodeIgniter\Database\BaseConnection->simpleQuery('INSERT INTO `ReqItem` (`RItemid`, `RId`, `Vote`, `Description`, `ICatergory`, `ItemName`, `ListItemId`, `Qty`, `Unit`, `sample_image`) VALUES (NULL, \'8\', \'1205\', \'Others\', \'Computer Spares\', \'Mother Board (H61)\', \'120\', \'10\', NULL, NULL)')
 4 SYSTEMPATH\Database\BaseBuilder.php(2309): CodeIgniter\Database\BaseConnection->query('INSERT INTO `ReqItem` (`RItemid`, `RId`, `Vote`, `Description`, `ICatergory`, `ItemName`, `ListItemId`, `Qty`, `Unit`, `sample_image`) VALUES (:RItemid:, :RId:, :Vote:, :Description:, :ICatergory:, :ItemName:, :ListItemId:, :Qty:, :Unit:, :sample_image:)', [...], false)
 5 SYSTEMPATH\Model.php(330): CodeIgniter\Database\BaseBuilder->insert()
 6 SYSTEMPATH\BaseModel.php(782): CodeIgniter\Model->doInsert([...])
 7 SYSTEMPATH\Model.php(730): CodeIgniter\BaseModel->insert([...], false)
 8 SYSTEMPATH\BaseModel.php(692): CodeIgniter\Model->insert([...], false)
 9 APPPATH\Controllers\ItemRequest.php(174): CodeIgniter\BaseModel->save([...])
10 SYSTEMPATH\CodeIgniter.php(932): App\Controllers\ItemRequest->reqItem()
11 SYSTEMPATH\CodeIgniter.php(497): CodeIgniter\CodeIgniter->runController(Object(App\Controllers\ItemRequest))
12 SYSTEMPATH\CodeIgniter.php(366): CodeIgniter\CodeIgniter->handleRequest(null, Object(Config\Cache), false)
13 FCPATH\index.php(67): CodeIgniter\CodeIgniter->run()
CRITICAL - 2024-03-20 15:17:32 --> Undefined variable $result
in APPPATH\Views\sys\tender\viewmore.php on line 118.
 1 APPPATH\Views\sys\tender\viewmore.php(118): CodeIgniter\Debug\Exceptions->errorHandler(2, 'Undefined variable $result', 'C:\\xampp\\htdocs\\IPMS\\app\\Views\\sys\\tender\\viewmore.php', 118)
 2 SYSTEMPATH\View\View.php(224): include('C:\\xampp\\htdocs\\IPMS\\app\\Views\\sys\\tender\\viewmore.php')
 3 SYSTEMPATH\View\View.php(227): CodeIgniter\View\View->CodeIgniter\View\{closure}()
 4 SYSTEMPATH\Common.php(1176): CodeIgniter\View\View->render('sys/tender/viewmore', [], true)
 5 APPPATH\Controllers\Tender.php(328): view('sys/tender/viewmore', [...])
 6 SYSTEMPATH\CodeIgniter.php(932): App\Controllers\Tender->viewmore('1')
 7 SYSTEMPATH\CodeIgniter.php(497): CodeIgniter\CodeIgniter->runController(Object(App\Controllers\Tender))
 8 SYSTEMPATH\CodeIgniter.php(366): CodeIgniter\CodeIgniter->handleRequest(null, Object(Config\Cache), false)
 9 FCPATH\index.php(67): CodeIgniter\CodeIgniter->run()
CRITICAL - 2024-03-20 15:17:32 --> Undefined variable $result
in APPPATH\Views\sys\tender\viewmore.php on line 118.
 1 APPPATH\Views\sys\tender\viewmore.php(118): CodeIgniter\Debug\Exceptions->errorHandler(2, 'Undefined variable $result', 'C:\\xampp\\htdocs\\IPMS\\app\\Views\\sys\\tender\\viewmore.php', 118)
 2 SYSTEMPATH\View\View.php(224): include('C:\\xampp\\htdocs\\IPMS\\app\\Views\\sys\\tender\\viewmore.php')
 3 SYSTEMPATH\View\View.php(227): CodeIgniter\View\View->CodeIgniter\View\{closure}()
 4 SYSTEMPATH\Common.php(1176): CodeIgniter\View\View->render('sys/tender/viewmore', [], true)
 5 APPPATH\Controllers\Tender.php(328): view('sys/tender/viewmore', [...])
 6 SYSTEMPATH\CodeIgniter.php(932): App\Controllers\Tender->viewmore('assets', 'img', 'messages-1.jpg')
 7 SYSTEMPATH\CodeIgniter.php(497): CodeIgniter\CodeIgniter->runController(Object(App\Controllers\Tender))
 8 SYSTEMPATH\CodeIgniter.php(366): CodeIgniter\CodeIgniter->handleRequest(null, Object(Config\Cache), false)
 9 FCPATH\index.php(67): CodeIgniter\CodeIgniter->run()
CRITICAL - 2024-03-20 15:19:20 --> Trying to access array offset on value of type null
in APPPATH\Views\sys\division\editcamp.php on line 33.
 1 APPPATH\Views\sys\division\editcamp.php(33): CodeIgniter\Debug\Exceptions->errorHandler(2, 'Trying to access array offset on value of type null', 'C:\\xampp\\htdocs\\IPMS\\app\\Views\\sys\\division\\editcamp.php', 33)
 2 SYSTEMPATH\View\View.php(224): include('C:\\xampp\\htdocs\\IPMS\\app\\Views\\sys\\division\\editcamp.php')
 3 SYSTEMPATH\View\View.php(227): CodeIgniter\View\View->CodeIgniter\View\{closure}()
 4 SYSTEMPATH\Common.php(1176): CodeIgniter\View\View->render('sys/division/editcamp', [], true)
 5 APPPATH\Controllers\division.php(92): view('sys/division/editcamp', [...])
 6 SYSTEMPATH\CodeIgniter.php(932): App\Controllers\division->editcamp('assets', 'img', 'messages-1.jpg')
 7 SYSTEMPATH\CodeIgniter.php(497): CodeIgniter\CodeIgniter->runController(Object(App\Controllers\division))
 8 SYSTEMPATH\CodeIgniter.php(366): CodeIgniter\CodeIgniter->handleRequest(null, Object(Config\Cache), false)
 9 FCPATH\index.php(67): CodeIgniter\CodeIgniter->run()
CRITICAL - 2024-03-20 15:20:13 --> Trying to access array offset on value of type null
in APPPATH\Views\sys\division\editcamp.php on line 33.
 1 APPPATH\Views\sys\division\editcamp.php(33): CodeIgniter\Debug\Exceptions->errorHandler(2, 'Trying to access array offset on value of type null', 'C:\\xampp\\htdocs\\IPMS\\app\\Views\\sys\\division\\editcamp.php', 33)
 2 SYSTEMPATH\View\View.php(224): include('C:\\xampp\\htdocs\\IPMS\\app\\Views\\sys\\division\\editcamp.php')
 3 SYSTEMPATH\View\View.php(227): CodeIgniter\View\View->CodeIgniter\View\{closure}()
 4 SYSTEMPATH\Common.php(1176): CodeIgniter\View\View->render('sys/division/editcamp', [], true)
 5 APPPATH\Controllers\division.php(92): view('sys/division/editcamp', [...])
 6 SYSTEMPATH\CodeIgniter.php(932): App\Controllers\division->editcamp('assets', 'img', 'messages-1.jpg')
 7 SYSTEMPATH\CodeIgniter.php(497): CodeIgniter\CodeIgniter->runController(Object(App\Controllers\division))
 8 SYSTEMPATH\CodeIgniter.php(366): CodeIgniter\CodeIgniter->handleRequest(null, Object(Config\Cache), false)
 9 FCPATH\index.php(67): CodeIgniter\CodeIgniter->run()
CRITICAL - 2024-03-20 15:22:33 --> Trying to access array offset on value of type null
in APPPATH\Views\sys\division\editcamp.php on line 33.
 1 APPPATH\Views\sys\division\editcamp.php(33): CodeIgniter\Debug\Exceptions->errorHandler(2, 'Trying to access array offset on value of type null', 'C:\\xampp\\htdocs\\IPMS\\app\\Views\\sys\\division\\editcamp.php', 33)
 2 SYSTEMPATH\View\View.php(224): include('C:\\xampp\\htdocs\\IPMS\\app\\Views\\sys\\division\\editcamp.php')
 3 SYSTEMPATH\View\View.php(227): CodeIgniter\View\View->CodeIgniter\View\{closure}()
 4 SYSTEMPATH\Common.php(1176): CodeIgniter\View\View->render('sys/division/editcamp', [], true)
 5 APPPATH\Controllers\division.php(92): view('sys/division/editcamp', [...])
 6 SYSTEMPATH\CodeIgniter.php(932): App\Controllers\division->editcamp('assets', 'img', 'messages-1.jpg')
 7 SYSTEMPATH\CodeIgniter.php(497): CodeIgniter\CodeIgniter->runController(Object(App\Controllers\division))
 8 SYSTEMPATH\CodeIgniter.php(366): CodeIgniter\CodeIgniter->handleRequest(null, Object(Config\Cache), false)
 9 FCPATH\index.php(67): CodeIgniter\CodeIgniter->run()
CRITICAL - 2024-03-20 15:22:35 --> Trying to access array offset on value of type null
in APPPATH\Views\sys\division\editcamp.php on line 33.
 1 APPPATH\Views\sys\division\editcamp.php(33): CodeIgniter\Debug\Exceptions->errorHandler(2, 'Trying to access array offset on value of type null', 'C:\\xampp\\htdocs\\IPMS\\app\\Views\\sys\\division\\editcamp.php', 33)
 2 SYSTEMPATH\View\View.php(224): include('C:\\xampp\\htdocs\\IPMS\\app\\Views\\sys\\division\\editcamp.php')
 3 SYSTEMPATH\View\View.php(227): CodeIgniter\View\View->CodeIgniter\View\{closure}()
 4 SYSTEMPATH\Common.php(1176): CodeIgniter\View\View->render('sys/division/editcamp', [], true)
 5 APPPATH\Controllers\division.php(92): view('sys/division/editcamp', [...])
 6 SYSTEMPATH\CodeIgniter.php(932): App\Controllers\division->editcamp('assets', 'img', 'messages-1.jpg')
 7 SYSTEMPATH\CodeIgniter.php(497): CodeIgniter\CodeIgniter->runController(Object(App\Controllers\division))
 8 SYSTEMPATH\CodeIgniter.php(366): CodeIgniter\CodeIgniter->handleRequest(null, Object(Config\Cache), false)
 9 FCPATH\index.php(67): CodeIgniter\CodeIgniter->run()
CRITICAL - 2024-03-20 17:33:03 --> Undefined array key "Item"
in APPPATH\Views\sys\BidEvaluation\TECEvaluation.php on line 310.
 1 APPPATH\Views\sys\BidEvaluation\TECEvaluation.php(310): CodeIgniter\Debug\Exceptions->errorHandler(2, 'Undefined array key "Item"', 'C:\\xampp\\htdocs\\IPMS\\app\\Views\\sys\\BidEvaluation\\TECEvaluation.php', 310)
 2 SYSTEMPATH\View\View.php(224): include('C:\\xampp\\htdocs\\IPMS\\app\\Views\\sys\\BidEvaluation\\TECEvaluation.php')
 3 SYSTEMPATH\View\View.php(227): CodeIgniter\View\View->CodeIgniter\View\{closure}()
 4 SYSTEMPATH\Common.php(1176): CodeIgniter\View\View->render('sys/BidEvaluation/TECEvaluation', [], true)
 5 APPPATH\Controllers\BidEvaluation.php(536): view('sys/BidEvaluation/TECEvaluation', [...])
 6 SYSTEMPATH\CodeIgniter.php(932): App\Controllers\BidEvaluation->TECEvaluation('4')
 7 SYSTEMPATH\CodeIgniter.php(497): CodeIgniter\CodeIgniter->runController(Object(App\Controllers\BidEvaluation))
 8 SYSTEMPATH\CodeIgniter.php(366): CodeIgniter\CodeIgniter->handleRequest(null, Object(Config\Cache), false)
 9 FCPATH\index.php(67): CodeIgniter\CodeIgniter->run()
CRITICAL - 2024-03-20 17:34:28 --> Undefined array key "Itemid"
in APPPATH\Views\sys\BidEvaluation\TECEvaluation.php on line 310.
 1 APPPATH\Views\sys\BidEvaluation\TECEvaluation.php(310): CodeIgniter\Debug\Exceptions->errorHandler(2, 'Undefined array key "Itemid"', 'C:\\xampp\\htdocs\\IPMS\\app\\Views\\sys\\BidEvaluation\\TECEvaluation.php', 310)
 2 SYSTEMPATH\View\View.php(224): include('C:\\xampp\\htdocs\\IPMS\\app\\Views\\sys\\BidEvaluation\\TECEvaluation.php')
 3 SYSTEMPATH\View\View.php(227): CodeIgniter\View\View->CodeIgniter\View\{closure}()
 4 SYSTEMPATH\Common.php(1176): CodeIgniter\View\View->render('sys/BidEvaluation/TECEvaluation', [], true)
 5 APPPATH\Controllers\BidEvaluation.php(536): view('sys/BidEvaluation/TECEvaluation', [...])
 6 SYSTEMPATH\CodeIgniter.php(932): App\Controllers\BidEvaluation->TECEvaluation('4')
 7 SYSTEMPATH\CodeIgniter.php(497): CodeIgniter\CodeIgniter->runController(Object(App\Controllers\BidEvaluation))
 8 SYSTEMPATH\CodeIgniter.php(366): CodeIgniter\CodeIgniter->handleRequest(null, Object(Config\Cache), false)
 9 FCPATH\index.php(67): CodeIgniter\CodeIgniter->run()
