CRITICAL - 2023-09-13 16:28:30 --> Undefined array key "Description"
in APPPATH\Views\sys\procurementPlan\viewPro.php on line 102.
 1 APPPATH\Views\sys\procurementPlan\viewPro.php(102): CodeIgniter\Debug\Exceptions->errorHandler(2, 'Undefined array key "Description"', 'C:\\xampp\\htdocs\\IPMS\\app\\Views\\sys\\procurementPlan\\viewPro.php', 102)
 2 SYSTEMPATH\View\View.php(224): include('C:\\xampp\\htdocs\\IPMS\\app\\Views\\sys\\procurementPlan\\viewPro.php')
 3 SYSTEMPATH\View\View.php(227): CodeIgniter\View\View->CodeIgniter\View\{closure}()
 4 SYSTEMPATH\Common.php(1176): CodeIgniter\View\View->render('sys/procurementPlan/viewPro', [], true)
 5 APPPATH\Controllers\ProcurementPlan.php(64): view('sys/procurementPlan/viewPro', [...])
 6 SYSTEMPATH\CodeIgniter.php(932): App\Controllers\ProcurementPlan->viewPro()
 7 SYSTEMPATH\CodeIgniter.php(497): CodeIgniter\CodeIgniter->runController(Object(App\Controllers\ProcurementPlan))
 8 SYSTEMPATH\CodeIgniter.php(366): CodeIgniter\CodeIgniter->handleRequest(null, Object(Config\Cache), false)
 9 FCPATH\index.php(67): CodeIgniter\CodeIgniter->run()
CRITICAL - 2023-09-13 17:01:44 --> Undefined variable $id
in APPPATH\Views\sys\procurementItem\add.php on line 21.
 1 APPPATH\Views\sys\procurementItem\add.php(21): CodeIgniter\Debug\Exceptions->errorHandler(2, 'Undefined variable $id', 'C:\\xampp\\htdocs\\IPMS\\app\\Views\\sys\\procurementItem\\add.php', 21)
 2 SYSTEMPATH\View\View.php(224): include('C:\\xampp\\htdocs\\IPMS\\app\\Views\\sys\\procurementItem\\add.php')
 3 SYSTEMPATH\View\View.php(227): CodeIgniter\View\View->CodeIgniter\View\{closure}()
 4 SYSTEMPATH\Common.php(1176): CodeIgniter\View\View->render('sys/ProcurementItem/add', [], true)
 5 APPPATH\Controllers\ProcurementItem.php(61): view('sys/ProcurementItem/add', [...])
 6 SYSTEMPATH\CodeIgniter.php(932): App\Controllers\ProcurementItem->add('3')
 7 SYSTEMPATH\CodeIgniter.php(497): CodeIgniter\CodeIgniter->runController(Object(App\Controllers\ProcurementItem))
 8 SYSTEMPATH\CodeIgniter.php(366): CodeIgniter\CodeIgniter->handleRequest(null, Object(Config\Cache), false)
 9 FCPATH\index.php(67): CodeIgniter\CodeIgniter->run()
CRITICAL - 2023-09-13 17:01:44 --> Undefined variable $id
in APPPATH\Views\sys\procurementItem\add.php on line 21.
 1 APPPATH\Views\sys\procurementItem\add.php(21): CodeIgniter\Debug\Exceptions->errorHandler(2, 'Undefined variable $id', 'C:\\xampp\\htdocs\\IPMS\\app\\Views\\sys\\procurementItem\\add.php', 21)
 2 SYSTEMPATH\View\View.php(224): include('C:\\xampp\\htdocs\\IPMS\\app\\Views\\sys\\procurementItem\\add.php')
 3 SYSTEMPATH\View\View.php(227): CodeIgniter\View\View->CodeIgniter\View\{closure}()
 4 SYSTEMPATH\Common.php(1176): CodeIgniter\View\View->render('sys/ProcurementItem/add', [], true)
 5 APPPATH\Controllers\ProcurementItem.php(61): view('sys/ProcurementItem/add', [...])
 6 SYSTEMPATH\CodeIgniter.php(932): App\Controllers\ProcurementItem->add('assets', 'img', 'messages-1.jpg')
 7 SYSTEMPATH\CodeIgniter.php(497): CodeIgniter\CodeIgniter->runController(Object(App\Controllers\ProcurementItem))
 8 SYSTEMPATH\CodeIgniter.php(366): CodeIgniter\CodeIgniter->handleRequest(null, Object(Config\Cache), false)
 9 FCPATH\index.php(67): CodeIgniter\CodeIgniter->run()
CRITICAL - 2023-09-13 17:07:01 --> Undefined variable $id
in APPPATH\Views\sys\procurementItem\add.php on line 21.
 1 APPPATH\Views\sys\procurementItem\add.php(21): CodeIgniter\Debug\Exceptions->errorHandler(2, 'Undefined variable $id', 'C:\\xampp\\htdocs\\IPMS\\app\\Views\\sys\\procurementItem\\add.php', 21)
 2 SYSTEMPATH\View\View.php(224): include('C:\\xampp\\htdocs\\IPMS\\app\\Views\\sys\\procurementItem\\add.php')
 3 SYSTEMPATH\View\View.php(227): CodeIgniter\View\View->CodeIgniter\View\{closure}()
 4 SYSTEMPATH\Common.php(1176): CodeIgniter\View\View->render('sys/ProcurementItem/add', [], true)
 5 APPPATH\Controllers\ProcurementItem.php(64): view('sys/ProcurementItem/add', [...])
 6 SYSTEMPATH\CodeIgniter.php(932): App\Controllers\ProcurementItem->add('4')
 7 SYSTEMPATH\CodeIgniter.php(497): CodeIgniter\CodeIgniter->runController(Object(App\Controllers\ProcurementItem))
 8 SYSTEMPATH\CodeIgniter.php(366): CodeIgniter\CodeIgniter->handleRequest(null, Object(Config\Cache), false)
 9 FCPATH\index.php(67): CodeIgniter\CodeIgniter->run()
CRITICAL - 2023-09-13 17:07:02 --> Undefined variable $id
in APPPATH\Views\sys\procurementItem\add.php on line 21.
 1 APPPATH\Views\sys\procurementItem\add.php(21): CodeIgniter\Debug\Exceptions->errorHandler(2, 'Undefined variable $id', 'C:\\xampp\\htdocs\\IPMS\\app\\Views\\sys\\procurementItem\\add.php', 21)
 2 SYSTEMPATH\View\View.php(224): include('C:\\xampp\\htdocs\\IPMS\\app\\Views\\sys\\procurementItem\\add.php')
 3 SYSTEMPATH\View\View.php(227): CodeIgniter\View\View->CodeIgniter\View\{closure}()
 4 SYSTEMPATH\Common.php(1176): CodeIgniter\View\View->render('sys/ProcurementItem/add', [], true)
 5 APPPATH\Controllers\ProcurementItem.php(64): view('sys/ProcurementItem/add', [...])
 6 SYSTEMPATH\CodeIgniter.php(932): App\Controllers\ProcurementItem->add('assets', 'img', 'messages-1.jpg')
 7 SYSTEMPATH\CodeIgniter.php(497): CodeIgniter\CodeIgniter->runController(Object(App\Controllers\ProcurementItem))
 8 SYSTEMPATH\CodeIgniter.php(366): CodeIgniter\CodeIgniter->handleRequest(null, Object(Config\Cache), false)
 9 FCPATH\index.php(67): CodeIgniter\CodeIgniter->run()
ERROR - 2023-09-13 17:09:39 --> mysqli_sql_exception: Unknown column 'PId' in 'field list' in C:\xampp\htdocs\IPMS\system\Database\MySQLi\Connection.php:295
Stack trace:
#0 C:\xampp\htdocs\IPMS\system\Database\MySQLi\Connection.php(295): mysqli->query('INSERT INTO `pr...', 0)
#1 C:\xampp\htdocs\IPMS\system\Database\BaseConnection.php(692): CodeIgniter\Database\MySQLi\Connection->execute('INSERT INTO `pr...')
#2 C:\xampp\htdocs\IPMS\system\Database\BaseConnection.php(606): CodeIgniter\Database\BaseConnection->simpleQuery('INSERT INTO `pr...')
#3 C:\xampp\htdocs\IPMS\system\Database\BaseBuilder.php(2309): CodeIgniter\Database\BaseConnection->query('INSERT INTO `pr...', Array, false)
#4 C:\xampp\htdocs\IPMS\system\Model.php(330): CodeIgniter\Database\BaseBuilder->insert()
#5 C:\xampp\htdocs\IPMS\system\BaseModel.php(782): CodeIgniter\Model->doInsert(Array)
#6 C:\xampp\htdocs\IPMS\system\Model.php(730): CodeIgniter\BaseModel->insert(Array, false)
#7 C:\xampp\htdocs\IPMS\system\BaseModel.php(692): CodeIgniter\Model->insert(Array, false)
#8 C:\xampp\htdocs\IPMS\app\Controllers\ProcurementItem.php(44): CodeIgniter\BaseModel->save(Array)
#9 C:\xampp\htdocs\IPMS\system\CodeIgniter.php(932): App\Controllers\ProcurementItem->add()
#10 C:\xampp\htdocs\IPMS\system\CodeIgniter.php(497): CodeIgniter\CodeIgniter->runController(Object(App\Controllers\ProcurementItem))
#11 C:\xampp\htdocs\IPMS\system\CodeIgniter.php(366): CodeIgniter\CodeIgniter->handleRequest(NULL, Object(Config\Cache), false)
#12 C:\xampp\htdocs\IPMS\index.php(67): CodeIgniter\CodeIgniter->run()
#13 {main}
CRITICAL - 2023-09-13 17:09:39 --> Unknown column 'PId' in 'field list'
in SYSTEMPATH\Database\MySQLi\Connection.php on line 295.
 1 SYSTEMPATH\Database\MySQLi\Connection.php(295): mysqli->query('INSERT INTO `procuremenyitem` (`ItemName`, `Quantity`, `Cost`, `PStatus`, `Authority`, `PType`, `Progress`, `CommeDate`, `CompleateDate`, `PId`) VALUES (\'Civil Shoes (Black)\', \'50\', \'9000000\', \'Priority\', \'STF\', \'NCB\', \'DocumentPrepared\', \'2023-09-12\', \'2023-10-13\', \'5\')', 0)
 2 SYSTEMPATH\Database\BaseConnection.php(692): CodeIgniter\Database\MySQLi\Connection->execute('INSERT INTO `procuremenyitem` (`ItemName`, `Quantity`, `Cost`, `PStatus`, `Authority`, `PType`, `Progress`, `CommeDate`, `CompleateDate`, `PId`) VALUES (\'Civil Shoes (Black)\', \'50\', \'9000000\', \'Priority\', \'STF\', \'NCB\', \'DocumentPrepared\', \'2023-09-12\', \'2023-10-13\', \'5\')')
 3 SYSTEMPATH\Database\BaseConnection.php(606): CodeIgniter\Database\BaseConnection->simpleQuery('INSERT INTO `procuremenyitem` (`ItemName`, `Quantity`, `Cost`, `PStatus`, `Authority`, `PType`, `Progress`, `CommeDate`, `CompleateDate`, `PId`) VALUES (\'Civil Shoes (Black)\', \'50\', \'9000000\', \'Priority\', \'STF\', \'NCB\', \'DocumentPrepared\', \'2023-09-12\', \'2023-10-13\', \'5\')')
 4 SYSTEMPATH\Database\BaseBuilder.php(2309): CodeIgniter\Database\BaseConnection->query('INSERT INTO `procuremenyitem` (`ItemName`, `Quantity`, `Cost`, `PStatus`, `Authority`, `PType`, `Progress`, `CommeDate`, `CompleateDate`, `PId`) VALUES (:ItemName:, :Quantity:, :Cost:, :PStatus:, :Authority:, :PType:, :Progress:, :CommeDate:, :CompleateDate:, :PId:)', [...], false)
 5 SYSTEMPATH\Model.php(330): CodeIgniter\Database\BaseBuilder->insert()
 6 SYSTEMPATH\BaseModel.php(782): CodeIgniter\Model->doInsert([...])
 7 SYSTEMPATH\Model.php(730): CodeIgniter\BaseModel->insert([...], false)
 8 SYSTEMPATH\BaseModel.php(692): CodeIgniter\Model->insert([...], false)
 9 APPPATH\Controllers\ProcurementItem.php(44): CodeIgniter\BaseModel->save([...])
10 SYSTEMPATH\CodeIgniter.php(932): App\Controllers\ProcurementItem->add()
11 SYSTEMPATH\CodeIgniter.php(497): CodeIgniter\CodeIgniter->runController(Object(App\Controllers\ProcurementItem))
12 SYSTEMPATH\CodeIgniter.php(366): CodeIgniter\CodeIgniter->handleRequest(null, Object(Config\Cache), false)
13 FCPATH\index.php(67): CodeIgniter\CodeIgniter->run()
