CRITICAL - 2024-03-06 09:55:53 --> Undefined variable $result
in APPPATH\Views\sys\tender\viewmore.php on line 117.
 1 APPPATH\Views\sys\tender\viewmore.php(117): CodeIgniter\Debug\Exceptions->errorHandler(2, 'Undefined variable $result', 'C:\\xampp\\htdocs\\IPMS\\app\\Views\\sys\\tender\\viewmore.php', 117)
 2 SYSTEMPATH\View\View.php(224): include('C:\\xampp\\htdocs\\IPMS\\app\\Views\\sys\\tender\\viewmore.php')
 3 SYSTEMPATH\View\View.php(227): CodeIgniter\View\View->CodeIgniter\View\{closure}()
 4 SYSTEMPATH\Common.php(1176): CodeIgniter\View\View->render('sys/tender/viewmore', [], true)
 5 APPPATH\Controllers\Tender.php(294): view('sys/tender/viewmore', [...])
 6 SYSTEMPATH\CodeIgniter.php(932): App\Controllers\Tender->viewmore('assets', 'img', 'messages-1.jpg')
 7 SYSTEMPATH\CodeIgniter.php(497): CodeIgniter\CodeIgniter->runController(Object(App\Controllers\Tender))
 8 SYSTEMPATH\CodeIgniter.php(366): CodeIgniter\CodeIgniter->handleRequest(null, Object(Config\Cache), false)
 9 FCPATH\index.php(67): CodeIgniter\CodeIgniter->run()
CRITICAL - 2024-03-06 10:02:09 --> Undefined variable $result
in APPPATH\Views\sys\tender\viewmore.php on line 118.
 1 APPPATH\Views\sys\tender\viewmore.php(118): CodeIgniter\Debug\Exceptions->errorHandler(2, 'Undefined variable $result', 'C:\\xampp\\htdocs\\IPMS\\app\\Views\\sys\\tender\\viewmore.php', 118)
 2 SYSTEMPATH\View\View.php(224): include('C:\\xampp\\htdocs\\IPMS\\app\\Views\\sys\\tender\\viewmore.php')
 3 SYSTEMPATH\View\View.php(227): CodeIgniter\View\View->CodeIgniter\View\{closure}()
 4 SYSTEMPATH\Common.php(1176): CodeIgniter\View\View->render('sys/tender/viewmore', [], true)
 5 APPPATH\Controllers\Tender.php(294): view('sys/tender/viewmore', [...])
 6 SYSTEMPATH\CodeIgniter.php(932): App\Controllers\Tender->viewmore('assets', 'img', 'messages-1.jpg')
 7 SYSTEMPATH\CodeIgniter.php(497): CodeIgniter\CodeIgniter->runController(Object(App\Controllers\Tender))
 8 SYSTEMPATH\CodeIgniter.php(366): CodeIgniter\CodeIgniter->handleRequest(null, Object(Config\Cache), false)
 9 FCPATH\index.php(67): CodeIgniter\CodeIgniter->run()
CRITICAL - 2024-03-06 10:02:50 --> Undefined variable $result
in APPPATH\Views\sys\tender\viewmore.php on line 118.
 1 APPPATH\Views\sys\tender\viewmore.php(118): CodeIgniter\Debug\Exceptions->errorHandler(2, 'Undefined variable $result', 'C:\\xampp\\htdocs\\IPMS\\app\\Views\\sys\\tender\\viewmore.php', 118)
 2 SYSTEMPATH\View\View.php(224): include('C:\\xampp\\htdocs\\IPMS\\app\\Views\\sys\\tender\\viewmore.php')
 3 SYSTEMPATH\View\View.php(227): CodeIgniter\View\View->CodeIgniter\View\{closure}()
 4 SYSTEMPATH\Common.php(1176): CodeIgniter\View\View->render('sys/tender/viewmore', [], true)
 5 APPPATH\Controllers\Tender.php(294): view('sys/tender/viewmore', [...])
 6 SYSTEMPATH\CodeIgniter.php(932): App\Controllers\Tender->viewmore('assets', 'img', 'messages-1.jpg')
 7 SYSTEMPATH\CodeIgniter.php(497): CodeIgniter\CodeIgniter->runController(Object(App\Controllers\Tender))
 8 SYSTEMPATH\CodeIgniter.php(366): CodeIgniter\CodeIgniter->handleRequest(null, Object(Config\Cache), false)
 9 FCPATH\index.php(67): CodeIgniter\CodeIgniter->run()
CRITICAL - 2024-03-06 10:19:27 --> Undefined variable $results
in APPPATH\Views\sys\BidEvaluation\viewSpecdetails.php on line 72.
 1 APPPATH\Views\sys\BidEvaluation\viewSpecdetails.php(72): CodeIgniter\Debug\Exceptions->errorHandler(2, 'Undefined variable $results', 'C:\\xampp\\htdocs\\IPMS\\app\\Views\\sys\\BidEvaluation\\viewSpecdetails.php', 72)
 2 SYSTEMPATH\View\View.php(224): include('C:\\xampp\\htdocs\\IPMS\\app\\Views\\sys\\BidEvaluation\\viewSpecdetails.php')
 3 SYSTEMPATH\View\View.php(227): CodeIgniter\View\View->CodeIgniter\View\{closure}()
 4 SYSTEMPATH\Common.php(1176): CodeIgniter\View\View->render('sys/BidEvaluation/viewSpecdetails', [], true)
 5 APPPATH\Controllers\BidEvaluation.php(700): view('sys/BidEvaluation/viewSpecdetails', [...])
 6 SYSTEMPATH\CodeIgniter.php(932): App\Controllers\BidEvaluation->viewSpecdetails('1', 'assets', 'img', 'messages-1.jpg')
 7 SYSTEMPATH\CodeIgniter.php(497): CodeIgniter\CodeIgniter->runController(Object(App\Controllers\BidEvaluation))
 8 SYSTEMPATH\CodeIgniter.php(366): CodeIgniter\CodeIgniter->handleRequest(null, Object(Config\Cache), false)
 9 FCPATH\index.php(67): CodeIgniter\CodeIgniter->run()
CRITICAL - 2024-03-06 10:20:07 --> Undefined variable $results
in APPPATH\Views\sys\BidEvaluation\viewSpecdetails.php on line 72.
 1 APPPATH\Views\sys\BidEvaluation\viewSpecdetails.php(72): CodeIgniter\Debug\Exceptions->errorHandler(2, 'Undefined variable $results', 'C:\\xampp\\htdocs\\IPMS\\app\\Views\\sys\\BidEvaluation\\viewSpecdetails.php', 72)
 2 SYSTEMPATH\View\View.php(224): include('C:\\xampp\\htdocs\\IPMS\\app\\Views\\sys\\BidEvaluation\\viewSpecdetails.php')
 3 SYSTEMPATH\View\View.php(227): CodeIgniter\View\View->CodeIgniter\View\{closure}()
 4 SYSTEMPATH\Common.php(1176): CodeIgniter\View\View->render('sys/BidEvaluation/viewSpecdetails', [], true)
 5 APPPATH\Controllers\BidEvaluation.php(700): view('sys/BidEvaluation/viewSpecdetails', [...])
 6 SYSTEMPATH\CodeIgniter.php(932): App\Controllers\BidEvaluation->viewSpecdetails('1', 'assets', 'img', 'messages-1.jpg')
 7 SYSTEMPATH\CodeIgniter.php(497): CodeIgniter\CodeIgniter->runController(Object(App\Controllers\BidEvaluation))
 8 SYSTEMPATH\CodeIgniter.php(366): CodeIgniter\CodeIgniter->handleRequest(null, Object(Config\Cache), false)
 9 FCPATH\index.php(67): CodeIgniter\CodeIgniter->run()
CRITICAL - 2024-03-06 10:20:36 --> Undefined variable $results
in APPPATH\Views\sys\BidEvaluation\viewSpecdetails.php on line 72.
 1 APPPATH\Views\sys\BidEvaluation\viewSpecdetails.php(72): CodeIgniter\Debug\Exceptions->errorHandler(2, 'Undefined variable $results', 'C:\\xampp\\htdocs\\IPMS\\app\\Views\\sys\\BidEvaluation\\viewSpecdetails.php', 72)
 2 SYSTEMPATH\View\View.php(224): include('C:\\xampp\\htdocs\\IPMS\\app\\Views\\sys\\BidEvaluation\\viewSpecdetails.php')
 3 SYSTEMPATH\View\View.php(227): CodeIgniter\View\View->CodeIgniter\View\{closure}()
 4 SYSTEMPATH\Common.php(1176): CodeIgniter\View\View->render('sys/BidEvaluation/viewSpecdetails', [], true)
 5 APPPATH\Controllers\BidEvaluation.php(700): view('sys/BidEvaluation/viewSpecdetails', [...])
 6 SYSTEMPATH\CodeIgniter.php(932): App\Controllers\BidEvaluation->viewSpecdetails('1', 'assets', 'img', 'messages-1.jpg')
 7 SYSTEMPATH\CodeIgniter.php(497): CodeIgniter\CodeIgniter->runController(Object(App\Controllers\BidEvaluation))
 8 SYSTEMPATH\CodeIgniter.php(366): CodeIgniter\CodeIgniter->handleRequest(null, Object(Config\Cache), false)
 9 FCPATH\index.php(67): CodeIgniter\CodeIgniter->run()
CRITICAL - 2024-03-06 10:20:43 --> Undefined variable $results
in APPPATH\Views\sys\BidEvaluation\viewSpecdetails.php on line 72.
 1 APPPATH\Views\sys\BidEvaluation\viewSpecdetails.php(72): CodeIgniter\Debug\Exceptions->errorHandler(2, 'Undefined variable $results', 'C:\\xampp\\htdocs\\IPMS\\app\\Views\\sys\\BidEvaluation\\viewSpecdetails.php', 72)
 2 SYSTEMPATH\View\View.php(224): include('C:\\xampp\\htdocs\\IPMS\\app\\Views\\sys\\BidEvaluation\\viewSpecdetails.php')
 3 SYSTEMPATH\View\View.php(227): CodeIgniter\View\View->CodeIgniter\View\{closure}()
 4 SYSTEMPATH\Common.php(1176): CodeIgniter\View\View->render('sys/BidEvaluation/viewSpecdetails', [], true)
 5 APPPATH\Controllers\BidEvaluation.php(700): view('sys/BidEvaluation/viewSpecdetails', [...])
 6 SYSTEMPATH\CodeIgniter.php(932): App\Controllers\BidEvaluation->viewSpecdetails('3', 'assets', 'img', 'messages-1.jpg')
 7 SYSTEMPATH\CodeIgniter.php(497): CodeIgniter\CodeIgniter->runController(Object(App\Controllers\BidEvaluation))
 8 SYSTEMPATH\CodeIgniter.php(366): CodeIgniter\CodeIgniter->handleRequest(null, Object(Config\Cache), false)
 9 FCPATH\index.php(67): CodeIgniter\CodeIgniter->run()
CRITICAL - 2024-03-06 10:21:04 --> Undefined variable $results
in APPPATH\Views\sys\BidEvaluation\viewSpecdetails.php on line 72.
 1 APPPATH\Views\sys\BidEvaluation\viewSpecdetails.php(72): CodeIgniter\Debug\Exceptions->errorHandler(2, 'Undefined variable $results', 'C:\\xampp\\htdocs\\IPMS\\app\\Views\\sys\\BidEvaluation\\viewSpecdetails.php', 72)
 2 SYSTEMPATH\View\View.php(224): include('C:\\xampp\\htdocs\\IPMS\\app\\Views\\sys\\BidEvaluation\\viewSpecdetails.php')
 3 SYSTEMPATH\View\View.php(227): CodeIgniter\View\View->CodeIgniter\View\{closure}()
 4 SYSTEMPATH\Common.php(1176): CodeIgniter\View\View->render('sys/BidEvaluation/viewSpecdetails', [], true)
 5 APPPATH\Controllers\BidEvaluation.php(700): view('sys/BidEvaluation/viewSpecdetails', [...])
 6 SYSTEMPATH\CodeIgniter.php(932): App\Controllers\BidEvaluation->viewSpecdetails('3', 'assets', 'img', 'messages-1.jpg')
 7 SYSTEMPATH\CodeIgniter.php(497): CodeIgniter\CodeIgniter->runController(Object(App\Controllers\BidEvaluation))
 8 SYSTEMPATH\CodeIgniter.php(366): CodeIgniter\CodeIgniter->handleRequest(null, Object(Config\Cache), false)
 9 FCPATH\index.php(67): CodeIgniter\CodeIgniter->run()
CRITICAL - 2024-03-06 14:03:16 --> Undefined array key "SpecId"
in APPPATH\Views\sys\BidEvaluation\TECEvaluation.php on line 275.
 1 APPPATH\Views\sys\BidEvaluation\TECEvaluation.php(275): CodeIgniter\Debug\Exceptions->errorHandler(2, 'Undefined array key "SpecId"', 'C:\\xampp\\htdocs\\IPMS\\app\\Views\\sys\\BidEvaluation\\TECEvaluation.php', 275)
 2 SYSTEMPATH\View\View.php(224): include('C:\\xampp\\htdocs\\IPMS\\app\\Views\\sys\\BidEvaluation\\TECEvaluation.php')
 3 SYSTEMPATH\View\View.php(227): CodeIgniter\View\View->CodeIgniter\View\{closure}()
 4 SYSTEMPATH\Common.php(1176): CodeIgniter\View\View->render('sys/BidEvaluation/TECEvaluation', [], true)
 5 APPPATH\Controllers\BidEvaluation.php(496): view('sys/BidEvaluation/TECEvaluation', [...])
 6 SYSTEMPATH\CodeIgniter.php(932): App\Controllers\BidEvaluation->TECEvaluation('51')
 7 SYSTEMPATH\CodeIgniter.php(497): CodeIgniter\CodeIgniter->runController(Object(App\Controllers\BidEvaluation))
 8 SYSTEMPATH\CodeIgniter.php(366): CodeIgniter\CodeIgniter->handleRequest(null, Object(Config\Cache), false)
 9 FCPATH\index.php(67): CodeIgniter\CodeIgniter->run()
CRITICAL - 2024-03-06 14:12:37 --> Undefined array key "SpecId"
in APPPATH\Views\sys\BidEvaluation\TECEvaluation.php on line 275.
 1 APPPATH\Views\sys\BidEvaluation\TECEvaluation.php(275): CodeIgniter\Debug\Exceptions->errorHandler(2, 'Undefined array key "SpecId"', 'C:\\xampp\\htdocs\\IPMS\\app\\Views\\sys\\BidEvaluation\\TECEvaluation.php', 275)
 2 SYSTEMPATH\View\View.php(224): include('C:\\xampp\\htdocs\\IPMS\\app\\Views\\sys\\BidEvaluation\\TECEvaluation.php')
 3 SYSTEMPATH\View\View.php(227): CodeIgniter\View\View->CodeIgniter\View\{closure}()
 4 SYSTEMPATH\Common.php(1176): CodeIgniter\View\View->render('sys/BidEvaluation/TECEvaluation', [], true)
 5 APPPATH\Controllers\BidEvaluation.php(496): view('sys/BidEvaluation/TECEvaluation', [...])
 6 SYSTEMPATH\CodeIgniter.php(932): App\Controllers\BidEvaluation->TECEvaluation('51')
 7 SYSTEMPATH\CodeIgniter.php(497): CodeIgniter\CodeIgniter->runController(Object(App\Controllers\BidEvaluation))
 8 SYSTEMPATH\CodeIgniter.php(366): CodeIgniter\CodeIgniter->handleRequest(null, Object(Config\Cache), false)
 9 FCPATH\index.php(67): CodeIgniter\CodeIgniter->run()
CRITICAL - 2024-03-06 14:25:25 --> Undefined variable $M
in APPPATH\Views\sys\BidEvaluation\TECEvaluation.php on line 270.
 1 APPPATH\Views\sys\BidEvaluation\TECEvaluation.php(270): CodeIgniter\Debug\Exceptions->errorHandler(2, 'Undefined variable $M', 'C:\\xampp\\htdocs\\IPMS\\app\\Views\\sys\\BidEvaluation\\TECEvaluation.php', 270)
 2 SYSTEMPATH\View\View.php(224): include('C:\\xampp\\htdocs\\IPMS\\app\\Views\\sys\\BidEvaluation\\TECEvaluation.php')
 3 SYSTEMPATH\View\View.php(227): CodeIgniter\View\View->CodeIgniter\View\{closure}()
 4 SYSTEMPATH\Common.php(1176): CodeIgniter\View\View->render('sys/BidEvaluation/TECEvaluation', [], true)
 5 APPPATH\Controllers\BidEvaluation.php(496): view('sys/BidEvaluation/TECEvaluation', [...])
 6 SYSTEMPATH\CodeIgniter.php(932): App\Controllers\BidEvaluation->TECEvaluation('51')
 7 SYSTEMPATH\CodeIgniter.php(497): CodeIgniter\CodeIgniter->runController(Object(App\Controllers\BidEvaluation))
 8 SYSTEMPATH\CodeIgniter.php(366): CodeIgniter\CodeIgniter->handleRequest(null, Object(Config\Cache), false)
 9 FCPATH\index.php(67): CodeIgniter\CodeIgniter->run()
CRITICAL - 2024-03-06 14:25:27 --> Undefined variable $M
in APPPATH\Views\sys\BidEvaluation\TECEvaluation.php on line 270.
 1 APPPATH\Views\sys\BidEvaluation\TECEvaluation.php(270): CodeIgniter\Debug\Exceptions->errorHandler(2, 'Undefined variable $M', 'C:\\xampp\\htdocs\\IPMS\\app\\Views\\sys\\BidEvaluation\\TECEvaluation.php', 270)
 2 SYSTEMPATH\View\View.php(224): include('C:\\xampp\\htdocs\\IPMS\\app\\Views\\sys\\BidEvaluation\\TECEvaluation.php')
 3 SYSTEMPATH\View\View.php(227): CodeIgniter\View\View->CodeIgniter\View\{closure}()
 4 SYSTEMPATH\Common.php(1176): CodeIgniter\View\View->render('sys/BidEvaluation/TECEvaluation', [], true)
 5 APPPATH\Controllers\BidEvaluation.php(496): view('sys/BidEvaluation/TECEvaluation', [...])
 6 SYSTEMPATH\CodeIgniter.php(932): App\Controllers\BidEvaluation->TECEvaluation('51')
 7 SYSTEMPATH\CodeIgniter.php(497): CodeIgniter\CodeIgniter->runController(Object(App\Controllers\BidEvaluation))
 8 SYSTEMPATH\CodeIgniter.php(366): CodeIgniter\CodeIgniter->handleRequest(null, Object(Config\Cache), false)
 9 FCPATH\index.php(67): CodeIgniter\CodeIgniter->run()
CRITICAL - 2024-03-06 14:28:21 --> Undefined variable $TotalMarks
in APPPATH\Views\sys\BidEvaluation\TECEvaluation.php on line 296.
 1 APPPATH\Views\sys\BidEvaluation\TECEvaluation.php(296): CodeIgniter\Debug\Exceptions->errorHandler(2, 'Undefined variable $TotalMarks', 'C:\\xampp\\htdocs\\IPMS\\app\\Views\\sys\\BidEvaluation\\TECEvaluation.php', 296)
 2 SYSTEMPATH\View\View.php(224): include('C:\\xampp\\htdocs\\IPMS\\app\\Views\\sys\\BidEvaluation\\TECEvaluation.php')
 3 SYSTEMPATH\View\View.php(227): CodeIgniter\View\View->CodeIgniter\View\{closure}()
 4 SYSTEMPATH\Common.php(1176): CodeIgniter\View\View->render('sys/BidEvaluation/TECEvaluation', [], true)
 5 APPPATH\Controllers\BidEvaluation.php(496): view('sys/BidEvaluation/TECEvaluation', [...])
 6 SYSTEMPATH\CodeIgniter.php(932): App\Controllers\BidEvaluation->TECEvaluation('assets', '7', 'messages-1.jpg')
 7 SYSTEMPATH\CodeIgniter.php(497): CodeIgniter\CodeIgniter->runController(Object(App\Controllers\BidEvaluation))
 8 SYSTEMPATH\CodeIgniter.php(366): CodeIgniter\CodeIgniter->handleRequest(null, Object(Config\Cache), false)
 9 FCPATH\index.php(67): CodeIgniter\CodeIgniter->run()
ERROR - 2024-03-06 14:52:13 --> mysqli_sql_exception: You have an error in your SQL syntax; check the manual that corresponds to your MariaDB server version for the right syntax to use near 'INNER JOIN SPriceSchedule i ON i.TenderId=p1.TenderId = p2.TenderId
         ...' at line 8 in C:\xampp\htdocs\IPMS\system\Database\MySQLi\Connection.php:295
Stack trace:
#0 C:\xampp\htdocs\IPMS\system\Database\MySQLi\Connection.php(295): mysqli->query('\n        SELECT...', 0)
#1 C:\xampp\htdocs\IPMS\system\Database\BaseConnection.php(692): CodeIgniter\Database\MySQLi\Connection->execute('\n        SELECT...')
#2 C:\xampp\htdocs\IPMS\system\Database\BaseConnection.php(606): CodeIgniter\Database\BaseConnection->simpleQuery('\n        SELECT...')
#3 C:\xampp\htdocs\IPMS\system\Model.php(832): CodeIgniter\Database\BaseConnection->query('\n        SELECT...')
#4 C:\xampp\htdocs\IPMS\app\Models\PAnalysisMarksModel.php(32): CodeIgniter\Model->__call('query', Array)
#5 C:\xampp\htdocs\IPMS\app\Controllers\BidEvaluation.php(455): App\Models\PAnalysisMarksModel->joinBidderDetailsforBidEvaluations('51')
#6 C:\xampp\htdocs\IPMS\system\CodeIgniter.php(932): App\Controllers\BidEvaluation->TECEvaluation('51')
#7 C:\xampp\htdocs\IPMS\system\CodeIgniter.php(497): CodeIgniter\CodeIgniter->runController(Object(App\Controllers\BidEvaluation))
#8 C:\xampp\htdocs\IPMS\system\CodeIgniter.php(366): CodeIgniter\CodeIgniter->handleRequest(NULL, Object(Config\Cache), false)
#9 C:\xampp\htdocs\IPMS\index.php(67): CodeIgniter\CodeIgniter->run()
#10 {main}
CRITICAL - 2024-03-06 14:52:13 --> You have an error in your SQL syntax; check the manual that corresponds to your MariaDB server version for the right syntax to use near 'INNER JOIN SPriceSchedule i ON i.TenderId=p1.TenderId = p2.TenderId
         ...' at line 8
in SYSTEMPATH\Database\MySQLi\Connection.php on line 295.
 1 SYSTEMPATH\Database\MySQLi\Connection.php(295): mysqli->query('
        SELECT p1.*
        FROM panalysismarks p1
        JOIN panalysismarks p2 ON p1.TenderId = p2.TenderId
        WHERE p1.docid = \'BidSubmissionform\' AND p1.DocStatus = \'yes\'
        AND p2.docid = \'Bid Bond\'
        AND p2.DocStatus = \'yes\'
        AND p1.VendorId =p2.VendorId
        INNER JOIN SPriceSchedule i ON i.TenderId=p1.TenderId = p2.TenderId
         INNER JOIN TItem t ON i.TenderId = t.TId
        INNER JOIN nonregisteredsuppliers r ON i.UserId = r.UserId        
        INNER JOIN User u ON i.UserId = u.UserId where i.TenderId=\'51\'', 0)
 2 SYSTEMPATH\Database\BaseConnection.php(692): CodeIgniter\Database\MySQLi\Connection->execute('
        SELECT p1.*
        FROM panalysismarks p1
        JOIN panalysismarks p2 ON p1.TenderId = p2.TenderId
        WHERE p1.docid = \'BidSubmissionform\' AND p1.DocStatus = \'yes\'
        AND p2.docid = \'Bid Bond\'
        AND p2.DocStatus = \'yes\'
        AND p1.VendorId =p2.VendorId
        INNER JOIN SPriceSchedule i ON i.TenderId=p1.TenderId = p2.TenderId
         INNER JOIN TItem t ON i.TenderId = t.TId
        INNER JOIN nonregisteredsuppliers r ON i.UserId = r.UserId        
        INNER JOIN User u ON i.UserId = u.UserId where i.TenderId=\'51\'')
 3 SYSTEMPATH\Database\BaseConnection.php(606): CodeIgniter\Database\BaseConnection->simpleQuery('
        SELECT p1.*
        FROM panalysismarks p1
        JOIN panalysismarks p2 ON p1.TenderId = p2.TenderId
        WHERE p1.docid = \'BidSubmissionform\' AND p1.DocStatus = \'yes\'
        AND p2.docid = \'Bid Bond\'
        AND p2.DocStatus = \'yes\'
        AND p1.VendorId =p2.VendorId
        INNER JOIN SPriceSchedule i ON i.TenderId=p1.TenderId = p2.TenderId
         INNER JOIN TItem t ON i.TenderId = t.TId
        INNER JOIN nonregisteredsuppliers r ON i.UserId = r.UserId        
        INNER JOIN User u ON i.UserId = u.UserId where i.TenderId=\'51\'')
 4 SYSTEMPATH\Model.php(832): CodeIgniter\Database\BaseConnection->query('
        SELECT p1.*
        FROM panalysismarks p1
        JOIN panalysismarks p2 ON p1.TenderId = p2.TenderId
        WHERE p1.docid = \'BidSubmissionform\' AND p1.DocStatus = \'yes\'
        AND p2.docid = \'Bid Bond\'
        AND p2.DocStatus = \'yes\'
        AND p1.VendorId =p2.VendorId
        INNER JOIN SPriceSchedule i ON i.TenderId=p1.TenderId = p2.TenderId
         INNER JOIN TItem t ON i.TenderId = t.TId
        INNER JOIN nonregisteredsuppliers r ON i.UserId = r.UserId        
        INNER JOIN User u ON i.UserId = u.UserId where i.TenderId=\'51\'')
 5 APPPATH\Models\PAnalysisMarksModel.php(32): CodeIgniter\Model->__call('query', [...])
 6 APPPATH\Controllers\BidEvaluation.php(455): App\Models\PAnalysisMarksModel->joinBidderDetailsforBidEvaluations('51')
 7 SYSTEMPATH\CodeIgniter.php(932): App\Controllers\BidEvaluation->TECEvaluation('51')
 8 SYSTEMPATH\CodeIgniter.php(497): CodeIgniter\CodeIgniter->runController(Object(App\Controllers\BidEvaluation))
 9 SYSTEMPATH\CodeIgniter.php(366): CodeIgniter\CodeIgniter->handleRequest(null, Object(Config\Cache), false)
10 FCPATH\index.php(67): CodeIgniter\CodeIgniter->run()
CRITICAL - 2024-03-06 15:20:54 --> Undefined array key "SpecId"
in APPPATH\Views\sys\BidEvaluation\TECEvaluation.php on line 277.
 1 APPPATH\Views\sys\BidEvaluation\TECEvaluation.php(277): CodeIgniter\Debug\Exceptions->errorHandler(2, 'Undefined array key "SpecId"', 'C:\\xampp\\htdocs\\IPMS\\app\\Views\\sys\\BidEvaluation\\TECEvaluation.php', 277)
 2 SYSTEMPATH\View\View.php(224): include('C:\\xampp\\htdocs\\IPMS\\app\\Views\\sys\\BidEvaluation\\TECEvaluation.php')
 3 SYSTEMPATH\View\View.php(227): CodeIgniter\View\View->CodeIgniter\View\{closure}()
 4 SYSTEMPATH\Common.php(1176): CodeIgniter\View\View->render('sys/BidEvaluation/TECEvaluation', [], true)
 5 APPPATH\Controllers\BidEvaluation.php(497): view('sys/BidEvaluation/TECEvaluation', [...])
 6 SYSTEMPATH\CodeIgniter.php(932): App\Controllers\BidEvaluation->TECEvaluation('51')
 7 SYSTEMPATH\CodeIgniter.php(497): CodeIgniter\CodeIgniter->runController(Object(App\Controllers\BidEvaluation))
 8 SYSTEMPATH\CodeIgniter.php(366): CodeIgniter\CodeIgniter->handleRequest(null, Object(Config\Cache), false)
 9 FCPATH\index.php(67): CodeIgniter\CodeIgniter->run()
CRITICAL - 2024-03-06 15:47:31 --> Unclosed '{' on line 269
in APPPATH\Views\sys\BidEvaluation\TECEvaluation.php on line 435.
 1 SYSTEMPATH\View\View.php(227): CodeIgniter\View\View->CodeIgniter\View\{closure}()
 2 SYSTEMPATH\Common.php(1176): CodeIgniter\View\View->render('sys/BidEvaluation/TECEvaluation', [], true)
 3 APPPATH\Controllers\BidEvaluation.php(497): view('sys/BidEvaluation/TECEvaluation', [...])
 4 SYSTEMPATH\CodeIgniter.php(932): App\Controllers\BidEvaluation->TECEvaluation('51')
 5 SYSTEMPATH\CodeIgniter.php(497): CodeIgniter\CodeIgniter->runController(Object(App\Controllers\BidEvaluation))
 6 SYSTEMPATH\CodeIgniter.php(366): CodeIgniter\CodeIgniter->handleRequest(null, Object(Config\Cache), false)
 7 FCPATH\index.php(67): CodeIgniter\CodeIgniter->run()
CRITICAL - 2024-03-06 15:47:34 --> Unclosed '{' on line 269
in APPPATH\Views\sys\BidEvaluation\TECEvaluation.php on line 435.
 1 SYSTEMPATH\View\View.php(227): CodeIgniter\View\View->CodeIgniter\View\{closure}()
 2 SYSTEMPATH\Common.php(1176): CodeIgniter\View\View->render('sys/BidEvaluation/TECEvaluation', [], true)
 3 APPPATH\Controllers\BidEvaluation.php(497): view('sys/BidEvaluation/TECEvaluation', [...])
 4 SYSTEMPATH\CodeIgniter.php(932): App\Controllers\BidEvaluation->TECEvaluation('assets', '7', 'messages-1.jpg')
 5 SYSTEMPATH\CodeIgniter.php(497): CodeIgniter\CodeIgniter->runController(Object(App\Controllers\BidEvaluation))
 6 SYSTEMPATH\CodeIgniter.php(366): CodeIgniter\CodeIgniter->handleRequest(null, Object(Config\Cache), false)
 7 FCPATH\index.php(67): CodeIgniter\CodeIgniter->run()
CRITICAL - 2024-03-06 15:51:19 --> Undefined variable $listz
in APPPATH\Views\sys\BidEvaluation\TECEvaluation.php on line 296.
 1 APPPATH\Views\sys\BidEvaluation\TECEvaluation.php(296): CodeIgniter\Debug\Exceptions->errorHandler(2, 'Undefined variable $listz', 'C:\\xampp\\htdocs\\IPMS\\app\\Views\\sys\\BidEvaluation\\TECEvaluation.php', 296)
 2 SYSTEMPATH\View\View.php(224): include('C:\\xampp\\htdocs\\IPMS\\app\\Views\\sys\\BidEvaluation\\TECEvaluation.php')
 3 SYSTEMPATH\View\View.php(227): CodeIgniter\View\View->CodeIgniter\View\{closure}()
 4 SYSTEMPATH\Common.php(1176): CodeIgniter\View\View->render('sys/BidEvaluation/TECEvaluation', [], true)
 5 APPPATH\Controllers\BidEvaluation.php(497): view('sys/BidEvaluation/TECEvaluation', [...])
 6 SYSTEMPATH\CodeIgniter.php(932): App\Controllers\BidEvaluation->TECEvaluation('51')
 7 SYSTEMPATH\CodeIgniter.php(497): CodeIgniter\CodeIgniter->runController(Object(App\Controllers\BidEvaluation))
 8 SYSTEMPATH\CodeIgniter.php(366): CodeIgniter\CodeIgniter->handleRequest(null, Object(Config\Cache), false)
 9 FCPATH\index.php(67): CodeIgniter\CodeIgniter->run()
CRITICAL - 2024-03-06 15:51:23 --> Undefined variable $listz
in APPPATH\Views\sys\BidEvaluation\TECEvaluation.php on line 296.
 1 APPPATH\Views\sys\BidEvaluation\TECEvaluation.php(296): CodeIgniter\Debug\Exceptions->errorHandler(2, 'Undefined variable $listz', 'C:\\xampp\\htdocs\\IPMS\\app\\Views\\sys\\BidEvaluation\\TECEvaluation.php', 296)
 2 SYSTEMPATH\View\View.php(224): include('C:\\xampp\\htdocs\\IPMS\\app\\Views\\sys\\BidEvaluation\\TECEvaluation.php')
 3 SYSTEMPATH\View\View.php(227): CodeIgniter\View\View->CodeIgniter\View\{closure}()
 4 SYSTEMPATH\Common.php(1176): CodeIgniter\View\View->render('sys/BidEvaluation/TECEvaluation', [], true)
 5 APPPATH\Controllers\BidEvaluation.php(497): view('sys/BidEvaluation/TECEvaluation', [...])
 6 SYSTEMPATH\CodeIgniter.php(932): App\Controllers\BidEvaluation->TECEvaluation('assets', '7', 'messages-1.jpg')
 7 SYSTEMPATH\CodeIgniter.php(497): CodeIgniter\CodeIgniter->runController(Object(App\Controllers\BidEvaluation))
 8 SYSTEMPATH\CodeIgniter.php(366): CodeIgniter\CodeIgniter->handleRequest(null, Object(Config\Cache), false)
 9 FCPATH\index.php(67): CodeIgniter\CodeIgniter->run()
CRITICAL - 2024-03-06 15:52:51 --> Undefined variable $listz
in APPPATH\Views\sys\BidEvaluation\TECEvaluation.php on line 296.
 1 APPPATH\Views\sys\BidEvaluation\TECEvaluation.php(296): CodeIgniter\Debug\Exceptions->errorHandler(2, 'Undefined variable $listz', 'C:\\xampp\\htdocs\\IPMS\\app\\Views\\sys\\BidEvaluation\\TECEvaluation.php', 296)
 2 SYSTEMPATH\View\View.php(224): include('C:\\xampp\\htdocs\\IPMS\\app\\Views\\sys\\BidEvaluation\\TECEvaluation.php')
 3 SYSTEMPATH\View\View.php(227): CodeIgniter\View\View->CodeIgniter\View\{closure}()
 4 SYSTEMPATH\Common.php(1176): CodeIgniter\View\View->render('sys/BidEvaluation/TECEvaluation', [], true)
 5 APPPATH\Controllers\BidEvaluation.php(497): view('sys/BidEvaluation/TECEvaluation', [...])
 6 SYSTEMPATH\CodeIgniter.php(932): App\Controllers\BidEvaluation->TECEvaluation('51')
 7 SYSTEMPATH\CodeIgniter.php(497): CodeIgniter\CodeIgniter->runController(Object(App\Controllers\BidEvaluation))
 8 SYSTEMPATH\CodeIgniter.php(366): CodeIgniter\CodeIgniter->handleRequest(null, Object(Config\Cache), false)
 9 FCPATH\index.php(67): CodeIgniter\CodeIgniter->run()
CRITICAL - 2024-03-06 15:52:53 --> Undefined variable $listz
in APPPATH\Views\sys\BidEvaluation\TECEvaluation.php on line 296.
 1 APPPATH\Views\sys\BidEvaluation\TECEvaluation.php(296): CodeIgniter\Debug\Exceptions->errorHandler(2, 'Undefined variable $listz', 'C:\\xampp\\htdocs\\IPMS\\app\\Views\\sys\\BidEvaluation\\TECEvaluation.php', 296)
 2 SYSTEMPATH\View\View.php(224): include('C:\\xampp\\htdocs\\IPMS\\app\\Views\\sys\\BidEvaluation\\TECEvaluation.php')
 3 SYSTEMPATH\View\View.php(227): CodeIgniter\View\View->CodeIgniter\View\{closure}()
 4 SYSTEMPATH\Common.php(1176): CodeIgniter\View\View->render('sys/BidEvaluation/TECEvaluation', [], true)
 5 APPPATH\Controllers\BidEvaluation.php(497): view('sys/BidEvaluation/TECEvaluation', [...])
 6 SYSTEMPATH\CodeIgniter.php(932): App\Controllers\BidEvaluation->TECEvaluation('assets', '7', 'messages-1.jpg')
 7 SYSTEMPATH\CodeIgniter.php(497): CodeIgniter\CodeIgniter->runController(Object(App\Controllers\BidEvaluation))
 8 SYSTEMPATH\CodeIgniter.php(366): CodeIgniter\CodeIgniter->handleRequest(null, Object(Config\Cache), false)
 9 FCPATH\index.php(67): CodeIgniter\CodeIgniter->run()
ERROR - 2024-03-06 17:24:54 --> mysqli_sql_exception: You have an error in your SQL syntax; check the manual that corresponds to your MariaDB server version for the right syntax to use near 'WHERE tecanalysismarks.TenderId = '51'' at line 3 in C:\xampp\htdocs\IPMS\system\Database\MySQLi\Connection.php:295
Stack trace:
#0 C:\xampp\htdocs\IPMS\system\Database\MySQLi\Connection.php(295): mysqli->query('\n       SELECT ...', 0)
#1 C:\xampp\htdocs\IPMS\system\Database\BaseConnection.php(692): CodeIgniter\Database\MySQLi\Connection->execute('\n       SELECT ...')
#2 C:\xampp\htdocs\IPMS\system\Database\BaseConnection.php(606): CodeIgniter\Database\BaseConnection->simpleQuery('\n       SELECT ...')
#3 C:\xampp\htdocs\IPMS\system\Model.php(832): CodeIgniter\Database\BaseConnection->query('\n       SELECT ...')
#4 C:\xampp\htdocs\IPMS\app\Models\TecAnalysisMarksModel.php(45): CodeIgniter\Model->__call('query', Array)
#5 C:\xampp\htdocs\IPMS\app\Controllers\BidEvaluation.php(470): App\Models\TecAnalysisMarksModel->GetAceptBidders('51')
#6 C:\xampp\htdocs\IPMS\system\CodeIgniter.php(932): App\Controllers\BidEvaluation->TECEvaluation('51')
#7 C:\xampp\htdocs\IPMS\system\CodeIgniter.php(497): CodeIgniter\CodeIgniter->runController(Object(App\Controllers\BidEvaluation))
#8 C:\xampp\htdocs\IPMS\system\CodeIgniter.php(366): CodeIgniter\CodeIgniter->handleRequest(NULL, Object(Config\Cache), false)
#9 C:\xampp\htdocs\IPMS\index.php(67): CodeIgniter\CodeIgniter->run()
#10 {main}
CRITICAL - 2024-03-06 17:24:54 --> You have an error in your SQL syntax; check the manual that corresponds to your MariaDB server version for the right syntax to use near 'WHERE tecanalysismarks.TenderId = '51'' at line 3
in SYSTEMPATH\Database\MySQLi\Connection.php on line 295.
 1 SYSTEMPATH\Database\MySQLi\Connection.php(295): mysqli->query('
       SELECT * FROM `tecanalysismarks` 
GROUP BY CompanyName
HAVING MIN(marks) = 1 AND MAX(marks) = 1  WHERE tecanalysismarks.TenderId = \'51\'', 0)
 2 SYSTEMPATH\Database\BaseConnection.php(692): CodeIgniter\Database\MySQLi\Connection->execute('
       SELECT * FROM `tecanalysismarks` 
GROUP BY CompanyName
HAVING MIN(marks) = 1 AND MAX(marks) = 1  WHERE tecanalysismarks.TenderId = \'51\'')
 3 SYSTEMPATH\Database\BaseConnection.php(606): CodeIgniter\Database\BaseConnection->simpleQuery('
       SELECT * FROM `tecanalysismarks` 
GROUP BY CompanyName
HAVING MIN(marks) = 1 AND MAX(marks) = 1  WHERE tecanalysismarks.TenderId = \'51\'')
 4 SYSTEMPATH\Model.php(832): CodeIgniter\Database\BaseConnection->query('
       SELECT * FROM `tecanalysismarks` 
GROUP BY CompanyName
HAVING MIN(marks) = 1 AND MAX(marks) = 1  WHERE tecanalysismarks.TenderId = \'51\'')
 5 APPPATH\Models\TecAnalysisMarksModel.php(45): CodeIgniter\Model->__call('query', [...])
 6 APPPATH\Controllers\BidEvaluation.php(470): App\Models\TecAnalysisMarksModel->GetAceptBidders('51')
 7 SYSTEMPATH\CodeIgniter.php(932): App\Controllers\BidEvaluation->TECEvaluation('51')
 8 SYSTEMPATH\CodeIgniter.php(497): CodeIgniter\CodeIgniter->runController(Object(App\Controllers\BidEvaluation))
 9 SYSTEMPATH\CodeIgniter.php(366): CodeIgniter\CodeIgniter->handleRequest(null, Object(Config\Cache), false)
10 FCPATH\index.php(67): CodeIgniter\CodeIgniter->run()
ERROR - 2024-03-06 17:26:36 --> mysqli_sql_exception: You have an error in your SQL syntax; check the manual that corresponds to your MariaDB server version for the right syntax to use near 'WHERE tecanalysismarks.TenderId = '51'' at line 3 in C:\xampp\htdocs\IPMS\system\Database\MySQLi\Connection.php:295
Stack trace:
#0 C:\xampp\htdocs\IPMS\system\Database\MySQLi\Connection.php(295): mysqli->query('\n        SELECT...', 0)
#1 C:\xampp\htdocs\IPMS\system\Database\BaseConnection.php(692): CodeIgniter\Database\MySQLi\Connection->execute('\n        SELECT...')
#2 C:\xampp\htdocs\IPMS\system\Database\BaseConnection.php(606): CodeIgniter\Database\BaseConnection->simpleQuery('\n        SELECT...')
#3 C:\xampp\htdocs\IPMS\system\Model.php(832): CodeIgniter\Database\BaseConnection->query('\n        SELECT...')
#4 C:\xampp\htdocs\IPMS\app\Models\TecAnalysisMarksModel.php(45): CodeIgniter\Model->__call('query', Array)
#5 C:\xampp\htdocs\IPMS\app\Controllers\BidEvaluation.php(470): App\Models\TecAnalysisMarksModel->GetAceptBidders('51')
#6 C:\xampp\htdocs\IPMS\system\CodeIgniter.php(932): App\Controllers\BidEvaluation->TECEvaluation('51')
#7 C:\xampp\htdocs\IPMS\system\CodeIgniter.php(497): CodeIgniter\CodeIgniter->runController(Object(App\Controllers\BidEvaluation))
#8 C:\xampp\htdocs\IPMS\system\CodeIgniter.php(366): CodeIgniter\CodeIgniter->handleRequest(NULL, Object(Config\Cache), false)
#9 C:\xampp\htdocs\IPMS\index.php(67): CodeIgniter\CodeIgniter->run()
#10 {main}
CRITICAL - 2024-03-06 17:26:36 --> You have an error in your SQL syntax; check the manual that corresponds to your MariaDB server version for the right syntax to use near 'WHERE tecanalysismarks.TenderId = '51'' at line 3
in SYSTEMPATH\Database\MySQLi\Connection.php on line 295.
 1 SYSTEMPATH\Database\MySQLi\Connection.php(295): mysqli->query('
        SELECT * FROM `tecanalysismarks` 
        GROUP BY CompanyName
        HAVING MIN(marks) = 1 AND MAX(marks) = 1 AND WHERE tecanalysismarks.TenderId = \'51\'', 0)
 2 SYSTEMPATH\Database\BaseConnection.php(692): CodeIgniter\Database\MySQLi\Connection->execute('
        SELECT * FROM `tecanalysismarks` 
        GROUP BY CompanyName
        HAVING MIN(marks) = 1 AND MAX(marks) = 1 AND WHERE tecanalysismarks.TenderId = \'51\'')
 3 SYSTEMPATH\Database\BaseConnection.php(606): CodeIgniter\Database\BaseConnection->simpleQuery('
        SELECT * FROM `tecanalysismarks` 
        GROUP BY CompanyName
        HAVING MIN(marks) = 1 AND MAX(marks) = 1 AND WHERE tecanalysismarks.TenderId = \'51\'')
 4 SYSTEMPATH\Model.php(832): CodeIgniter\Database\BaseConnection->query('
        SELECT * FROM `tecanalysismarks` 
        GROUP BY CompanyName
        HAVING MIN(marks) = 1 AND MAX(marks) = 1 AND WHERE tecanalysismarks.TenderId = \'51\'')
 5 APPPATH\Models\TecAnalysisMarksModel.php(45): CodeIgniter\Model->__call('query', [...])
 6 APPPATH\Controllers\BidEvaluation.php(470): App\Models\TecAnalysisMarksModel->GetAceptBidders('51')
 7 SYSTEMPATH\CodeIgniter.php(932): App\Controllers\BidEvaluation->TECEvaluation('51')
 8 SYSTEMPATH\CodeIgniter.php(497): CodeIgniter\CodeIgniter->runController(Object(App\Controllers\BidEvaluation))
 9 SYSTEMPATH\CodeIgniter.php(366): CodeIgniter\CodeIgniter->handleRequest(null, Object(Config\Cache), false)
10 FCPATH\index.php(67): CodeIgniter\CodeIgniter->run()
ERROR - 2024-03-06 17:26:39 --> mysqli_sql_exception: You have an error in your SQL syntax; check the manual that corresponds to your MariaDB server version for the right syntax to use near 'WHERE tecanalysismarks.TenderId = '51'' at line 3 in C:\xampp\htdocs\IPMS\system\Database\MySQLi\Connection.php:295
Stack trace:
#0 C:\xampp\htdocs\IPMS\system\Database\MySQLi\Connection.php(295): mysqli->query('\n        SELECT...', 0)
#1 C:\xampp\htdocs\IPMS\system\Database\BaseConnection.php(692): CodeIgniter\Database\MySQLi\Connection->execute('\n        SELECT...')
#2 C:\xampp\htdocs\IPMS\system\Database\BaseConnection.php(606): CodeIgniter\Database\BaseConnection->simpleQuery('\n        SELECT...')
#3 C:\xampp\htdocs\IPMS\system\Model.php(832): CodeIgniter\Database\BaseConnection->query('\n        SELECT...')
#4 C:\xampp\htdocs\IPMS\app\Models\TecAnalysisMarksModel.php(45): CodeIgniter\Model->__call('query', Array)
#5 C:\xampp\htdocs\IPMS\app\Controllers\BidEvaluation.php(470): App\Models\TecAnalysisMarksModel->GetAceptBidders('51')
#6 C:\xampp\htdocs\IPMS\system\CodeIgniter.php(932): App\Controllers\BidEvaluation->TECEvaluation('51')
#7 C:\xampp\htdocs\IPMS\system\CodeIgniter.php(497): CodeIgniter\CodeIgniter->runController(Object(App\Controllers\BidEvaluation))
#8 C:\xampp\htdocs\IPMS\system\CodeIgniter.php(366): CodeIgniter\CodeIgniter->handleRequest(NULL, Object(Config\Cache), false)
#9 C:\xampp\htdocs\IPMS\index.php(67): CodeIgniter\CodeIgniter->run()
#10 {main}
CRITICAL - 2024-03-06 17:26:39 --> You have an error in your SQL syntax; check the manual that corresponds to your MariaDB server version for the right syntax to use near 'WHERE tecanalysismarks.TenderId = '51'' at line 3
in SYSTEMPATH\Database\MySQLi\Connection.php on line 295.
 1 SYSTEMPATH\Database\MySQLi\Connection.php(295): mysqli->query('
        SELECT * FROM `tecanalysismarks` 
        GROUP BY CompanyName
        HAVING MIN(marks) = 1 AND MAX(marks) = 1 AND WHERE tecanalysismarks.TenderId = \'51\'', 0)
 2 SYSTEMPATH\Database\BaseConnection.php(692): CodeIgniter\Database\MySQLi\Connection->execute('
        SELECT * FROM `tecanalysismarks` 
        GROUP BY CompanyName
        HAVING MIN(marks) = 1 AND MAX(marks) = 1 AND WHERE tecanalysismarks.TenderId = \'51\'')
 3 SYSTEMPATH\Database\BaseConnection.php(606): CodeIgniter\Database\BaseConnection->simpleQuery('
        SELECT * FROM `tecanalysismarks` 
        GROUP BY CompanyName
        HAVING MIN(marks) = 1 AND MAX(marks) = 1 AND WHERE tecanalysismarks.TenderId = \'51\'')
 4 SYSTEMPATH\Model.php(832): CodeIgniter\Database\BaseConnection->query('
        SELECT * FROM `tecanalysismarks` 
        GROUP BY CompanyName
        HAVING MIN(marks) = 1 AND MAX(marks) = 1 AND WHERE tecanalysismarks.TenderId = \'51\'')
 5 APPPATH\Models\TecAnalysisMarksModel.php(45): CodeIgniter\Model->__call('query', [...])
 6 APPPATH\Controllers\BidEvaluation.php(470): App\Models\TecAnalysisMarksModel->GetAceptBidders('51')
 7 SYSTEMPATH\CodeIgniter.php(932): App\Controllers\BidEvaluation->TECEvaluation('51')
 8 SYSTEMPATH\CodeIgniter.php(497): CodeIgniter\CodeIgniter->runController(Object(App\Controllers\BidEvaluation))
 9 SYSTEMPATH\CodeIgniter.php(366): CodeIgniter\CodeIgniter->handleRequest(null, Object(Config\Cache), false)
10 FCPATH\index.php(67): CodeIgniter\CodeIgniter->run()
CRITICAL - 2024-03-06 17:40:17 --> Undefined array key "Unit_priceEV"
in APPPATH\Views\sys\BidEvaluation\TECEvaluation.php on line 412.
 1 APPPATH\Views\sys\BidEvaluation\TECEvaluation.php(412): CodeIgniter\Debug\Exceptions->errorHandler(2, 'Undefined array key "Unit_priceEV"', 'C:\\xampp\\htdocs\\IPMS\\app\\Views\\sys\\BidEvaluation\\TECEvaluation.php', 412)
 2 SYSTEMPATH\View\View.php(224): include('C:\\xampp\\htdocs\\IPMS\\app\\Views\\sys\\BidEvaluation\\TECEvaluation.php')
 3 SYSTEMPATH\View\View.php(227): CodeIgniter\View\View->CodeIgniter\View\{closure}()
 4 SYSTEMPATH\Common.php(1176): CodeIgniter\View\View->render('sys/BidEvaluation/TECEvaluation', [], true)
 5 APPPATH\Controllers\BidEvaluation.php(499): view('sys/BidEvaluation/TECEvaluation', [...])
 6 SYSTEMPATH\CodeIgniter.php(932): App\Controllers\BidEvaluation->TECEvaluation('51')
 7 SYSTEMPATH\CodeIgniter.php(497): CodeIgniter\CodeIgniter->runController(Object(App\Controllers\BidEvaluation))
 8 SYSTEMPATH\CodeIgniter.php(366): CodeIgniter\CodeIgniter->handleRequest(null, Object(Config\Cache), false)
 9 FCPATH\index.php(67): CodeIgniter\CodeIgniter->run()
ERROR - 2024-03-06 17:42:09 --> mysqli_sql_exception: Column 'TenderId' in where clause is ambiguous in C:\xampp\htdocs\IPMS\system\Database\MySQLi\Connection.php:295
Stack trace:
#0 C:\xampp\htdocs\IPMS\system\Database\MySQLi\Connection.php(295): mysqli->query('\n        SELECT...', 0)
#1 C:\xampp\htdocs\IPMS\system\Database\BaseConnection.php(692): CodeIgniter\Database\MySQLi\Connection->execute('\n        SELECT...')
#2 C:\xampp\htdocs\IPMS\system\Database\BaseConnection.php(606): CodeIgniter\Database\BaseConnection->simpleQuery('\n        SELECT...')
#3 C:\xampp\htdocs\IPMS\system\Model.php(832): CodeIgniter\Database\BaseConnection->query('\n        SELECT...')
#4 C:\xampp\htdocs\IPMS\app\Models\TecAnalysisMarksModel.php(54): CodeIgniter\Model->__call('query', Array)
#5 C:\xampp\htdocs\IPMS\app\Controllers\BidEvaluation.php(471): App\Models\TecAnalysisMarksModel->GetAceptBiddersCEstimate('51')
#6 C:\xampp\htdocs\IPMS\system\CodeIgniter.php(932): App\Controllers\BidEvaluation->TECEvaluation('51')
#7 C:\xampp\htdocs\IPMS\system\CodeIgniter.php(497): CodeIgniter\CodeIgniter->runController(Object(App\Controllers\BidEvaluation))
#8 C:\xampp\htdocs\IPMS\system\CodeIgniter.php(366): CodeIgniter\CodeIgniter->handleRequest(NULL, Object(Config\Cache), false)
#9 C:\xampp\htdocs\IPMS\index.php(67): CodeIgniter\CodeIgniter->run()
#10 {main}
CRITICAL - 2024-03-06 17:42:09 --> Column 'TenderId' in where clause is ambiguous
in SYSTEMPATH\Database\MySQLi\Connection.php on line 295.
 1 SYSTEMPATH\Database\MySQLi\Connection.php(295): mysqli->query('
        SELECT * FROM `tecanalysismarks` 
        INNER JOIN SPriceSchedule  ON tecanalysismarks.TenderId = SPriceSchedule.TenderId
        WHERE TenderId = \'51\'
        GROUP BY CompanyName
        HAVING MIN(marks) = 1 AND MAX(marks) = 1', 0)
 2 SYSTEMPATH\Database\BaseConnection.php(692): CodeIgniter\Database\MySQLi\Connection->execute('
        SELECT * FROM `tecanalysismarks` 
        INNER JOIN SPriceSchedule  ON tecanalysismarks.TenderId = SPriceSchedule.TenderId
        WHERE TenderId = \'51\'
        GROUP BY CompanyName
        HAVING MIN(marks) = 1 AND MAX(marks) = 1')
 3 SYSTEMPATH\Database\BaseConnection.php(606): CodeIgniter\Database\BaseConnection->simpleQuery('
        SELECT * FROM `tecanalysismarks` 
        INNER JOIN SPriceSchedule  ON tecanalysismarks.TenderId = SPriceSchedule.TenderId
        WHERE TenderId = \'51\'
        GROUP BY CompanyName
        HAVING MIN(marks) = 1 AND MAX(marks) = 1')
 4 SYSTEMPATH\Model.php(832): CodeIgniter\Database\BaseConnection->query('
        SELECT * FROM `tecanalysismarks` 
        INNER JOIN SPriceSchedule  ON tecanalysismarks.TenderId = SPriceSchedule.TenderId
        WHERE TenderId = \'51\'
        GROUP BY CompanyName
        HAVING MIN(marks) = 1 AND MAX(marks) = 1')
 5 APPPATH\Models\TecAnalysisMarksModel.php(54): CodeIgniter\Model->__call('query', [...])
 6 APPPATH\Controllers\BidEvaluation.php(471): App\Models\TecAnalysisMarksModel->GetAceptBiddersCEstimate('51')
 7 SYSTEMPATH\CodeIgniter.php(932): App\Controllers\BidEvaluation->TECEvaluation('51')
 8 SYSTEMPATH\CodeIgniter.php(497): CodeIgniter\CodeIgniter->runController(Object(App\Controllers\BidEvaluation))
 9 SYSTEMPATH\CodeIgniter.php(366): CodeIgniter\CodeIgniter->handleRequest(null, Object(Config\Cache), false)
10 FCPATH\index.php(67): CodeIgniter\CodeIgniter->run()
