CRITICAL - 2024-02-02 07:51:42 --> Call to a member function getRandomName() on array
in APPPATH\Controllers\Web.php on line 251.
 1 SYSTEMPATH\CodeIgniter.php(932): App\Controllers\Web->viewtender()
 2 SYSTEMPATH\CodeIgniter.php(497): CodeIgniter\CodeIgniter->runController(Object(App\Controllers\Web))
 3 SYSTEMPATH\CodeIgniter.php(366): CodeIgniter\CodeIgniter->handleRequest(null, Object(Config\Cache), false)
 4 FCPATH\index.php(67): CodeIgniter\CodeIgniter->run()
CRITICAL - 2024-02-02 08:07:23 --> Undefined variable $i
in APPPATH\Views\sys\submitedBid\OpenedTender.php on line 133.
 1 APPPATH\Views\sys\submitedBid\OpenedTender.php(133): CodeIgniter\Debug\Exceptions->errorHandler(2, 'Undefined variable $i', 'C:\\xampp\\htdocs\\IPMS\\app\\Views\\sys\\submitedBid\\OpenedTender.php', 133)
 2 SYSTEMPATH\View\View.php(224): include('C:\\xampp\\htdocs\\IPMS\\app\\Views\\sys\\submitedBid\\OpenedTender.php')
 3 SYSTEMPATH\View\View.php(227): CodeIgniter\View\View->CodeIgniter\View\{closure}()
 4 SYSTEMPATH\Common.php(1176): CodeIgniter\View\View->render('sys/SubmitedBid/OpenedTender', [], true)
 5 APPPATH\Controllers\SubmitedBid.php(99): view('sys/SubmitedBid/OpenedTender', [...])
 6 SYSTEMPATH\CodeIgniter.php(932): App\Controllers\SubmitedBid->OpenedTender('4', '51')
 7 SYSTEMPATH\CodeIgniter.php(497): CodeIgniter\CodeIgniter->runController(Object(App\Controllers\SubmitedBid))
 8 SYSTEMPATH\CodeIgniter.php(366): CodeIgniter\CodeIgniter->handleRequest(null, Object(Config\Cache), false)
 9 FCPATH\index.php(67): CodeIgniter\CodeIgniter->run()
CRITICAL - 2024-02-02 08:07:24 --> Undefined variable $i
in APPPATH\Views\sys\submitedBid\OpenedTender.php on line 133.
 1 APPPATH\Views\sys\submitedBid\OpenedTender.php(133): CodeIgniter\Debug\Exceptions->errorHandler(2, 'Undefined variable $i', 'C:\\xampp\\htdocs\\IPMS\\app\\Views\\sys\\submitedBid\\OpenedTender.php', 133)
 2 SYSTEMPATH\View\View.php(224): include('C:\\xampp\\htdocs\\IPMS\\app\\Views\\sys\\submitedBid\\OpenedTender.php')
 3 SYSTEMPATH\View\View.php(227): CodeIgniter\View\View->CodeIgniter\View\{closure}()
 4 SYSTEMPATH\Common.php(1176): CodeIgniter\View\View->render('sys/SubmitedBid/OpenedTender', [], true)
 5 APPPATH\Controllers\SubmitedBid.php(99): view('sys/SubmitedBid/OpenedTender', [...])
 6 SYSTEMPATH\CodeIgniter.php(932): App\Controllers\SubmitedBid->OpenedTender('4', 'assets', 'img', 'messages-1.jpg')
 7 SYSTEMPATH\CodeIgniter.php(497): CodeIgniter\CodeIgniter->runController(Object(App\Controllers\SubmitedBid))
 8 SYSTEMPATH\CodeIgniter.php(366): CodeIgniter\CodeIgniter->handleRequest(null, Object(Config\Cache), false)
 9 FCPATH\index.php(67): CodeIgniter\CodeIgniter->run()
ERROR - 2024-02-02 08:18:12 --> mysqli_sql_exception: You have an error in your SQL syntax; check the manual that corresponds to your MariaDB server version for the right syntax to use near 'WHERE UserId = 39' at line 3 in C:\xampp\htdocs\IPMS\system\Database\MySQLi\Connection.php:295
Stack trace:
#0 C:\xampp\htdocs\IPMS\system\Database\MySQLi\Connection.php(295): mysqli->query('\n        SELECT...', 0)
#1 C:\xampp\htdocs\IPMS\system\Database\BaseConnection.php(692): CodeIgniter\Database\MySQLi\Connection->execute('\n        SELECT...')
#2 C:\xampp\htdocs\IPMS\system\Database\BaseConnection.php(606): CodeIgniter\Database\BaseConnection->simpleQuery('\n        SELECT...')
#3 C:\xampp\htdocs\IPMS\system\Model.php(832): CodeIgniter\Database\BaseConnection->query('\n        SELECT...')
#4 C:\xampp\htdocs\IPMS\app\Models\SPriceScheduleModel.php(33): CodeIgniter\Model->__call('query', Array)
#5 C:\xampp\htdocs\IPMS\app\Controllers\SubmitedBid.php(86): App\Models\SPriceScheduleModel->GetPriseScheduleDetails()
#6 C:\xampp\htdocs\IPMS\system\CodeIgniter.php(932): App\Controllers\SubmitedBid->OpenedTender('4', '51')
#7 C:\xampp\htdocs\IPMS\system\CodeIgniter.php(497): CodeIgniter\CodeIgniter->runController(Object(App\Controllers\SubmitedBid))
#8 C:\xampp\htdocs\IPMS\system\CodeIgniter.php(366): CodeIgniter\CodeIgniter->handleRequest(NULL, Object(Config\Cache), false)
#9 C:\xampp\htdocs\IPMS\index.php(67): CodeIgniter\CodeIgniter->run()
#10 {main}
CRITICAL - 2024-02-02 08:18:12 --> You have an error in your SQL syntax; check the manual that corresponds to your MariaDB server version for the right syntax to use near 'WHERE UserId = 39' at line 3
in SYSTEMPATH\Database\MySQLi\Connection.php on line 295.
 1 SYSTEMPATH\Database\MySQLi\Connection.php(295): mysqli->query('
        SELECT * FROM `SPriceSchedule` 
        LEFT JOIN CostestimateMaster ON CostestimateMaster.IId = SPriceSchedule.Item
        LEFT JOIN titem ON titem.TItemid = SPriceSchedule.Item; WHERE UserId = 39', 0)
 2 SYSTEMPATH\Database\BaseConnection.php(692): CodeIgniter\Database\MySQLi\Connection->execute('
        SELECT * FROM `SPriceSchedule` 
        LEFT JOIN CostestimateMaster ON CostestimateMaster.IId = SPriceSchedule.Item
        LEFT JOIN titem ON titem.TItemid = SPriceSchedule.Item; WHERE UserId = 39')
 3 SYSTEMPATH\Database\BaseConnection.php(606): CodeIgniter\Database\BaseConnection->simpleQuery('
        SELECT * FROM `SPriceSchedule` 
        LEFT JOIN CostestimateMaster ON CostestimateMaster.IId = SPriceSchedule.Item
        LEFT JOIN titem ON titem.TItemid = SPriceSchedule.Item; WHERE UserId = 39')
 4 SYSTEMPATH\Model.php(832): CodeIgniter\Database\BaseConnection->query('
        SELECT * FROM `SPriceSchedule` 
        LEFT JOIN CostestimateMaster ON CostestimateMaster.IId = SPriceSchedule.Item
        LEFT JOIN titem ON titem.TItemid = SPriceSchedule.Item; WHERE UserId = 39')
 5 APPPATH\Models\SPriceScheduleModel.php(33): CodeIgniter\Model->__call('query', [...])
 6 APPPATH\Controllers\SubmitedBid.php(86): App\Models\SPriceScheduleModel->GetPriseScheduleDetails()
 7 SYSTEMPATH\CodeIgniter.php(932): App\Controllers\SubmitedBid->OpenedTender('4', '51')
 8 SYSTEMPATH\CodeIgniter.php(497): CodeIgniter\CodeIgniter->runController(Object(App\Controllers\SubmitedBid))
 9 SYSTEMPATH\CodeIgniter.php(366): CodeIgniter\CodeIgniter->handleRequest(null, Object(Config\Cache), false)
10 FCPATH\index.php(67): CodeIgniter\CodeIgniter->run()
ERROR - 2024-02-02 08:18:50 --> mysqli_sql_exception: You have an error in your SQL syntax; check the manual that corresponds to your MariaDB server version for the right syntax to use near 'WHERE SPriceSchedule.UserId = '39'' at line 3 in C:\xampp\htdocs\IPMS\system\Database\MySQLi\Connection.php:295
Stack trace:
#0 C:\xampp\htdocs\IPMS\system\Database\MySQLi\Connection.php(295): mysqli->query('\n        SELECT...', 0)
#1 C:\xampp\htdocs\IPMS\system\Database\BaseConnection.php(692): CodeIgniter\Database\MySQLi\Connection->execute('\n        SELECT...')
#2 C:\xampp\htdocs\IPMS\system\Database\BaseConnection.php(606): CodeIgniter\Database\BaseConnection->simpleQuery('\n        SELECT...')
#3 C:\xampp\htdocs\IPMS\system\Model.php(832): CodeIgniter\Database\BaseConnection->query('\n        SELECT...')
#4 C:\xampp\htdocs\IPMS\app\Models\SPriceScheduleModel.php(33): CodeIgniter\Model->__call('query', Array)
#5 C:\xampp\htdocs\IPMS\app\Controllers\SubmitedBid.php(86): App\Models\SPriceScheduleModel->GetPriseScheduleDetails()
#6 C:\xampp\htdocs\IPMS\system\CodeIgniter.php(932): App\Controllers\SubmitedBid->OpenedTender('4', '51')
#7 C:\xampp\htdocs\IPMS\system\CodeIgniter.php(497): CodeIgniter\CodeIgniter->runController(Object(App\Controllers\SubmitedBid))
#8 C:\xampp\htdocs\IPMS\system\CodeIgniter.php(366): CodeIgniter\CodeIgniter->handleRequest(NULL, Object(Config\Cache), false)
#9 C:\xampp\htdocs\IPMS\index.php(67): CodeIgniter\CodeIgniter->run()
#10 {main}
CRITICAL - 2024-02-02 08:18:50 --> You have an error in your SQL syntax; check the manual that corresponds to your MariaDB server version for the right syntax to use near 'WHERE SPriceSchedule.UserId = '39'' at line 3
in SYSTEMPATH\Database\MySQLi\Connection.php on line 295.
 1 SYSTEMPATH\Database\MySQLi\Connection.php(295): mysqli->query('
        SELECT * FROM `SPriceSchedule` 
        LEFT JOIN CostestimateMaster ON CostestimateMaster.IId = SPriceSchedule.Item
        LEFT JOIN titem ON titem.TItemid = SPriceSchedule.Item; WHERE SPriceSchedule.UserId = \'39\'', 0)
 2 SYSTEMPATH\Database\BaseConnection.php(692): CodeIgniter\Database\MySQLi\Connection->execute('
        SELECT * FROM `SPriceSchedule` 
        LEFT JOIN CostestimateMaster ON CostestimateMaster.IId = SPriceSchedule.Item
        LEFT JOIN titem ON titem.TItemid = SPriceSchedule.Item; WHERE SPriceSchedule.UserId = \'39\'')
 3 SYSTEMPATH\Database\BaseConnection.php(606): CodeIgniter\Database\BaseConnection->simpleQuery('
        SELECT * FROM `SPriceSchedule` 
        LEFT JOIN CostestimateMaster ON CostestimateMaster.IId = SPriceSchedule.Item
        LEFT JOIN titem ON titem.TItemid = SPriceSchedule.Item; WHERE SPriceSchedule.UserId = \'39\'')
 4 SYSTEMPATH\Model.php(832): CodeIgniter\Database\BaseConnection->query('
        SELECT * FROM `SPriceSchedule` 
        LEFT JOIN CostestimateMaster ON CostestimateMaster.IId = SPriceSchedule.Item
        LEFT JOIN titem ON titem.TItemid = SPriceSchedule.Item; WHERE SPriceSchedule.UserId = \'39\'')
 5 APPPATH\Models\SPriceScheduleModel.php(33): CodeIgniter\Model->__call('query', [...])
 6 APPPATH\Controllers\SubmitedBid.php(86): App\Models\SPriceScheduleModel->GetPriseScheduleDetails()
 7 SYSTEMPATH\CodeIgniter.php(932): App\Controllers\SubmitedBid->OpenedTender('4', '51')
 8 SYSTEMPATH\CodeIgniter.php(497): CodeIgniter\CodeIgniter->runController(Object(App\Controllers\SubmitedBid))
 9 SYSTEMPATH\CodeIgniter.php(366): CodeIgniter\CodeIgniter->handleRequest(null, Object(Config\Cache), false)
10 FCPATH\index.php(67): CodeIgniter\CodeIgniter->run()
ERROR - 2024-02-02 08:19:04 --> mysqli_sql_exception: You have an error in your SQL syntax; check the manual that corresponds to your MariaDB server version for the right syntax to use near 'WHERE SPriceSchedule.UserId = 39' at line 3 in C:\xampp\htdocs\IPMS\system\Database\MySQLi\Connection.php:295
Stack trace:
#0 C:\xampp\htdocs\IPMS\system\Database\MySQLi\Connection.php(295): mysqli->query('\n        SELECT...', 0)
#1 C:\xampp\htdocs\IPMS\system\Database\BaseConnection.php(692): CodeIgniter\Database\MySQLi\Connection->execute('\n        SELECT...')
#2 C:\xampp\htdocs\IPMS\system\Database\BaseConnection.php(606): CodeIgniter\Database\BaseConnection->simpleQuery('\n        SELECT...')
#3 C:\xampp\htdocs\IPMS\system\Model.php(832): CodeIgniter\Database\BaseConnection->query('\n        SELECT...')
#4 C:\xampp\htdocs\IPMS\app\Models\SPriceScheduleModel.php(33): CodeIgniter\Model->__call('query', Array)
#5 C:\xampp\htdocs\IPMS\app\Controllers\SubmitedBid.php(86): App\Models\SPriceScheduleModel->GetPriseScheduleDetails()
#6 C:\xampp\htdocs\IPMS\system\CodeIgniter.php(932): App\Controllers\SubmitedBid->OpenedTender('4', '51')
#7 C:\xampp\htdocs\IPMS\system\CodeIgniter.php(497): CodeIgniter\CodeIgniter->runController(Object(App\Controllers\SubmitedBid))
#8 C:\xampp\htdocs\IPMS\system\CodeIgniter.php(366): CodeIgniter\CodeIgniter->handleRequest(NULL, Object(Config\Cache), false)
#9 C:\xampp\htdocs\IPMS\index.php(67): CodeIgniter\CodeIgniter->run()
#10 {main}
CRITICAL - 2024-02-02 08:19:04 --> You have an error in your SQL syntax; check the manual that corresponds to your MariaDB server version for the right syntax to use near 'WHERE SPriceSchedule.UserId = 39' at line 3
in SYSTEMPATH\Database\MySQLi\Connection.php on line 295.
 1 SYSTEMPATH\Database\MySQLi\Connection.php(295): mysqli->query('
        SELECT * FROM `SPriceSchedule` 
        LEFT JOIN CostestimateMaster ON CostestimateMaster.IId = SPriceSchedule.Item
        LEFT JOIN titem ON titem.TItemid = SPriceSchedule.Item; WHERE SPriceSchedule.UserId = 39', 0)
 2 SYSTEMPATH\Database\BaseConnection.php(692): CodeIgniter\Database\MySQLi\Connection->execute('
        SELECT * FROM `SPriceSchedule` 
        LEFT JOIN CostestimateMaster ON CostestimateMaster.IId = SPriceSchedule.Item
        LEFT JOIN titem ON titem.TItemid = SPriceSchedule.Item; WHERE SPriceSchedule.UserId = 39')
 3 SYSTEMPATH\Database\BaseConnection.php(606): CodeIgniter\Database\BaseConnection->simpleQuery('
        SELECT * FROM `SPriceSchedule` 
        LEFT JOIN CostestimateMaster ON CostestimateMaster.IId = SPriceSchedule.Item
        LEFT JOIN titem ON titem.TItemid = SPriceSchedule.Item; WHERE SPriceSchedule.UserId = 39')
 4 SYSTEMPATH\Model.php(832): CodeIgniter\Database\BaseConnection->query('
        SELECT * FROM `SPriceSchedule` 
        LEFT JOIN CostestimateMaster ON CostestimateMaster.IId = SPriceSchedule.Item
        LEFT JOIN titem ON titem.TItemid = SPriceSchedule.Item; WHERE SPriceSchedule.UserId = 39')
 5 APPPATH\Models\SPriceScheduleModel.php(33): CodeIgniter\Model->__call('query', [...])
 6 APPPATH\Controllers\SubmitedBid.php(86): App\Models\SPriceScheduleModel->GetPriseScheduleDetails()
 7 SYSTEMPATH\CodeIgniter.php(932): App\Controllers\SubmitedBid->OpenedTender('4', '51')
 8 SYSTEMPATH\CodeIgniter.php(497): CodeIgniter\CodeIgniter->runController(Object(App\Controllers\SubmitedBid))
 9 SYSTEMPATH\CodeIgniter.php(366): CodeIgniter\CodeIgniter->handleRequest(null, Object(Config\Cache), false)
10 FCPATH\index.php(67): CodeIgniter\CodeIgniter->run()
ERROR - 2024-02-02 08:21:37 --> mysqli_sql_exception: You have an error in your SQL syntax; check the manual that corresponds to your MariaDB server version for the right syntax to use near 'WHERE SPriceSchedule.UserId = ''' at line 3 in C:\xampp\htdocs\IPMS\system\Database\MySQLi\Connection.php:295
Stack trace:
#0 C:\xampp\htdocs\IPMS\system\Database\MySQLi\Connection.php(295): mysqli->query('\n        SELECT...', 0)
#1 C:\xampp\htdocs\IPMS\system\Database\BaseConnection.php(692): CodeIgniter\Database\MySQLi\Connection->execute('\n        SELECT...')
#2 C:\xampp\htdocs\IPMS\system\Database\BaseConnection.php(606): CodeIgniter\Database\BaseConnection->simpleQuery('\n        SELECT...')
#3 C:\xampp\htdocs\IPMS\system\Model.php(832): CodeIgniter\Database\BaseConnection->query('\n        SELECT...')
#4 C:\xampp\htdocs\IPMS\app\Models\SPriceScheduleModel.php(33): CodeIgniter\Model->__call('query', Array)
#5 C:\xampp\htdocs\IPMS\app\Controllers\SubmitedBid.php(86): App\Models\SPriceScheduleModel->GetPriseScheduleDetails(NULL)
#6 C:\xampp\htdocs\IPMS\system\CodeIgniter.php(932): App\Controllers\SubmitedBid->OpenedTender('4', '51')
#7 C:\xampp\htdocs\IPMS\system\CodeIgniter.php(497): CodeIgniter\CodeIgniter->runController(Object(App\Controllers\SubmitedBid))
#8 C:\xampp\htdocs\IPMS\system\CodeIgniter.php(366): CodeIgniter\CodeIgniter->handleRequest(NULL, Object(Config\Cache), false)
#9 C:\xampp\htdocs\IPMS\index.php(67): CodeIgniter\CodeIgniter->run()
#10 {main}
CRITICAL - 2024-02-02 08:21:37 --> You have an error in your SQL syntax; check the manual that corresponds to your MariaDB server version for the right syntax to use near 'WHERE SPriceSchedule.UserId = ''' at line 3
in SYSTEMPATH\Database\MySQLi\Connection.php on line 295.
 1 SYSTEMPATH\Database\MySQLi\Connection.php(295): mysqli->query('
        SELECT * FROM `SPriceSchedule` 
        LEFT JOIN CostestimateMaster ON CostestimateMaster.IId = SPriceSchedule.Item
        LEFT JOIN titem ON titem.TItemid = SPriceSchedule.Item; WHERE SPriceSchedule.UserId = \'\'', 0)
 2 SYSTEMPATH\Database\BaseConnection.php(692): CodeIgniter\Database\MySQLi\Connection->execute('
        SELECT * FROM `SPriceSchedule` 
        LEFT JOIN CostestimateMaster ON CostestimateMaster.IId = SPriceSchedule.Item
        LEFT JOIN titem ON titem.TItemid = SPriceSchedule.Item; WHERE SPriceSchedule.UserId = \'\'')
 3 SYSTEMPATH\Database\BaseConnection.php(606): CodeIgniter\Database\BaseConnection->simpleQuery('
        SELECT * FROM `SPriceSchedule` 
        LEFT JOIN CostestimateMaster ON CostestimateMaster.IId = SPriceSchedule.Item
        LEFT JOIN titem ON titem.TItemid = SPriceSchedule.Item; WHERE SPriceSchedule.UserId = \'\'')
 4 SYSTEMPATH\Model.php(832): CodeIgniter\Database\BaseConnection->query('
        SELECT * FROM `SPriceSchedule` 
        LEFT JOIN CostestimateMaster ON CostestimateMaster.IId = SPriceSchedule.Item
        LEFT JOIN titem ON titem.TItemid = SPriceSchedule.Item; WHERE SPriceSchedule.UserId = \'\'')
 5 APPPATH\Models\SPriceScheduleModel.php(33): CodeIgniter\Model->__call('query', [...])
 6 APPPATH\Controllers\SubmitedBid.php(86): App\Models\SPriceScheduleModel->GetPriseScheduleDetails(null)
 7 SYSTEMPATH\CodeIgniter.php(932): App\Controllers\SubmitedBid->OpenedTender('4', '51')
 8 SYSTEMPATH\CodeIgniter.php(497): CodeIgniter\CodeIgniter->runController(Object(App\Controllers\SubmitedBid))
 9 SYSTEMPATH\CodeIgniter.php(366): CodeIgniter\CodeIgniter->handleRequest(null, Object(Config\Cache), false)
10 FCPATH\index.php(67): CodeIgniter\CodeIgniter->run()
ERROR - 2024-02-02 08:21:39 --> mysqli_sql_exception: You have an error in your SQL syntax; check the manual that corresponds to your MariaDB server version for the right syntax to use near 'WHERE SPriceSchedule.UserId = ''' at line 3 in C:\xampp\htdocs\IPMS\system\Database\MySQLi\Connection.php:295
Stack trace:
#0 C:\xampp\htdocs\IPMS\system\Database\MySQLi\Connection.php(295): mysqli->query('\n        SELECT...', 0)
#1 C:\xampp\htdocs\IPMS\system\Database\BaseConnection.php(692): CodeIgniter\Database\MySQLi\Connection->execute('\n        SELECT...')
#2 C:\xampp\htdocs\IPMS\system\Database\BaseConnection.php(606): CodeIgniter\Database\BaseConnection->simpleQuery('\n        SELECT...')
#3 C:\xampp\htdocs\IPMS\system\Model.php(832): CodeIgniter\Database\BaseConnection->query('\n        SELECT...')
#4 C:\xampp\htdocs\IPMS\app\Models\SPriceScheduleModel.php(33): CodeIgniter\Model->__call('query', Array)
#5 C:\xampp\htdocs\IPMS\app\Controllers\SubmitedBid.php(86): App\Models\SPriceScheduleModel->GetPriseScheduleDetails(NULL)
#6 C:\xampp\htdocs\IPMS\system\CodeIgniter.php(932): App\Controllers\SubmitedBid->OpenedTender('4', '51')
#7 C:\xampp\htdocs\IPMS\system\CodeIgniter.php(497): CodeIgniter\CodeIgniter->runController(Object(App\Controllers\SubmitedBid))
#8 C:\xampp\htdocs\IPMS\system\CodeIgniter.php(366): CodeIgniter\CodeIgniter->handleRequest(NULL, Object(Config\Cache), false)
#9 C:\xampp\htdocs\IPMS\index.php(67): CodeIgniter\CodeIgniter->run()
#10 {main}
CRITICAL - 2024-02-02 08:21:39 --> You have an error in your SQL syntax; check the manual that corresponds to your MariaDB server version for the right syntax to use near 'WHERE SPriceSchedule.UserId = ''' at line 3
in SYSTEMPATH\Database\MySQLi\Connection.php on line 295.
 1 SYSTEMPATH\Database\MySQLi\Connection.php(295): mysqli->query('
        SELECT * FROM `SPriceSchedule` 
        LEFT JOIN CostestimateMaster ON CostestimateMaster.IId = SPriceSchedule.Item
        LEFT JOIN titem ON titem.TItemid = SPriceSchedule.Item; WHERE SPriceSchedule.UserId = \'\'', 0)
 2 SYSTEMPATH\Database\BaseConnection.php(692): CodeIgniter\Database\MySQLi\Connection->execute('
        SELECT * FROM `SPriceSchedule` 
        LEFT JOIN CostestimateMaster ON CostestimateMaster.IId = SPriceSchedule.Item
        LEFT JOIN titem ON titem.TItemid = SPriceSchedule.Item; WHERE SPriceSchedule.UserId = \'\'')
 3 SYSTEMPATH\Database\BaseConnection.php(606): CodeIgniter\Database\BaseConnection->simpleQuery('
        SELECT * FROM `SPriceSchedule` 
        LEFT JOIN CostestimateMaster ON CostestimateMaster.IId = SPriceSchedule.Item
        LEFT JOIN titem ON titem.TItemid = SPriceSchedule.Item; WHERE SPriceSchedule.UserId = \'\'')
 4 SYSTEMPATH\Model.php(832): CodeIgniter\Database\BaseConnection->query('
        SELECT * FROM `SPriceSchedule` 
        LEFT JOIN CostestimateMaster ON CostestimateMaster.IId = SPriceSchedule.Item
        LEFT JOIN titem ON titem.TItemid = SPriceSchedule.Item; WHERE SPriceSchedule.UserId = \'\'')
 5 APPPATH\Models\SPriceScheduleModel.php(33): CodeIgniter\Model->__call('query', [...])
 6 APPPATH\Controllers\SubmitedBid.php(86): App\Models\SPriceScheduleModel->GetPriseScheduleDetails(null)
 7 SYSTEMPATH\CodeIgniter.php(932): App\Controllers\SubmitedBid->OpenedTender('4', '51')
 8 SYSTEMPATH\CodeIgniter.php(497): CodeIgniter\CodeIgniter->runController(Object(App\Controllers\SubmitedBid))
 9 SYSTEMPATH\CodeIgniter.php(366): CodeIgniter\CodeIgniter->handleRequest(null, Object(Config\Cache), false)
10 FCPATH\index.php(67): CodeIgniter\CodeIgniter->run()
ERROR - 2024-02-02 08:26:03 --> mysqli_sql_exception: You have an error in your SQL syntax; check the manual that corresponds to your MariaDB server version for the right syntax to use near 'WHERE SPriceSchedule.UserId = ''' at line 3 in C:\xampp\htdocs\IPMS\system\Database\MySQLi\Connection.php:295
Stack trace:
#0 C:\xampp\htdocs\IPMS\system\Database\MySQLi\Connection.php(295): mysqli->query('\n        SELECT...', 0)
#1 C:\xampp\htdocs\IPMS\system\Database\BaseConnection.php(692): CodeIgniter\Database\MySQLi\Connection->execute('\n        SELECT...')
#2 C:\xampp\htdocs\IPMS\system\Database\BaseConnection.php(606): CodeIgniter\Database\BaseConnection->simpleQuery('\n        SELECT...')
#3 C:\xampp\htdocs\IPMS\system\Model.php(832): CodeIgniter\Database\BaseConnection->query('\n        SELECT...')
#4 C:\xampp\htdocs\IPMS\app\Models\SPriceScheduleModel.php(33): CodeIgniter\Model->__call('query', Array)
#5 C:\xampp\htdocs\IPMS\app\Controllers\SubmitedBid.php(86): App\Models\SPriceScheduleModel->GetPriseScheduleDetails(NULL)
#6 C:\xampp\htdocs\IPMS\system\CodeIgniter.php(932): App\Controllers\SubmitedBid->OpenedTender('4', '51')
#7 C:\xampp\htdocs\IPMS\system\CodeIgniter.php(497): CodeIgniter\CodeIgniter->runController(Object(App\Controllers\SubmitedBid))
#8 C:\xampp\htdocs\IPMS\system\CodeIgniter.php(366): CodeIgniter\CodeIgniter->handleRequest(NULL, Object(Config\Cache), false)
#9 C:\xampp\htdocs\IPMS\index.php(67): CodeIgniter\CodeIgniter->run()
#10 {main}
CRITICAL - 2024-02-02 08:26:03 --> You have an error in your SQL syntax; check the manual that corresponds to your MariaDB server version for the right syntax to use near 'WHERE SPriceSchedule.UserId = ''' at line 3
in SYSTEMPATH\Database\MySQLi\Connection.php on line 295.
 1 SYSTEMPATH\Database\MySQLi\Connection.php(295): mysqli->query('
        SELECT * FROM `SPriceSchedule` 
        LEFT JOIN CostestimateMaster ON CostestimateMaster.IId = SPriceSchedule.Item
        LEFT JOIN titem ON titem.TItemid = SPriceSchedule.Item; WHERE SPriceSchedule.UserId = \'\'', 0)
 2 SYSTEMPATH\Database\BaseConnection.php(692): CodeIgniter\Database\MySQLi\Connection->execute('
        SELECT * FROM `SPriceSchedule` 
        LEFT JOIN CostestimateMaster ON CostestimateMaster.IId = SPriceSchedule.Item
        LEFT JOIN titem ON titem.TItemid = SPriceSchedule.Item; WHERE SPriceSchedule.UserId = \'\'')
 3 SYSTEMPATH\Database\BaseConnection.php(606): CodeIgniter\Database\BaseConnection->simpleQuery('
        SELECT * FROM `SPriceSchedule` 
        LEFT JOIN CostestimateMaster ON CostestimateMaster.IId = SPriceSchedule.Item
        LEFT JOIN titem ON titem.TItemid = SPriceSchedule.Item; WHERE SPriceSchedule.UserId = \'\'')
 4 SYSTEMPATH\Model.php(832): CodeIgniter\Database\BaseConnection->query('
        SELECT * FROM `SPriceSchedule` 
        LEFT JOIN CostestimateMaster ON CostestimateMaster.IId = SPriceSchedule.Item
        LEFT JOIN titem ON titem.TItemid = SPriceSchedule.Item; WHERE SPriceSchedule.UserId = \'\'')
 5 APPPATH\Models\SPriceScheduleModel.php(33): CodeIgniter\Model->__call('query', [...])
 6 APPPATH\Controllers\SubmitedBid.php(86): App\Models\SPriceScheduleModel->GetPriseScheduleDetails(null)
 7 SYSTEMPATH\CodeIgniter.php(932): App\Controllers\SubmitedBid->OpenedTender('4', '51')
 8 SYSTEMPATH\CodeIgniter.php(497): CodeIgniter\CodeIgniter->runController(Object(App\Controllers\SubmitedBid))
 9 SYSTEMPATH\CodeIgniter.php(366): CodeIgniter\CodeIgniter->handleRequest(null, Object(Config\Cache), false)
10 FCPATH\index.php(67): CodeIgniter\CodeIgniter->run()
CRITICAL - 2024-02-02 09:28:59 --> Undefined variable $resultP
in APPPATH\Views\sys\submitedBid\OpenedTender.php on line 123.
 1 APPPATH\Views\sys\submitedBid\OpenedTender.php(123): CodeIgniter\Debug\Exceptions->errorHandler(2, 'Undefined variable $resultP', 'C:\\xampp\\htdocs\\IPMS\\app\\Views\\sys\\submitedBid\\OpenedTender.php', 123)
 2 SYSTEMPATH\View\View.php(224): include('C:\\xampp\\htdocs\\IPMS\\app\\Views\\sys\\submitedBid\\OpenedTender.php')
 3 SYSTEMPATH\View\View.php(227): CodeIgniter\View\View->CodeIgniter\View\{closure}()
 4 SYSTEMPATH\Common.php(1176): CodeIgniter\View\View->render('sys/SubmitedBid/OpenedTender', [], true)
 5 APPPATH\Controllers\SubmitedBid.php(99): view('sys/SubmitedBid/OpenedTender', [...])
 6 SYSTEMPATH\CodeIgniter.php(932): App\Controllers\SubmitedBid->OpenedTender('4', '51')
 7 SYSTEMPATH\CodeIgniter.php(497): CodeIgniter\CodeIgniter->runController(Object(App\Controllers\SubmitedBid))
 8 SYSTEMPATH\CodeIgniter.php(366): CodeIgniter\CodeIgniter->handleRequest(null, Object(Config\Cache), false)
 9 FCPATH\index.php(67): CodeIgniter\CodeIgniter->run()
CRITICAL - 2024-02-02 09:29:00 --> Undefined variable $resultP
in APPPATH\Views\sys\submitedBid\OpenedTender.php on line 123.
 1 APPPATH\Views\sys\submitedBid\OpenedTender.php(123): CodeIgniter\Debug\Exceptions->errorHandler(2, 'Undefined variable $resultP', 'C:\\xampp\\htdocs\\IPMS\\app\\Views\\sys\\submitedBid\\OpenedTender.php', 123)
 2 SYSTEMPATH\View\View.php(224): include('C:\\xampp\\htdocs\\IPMS\\app\\Views\\sys\\submitedBid\\OpenedTender.php')
 3 SYSTEMPATH\View\View.php(227): CodeIgniter\View\View->CodeIgniter\View\{closure}()
 4 SYSTEMPATH\Common.php(1176): CodeIgniter\View\View->render('sys/SubmitedBid/OpenedTender', [], true)
 5 APPPATH\Controllers\SubmitedBid.php(99): view('sys/SubmitedBid/OpenedTender', [...])
 6 SYSTEMPATH\CodeIgniter.php(932): App\Controllers\SubmitedBid->OpenedTender('4', 'assets', 'img', null)
 7 SYSTEMPATH\CodeIgniter.php(497): CodeIgniter\CodeIgniter->runController(Object(App\Controllers\SubmitedBid))
 8 SYSTEMPATH\CodeIgniter.php(366): CodeIgniter\CodeIgniter->handleRequest(null, Object(Config\Cache), false)
 9 FCPATH\index.php(67): CodeIgniter\CodeIgniter->run()
CRITICAL - 2024-02-02 09:30:06 --> Undefined variable $resultP
in APPPATH\Views\sys\submitedBid\OpenedTender.php on line 123.
 1 APPPATH\Views\sys\submitedBid\OpenedTender.php(123): CodeIgniter\Debug\Exceptions->errorHandler(2, 'Undefined variable $resultP', 'C:\\xampp\\htdocs\\IPMS\\app\\Views\\sys\\submitedBid\\OpenedTender.php', 123)
 2 SYSTEMPATH\View\View.php(224): include('C:\\xampp\\htdocs\\IPMS\\app\\Views\\sys\\submitedBid\\OpenedTender.php')
 3 SYSTEMPATH\View\View.php(227): CodeIgniter\View\View->CodeIgniter\View\{closure}()
 4 SYSTEMPATH\Common.php(1176): CodeIgniter\View\View->render('sys/SubmitedBid/OpenedTender', [], true)
 5 APPPATH\Controllers\SubmitedBid.php(99): view('sys/SubmitedBid/OpenedTender', [...])
 6 SYSTEMPATH\CodeIgniter.php(932): App\Controllers\SubmitedBid->OpenedTender('4', '51')
 7 SYSTEMPATH\CodeIgniter.php(497): CodeIgniter\CodeIgniter->runController(Object(App\Controllers\SubmitedBid))
 8 SYSTEMPATH\CodeIgniter.php(366): CodeIgniter\CodeIgniter->handleRequest(null, Object(Config\Cache), false)
 9 FCPATH\index.php(67): CodeIgniter\CodeIgniter->run()
CRITICAL - 2024-02-02 09:30:07 --> Undefined variable $resultP
in APPPATH\Views\sys\submitedBid\OpenedTender.php on line 123.
 1 APPPATH\Views\sys\submitedBid\OpenedTender.php(123): CodeIgniter\Debug\Exceptions->errorHandler(2, 'Undefined variable $resultP', 'C:\\xampp\\htdocs\\IPMS\\app\\Views\\sys\\submitedBid\\OpenedTender.php', 123)
 2 SYSTEMPATH\View\View.php(224): include('C:\\xampp\\htdocs\\IPMS\\app\\Views\\sys\\submitedBid\\OpenedTender.php')
 3 SYSTEMPATH\View\View.php(227): CodeIgniter\View\View->CodeIgniter\View\{closure}()
 4 SYSTEMPATH\Common.php(1176): CodeIgniter\View\View->render('sys/SubmitedBid/OpenedTender', [], true)
 5 APPPATH\Controllers\SubmitedBid.php(99): view('sys/SubmitedBid/OpenedTender', [...])
 6 SYSTEMPATH\CodeIgniter.php(932): App\Controllers\SubmitedBid->OpenedTender('4', 'assets', 'img', 'messages-1.jpg')
 7 SYSTEMPATH\CodeIgniter.php(497): CodeIgniter\CodeIgniter->runController(Object(App\Controllers\SubmitedBid))
 8 SYSTEMPATH\CodeIgniter.php(366): CodeIgniter\CodeIgniter->handleRequest(null, Object(Config\Cache), false)
 9 FCPATH\index.php(67): CodeIgniter\CodeIgniter->run()
ERROR - 2024-02-02 09:55:32 --> mysqli_sql_exception: You have an error in your SQL syntax; check the manual that corresponds to your MariaDB server version for the right syntax to use near 'LEFT JOIN CostestimateMaster ON CostestimateMaster.IId = SPriceSchedule.Item
...' at line 2 in C:\xampp\htdocs\IPMS\system\Database\MySQLi\Connection.php:295
Stack trace:
#0 C:\xampp\htdocs\IPMS\system\Database\MySQLi\Connection.php(295): mysqli->query('\n        SELECT...', 0)
#1 C:\xampp\htdocs\IPMS\system\Database\BaseConnection.php(692): CodeIgniter\Database\MySQLi\Connection->execute('\n        SELECT...')
#2 C:\xampp\htdocs\IPMS\system\Database\BaseConnection.php(606): CodeIgniter\Database\BaseConnection->simpleQuery('\n        SELECT...')
#3 C:\xampp\htdocs\IPMS\system\Model.php(832): CodeIgniter\Database\BaseConnection->query('\n        SELECT...')
#4 C:\xampp\htdocs\IPMS\app\Models\SPriceScheduleModel.php(43): CodeIgniter\Model->__call('query', Array)
#5 C:\xampp\htdocs\IPMS\app\Controllers\SubmitedBid.php(86): App\Models\SPriceScheduleModel->GetPriseScheduleDetails(NULL)
#6 C:\xampp\htdocs\IPMS\system\CodeIgniter.php(932): App\Controllers\SubmitedBid->OpenedTender('4', '51')
#7 C:\xampp\htdocs\IPMS\system\CodeIgniter.php(497): CodeIgniter\CodeIgniter->runController(Object(App\Controllers\SubmitedBid))
#8 C:\xampp\htdocs\IPMS\system\CodeIgniter.php(366): CodeIgniter\CodeIgniter->handleRequest(NULL, Object(Config\Cache), false)
#9 C:\xampp\htdocs\IPMS\index.php(67): CodeIgniter\CodeIgniter->run()
#10 {main}
CRITICAL - 2024-02-02 09:55:32 --> You have an error in your SQL syntax; check the manual that corresponds to your MariaDB server version for the right syntax to use near 'LEFT JOIN CostestimateMaster ON CostestimateMaster.IId = SPriceSchedule.Item
...' at line 2
in SYSTEMPATH\Database\MySQLi\Connection.php on line 295.
 1 SYSTEMPATH\Database\MySQLi\Connection.php(295): mysqli->query('
        SELECT * FROM `SPriceSchedule` WHERE SPriceSchedule.UserId = \'\' 
        LEFT JOIN CostestimateMaster ON CostestimateMaster.IId = SPriceSchedule.Item
        LEFT JOIN titem ON titem.TItemid = SPriceSchedule.Item', 0)
 2 SYSTEMPATH\Database\BaseConnection.php(692): CodeIgniter\Database\MySQLi\Connection->execute('
        SELECT * FROM `SPriceSchedule` WHERE SPriceSchedule.UserId = \'\' 
        LEFT JOIN CostestimateMaster ON CostestimateMaster.IId = SPriceSchedule.Item
        LEFT JOIN titem ON titem.TItemid = SPriceSchedule.Item')
 3 SYSTEMPATH\Database\BaseConnection.php(606): CodeIgniter\Database\BaseConnection->simpleQuery('
        SELECT * FROM `SPriceSchedule` WHERE SPriceSchedule.UserId = \'\' 
        LEFT JOIN CostestimateMaster ON CostestimateMaster.IId = SPriceSchedule.Item
        LEFT JOIN titem ON titem.TItemid = SPriceSchedule.Item')
 4 SYSTEMPATH\Model.php(832): CodeIgniter\Database\BaseConnection->query('
        SELECT * FROM `SPriceSchedule` WHERE SPriceSchedule.UserId = \'\' 
        LEFT JOIN CostestimateMaster ON CostestimateMaster.IId = SPriceSchedule.Item
        LEFT JOIN titem ON titem.TItemid = SPriceSchedule.Item')
 5 APPPATH\Models\SPriceScheduleModel.php(43): CodeIgniter\Model->__call('query', [...])
 6 APPPATH\Controllers\SubmitedBid.php(86): App\Models\SPriceScheduleModel->GetPriseScheduleDetails(null)
 7 SYSTEMPATH\CodeIgniter.php(932): App\Controllers\SubmitedBid->OpenedTender('4', '51')
 8 SYSTEMPATH\CodeIgniter.php(497): CodeIgniter\CodeIgniter->runController(Object(App\Controllers\SubmitedBid))
 9 SYSTEMPATH\CodeIgniter.php(366): CodeIgniter\CodeIgniter->handleRequest(null, Object(Config\Cache), false)
10 FCPATH\index.php(67): CodeIgniter\CodeIgniter->run()
ERROR - 2024-02-02 10:22:45 --> mysqli_sql_exception: You have an error in your SQL syntax; check the manual that corresponds to your MariaDB server version for the right syntax to use near ''UserId''' at line 3 in C:\xampp\htdocs\IPMS\system\Database\MySQLi\Connection.php:295
Stack trace:
#0 C:\xampp\htdocs\IPMS\system\Database\MySQLi\Connection.php(295): mysqli->query('\n        SELECT...', 0)
#1 C:\xampp\htdocs\IPMS\system\Database\BaseConnection.php(692): CodeIgniter\Database\MySQLi\Connection->execute('\n        SELECT...')
#2 C:\xampp\htdocs\IPMS\system\Database\BaseConnection.php(606): CodeIgniter\Database\BaseConnection->simpleQuery('\n        SELECT...')
#3 C:\xampp\htdocs\IPMS\system\Model.php(832): CodeIgniter\Database\BaseConnection->query('\n        SELECT...')
#4 C:\xampp\htdocs\IPMS\app\Models\SPriceScheduleModel.php(42): CodeIgniter\Model->__call('query', Array)
#5 C:\xampp\htdocs\IPMS\app\Controllers\SubmitedBid.php(86): App\Models\SPriceScheduleModel->GetPriseScheduleDetails(NULL)
#6 C:\xampp\htdocs\IPMS\system\CodeIgniter.php(932): App\Controllers\SubmitedBid->OpenedTender('4', '51')
#7 C:\xampp\htdocs\IPMS\system\CodeIgniter.php(497): CodeIgniter\CodeIgniter->runController(Object(App\Controllers\SubmitedBid))
#8 C:\xampp\htdocs\IPMS\system\CodeIgniter.php(366): CodeIgniter\CodeIgniter->handleRequest(NULL, Object(Config\Cache), false)
#9 C:\xampp\htdocs\IPMS\index.php(67): CodeIgniter\CodeIgniter->run()
#10 {main}
CRITICAL - 2024-02-02 10:22:45 --> You have an error in your SQL syntax; check the manual that corresponds to your MariaDB server version for the right syntax to use near ''UserId''' at line 3
in SYSTEMPATH\Database\MySQLi\Connection.php on line 295.
 1 SYSTEMPATH\Database\MySQLi\Connection.php(295): mysqli->query('
        SELECT * FROM `SPriceSchedule` 
        LEFT JOIN titem ON titem.TItemid = SPriceSchedule.Item 
        WHERE SPriceSchedule.UserId = \'UserId\'\'', 0)
 2 SYSTEMPATH\Database\BaseConnection.php(692): CodeIgniter\Database\MySQLi\Connection->execute('
        SELECT * FROM `SPriceSchedule` 
        LEFT JOIN titem ON titem.TItemid = SPriceSchedule.Item 
        WHERE SPriceSchedule.UserId = \'UserId\'\'')
 3 SYSTEMPATH\Database\BaseConnection.php(606): CodeIgniter\Database\BaseConnection->simpleQuery('
        SELECT * FROM `SPriceSchedule` 
        LEFT JOIN titem ON titem.TItemid = SPriceSchedule.Item 
        WHERE SPriceSchedule.UserId = \'UserId\'\'')
 4 SYSTEMPATH\Model.php(832): CodeIgniter\Database\BaseConnection->query('
        SELECT * FROM `SPriceSchedule` 
        LEFT JOIN titem ON titem.TItemid = SPriceSchedule.Item 
        WHERE SPriceSchedule.UserId = \'UserId\'\'')
 5 APPPATH\Models\SPriceScheduleModel.php(42): CodeIgniter\Model->__call('query', [...])
 6 APPPATH\Controllers\SubmitedBid.php(86): App\Models\SPriceScheduleModel->GetPriseScheduleDetails(null)
 7 SYSTEMPATH\CodeIgniter.php(932): App\Controllers\SubmitedBid->OpenedTender('4', '51')
 8 SYSTEMPATH\CodeIgniter.php(497): CodeIgniter\CodeIgniter->runController(Object(App\Controllers\SubmitedBid))
 9 SYSTEMPATH\CodeIgniter.php(366): CodeIgniter\CodeIgniter->handleRequest(null, Object(Config\Cache), false)
10 FCPATH\index.php(67): CodeIgniter\CodeIgniter->run()
ERROR - 2024-02-02 10:23:26 --> mysqli_sql_exception: You have an error in your SQL syntax; check the manual that corresponds to your MariaDB server version for the right syntax to use near ''UserId' at line 3 in C:\xampp\htdocs\IPMS\system\Database\MySQLi\Connection.php:295
Stack trace:
#0 C:\xampp\htdocs\IPMS\system\Database\MySQLi\Connection.php(295): mysqli->query('\n        SELECT...', 0)
#1 C:\xampp\htdocs\IPMS\system\Database\BaseConnection.php(692): CodeIgniter\Database\MySQLi\Connection->execute('\n        SELECT...')
#2 C:\xampp\htdocs\IPMS\system\Database\BaseConnection.php(606): CodeIgniter\Database\BaseConnection->simpleQuery('\n        SELECT...')
#3 C:\xampp\htdocs\IPMS\system\Model.php(832): CodeIgniter\Database\BaseConnection->query('\n        SELECT...')
#4 C:\xampp\htdocs\IPMS\app\Models\SPriceScheduleModel.php(42): CodeIgniter\Model->__call('query', Array)
#5 C:\xampp\htdocs\IPMS\app\Controllers\SubmitedBid.php(86): App\Models\SPriceScheduleModel->GetPriseScheduleDetails(NULL)
#6 C:\xampp\htdocs\IPMS\system\CodeIgniter.php(932): App\Controllers\SubmitedBid->OpenedTender('4', '51')
#7 C:\xampp\htdocs\IPMS\system\CodeIgniter.php(497): CodeIgniter\CodeIgniter->runController(Object(App\Controllers\SubmitedBid))
#8 C:\xampp\htdocs\IPMS\system\CodeIgniter.php(366): CodeIgniter\CodeIgniter->handleRequest(NULL, Object(Config\Cache), false)
#9 C:\xampp\htdocs\IPMS\index.php(67): CodeIgniter\CodeIgniter->run()
#10 {main}
CRITICAL - 2024-02-02 10:23:26 --> You have an error in your SQL syntax; check the manual that corresponds to your MariaDB server version for the right syntax to use near ''UserId' at line 3
in SYSTEMPATH\Database\MySQLi\Connection.php on line 295.
 1 SYSTEMPATH\Database\MySQLi\Connection.php(295): mysqli->query('
        SELECT * FROM `SPriceSchedule` 
        LEFT JOIN titem ON titem.TItemid = SPriceSchedule.Item 
        WHERE SPriceSchedule.UserId = \'UserId', 0)
 2 SYSTEMPATH\Database\BaseConnection.php(692): CodeIgniter\Database\MySQLi\Connection->execute('
        SELECT * FROM `SPriceSchedule` 
        LEFT JOIN titem ON titem.TItemid = SPriceSchedule.Item 
        WHERE SPriceSchedule.UserId = \'UserId')
 3 SYSTEMPATH\Database\BaseConnection.php(606): CodeIgniter\Database\BaseConnection->simpleQuery('
        SELECT * FROM `SPriceSchedule` 
        LEFT JOIN titem ON titem.TItemid = SPriceSchedule.Item 
        WHERE SPriceSchedule.UserId = \'UserId')
 4 SYSTEMPATH\Model.php(832): CodeIgniter\Database\BaseConnection->query('
        SELECT * FROM `SPriceSchedule` 
        LEFT JOIN titem ON titem.TItemid = SPriceSchedule.Item 
        WHERE SPriceSchedule.UserId = \'UserId')
 5 APPPATH\Models\SPriceScheduleModel.php(42): CodeIgniter\Model->__call('query', [...])
 6 APPPATH\Controllers\SubmitedBid.php(86): App\Models\SPriceScheduleModel->GetPriseScheduleDetails(null)
 7 SYSTEMPATH\CodeIgniter.php(932): App\Controllers\SubmitedBid->OpenedTender('4', '51')
 8 SYSTEMPATH\CodeIgniter.php(497): CodeIgniter\CodeIgniter->runController(Object(App\Controllers\SubmitedBid))
 9 SYSTEMPATH\CodeIgniter.php(366): CodeIgniter\CodeIgniter->handleRequest(null, Object(Config\Cache), false)
10 FCPATH\index.php(67): CodeIgniter\CodeIgniter->run()
ERROR - 2024-02-02 10:23:30 --> mysqli_sql_exception: You have an error in your SQL syntax; check the manual that corresponds to your MariaDB server version for the right syntax to use near ''UserId' at line 3 in C:\xampp\htdocs\IPMS\system\Database\MySQLi\Connection.php:295
Stack trace:
#0 C:\xampp\htdocs\IPMS\system\Database\MySQLi\Connection.php(295): mysqli->query('\n        SELECT...', 0)
#1 C:\xampp\htdocs\IPMS\system\Database\BaseConnection.php(692): CodeIgniter\Database\MySQLi\Connection->execute('\n        SELECT...')
#2 C:\xampp\htdocs\IPMS\system\Database\BaseConnection.php(606): CodeIgniter\Database\BaseConnection->simpleQuery('\n        SELECT...')
#3 C:\xampp\htdocs\IPMS\system\Model.php(832): CodeIgniter\Database\BaseConnection->query('\n        SELECT...')
#4 C:\xampp\htdocs\IPMS\app\Models\SPriceScheduleModel.php(42): CodeIgniter\Model->__call('query', Array)
#5 C:\xampp\htdocs\IPMS\app\Controllers\SubmitedBid.php(86): App\Models\SPriceScheduleModel->GetPriseScheduleDetails(NULL)
#6 C:\xampp\htdocs\IPMS\system\CodeIgniter.php(932): App\Controllers\SubmitedBid->OpenedTender('4', '51')
#7 C:\xampp\htdocs\IPMS\system\CodeIgniter.php(497): CodeIgniter\CodeIgniter->runController(Object(App\Controllers\SubmitedBid))
#8 C:\xampp\htdocs\IPMS\system\CodeIgniter.php(366): CodeIgniter\CodeIgniter->handleRequest(NULL, Object(Config\Cache), false)
#9 C:\xampp\htdocs\IPMS\index.php(67): CodeIgniter\CodeIgniter->run()
#10 {main}
CRITICAL - 2024-02-02 10:23:30 --> You have an error in your SQL syntax; check the manual that corresponds to your MariaDB server version for the right syntax to use near ''UserId' at line 3
in SYSTEMPATH\Database\MySQLi\Connection.php on line 295.
 1 SYSTEMPATH\Database\MySQLi\Connection.php(295): mysqli->query('
        SELECT * FROM `SPriceSchedule` 
        LEFT JOIN titem ON titem.TItemid = SPriceSchedule.Item 
        WHERE SPriceSchedule.UserId = \'UserId', 0)
 2 SYSTEMPATH\Database\BaseConnection.php(692): CodeIgniter\Database\MySQLi\Connection->execute('
        SELECT * FROM `SPriceSchedule` 
        LEFT JOIN titem ON titem.TItemid = SPriceSchedule.Item 
        WHERE SPriceSchedule.UserId = \'UserId')
 3 SYSTEMPATH\Database\BaseConnection.php(606): CodeIgniter\Database\BaseConnection->simpleQuery('
        SELECT * FROM `SPriceSchedule` 
        LEFT JOIN titem ON titem.TItemid = SPriceSchedule.Item 
        WHERE SPriceSchedule.UserId = \'UserId')
 4 SYSTEMPATH\Model.php(832): CodeIgniter\Database\BaseConnection->query('
        SELECT * FROM `SPriceSchedule` 
        LEFT JOIN titem ON titem.TItemid = SPriceSchedule.Item 
        WHERE SPriceSchedule.UserId = \'UserId')
 5 APPPATH\Models\SPriceScheduleModel.php(42): CodeIgniter\Model->__call('query', [...])
 6 APPPATH\Controllers\SubmitedBid.php(86): App\Models\SPriceScheduleModel->GetPriseScheduleDetails(null)
 7 SYSTEMPATH\CodeIgniter.php(932): App\Controllers\SubmitedBid->OpenedTender('4', '51')
 8 SYSTEMPATH\CodeIgniter.php(497): CodeIgniter\CodeIgniter->runController(Object(App\Controllers\SubmitedBid))
 9 SYSTEMPATH\CodeIgniter.php(366): CodeIgniter\CodeIgniter->handleRequest(null, Object(Config\Cache), false)
10 FCPATH\index.php(67): CodeIgniter\CodeIgniter->run()
ERROR - 2024-02-02 10:28:07 --> mysqli_sql_exception: You have an error in your SQL syntax; check the manual that corresponds to your MariaDB server version for the right syntax to use near ''UserId' at line 3 in C:\xampp\htdocs\IPMS\system\Database\MySQLi\Connection.php:295
Stack trace:
#0 C:\xampp\htdocs\IPMS\system\Database\MySQLi\Connection.php(295): mysqli->query('\n        SELECT...', 0)
#1 C:\xampp\htdocs\IPMS\system\Database\BaseConnection.php(692): CodeIgniter\Database\MySQLi\Connection->execute('\n        SELECT...')
#2 C:\xampp\htdocs\IPMS\system\Database\BaseConnection.php(606): CodeIgniter\Database\BaseConnection->simpleQuery('\n        SELECT...')
#3 C:\xampp\htdocs\IPMS\system\Model.php(832): CodeIgniter\Database\BaseConnection->query('\n        SELECT...')
#4 C:\xampp\htdocs\IPMS\app\Models\SPriceScheduleModel.php(42): CodeIgniter\Model->__call('query', Array)
#5 C:\xampp\htdocs\IPMS\app\Controllers\SubmitedBid.php(86): App\Models\SPriceScheduleModel->GetPriseScheduleDetails(NULL)
#6 C:\xampp\htdocs\IPMS\system\CodeIgniter.php(932): App\Controllers\SubmitedBid->OpenedTender('4', '51')
#7 C:\xampp\htdocs\IPMS\system\CodeIgniter.php(497): CodeIgniter\CodeIgniter->runController(Object(App\Controllers\SubmitedBid))
#8 C:\xampp\htdocs\IPMS\system\CodeIgniter.php(366): CodeIgniter\CodeIgniter->handleRequest(NULL, Object(Config\Cache), false)
#9 C:\xampp\htdocs\IPMS\index.php(67): CodeIgniter\CodeIgniter->run()
#10 {main}
CRITICAL - 2024-02-02 10:28:07 --> You have an error in your SQL syntax; check the manual that corresponds to your MariaDB server version for the right syntax to use near ''UserId' at line 3
in SYSTEMPATH\Database\MySQLi\Connection.php on line 295.
 1 SYSTEMPATH\Database\MySQLi\Connection.php(295): mysqli->query('
        SELECT * FROM `SPriceSchedule` 
        LEFT JOIN titem ON titem.TItemid = SPriceSchedule.Item 
        WHERE SPriceSchedule.UserId = \'UserId', 0)
 2 SYSTEMPATH\Database\BaseConnection.php(692): CodeIgniter\Database\MySQLi\Connection->execute('
        SELECT * FROM `SPriceSchedule` 
        LEFT JOIN titem ON titem.TItemid = SPriceSchedule.Item 
        WHERE SPriceSchedule.UserId = \'UserId')
 3 SYSTEMPATH\Database\BaseConnection.php(606): CodeIgniter\Database\BaseConnection->simpleQuery('
        SELECT * FROM `SPriceSchedule` 
        LEFT JOIN titem ON titem.TItemid = SPriceSchedule.Item 
        WHERE SPriceSchedule.UserId = \'UserId')
 4 SYSTEMPATH\Model.php(832): CodeIgniter\Database\BaseConnection->query('
        SELECT * FROM `SPriceSchedule` 
        LEFT JOIN titem ON titem.TItemid = SPriceSchedule.Item 
        WHERE SPriceSchedule.UserId = \'UserId')
 5 APPPATH\Models\SPriceScheduleModel.php(42): CodeIgniter\Model->__call('query', [...])
 6 APPPATH\Controllers\SubmitedBid.php(86): App\Models\SPriceScheduleModel->GetPriseScheduleDetails(null)
 7 SYSTEMPATH\CodeIgniter.php(932): App\Controllers\SubmitedBid->OpenedTender('4', '51')
 8 SYSTEMPATH\CodeIgniter.php(497): CodeIgniter\CodeIgniter->runController(Object(App\Controllers\SubmitedBid))
 9 SYSTEMPATH\CodeIgniter.php(366): CodeIgniter\CodeIgniter->handleRequest(null, Object(Config\Cache), false)
10 FCPATH\index.php(67): CodeIgniter\CodeIgniter->run()
ERROR - 2024-02-02 14:51:22 --> mysqli_sql_exception: Unknown column 'SPriceSchedule.UserId' in 'where clause' in C:\xampp\htdocs\IPMS\system\Database\MySQLi\Connection.php:295
Stack trace:
#0 C:\xampp\htdocs\IPMS\system\Database\MySQLi\Connection.php(295): mysqli->query('\n        SELECT...', 0)
#1 C:\xampp\htdocs\IPMS\system\Database\BaseConnection.php(692): CodeIgniter\Database\MySQLi\Connection->execute('\n        SELECT...')
#2 C:\xampp\htdocs\IPMS\system\Database\BaseConnection.php(606): CodeIgniter\Database\BaseConnection->simpleQuery('\n        SELECT...')
#3 C:\xampp\htdocs\IPMS\system\Model.php(832): CodeIgniter\Database\BaseConnection->query('\n        SELECT...')
#4 C:\xampp\htdocs\IPMS\app\Models\InvitationModel.php(24): CodeIgniter\Model->__call('query', Array)
#5 C:\xampp\htdocs\IPMS\app\Controllers\SubmitedBid.php(49): App\Models\InvitationModel->getinvitationDetailsbyTId('4', '51', NULL)
#6 C:\xampp\htdocs\IPMS\system\CodeIgniter.php(932): App\Controllers\SubmitedBid->ViewBidders('4', '51')
#7 C:\xampp\htdocs\IPMS\system\CodeIgniter.php(497): CodeIgniter\CodeIgniter->runController(Object(App\Controllers\SubmitedBid))
#8 C:\xampp\htdocs\IPMS\system\CodeIgniter.php(366): CodeIgniter\CodeIgniter->handleRequest(NULL, Object(Config\Cache), false)
#9 C:\xampp\htdocs\IPMS\index.php(67): CodeIgniter\CodeIgniter->run()
#10 {main}
CRITICAL - 2024-02-02 14:51:22 --> Unknown column 'SPriceSchedule.UserId' in 'where clause'
in SYSTEMPATH\Database\MySQLi\Connection.php on line 295.
 1 SYSTEMPATH\Database\MySQLi\Connection.php(295): mysqli->query('
        SELECT * FROM invitation i  
        LEFT JOIN invitation ON i.TId = SPriceSchedule.TenderId 
        WHERE i.IFBId=\'4\' AND i.TId=\'51\' AND SPriceSchedule.UserId=\'\';', 0)
 2 SYSTEMPATH\Database\BaseConnection.php(692): CodeIgniter\Database\MySQLi\Connection->execute('
        SELECT * FROM invitation i  
        LEFT JOIN invitation ON i.TId = SPriceSchedule.TenderId 
        WHERE i.IFBId=\'4\' AND i.TId=\'51\' AND SPriceSchedule.UserId=\'\';')
 3 SYSTEMPATH\Database\BaseConnection.php(606): CodeIgniter\Database\BaseConnection->simpleQuery('
        SELECT * FROM invitation i  
        LEFT JOIN invitation ON i.TId = SPriceSchedule.TenderId 
        WHERE i.IFBId=\'4\' AND i.TId=\'51\' AND SPriceSchedule.UserId=\'\';')
 4 SYSTEMPATH\Model.php(832): CodeIgniter\Database\BaseConnection->query('
        SELECT * FROM invitation i  
        LEFT JOIN invitation ON i.TId = SPriceSchedule.TenderId 
        WHERE i.IFBId=\'4\' AND i.TId=\'51\' AND SPriceSchedule.UserId=\'\';')
 5 APPPATH\Models\InvitationModel.php(24): CodeIgniter\Model->__call('query', [...])
 6 APPPATH\Controllers\SubmitedBid.php(49): App\Models\InvitationModel->getinvitationDetailsbyTId('4', '51', null)
 7 SYSTEMPATH\CodeIgniter.php(932): App\Controllers\SubmitedBid->ViewBidders('4', '51')
 8 SYSTEMPATH\CodeIgniter.php(497): CodeIgniter\CodeIgniter->runController(Object(App\Controllers\SubmitedBid))
 9 SYSTEMPATH\CodeIgniter.php(366): CodeIgniter\CodeIgniter->handleRequest(null, Object(Config\Cache), false)
10 FCPATH\index.php(67): CodeIgniter\CodeIgniter->run()
ERROR - 2024-02-02 14:53:15 --> mysqli_sql_exception: Unknown column 'SPriceSchedule.UserId' in 'where clause' in C:\xampp\htdocs\IPMS\system\Database\MySQLi\Connection.php:295
Stack trace:
#0 C:\xampp\htdocs\IPMS\system\Database\MySQLi\Connection.php(295): mysqli->query('\n        SELECT...', 0)
#1 C:\xampp\htdocs\IPMS\system\Database\BaseConnection.php(692): CodeIgniter\Database\MySQLi\Connection->execute('\n        SELECT...')
#2 C:\xampp\htdocs\IPMS\system\Database\BaseConnection.php(606): CodeIgniter\Database\BaseConnection->simpleQuery('\n        SELECT...')
#3 C:\xampp\htdocs\IPMS\system\Model.php(832): CodeIgniter\Database\BaseConnection->query('\n        SELECT...')
#4 C:\xampp\htdocs\IPMS\app\Models\InvitationModel.php(24): CodeIgniter\Model->__call('query', Array)
#5 C:\xampp\htdocs\IPMS\app\Controllers\SubmitedBid.php(49): App\Models\InvitationModel->getinvitationDetailsbyTId('4', '51', NULL)
#6 C:\xampp\htdocs\IPMS\system\CodeIgniter.php(932): App\Controllers\SubmitedBid->ViewBidders('4', '51')
#7 C:\xampp\htdocs\IPMS\system\CodeIgniter.php(497): CodeIgniter\CodeIgniter->runController(Object(App\Controllers\SubmitedBid))
#8 C:\xampp\htdocs\IPMS\system\CodeIgniter.php(366): CodeIgniter\CodeIgniter->handleRequest(NULL, Object(Config\Cache), false)
#9 C:\xampp\htdocs\IPMS\index.php(67): CodeIgniter\CodeIgniter->run()
#10 {main}
CRITICAL - 2024-02-02 14:53:15 --> Unknown column 'SPriceSchedule.UserId' in 'where clause'
in SYSTEMPATH\Database\MySQLi\Connection.php on line 295.
 1 SYSTEMPATH\Database\MySQLi\Connection.php(295): mysqli->query('
        SELECT * FROM invitation i  
        LEFT JOIN invitation ON i.TId = SPriceSchedule.TenderId 
        WHERE i.IFBId=\'4\' AND i.TId=\'51\' AND SPriceSchedule.UserId=\'\';', 0)
 2 SYSTEMPATH\Database\BaseConnection.php(692): CodeIgniter\Database\MySQLi\Connection->execute('
        SELECT * FROM invitation i  
        LEFT JOIN invitation ON i.TId = SPriceSchedule.TenderId 
        WHERE i.IFBId=\'4\' AND i.TId=\'51\' AND SPriceSchedule.UserId=\'\';')
 3 SYSTEMPATH\Database\BaseConnection.php(606): CodeIgniter\Database\BaseConnection->simpleQuery('
        SELECT * FROM invitation i  
        LEFT JOIN invitation ON i.TId = SPriceSchedule.TenderId 
        WHERE i.IFBId=\'4\' AND i.TId=\'51\' AND SPriceSchedule.UserId=\'\';')
 4 SYSTEMPATH\Model.php(832): CodeIgniter\Database\BaseConnection->query('
        SELECT * FROM invitation i  
        LEFT JOIN invitation ON i.TId = SPriceSchedule.TenderId 
        WHERE i.IFBId=\'4\' AND i.TId=\'51\' AND SPriceSchedule.UserId=\'\';')
 5 APPPATH\Models\InvitationModel.php(24): CodeIgniter\Model->__call('query', [...])
 6 APPPATH\Controllers\SubmitedBid.php(49): App\Models\InvitationModel->getinvitationDetailsbyTId('4', '51', null)
 7 SYSTEMPATH\CodeIgniter.php(932): App\Controllers\SubmitedBid->ViewBidders('4', '51')
 8 SYSTEMPATH\CodeIgniter.php(497): CodeIgniter\CodeIgniter->runController(Object(App\Controllers\SubmitedBid))
 9 SYSTEMPATH\CodeIgniter.php(366): CodeIgniter\CodeIgniter->handleRequest(null, Object(Config\Cache), false)
10 FCPATH\index.php(67): CodeIgniter\CodeIgniter->run()
CRITICAL - 2024-02-02 14:59:48 --> Undefined variable $resultP
in APPPATH\Views\sys\submitedBid\ViewBidders.php on line 95.
 1 APPPATH\Views\sys\submitedBid\ViewBidders.php(95): CodeIgniter\Debug\Exceptions->errorHandler(2, 'Undefined variable $resultP', 'C:\\xampp\\htdocs\\IPMS\\app\\Views\\sys\\submitedBid\\ViewBidders.php', 95)
 2 SYSTEMPATH\View\View.php(224): include('C:\\xampp\\htdocs\\IPMS\\app\\Views\\sys\\submitedBid\\ViewBidders.php')
 3 SYSTEMPATH\View\View.php(227): CodeIgniter\View\View->CodeIgniter\View\{closure}()
 4 SYSTEMPATH\Common.php(1176): CodeIgniter\View\View->render('sys/SubmitedBid/ViewBidders', [], true)
 5 APPPATH\Controllers\SubmitedBid.php(56): view('sys/SubmitedBid/ViewBidders', [...])
 6 SYSTEMPATH\CodeIgniter.php(932): App\Controllers\SubmitedBid->ViewBidders('4', '51')
 7 SYSTEMPATH\CodeIgniter.php(497): CodeIgniter\CodeIgniter->runController(Object(App\Controllers\SubmitedBid))
 8 SYSTEMPATH\CodeIgniter.php(366): CodeIgniter\CodeIgniter->handleRequest(null, Object(Config\Cache), false)
 9 FCPATH\index.php(67): CodeIgniter\CodeIgniter->run()
CRITICAL - 2024-02-02 15:01:57 --> Undefined variable $resultP
in APPPATH\Views\sys\submitedBid\ViewBidders.php on line 95.
 1 APPPATH\Views\sys\submitedBid\ViewBidders.php(95): CodeIgniter\Debug\Exceptions->errorHandler(2, 'Undefined variable $resultP', 'C:\\xampp\\htdocs\\IPMS\\app\\Views\\sys\\submitedBid\\ViewBidders.php', 95)
 2 SYSTEMPATH\View\View.php(224): include('C:\\xampp\\htdocs\\IPMS\\app\\Views\\sys\\submitedBid\\ViewBidders.php')
 3 SYSTEMPATH\View\View.php(227): CodeIgniter\View\View->CodeIgniter\View\{closure}()
 4 SYSTEMPATH\Common.php(1176): CodeIgniter\View\View->render('sys/SubmitedBid/ViewBidders', [], true)
 5 APPPATH\Controllers\SubmitedBid.php(56): view('sys/SubmitedBid/ViewBidders', [...])
 6 SYSTEMPATH\CodeIgniter.php(932): App\Controllers\SubmitedBid->ViewBidders('4', '51')
 7 SYSTEMPATH\CodeIgniter.php(497): CodeIgniter\CodeIgniter->runController(Object(App\Controllers\SubmitedBid))
 8 SYSTEMPATH\CodeIgniter.php(366): CodeIgniter\CodeIgniter->handleRequest(null, Object(Config\Cache), false)
 9 FCPATH\index.php(67): CodeIgniter\CodeIgniter->run()
CRITICAL - 2024-02-02 15:02:31 --> Undefined variable $resultP
in APPPATH\Views\sys\submitedBid\ViewBidders.php on line 95.
 1 APPPATH\Views\sys\submitedBid\ViewBidders.php(95): CodeIgniter\Debug\Exceptions->errorHandler(2, 'Undefined variable $resultP', 'C:\\xampp\\htdocs\\IPMS\\app\\Views\\sys\\submitedBid\\ViewBidders.php', 95)
 2 SYSTEMPATH\View\View.php(224): include('C:\\xampp\\htdocs\\IPMS\\app\\Views\\sys\\submitedBid\\ViewBidders.php')
 3 SYSTEMPATH\View\View.php(227): CodeIgniter\View\View->CodeIgniter\View\{closure}()
 4 SYSTEMPATH\Common.php(1176): CodeIgniter\View\View->render('sys/SubmitedBid/ViewBidders', [], true)
 5 APPPATH\Controllers\SubmitedBid.php(56): view('sys/SubmitedBid/ViewBidders', [...])
 6 SYSTEMPATH\CodeIgniter.php(932): App\Controllers\SubmitedBid->ViewBidders('4', '51')
 7 SYSTEMPATH\CodeIgniter.php(497): CodeIgniter\CodeIgniter->runController(Object(App\Controllers\SubmitedBid))
 8 SYSTEMPATH\CodeIgniter.php(366): CodeIgniter\CodeIgniter->handleRequest(null, Object(Config\Cache), false)
 9 FCPATH\index.php(67): CodeIgniter\CodeIgniter->run()
CRITICAL - 2024-02-02 15:04:36 --> Undefined variable $resultP
in APPPATH\Views\sys\submitedBid\ViewBidders.php on line 95.
 1 APPPATH\Views\sys\submitedBid\ViewBidders.php(95): CodeIgniter\Debug\Exceptions->errorHandler(2, 'Undefined variable $resultP', 'C:\\xampp\\htdocs\\IPMS\\app\\Views\\sys\\submitedBid\\ViewBidders.php', 95)
 2 SYSTEMPATH\View\View.php(224): include('C:\\xampp\\htdocs\\IPMS\\app\\Views\\sys\\submitedBid\\ViewBidders.php')
 3 SYSTEMPATH\View\View.php(227): CodeIgniter\View\View->CodeIgniter\View\{closure}()
 4 SYSTEMPATH\Common.php(1176): CodeIgniter\View\View->render('sys/SubmitedBid/ViewBidders', [], true)
 5 APPPATH\Controllers\SubmitedBid.php(57): view('sys/SubmitedBid/ViewBidders', [...])
 6 SYSTEMPATH\CodeIgniter.php(932): App\Controllers\SubmitedBid->ViewBidders('4', '51')
 7 SYSTEMPATH\CodeIgniter.php(497): CodeIgniter\CodeIgniter->runController(Object(App\Controllers\SubmitedBid))
 8 SYSTEMPATH\CodeIgniter.php(366): CodeIgniter\CodeIgniter->handleRequest(null, Object(Config\Cache), false)
 9 FCPATH\index.php(67): CodeIgniter\CodeIgniter->run()
CRITICAL - 2024-02-02 15:04:42 --> Undefined variable $resultP
in APPPATH\Views\sys\submitedBid\ViewBidders.php on line 95.
 1 APPPATH\Views\sys\submitedBid\ViewBidders.php(95): CodeIgniter\Debug\Exceptions->errorHandler(2, 'Undefined variable $resultP', 'C:\\xampp\\htdocs\\IPMS\\app\\Views\\sys\\submitedBid\\ViewBidders.php', 95)
 2 SYSTEMPATH\View\View.php(224): include('C:\\xampp\\htdocs\\IPMS\\app\\Views\\sys\\submitedBid\\ViewBidders.php')
 3 SYSTEMPATH\View\View.php(227): CodeIgniter\View\View->CodeIgniter\View\{closure}()
 4 SYSTEMPATH\Common.php(1176): CodeIgniter\View\View->render('sys/SubmitedBid/ViewBidders', [], true)
 5 APPPATH\Controllers\SubmitedBid.php(57): view('sys/SubmitedBid/ViewBidders', [...])
 6 SYSTEMPATH\CodeIgniter.php(932): App\Controllers\SubmitedBid->ViewBidders('4', '51')
 7 SYSTEMPATH\CodeIgniter.php(497): CodeIgniter\CodeIgniter->runController(Object(App\Controllers\SubmitedBid))
 8 SYSTEMPATH\CodeIgniter.php(366): CodeIgniter\CodeIgniter->handleRequest(null, Object(Config\Cache), false)
 9 FCPATH\index.php(67): CodeIgniter\CodeIgniter->run()
CRITICAL - 2024-02-02 15:07:50 --> Undefined array key "UserId"
in APPPATH\Views\sys\submitedBid\ViewBidders.php on line 95.
 1 APPPATH\Views\sys\submitedBid\ViewBidders.php(95): CodeIgniter\Debug\Exceptions->errorHandler(2, 'Undefined array key "UserId"', 'C:\\xampp\\htdocs\\IPMS\\app\\Views\\sys\\submitedBid\\ViewBidders.php', 95)
 2 SYSTEMPATH\View\View.php(224): include('C:\\xampp\\htdocs\\IPMS\\app\\Views\\sys\\submitedBid\\ViewBidders.php')
 3 SYSTEMPATH\View\View.php(227): CodeIgniter\View\View->CodeIgniter\View\{closure}()
 4 SYSTEMPATH\Common.php(1176): CodeIgniter\View\View->render('sys/SubmitedBid/ViewBidders', [], true)
 5 APPPATH\Controllers\SubmitedBid.php(57): view('sys/SubmitedBid/ViewBidders', [...])
 6 SYSTEMPATH\CodeIgniter.php(932): App\Controllers\SubmitedBid->ViewBidders('4', '51')
 7 SYSTEMPATH\CodeIgniter.php(497): CodeIgniter\CodeIgniter->runController(Object(App\Controllers\SubmitedBid))
 8 SYSTEMPATH\CodeIgniter.php(366): CodeIgniter\CodeIgniter->handleRequest(null, Object(Config\Cache), false)
 9 FCPATH\index.php(67): CodeIgniter\CodeIgniter->run()
CRITICAL - 2024-02-02 16:07:58 --> Call to undefined method App\Models\SPriceScheduleModel::JionBidderDetails
in SYSTEMPATH\Model.php on line 838.
 1 APPPATH\Controllers\SubmitedBid.php(92): CodeIgniter\Model->__call('JionBidderDetails', [...])
 2 SYSTEMPATH\CodeIgniter.php(932): App\Controllers\SubmitedBid->OpenedTender('4', '51', '39')
 3 SYSTEMPATH\CodeIgniter.php(497): CodeIgniter\CodeIgniter->runController(Object(App\Controllers\SubmitedBid))
 4 SYSTEMPATH\CodeIgniter.php(366): CodeIgniter\CodeIgniter->handleRequest(null, Object(Config\Cache), false)
 5 FCPATH\index.php(67): CodeIgniter\CodeIgniter->run()
CRITICAL - 2024-02-02 16:21:54 --> foreach() argument must be of type array|object, null given
in APPPATH\Controllers\BidEvaluation.php on line 28.
 1 APPPATH\Controllers\BidEvaluation.php(28): CodeIgniter\Debug\Exceptions->errorHandler(2, 'foreach() argument must be of type array|object, null given', 'C:\\xampp\\htdocs\\IPMS\\app\\Controllers\\BidEvaluation.php', 28)
 2 SYSTEMPATH\CodeIgniter.php(932): App\Controllers\BidEvaluation->EvaluationCommittee()
 3 SYSTEMPATH\CodeIgniter.php(497): CodeIgniter\CodeIgniter->runController(Object(App\Controllers\BidEvaluation))
 4 SYSTEMPATH\CodeIgniter.php(366): CodeIgniter\CodeIgniter->handleRequest(null, Object(Config\Cache), false)
 5 FCPATH\index.php(67): CodeIgniter\CodeIgniter->run()
CRITICAL - 2024-02-02 16:22:34 --> foreach() argument must be of type array|object, null given
in APPPATH\Controllers\BidEvaluation.php on line 28.
 1 APPPATH\Controllers\BidEvaluation.php(28): CodeIgniter\Debug\Exceptions->errorHandler(2, 'foreach() argument must be of type array|object, null given', 'C:\\xampp\\htdocs\\IPMS\\app\\Controllers\\BidEvaluation.php', 28)
 2 SYSTEMPATH\CodeIgniter.php(932): App\Controllers\BidEvaluation->EvaluationCommittee()
 3 SYSTEMPATH\CodeIgniter.php(497): CodeIgniter\CodeIgniter->runController(Object(App\Controllers\BidEvaluation))
 4 SYSTEMPATH\CodeIgniter.php(366): CodeIgniter\CodeIgniter->handleRequest(null, Object(Config\Cache), false)
 5 FCPATH\index.php(67): CodeIgniter\CodeIgniter->run()
CRITICAL - 2024-02-02 16:25:22 --> Undefined variable $data
in APPPATH\Controllers\BidEvaluation.php on line 35.
 1 APPPATH\Controllers\BidEvaluation.php(35): CodeIgniter\Debug\Exceptions->errorHandler(2, 'Undefined variable $data', 'C:\\xampp\\htdocs\\IPMS\\app\\Controllers\\BidEvaluation.php', 35)
 2 SYSTEMPATH\CodeIgniter.php(932): App\Controllers\BidEvaluation->EvaluationCommittee()
 3 SYSTEMPATH\CodeIgniter.php(497): CodeIgniter\CodeIgniter->runController(Object(App\Controllers\BidEvaluation))
 4 SYSTEMPATH\CodeIgniter.php(366): CodeIgniter\CodeIgniter->handleRequest(null, Object(Config\Cache), false)
 5 FCPATH\index.php(67): CodeIgniter\CodeIgniter->run()
CRITICAL - 2024-02-02 18:13:04 --> Class "App\Controllers\TenderModel" not found
in APPPATH\Controllers\BidEvaluation.php on line 27.
 1 SYSTEMPATH\CodeIgniter.php(932): App\Controllers\BidEvaluation->EvaluationCommittee()
 2 SYSTEMPATH\CodeIgniter.php(497): CodeIgniter\CodeIgniter->runController(Object(App\Controllers\BidEvaluation))
 3 SYSTEMPATH\CodeIgniter.php(366): CodeIgniter\CodeIgniter->handleRequest(null, Object(Config\Cache), false)
 4 FCPATH\index.php(67): CodeIgniter\CodeIgniter->run()
