ERROR - 2023-10-04 15:32:31 --> mysqli_sql_exception: Column 'division' cannot be null in C:\xampp\htdocs\IPMS\system\Database\MySQLi\Connection.php:295
Stack trace:
#0 C:\xampp\htdocs\IPMS\system\Database\MySQLi\Connection.php(295): mysqli->query('INSERT INTO `em...', 0)
#1 C:\xampp\htdocs\IPMS\system\Database\BaseConnection.php(692): CodeIgniter\Database\MySQLi\Connection->execute('INSERT INTO `em...')
#2 C:\xampp\htdocs\IPMS\system\Database\BaseConnection.php(606): CodeIgniter\Database\BaseConnection->simpleQuery('INSERT INTO `em...')
#3 C:\xampp\htdocs\IPMS\system\Database\BaseBuilder.php(2309): CodeIgniter\Database\BaseConnection->query('INSERT INTO `em...', Array, false)
#4 C:\xampp\htdocs\IPMS\system\Model.php(330): CodeIgniter\Database\BaseBuilder->insert()
#5 C:\xampp\htdocs\IPMS\system\BaseModel.php(782): CodeIgniter\Model->doInsert(Array)
#6 C:\xampp\htdocs\IPMS\system\Model.php(730): CodeIgniter\BaseModel->insert(Array, false)
#7 C:\xampp\htdocs\IPMS\system\BaseModel.php(692): CodeIgniter\Model->insert(Array, false)
#8 C:\xampp\htdocs\IPMS\app\Controllers\Employee.php(32): CodeIgniter\BaseModel->save(Array)
#9 C:\xampp\htdocs\IPMS\system\CodeIgniter.php(932): App\Controllers\Employee->add()
#10 C:\xampp\htdocs\IPMS\system\CodeIgniter.php(497): CodeIgniter\CodeIgniter->runController(Object(App\Controllers\Employee))
#11 C:\xampp\htdocs\IPMS\system\CodeIgniter.php(366): CodeIgniter\CodeIgniter->handleRequest(NULL, Object(Config\Cache), false)
#12 C:\xampp\htdocs\IPMS\index.php(67): CodeIgniter\CodeIgniter->run()
#13 {main}
CRITICAL - 2023-10-04 15:32:31 --> Column 'division' cannot be null
in SYSTEMPATH\Database\MySQLi\Connection.php on line 295.
 1 SYSTEMPATH\Database\MySQLi\Connection.php(295): mysqli->query('INSERT INTO `employee` (`FirstName`, `LastName`, `Address`, `Email`, `TelNo`, `DOB`, `NIC`, `gender`, `division`, `Designation`) VALUES (\'Iresha\', \'Sandamali\', \'3A/3,Bedigama,Vitharandeniya\', \'sandamalipathirana0@gmail.com\', \'0715875726\', \'2023-10-27\', \'987453253v\', \'on\', NULL, \'Procurement Chairman\')', 0)
 2 SYSTEMPATH\Database\BaseConnection.php(692): CodeIgniter\Database\MySQLi\Connection->execute('INSERT INTO `employee` (`FirstName`, `LastName`, `Address`, `Email`, `TelNo`, `DOB`, `NIC`, `gender`, `division`, `Designation`) VALUES (\'Iresha\', \'Sandamali\', \'3A/3,Bedigama,Vitharandeniya\', \'sandamalipathirana0@gmail.com\', \'0715875726\', \'2023-10-27\', \'987453253v\', \'on\', NULL, \'Procurement Chairman\')')
 3 SYSTEMPATH\Database\BaseConnection.php(606): CodeIgniter\Database\BaseConnection->simpleQuery('INSERT INTO `employee` (`FirstName`, `LastName`, `Address`, `Email`, `TelNo`, `DOB`, `NIC`, `gender`, `division`, `Designation`) VALUES (\'Iresha\', \'Sandamali\', \'3A/3,Bedigama,Vitharandeniya\', \'sandamalipathirana0@gmail.com\', \'0715875726\', \'2023-10-27\', \'987453253v\', \'on\', NULL, \'Procurement Chairman\')')
 4 SYSTEMPATH\Database\BaseBuilder.php(2309): CodeIgniter\Database\BaseConnection->query('INSERT INTO `employee` (`FirstName`, `LastName`, `Address`, `Email`, `TelNo`, `DOB`, `NIC`, `gender`, `division`, `Designation`) VALUES (:FirstName:, :LastName:, :Address:, :Email:, :TelNo:, :DOB:, :NIC:, :gender:, :division:, :Designation:)', [...], false)
 5 SYSTEMPATH\Model.php(330): CodeIgniter\Database\BaseBuilder->insert()
 6 SYSTEMPATH\BaseModel.php(782): CodeIgniter\Model->doInsert([...])
 7 SYSTEMPATH\Model.php(730): CodeIgniter\BaseModel->insert([...], false)
 8 SYSTEMPATH\BaseModel.php(692): CodeIgniter\Model->insert([...], false)
 9 APPPATH\Controllers\Employee.php(32): CodeIgniter\BaseModel->save([...])
10 SYSTEMPATH\CodeIgniter.php(932): App\Controllers\Employee->add()
11 SYSTEMPATH\CodeIgniter.php(497): CodeIgniter\CodeIgniter->runController(Object(App\Controllers\Employee))
12 SYSTEMPATH\CodeIgniter.php(366): CodeIgniter\CodeIgniter->handleRequest(null, Object(Config\Cache), false)
13 FCPATH\index.php(67): CodeIgniter\CodeIgniter->run()
CRITICAL - 2023-10-04 16:33:22 --> Undefined variable $emp_list
in APPPATH\Views\sys\employee\view.php on line 61.
 1 APPPATH\Views\sys\employee\view.php(61): CodeIgniter\Debug\Exceptions->errorHandler(2, 'Undefined variable $emp_list', 'C:\\xampp\\htdocs\\IPMS\\app\\Views\\sys\\employee\\view.php', 61)
 2 SYSTEMPATH\View\View.php(224): include('C:\\xampp\\htdocs\\IPMS\\app\\Views\\sys\\employee\\view.php')
 3 SYSTEMPATH\View\View.php(227): CodeIgniter\View\View->CodeIgniter\View\{closure}()
 4 SYSTEMPATH\Common.php(1176): CodeIgniter\View\View->render('sys/employee/view', [], true)
 5 APPPATH\Controllers\Employee.php(69): view('sys/employee/view', [...])
 6 SYSTEMPATH\CodeIgniter.php(932): App\Controllers\Employee->view()
 7 SYSTEMPATH\CodeIgniter.php(497): CodeIgniter\CodeIgniter->runController(Object(App\Controllers\Employee))
 8 SYSTEMPATH\CodeIgniter.php(366): CodeIgniter\CodeIgniter->handleRequest(null, Object(Config\Cache), false)
 9 FCPATH\index.php(67): CodeIgniter\CodeIgniter->run()
CRITICAL - 2023-10-04 16:34:54 --> Undefined variable $emp_list
in APPPATH\Views\sys\employee\view.php on line 61.
 1 APPPATH\Views\sys\employee\view.php(61): CodeIgniter\Debug\Exceptions->errorHandler(2, 'Undefined variable $emp_list', 'C:\\xampp\\htdocs\\IPMS\\app\\Views\\sys\\employee\\view.php', 61)
 2 SYSTEMPATH\View\View.php(224): include('C:\\xampp\\htdocs\\IPMS\\app\\Views\\sys\\employee\\view.php')
 3 SYSTEMPATH\View\View.php(227): CodeIgniter\View\View->CodeIgniter\View\{closure}()
 4 SYSTEMPATH\Common.php(1176): CodeIgniter\View\View->render('sys/employee/view', [], true)
 5 APPPATH\Controllers\Employee.php(69): view('sys/employee/view', [...])
 6 SYSTEMPATH\CodeIgniter.php(932): App\Controllers\Employee->view()
 7 SYSTEMPATH\CodeIgniter.php(497): CodeIgniter\CodeIgniter->runController(Object(App\Controllers\Employee))
 8 SYSTEMPATH\CodeIgniter.php(366): CodeIgniter\CodeIgniter->handleRequest(null, Object(Config\Cache), false)
 9 FCPATH\index.php(67): CodeIgniter\CodeIgniter->run()
CRITICAL - 2023-10-04 16:34:59 --> Undefined variable $emp_list
in APPPATH\Views\sys\employee\view.php on line 61.
 1 APPPATH\Views\sys\employee\view.php(61): CodeIgniter\Debug\Exceptions->errorHandler(2, 'Undefined variable $emp_list', 'C:\\xampp\\htdocs\\IPMS\\app\\Views\\sys\\employee\\view.php', 61)
 2 SYSTEMPATH\View\View.php(224): include('C:\\xampp\\htdocs\\IPMS\\app\\Views\\sys\\employee\\view.php')
 3 SYSTEMPATH\View\View.php(227): CodeIgniter\View\View->CodeIgniter\View\{closure}()
 4 SYSTEMPATH\Common.php(1176): CodeIgniter\View\View->render('sys/employee/view', [], true)
 5 APPPATH\Controllers\Employee.php(69): view('sys/employee/view', [...])
 6 SYSTEMPATH\CodeIgniter.php(932): App\Controllers\Employee->view()
 7 SYSTEMPATH\CodeIgniter.php(497): CodeIgniter\CodeIgniter->runController(Object(App\Controllers\Employee))
 8 SYSTEMPATH\CodeIgniter.php(366): CodeIgniter\CodeIgniter->handleRequest(null, Object(Config\Cache), false)
 9 FCPATH\index.php(67): CodeIgniter\CodeIgniter->run()
CRITICAL - 2023-10-04 16:35:15 --> Undefined variable $emp_list
in APPPATH\Views\sys\employee\view.php on line 61.
 1 APPPATH\Views\sys\employee\view.php(61): CodeIgniter\Debug\Exceptions->errorHandler(2, 'Undefined variable $emp_list', 'C:\\xampp\\htdocs\\IPMS\\app\\Views\\sys\\employee\\view.php', 61)
 2 SYSTEMPATH\View\View.php(224): include('C:\\xampp\\htdocs\\IPMS\\app\\Views\\sys\\employee\\view.php')
 3 SYSTEMPATH\View\View.php(227): CodeIgniter\View\View->CodeIgniter\View\{closure}()
 4 SYSTEMPATH\Common.php(1176): CodeIgniter\View\View->render('sys/employee/view', [], true)
 5 APPPATH\Controllers\Employee.php(69): view('sys/employee/view', [...])
 6 SYSTEMPATH\CodeIgniter.php(932): App\Controllers\Employee->view()
 7 SYSTEMPATH\CodeIgniter.php(497): CodeIgniter\CodeIgniter->runController(Object(App\Controllers\Employee))
 8 SYSTEMPATH\CodeIgniter.php(366): CodeIgniter\CodeIgniter->handleRequest(null, Object(Config\Cache), false)
 9 FCPATH\index.php(67): CodeIgniter\CodeIgniter->run()
CRITICAL - 2023-10-04 16:37:25 --> Class "App\Controllers\EmplyeeModel" not found
in APPPATH\Controllers\Employee.php on line 15.
 1 SYSTEMPATH\CodeIgniter.php(932): App\Controllers\Employee->add()
 2 SYSTEMPATH\CodeIgniter.php(497): CodeIgniter\CodeIgniter->runController(Object(App\Controllers\Employee))
 3 SYSTEMPATH\CodeIgniter.php(366): CodeIgniter\CodeIgniter->handleRequest(null, Object(Config\Cache), false)
 4 FCPATH\index.php(67): CodeIgniter\CodeIgniter->run()
CRITICAL - 2023-10-04 16:39:05 --> Class "App\Controllers\EmplyeeModel" not found
in APPPATH\Controllers\Employee.php on line 15.
 1 SYSTEMPATH\CodeIgniter.php(932): App\Controllers\Employee->add()
 2 SYSTEMPATH\CodeIgniter.php(497): CodeIgniter\CodeIgniter->runController(Object(App\Controllers\Employee))
 3 SYSTEMPATH\CodeIgniter.php(366): CodeIgniter\CodeIgniter->handleRequest(null, Object(Config\Cache), false)
 4 FCPATH\index.php(67): CodeIgniter\CodeIgniter->run()
CRITICAL - 2023-10-04 16:39:10 --> Class "App\Controllers\EmplyeeModel" not found
in APPPATH\Controllers\Employee.php on line 15.
 1 SYSTEMPATH\CodeIgniter.php(932): App\Controllers\Employee->add()
 2 SYSTEMPATH\CodeIgniter.php(497): CodeIgniter\CodeIgniter->runController(Object(App\Controllers\Employee))
 3 SYSTEMPATH\CodeIgniter.php(366): CodeIgniter\CodeIgniter->handleRequest(null, Object(Config\Cache), false)
 4 FCPATH\index.php(67): CodeIgniter\CodeIgniter->run()
CRITICAL - 2023-10-04 16:40:10 --> Undefined variable $emp_list
in APPPATH\Views\sys\employee\view.php on line 61.
 1 APPPATH\Views\sys\employee\view.php(61): CodeIgniter\Debug\Exceptions->errorHandler(2, 'Undefined variable $emp_list', 'C:\\xampp\\htdocs\\IPMS\\app\\Views\\sys\\employee\\view.php', 61)
 2 SYSTEMPATH\View\View.php(224): include('C:\\xampp\\htdocs\\IPMS\\app\\Views\\sys\\employee\\view.php')
 3 SYSTEMPATH\View\View.php(227): CodeIgniter\View\View->CodeIgniter\View\{closure}()
 4 SYSTEMPATH\Common.php(1176): CodeIgniter\View\View->render('sys/employee/view', [], true)
 5 APPPATH\Controllers\Employee.php(69): view('sys/employee/view', [...])
 6 SYSTEMPATH\CodeIgniter.php(932): App\Controllers\Employee->view()
 7 SYSTEMPATH\CodeIgniter.php(497): CodeIgniter\CodeIgniter->runController(Object(App\Controllers\Employee))
 8 SYSTEMPATH\CodeIgniter.php(366): CodeIgniter\CodeIgniter->handleRequest(null, Object(Config\Cache), false)
 9 FCPATH\index.php(67): CodeIgniter\CodeIgniter->run()
CRITICAL - 2023-10-04 16:40:12 --> Undefined variable $emp_list
in APPPATH\Views\sys\employee\view.php on line 61.
 1 APPPATH\Views\sys\employee\view.php(61): CodeIgniter\Debug\Exceptions->errorHandler(2, 'Undefined variable $emp_list', 'C:\\xampp\\htdocs\\IPMS\\app\\Views\\sys\\employee\\view.php', 61)
 2 SYSTEMPATH\View\View.php(224): include('C:\\xampp\\htdocs\\IPMS\\app\\Views\\sys\\employee\\view.php')
 3 SYSTEMPATH\View\View.php(227): CodeIgniter\View\View->CodeIgniter\View\{closure}()
 4 SYSTEMPATH\Common.php(1176): CodeIgniter\View\View->render('sys/employee/view', [], true)
 5 APPPATH\Controllers\Employee.php(69): view('sys/employee/view', [...])
 6 SYSTEMPATH\CodeIgniter.php(932): App\Controllers\Employee->view()
 7 SYSTEMPATH\CodeIgniter.php(497): CodeIgniter\CodeIgniter->runController(Object(App\Controllers\Employee))
 8 SYSTEMPATH\CodeIgniter.php(366): CodeIgniter\CodeIgniter->handleRequest(null, Object(Config\Cache), false)
 9 FCPATH\index.php(67): CodeIgniter\CodeIgniter->run()
CRITICAL - 2023-10-04 16:40:19 --> Undefined variable $emp_list
in APPPATH\Views\sys\employee\view.php on line 61.
 1 APPPATH\Views\sys\employee\view.php(61): CodeIgniter\Debug\Exceptions->errorHandler(2, 'Undefined variable $emp_list', 'C:\\xampp\\htdocs\\IPMS\\app\\Views\\sys\\employee\\view.php', 61)
 2 SYSTEMPATH\View\View.php(224): include('C:\\xampp\\htdocs\\IPMS\\app\\Views\\sys\\employee\\view.php')
 3 SYSTEMPATH\View\View.php(227): CodeIgniter\View\View->CodeIgniter\View\{closure}()
 4 SYSTEMPATH\Common.php(1176): CodeIgniter\View\View->render('sys/employee/view', [], true)
 5 APPPATH\Controllers\Employee.php(69): view('sys/employee/view', [...])
 6 SYSTEMPATH\CodeIgniter.php(932): App\Controllers\Employee->view()
 7 SYSTEMPATH\CodeIgniter.php(497): CodeIgniter\CodeIgniter->runController(Object(App\Controllers\Employee))
 8 SYSTEMPATH\CodeIgniter.php(366): CodeIgniter\CodeIgniter->handleRequest(null, Object(Config\Cache), false)
 9 FCPATH\index.php(67): CodeIgniter\CodeIgniter->run()
CRITICAL - 2023-10-04 16:48:43 --> Undefined variable $emp_list
in APPPATH\Views\sys\employee\view.php on line 63.
 1 APPPATH\Views\sys\employee\view.php(63): CodeIgniter\Debug\Exceptions->errorHandler(2, 'Undefined variable $emp_list', 'C:\\xampp\\htdocs\\IPMS\\app\\Views\\sys\\employee\\view.php', 63)
 2 SYSTEMPATH\View\View.php(224): include('C:\\xampp\\htdocs\\IPMS\\app\\Views\\sys\\employee\\view.php')
 3 SYSTEMPATH\View\View.php(227): CodeIgniter\View\View->CodeIgniter\View\{closure}()
 4 SYSTEMPATH\Common.php(1176): CodeIgniter\View\View->render('sys/employee/view', [], true)
 5 APPPATH\Controllers\Employee.php(69): view('sys/employee/view', [...])
 6 SYSTEMPATH\CodeIgniter.php(932): App\Controllers\Employee->view()
 7 SYSTEMPATH\CodeIgniter.php(497): CodeIgniter\CodeIgniter->runController(Object(App\Controllers\Employee))
 8 SYSTEMPATH\CodeIgniter.php(366): CodeIgniter\CodeIgniter->handleRequest(null, Object(Config\Cache), false)
 9 FCPATH\index.php(67): CodeIgniter\CodeIgniter->run()
CRITICAL - 2023-10-04 16:54:33 --> Undefined variable $emp_list
in APPPATH\Views\sys\employee\view.php on line 63.
 1 APPPATH\Views\sys\employee\view.php(63): CodeIgniter\Debug\Exceptions->errorHandler(2, 'Undefined variable $emp_list', 'C:\\xampp\\htdocs\\IPMS\\app\\Views\\sys\\employee\\view.php', 63)
 2 SYSTEMPATH\View\View.php(224): include('C:\\xampp\\htdocs\\IPMS\\app\\Views\\sys\\employee\\view.php')
 3 SYSTEMPATH\View\View.php(227): CodeIgniter\View\View->CodeIgniter\View\{closure}()
 4 SYSTEMPATH\Common.php(1176): CodeIgniter\View\View->render('sys/employee/view', [], true)
 5 APPPATH\Controllers\Employee.php(69): view('sys/employee/view', [...])
 6 SYSTEMPATH\CodeIgniter.php(932): App\Controllers\Employee->view()
 7 SYSTEMPATH\CodeIgniter.php(497): CodeIgniter\CodeIgniter->runController(Object(App\Controllers\Employee))
 8 SYSTEMPATH\CodeIgniter.php(366): CodeIgniter\CodeIgniter->handleRequest(null, Object(Config\Cache), false)
 9 FCPATH\index.php(67): CodeIgniter\CodeIgniter->run()
