CRITICAL - 2024-02-18 12:42:24 --> Undefined variable $Category_list
in APPPATH\Views\web\registeredSupplier.php on line 191.
 1 APPPATH\Views\web\registeredSupplier.php(191): CodeIgniter\Debug\Exceptions->errorHandler(2, 'Undefined variable $Category_list', 'C:\\xampp\\htdocs\\IPMS\\app\\Views\\web\\registeredSupplier.php', 191)
 2 SYSTEMPATH\View\View.php(224): include('C:\\xampp\\htdocs\\IPMS\\app\\Views\\web\\registeredSupplier.php')
 3 SYSTEMPATH\View\View.php(227): CodeIgniter\View\View->CodeIgniter\View\{closure}()
 4 SYSTEMPATH\Common.php(1176): CodeIgniter\View\View->render('web/registeredSupplier', [], true)
 5 APPPATH\Controllers\Web.php(1074): view('web/registeredSupplier', [...])
 6 SYSTEMPATH\CodeIgniter.php(932): App\Controllers\Web->save_registeredSupplier()
 7 SYSTEMPATH\CodeIgniter.php(497): CodeIgniter\CodeIgniter->runController(Object(App\Controllers\Web))
 8 SYSTEMPATH\CodeIgniter.php(366): CodeIgniter\CodeIgniter->handleRequest(null, Object(Config\Cache), false)
 9 FCPATH\index.php(67): CodeIgniter\CodeIgniter->run()
CRITICAL - 2024-02-18 12:45:41 --> Undefined variable $Category_list
in APPPATH\Views\web\registeredSupplier.php on line 191.
 1 APPPATH\Views\web\registeredSupplier.php(191): CodeIgniter\Debug\Exceptions->errorHandler(2, 'Undefined variable $Category_list', 'C:\\xampp\\htdocs\\IPMS\\app\\Views\\web\\registeredSupplier.php', 191)
 2 SYSTEMPATH\View\View.php(224): include('C:\\xampp\\htdocs\\IPMS\\app\\Views\\web\\registeredSupplier.php')
 3 SYSTEMPATH\View\View.php(227): CodeIgniter\View\View->CodeIgniter\View\{closure}()
 4 SYSTEMPATH\Common.php(1176): CodeIgniter\View\View->render('web/registeredSupplier', [], true)
 5 APPPATH\Controllers\Web.php(1074): view('web/registeredSupplier', [...])
 6 SYSTEMPATH\CodeIgniter.php(932): App\Controllers\Web->save_registeredSupplier()
 7 SYSTEMPATH\CodeIgniter.php(497): CodeIgniter\CodeIgniter->runController(Object(App\Controllers\Web))
 8 SYSTEMPATH\CodeIgniter.php(366): CodeIgniter\CodeIgniter->handleRequest(null, Object(Config\Cache), false)
 9 FCPATH\index.php(67): CodeIgniter\CodeIgniter->run()
CRITICAL - 2024-02-18 12:50:02 --> Undefined variable $Category_list
in APPPATH\Views\web\registeredSupplier.php on line 191.
 1 APPPATH\Views\web\registeredSupplier.php(191): CodeIgniter\Debug\Exceptions->errorHandler(2, 'Undefined variable $Category_list', 'C:\\xampp\\htdocs\\IPMS\\app\\Views\\web\\registeredSupplier.php', 191)
 2 SYSTEMPATH\View\View.php(224): include('C:\\xampp\\htdocs\\IPMS\\app\\Views\\web\\registeredSupplier.php')
 3 SYSTEMPATH\View\View.php(227): CodeIgniter\View\View->CodeIgniter\View\{closure}()
 4 SYSTEMPATH\Common.php(1176): CodeIgniter\View\View->render('web/registeredSupplier', [], true)
 5 APPPATH\Controllers\Web.php(1074): view('web/registeredSupplier', [...])
 6 SYSTEMPATH\CodeIgniter.php(932): App\Controllers\Web->save_registeredSupplier()
 7 SYSTEMPATH\CodeIgniter.php(497): CodeIgniter\CodeIgniter->runController(Object(App\Controllers\Web))
 8 SYSTEMPATH\CodeIgniter.php(366): CodeIgniter\CodeIgniter->handleRequest(null, Object(Config\Cache), false)
 9 FCPATH\index.php(67): CodeIgniter\CodeIgniter->run()
CRITICAL - 2024-02-18 15:17:36 --> Call to undefined method App\Models\SPriceScheduleModel::GetestimateDetails
in SYSTEMPATH\Model.php on line 838.
 1 APPPATH\Controllers\BidEvaluation.php(206): CodeIgniter\Model->__call('GetestimateDetails', [...])
 2 SYSTEMPATH\CodeIgniter.php(932): App\Controllers\BidEvaluation->TECEvaluation('51')
 3 SYSTEMPATH\CodeIgniter.php(497): CodeIgniter\CodeIgniter->runController(Object(App\Controllers\BidEvaluation))
 4 SYSTEMPATH\CodeIgniter.php(366): CodeIgniter\CodeIgniter->handleRequest(null, Object(Config\Cache), false)
 5 FCPATH\index.php(67): CodeIgniter\CodeIgniter->run()
CRITICAL - 2024-02-18 15:21:35 --> Undefined variable $TId
in APPPATH\Models\SPriceScheduleModel.php on line 47.
 1 APPPATH\Models\SPriceScheduleModel.php(47): CodeIgniter\Debug\Exceptions->errorHandler(2, 'Undefined variable $TId', 'C:\\xampp\\htdocs\\IPMS\\app\\Models\\SPriceScheduleModel.php', 47)
 2 APPPATH\Controllers\BidEvaluation.php(206): App\Models\SPriceScheduleModel->GetestimateDetails('51')
 3 SYSTEMPATH\CodeIgniter.php(932): App\Controllers\BidEvaluation->TECEvaluation('51')
 4 SYSTEMPATH\CodeIgniter.php(497): CodeIgniter\CodeIgniter->runController(Object(App\Controllers\BidEvaluation))
 5 SYSTEMPATH\CodeIgniter.php(366): CodeIgniter\CodeIgniter->handleRequest(null, Object(Config\Cache), false)
 6 FCPATH\index.php(67): CodeIgniter\CodeIgniter->run()
CRITICAL - 2024-02-18 16:26:05 --> Undefined variable $result
in APPPATH\Views\sys\tender\viewmore.php on line 150.
 1 APPPATH\Views\sys\tender\viewmore.php(150): CodeIgniter\Debug\Exceptions->errorHandler(2, 'Undefined variable $result', 'C:\\xampp\\htdocs\\IPMS\\app\\Views\\sys\\tender\\viewmore.php', 150)
 2 SYSTEMPATH\View\View.php(224): include('C:\\xampp\\htdocs\\IPMS\\app\\Views\\sys\\tender\\viewmore.php')
 3 SYSTEMPATH\View\View.php(227): CodeIgniter\View\View->CodeIgniter\View\{closure}()
 4 SYSTEMPATH\Common.php(1176): CodeIgniter\View\View->render('sys/tender/viewmore', [], true)
 5 APPPATH\Controllers\Tender.php(282): view('sys/tender/viewmore', [...])
 6 SYSTEMPATH\CodeIgniter.php(932): App\Controllers\Tender->viewmore('assets', 'img', 'messages-1.jpg')
 7 SYSTEMPATH\CodeIgniter.php(497): CodeIgniter\CodeIgniter->runController(Object(App\Controllers\Tender))
 8 SYSTEMPATH\CodeIgniter.php(366): CodeIgniter\CodeIgniter->handleRequest(null, Object(Config\Cache), false)
 9 FCPATH\index.php(67): CodeIgniter\CodeIgniter->run()
CRITICAL - 2024-02-18 16:35:45 --> Undefined array key "SubComponent"
in APPPATH\Views\sys\submitedBid\OpenedTender.php on line 204.
 1 APPPATH\Views\sys\submitedBid\OpenedTender.php(204): CodeIgniter\Debug\Exceptions->errorHandler(2, 'Undefined array key "SubComponent"', 'C:\\xampp\\htdocs\\IPMS\\app\\Views\\sys\\submitedBid\\OpenedTender.php', 204)
 2 SYSTEMPATH\View\View.php(224): include('C:\\xampp\\htdocs\\IPMS\\app\\Views\\sys\\submitedBid\\OpenedTender.php')
 3 SYSTEMPATH\View\View.php(227): CodeIgniter\View\View->CodeIgniter\View\{closure}()
 4 SYSTEMPATH\Common.php(1176): CodeIgniter\View\View->render('sys/SubmitedBid/OpenedTender', [], true)
 5 APPPATH\Controllers\SubmitedBid.php(105): view('sys/SubmitedBid/OpenedTender', [...])
 6 SYSTEMPATH\CodeIgniter.php(932): App\Controllers\SubmitedBid->OpenedTender('4', '51', '1')
 7 SYSTEMPATH\CodeIgniter.php(497): CodeIgniter\CodeIgniter->runController(Object(App\Controllers\SubmitedBid))
 8 SYSTEMPATH\CodeIgniter.php(366): CodeIgniter\CodeIgniter->handleRequest(null, Object(Config\Cache), false)
 9 FCPATH\index.php(67): CodeIgniter\CodeIgniter->run()
CRITICAL - 2024-02-18 17:12:37 --> Undefined array key "Detail"
in APPPATH\Views\sys\submitedBid\OpenedTender.php on line 205.
 1 APPPATH\Views\sys\submitedBid\OpenedTender.php(205): CodeIgniter\Debug\Exceptions->errorHandler(2, 'Undefined array key "Detail"', 'C:\\xampp\\htdocs\\IPMS\\app\\Views\\sys\\submitedBid\\OpenedTender.php', 205)
 2 SYSTEMPATH\View\View.php(224): include('C:\\xampp\\htdocs\\IPMS\\app\\Views\\sys\\submitedBid\\OpenedTender.php')
 3 SYSTEMPATH\View\View.php(227): CodeIgniter\View\View->CodeIgniter\View\{closure}()
 4 SYSTEMPATH\Common.php(1176): CodeIgniter\View\View->render('sys/SubmitedBid/OpenedTender', [], true)
 5 APPPATH\Controllers\SubmitedBid.php(105): view('sys/SubmitedBid/OpenedTender', [...])
 6 SYSTEMPATH\CodeIgniter.php(932): App\Controllers\SubmitedBid->OpenedTender('4', '51', '1')
 7 SYSTEMPATH\CodeIgniter.php(497): CodeIgniter\CodeIgniter->runController(Object(App\Controllers\SubmitedBid))
 8 SYSTEMPATH\CodeIgniter.php(366): CodeIgniter\CodeIgniter->handleRequest(null, Object(Config\Cache), false)
 9 FCPATH\index.php(67): CodeIgniter\CodeIgniter->run()
CRITICAL - 2024-02-18 17:12:40 --> Undefined array key "Detail"
in APPPATH\Views\sys\submitedBid\OpenedTender.php on line 205.
 1 APPPATH\Views\sys\submitedBid\OpenedTender.php(205): CodeIgniter\Debug\Exceptions->errorHandler(2, 'Undefined array key "Detail"', 'C:\\xampp\\htdocs\\IPMS\\app\\Views\\sys\\submitedBid\\OpenedTender.php', 205)
 2 SYSTEMPATH\View\View.php(224): include('C:\\xampp\\htdocs\\IPMS\\app\\Views\\sys\\submitedBid\\OpenedTender.php')
 3 SYSTEMPATH\View\View.php(227): CodeIgniter\View\View->CodeIgniter\View\{closure}()
 4 SYSTEMPATH\Common.php(1176): CodeIgniter\View\View->render('sys/SubmitedBid/OpenedTender', [], true)
 5 APPPATH\Controllers\SubmitedBid.php(105): view('sys/SubmitedBid/OpenedTender', [...])
 6 SYSTEMPATH\CodeIgniter.php(932): App\Controllers\SubmitedBid->OpenedTender('4', '51', '1')
 7 SYSTEMPATH\CodeIgniter.php(497): CodeIgniter\CodeIgniter->runController(Object(App\Controllers\SubmitedBid))
 8 SYSTEMPATH\CodeIgniter.php(366): CodeIgniter\CodeIgniter->handleRequest(null, Object(Config\Cache), false)
 9 FCPATH\index.php(67): CodeIgniter\CodeIgniter->run()
CRITICAL - 2024-02-18 17:20:35 --> Call to undefined method App\Models\SSpecificationModel::getspecDetailsbyTId
in SYSTEMPATH\Model.php on line 838.
 1 APPPATH\Controllers\SubmitedBid.php(90): CodeIgniter\Model->__call('getspecDetailsbyTId', [...])
 2 SYSTEMPATH\CodeIgniter.php(932): App\Controllers\SubmitedBid->OpenedTender('4', '51', '1')
 3 SYSTEMPATH\CodeIgniter.php(497): CodeIgniter\CodeIgniter->runController(Object(App\Controllers\SubmitedBid))
 4 SYSTEMPATH\CodeIgniter.php(366): CodeIgniter\CodeIgniter->handleRequest(null, Object(Config\Cache), false)
 5 FCPATH\index.php(67): CodeIgniter\CodeIgniter->run()
