CRITICAL - 2024-05-16 15:04:01 --> Invalid file: "sys/menu_.php"
in SYSTEMPATH\Exceptions\FrameworkException.php on line 33.
 1 SYSTEMPATH\View\View.php(212): CodeIgniter\Exceptions\FrameworkException::forInvalidFile('sys/menu_.php')
 2 SYSTEMPATH\Common.php(1176): CodeIgniter\View\View->render('sys/menu_', [], true)
 3 APPPATH\Controllers\Vote.php(165): view('sys/menu_')
 4 SYSTEMPATH\CodeIgniter.php(932): App\Controllers\Vote->voteLedger()
 5 SYSTEMPATH\CodeIgniter.php(497): CodeIgniter\CodeIgniter->runController(Object(App\Controllers\Vote))
 6 SYSTEMPATH\CodeIgniter.php(366): CodeIgniter\CodeIgniter->handleRequest(null, Object(Config\Cache), false)
 7 FCPATH\index.php(67): CodeIgniter\CodeIgniter->run()
CRITICAL - 2024-05-16 15:04:01 --> Invalid file: "sys/menu_.php"
in SYSTEMPATH\Exceptions\FrameworkException.php on line 33.
 1 SYSTEMPATH\View\View.php(212): CodeIgniter\Exceptions\FrameworkException::forInvalidFile('sys/menu_.php')
 2 SYSTEMPATH\Common.php(1176): CodeIgniter\View\View->render('sys/menu_', [], true)
 3 APPPATH\Controllers\Sys.php(145): view('sys/menu_')
 4 SYSTEMPATH\CodeIgniter.php(932): App\Controllers\Sys->dashboard()
 5 SYSTEMPATH\CodeIgniter.php(497): CodeIgniter\CodeIgniter->runController(Object(App\Controllers\Sys))
 6 SYSTEMPATH\CodeIgniter.php(366): CodeIgniter\CodeIgniter->handleRequest(null, Object(Config\Cache), false)
 7 FCPATH\index.php(67): CodeIgniter\CodeIgniter->run()
ERROR - 2024-05-16 15:33:38 --> mysqli_sql_exception: Column 'AnnounceId' cannot be null in C:\xampp\htdocs\IPMS\system\Database\MySQLi\Connection.php:295
Stack trace:
#0 C:\xampp\htdocs\IPMS\system\Database\MySQLi\Connection.php(295): mysqli->query('INSERT INTO `SP...', 0)
#1 C:\xampp\htdocs\IPMS\system\Database\BaseConnection.php(692): CodeIgniter\Database\MySQLi\Connection->execute('INSERT INTO `SP...')
#2 C:\xampp\htdocs\IPMS\system\Database\BaseConnection.php(606): CodeIgniter\Database\BaseConnection->simpleQuery('INSERT INTO `SP...')
#3 C:\xampp\htdocs\IPMS\system\Database\BaseBuilder.php(2309): CodeIgniter\Database\BaseConnection->query('INSERT INTO `SP...', Array, false)
#4 C:\xampp\htdocs\IPMS\system\Model.php(330): CodeIgniter\Database\BaseBuilder->insert()
#5 C:\xampp\htdocs\IPMS\system\BaseModel.php(782): CodeIgniter\Model->doInsert(Array)
#6 C:\xampp\htdocs\IPMS\system\Model.php(730): CodeIgniter\BaseModel->insert(Array, false)
#7 C:\xampp\htdocs\IPMS\system\BaseModel.php(692): CodeIgniter\Model->insert(Array, false)
#8 C:\xampp\htdocs\IPMS\app\Controllers\Web.php(2011): CodeIgniter\BaseModel->save(Array)
#9 C:\xampp\htdocs\IPMS\system\CodeIgniter.php(932): App\Controllers\Web->viewtenders()
#10 C:\xampp\htdocs\IPMS\system\CodeIgniter.php(497): CodeIgniter\CodeIgniter->runController(Object(App\Controllers\Web))
#11 C:\xampp\htdocs\IPMS\system\CodeIgniter.php(366): CodeIgniter\CodeIgniter->handleRequest(NULL, Object(Config\Cache), false)
#12 C:\xampp\htdocs\IPMS\index.php(67): CodeIgniter\CodeIgniter->run()
#13 {main}
CRITICAL - 2024-05-16 15:33:38 --> Column 'AnnounceId' cannot be null
in SYSTEMPATH\Database\MySQLi\Connection.php on line 295.
 1 SYSTEMPATH\Database\MySQLi\Connection.php(295): mysqli->query('INSERT INTO `SPriceSchedule` (`UserId`, `AnnounceId`, `TenderId`, `Itemid`, `ItemName`, `Item`, `Qty`, `Unit_priceEV`, `PriceLItem`, `OPrice`, `TotalPEVat`, `Discount`, `TotalwithDiscount`, `VAT`, `VatAmount`, `TotalPIVat`, `SubmittedDate`) VALUES (\'2\', NULL, \'1\', \'100\', \'Sheet Nail 4\\\'\', 1, \'4\', \'500\', 2000, \'\', 2000, \'\', 2000, \'18\', 360, 2360, \'2024-05-16\')', 0)
 2 SYSTEMPATH\Database\BaseConnection.php(692): CodeIgniter\Database\MySQLi\Connection->execute('INSERT INTO `SPriceSchedule` (`UserId`, `AnnounceId`, `TenderId`, `Itemid`, `ItemName`, `Item`, `Qty`, `Unit_priceEV`, `PriceLItem`, `OPrice`, `TotalPEVat`, `Discount`, `TotalwithDiscount`, `VAT`, `VatAmount`, `TotalPIVat`, `SubmittedDate`) VALUES (\'2\', NULL, \'1\', \'100\', \'Sheet Nail 4\\\'\', 1, \'4\', \'500\', 2000, \'\', 2000, \'\', 2000, \'18\', 360, 2360, \'2024-05-16\')')
 3 SYSTEMPATH\Database\BaseConnection.php(606): CodeIgniter\Database\BaseConnection->simpleQuery('INSERT INTO `SPriceSchedule` (`UserId`, `AnnounceId`, `TenderId`, `Itemid`, `ItemName`, `Item`, `Qty`, `Unit_priceEV`, `PriceLItem`, `OPrice`, `TotalPEVat`, `Discount`, `TotalwithDiscount`, `VAT`, `VatAmount`, `TotalPIVat`, `SubmittedDate`) VALUES (\'2\', NULL, \'1\', \'100\', \'Sheet Nail 4\\\'\', 1, \'4\', \'500\', 2000, \'\', 2000, \'\', 2000, \'18\', 360, 2360, \'2024-05-16\')')
 4 SYSTEMPATH\Database\BaseBuilder.php(2309): CodeIgniter\Database\BaseConnection->query('INSERT INTO `SPriceSchedule` (`UserId`, `AnnounceId`, `TenderId`, `Itemid`, `ItemName`, `Item`, `Qty`, `Unit_priceEV`, `PriceLItem`, `OPrice`, `TotalPEVat`, `Discount`, `TotalwithDiscount`, `VAT`, `VatAmount`, `TotalPIVat`, `SubmittedDate`) VALUES (:UserId:, :AnnounceId:, :TenderId:, :Itemid:, :ItemName:, :Item:, :Qty:, :Unit_priceEV:, :PriceLItem:, :OPrice:, :TotalPEVat:, :Discount:, :TotalwithDiscount:, :VAT:, :VatAmount:, :TotalPIVat:, :SubmittedDate:)', [...], false)
 5 SYSTEMPATH\Model.php(330): CodeIgniter\Database\BaseBuilder->insert()
 6 SYSTEMPATH\BaseModel.php(782): CodeIgniter\Model->doInsert([...])
 7 SYSTEMPATH\Model.php(730): CodeIgniter\BaseModel->insert([...], false)
 8 SYSTEMPATH\BaseModel.php(692): CodeIgniter\Model->insert([...], false)
 9 APPPATH\Controllers\Web.php(2011): CodeIgniter\BaseModel->save([...])
10 SYSTEMPATH\CodeIgniter.php(932): App\Controllers\Web->viewtenders()
11 SYSTEMPATH\CodeIgniter.php(497): CodeIgniter\CodeIgniter->runController(Object(App\Controllers\Web))
12 SYSTEMPATH\CodeIgniter.php(366): CodeIgniter\CodeIgniter->handleRequest(null, Object(Config\Cache), false)
13 FCPATH\index.php(67): CodeIgniter\CodeIgniter->run()
ERROR - 2024-05-16 15:34:54 --> mysqli_sql_exception: Column 'AnnounceId' cannot be null in C:\xampp\htdocs\IPMS\system\Database\MySQLi\Connection.php:295
Stack trace:
#0 C:\xampp\htdocs\IPMS\system\Database\MySQLi\Connection.php(295): mysqli->query('INSERT INTO `SP...', 0)
#1 C:\xampp\htdocs\IPMS\system\Database\BaseConnection.php(692): CodeIgniter\Database\MySQLi\Connection->execute('INSERT INTO `SP...')
#2 C:\xampp\htdocs\IPMS\system\Database\BaseConnection.php(606): CodeIgniter\Database\BaseConnection->simpleQuery('INSERT INTO `SP...')
#3 C:\xampp\htdocs\IPMS\system\Database\BaseBuilder.php(2309): CodeIgniter\Database\BaseConnection->query('INSERT INTO `SP...', Array, false)
#4 C:\xampp\htdocs\IPMS\system\Model.php(330): CodeIgniter\Database\BaseBuilder->insert()
#5 C:\xampp\htdocs\IPMS\system\BaseModel.php(782): CodeIgniter\Model->doInsert(Array)
#6 C:\xampp\htdocs\IPMS\system\Model.php(730): CodeIgniter\BaseModel->insert(Array, false)
#7 C:\xampp\htdocs\IPMS\system\BaseModel.php(692): CodeIgniter\Model->insert(Array, false)
#8 C:\xampp\htdocs\IPMS\app\Controllers\Web.php(2011): CodeIgniter\BaseModel->save(Array)
#9 C:\xampp\htdocs\IPMS\system\CodeIgniter.php(932): App\Controllers\Web->viewtenders()
#10 C:\xampp\htdocs\IPMS\system\CodeIgniter.php(497): CodeIgniter\CodeIgniter->runController(Object(App\Controllers\Web))
#11 C:\xampp\htdocs\IPMS\system\CodeIgniter.php(366): CodeIgniter\CodeIgniter->handleRequest(NULL, Object(Config\Cache), false)
#12 C:\xampp\htdocs\IPMS\index.php(67): CodeIgniter\CodeIgniter->run()
#13 {main}
CRITICAL - 2024-05-16 15:34:54 --> Column 'AnnounceId' cannot be null
in SYSTEMPATH\Database\MySQLi\Connection.php on line 295.
 1 SYSTEMPATH\Database\MySQLi\Connection.php(295): mysqli->query('INSERT INTO `SPriceSchedule` (`UserId`, `AnnounceId`, `TenderId`, `Itemid`, `ItemName`, `Item`, `Qty`, `Unit_priceEV`, `PriceLItem`, `OPrice`, `TotalPEVat`, `Discount`, `TotalwithDiscount`, `VAT`, `VatAmount`, `TotalPIVat`, `SubmittedDate`) VALUES (\'2\', NULL, \'1\', \'100\', \'Sheet Nail 4\\\'\', 1, \'4\', \'500\', 2000, \'\', 2000, \'\', 2000, \'18\', 360, 2360, \'2024-05-16\')', 0)
 2 SYSTEMPATH\Database\BaseConnection.php(692): CodeIgniter\Database\MySQLi\Connection->execute('INSERT INTO `SPriceSchedule` (`UserId`, `AnnounceId`, `TenderId`, `Itemid`, `ItemName`, `Item`, `Qty`, `Unit_priceEV`, `PriceLItem`, `OPrice`, `TotalPEVat`, `Discount`, `TotalwithDiscount`, `VAT`, `VatAmount`, `TotalPIVat`, `SubmittedDate`) VALUES (\'2\', NULL, \'1\', \'100\', \'Sheet Nail 4\\\'\', 1, \'4\', \'500\', 2000, \'\', 2000, \'\', 2000, \'18\', 360, 2360, \'2024-05-16\')')
 3 SYSTEMPATH\Database\BaseConnection.php(606): CodeIgniter\Database\BaseConnection->simpleQuery('INSERT INTO `SPriceSchedule` (`UserId`, `AnnounceId`, `TenderId`, `Itemid`, `ItemName`, `Item`, `Qty`, `Unit_priceEV`, `PriceLItem`, `OPrice`, `TotalPEVat`, `Discount`, `TotalwithDiscount`, `VAT`, `VatAmount`, `TotalPIVat`, `SubmittedDate`) VALUES (\'2\', NULL, \'1\', \'100\', \'Sheet Nail 4\\\'\', 1, \'4\', \'500\', 2000, \'\', 2000, \'\', 2000, \'18\', 360, 2360, \'2024-05-16\')')
 4 SYSTEMPATH\Database\BaseBuilder.php(2309): CodeIgniter\Database\BaseConnection->query('INSERT INTO `SPriceSchedule` (`UserId`, `AnnounceId`, `TenderId`, `Itemid`, `ItemName`, `Item`, `Qty`, `Unit_priceEV`, `PriceLItem`, `OPrice`, `TotalPEVat`, `Discount`, `TotalwithDiscount`, `VAT`, `VatAmount`, `TotalPIVat`, `SubmittedDate`) VALUES (:UserId:, :AnnounceId:, :TenderId:, :Itemid:, :ItemName:, :Item:, :Qty:, :Unit_priceEV:, :PriceLItem:, :OPrice:, :TotalPEVat:, :Discount:, :TotalwithDiscount:, :VAT:, :VatAmount:, :TotalPIVat:, :SubmittedDate:)', [...], false)
 5 SYSTEMPATH\Model.php(330): CodeIgniter\Database\BaseBuilder->insert()
 6 SYSTEMPATH\BaseModel.php(782): CodeIgniter\Model->doInsert([...])
 7 SYSTEMPATH\Model.php(730): CodeIgniter\BaseModel->insert([...], false)
 8 SYSTEMPATH\BaseModel.php(692): CodeIgniter\Model->insert([...], false)
 9 APPPATH\Controllers\Web.php(2011): CodeIgniter\BaseModel->save([...])
10 SYSTEMPATH\CodeIgniter.php(932): App\Controllers\Web->viewtenders()
11 SYSTEMPATH\CodeIgniter.php(497): CodeIgniter\CodeIgniter->runController(Object(App\Controllers\Web))
12 SYSTEMPATH\CodeIgniter.php(366): CodeIgniter\CodeIgniter->handleRequest(null, Object(Config\Cache), false)
13 FCPATH\index.php(67): CodeIgniter\CodeIgniter->run()
ERROR - 2024-05-16 15:39:01 --> mysqli_sql_exception: Column 'AnnounceId' cannot be null in C:\xampp\htdocs\IPMS\system\Database\MySQLi\Connection.php:295
Stack trace:
#0 C:\xampp\htdocs\IPMS\system\Database\MySQLi\Connection.php(295): mysqli->query('INSERT INTO `SP...', 0)
#1 C:\xampp\htdocs\IPMS\system\Database\BaseConnection.php(692): CodeIgniter\Database\MySQLi\Connection->execute('INSERT INTO `SP...')
#2 C:\xampp\htdocs\IPMS\system\Database\BaseConnection.php(606): CodeIgniter\Database\BaseConnection->simpleQuery('INSERT INTO `SP...')
#3 C:\xampp\htdocs\IPMS\system\Database\BaseBuilder.php(2309): CodeIgniter\Database\BaseConnection->query('INSERT INTO `SP...', Array, false)
#4 C:\xampp\htdocs\IPMS\system\Model.php(330): CodeIgniter\Database\BaseBuilder->insert()
#5 C:\xampp\htdocs\IPMS\system\BaseModel.php(782): CodeIgniter\Model->doInsert(Array)
#6 C:\xampp\htdocs\IPMS\system\Model.php(730): CodeIgniter\BaseModel->insert(Array, false)
#7 C:\xampp\htdocs\IPMS\system\BaseModel.php(692): CodeIgniter\Model->insert(Array, false)
#8 C:\xampp\htdocs\IPMS\app\Controllers\Web.php(2012): CodeIgniter\BaseModel->save(Array)
#9 C:\xampp\htdocs\IPMS\system\CodeIgniter.php(932): App\Controllers\Web->viewtenders()
#10 C:\xampp\htdocs\IPMS\system\CodeIgniter.php(497): CodeIgniter\CodeIgniter->runController(Object(App\Controllers\Web))
#11 C:\xampp\htdocs\IPMS\system\CodeIgniter.php(366): CodeIgniter\CodeIgniter->handleRequest(NULL, Object(Config\Cache), false)
#12 C:\xampp\htdocs\IPMS\index.php(67): CodeIgniter\CodeIgniter->run()
#13 {main}
CRITICAL - 2024-05-16 15:39:01 --> Column 'AnnounceId' cannot be null
in SYSTEMPATH\Database\MySQLi\Connection.php on line 295.
 1 SYSTEMPATH\Database\MySQLi\Connection.php(295): mysqli->query('INSERT INTO `SPriceSchedule` (`UserId`, `AnnounceId`, `TenderId`, `Itemid`, `ItemName`, `Item`, `Qty`, `Unit_priceEV`, `PriceLItem`, `OPrice`, `TotalPEVat`, `Discount`, `TotalwithDiscount`, `VAT`, `VatAmount`, `TotalPIVat`, `SubmittedDate`) VALUES (\'2\', NULL, \'1\', \'100\', \'Sheet Nail 4\\\'\', 1, \'4\', \'500\', 2000, \'\', 2000, \'\', 2000, \'18\', 360, 2360, \'2024-05-16\')', 0)
 2 SYSTEMPATH\Database\BaseConnection.php(692): CodeIgniter\Database\MySQLi\Connection->execute('INSERT INTO `SPriceSchedule` (`UserId`, `AnnounceId`, `TenderId`, `Itemid`, `ItemName`, `Item`, `Qty`, `Unit_priceEV`, `PriceLItem`, `OPrice`, `TotalPEVat`, `Discount`, `TotalwithDiscount`, `VAT`, `VatAmount`, `TotalPIVat`, `SubmittedDate`) VALUES (\'2\', NULL, \'1\', \'100\', \'Sheet Nail 4\\\'\', 1, \'4\', \'500\', 2000, \'\', 2000, \'\', 2000, \'18\', 360, 2360, \'2024-05-16\')')
 3 SYSTEMPATH\Database\BaseConnection.php(606): CodeIgniter\Database\BaseConnection->simpleQuery('INSERT INTO `SPriceSchedule` (`UserId`, `AnnounceId`, `TenderId`, `Itemid`, `ItemName`, `Item`, `Qty`, `Unit_priceEV`, `PriceLItem`, `OPrice`, `TotalPEVat`, `Discount`, `TotalwithDiscount`, `VAT`, `VatAmount`, `TotalPIVat`, `SubmittedDate`) VALUES (\'2\', NULL, \'1\', \'100\', \'Sheet Nail 4\\\'\', 1, \'4\', \'500\', 2000, \'\', 2000, \'\', 2000, \'18\', 360, 2360, \'2024-05-16\')')
 4 SYSTEMPATH\Database\BaseBuilder.php(2309): CodeIgniter\Database\BaseConnection->query('INSERT INTO `SPriceSchedule` (`UserId`, `AnnounceId`, `TenderId`, `Itemid`, `ItemName`, `Item`, `Qty`, `Unit_priceEV`, `PriceLItem`, `OPrice`, `TotalPEVat`, `Discount`, `TotalwithDiscount`, `VAT`, `VatAmount`, `TotalPIVat`, `SubmittedDate`) VALUES (:UserId:, :AnnounceId:, :TenderId:, :Itemid:, :ItemName:, :Item:, :Qty:, :Unit_priceEV:, :PriceLItem:, :OPrice:, :TotalPEVat:, :Discount:, :TotalwithDiscount:, :VAT:, :VatAmount:, :TotalPIVat:, :SubmittedDate:)', [...], false)
 5 SYSTEMPATH\Model.php(330): CodeIgniter\Database\BaseBuilder->insert()
 6 SYSTEMPATH\BaseModel.php(782): CodeIgniter\Model->doInsert([...])
 7 SYSTEMPATH\Model.php(730): CodeIgniter\BaseModel->insert([...], false)
 8 SYSTEMPATH\BaseModel.php(692): CodeIgniter\Model->insert([...], false)
 9 APPPATH\Controllers\Web.php(2012): CodeIgniter\BaseModel->save([...])
10 SYSTEMPATH\CodeIgniter.php(932): App\Controllers\Web->viewtenders()
11 SYSTEMPATH\CodeIgniter.php(497): CodeIgniter\CodeIgniter->runController(Object(App\Controllers\Web))
12 SYSTEMPATH\CodeIgniter.php(366): CodeIgniter\CodeIgniter->handleRequest(null, Object(Config\Cache), false)
13 FCPATH\index.php(67): CodeIgniter\CodeIgniter->run()
CRITICAL - 2024-05-16 16:33:25 --> Undefined variable $Category_list
in APPPATH\Views\web\registeredSupplier.php on line 174.
 1 APPPATH\Views\web\registeredSupplier.php(174): CodeIgniter\Debug\Exceptions->errorHandler(2, 'Undefined variable $Category_list', 'C:\\xampp\\htdocs\\IPMS\\app\\Views\\web\\registeredSupplier.php', 174)
 2 SYSTEMPATH\View\View.php(224): include('C:\\xampp\\htdocs\\IPMS\\app\\Views\\web\\registeredSupplier.php')
 3 SYSTEMPATH\View\View.php(227): CodeIgniter\View\View->CodeIgniter\View\{closure}()
 4 SYSTEMPATH\Common.php(1176): CodeIgniter\View\View->render('web/registeredSupplier', [], true)
 5 APPPATH\Controllers\Web.php(1272): view('web/registeredSupplier', [...])
 6 SYSTEMPATH\CodeIgniter.php(932): App\Controllers\Web->save_registeredSupplier()
 7 SYSTEMPATH\CodeIgniter.php(497): CodeIgniter\CodeIgniter->runController(Object(App\Controllers\Web))
 8 SYSTEMPATH\CodeIgniter.php(366): CodeIgniter\CodeIgniter->handleRequest(null, Object(Config\Cache), false)
 9 FCPATH\index.php(67): CodeIgniter\CodeIgniter->run()
CRITICAL - 2024-05-16 17:16:13 --> Undefined array key 0
in APPPATH\Views\sys\submitedBid\OpenedTender.php on line 28.
 1 APPPATH\Views\sys\submitedBid\OpenedTender.php(28): CodeIgniter\Debug\Exceptions->errorHandler(2, 'Undefined array key 0', 'C:\\xampp\\htdocs\\IPMS\\app\\Views\\sys\\submitedBid\\OpenedTender.php', 28)
 2 SYSTEMPATH\View\View.php(224): include('C:\\xampp\\htdocs\\IPMS\\app\\Views\\sys\\submitedBid\\OpenedTender.php')
 3 SYSTEMPATH\View\View.php(227): CodeIgniter\View\View->CodeIgniter\View\{closure}()
 4 SYSTEMPATH\Common.php(1176): CodeIgniter\View\View->render('sys/SubmitedBid/OpenedTender', [], true)
 5 APPPATH\Controllers\SubmitedBid.php(215): view('sys/SubmitedBid/OpenedTender', [...])
 6 SYSTEMPATH\CodeIgniter.php(932): App\Controllers\SubmitedBid->OpenedTender('8', '1', '71')
 7 SYSTEMPATH\CodeIgniter.php(497): CodeIgniter\CodeIgniter->runController(Object(App\Controllers\SubmitedBid))
 8 SYSTEMPATH\CodeIgniter.php(366): CodeIgniter\CodeIgniter->handleRequest(null, Object(Config\Cache), false)
 9 FCPATH\index.php(67): CodeIgniter\CodeIgniter->run()
CRITICAL - 2024-05-16 17:16:55 --> Undefined array key 0
in APPPATH\Views\sys\submitedBid\OpenedTender.php on line 28.
 1 APPPATH\Views\sys\submitedBid\OpenedTender.php(28): CodeIgniter\Debug\Exceptions->errorHandler(2, 'Undefined array key 0', 'C:\\xampp\\htdocs\\IPMS\\app\\Views\\sys\\submitedBid\\OpenedTender.php', 28)
 2 SYSTEMPATH\View\View.php(224): include('C:\\xampp\\htdocs\\IPMS\\app\\Views\\sys\\submitedBid\\OpenedTender.php')
 3 SYSTEMPATH\View\View.php(227): CodeIgniter\View\View->CodeIgniter\View\{closure}()
 4 SYSTEMPATH\Common.php(1176): CodeIgniter\View\View->render('sys/SubmitedBid/OpenedTender', [], true)
 5 APPPATH\Controllers\SubmitedBid.php(215): view('sys/SubmitedBid/OpenedTender', [...])
 6 SYSTEMPATH\CodeIgniter.php(932): App\Controllers\SubmitedBid->OpenedTender('8', '1', '71')
 7 SYSTEMPATH\CodeIgniter.php(497): CodeIgniter\CodeIgniter->runController(Object(App\Controllers\SubmitedBid))
 8 SYSTEMPATH\CodeIgniter.php(366): CodeIgniter\CodeIgniter->handleRequest(null, Object(Config\Cache), false)
 9 FCPATH\index.php(67): CodeIgniter\CodeIgniter->run()
CRITICAL - 2024-05-16 17:19:19 --> Undefined array key 0
in APPPATH\Views\sys\submitedBid\OpenedTender.php on line 28.
 1 APPPATH\Views\sys\submitedBid\OpenedTender.php(28): CodeIgniter\Debug\Exceptions->errorHandler(2, 'Undefined array key 0', 'C:\\xampp\\htdocs\\IPMS\\app\\Views\\sys\\submitedBid\\OpenedTender.php', 28)
 2 SYSTEMPATH\View\View.php(224): include('C:\\xampp\\htdocs\\IPMS\\app\\Views\\sys\\submitedBid\\OpenedTender.php')
 3 SYSTEMPATH\View\View.php(227): CodeIgniter\View\View->CodeIgniter\View\{closure}()
 4 SYSTEMPATH\Common.php(1176): CodeIgniter\View\View->render('sys/SubmitedBid/OpenedTender', [], true)
 5 APPPATH\Controllers\SubmitedBid.php(215): view('sys/SubmitedBid/OpenedTender', [...])
 6 SYSTEMPATH\CodeIgniter.php(932): App\Controllers\SubmitedBid->OpenedTender('8', '1', '71')
 7 SYSTEMPATH\CodeIgniter.php(497): CodeIgniter\CodeIgniter->runController(Object(App\Controllers\SubmitedBid))
 8 SYSTEMPATH\CodeIgniter.php(366): CodeIgniter\CodeIgniter->handleRequest(null, Object(Config\Cache), false)
 9 FCPATH\index.php(67): CodeIgniter\CodeIgniter->run()
CRITICAL - 2024-05-16 17:19:48 --> Undefined array key 0
in APPPATH\Views\sys\submitedBid\OpenedSTender.php on line 28.
 1 APPPATH\Views\sys\submitedBid\OpenedSTender.php(28): CodeIgniter\Debug\Exceptions->errorHandler(2, 'Undefined array key 0', 'C:\\xampp\\htdocs\\IPMS\\app\\Views\\sys\\submitedBid\\OpenedSTender.php', 28)
 2 SYSTEMPATH\View\View.php(224): include('C:\\xampp\\htdocs\\IPMS\\app\\Views\\sys\\submitedBid\\OpenedSTender.php')
 3 SYSTEMPATH\View\View.php(227): CodeIgniter\View\View->CodeIgniter\View\{closure}()
 4 SYSTEMPATH\Common.php(1176): CodeIgniter\View\View->render('sys/SubmitedBid/OpenedSTender', [], true)
 5 APPPATH\Controllers\SubmitedBid.php(502): view('sys/SubmitedBid/OpenedSTender', [...])
 6 SYSTEMPATH\CodeIgniter.php(932): App\Controllers\SubmitedBid->OpenedSTender('8', '1', '71')
 7 SYSTEMPATH\CodeIgniter.php(497): CodeIgniter\CodeIgniter->runController(Object(App\Controllers\SubmitedBid))
 8 SYSTEMPATH\CodeIgniter.php(366): CodeIgniter\CodeIgniter->handleRequest(null, Object(Config\Cache), false)
 9 FCPATH\index.php(67): CodeIgniter\CodeIgniter->run()
CRITICAL - 2024-05-16 17:19:53 --> Undefined array key 0
in APPPATH\Views\sys\submitedBid\OpenedSTender.php on line 28.
 1 APPPATH\Views\sys\submitedBid\OpenedSTender.php(28): CodeIgniter\Debug\Exceptions->errorHandler(2, 'Undefined array key 0', 'C:\\xampp\\htdocs\\IPMS\\app\\Views\\sys\\submitedBid\\OpenedSTender.php', 28)
 2 SYSTEMPATH\View\View.php(224): include('C:\\xampp\\htdocs\\IPMS\\app\\Views\\sys\\submitedBid\\OpenedSTender.php')
 3 SYSTEMPATH\View\View.php(227): CodeIgniter\View\View->CodeIgniter\View\{closure}()
 4 SYSTEMPATH\Common.php(1176): CodeIgniter\View\View->render('sys/SubmitedBid/OpenedSTender', [], true)
 5 APPPATH\Controllers\SubmitedBid.php(502): view('sys/SubmitedBid/OpenedSTender', [...])
 6 SYSTEMPATH\CodeIgniter.php(932): App\Controllers\SubmitedBid->OpenedSTender('8', '1', '71')
 7 SYSTEMPATH\CodeIgniter.php(497): CodeIgniter\CodeIgniter->runController(Object(App\Controllers\SubmitedBid))
 8 SYSTEMPATH\CodeIgniter.php(366): CodeIgniter\CodeIgniter->handleRequest(null, Object(Config\Cache), false)
 9 FCPATH\index.php(67): CodeIgniter\CodeIgniter->run()
CRITICAL - 2024-05-16 23:08:57 --> Cannot redeclare App\Models\OpeningRemarksModel::GetappliedbidderDetailschange()
in APPPATH\Models\OpeningRemarksModel.php on line 44.
 1 [internal function]: CodeIgniter\Debug\Exceptions->shutdownHandler()
CRITICAL - 2024-05-16 19:06:44 --> Undefined array key "listZ"
in APPPATH\Controllers\Sys.php on line 43.
 1 APPPATH\Controllers\Sys.php(43): CodeIgniter\Debug\Exceptions->errorHandler(2, 'Undefined array key "listZ"', 'C:\\xampp\\htdocs\\IPMS\\app\\Controllers\\Sys.php', 43)
 2 SYSTEMPATH\CodeIgniter.php(932): App\Controllers\Sys->dashboard()
 3 SYSTEMPATH\CodeIgniter.php(497): CodeIgniter\CodeIgniter->runController(Object(App\Controllers\Sys))
 4 SYSTEMPATH\CodeIgniter.php(366): CodeIgniter\CodeIgniter->handleRequest(null, Object(Config\Cache), false)
 5 FCPATH\index.php(67): CodeIgniter\CodeIgniter->run()
CRITICAL - 2024-05-16 19:11:36 --> Undefined array key "Status"
in APPPATH\Views\sys\content_ProcurementChairmen.php on line 271.
 1 APPPATH\Views\sys\content_ProcurementChairmen.php(271): CodeIgniter\Debug\Exceptions->errorHandler(2, 'Undefined array key "Status"', 'C:\\xampp\\htdocs\\IPMS\\app\\Views\\sys\\content_ProcurementChairmen.php', 271)
 2 SYSTEMPATH\View\View.php(224): include('C:\\xampp\\htdocs\\IPMS\\app\\Views\\sys\\content_ProcurementChairmen.php')
 3 SYSTEMPATH\View\View.php(227): CodeIgniter\View\View->CodeIgniter\View\{closure}()
 4 SYSTEMPATH\Common.php(1176): CodeIgniter\View\View->render('sys/content_procurementchairmen', [], true)
 5 APPPATH\Controllers\Sys.php(84): view('sys/content_procurementchairmen', [...])
 6 SYSTEMPATH\CodeIgniter.php(932): App\Controllers\Sys->dashboard()
 7 SYSTEMPATH\CodeIgniter.php(497): CodeIgniter\CodeIgniter->runController(Object(App\Controllers\Sys))
 8 SYSTEMPATH\CodeIgniter.php(366): CodeIgniter\CodeIgniter->handleRequest(null, Object(Config\Cache), false)
 9 FCPATH\index.php(67): CodeIgniter\CodeIgniter->run()
