CRITICAL - 2024-02-06 14:37:13 --> Undefined variable $id
in APPPATH\Controllers\Employee.php on line 128.
 1 APPPATH\Controllers\Employee.php(128): CodeIgniter\Debug\Exceptions->errorHandler(2, 'Undefined variable $id', 'C:\\xampp\\htdocs\\IPMS\\app\\Controllers\\Employee.php', 128)
 2 SYSTEMPATH\CodeIgniter.php(932): App\Controllers\Employee->updateProfile()
 3 SYSTEMPATH\CodeIgniter.php(497): CodeIgniter\CodeIgniter->runController(Object(App\Controllers\Employee))
 4 SYSTEMPATH\CodeIgniter.php(366): CodeIgniter\CodeIgniter->handleRequest(null, Object(Config\Cache), false)
 5 FCPATH\index.php(67): CodeIgniter\CodeIgniter->run()
ERROR - 2024-02-06 14:38:57 --> mysqli_sql_exception: Unknown column '$emp' in 'where clause' in C:\xampp\htdocs\IPMS\system\Database\MySQLi\Connection.php:295
Stack trace:
#0 C:\xampp\htdocs\IPMS\system\Database\MySQLi\Connection.php(295): mysqli->query('SELECT *\nFROM `...', 0)
#1 C:\xampp\htdocs\IPMS\system\Database\BaseConnection.php(692): CodeIgniter\Database\MySQLi\Connection->execute('SELECT *\nFROM `...')
#2 C:\xampp\htdocs\IPMS\system\Database\BaseConnection.php(606): CodeIgniter\Database\BaseConnection->simpleQuery('SELECT *\nFROM `...')
#3 C:\xampp\htdocs\IPMS\system\Database\BaseBuilder.php(1616): CodeIgniter\Database\BaseConnection->query('SELECT *\nFROM `...', Array, false)
#4 C:\xampp\htdocs\IPMS\system\Model.php(241): CodeIgniter\Database\BaseBuilder->get()
#5 C:\xampp\htdocs\IPMS\system\BaseModel.php(618): CodeIgniter\Model->doFindAll(0, 0)
#6 C:\xampp\htdocs\IPMS\app\Controllers\Employee.php(130): CodeIgniter\BaseModel->findAll()
#7 C:\xampp\htdocs\IPMS\system\CodeIgniter.php(932): App\Controllers\Employee->updateProfile()
#8 C:\xampp\htdocs\IPMS\system\CodeIgniter.php(497): CodeIgniter\CodeIgniter->runController(Object(App\Controllers\Employee))
#9 C:\xampp\htdocs\IPMS\system\CodeIgniter.php(366): CodeIgniter\CodeIgniter->handleRequest(NULL, Object(Config\Cache), false)
#10 C:\xampp\htdocs\IPMS\index.php(67): CodeIgniter\CodeIgniter->run()
#11 {main}
CRITICAL - 2024-02-06 14:38:57 --> Unknown column '$emp' in 'where clause'
in SYSTEMPATH\Database\MySQLi\Connection.php on line 295.
 1 SYSTEMPATH\Database\MySQLi\Connection.php(295): mysqli->query('SELECT *
FROM `employee`
WHERE `$emp` IS NULL', 0)
 2 SYSTEMPATH\Database\BaseConnection.php(692): CodeIgniter\Database\MySQLi\Connection->execute('SELECT *
FROM `employee`
WHERE `$emp` IS NULL')
 3 SYSTEMPATH\Database\BaseConnection.php(606): CodeIgniter\Database\BaseConnection->simpleQuery('SELECT *
FROM `employee`
WHERE `$emp` IS NULL')
 4 SYSTEMPATH\Database\BaseBuilder.php(1616): CodeIgniter\Database\BaseConnection->query('SELECT *
FROM `employee`
WHERE `$emp` IS NULL', [], false)
 5 SYSTEMPATH\Model.php(241): CodeIgniter\Database\BaseBuilder->get()
 6 SYSTEMPATH\BaseModel.php(618): CodeIgniter\Model->doFindAll(0, 0)
 7 APPPATH\Controllers\Employee.php(130): CodeIgniter\BaseModel->findAll()
 8 SYSTEMPATH\CodeIgniter.php(932): App\Controllers\Employee->updateProfile()
 9 SYSTEMPATH\CodeIgniter.php(497): CodeIgniter\CodeIgniter->runController(Object(App\Controllers\Employee))
10 SYSTEMPATH\CodeIgniter.php(366): CodeIgniter\CodeIgniter->handleRequest(null, Object(Config\Cache), false)
11 FCPATH\index.php(67): CodeIgniter\CodeIgniter->run()
ERROR - 2024-02-06 14:39:21 --> mysqli_sql_exception: Unknown column 'emp' in 'where clause' in C:\xampp\htdocs\IPMS\system\Database\MySQLi\Connection.php:295
Stack trace:
#0 C:\xampp\htdocs\IPMS\system\Database\MySQLi\Connection.php(295): mysqli->query('SELECT *\nFROM `...', 0)
#1 C:\xampp\htdocs\IPMS\system\Database\BaseConnection.php(692): CodeIgniter\Database\MySQLi\Connection->execute('SELECT *\nFROM `...')
#2 C:\xampp\htdocs\IPMS\system\Database\BaseConnection.php(606): CodeIgniter\Database\BaseConnection->simpleQuery('SELECT *\nFROM `...')
#3 C:\xampp\htdocs\IPMS\system\Database\BaseBuilder.php(1616): CodeIgniter\Database\BaseConnection->query('SELECT *\nFROM `...', Array, false)
#4 C:\xampp\htdocs\IPMS\system\Model.php(241): CodeIgniter\Database\BaseBuilder->get()
#5 C:\xampp\htdocs\IPMS\system\BaseModel.php(618): CodeIgniter\Model->doFindAll(0, 0)
#6 C:\xampp\htdocs\IPMS\app\Controllers\Employee.php(130): CodeIgniter\BaseModel->findAll()
#7 C:\xampp\htdocs\IPMS\system\CodeIgniter.php(932): App\Controllers\Employee->updateProfile()
#8 C:\xampp\htdocs\IPMS\system\CodeIgniter.php(497): CodeIgniter\CodeIgniter->runController(Object(App\Controllers\Employee))
#9 C:\xampp\htdocs\IPMS\system\CodeIgniter.php(366): CodeIgniter\CodeIgniter->handleRequest(NULL, Object(Config\Cache), false)
#10 C:\xampp\htdocs\IPMS\index.php(67): CodeIgniter\CodeIgniter->run()
#11 {main}
CRITICAL - 2024-02-06 14:39:21 --> Unknown column 'emp' in 'where clause'
in SYSTEMPATH\Database\MySQLi\Connection.php on line 295.
 1 SYSTEMPATH\Database\MySQLi\Connection.php(295): mysqli->query('SELECT *
FROM `employee`
WHERE `emp` IS NULL', 0)
 2 SYSTEMPATH\Database\BaseConnection.php(692): CodeIgniter\Database\MySQLi\Connection->execute('SELECT *
FROM `employee`
WHERE `emp` IS NULL')
 3 SYSTEMPATH\Database\BaseConnection.php(606): CodeIgniter\Database\BaseConnection->simpleQuery('SELECT *
FROM `employee`
WHERE `emp` IS NULL')
 4 SYSTEMPATH\Database\BaseBuilder.php(1616): CodeIgniter\Database\BaseConnection->query('SELECT *
FROM `employee`
WHERE `emp` IS NULL', [], false)
 5 SYSTEMPATH\Model.php(241): CodeIgniter\Database\BaseBuilder->get()
 6 SYSTEMPATH\BaseModel.php(618): CodeIgniter\Model->doFindAll(0, 0)
 7 APPPATH\Controllers\Employee.php(130): CodeIgniter\BaseModel->findAll()
 8 SYSTEMPATH\CodeIgniter.php(932): App\Controllers\Employee->updateProfile()
 9 SYSTEMPATH\CodeIgniter.php(497): CodeIgniter\CodeIgniter->runController(Object(App\Controllers\Employee))
10 SYSTEMPATH\CodeIgniter.php(366): CodeIgniter\CodeIgniter->handleRequest(null, Object(Config\Cache), false)
11 FCPATH\index.php(67): CodeIgniter\CodeIgniter->run()
ERROR - 2024-02-06 14:39:25 --> mysqli_sql_exception: Unknown column 'emp' in 'where clause' in C:\xampp\htdocs\IPMS\system\Database\MySQLi\Connection.php:295
Stack trace:
#0 C:\xampp\htdocs\IPMS\system\Database\MySQLi\Connection.php(295): mysqli->query('SELECT *\nFROM `...', 0)
#1 C:\xampp\htdocs\IPMS\system\Database\BaseConnection.php(692): CodeIgniter\Database\MySQLi\Connection->execute('SELECT *\nFROM `...')
#2 C:\xampp\htdocs\IPMS\system\Database\BaseConnection.php(606): CodeIgniter\Database\BaseConnection->simpleQuery('SELECT *\nFROM `...')
#3 C:\xampp\htdocs\IPMS\system\Database\BaseBuilder.php(1616): CodeIgniter\Database\BaseConnection->query('SELECT *\nFROM `...', Array, false)
#4 C:\xampp\htdocs\IPMS\system\Model.php(241): CodeIgniter\Database\BaseBuilder->get()
#5 C:\xampp\htdocs\IPMS\system\BaseModel.php(618): CodeIgniter\Model->doFindAll(0, 0)
#6 C:\xampp\htdocs\IPMS\app\Controllers\Employee.php(130): CodeIgniter\BaseModel->findAll()
#7 C:\xampp\htdocs\IPMS\system\CodeIgniter.php(932): App\Controllers\Employee->updateProfile()
#8 C:\xampp\htdocs\IPMS\system\CodeIgniter.php(497): CodeIgniter\CodeIgniter->runController(Object(App\Controllers\Employee))
#9 C:\xampp\htdocs\IPMS\system\CodeIgniter.php(366): CodeIgniter\CodeIgniter->handleRequest(NULL, Object(Config\Cache), false)
#10 C:\xampp\htdocs\IPMS\index.php(67): CodeIgniter\CodeIgniter->run()
#11 {main}
CRITICAL - 2024-02-06 14:39:25 --> Unknown column 'emp' in 'where clause'
in SYSTEMPATH\Database\MySQLi\Connection.php on line 295.
 1 SYSTEMPATH\Database\MySQLi\Connection.php(295): mysqli->query('SELECT *
FROM `employee`
WHERE `emp` IS NULL', 0)
 2 SYSTEMPATH\Database\BaseConnection.php(692): CodeIgniter\Database\MySQLi\Connection->execute('SELECT *
FROM `employee`
WHERE `emp` IS NULL')
 3 SYSTEMPATH\Database\BaseConnection.php(606): CodeIgniter\Database\BaseConnection->simpleQuery('SELECT *
FROM `employee`
WHERE `emp` IS NULL')
 4 SYSTEMPATH\Database\BaseBuilder.php(1616): CodeIgniter\Database\BaseConnection->query('SELECT *
FROM `employee`
WHERE `emp` IS NULL', [], false)
 5 SYSTEMPATH\Model.php(241): CodeIgniter\Database\BaseBuilder->get()
 6 SYSTEMPATH\BaseModel.php(618): CodeIgniter\Model->doFindAll(0, 0)
 7 APPPATH\Controllers\Employee.php(130): CodeIgniter\BaseModel->findAll()
 8 SYSTEMPATH\CodeIgniter.php(932): App\Controllers\Employee->updateProfile()
 9 SYSTEMPATH\CodeIgniter.php(497): CodeIgniter\CodeIgniter->runController(Object(App\Controllers\Employee))
10 SYSTEMPATH\CodeIgniter.php(366): CodeIgniter\CodeIgniter->handleRequest(null, Object(Config\Cache), false)
11 FCPATH\index.php(67): CodeIgniter\CodeIgniter->run()
ERROR - 2024-02-06 14:43:32 --> mysqli_sql_exception: Unknown column 'emp' in 'where clause' in C:\xampp\htdocs\IPMS\system\Database\MySQLi\Connection.php:295
Stack trace:
#0 C:\xampp\htdocs\IPMS\system\Database\MySQLi\Connection.php(295): mysqli->query('SELECT *\nFROM `...', 0)
#1 C:\xampp\htdocs\IPMS\system\Database\BaseConnection.php(692): CodeIgniter\Database\MySQLi\Connection->execute('SELECT *\nFROM `...')
#2 C:\xampp\htdocs\IPMS\system\Database\BaseConnection.php(606): CodeIgniter\Database\BaseConnection->simpleQuery('SELECT *\nFROM `...')
#3 C:\xampp\htdocs\IPMS\system\Database\BaseBuilder.php(1616): CodeIgniter\Database\BaseConnection->query('SELECT *\nFROM `...', Array, false)
#4 C:\xampp\htdocs\IPMS\system\Model.php(241): CodeIgniter\Database\BaseBuilder->get()
#5 C:\xampp\htdocs\IPMS\system\BaseModel.php(618): CodeIgniter\Model->doFindAll(0, 0)
#6 C:\xampp\htdocs\IPMS\app\Controllers\Employee.php(130): CodeIgniter\BaseModel->findAll()
#7 C:\xampp\htdocs\IPMS\system\CodeIgniter.php(932): App\Controllers\Employee->updateProfile()
#8 C:\xampp\htdocs\IPMS\system\CodeIgniter.php(497): CodeIgniter\CodeIgniter->runController(Object(App\Controllers\Employee))
#9 C:\xampp\htdocs\IPMS\system\CodeIgniter.php(366): CodeIgniter\CodeIgniter->handleRequest(NULL, Object(Config\Cache), false)
#10 C:\xampp\htdocs\IPMS\index.php(67): CodeIgniter\CodeIgniter->run()
#11 {main}
CRITICAL - 2024-02-06 14:43:32 --> Unknown column 'emp' in 'where clause'
in SYSTEMPATH\Database\MySQLi\Connection.php on line 295.
 1 SYSTEMPATH\Database\MySQLi\Connection.php(295): mysqli->query('SELECT *
FROM `employee`
WHERE `emp` IS NULL', 0)
 2 SYSTEMPATH\Database\BaseConnection.php(692): CodeIgniter\Database\MySQLi\Connection->execute('SELECT *
FROM `employee`
WHERE `emp` IS NULL')
 3 SYSTEMPATH\Database\BaseConnection.php(606): CodeIgniter\Database\BaseConnection->simpleQuery('SELECT *
FROM `employee`
WHERE `emp` IS NULL')
 4 SYSTEMPATH\Database\BaseBuilder.php(1616): CodeIgniter\Database\BaseConnection->query('SELECT *
FROM `employee`
WHERE `emp` IS NULL', [], false)
 5 SYSTEMPATH\Model.php(241): CodeIgniter\Database\BaseBuilder->get()
 6 SYSTEMPATH\BaseModel.php(618): CodeIgniter\Model->doFindAll(0, 0)
 7 APPPATH\Controllers\Employee.php(130): CodeIgniter\BaseModel->findAll()
 8 SYSTEMPATH\CodeIgniter.php(932): App\Controllers\Employee->updateProfile()
 9 SYSTEMPATH\CodeIgniter.php(497): CodeIgniter\CodeIgniter->runController(Object(App\Controllers\Employee))
10 SYSTEMPATH\CodeIgniter.php(366): CodeIgniter\CodeIgniter->handleRequest(null, Object(Config\Cache), false)
11 FCPATH\index.php(67): CodeIgniter\CodeIgniter->run()
CRITICAL - 2024-02-06 16:01:52 --> Can't use method return value in write context
in APPPATH\Controllers\Employee.php on line 146.
 1 [internal function]: CodeIgniter\Debug\Exceptions->shutdownHandler()
CRITICAL - 2024-02-06 16:03:28 --> Call to a member function with() on array
in APPPATH\Controllers\Employee.php on line 149.
 1 SYSTEMPATH\CodeIgniter.php(932): App\Controllers\Employee->updateProfile()
 2 SYSTEMPATH\CodeIgniter.php(497): CodeIgniter\CodeIgniter->runController(Object(App\Controllers\Employee))
 3 SYSTEMPATH\CodeIgniter.php(366): CodeIgniter\CodeIgniter->handleRequest(null, Object(Config\Cache), false)
 4 FCPATH\index.php(67): CodeIgniter\CodeIgniter->run()
