CRITICAL - 2024-05-14 00:15:26 --> Undefined array key "BStarts"
in APPPATH\Views\web\ShoppinBid.php on line 135.
 1 APPPATH\Views\web\ShoppinBid.php(135): CodeIgniter\Debug\Exceptions->errorHandler(2, 'Undefined array key "BStarts"', 'C:\\xampp\\htdocs\\IPMS\\app\\Views\\web\\ShoppinBid.php', 135)
 2 SYSTEMPATH\View\View.php(224): include('C:\\xampp\\htdocs\\IPMS\\app\\Views\\web\\ShoppinBid.php')
 3 SYSTEMPATH\View\View.php(227): CodeIgniter\View\View->CodeIgniter\View\{closure}()
 4 SYSTEMPATH\Common.php(1176): CodeIgniter\View\View->render('web/ShoppinBid', [], true)
 5 APPPATH\Controllers\Web.php(1969): view('web/ShoppinBid', [...])
 6 SYSTEMPATH\CodeIgniter.php(932): App\Controllers\Web->ShoppinBid('8', '2')
 7 SYSTEMPATH\CodeIgniter.php(497): CodeIgniter\CodeIgniter->runController(Object(App\Controllers\Web))
 8 SYSTEMPATH\CodeIgniter.php(366): CodeIgniter\CodeIgniter->handleRequest(null, Object(Config\Cache), false)
 9 FCPATH\index.php(67): CodeIgniter\CodeIgniter->run()
CRITICAL - 2024-05-14 00:16:24 --> Undefined array key "sannounceId"
in APPPATH\Views\web\ShoppinBid.php on line 182.
 1 APPPATH\Views\web\ShoppinBid.php(182): CodeIgniter\Debug\Exceptions->errorHandler(2, 'Undefined array key "sannounceId"', 'C:\\xampp\\htdocs\\IPMS\\app\\Views\\web\\ShoppinBid.php', 182)
 2 SYSTEMPATH\View\View.php(224): include('C:\\xampp\\htdocs\\IPMS\\app\\Views\\web\\ShoppinBid.php')
 3 SYSTEMPATH\View\View.php(227): CodeIgniter\View\View->CodeIgniter\View\{closure}()
 4 SYSTEMPATH\Common.php(1176): CodeIgniter\View\View->render('web/ShoppinBid', [], true)
 5 APPPATH\Controllers\Web.php(1969): view('web/ShoppinBid', [...])
 6 SYSTEMPATH\CodeIgniter.php(932): App\Controllers\Web->ShoppinBid('8', '2')
 7 SYSTEMPATH\CodeIgniter.php(497): CodeIgniter\CodeIgniter->runController(Object(App\Controllers\Web))
 8 SYSTEMPATH\CodeIgniter.php(366): CodeIgniter\CodeIgniter->handleRequest(null, Object(Config\Cache), false)
 9 FCPATH\index.php(67): CodeIgniter\CodeIgniter->run()
CRITICAL - 2024-05-14 00:17:19 --> Undefined array key "BStarts"
in APPPATH\Views\web\ShoppinBid.php on line 198.
 1 APPPATH\Views\web\ShoppinBid.php(198): CodeIgniter\Debug\Exceptions->errorHandler(2, 'Undefined array key "BStarts"', 'C:\\xampp\\htdocs\\IPMS\\app\\Views\\web\\ShoppinBid.php', 198)
 2 SYSTEMPATH\View\View.php(224): include('C:\\xampp\\htdocs\\IPMS\\app\\Views\\web\\ShoppinBid.php')
 3 SYSTEMPATH\View\View.php(227): CodeIgniter\View\View->CodeIgniter\View\{closure}()
 4 SYSTEMPATH\Common.php(1176): CodeIgniter\View\View->render('web/ShoppinBid', [], true)
 5 APPPATH\Controllers\Web.php(1969): view('web/ShoppinBid', [...])
 6 SYSTEMPATH\CodeIgniter.php(932): App\Controllers\Web->ShoppinBid('8', '2')
 7 SYSTEMPATH\CodeIgniter.php(497): CodeIgniter\CodeIgniter->runController(Object(App\Controllers\Web))
 8 SYSTEMPATH\CodeIgniter.php(366): CodeIgniter\CodeIgniter->handleRequest(null, Object(Config\Cache), false)
 9 FCPATH\index.php(67): CodeIgniter\CodeIgniter->run()
CRITICAL - 2024-05-14 15:30:46 --> Undefined array key "Balanace"
in APPPATH\Views\sys\inventory\viewall.php on line 101.
 1 APPPATH\Views\sys\inventory\viewall.php(101): CodeIgniter\Debug\Exceptions->errorHandler(2, 'Undefined array key "Balanace"', 'C:\\xampp\\htdocs\\IPMS\\app\\Views\\sys\\inventory\\viewall.php', 101)
 2 SYSTEMPATH\View\View.php(224): include('C:\\xampp\\htdocs\\IPMS\\app\\Views\\sys\\inventory\\viewall.php')
 3 SYSTEMPATH\View\View.php(227): CodeIgniter\View\View->CodeIgniter\View\{closure}()
 4 SYSTEMPATH\Common.php(1176): CodeIgniter\View\View->render('sys/inventory/viewall', [], true)
 5 APPPATH\Controllers\Inventory.php(203): view('sys/inventory/viewall', [...])
 6 SYSTEMPATH\CodeIgniter.php(932): App\Controllers\Inventory->viewall()
 7 SYSTEMPATH\CodeIgniter.php(497): CodeIgniter\CodeIgniter->runController(Object(App\Controllers\Inventory))
 8 SYSTEMPATH\CodeIgniter.php(366): CodeIgniter\CodeIgniter->handleRequest(null, Object(Config\Cache), false)
 9 FCPATH\index.php(67): CodeIgniter\CodeIgniter->run()
CRITICAL - 2024-05-14 17:05:58 --> Undefined array key "EQty"
in APPPATH\Views\sys\itemrequest\reqItem.php on line 107.
 1 APPPATH\Views\sys\itemrequest\reqItem.php(107): CodeIgniter\Debug\Exceptions->errorHandler(2, 'Undefined array key "EQty"', 'C:\\xampp\\htdocs\\IPMS\\app\\Views\\sys\\itemrequest\\reqItem.php', 107)
 2 SYSTEMPATH\View\View.php(224): include('C:\\xampp\\htdocs\\IPMS\\app\\Views\\sys\\itemrequest\\reqItem.php')
 3 SYSTEMPATH\View\View.php(227): CodeIgniter\View\View->CodeIgniter\View\{closure}()
 4 SYSTEMPATH\Common.php(1176): CodeIgniter\View\View->render('sys/itemrequest/reqItem', [], true)
 5 APPPATH\Controllers\ItemRequest.php(189): view('sys/itemrequest/reqItem', [...])
 6 APPPATH\Controllers\ItemRequest.php(57): App\Controllers\ItemRequest->reqItem(124)
 7 SYSTEMPATH\CodeIgniter.php(932): App\Controllers\ItemRequest->createReq()
 8 SYSTEMPATH\CodeIgniter.php(497): CodeIgniter\CodeIgniter->runController(Object(App\Controllers\ItemRequest))
 9 SYSTEMPATH\CodeIgniter.php(366): CodeIgniter\CodeIgniter->handleRequest(null, Object(Config\Cache), false)
10 FCPATH\index.php(67): CodeIgniter\CodeIgniter->run()
CRITICAL - 2024-05-14 17:14:33 --> Undefined array key "EQty"
in APPPATH\Views\sys\itemrequest\reqItem.php on line 107.
 1 APPPATH\Views\sys\itemrequest\reqItem.php(107): CodeIgniter\Debug\Exceptions->errorHandler(2, 'Undefined array key "EQty"', 'C:\\xampp\\htdocs\\IPMS\\app\\Views\\sys\\itemrequest\\reqItem.php', 107)
 2 SYSTEMPATH\View\View.php(224): include('C:\\xampp\\htdocs\\IPMS\\app\\Views\\sys\\itemrequest\\reqItem.php')
 3 SYSTEMPATH\View\View.php(227): CodeIgniter\View\View->CodeIgniter\View\{closure}()
 4 SYSTEMPATH\Common.php(1176): CodeIgniter\View\View->render('sys/itemrequest/reqItem', [], true)
 5 APPPATH\Controllers\ItemRequest.php(189): view('sys/itemrequest/reqItem', [...])
 6 APPPATH\Controllers\ItemRequest.php(57): App\Controllers\ItemRequest->reqItem(125)
 7 SYSTEMPATH\CodeIgniter.php(932): App\Controllers\ItemRequest->createReq()
 8 SYSTEMPATH\CodeIgniter.php(497): CodeIgniter\CodeIgniter->runController(Object(App\Controllers\ItemRequest))
 9 SYSTEMPATH\CodeIgniter.php(366): CodeIgniter\CodeIgniter->handleRequest(null, Object(Config\Cache), false)
10 FCPATH\index.php(67): CodeIgniter\CodeIgniter->run()
CRITICAL - 2024-05-14 17:19:44 --> Undefined array key "EQty"
in APPPATH\Views\sys\itemrequest\reqItem.php on line 108.
 1 APPPATH\Views\sys\itemrequest\reqItem.php(108): CodeIgniter\Debug\Exceptions->errorHandler(2, 'Undefined array key "EQty"', 'C:\\xampp\\htdocs\\IPMS\\app\\Views\\sys\\itemrequest\\reqItem.php', 108)
 2 SYSTEMPATH\View\View.php(224): include('C:\\xampp\\htdocs\\IPMS\\app\\Views\\sys\\itemrequest\\reqItem.php')
 3 SYSTEMPATH\View\View.php(227): CodeIgniter\View\View->CodeIgniter\View\{closure}()
 4 SYSTEMPATH\Common.php(1176): CodeIgniter\View\View->render('sys/itemrequest/reqItem', [], true)
 5 APPPATH\Controllers\ItemRequest.php(189): view('sys/itemrequest/reqItem', [...])
 6 APPPATH\Controllers\ItemRequest.php(57): App\Controllers\ItemRequest->reqItem(126)
 7 SYSTEMPATH\CodeIgniter.php(932): App\Controllers\ItemRequest->createReq()
 8 SYSTEMPATH\CodeIgniter.php(497): CodeIgniter\CodeIgniter->runController(Object(App\Controllers\ItemRequest))
 9 SYSTEMPATH\CodeIgniter.php(366): CodeIgniter\CodeIgniter->handleRequest(null, Object(Config\Cache), false)
10 FCPATH\index.php(67): CodeIgniter\CodeIgniter->run()
CRITICAL - 2024-05-14 17:19:52 --> Undefined array key "EQty"
in APPPATH\Views\sys\itemrequest\reqItem.php on line 108.
 1 APPPATH\Views\sys\itemrequest\reqItem.php(108): CodeIgniter\Debug\Exceptions->errorHandler(2, 'Undefined array key "EQty"', 'C:\\xampp\\htdocs\\IPMS\\app\\Views\\sys\\itemrequest\\reqItem.php', 108)
 2 SYSTEMPATH\View\View.php(224): include('C:\\xampp\\htdocs\\IPMS\\app\\Views\\sys\\itemrequest\\reqItem.php')
 3 SYSTEMPATH\View\View.php(227): CodeIgniter\View\View->CodeIgniter\View\{closure}()
 4 SYSTEMPATH\Common.php(1176): CodeIgniter\View\View->render('sys/itemrequest/reqItem', [], true)
 5 APPPATH\Controllers\ItemRequest.php(189): view('sys/itemrequest/reqItem', [...])
 6 APPPATH\Controllers\ItemRequest.php(57): App\Controllers\ItemRequest->reqItem(127)
 7 SYSTEMPATH\CodeIgniter.php(932): App\Controllers\ItemRequest->createReq()
 8 SYSTEMPATH\CodeIgniter.php(497): CodeIgniter\CodeIgniter->runController(Object(App\Controllers\ItemRequest))
 9 SYSTEMPATH\CodeIgniter.php(366): CodeIgniter\CodeIgniter->handleRequest(null, Object(Config\Cache), false)
10 FCPATH\index.php(67): CodeIgniter\CodeIgniter->run()
CRITICAL - 2024-05-14 17:22:51 --> Undefined array key "EQty"
in APPPATH\Views\sys\itemrequest\reqItem.php on line 108.
 1 APPPATH\Views\sys\itemrequest\reqItem.php(108): CodeIgniter\Debug\Exceptions->errorHandler(2, 'Undefined array key "EQty"', 'C:\\xampp\\htdocs\\IPMS\\app\\Views\\sys\\itemrequest\\reqItem.php', 108)
 2 SYSTEMPATH\View\View.php(224): include('C:\\xampp\\htdocs\\IPMS\\app\\Views\\sys\\itemrequest\\reqItem.php')
 3 SYSTEMPATH\View\View.php(227): CodeIgniter\View\View->CodeIgniter\View\{closure}()
 4 SYSTEMPATH\Common.php(1176): CodeIgniter\View\View->render('sys/itemrequest/reqItem', [], true)
 5 APPPATH\Controllers\ItemRequest.php(189): view('sys/itemrequest/reqItem', [...])
 6 APPPATH\Controllers\ItemRequest.php(57): App\Controllers\ItemRequest->reqItem(128)
 7 SYSTEMPATH\CodeIgniter.php(932): App\Controllers\ItemRequest->createReq()
 8 SYSTEMPATH\CodeIgniter.php(497): CodeIgniter\CodeIgniter->runController(Object(App\Controllers\ItemRequest))
 9 SYSTEMPATH\CodeIgniter.php(366): CodeIgniter\CodeIgniter->handleRequest(null, Object(Config\Cache), false)
10 FCPATH\index.php(67): CodeIgniter\CodeIgniter->run()
CRITICAL - 2024-05-14 17:32:29 --> Undefined array key "Qty"
in APPPATH\Views\sys\itemrequest\view.php on line 72.
 1 APPPATH\Views\sys\itemrequest\view.php(72): CodeIgniter\Debug\Exceptions->errorHandler(2, 'Undefined array key "Qty"', 'C:\\xampp\\htdocs\\IPMS\\app\\Views\\sys\\itemrequest\\view.php', 72)
 2 SYSTEMPATH\View\View.php(224): include('C:\\xampp\\htdocs\\IPMS\\app\\Views\\sys\\itemrequest\\view.php')
 3 SYSTEMPATH\View\View.php(227): CodeIgniter\View\View->CodeIgniter\View\{closure}()
 4 SYSTEMPATH\Common.php(1176): CodeIgniter\View\View->render('sys/itemRequest/view', [], true)
 5 APPPATH\Controllers\ItemRequest.php(321): view('sys/itemRequest/view', [...])
 6 SYSTEMPATH\CodeIgniter.php(932): App\Controllers\ItemRequest->view('129')
 7 SYSTEMPATH\CodeIgniter.php(497): CodeIgniter\CodeIgniter->runController(Object(App\Controllers\ItemRequest))
 8 SYSTEMPATH\CodeIgniter.php(366): CodeIgniter\CodeIgniter->handleRequest(null, Object(Config\Cache), false)
 9 FCPATH\index.php(67): CodeIgniter\CodeIgniter->run()
CRITICAL - 2024-05-14 17:36:14 --> Undefined array key "Qty"
in APPPATH\Views\sys\tender\viewreqItem.php on line 68.
 1 APPPATH\Views\sys\tender\viewreqItem.php(68): CodeIgniter\Debug\Exceptions->errorHandler(2, 'Undefined array key "Qty"', 'C:\\xampp\\htdocs\\IPMS\\app\\Views\\sys\\tender\\viewreqItem.php', 68)
 2 SYSTEMPATH\View\View.php(224): include('C:\\xampp\\htdocs\\IPMS\\app\\Views\\sys\\tender\\viewreqItem.php')
 3 SYSTEMPATH\View\View.php(227): CodeIgniter\View\View->CodeIgniter\View\{closure}()
 4 SYSTEMPATH\Common.php(1176): CodeIgniter\View\View->render('sys/tender/viewreqItem', [], true)
 5 APPPATH\Controllers\Tender.php(456): view('sys/tender/viewreqItem', [...])
 6 SYSTEMPATH\CodeIgniter.php(932): App\Controllers\Tender->viewreqItem('2')
 7 SYSTEMPATH\CodeIgniter.php(497): CodeIgniter\CodeIgniter->runController(Object(App\Controllers\Tender))
 8 SYSTEMPATH\CodeIgniter.php(366): CodeIgniter\CodeIgniter->handleRequest(null, Object(Config\Cache), false)
 9 FCPATH\index.php(67): CodeIgniter\CodeIgniter->run()
