CRITICAL - 2023-09-10 05:36:43 --> Undefined variable $camp_list
in APPPATH\Views\sys\itemrequest\createReq.php on line 121.
 1 APPPATH\Views\sys\itemrequest\createReq.php(121): CodeIgniter\Debug\Exceptions->errorHandler(2, 'Undefined variable $camp_list', 'C:\\xampp\\htdocs\\IPMS\\app\\Views\\sys\\itemrequest\\createReq.php', 121)
 2 SYSTEMPATH\View\View.php(224): include('C:\\xampp\\htdocs\\IPMS\\app\\Views\\sys\\itemrequest\\createReq.php')
 3 SYSTEMPATH\View\View.php(227): CodeIgniter\View\View->CodeIgniter\View\{closure}()
 4 SYSTEMPATH\Common.php(1176): CodeIgniter\View\View->render('sys/itemrequest/createReq', [], true)
 5 APPPATH\Controllers\ItemRequest.php(51): view('sys/itemrequest/createReq')
 6 SYSTEMPATH\CodeIgniter.php(932): App\Controllers\ItemRequest->createReq()
 7 SYSTEMPATH\CodeIgniter.php(497): CodeIgniter\CodeIgniter->runController(Object(App\Controllers\ItemRequest))
 8 SYSTEMPATH\CodeIgniter.php(366): CodeIgniter\CodeIgniter->handleRequest(null, Object(Config\Cache), false)
 9 FCPATH\index.php(67): CodeIgniter\CodeIgniter->run()
CRITICAL - 2023-09-10 05:37:57 --> Undefined variable $camp_list
in APPPATH\Views\sys\itemrequest\createReq.php on line 121.
 1 APPPATH\Views\sys\itemrequest\createReq.php(121): CodeIgniter\Debug\Exceptions->errorHandler(2, 'Undefined variable $camp_list', 'C:\\xampp\\htdocs\\IPMS\\app\\Views\\sys\\itemrequest\\createReq.php', 121)
 2 SYSTEMPATH\View\View.php(224): include('C:\\xampp\\htdocs\\IPMS\\app\\Views\\sys\\itemrequest\\createReq.php')
 3 SYSTEMPATH\View\View.php(227): CodeIgniter\View\View->CodeIgniter\View\{closure}()
 4 SYSTEMPATH\Common.php(1176): CodeIgniter\View\View->render('sys/itemrequest/createReq', [], true)
 5 APPPATH\Controllers\ItemRequest.php(51): view('sys/itemrequest/createReq')
 6 SYSTEMPATH\CodeIgniter.php(932): App\Controllers\ItemRequest->createReq()
 7 SYSTEMPATH\CodeIgniter.php(497): CodeIgniter\CodeIgniter->runController(Object(App\Controllers\ItemRequest))
 8 SYSTEMPATH\CodeIgniter.php(366): CodeIgniter\CodeIgniter->handleRequest(null, Object(Config\Cache), false)
 9 FCPATH\index.php(67): CodeIgniter\CodeIgniter->run()
CRITICAL - 2023-09-10 06:02:39 --> Undefined variable $vote_list
in APPPATH\Views\sys\itemrequest\createReq.php on line 122.
 1 APPPATH\Views\sys\itemrequest\createReq.php(122): CodeIgniter\Debug\Exceptions->errorHandler(2, 'Undefined variable $vote_list', 'C:\\xampp\\htdocs\\IPMS\\app\\Views\\sys\\itemrequest\\createReq.php', 122)
 2 SYSTEMPATH\View\View.php(224): include('C:\\xampp\\htdocs\\IPMS\\app\\Views\\sys\\itemrequest\\createReq.php')
 3 SYSTEMPATH\View\View.php(227): CodeIgniter\View\View->CodeIgniter\View\{closure}()
 4 SYSTEMPATH\Common.php(1176): CodeIgniter\View\View->render('sys/itemrequest/createReq', [], true)
 5 APPPATH\Controllers\ItemRequest.php(54): view('sys/itemrequest/createReq')
 6 SYSTEMPATH\CodeIgniter.php(932): App\Controllers\ItemRequest->createReq()
 7 SYSTEMPATH\CodeIgniter.php(497): CodeIgniter\CodeIgniter->runController(Object(App\Controllers\ItemRequest))
 8 SYSTEMPATH\CodeIgniter.php(366): CodeIgniter\CodeIgniter->handleRequest(null, Object(Config\Cache), false)
 9 FCPATH\index.php(67): CodeIgniter\CodeIgniter->run()
CRITICAL - 2023-09-10 06:03:18 --> Undefined variable $camp_list
in APPPATH\Views\sys\itemrequest\createReq.php on line 122.
 1 APPPATH\Views\sys\itemrequest\createReq.php(122): CodeIgniter\Debug\Exceptions->errorHandler(2, 'Undefined variable $camp_list', 'C:\\xampp\\htdocs\\IPMS\\app\\Views\\sys\\itemrequest\\createReq.php', 122)
 2 SYSTEMPATH\View\View.php(224): include('C:\\xampp\\htdocs\\IPMS\\app\\Views\\sys\\itemrequest\\createReq.php')
 3 SYSTEMPATH\View\View.php(227): CodeIgniter\View\View->CodeIgniter\View\{closure}()
 4 SYSTEMPATH\Common.php(1176): CodeIgniter\View\View->render('sys/itemrequest/createReq', [], true)
 5 APPPATH\Controllers\ItemRequest.php(54): view('sys/itemrequest/createReq')
 6 SYSTEMPATH\CodeIgniter.php(932): App\Controllers\ItemRequest->createReq()
 7 SYSTEMPATH\CodeIgniter.php(497): CodeIgniter\CodeIgniter->runController(Object(App\Controllers\ItemRequest))
 8 SYSTEMPATH\CodeIgniter.php(366): CodeIgniter\CodeIgniter->handleRequest(null, Object(Config\Cache), false)
 9 FCPATH\index.php(67): CodeIgniter\CodeIgniter->run()
CRITICAL - 2023-09-10 07:45:56 --> Undefined array key "CampId"
in APPPATH\Views\sys\itemrequest\createReq.php on line 123.
 1 APPPATH\Views\sys\itemrequest\createReq.php(123): CodeIgniter\Debug\Exceptions->errorHandler(2, 'Undefined array key "CampId"', 'C:\\xampp\\htdocs\\IPMS\\app\\Views\\sys\\itemrequest\\createReq.php', 123)
 2 SYSTEMPATH\View\View.php(224): include('C:\\xampp\\htdocs\\IPMS\\app\\Views\\sys\\itemrequest\\createReq.php')
 3 SYSTEMPATH\View\View.php(227): CodeIgniter\View\View->CodeIgniter\View\{closure}()
 4 SYSTEMPATH\Common.php(1176): CodeIgniter\View\View->render('sys/itemrequest/createReq', [], true)
 5 APPPATH\Controllers\ItemRequest.php(54): view('sys/itemrequest/createReq', [...])
 6 SYSTEMPATH\CodeIgniter.php(932): App\Controllers\ItemRequest->createReq()
 7 SYSTEMPATH\CodeIgniter.php(497): CodeIgniter\CodeIgniter->runController(Object(App\Controllers\ItemRequest))
 8 SYSTEMPATH\CodeIgniter.php(366): CodeIgniter\CodeIgniter->handleRequest(null, Object(Config\Cache), false)
 9 FCPATH\index.php(67): CodeIgniter\CodeIgniter->run()
CRITICAL - 2023-09-10 08:09:17 --> Undefined variable $data
in APPPATH\Controllers\ItemRequest.php on line 62.
 1 APPPATH\Controllers\ItemRequest.php(62): CodeIgniter\Debug\Exceptions->errorHandler(2, 'Undefined variable $data', 'C:\\xampp\\htdocs\\IPMS\\app\\Controllers\\ItemRequest.php', 62)
 2 SYSTEMPATH\CodeIgniter.php(932): App\Controllers\ItemRequest->viewReq()
 3 SYSTEMPATH\CodeIgniter.php(497): CodeIgniter\CodeIgniter->runController(Object(App\Controllers\ItemRequest))
 4 SYSTEMPATH\CodeIgniter.php(366): CodeIgniter\CodeIgniter->handleRequest(null, Object(Config\Cache), false)
 5 FCPATH\index.php(67): CodeIgniter\CodeIgniter->run()
CRITICAL - 2023-09-10 08:11:07 --> Call to undefined function form_open()
in APPPATH\Views\sys\itemrequest\viewReq.php on line 17.
 1 SYSTEMPATH\View\View.php(224): include()
 2 SYSTEMPATH\View\View.php(227): CodeIgniter\View\View->CodeIgniter\View\{closure}()
 3 SYSTEMPATH\Common.php(1176): CodeIgniter\View\View->render('sys/itemrequest/viewReq', [], true)
 4 APPPATH\Controllers\ItemRequest.php(62): view('sys/itemrequest/viewReq')
 5 SYSTEMPATH\CodeIgniter.php(932): App\Controllers\ItemRequest->viewReq()
 6 SYSTEMPATH\CodeIgniter.php(497): CodeIgniter\CodeIgniter->runController(Object(App\Controllers\ItemRequest))
 7 SYSTEMPATH\CodeIgniter.php(366): CodeIgniter\CodeIgniter->handleRequest(null, Object(Config\Cache), false)
 8 FCPATH\index.php(67): CodeIgniter\CodeIgniter->run()
CRITICAL - 2023-09-10 08:13:00 --> Call to undefined function form_open()
in APPPATH\Views\sys\itemrequest\viewReq.php on line 17.
 1 SYSTEMPATH\View\View.php(224): include()
 2 SYSTEMPATH\View\View.php(227): CodeIgniter\View\View->CodeIgniter\View\{closure}()
 3 SYSTEMPATH\Common.php(1176): CodeIgniter\View\View->render('sys/itemrequest/viewReq', [], true)
 4 APPPATH\Controllers\ItemRequest.php(62): view('sys/itemrequest/viewReq')
 5 SYSTEMPATH\CodeIgniter.php(932): App\Controllers\ItemRequest->viewReq()
 6 SYSTEMPATH\CodeIgniter.php(497): CodeIgniter\CodeIgniter->runController(Object(App\Controllers\ItemRequest))
 7 SYSTEMPATH\CodeIgniter.php(366): CodeIgniter\CodeIgniter->handleRequest(null, Object(Config\Cache), false)
 8 FCPATH\index.php(67): CodeIgniter\CodeIgniter->run()
CRITICAL - 2023-09-10 08:13:07 --> Call to undefined function form_open()
in APPPATH\Views\sys\itemrequest\viewReq.php on line 17.
 1 SYSTEMPATH\View\View.php(224): include()
 2 SYSTEMPATH\View\View.php(227): CodeIgniter\View\View->CodeIgniter\View\{closure}()
 3 SYSTEMPATH\Common.php(1176): CodeIgniter\View\View->render('sys/itemrequest/viewReq', [], true)
 4 APPPATH\Controllers\ItemRequest.php(62): view('sys/itemrequest/viewReq')
 5 SYSTEMPATH\CodeIgniter.php(932): App\Controllers\ItemRequest->viewReq()
 6 SYSTEMPATH\CodeIgniter.php(497): CodeIgniter\CodeIgniter->runController(Object(App\Controllers\ItemRequest))
 7 SYSTEMPATH\CodeIgniter.php(366): CodeIgniter\CodeIgniter->handleRequest(null, Object(Config\Cache), false)
 8 FCPATH\index.php(67): CodeIgniter\CodeIgniter->run()
CRITICAL - 2023-09-10 08:14:40 --> Call to undefined function form_open()
in APPPATH\Views\sys\itemrequest\viewReq.php on line 17.
 1 SYSTEMPATH\View\View.php(224): include()
 2 SYSTEMPATH\View\View.php(227): CodeIgniter\View\View->CodeIgniter\View\{closure}()
 3 SYSTEMPATH\Common.php(1176): CodeIgniter\View\View->render('sys/itemrequest/viewReq', [], true)
 4 APPPATH\Controllers\ItemRequest.php(62): view('sys/itemrequest/viewReq')
 5 SYSTEMPATH\CodeIgniter.php(932): App\Controllers\ItemRequest->viewReq()
 6 SYSTEMPATH\CodeIgniter.php(497): CodeIgniter\CodeIgniter->runController(Object(App\Controllers\ItemRequest))
 7 SYSTEMPATH\CodeIgniter.php(366): CodeIgniter\CodeIgniter->handleRequest(null, Object(Config\Cache), false)
 8 FCPATH\index.php(67): CodeIgniter\CodeIgniter->run()
CRITICAL - 2023-09-10 08:17:06 --> Call to undefined function form_open()
in APPPATH\Views\sys\itemrequest\viewReq.php on line 17.
 1 SYSTEMPATH\View\View.php(224): include()
 2 SYSTEMPATH\View\View.php(227): CodeIgniter\View\View->CodeIgniter\View\{closure}()
 3 SYSTEMPATH\Common.php(1176): CodeIgniter\View\View->render('sys/itemrequest/viewReq', [], true)
 4 APPPATH\Controllers\ItemRequest.php(62): view('sys/itemrequest/viewReq')
 5 SYSTEMPATH\CodeIgniter.php(932): App\Controllers\ItemRequest->viewReq()
 6 SYSTEMPATH\CodeIgniter.php(497): CodeIgniter\CodeIgniter->runController(Object(App\Controllers\ItemRequest))
 7 SYSTEMPATH\CodeIgniter.php(366): CodeIgniter\CodeIgniter->handleRequest(null, Object(Config\Cache), false)
 8 FCPATH\index.php(67): CodeIgniter\CodeIgniter->run()
CRITICAL - 2023-09-10 08:19:14 --> Call to undefined function form_open()
in APPPATH\Views\sys\itemrequest\viewReq.php on line 18.
 1 SYSTEMPATH\View\View.php(224): include()
 2 SYSTEMPATH\View\View.php(227): CodeIgniter\View\View->CodeIgniter\View\{closure}()
 3 SYSTEMPATH\Common.php(1176): CodeIgniter\View\View->render('sys/itemrequest/viewReq', [], true)
 4 APPPATH\Controllers\ItemRequest.php(62): view('sys/itemrequest/viewReq')
 5 SYSTEMPATH\CodeIgniter.php(932): App\Controllers\ItemRequest->viewReq()
 6 SYSTEMPATH\CodeIgniter.php(497): CodeIgniter\CodeIgniter->runController(Object(App\Controllers\ItemRequest))
 7 SYSTEMPATH\CodeIgniter.php(366): CodeIgniter\CodeIgniter->handleRequest(null, Object(Config\Cache), false)
 8 FCPATH\index.php(67): CodeIgniter\CodeIgniter->run()
CRITICAL - 2023-09-10 08:24:38 --> Call to undefined function form_open()
in APPPATH\Views\sys\itemrequest\viewReq.php on line 18.
 1 SYSTEMPATH\View\View.php(224): include()
 2 SYSTEMPATH\View\View.php(227): CodeIgniter\View\View->CodeIgniter\View\{closure}()
 3 SYSTEMPATH\Common.php(1176): CodeIgniter\View\View->render('sys/itemrequest/viewReq', [], true)
 4 APPPATH\Controllers\ItemRequest.php(62): view('sys/itemrequest/viewReq')
 5 SYSTEMPATH\CodeIgniter.php(932): App\Controllers\ItemRequest->viewReq()
 6 SYSTEMPATH\CodeIgniter.php(497): CodeIgniter\CodeIgniter->runController(Object(App\Controllers\ItemRequest))
 7 SYSTEMPATH\CodeIgniter.php(366): CodeIgniter\CodeIgniter->handleRequest(null, Object(Config\Cache), false)
 8 FCPATH\index.php(67): CodeIgniter\CodeIgniter->run()
CRITICAL - 2023-09-10 08:27:59 --> Call to undefined function form_open()
in APPPATH\Views\sys\itemrequest\viewReq.php on line 18.
 1 SYSTEMPATH\View\View.php(224): include()
 2 SYSTEMPATH\View\View.php(227): CodeIgniter\View\View->CodeIgniter\View\{closure}()
 3 SYSTEMPATH\Common.php(1176): CodeIgniter\View\View->render('sys/itemrequest/viewReq', [], true)
 4 APPPATH\Controllers\ItemRequest.php(62): view('sys/itemrequest/viewReq')
 5 SYSTEMPATH\CodeIgniter.php(932): App\Controllers\ItemRequest->viewReq()
 6 SYSTEMPATH\CodeIgniter.php(497): CodeIgniter\CodeIgniter->runController(Object(App\Controllers\ItemRequest))
 7 SYSTEMPATH\CodeIgniter.php(366): CodeIgniter\CodeIgniter->handleRequest(null, Object(Config\Cache), false)
 8 FCPATH\index.php(67): CodeIgniter\CodeIgniter->run()
CRITICAL - 2023-09-10 08:28:35 --> Call to undefined function form_open()
in APPPATH\Views\sys\itemrequest\viewReq.php on line 18.
 1 SYSTEMPATH\View\View.php(224): include()
 2 SYSTEMPATH\View\View.php(227): CodeIgniter\View\View->CodeIgniter\View\{closure}()
 3 SYSTEMPATH\Common.php(1176): CodeIgniter\View\View->render('sys/itemrequest/viewReq', [], true)
 4 APPPATH\Controllers\ItemRequest.php(62): view('sys/itemrequest/viewReq')
 5 SYSTEMPATH\CodeIgniter.php(932): App\Controllers\ItemRequest->viewReq()
 6 SYSTEMPATH\CodeIgniter.php(497): CodeIgniter\CodeIgniter->runController(Object(App\Controllers\ItemRequest))
 7 SYSTEMPATH\CodeIgniter.php(366): CodeIgniter\CodeIgniter->handleRequest(null, Object(Config\Cache), false)
 8 FCPATH\index.php(67): CodeIgniter\CodeIgniter->run()
CRITICAL - 2023-09-10 08:30:52 --> Call to undefined function form_open()
in APPPATH\Views\sys\itemrequest\viewReq.php on line 18.
 1 SYSTEMPATH\View\View.php(224): include()
 2 SYSTEMPATH\View\View.php(227): CodeIgniter\View\View->CodeIgniter\View\{closure}()
 3 SYSTEMPATH\Common.php(1176): CodeIgniter\View\View->render('sys/itemrequest/viewReq', [], true)
 4 APPPATH\Controllers\ItemRequest.php(62): view('sys/itemrequest/viewReq')
 5 SYSTEMPATH\CodeIgniter.php(932): App\Controllers\ItemRequest->viewReq()
 6 SYSTEMPATH\CodeIgniter.php(497): CodeIgniter\CodeIgniter->runController(Object(App\Controllers\ItemRequest))
 7 SYSTEMPATH\CodeIgniter.php(366): CodeIgniter\CodeIgniter->handleRequest(null, Object(Config\Cache), false)
 8 FCPATH\index.php(67): CodeIgniter\CodeIgniter->run()
CRITICAL - 2023-09-10 08:32:36 --> Undefined variable $list
in APPPATH\Views\sys\itemrequest\viewReq.php on line 46.
 1 APPPATH\Views\sys\itemrequest\viewReq.php(46): CodeIgniter\Debug\Exceptions->errorHandler(2, 'Undefined variable $list', 'C:\\xampp\\htdocs\\IPMS\\app\\Views\\sys\\itemrequest\\viewReq.php', 46)
 2 SYSTEMPATH\View\View.php(224): include('C:\\xampp\\htdocs\\IPMS\\app\\Views\\sys\\itemrequest\\viewReq.php')
 3 SYSTEMPATH\View\View.php(227): CodeIgniter\View\View->CodeIgniter\View\{closure}()
 4 SYSTEMPATH\Common.php(1176): CodeIgniter\View\View->render('sys/itemrequest/viewReq', [], true)
 5 APPPATH\Controllers\ItemRequest.php(62): view('sys/itemrequest/viewReq')
 6 SYSTEMPATH\CodeIgniter.php(932): App\Controllers\ItemRequest->viewReq()
 7 SYSTEMPATH\CodeIgniter.php(497): CodeIgniter\CodeIgniter->runController(Object(App\Controllers\ItemRequest))
 8 SYSTEMPATH\CodeIgniter.php(366): CodeIgniter\CodeIgniter->handleRequest(null, Object(Config\Cache), false)
 9 FCPATH\index.php(67): CodeIgniter\CodeIgniter->run()
CRITICAL - 2023-09-10 09:38:02 --> Undefined variable $dlist
in APPPATH\Views\sys\employee\add.php on line 51.
 1 APPPATH\Views\sys\employee\add.php(51): CodeIgniter\Debug\Exceptions->errorHandler(2, 'Undefined variable $dlist', 'C:\\xampp\\htdocs\\IPMS\\app\\Views\\sys\\employee\\add.php', 51)
 2 SYSTEMPATH\View\View.php(224): include('C:\\xampp\\htdocs\\IPMS\\app\\Views\\sys\\employee\\add.php')
 3 SYSTEMPATH\View\View.php(227): CodeIgniter\View\View->CodeIgniter\View\{closure}()
 4 SYSTEMPATH\Common.php(1176): CodeIgniter\View\View->render('sys/employee/add', [], true)
 5 APPPATH\Controllers\Employee.php(54): view('sys/employee/add', [...])
 6 SYSTEMPATH\CodeIgniter.php(932): App\Controllers\Employee->add()
 7 SYSTEMPATH\CodeIgniter.php(497): CodeIgniter\CodeIgniter->runController(Object(App\Controllers\Employee))
 8 SYSTEMPATH\CodeIgniter.php(366): CodeIgniter\CodeIgniter->handleRequest(null, Object(Config\Cache), false)
 9 FCPATH\index.php(67): CodeIgniter\CodeIgniter->run()
CRITICAL - 2023-09-10 09:38:32 --> Undefined variable $dlist
in APPPATH\Views\sys\employee\add.php on line 51.
 1 APPPATH\Views\sys\employee\add.php(51): CodeIgniter\Debug\Exceptions->errorHandler(2, 'Undefined variable $dlist', 'C:\\xampp\\htdocs\\IPMS\\app\\Views\\sys\\employee\\add.php', 51)
 2 SYSTEMPATH\View\View.php(224): include('C:\\xampp\\htdocs\\IPMS\\app\\Views\\sys\\employee\\add.php')
 3 SYSTEMPATH\View\View.php(227): CodeIgniter\View\View->CodeIgniter\View\{closure}()
 4 SYSTEMPATH\Common.php(1176): CodeIgniter\View\View->render('sys/employee/add', [], true)
 5 APPPATH\Controllers\Employee.php(54): view('sys/employee/add', [...])
 6 SYSTEMPATH\CodeIgniter.php(932): App\Controllers\Employee->add()
 7 SYSTEMPATH\CodeIgniter.php(497): CodeIgniter\CodeIgniter->runController(Object(App\Controllers\Employee))
 8 SYSTEMPATH\CodeIgniter.php(366): CodeIgniter\CodeIgniter->handleRequest(null, Object(Config\Cache), false)
 9 FCPATH\index.php(67): CodeIgniter\CodeIgniter->run()
CRITICAL - 2023-09-10 10:56:42 --> Call to undefined function form_open()
in APPPATH\Views\sys\itemrequest\viewReq.php on line 17.
 1 SYSTEMPATH\View\View.php(224): include()
 2 SYSTEMPATH\View\View.php(227): CodeIgniter\View\View->CodeIgniter\View\{closure}()
 3 SYSTEMPATH\Common.php(1176): CodeIgniter\View\View->render('sys/itemrequest/viewReq', [], true)
 4 APPPATH\Controllers\ItemRequest.php(62): view('sys/itemrequest/viewReq')
 5 SYSTEMPATH\CodeIgniter.php(932): App\Controllers\ItemRequest->viewReq()
 6 SYSTEMPATH\CodeIgniter.php(497): CodeIgniter\CodeIgniter->runController(Object(App\Controllers\ItemRequest))
 7 SYSTEMPATH\CodeIgniter.php(366): CodeIgniter\CodeIgniter->handleRequest(null, Object(Config\Cache), false)
 8 FCPATH\index.php(67): CodeIgniter\CodeIgniter->run()
CRITICAL - 2023-09-10 11:03:06 --> Undefined variable $data
in APPPATH\Controllers\ItemRequest.php on line 62.
 1 APPPATH\Controllers\ItemRequest.php(62): CodeIgniter\Debug\Exceptions->errorHandler(2, 'Undefined variable $data', 'C:\\xampp\\htdocs\\IPMS\\app\\Controllers\\ItemRequest.php', 62)
 2 SYSTEMPATH\CodeIgniter.php(932): App\Controllers\ItemRequest->viewReq()
 3 SYSTEMPATH\CodeIgniter.php(497): CodeIgniter\CodeIgniter->runController(Object(App\Controllers\ItemRequest))
 4 SYSTEMPATH\CodeIgniter.php(366): CodeIgniter\CodeIgniter->handleRequest(null, Object(Config\Cache), false)
 5 FCPATH\index.php(67): CodeIgniter\CodeIgniter->run()
CRITICAL - 2023-09-10 11:19:37 --> Undefined variable $id
in APPPATH\Views\sys\vote\add.php on line 21.
 1 APPPATH\Views\sys\vote\add.php(21): CodeIgniter\Debug\Exceptions->errorHandler(2, 'Undefined variable $id', 'C:\\xampp\\htdocs\\IPMS\\app\\Views\\sys\\vote\\add.php', 21)
 2 SYSTEMPATH\View\View.php(224): include('C:\\xampp\\htdocs\\IPMS\\app\\Views\\sys\\vote\\add.php')
 3 SYSTEMPATH\View\View.php(227): CodeIgniter\View\View->CodeIgniter\View\{closure}()
 4 SYSTEMPATH\Common.php(1176): CodeIgniter\View\View->render('sys/vote/add', [], true)
 5 APPPATH\Controllers\Vote.php(47): view('sys/vote/add', [])
 6 SYSTEMPATH\CodeIgniter.php(932): App\Controllers\Vote->add()
 7 SYSTEMPATH\CodeIgniter.php(497): CodeIgniter\CodeIgniter->runController(Object(App\Controllers\Vote))
 8 SYSTEMPATH\CodeIgniter.php(366): CodeIgniter\CodeIgniter->handleRequest(null, Object(Config\Cache), false)
 9 FCPATH\index.php(67): CodeIgniter\CodeIgniter->run()
