CRITICAL - 2024-03-09 00:56:43 --> Undefined array key 3
in APPPATH\Controllers\BidEvaluation.php on line 709.
 1 APPPATH\Controllers\BidEvaluation.php(709): CodeIgniter\Debug\Exceptions->errorHandler(2, 'Undefined array key 3', 'C:\\xampp\\htdocs\\IPMS\\app\\Controllers\\BidEvaluation.php', 709)
 2 SYSTEMPATH\CodeIgniter.php(932): App\Controllers\BidEvaluation->SaveFanalysis()
 3 SYSTEMPATH\CodeIgniter.php(497): CodeIgniter\CodeIgniter->runController(Object(App\Controllers\BidEvaluation))
 4 SYSTEMPATH\CodeIgniter.php(366): CodeIgniter\CodeIgniter->handleRequest(null, Object(Config\Cache), false)
 5 FCPATH\index.php(67): CodeIgniter\CodeIgniter->run()
CRITICAL - 2024-03-09 02:51:44 --> Undefined variable $result
in APPPATH\Views\sys\BidEvaluation\FinancialEvaluation.php on line 72.
 1 APPPATH\Views\sys\BidEvaluation\FinancialEvaluation.php(72): CodeIgniter\Debug\Exceptions->errorHandler(2, 'Undefined variable $result', 'C:\\xampp\\htdocs\\IPMS\\app\\Views\\sys\\BidEvaluation\\FinancialEvaluation.php', 72)
 2 SYSTEMPATH\View\View.php(224): include('C:\\xampp\\htdocs\\IPMS\\app\\Views\\sys\\BidEvaluation\\FinancialEvaluation.php')
 3 SYSTEMPATH\View\View.php(227): CodeIgniter\View\View->CodeIgniter\View\{closure}()
 4 SYSTEMPATH\Common.php(1176): CodeIgniter\View\View->render('sys/BidEvaluation/FinancialEvaluation', [], true)
 5 APPPATH\Controllers\BidEvaluation.php(657): view('sys/BidEvaluation/FinancialEvaluation', [...])
 6 SYSTEMPATH\CodeIgniter.php(932): App\Controllers\BidEvaluation->FinancialEvaluation('51')
 7 SYSTEMPATH\CodeIgniter.php(497): CodeIgniter\CodeIgniter->runController(Object(App\Controllers\BidEvaluation))
 8 SYSTEMPATH\CodeIgniter.php(366): CodeIgniter\CodeIgniter->handleRequest(null, Object(Config\Cache), false)
 9 FCPATH\index.php(67): CodeIgniter\CodeIgniter->run()
CRITICAL - 2024-03-09 05:32:38 --> Trying to access array offset on value of type null
in APPPATH\Views\sys\itemrequest\editrequest.php on line 28.
 1 APPPATH\Views\sys\itemrequest\editrequest.php(28): CodeIgniter\Debug\Exceptions->errorHandler(2, 'Trying to access array offset on value of type null', 'C:\\xampp\\htdocs\\IPMS\\app\\Views\\sys\\itemrequest\\editrequest.php', 28)
 2 SYSTEMPATH\View\View.php(224): include('C:\\xampp\\htdocs\\IPMS\\app\\Views\\sys\\itemrequest\\editrequest.php')
 3 SYSTEMPATH\View\View.php(227): CodeIgniter\View\View->CodeIgniter\View\{closure}()
 4 SYSTEMPATH\Common.php(1176): CodeIgniter\View\View->render('sys/itemRequest/editrequest', [], true)
 5 APPPATH\Controllers\ItemRequest.php(270): view('sys/itemRequest/editrequest', [...])
 6 SYSTEMPATH\CodeIgniter.php(932): App\Controllers\ItemRequest->editrequest('assets', 'img', 'messages-1.jpg')
 7 SYSTEMPATH\CodeIgniter.php(497): CodeIgniter\CodeIgniter->runController(Object(App\Controllers\ItemRequest))
 8 SYSTEMPATH\CodeIgniter.php(366): CodeIgniter\CodeIgniter->handleRequest(null, Object(Config\Cache), false)
 9 FCPATH\index.php(67): CodeIgniter\CodeIgniter->run()
CRITICAL - 2024-03-09 05:42:17 --> Undefined variable $resulti
in APPPATH\Views\sys\itemrequest\reqItem.php on line 75.
 1 APPPATH\Views\sys\itemrequest\reqItem.php(75): CodeIgniter\Debug\Exceptions->errorHandler(2, 'Undefined variable $resulti', 'C:\\xampp\\htdocs\\IPMS\\app\\Views\\sys\\itemrequest\\reqItem.php', 75)
 2 SYSTEMPATH\View\View.php(224): include('C:\\xampp\\htdocs\\IPMS\\app\\Views\\sys\\itemrequest\\reqItem.php')
 3 SYSTEMPATH\View\View.php(227): CodeIgniter\View\View->CodeIgniter\View\{closure}()
 4 SYSTEMPATH\Common.php(1176): CodeIgniter\View\View->render('sys/itemrequest/reqItem', [], true)
 5 APPPATH\Controllers\ItemRequest.php(141): view('sys/itemrequest/reqItem', [...])
 6 SYSTEMPATH\CodeIgniter.php(932): App\Controllers\ItemRequest->reqItem()
 7 SYSTEMPATH\CodeIgniter.php(497): CodeIgniter\CodeIgniter->runController(Object(App\Controllers\ItemRequest))
 8 SYSTEMPATH\CodeIgniter.php(366): CodeIgniter\CodeIgniter->handleRequest(null, Object(Config\Cache), false)
 9 FCPATH\index.php(67): CodeIgniter\CodeIgniter->run()
CRITICAL - 2024-03-09 06:46:36 --> Trying to access array offset on value of type null
in APPPATH\Views\sys\itemrequest\editrequest.php on line 28.
 1 APPPATH\Views\sys\itemrequest\editrequest.php(28): CodeIgniter\Debug\Exceptions->errorHandler(2, 'Trying to access array offset on value of type null', 'C:\\xampp\\htdocs\\IPMS\\app\\Views\\sys\\itemrequest\\editrequest.php', 28)
 2 SYSTEMPATH\View\View.php(224): include('C:\\xampp\\htdocs\\IPMS\\app\\Views\\sys\\itemrequest\\editrequest.php')
 3 SYSTEMPATH\View\View.php(227): CodeIgniter\View\View->CodeIgniter\View\{closure}()
 4 SYSTEMPATH\Common.php(1176): CodeIgniter\View\View->render('sys/itemRequest/editrequest', [], true)
 5 APPPATH\Controllers\ItemRequest.php(270): view('sys/itemRequest/editrequest', [...])
 6 SYSTEMPATH\CodeIgniter.php(932): App\Controllers\ItemRequest->editrequest('assets', 'img', 'messages-1.jpg')
 7 SYSTEMPATH\CodeIgniter.php(497): CodeIgniter\CodeIgniter->runController(Object(App\Controllers\ItemRequest))
 8 SYSTEMPATH\CodeIgniter.php(366): CodeIgniter\CodeIgniter->handleRequest(null, Object(Config\Cache), false)
 9 FCPATH\index.php(67): CodeIgniter\CodeIgniter->run()
ERROR - 2024-03-09 06:47:23 --> mysqli_sql_exception: Column 'RId' cannot be null in C:\xampp\htdocs\IPMS\system\Database\MySQLi\Connection.php:295
Stack trace:
#0 C:\xampp\htdocs\IPMS\system\Database\MySQLi\Connection.php(295): mysqli->query('INSERT INTO `Re...', 0)
#1 C:\xampp\htdocs\IPMS\system\Database\BaseConnection.php(692): CodeIgniter\Database\MySQLi\Connection->execute('INSERT INTO `Re...')
#2 C:\xampp\htdocs\IPMS\system\Database\BaseConnection.php(606): CodeIgniter\Database\BaseConnection->simpleQuery('INSERT INTO `Re...')
#3 C:\xampp\htdocs\IPMS\system\Database\BaseBuilder.php(2309): CodeIgniter\Database\BaseConnection->query('INSERT INTO `Re...', Array, false)
#4 C:\xampp\htdocs\IPMS\system\Model.php(330): CodeIgniter\Database\BaseBuilder->insert()
#5 C:\xampp\htdocs\IPMS\system\BaseModel.php(782): CodeIgniter\Model->doInsert(Array)
#6 C:\xampp\htdocs\IPMS\system\Model.php(730): CodeIgniter\BaseModel->insert(Array, false)
#7 C:\xampp\htdocs\IPMS\system\BaseModel.php(692): CodeIgniter\Model->insert(Array, false)
#8 C:\xampp\htdocs\IPMS\app\Controllers\ItemRequest.php(315): CodeIgniter\BaseModel->save(Array)
#9 C:\xampp\htdocs\IPMS\system\CodeIgniter.php(932): App\Controllers\ItemRequest->updaterequest()
#10 C:\xampp\htdocs\IPMS\system\CodeIgniter.php(497): CodeIgniter\CodeIgniter->runController(Object(App\Controllers\ItemRequest))
#11 C:\xampp\htdocs\IPMS\system\CodeIgniter.php(366): CodeIgniter\CodeIgniter->handleRequest(NULL, Object(Config\Cache), false)
#12 C:\xampp\htdocs\IPMS\index.php(67): CodeIgniter\CodeIgniter->run()
#13 {main}
CRITICAL - 2024-03-09 06:47:23 --> Column 'RId' cannot be null
in SYSTEMPATH\Database\MySQLi\Connection.php on line 295.
 1 SYSTEMPATH\Database\MySQLi\Connection.php(295): mysqli->query('INSERT INTO `ReqItem` (`RItemid`, `RId`, `Item`, `Qty`) VALUES (NULL, NULL, \'Wall Fan\', \'100\')', 0)
 2 SYSTEMPATH\Database\BaseConnection.php(692): CodeIgniter\Database\MySQLi\Connection->execute('INSERT INTO `ReqItem` (`RItemid`, `RId`, `Item`, `Qty`) VALUES (NULL, NULL, \'Wall Fan\', \'100\')')
 3 SYSTEMPATH\Database\BaseConnection.php(606): CodeIgniter\Database\BaseConnection->simpleQuery('INSERT INTO `ReqItem` (`RItemid`, `RId`, `Item`, `Qty`) VALUES (NULL, NULL, \'Wall Fan\', \'100\')')
 4 SYSTEMPATH\Database\BaseBuilder.php(2309): CodeIgniter\Database\BaseConnection->query('INSERT INTO `ReqItem` (`RItemid`, `RId`, `Item`, `Qty`) VALUES (:RItemid:, :RId:, :Item:, :Qty:)', [...], false)
 5 SYSTEMPATH\Model.php(330): CodeIgniter\Database\BaseBuilder->insert()
 6 SYSTEMPATH\BaseModel.php(782): CodeIgniter\Model->doInsert([...])
 7 SYSTEMPATH\Model.php(730): CodeIgniter\BaseModel->insert([...], false)
 8 SYSTEMPATH\BaseModel.php(692): CodeIgniter\Model->insert([...], false)
 9 APPPATH\Controllers\ItemRequest.php(315): CodeIgniter\BaseModel->save([...])
10 SYSTEMPATH\CodeIgniter.php(932): App\Controllers\ItemRequest->updaterequest()
11 SYSTEMPATH\CodeIgniter.php(497): CodeIgniter\CodeIgniter->runController(Object(App\Controllers\ItemRequest))
12 SYSTEMPATH\CodeIgniter.php(366): CodeIgniter\CodeIgniter->handleRequest(null, Object(Config\Cache), false)
13 FCPATH\index.php(67): CodeIgniter\CodeIgniter->run()
CRITICAL - 2024-03-09 06:47:32 --> Trying to access array offset on value of type null
in APPPATH\Views\sys\itemrequest\editrequest.php on line 28.
 1 APPPATH\Views\sys\itemrequest\editrequest.php(28): CodeIgniter\Debug\Exceptions->errorHandler(2, 'Trying to access array offset on value of type null', 'C:\\xampp\\htdocs\\IPMS\\app\\Views\\sys\\itemrequest\\editrequest.php', 28)
 2 SYSTEMPATH\View\View.php(224): include('C:\\xampp\\htdocs\\IPMS\\app\\Views\\sys\\itemrequest\\editrequest.php')
 3 SYSTEMPATH\View\View.php(227): CodeIgniter\View\View->CodeIgniter\View\{closure}()
 4 SYSTEMPATH\Common.php(1176): CodeIgniter\View\View->render('sys/itemRequest/editrequest', [], true)
 5 APPPATH\Controllers\ItemRequest.php(270): view('sys/itemRequest/editrequest', [...])
 6 SYSTEMPATH\CodeIgniter.php(932): App\Controllers\ItemRequest->editrequest('assets', 'img', 'messages-1.jpg')
 7 SYSTEMPATH\CodeIgniter.php(497): CodeIgniter\CodeIgniter->runController(Object(App\Controllers\ItemRequest))
 8 SYSTEMPATH\CodeIgniter.php(366): CodeIgniter\CodeIgniter->handleRequest(null, Object(Config\Cache), false)
 9 FCPATH\index.php(67): CodeIgniter\CodeIgniter->run()
ERROR - 2024-03-09 06:50:00 --> mysqli_sql_exception: Column 'RId' cannot be null in C:\xampp\htdocs\IPMS\system\Database\MySQLi\Connection.php:295
Stack trace:
#0 C:\xampp\htdocs\IPMS\system\Database\MySQLi\Connection.php(295): mysqli->query('INSERT INTO `Re...', 0)
#1 C:\xampp\htdocs\IPMS\system\Database\BaseConnection.php(692): CodeIgniter\Database\MySQLi\Connection->execute('INSERT INTO `Re...')
#2 C:\xampp\htdocs\IPMS\system\Database\BaseConnection.php(606): CodeIgniter\Database\BaseConnection->simpleQuery('INSERT INTO `Re...')
#3 C:\xampp\htdocs\IPMS\system\Database\BaseBuilder.php(2309): CodeIgniter\Database\BaseConnection->query('INSERT INTO `Re...', Array, false)
#4 C:\xampp\htdocs\IPMS\system\Model.php(330): CodeIgniter\Database\BaseBuilder->insert()
#5 C:\xampp\htdocs\IPMS\system\BaseModel.php(782): CodeIgniter\Model->doInsert(Array)
#6 C:\xampp\htdocs\IPMS\system\Model.php(730): CodeIgniter\BaseModel->insert(Array, false)
#7 C:\xampp\htdocs\IPMS\system\BaseModel.php(692): CodeIgniter\Model->insert(Array, false)
#8 C:\xampp\htdocs\IPMS\app\Controllers\ItemRequest.php(315): CodeIgniter\BaseModel->save(Array)
#9 C:\xampp\htdocs\IPMS\system\CodeIgniter.php(932): App\Controllers\ItemRequest->updaterequest()
#10 C:\xampp\htdocs\IPMS\system\CodeIgniter.php(497): CodeIgniter\CodeIgniter->runController(Object(App\Controllers\ItemRequest))
#11 C:\xampp\htdocs\IPMS\system\CodeIgniter.php(366): CodeIgniter\CodeIgniter->handleRequest(NULL, Object(Config\Cache), false)
#12 C:\xampp\htdocs\IPMS\index.php(67): CodeIgniter\CodeIgniter->run()
#13 {main}
CRITICAL - 2024-03-09 06:50:00 --> Column 'RId' cannot be null
in SYSTEMPATH\Database\MySQLi\Connection.php on line 295.
 1 SYSTEMPATH\Database\MySQLi\Connection.php(295): mysqli->query('INSERT INTO `ReqItem` (`RItemid`, `RId`, `Item`, `Qty`) VALUES (NULL, NULL, \'Wall Fan\', \'100\')', 0)
 2 SYSTEMPATH\Database\BaseConnection.php(692): CodeIgniter\Database\MySQLi\Connection->execute('INSERT INTO `ReqItem` (`RItemid`, `RId`, `Item`, `Qty`) VALUES (NULL, NULL, \'Wall Fan\', \'100\')')
 3 SYSTEMPATH\Database\BaseConnection.php(606): CodeIgniter\Database\BaseConnection->simpleQuery('INSERT INTO `ReqItem` (`RItemid`, `RId`, `Item`, `Qty`) VALUES (NULL, NULL, \'Wall Fan\', \'100\')')
 4 SYSTEMPATH\Database\BaseBuilder.php(2309): CodeIgniter\Database\BaseConnection->query('INSERT INTO `ReqItem` (`RItemid`, `RId`, `Item`, `Qty`) VALUES (:RItemid:, :RId:, :Item:, :Qty:)', [...], false)
 5 SYSTEMPATH\Model.php(330): CodeIgniter\Database\BaseBuilder->insert()
 6 SYSTEMPATH\BaseModel.php(782): CodeIgniter\Model->doInsert([...])
 7 SYSTEMPATH\Model.php(730): CodeIgniter\BaseModel->insert([...], false)
 8 SYSTEMPATH\BaseModel.php(692): CodeIgniter\Model->insert([...], false)
 9 APPPATH\Controllers\ItemRequest.php(315): CodeIgniter\BaseModel->save([...])
10 SYSTEMPATH\CodeIgniter.php(932): App\Controllers\ItemRequest->updaterequest()
11 SYSTEMPATH\CodeIgniter.php(497): CodeIgniter\CodeIgniter->runController(Object(App\Controllers\ItemRequest))
12 SYSTEMPATH\CodeIgniter.php(366): CodeIgniter\CodeIgniter->handleRequest(null, Object(Config\Cache), false)
13 FCPATH\index.php(67): CodeIgniter\CodeIgniter->run()
ERROR - 2024-03-09 06:53:28 --> mysqli_sql_exception: Column 'RId' cannot be null in C:\xampp\htdocs\IPMS\system\Database\MySQLi\Connection.php:295
Stack trace:
#0 C:\xampp\htdocs\IPMS\system\Database\MySQLi\Connection.php(295): mysqli->query('INSERT INTO `Re...', 0)
#1 C:\xampp\htdocs\IPMS\system\Database\BaseConnection.php(692): CodeIgniter\Database\MySQLi\Connection->execute('INSERT INTO `Re...')
#2 C:\xampp\htdocs\IPMS\system\Database\BaseConnection.php(606): CodeIgniter\Database\BaseConnection->simpleQuery('INSERT INTO `Re...')
#3 C:\xampp\htdocs\IPMS\system\Database\BaseBuilder.php(2309): CodeIgniter\Database\BaseConnection->query('INSERT INTO `Re...', Array, false)
#4 C:\xampp\htdocs\IPMS\system\Model.php(330): CodeIgniter\Database\BaseBuilder->insert()
#5 C:\xampp\htdocs\IPMS\system\BaseModel.php(782): CodeIgniter\Model->doInsert(Array)
#6 C:\xampp\htdocs\IPMS\system\Model.php(730): CodeIgniter\BaseModel->insert(Array, false)
#7 C:\xampp\htdocs\IPMS\system\BaseModel.php(692): CodeIgniter\Model->insert(Array, false)
#8 C:\xampp\htdocs\IPMS\app\Controllers\ItemRequest.php(315): CodeIgniter\BaseModel->save(Array)
#9 C:\xampp\htdocs\IPMS\system\CodeIgniter.php(932): App\Controllers\ItemRequest->updaterequest()
#10 C:\xampp\htdocs\IPMS\system\CodeIgniter.php(497): CodeIgniter\CodeIgniter->runController(Object(App\Controllers\ItemRequest))
#11 C:\xampp\htdocs\IPMS\system\CodeIgniter.php(366): CodeIgniter\CodeIgniter->handleRequest(NULL, Object(Config\Cache), false)
#12 C:\xampp\htdocs\IPMS\index.php(67): CodeIgniter\CodeIgniter->run()
#13 {main}
CRITICAL - 2024-03-09 06:53:28 --> Column 'RId' cannot be null
in SYSTEMPATH\Database\MySQLi\Connection.php on line 295.
 1 SYSTEMPATH\Database\MySQLi\Connection.php(295): mysqli->query('INSERT INTO `ReqItem` (`RItemid`, `RId`, `Item`, `Qty`) VALUES (NULL, NULL, \'Wall Fan\', \'100\')', 0)
 2 SYSTEMPATH\Database\BaseConnection.php(692): CodeIgniter\Database\MySQLi\Connection->execute('INSERT INTO `ReqItem` (`RItemid`, `RId`, `Item`, `Qty`) VALUES (NULL, NULL, \'Wall Fan\', \'100\')')
 3 SYSTEMPATH\Database\BaseConnection.php(606): CodeIgniter\Database\BaseConnection->simpleQuery('INSERT INTO `ReqItem` (`RItemid`, `RId`, `Item`, `Qty`) VALUES (NULL, NULL, \'Wall Fan\', \'100\')')
 4 SYSTEMPATH\Database\BaseBuilder.php(2309): CodeIgniter\Database\BaseConnection->query('INSERT INTO `ReqItem` (`RItemid`, `RId`, `Item`, `Qty`) VALUES (:RItemid:, :RId:, :Item:, :Qty:)', [...], false)
 5 SYSTEMPATH\Model.php(330): CodeIgniter\Database\BaseBuilder->insert()
 6 SYSTEMPATH\BaseModel.php(782): CodeIgniter\Model->doInsert([...])
 7 SYSTEMPATH\Model.php(730): CodeIgniter\BaseModel->insert([...], false)
 8 SYSTEMPATH\BaseModel.php(692): CodeIgniter\Model->insert([...], false)
 9 APPPATH\Controllers\ItemRequest.php(315): CodeIgniter\BaseModel->save([...])
10 SYSTEMPATH\CodeIgniter.php(932): App\Controllers\ItemRequest->updaterequest()
11 SYSTEMPATH\CodeIgniter.php(497): CodeIgniter\CodeIgniter->runController(Object(App\Controllers\ItemRequest))
12 SYSTEMPATH\CodeIgniter.php(366): CodeIgniter\CodeIgniter->handleRequest(null, Object(Config\Cache), false)
13 FCPATH\index.php(67): CodeIgniter\CodeIgniter->run()
CRITICAL - 2024-03-09 07:03:15 --> Trying to access array offset on value of type null
in APPPATH\Views\sys\itemrequest\editrequest.php on line 28.
 1 APPPATH\Views\sys\itemrequest\editrequest.php(28): CodeIgniter\Debug\Exceptions->errorHandler(2, 'Trying to access array offset on value of type null', 'C:\\xampp\\htdocs\\IPMS\\app\\Views\\sys\\itemrequest\\editrequest.php', 28)
 2 SYSTEMPATH\View\View.php(224): include('C:\\xampp\\htdocs\\IPMS\\app\\Views\\sys\\itemrequest\\editrequest.php')
 3 SYSTEMPATH\View\View.php(227): CodeIgniter\View\View->CodeIgniter\View\{closure}()
 4 SYSTEMPATH\Common.php(1176): CodeIgniter\View\View->render('sys/itemRequest/editrequest', [], true)
 5 APPPATH\Controllers\ItemRequest.php(270): view('sys/itemRequest/editrequest', [...])
 6 SYSTEMPATH\CodeIgniter.php(932): App\Controllers\ItemRequest->editrequest('assets', 'img', 'messages-1.jpg')
 7 SYSTEMPATH\CodeIgniter.php(497): CodeIgniter\CodeIgniter->runController(Object(App\Controllers\ItemRequest))
 8 SYSTEMPATH\CodeIgniter.php(366): CodeIgniter\CodeIgniter->handleRequest(null, Object(Config\Cache), false)
 9 FCPATH\index.php(67): CodeIgniter\CodeIgniter->run()
CRITICAL - 2024-03-09 09:03:45 --> Undefined variable $vote_list
in APPPATH\Views\sys\ProcurementRequestItemList\add.php on line 61.
 1 APPPATH\Views\sys\ProcurementRequestItemList\add.php(61): CodeIgniter\Debug\Exceptions->errorHandler(2, 'Undefined variable $vote_list', 'C:\\xampp\\htdocs\\IPMS\\app\\Views\\sys\\ProcurementRequestItemList\\add.php', 61)
 2 SYSTEMPATH\View\View.php(224): include('C:\\xampp\\htdocs\\IPMS\\app\\Views\\sys\\ProcurementRequestItemList\\add.php')
 3 SYSTEMPATH\View\View.php(227): CodeIgniter\View\View->CodeIgniter\View\{closure}()
 4 SYSTEMPATH\Common.php(1176): CodeIgniter\View\View->render('sys/ProcurementRequestItemList/add', [], true)
 5 APPPATH\Controllers\ProcurementRequestItemList.php(48): view('sys/ProcurementRequestItemList/add', [])
 6 SYSTEMPATH\CodeIgniter.php(932): App\Controllers\ProcurementRequestItemList->add()
 7 SYSTEMPATH\CodeIgniter.php(497): CodeIgniter\CodeIgniter->runController(Object(App\Controllers\ProcurementRequestItemList))
 8 SYSTEMPATH\CodeIgniter.php(366): CodeIgniter\CodeIgniter->handleRequest(null, Object(Config\Cache), false)
 9 FCPATH\index.php(67): CodeIgniter\CodeIgniter->run()
CRITICAL - 2024-03-09 09:04:41 --> Class "App\Controllers\VoteModel" not found
in APPPATH\Controllers\ProcurementRequestItemList.php on line 22.
 1 SYSTEMPATH\CodeIgniter.php(932): App\Controllers\ProcurementRequestItemList->add()
 2 SYSTEMPATH\CodeIgniter.php(497): CodeIgniter\CodeIgniter->runController(Object(App\Controllers\ProcurementRequestItemList))
 3 SYSTEMPATH\CodeIgniter.php(366): CodeIgniter\CodeIgniter->handleRequest(null, Object(Config\Cache), false)
 4 FCPATH\index.php(67): CodeIgniter\CodeIgniter->run()
ERROR - 2024-03-09 10:03:13 --> mysqli_sql_exception: Column 'ICatergory' cannot be null in C:\xampp\htdocs\IPMS\system\Database\MySQLi\Connection.php:295
Stack trace:
#0 C:\xampp\htdocs\IPMS\system\Database\MySQLi\Connection.php(295): mysqli->query('INSERT INTO `It...', 0)
#1 C:\xampp\htdocs\IPMS\system\Database\BaseConnection.php(692): CodeIgniter\Database\MySQLi\Connection->execute('INSERT INTO `It...')
#2 C:\xampp\htdocs\IPMS\system\Database\BaseConnection.php(606): CodeIgniter\Database\BaseConnection->simpleQuery('INSERT INTO `It...')
#3 C:\xampp\htdocs\IPMS\system\Database\BaseBuilder.php(2309): CodeIgniter\Database\BaseConnection->query('INSERT INTO `It...', Array, false)
#4 C:\xampp\htdocs\IPMS\system\Model.php(330): CodeIgniter\Database\BaseBuilder->insert()
#5 C:\xampp\htdocs\IPMS\system\BaseModel.php(782): CodeIgniter\Model->doInsert(Array)
#6 C:\xampp\htdocs\IPMS\system\Model.php(730): CodeIgniter\BaseModel->insert(Array, false)
#7 C:\xampp\htdocs\IPMS\system\BaseModel.php(692): CodeIgniter\Model->insert(Array, false)
#8 C:\xampp\htdocs\IPMS\app\Controllers\ProcurementRequestItemList.php(39): CodeIgniter\BaseModel->save(Array)
#9 C:\xampp\htdocs\IPMS\system\CodeIgniter.php(932): App\Controllers\ProcurementRequestItemList->add()
#10 C:\xampp\htdocs\IPMS\system\CodeIgniter.php(497): CodeIgniter\CodeIgniter->runController(Object(App\Controllers\ProcurementRequestItemList))
#11 C:\xampp\htdocs\IPMS\system\CodeIgniter.php(366): CodeIgniter\CodeIgniter->handleRequest(NULL, Object(Config\Cache), false)
#12 C:\xampp\htdocs\IPMS\index.php(67): CodeIgniter\CodeIgniter->run()
#13 {main}
CRITICAL - 2024-03-09 10:03:13 --> Column 'ICatergory' cannot be null
in SYSTEMPATH\Database\MySQLi\Connection.php on line 295.
 1 SYSTEMPATH\Database\MySQLi\Connection.php(295): mysqli->query('INSERT INTO `Itemcategorylist` (`Vote`, `Description`, `ICatergory`, `ItemName`) VALUES (\'1201\', \'Stationery\', NULL, NULL)', 0)
 2 SYSTEMPATH\Database\BaseConnection.php(692): CodeIgniter\Database\MySQLi\Connection->execute('INSERT INTO `Itemcategorylist` (`Vote`, `Description`, `ICatergory`, `ItemName`) VALUES (\'1201\', \'Stationery\', NULL, NULL)')
 3 SYSTEMPATH\Database\BaseConnection.php(606): CodeIgniter\Database\BaseConnection->simpleQuery('INSERT INTO `Itemcategorylist` (`Vote`, `Description`, `ICatergory`, `ItemName`) VALUES (\'1201\', \'Stationery\', NULL, NULL)')
 4 SYSTEMPATH\Database\BaseBuilder.php(2309): CodeIgniter\Database\BaseConnection->query('INSERT INTO `Itemcategorylist` (`Vote`, `Description`, `ICatergory`, `ItemName`) VALUES (:Vote:, :Description:, :ICatergory:, :ItemName:)', [...], false)
 5 SYSTEMPATH\Model.php(330): CodeIgniter\Database\BaseBuilder->insert()
 6 SYSTEMPATH\BaseModel.php(782): CodeIgniter\Model->doInsert([...])
 7 SYSTEMPATH\Model.php(730): CodeIgniter\BaseModel->insert([...], false)
 8 SYSTEMPATH\BaseModel.php(692): CodeIgniter\Model->insert([...], false)
 9 APPPATH\Controllers\ProcurementRequestItemList.php(39): CodeIgniter\BaseModel->save([...])
10 SYSTEMPATH\CodeIgniter.php(932): App\Controllers\ProcurementRequestItemList->add()
11 SYSTEMPATH\CodeIgniter.php(497): CodeIgniter\CodeIgniter->runController(Object(App\Controllers\ProcurementRequestItemList))
12 SYSTEMPATH\CodeIgniter.php(366): CodeIgniter\CodeIgniter->handleRequest(null, Object(Config\Cache), false)
13 FCPATH\index.php(67): CodeIgniter\CodeIgniter->run()
CRITICAL - 2024-03-09 10:20:38 --> Undefined variable $vote_list
in APPPATH\Views\sys\itemrequest\createReq.php on line 42.
 1 APPPATH\Views\sys\itemrequest\createReq.php(42): CodeIgniter\Debug\Exceptions->errorHandler(2, 'Undefined variable $vote_list', 'C:\\xampp\\htdocs\\IPMS\\app\\Views\\sys\\itemrequest\\createReq.php', 42)
 2 SYSTEMPATH\View\View.php(224): include('C:\\xampp\\htdocs\\IPMS\\app\\Views\\sys\\itemrequest\\createReq.php')
 3 SYSTEMPATH\View\View.php(227): CodeIgniter\View\View->CodeIgniter\View\{closure}()
 4 SYSTEMPATH\Common.php(1176): CodeIgniter\View\View->render('sys/itemrequest/createReq', [], true)
 5 APPPATH\Controllers\ItemRequest.php(58): view('sys/itemrequest/createReq', [...])
 6 SYSTEMPATH\CodeIgniter.php(932): App\Controllers\ItemRequest->createReq()
 7 SYSTEMPATH\CodeIgniter.php(497): CodeIgniter\CodeIgniter->runController(Object(App\Controllers\ItemRequest))
 8 SYSTEMPATH\CodeIgniter.php(366): CodeIgniter\CodeIgniter->handleRequest(null, Object(Config\Cache), false)
 9 FCPATH\index.php(67): CodeIgniter\CodeIgniter->run()
CRITICAL - 2024-03-09 10:21:07 --> Undefined variable $vote_list
in APPPATH\Views\sys\itemrequest\createReq.php on line 42.
 1 APPPATH\Views\sys\itemrequest\createReq.php(42): CodeIgniter\Debug\Exceptions->errorHandler(2, 'Undefined variable $vote_list', 'C:\\xampp\\htdocs\\IPMS\\app\\Views\\sys\\itemrequest\\createReq.php', 42)
 2 SYSTEMPATH\View\View.php(224): include('C:\\xampp\\htdocs\\IPMS\\app\\Views\\sys\\itemrequest\\createReq.php')
 3 SYSTEMPATH\View\View.php(227): CodeIgniter\View\View->CodeIgniter\View\{closure}()
 4 SYSTEMPATH\Common.php(1176): CodeIgniter\View\View->render('sys/itemrequest/createReq', [], true)
 5 APPPATH\Controllers\ItemRequest.php(58): view('sys/itemrequest/createReq', [...])
 6 SYSTEMPATH\CodeIgniter.php(932): App\Controllers\ItemRequest->createReq()
 7 SYSTEMPATH\CodeIgniter.php(497): CodeIgniter\CodeIgniter->runController(Object(App\Controllers\ItemRequest))
 8 SYSTEMPATH\CodeIgniter.php(366): CodeIgniter\CodeIgniter->handleRequest(null, Object(Config\Cache), false)
 9 FCPATH\index.php(67): CodeIgniter\CodeIgniter->run()
CRITICAL - 2024-03-09 10:21:12 --> Undefined variable $vote_list
in APPPATH\Views\sys\itemrequest\createReq.php on line 42.
 1 APPPATH\Views\sys\itemrequest\createReq.php(42): CodeIgniter\Debug\Exceptions->errorHandler(2, 'Undefined variable $vote_list', 'C:\\xampp\\htdocs\\IPMS\\app\\Views\\sys\\itemrequest\\createReq.php', 42)
 2 SYSTEMPATH\View\View.php(224): include('C:\\xampp\\htdocs\\IPMS\\app\\Views\\sys\\itemrequest\\createReq.php')
 3 SYSTEMPATH\View\View.php(227): CodeIgniter\View\View->CodeIgniter\View\{closure}()
 4 SYSTEMPATH\Common.php(1176): CodeIgniter\View\View->render('sys/itemrequest/createReq', [], true)
 5 APPPATH\Controllers\ItemRequest.php(58): view('sys/itemrequest/createReq', [...])
 6 SYSTEMPATH\CodeIgniter.php(932): App\Controllers\ItemRequest->createReq()
 7 SYSTEMPATH\CodeIgniter.php(497): CodeIgniter\CodeIgniter->runController(Object(App\Controllers\ItemRequest))
 8 SYSTEMPATH\CodeIgniter.php(366): CodeIgniter\CodeIgniter->handleRequest(null, Object(Config\Cache), false)
 9 FCPATH\index.php(67): CodeIgniter\CodeIgniter->run()
CRITICAL - 2024-03-09 10:30:28 --> Undefined variable $vote_list
in APPPATH\Views\sys\itemrequest\reqItem.php on line 28.
 1 APPPATH\Views\sys\itemrequest\reqItem.php(28): CodeIgniter\Debug\Exceptions->errorHandler(2, 'Undefined variable $vote_list', 'C:\\xampp\\htdocs\\IPMS\\app\\Views\\sys\\itemrequest\\reqItem.php', 28)
 2 SYSTEMPATH\View\View.php(224): include('C:\\xampp\\htdocs\\IPMS\\app\\Views\\sys\\itemrequest\\reqItem.php')
 3 SYSTEMPATH\View\View.php(227): CodeIgniter\View\View->CodeIgniter\View\{closure}()
 4 SYSTEMPATH\Common.php(1176): CodeIgniter\View\View->render('sys/itemrequest/reqItem', [], true)
 5 APPPATH\Controllers\ItemRequest.php(141): view('sys/itemrequest/reqItem', [...])
 6 APPPATH\Controllers\ItemRequest.php(50): App\Controllers\ItemRequest->reqItem(31)
 7 SYSTEMPATH\CodeIgniter.php(932): App\Controllers\ItemRequest->createReq()
 8 SYSTEMPATH\CodeIgniter.php(497): CodeIgniter\CodeIgniter->runController(Object(App\Controllers\ItemRequest))
 9 SYSTEMPATH\CodeIgniter.php(366): CodeIgniter\CodeIgniter->handleRequest(null, Object(Config\Cache), false)
10 FCPATH\index.php(67): CodeIgniter\CodeIgniter->run()
CRITICAL - 2024-03-09 11:05:13 --> Class "App\Controllers\ItemcategoryModel" not found
in APPPATH\Controllers\ItemRequest.php on line 92.
 1 APPPATH\Controllers\ItemRequest.php(47): App\Controllers\ItemRequest->reqItem(42)
 2 SYSTEMPATH\CodeIgniter.php(932): App\Controllers\ItemRequest->createReq()
 3 SYSTEMPATH\CodeIgniter.php(497): CodeIgniter\CodeIgniter->runController(Object(App\Controllers\ItemRequest))
 4 SYSTEMPATH\CodeIgniter.php(366): CodeIgniter\CodeIgniter->handleRequest(null, Object(Config\Cache), false)
 5 FCPATH\index.php(67): CodeIgniter\CodeIgniter->run()
CRITICAL - 2024-03-09 11:31:14 --> Undefined variable $ItemList
in APPPATH\Controllers\ProcurementRequestItemList.php on line 45.
 1 APPPATH\Controllers\ProcurementRequestItemList.php(45): CodeIgniter\Debug\Exceptions->errorHandler(2, 'Undefined variable $ItemList', 'C:\\xampp\\htdocs\\IPMS\\app\\Controllers\\ProcurementRequestItemList.php', 45)
 2 SYSTEMPATH\CodeIgniter.php(932): App\Controllers\ProcurementRequestItemList->add()
 3 SYSTEMPATH\CodeIgniter.php(497): CodeIgniter\CodeIgniter->runController(Object(App\Controllers\ProcurementRequestItemList))
 4 SYSTEMPATH\CodeIgniter.php(366): CodeIgniter\CodeIgniter->handleRequest(null, Object(Config\Cache), false)
 5 FCPATH\index.php(67): CodeIgniter\CodeIgniter->run()
CRITICAL - 2024-03-09 11:31:48 --> Class "App\Controllers\ItemNamecategoryModel" not found
in APPPATH\Controllers\ProcurementRequestItemList.php on line 46.
 1 SYSTEMPATH\CodeIgniter.php(932): App\Controllers\ProcurementRequestItemList->add()
 2 SYSTEMPATH\CodeIgniter.php(497): CodeIgniter\CodeIgniter->runController(Object(App\Controllers\ProcurementRequestItemList))
 3 SYSTEMPATH\CodeIgniter.php(366): CodeIgniter\CodeIgniter->handleRequest(null, Object(Config\Cache), false)
 4 FCPATH\index.php(67): CodeIgniter\CodeIgniter->run()
CRITICAL - 2024-03-09 11:47:33 --> Undefined array key "ICatergory"
in APPPATH\Views\sys\itemrequest\reqItem.php on line 59.
 1 APPPATH\Views\sys\itemrequest\reqItem.php(59): CodeIgniter\Debug\Exceptions->errorHandler(2, 'Undefined array key "ICatergory"', 'C:\\xampp\\htdocs\\IPMS\\app\\Views\\sys\\itemrequest\\reqItem.php', 59)
 2 SYSTEMPATH\View\View.php(224): include('C:\\xampp\\htdocs\\IPMS\\app\\Views\\sys\\itemrequest\\reqItem.php')
 3 SYSTEMPATH\View\View.php(227): CodeIgniter\View\View->CodeIgniter\View\{closure}()
 4 SYSTEMPATH\Common.php(1176): CodeIgniter\View\View->render('sys/itemrequest/reqItem', [], true)
 5 APPPATH\Controllers\ItemRequest.php(144): view('sys/itemrequest/reqItem', [...])
 6 APPPATH\Controllers\ItemRequest.php(48): App\Controllers\ItemRequest->reqItem(45)
 7 SYSTEMPATH\CodeIgniter.php(932): App\Controllers\ItemRequest->createReq()
 8 SYSTEMPATH\CodeIgniter.php(497): CodeIgniter\CodeIgniter->runController(Object(App\Controllers\ItemRequest))
 9 SYSTEMPATH\CodeIgniter.php(366): CodeIgniter\CodeIgniter->handleRequest(null, Object(Config\Cache), false)
10 FCPATH\index.php(67): CodeIgniter\CodeIgniter->run()
CRITICAL - 2024-03-09 11:50:28 --> Undefined constant "ItemName_list"
in APPPATH\Views\sys\itemrequest\reqItem.php on line 58.
 1 SYSTEMPATH\View\View.php(224): include()
 2 SYSTEMPATH\View\View.php(227): CodeIgniter\View\View->CodeIgniter\View\{closure}()
 3 SYSTEMPATH\Common.php(1176): CodeIgniter\View\View->render('sys/itemrequest/reqItem', [], true)
 4 APPPATH\Controllers\ItemRequest.php(145): view('sys/itemrequest/reqItem', [...])
 5 APPPATH\Controllers\ItemRequest.php(48): App\Controllers\ItemRequest->reqItem(46)
 6 SYSTEMPATH\CodeIgniter.php(932): App\Controllers\ItemRequest->createReq()
 7 SYSTEMPATH\CodeIgniter.php(497): CodeIgniter\CodeIgniter->runController(Object(App\Controllers\ItemRequest))
 8 SYSTEMPATH\CodeIgniter.php(366): CodeIgniter\CodeIgniter->handleRequest(null, Object(Config\Cache), false)
 9 FCPATH\index.php(67): CodeIgniter\CodeIgniter->run()
CRITICAL - 2024-03-09 11:51:50 --> Too few arguments to function App\Controllers\ItemRequest::getItemCategory(), 0 passed in C:\xampp\htdocs\IPMS\system\CodeIgniter.php on line 932 and exactly 1 expected
in APPPATH\Controllers\ItemRequest.php on line 351.
 1 SYSTEMPATH\CodeIgniter.php(932): App\Controllers\ItemRequest->getItemCategory()
 2 SYSTEMPATH\CodeIgniter.php(497): CodeIgniter\CodeIgniter->runController(Object(App\Controllers\ItemRequest))
 3 SYSTEMPATH\CodeIgniter.php(366): CodeIgniter\CodeIgniter->handleRequest(null, Object(Config\Cache), false)
 4 FCPATH\index.php(67): CodeIgniter\CodeIgniter->run()
CRITICAL - 2024-03-09 11:58:14 --> Undefined constant "ItemName_list"
in APPPATH\Views\sys\itemrequest\reqItem.php on line 58.
 1 SYSTEMPATH\View\View.php(224): include()
 2 SYSTEMPATH\View\View.php(227): CodeIgniter\View\View->CodeIgniter\View\{closure}()
 3 SYSTEMPATH\Common.php(1176): CodeIgniter\View\View->render('sys/itemrequest/reqItem', [], true)
 4 APPPATH\Controllers\ItemRequest.php(145): view('sys/itemrequest/reqItem', [...])
 5 APPPATH\Controllers\ItemRequest.php(48): App\Controllers\ItemRequest->reqItem(48)
 6 SYSTEMPATH\CodeIgniter.php(932): App\Controllers\ItemRequest->createReq()
 7 SYSTEMPATH\CodeIgniter.php(497): CodeIgniter\CodeIgniter->runController(Object(App\Controllers\ItemRequest))
 8 SYSTEMPATH\CodeIgniter.php(366): CodeIgniter\CodeIgniter->handleRequest(null, Object(Config\Cache), false)
 9 FCPATH\index.php(67): CodeIgniter\CodeIgniter->run()
CRITICAL - 2024-03-09 11:59:08 --> Too few arguments to function App\Controllers\ItemRequest::getItemCategory(), 0 passed in C:\xampp\htdocs\IPMS\system\CodeIgniter.php on line 932 and exactly 1 expected
in APPPATH\Controllers\ItemRequest.php on line 357.
 1 SYSTEMPATH\CodeIgniter.php(932): App\Controllers\ItemRequest->getItemCategory()
 2 SYSTEMPATH\CodeIgniter.php(497): CodeIgniter\CodeIgniter->runController(Object(App\Controllers\ItemRequest))
 3 SYSTEMPATH\CodeIgniter.php(366): CodeIgniter\CodeIgniter->handleRequest(null, Object(Config\Cache), false)
 4 FCPATH\index.php(67): CodeIgniter\CodeIgniter->run()
CRITICAL - 2024-03-09 12:02:45 --> Too few arguments to function App\Controllers\ItemRequest::getItemCategory(), 0 passed in C:\xampp\htdocs\IPMS\system\CodeIgniter.php on line 932 and exactly 1 expected
in APPPATH\Controllers\ItemRequest.php on line 357.
 1 SYSTEMPATH\CodeIgniter.php(932): App\Controllers\ItemRequest->getItemCategory()
 2 SYSTEMPATH\CodeIgniter.php(497): CodeIgniter\CodeIgniter->runController(Object(App\Controllers\ItemRequest))
 3 SYSTEMPATH\CodeIgniter.php(366): CodeIgniter\CodeIgniter->handleRequest(null, Object(Config\Cache), false)
 4 FCPATH\index.php(67): CodeIgniter\CodeIgniter->run()
CRITICAL - 2024-03-09 12:11:54 --> Too few arguments to function App\Controllers\ItemRequest::getItemCategory(), 0 passed in C:\xampp\htdocs\IPMS\system\CodeIgniter.php on line 932 and exactly 1 expected
in APPPATH\Controllers\ItemRequest.php on line 357.
 1 SYSTEMPATH\CodeIgniter.php(932): App\Controllers\ItemRequest->getItemCategory()
 2 SYSTEMPATH\CodeIgniter.php(497): CodeIgniter\CodeIgniter->runController(Object(App\Controllers\ItemRequest))
 3 SYSTEMPATH\CodeIgniter.php(366): CodeIgniter\CodeIgniter->handleRequest(null, Object(Config\Cache), false)
 4 FCPATH\index.php(67): CodeIgniter\CodeIgniter->run()
CRITICAL - 2024-03-09 12:15:08 --> Too few arguments to function App\Controllers\ItemRequest::getItemCategory(), 0 passed in C:\xampp\htdocs\IPMS\system\CodeIgniter.php on line 932 and exactly 1 expected
in APPPATH\Controllers\ItemRequest.php on line 357.
 1 SYSTEMPATH\CodeIgniter.php(932): App\Controllers\ItemRequest->getItemCategory()
 2 SYSTEMPATH\CodeIgniter.php(497): CodeIgniter\CodeIgniter->runController(Object(App\Controllers\ItemRequest))
 3 SYSTEMPATH\CodeIgniter.php(366): CodeIgniter\CodeIgniter->handleRequest(null, Object(Config\Cache), false)
 4 FCPATH\index.php(67): CodeIgniter\CodeIgniter->run()
CRITICAL - 2024-03-09 13:24:49 --> Invalid file: "sys/menu_bid opening committee .php"
in SYSTEMPATH\Exceptions\FrameworkException.php on line 33.
 1 SYSTEMPATH\View\View.php(212): CodeIgniter\Exceptions\FrameworkException::forInvalidFile('sys/menu_bid opening committee .php')
 2 SYSTEMPATH\Common.php(1176): CodeIgniter\View\View->render('sys/menu_bid opening committee ', [], true)
 3 APPPATH\Controllers\Sys.php(63): view('sys/menu_bid opening committee ')
 4 SYSTEMPATH\CodeIgniter.php(932): App\Controllers\Sys->dashboard()
 5 SYSTEMPATH\CodeIgniter.php(497): CodeIgniter\CodeIgniter->runController(Object(App\Controllers\Sys))
 6 SYSTEMPATH\CodeIgniter.php(366): CodeIgniter\CodeIgniter->handleRequest(null, Object(Config\Cache), false)
 7 FCPATH\index.php(67): CodeIgniter\CodeIgniter->run()
CRITICAL - 2024-03-09 13:25:51 --> Invalid file: "sys/menu_bid opening committee .php"
in SYSTEMPATH\Exceptions\FrameworkException.php on line 33.
 1 SYSTEMPATH\View\View.php(212): CodeIgniter\Exceptions\FrameworkException::forInvalidFile('sys/menu_bid opening committee .php')
 2 SYSTEMPATH\Common.php(1176): CodeIgniter\View\View->render('sys/menu_bid opening committee ', [], true)
 3 APPPATH\Controllers\Sys.php(63): view('sys/menu_bid opening committee ')
 4 SYSTEMPATH\CodeIgniter.php(932): App\Controllers\Sys->dashboard()
 5 SYSTEMPATH\CodeIgniter.php(497): CodeIgniter\CodeIgniter->runController(Object(App\Controllers\Sys))
 6 SYSTEMPATH\CodeIgniter.php(366): CodeIgniter\CodeIgniter->handleRequest(null, Object(Config\Cache), false)
 7 FCPATH\index.php(67): CodeIgniter\CodeIgniter->run()
CRITICAL - 2024-03-09 13:26:20 --> Invalid file: "sys/menu_bid opening committee .php"
in SYSTEMPATH\Exceptions\FrameworkException.php on line 33.
 1 SYSTEMPATH\View\View.php(212): CodeIgniter\Exceptions\FrameworkException::forInvalidFile('sys/menu_bid opening committee .php')
 2 SYSTEMPATH\Common.php(1176): CodeIgniter\View\View->render('sys/menu_bid opening committee ', [], true)
 3 APPPATH\Controllers\Sys.php(63): view('sys/menu_bid opening committee ')
 4 SYSTEMPATH\CodeIgniter.php(932): App\Controllers\Sys->dashboard()
 5 SYSTEMPATH\CodeIgniter.php(497): CodeIgniter\CodeIgniter->runController(Object(App\Controllers\Sys))
 6 SYSTEMPATH\CodeIgniter.php(366): CodeIgniter\CodeIgniter->handleRequest(null, Object(Config\Cache), false)
 7 FCPATH\index.php(67): CodeIgniter\CodeIgniter->run()
CRITICAL - 2024-03-09 13:34:29 --> Too few arguments to function App\Controllers\ItemRequest::getItemCategory(), 0 passed in C:\xampp\htdocs\IPMS\system\CodeIgniter.php on line 932 and exactly 1 expected
in APPPATH\Controllers\ItemRequest.php on line 357.
 1 SYSTEMPATH\CodeIgniter.php(932): App\Controllers\ItemRequest->getItemCategory()
 2 SYSTEMPATH\CodeIgniter.php(497): CodeIgniter\CodeIgniter->runController(Object(App\Controllers\ItemRequest))
 3 SYSTEMPATH\CodeIgniter.php(366): CodeIgniter\CodeIgniter->handleRequest(null, Object(Config\Cache), false)
 4 FCPATH\index.php(67): CodeIgniter\CodeIgniter->run()
CRITICAL - 2024-03-09 13:40:11 --> Too few arguments to function App\Controllers\ItemRequest::getItemCategory(), 0 passed in C:\xampp\htdocs\IPMS\system\CodeIgniter.php on line 932 and exactly 1 expected
in APPPATH\Controllers\ItemRequest.php on line 357.
 1 SYSTEMPATH\CodeIgniter.php(932): App\Controllers\ItemRequest->getItemCategory()
 2 SYSTEMPATH\CodeIgniter.php(497): CodeIgniter\CodeIgniter->runController(Object(App\Controllers\ItemRequest))
 3 SYSTEMPATH\CodeIgniter.php(366): CodeIgniter\CodeIgniter->handleRequest(null, Object(Config\Cache), false)
 4 FCPATH\index.php(67): CodeIgniter\CodeIgniter->run()
CRITICAL - 2024-03-09 13:48:01 --> Trying to access array offset on value of type null
in APPPATH\Controllers\ProcurementPlan.php on line 53.
 1 APPPATH\Controllers\ProcurementPlan.php(53): CodeIgniter\Debug\Exceptions->errorHandler(2, 'Trying to access array offset on value of type null', 'C:\\xampp\\htdocs\\IPMS\\app\\Controllers\\ProcurementPlan.php', 53)
 2 SYSTEMPATH\CodeIgniter.php(932): App\Controllers\ProcurementPlan->getvdiscription()
 3 SYSTEMPATH\CodeIgniter.php(497): CodeIgniter\CodeIgniter->runController(Object(App\Controllers\ProcurementPlan))
 4 SYSTEMPATH\CodeIgniter.php(366): CodeIgniter\CodeIgniter->handleRequest(null, Object(Config\Cache), false)
 5 FCPATH\index.php(67): CodeIgniter\CodeIgniter->run()
CRITICAL - 2024-03-09 14:00:20 --> Undefined variable $ItemName_list
in APPPATH\Views\sys\ProcurementRequestItemList\add.php on line 59.
 1 APPPATH\Views\sys\ProcurementRequestItemList\add.php(59): CodeIgniter\Debug\Exceptions->errorHandler(2, 'Undefined variable $ItemName_list', 'C:\\xampp\\htdocs\\IPMS\\app\\Views\\sys\\ProcurementRequestItemList\\add.php', 59)
 2 SYSTEMPATH\View\View.php(224): include('C:\\xampp\\htdocs\\IPMS\\app\\Views\\sys\\ProcurementRequestItemList\\add.php')
 3 SYSTEMPATH\View\View.php(227): CodeIgniter\View\View->CodeIgniter\View\{closure}()
 4 SYSTEMPATH\Common.php(1176): CodeIgniter\View\View->render('sys/ProcurementRequestItemList/add', [], true)
 5 APPPATH\Controllers\ProcurementRequestItemList.php(60): view('sys/ProcurementRequestItemList/add', [...])
 6 SYSTEMPATH\CodeIgniter.php(932): App\Controllers\ProcurementRequestItemList->add()
 7 SYSTEMPATH\CodeIgniter.php(497): CodeIgniter\CodeIgniter->runController(Object(App\Controllers\ProcurementRequestItemList))
 8 SYSTEMPATH\CodeIgniter.php(366): CodeIgniter\CodeIgniter->handleRequest(null, Object(Config\Cache), false)
 9 FCPATH\index.php(67): CodeIgniter\CodeIgniter->run()
CRITICAL - 2024-03-09 14:13:50 --> Class "App\Controllers\ItemNamecategoryModel" not found
in APPPATH\Controllers\ItemRequest.php on line 365.
 1 SYSTEMPATH\CodeIgniter.php(932): App\Controllers\ItemRequest->getItemName()
 2 SYSTEMPATH\CodeIgniter.php(497): CodeIgniter\CodeIgniter->runController(Object(App\Controllers\ItemRequest))
 3 SYSTEMPATH\CodeIgniter.php(366): CodeIgniter\CodeIgniter->handleRequest(null, Object(Config\Cache), false)
 4 FCPATH\index.php(67): CodeIgniter\CodeIgniter->run()
CRITICAL - 2024-03-09 14:16:13 --> Class "App\Controllers\ItemNamecategoryModel" not found
in APPPATH\Controllers\ItemRequest.php on line 365.
 1 SYSTEMPATH\CodeIgniter.php(932): App\Controllers\ItemRequest->getItemName()
 2 SYSTEMPATH\CodeIgniter.php(497): CodeIgniter\CodeIgniter->runController(Object(App\Controllers\ItemRequest))
 3 SYSTEMPATH\CodeIgniter.php(366): CodeIgniter\CodeIgniter->handleRequest(null, Object(Config\Cache), false)
 4 FCPATH\index.php(67): CodeIgniter\CodeIgniter->run()
CRITICAL - 2024-03-09 14:17:37 --> Class "App\Controllers\ItemNamecategoryModel" not found
in APPPATH\Controllers\ItemRequest.php on line 365.
 1 SYSTEMPATH\CodeIgniter.php(932): App\Controllers\ItemRequest->getItemName()
 2 SYSTEMPATH\CodeIgniter.php(497): CodeIgniter\CodeIgniter->runController(Object(App\Controllers\ItemRequest))
 3 SYSTEMPATH\CodeIgniter.php(366): CodeIgniter\CodeIgniter->handleRequest(null, Object(Config\Cache), false)
 4 FCPATH\index.php(67): CodeIgniter\CodeIgniter->run()
CRITICAL - 2024-03-09 14:24:54 --> Class "App\Controllers\ItemNamecategoryModel" not found
in APPPATH\Controllers\ItemRequest.php on line 365.
 1 SYSTEMPATH\CodeIgniter.php(932): App\Controllers\ItemRequest->getItemName()
 2 SYSTEMPATH\CodeIgniter.php(497): CodeIgniter\CodeIgniter->runController(Object(App\Controllers\ItemRequest))
 3 SYSTEMPATH\CodeIgniter.php(366): CodeIgniter\CodeIgniter->handleRequest(null, Object(Config\Cache), false)
 4 FCPATH\index.php(67): CodeIgniter\CodeIgniter->run()
CRITICAL - 2024-03-09 14:26:57 --> Undefined variable $VoteId
in APPPATH\Controllers\ProcurementRequestItemList.php on line 117.
 1 APPPATH\Controllers\ProcurementRequestItemList.php(117): CodeIgniter\Debug\Exceptions->errorHandler(2, 'Undefined variable $VoteId', 'C:\\xampp\\htdocs\\IPMS\\app\\Controllers\\ProcurementRequestItemList.php', 117)
 2 SYSTEMPATH\CodeIgniter.php(932): App\Controllers\ProcurementRequestItemList->getvdiscription()
 3 SYSTEMPATH\CodeIgniter.php(497): CodeIgniter\CodeIgniter->runController(Object(App\Controllers\ProcurementRequestItemList))
 4 SYSTEMPATH\CodeIgniter.php(366): CodeIgniter\CodeIgniter->handleRequest(null, Object(Config\Cache), false)
 5 FCPATH\index.php(67): CodeIgniter\CodeIgniter->run()
CRITICAL - 2024-03-09 14:26:57 --> Too few arguments to function App\Controllers\ProcurementRequestItemList::getItemCategory(), 0 passed in C:\xampp\htdocs\IPMS\system\CodeIgniter.php on line 932 and exactly 1 expected
in APPPATH\Controllers\ProcurementRequestItemList.php on line 122.
 1 SYSTEMPATH\CodeIgniter.php(932): App\Controllers\ProcurementRequestItemList->getItemCategory()
 2 SYSTEMPATH\CodeIgniter.php(497): CodeIgniter\CodeIgniter->runController(Object(App\Controllers\ProcurementRequestItemList))
 3 SYSTEMPATH\CodeIgniter.php(366): CodeIgniter\CodeIgniter->handleRequest(null, Object(Config\Cache), false)
 4 FCPATH\index.php(67): CodeIgniter\CodeIgniter->run()
CRITICAL - 2024-03-09 14:27:10 --> Too few arguments to function App\Controllers\ProcurementRequestItemList::getItemCategory(), 0 passed in C:\xampp\htdocs\IPMS\system\CodeIgniter.php on line 932 and exactly 1 expected
in APPPATH\Controllers\ProcurementRequestItemList.php on line 122.
 1 SYSTEMPATH\CodeIgniter.php(932): App\Controllers\ProcurementRequestItemList->getItemCategory()
 2 SYSTEMPATH\CodeIgniter.php(497): CodeIgniter\CodeIgniter->runController(Object(App\Controllers\ProcurementRequestItemList))
 3 SYSTEMPATH\CodeIgniter.php(366): CodeIgniter\CodeIgniter->handleRequest(null, Object(Config\Cache), false)
 4 FCPATH\index.php(67): CodeIgniter\CodeIgniter->run()
CRITICAL - 2024-03-09 14:27:10 --> Undefined variable $VoteId
in APPPATH\Controllers\ProcurementRequestItemList.php on line 117.
 1 APPPATH\Controllers\ProcurementRequestItemList.php(117): CodeIgniter\Debug\Exceptions->errorHandler(2, 'Undefined variable $VoteId', 'C:\\xampp\\htdocs\\IPMS\\app\\Controllers\\ProcurementRequestItemList.php', 117)
 2 SYSTEMPATH\CodeIgniter.php(932): App\Controllers\ProcurementRequestItemList->getvdiscription()
 3 SYSTEMPATH\CodeIgniter.php(497): CodeIgniter\CodeIgniter->runController(Object(App\Controllers\ProcurementRequestItemList))
 4 SYSTEMPATH\CodeIgniter.php(366): CodeIgniter\CodeIgniter->handleRequest(null, Object(Config\Cache), false)
 5 FCPATH\index.php(67): CodeIgniter\CodeIgniter->run()
CRITICAL - 2024-03-09 14:28:11 --> Too few arguments to function App\Controllers\ProcurementRequestItemList::getItemCategory(), 0 passed in C:\xampp\htdocs\IPMS\system\CodeIgniter.php on line 932 and exactly 1 expected
in APPPATH\Controllers\ProcurementRequestItemList.php on line 122.
 1 SYSTEMPATH\CodeIgniter.php(932): App\Controllers\ProcurementRequestItemList->getItemCategory()
 2 SYSTEMPATH\CodeIgniter.php(497): CodeIgniter\CodeIgniter->runController(Object(App\Controllers\ProcurementRequestItemList))
 3 SYSTEMPATH\CodeIgniter.php(366): CodeIgniter\CodeIgniter->handleRequest(null, Object(Config\Cache), false)
 4 FCPATH\index.php(67): CodeIgniter\CodeIgniter->run()
CRITICAL - 2024-03-09 14:28:11 --> Undefined variable $VoteId
in APPPATH\Controllers\ProcurementRequestItemList.php on line 117.
 1 APPPATH\Controllers\ProcurementRequestItemList.php(117): CodeIgniter\Debug\Exceptions->errorHandler(2, 'Undefined variable $VoteId', 'C:\\xampp\\htdocs\\IPMS\\app\\Controllers\\ProcurementRequestItemList.php', 117)
 2 SYSTEMPATH\CodeIgniter.php(932): App\Controllers\ProcurementRequestItemList->getvdiscription()
 3 SYSTEMPATH\CodeIgniter.php(497): CodeIgniter\CodeIgniter->runController(Object(App\Controllers\ProcurementRequestItemList))
 4 SYSTEMPATH\CodeIgniter.php(366): CodeIgniter\CodeIgniter->handleRequest(null, Object(Config\Cache), false)
 5 FCPATH\index.php(67): CodeIgniter\CodeIgniter->run()
CRITICAL - 2024-03-09 14:29:17 --> Too few arguments to function App\Controllers\ProcurementRequestItemList::getItemCategory(), 0 passed in C:\xampp\htdocs\IPMS\system\CodeIgniter.php on line 932 and exactly 1 expected
in APPPATH\Controllers\ProcurementRequestItemList.php on line 122.
 1 SYSTEMPATH\CodeIgniter.php(932): App\Controllers\ProcurementRequestItemList->getItemCategory()
 2 SYSTEMPATH\CodeIgniter.php(497): CodeIgniter\CodeIgniter->runController(Object(App\Controllers\ProcurementRequestItemList))
 3 SYSTEMPATH\CodeIgniter.php(366): CodeIgniter\CodeIgniter->handleRequest(null, Object(Config\Cache), false)
 4 FCPATH\index.php(67): CodeIgniter\CodeIgniter->run()
CRITICAL - 2024-03-09 14:34:08 --> Too few arguments to function App\Controllers\ProcurementRequestItemList::getItemCategory(), 0 passed in C:\xampp\htdocs\IPMS\system\CodeIgniter.php on line 932 and exactly 1 expected
in APPPATH\Controllers\ProcurementRequestItemList.php on line 129.
 1 SYSTEMPATH\CodeIgniter.php(932): App\Controllers\ProcurementRequestItemList->getItemCategory()
 2 SYSTEMPATH\CodeIgniter.php(497): CodeIgniter\CodeIgniter->runController(Object(App\Controllers\ProcurementRequestItemList))
 3 SYSTEMPATH\CodeIgniter.php(366): CodeIgniter\CodeIgniter->handleRequest(null, Object(Config\Cache), false)
 4 FCPATH\index.php(67): CodeIgniter\CodeIgniter->run()
CRITICAL - 2024-03-09 14:36:40 --> Too few arguments to function App\Controllers\ProcurementRequestItemList::getItemCategory(), 0 passed in C:\xampp\htdocs\IPMS\system\CodeIgniter.php on line 932 and exactly 1 expected
in APPPATH\Controllers\ProcurementRequestItemList.php on line 129.
 1 SYSTEMPATH\CodeIgniter.php(932): App\Controllers\ProcurementRequestItemList->getItemCategory()
 2 SYSTEMPATH\CodeIgniter.php(497): CodeIgniter\CodeIgniter->runController(Object(App\Controllers\ProcurementRequestItemList))
 3 SYSTEMPATH\CodeIgniter.php(366): CodeIgniter\CodeIgniter->handleRequest(null, Object(Config\Cache), false)
 4 FCPATH\index.php(67): CodeIgniter\CodeIgniter->run()
CRITICAL - 2024-03-09 14:36:51 --> Too few arguments to function App\Controllers\ProcurementRequestItemList::getItemCategory(), 0 passed in C:\xampp\htdocs\IPMS\system\CodeIgniter.php on line 932 and exactly 1 expected
in APPPATH\Controllers\ProcurementRequestItemList.php on line 129.
 1 SYSTEMPATH\CodeIgniter.php(932): App\Controllers\ProcurementRequestItemList->getItemCategory()
 2 SYSTEMPATH\CodeIgniter.php(497): CodeIgniter\CodeIgniter->runController(Object(App\Controllers\ProcurementRequestItemList))
 3 SYSTEMPATH\CodeIgniter.php(366): CodeIgniter\CodeIgniter->handleRequest(null, Object(Config\Cache), false)
 4 FCPATH\index.php(67): CodeIgniter\CodeIgniter->run()
CRITICAL - 2024-03-09 14:39:40 --> Too few arguments to function App\Controllers\ProcurementRequestItemList::getItemCategory(), 0 passed in C:\xampp\htdocs\IPMS\system\CodeIgniter.php on line 932 and exactly 1 expected
in APPPATH\Controllers\ProcurementRequestItemList.php on line 129.
 1 SYSTEMPATH\CodeIgniter.php(932): App\Controllers\ProcurementRequestItemList->getItemCategory()
 2 SYSTEMPATH\CodeIgniter.php(497): CodeIgniter\CodeIgniter->runController(Object(App\Controllers\ProcurementRequestItemList))
 3 SYSTEMPATH\CodeIgniter.php(366): CodeIgniter\CodeIgniter->handleRequest(null, Object(Config\Cache), false)
 4 FCPATH\index.php(67): CodeIgniter\CodeIgniter->run()
CRITICAL - 2024-03-09 14:50:15 --> Too few arguments to function App\Controllers\ProcurementRequestItemList::getItemCategory(), 0 passed in C:\xampp\htdocs\IPMS\system\CodeIgniter.php on line 932 and exactly 1 expected
in APPPATH\Controllers\ProcurementRequestItemList.php on line 129.
 1 SYSTEMPATH\CodeIgniter.php(932): App\Controllers\ProcurementRequestItemList->getItemCategory()
 2 SYSTEMPATH\CodeIgniter.php(497): CodeIgniter\CodeIgniter->runController(Object(App\Controllers\ProcurementRequestItemList))
 3 SYSTEMPATH\CodeIgniter.php(366): CodeIgniter\CodeIgniter->handleRequest(null, Object(Config\Cache), false)
 4 FCPATH\index.php(67): CodeIgniter\CodeIgniter->run()
CRITICAL - 2024-03-09 14:58:04 --> Too few arguments to function App\Controllers\ProcurementRequestItemList::getItemCategory(), 0 passed in C:\xampp\htdocs\IPMS\system\CodeIgniter.php on line 932 and exactly 1 expected
in APPPATH\Controllers\ProcurementRequestItemList.php on line 120.
 1 SYSTEMPATH\CodeIgniter.php(932): App\Controllers\ProcurementRequestItemList->getItemCategory()
 2 SYSTEMPATH\CodeIgniter.php(497): CodeIgniter\CodeIgniter->runController(Object(App\Controllers\ProcurementRequestItemList))
 3 SYSTEMPATH\CodeIgniter.php(366): CodeIgniter\CodeIgniter->handleRequest(null, Object(Config\Cache), false)
 4 FCPATH\index.php(67): CodeIgniter\CodeIgniter->run()
CRITICAL - 2024-03-09 14:58:10 --> Too few arguments to function App\Controllers\ProcurementRequestItemList::getItemCategory(), 0 passed in C:\xampp\htdocs\IPMS\system\CodeIgniter.php on line 932 and exactly 1 expected
in APPPATH\Controllers\ProcurementRequestItemList.php on line 120.
 1 SYSTEMPATH\CodeIgniter.php(932): App\Controllers\ProcurementRequestItemList->getItemCategory()
 2 SYSTEMPATH\CodeIgniter.php(497): CodeIgniter\CodeIgniter->runController(Object(App\Controllers\ProcurementRequestItemList))
 3 SYSTEMPATH\CodeIgniter.php(366): CodeIgniter\CodeIgniter->handleRequest(null, Object(Config\Cache), false)
 4 FCPATH\index.php(67): CodeIgniter\CodeIgniter->run()
CRITICAL - 2024-03-09 15:00:02 --> Too few arguments to function App\Controllers\ProcurementRequestItemList::getItemCategory(), 0 passed in C:\xampp\htdocs\IPMS\system\CodeIgniter.php on line 932 and exactly 1 expected
in APPPATH\Controllers\ProcurementRequestItemList.php on line 120.
 1 SYSTEMPATH\CodeIgniter.php(932): App\Controllers\ProcurementRequestItemList->getItemCategory()
 2 SYSTEMPATH\CodeIgniter.php(497): CodeIgniter\CodeIgniter->runController(Object(App\Controllers\ProcurementRequestItemList))
 3 SYSTEMPATH\CodeIgniter.php(366): CodeIgniter\CodeIgniter->handleRequest(null, Object(Config\Cache), false)
 4 FCPATH\index.php(67): CodeIgniter\CodeIgniter->run()
CRITICAL - 2024-03-09 15:06:13 --> Undefined array key "PId"
in APPPATH\Views\sys\ProcurementRequestItemList\itemCategory.php on line 5.
 1 APPPATH\Views\sys\ProcurementRequestItemList\itemCategory.php(5): CodeIgniter\Debug\Exceptions->errorHandler(2, 'Undefined array key "PId"', 'C:\\xampp\\htdocs\\IPMS\\app\\Views\\sys\\ProcurementRequestItemList\\itemCategory.php', 5)
 2 SYSTEMPATH\View\View.php(224): include('C:\\xampp\\htdocs\\IPMS\\app\\Views\\sys\\ProcurementRequestItemList\\itemCategory.php')
 3 SYSTEMPATH\View\View.php(227): CodeIgniter\View\View->CodeIgniter\View\{closure}()
 4 SYSTEMPATH\Common.php(1176): CodeIgniter\View\View->render('sys/ProcurementRequestItemList/itemCategory', [], true)
 5 APPPATH\Controllers\ProcurementRequestItemList.php(124): view('sys/ProcurementRequestItemList/itemCategory', [...])
 6 SYSTEMPATH\CodeIgniter.php(932): App\Controllers\ProcurementRequestItemList->getItemCategory('1')
 7 SYSTEMPATH\CodeIgniter.php(497): CodeIgniter\CodeIgniter->runController(Object(App\Controllers\ProcurementRequestItemList))
 8 SYSTEMPATH\CodeIgniter.php(366): CodeIgniter\CodeIgniter->handleRequest(null, Object(Config\Cache), false)
 9 FCPATH\index.php(67): CodeIgniter\CodeIgniter->run()
CRITICAL - 2024-03-09 15:07:55 --> Too few arguments to function App\Controllers\ProcurementRequestItemList::getItemCategory(), 0 passed in C:\xampp\htdocs\IPMS\system\CodeIgniter.php on line 932 and exactly 1 expected
in APPPATH\Controllers\ProcurementRequestItemList.php on line 120.
 1 SYSTEMPATH\CodeIgniter.php(932): App\Controllers\ProcurementRequestItemList->getItemCategory()
 2 SYSTEMPATH\CodeIgniter.php(497): CodeIgniter\CodeIgniter->runController(Object(App\Controllers\ProcurementRequestItemList))
 3 SYSTEMPATH\CodeIgniter.php(366): CodeIgniter\CodeIgniter->handleRequest(null, Object(Config\Cache), false)
 4 FCPATH\index.php(67): CodeIgniter\CodeIgniter->run()
CRITICAL - 2024-03-09 15:10:28 --> Too few arguments to function App\Controllers\ProcurementRequestItemList::getItemCategory(), 0 passed in C:\xampp\htdocs\IPMS\system\CodeIgniter.php on line 932 and exactly 1 expected
in APPPATH\Controllers\ProcurementRequestItemList.php on line 120.
 1 SYSTEMPATH\CodeIgniter.php(932): App\Controllers\ProcurementRequestItemList->getItemCategory()
 2 SYSTEMPATH\CodeIgniter.php(497): CodeIgniter\CodeIgniter->runController(Object(App\Controllers\ProcurementRequestItemList))
 3 SYSTEMPATH\CodeIgniter.php(366): CodeIgniter\CodeIgniter->handleRequest(null, Object(Config\Cache), false)
 4 FCPATH\index.php(67): CodeIgniter\CodeIgniter->run()
CRITICAL - 2024-03-09 15:26:43 --> Trying to access array offset on value of type null
in APPPATH\Controllers\ProcurementRequestItemList.php on line 117.
 1 APPPATH\Controllers\ProcurementRequestItemList.php(117): CodeIgniter\Debug\Exceptions->errorHandler(2, 'Trying to access array offset on value of type null', 'C:\\xampp\\htdocs\\IPMS\\app\\Controllers\\ProcurementRequestItemList.php', 117)
 2 SYSTEMPATH\CodeIgniter.php(932): App\Controllers\ProcurementRequestItemList->getvdiscription()
 3 SYSTEMPATH\CodeIgniter.php(497): CodeIgniter\CodeIgniter->runController(Object(App\Controllers\ProcurementRequestItemList))
 4 SYSTEMPATH\CodeIgniter.php(366): CodeIgniter\CodeIgniter->handleRequest(null, Object(Config\Cache), false)
 5 FCPATH\index.php(67): CodeIgniter\CodeIgniter->run()
CRITICAL - 2024-03-09 15:36:44 --> Too few arguments to function App\Controllers\ItemRequest::getItemCategory(), 0 passed in C:\xampp\htdocs\IPMS\system\CodeIgniter.php on line 932 and exactly 1 expected
in APPPATH\Controllers\ItemRequest.php on line 357.
 1 SYSTEMPATH\CodeIgniter.php(932): App\Controllers\ItemRequest->getItemCategory()
 2 SYSTEMPATH\CodeIgniter.php(497): CodeIgniter\CodeIgniter->runController(Object(App\Controllers\ItemRequest))
 3 SYSTEMPATH\CodeIgniter.php(366): CodeIgniter\CodeIgniter->handleRequest(null, Object(Config\Cache), false)
 4 FCPATH\index.php(67): CodeIgniter\CodeIgniter->run()
CRITICAL - 2024-03-09 15:48:03 --> Class "App\Controllers\ProcurementPlanModel" not found
in APPPATH\Controllers\ItemRequest.php on line 364.
 1 SYSTEMPATH\CodeIgniter.php(932): App\Controllers\ItemRequest->getItemCategory()
 2 SYSTEMPATH\CodeIgniter.php(497): CodeIgniter\CodeIgniter->runController(Object(App\Controllers\ItemRequest))
 3 SYSTEMPATH\CodeIgniter.php(366): CodeIgniter\CodeIgniter->handleRequest(null, Object(Config\Cache), false)
 4 FCPATH\index.php(67): CodeIgniter\CodeIgniter->run()
CRITICAL - 2024-03-09 16:42:44 --> Class "App\Controllers\ProcurementPlanModel" not found
in APPPATH\Controllers\ItemRequest.php on line 364.
 1 SYSTEMPATH\CodeIgniter.php(932): App\Controllers\ItemRequest->getItemCategory()
 2 SYSTEMPATH\CodeIgniter.php(497): CodeIgniter\CodeIgniter->runController(Object(App\Controllers\ItemRequest))
 3 SYSTEMPATH\CodeIgniter.php(366): CodeIgniter\CodeIgniter->handleRequest(null, Object(Config\Cache), false)
 4 FCPATH\index.php(67): CodeIgniter\CodeIgniter->run()
CRITICAL - 2024-03-09 17:04:49 --> Class "App\Controllers\ItemNamecategoryModel" not found
in APPPATH\Controllers\ItemRequest.php on line 373.
 1 SYSTEMPATH\CodeIgniter.php(932): App\Controllers\ItemRequest->getItemCategory()
 2 SYSTEMPATH\CodeIgniter.php(497): CodeIgniter\CodeIgniter->runController(Object(App\Controllers\ItemRequest))
 3 SYSTEMPATH\CodeIgniter.php(366): CodeIgniter\CodeIgniter->handleRequest(null, Object(Config\Cache), false)
 4 FCPATH\index.php(67): CodeIgniter\CodeIgniter->run()
CRITICAL - 2024-03-09 17:10:23 --> Class "App\Controllers\ItemNamecategoryModel" not found
in APPPATH\Controllers\ItemRequest.php on line 354.
 1 SYSTEMPATH\CodeIgniter.php(932): App\Controllers\ItemRequest->getItemCategory()
 2 SYSTEMPATH\CodeIgniter.php(497): CodeIgniter\CodeIgniter->runController(Object(App\Controllers\ItemRequest))
 3 SYSTEMPATH\CodeIgniter.php(366): CodeIgniter\CodeIgniter->handleRequest(null, Object(Config\Cache), false)
 4 FCPATH\index.php(67): CodeIgniter\CodeIgniter->run()
CRITICAL - 2024-03-09 17:12:38 --> Class "App\Controllers\ItemNamecategoryModel" not found
in APPPATH\Controllers\ItemRequest.php on line 354.
 1 SYSTEMPATH\CodeIgniter.php(932): App\Controllers\ItemRequest->getItemCategory()
 2 SYSTEMPATH\CodeIgniter.php(497): CodeIgniter\CodeIgniter->runController(Object(App\Controllers\ItemRequest))
 3 SYSTEMPATH\CodeIgniter.php(366): CodeIgniter\CodeIgniter->handleRequest(null, Object(Config\Cache), false)
 4 FCPATH\index.php(67): CodeIgniter\CodeIgniter->run()
CRITICAL - 2024-03-09 17:13:47 --> Class "App\Controllers\ItemNamecategoryModel" not found
in APPPATH\Controllers\ItemRequest.php on line 354.
 1 SYSTEMPATH\CodeIgniter.php(932): App\Controllers\ItemRequest->getItemCategory()
 2 SYSTEMPATH\CodeIgniter.php(497): CodeIgniter\CodeIgniter->runController(Object(App\Controllers\ItemRequest))
 3 SYSTEMPATH\CodeIgniter.php(366): CodeIgniter\CodeIgniter->handleRequest(null, Object(Config\Cache), false)
 4 FCPATH\index.php(67): CodeIgniter\CodeIgniter->run()
CRITICAL - 2024-03-09 17:20:10 --> Class "App\Controllers\ItemNamecategoryModel" not found
in APPPATH\Controllers\ItemRequest.php on line 354.
 1 SYSTEMPATH\CodeIgniter.php(932): App\Controllers\ItemRequest->getItemCategory()
 2 SYSTEMPATH\CodeIgniter.php(497): CodeIgniter\CodeIgniter->runController(Object(App\Controllers\ItemRequest))
 3 SYSTEMPATH\CodeIgniter.php(366): CodeIgniter\CodeIgniter->handleRequest(null, Object(Config\Cache), false)
 4 FCPATH\index.php(67): CodeIgniter\CodeIgniter->run()
CRITICAL - 2024-03-09 17:28:40 --> Undefined variable $data
in APPPATH\Controllers\ItemRequest.php on line 357.
 1 APPPATH\Controllers\ItemRequest.php(357): CodeIgniter\Debug\Exceptions->errorHandler(2, 'Undefined variable $data', 'C:\\xampp\\htdocs\\IPMS\\app\\Controllers\\ItemRequest.php', 357)
 2 SYSTEMPATH\CodeIgniter.php(932): App\Controllers\ItemRequest->getItemCategory()
 3 SYSTEMPATH\CodeIgniter.php(497): CodeIgniter\CodeIgniter->runController(Object(App\Controllers\ItemRequest))
 4 SYSTEMPATH\CodeIgniter.php(366): CodeIgniter\CodeIgniter->handleRequest(null, Object(Config\Cache), false)
 5 FCPATH\index.php(67): CodeIgniter\CodeIgniter->run()
CRITICAL - 2024-03-09 17:30:22 --> Undefined variable $data
in APPPATH\Controllers\ItemRequest.php on line 357.
 1 APPPATH\Controllers\ItemRequest.php(357): CodeIgniter\Debug\Exceptions->errorHandler(2, 'Undefined variable $data', 'C:\\xampp\\htdocs\\IPMS\\app\\Controllers\\ItemRequest.php', 357)
 2 SYSTEMPATH\CodeIgniter.php(932): App\Controllers\ItemRequest->getItemCategory()
 3 SYSTEMPATH\CodeIgniter.php(497): CodeIgniter\CodeIgniter->runController(Object(App\Controllers\ItemRequest))
 4 SYSTEMPATH\CodeIgniter.php(366): CodeIgniter\CodeIgniter->handleRequest(null, Object(Config\Cache), false)
 5 FCPATH\index.php(67): CodeIgniter\CodeIgniter->run()
CRITICAL - 2024-03-09 17:32:24 --> Undefined variable $data
in APPPATH\Controllers\ItemRequest.php on line 357.
 1 APPPATH\Controllers\ItemRequest.php(357): CodeIgniter\Debug\Exceptions->errorHandler(2, 'Undefined variable $data', 'C:\\xampp\\htdocs\\IPMS\\app\\Controllers\\ItemRequest.php', 357)
 2 SYSTEMPATH\CodeIgniter.php(932): App\Controllers\ItemRequest->getItemCategory()
 3 SYSTEMPATH\CodeIgniter.php(497): CodeIgniter\CodeIgniter->runController(Object(App\Controllers\ItemRequest))
 4 SYSTEMPATH\CodeIgniter.php(366): CodeIgniter\CodeIgniter->handleRequest(null, Object(Config\Cache), false)
 5 FCPATH\index.php(67): CodeIgniter\CodeIgniter->run()
CRITICAL - 2024-03-09 17:32:48 --> Undefined variable $data
in APPPATH\Controllers\ItemRequest.php on line 357.
 1 APPPATH\Controllers\ItemRequest.php(357): CodeIgniter\Debug\Exceptions->errorHandler(2, 'Undefined variable $data', 'C:\\xampp\\htdocs\\IPMS\\app\\Controllers\\ItemRequest.php', 357)
 2 SYSTEMPATH\CodeIgniter.php(932): App\Controllers\ItemRequest->getItemCategory()
 3 SYSTEMPATH\CodeIgniter.php(497): CodeIgniter\CodeIgniter->runController(Object(App\Controllers\ItemRequest))
 4 SYSTEMPATH\CodeIgniter.php(366): CodeIgniter\CodeIgniter->handleRequest(null, Object(Config\Cache), false)
 5 FCPATH\index.php(67): CodeIgniter\CodeIgniter->run()
CRITICAL - 2024-03-09 17:35:29 --> Undefined variable $data
in APPPATH\Controllers\ItemRequest.php on line 357.
 1 APPPATH\Controllers\ItemRequest.php(357): CodeIgniter\Debug\Exceptions->errorHandler(2, 'Undefined variable $data', 'C:\\xampp\\htdocs\\IPMS\\app\\Controllers\\ItemRequest.php', 357)
 2 SYSTEMPATH\CodeIgniter.php(932): App\Controllers\ItemRequest->getItemCategory()
 3 SYSTEMPATH\CodeIgniter.php(497): CodeIgniter\CodeIgniter->runController(Object(App\Controllers\ItemRequest))
 4 SYSTEMPATH\CodeIgniter.php(366): CodeIgniter\CodeIgniter->handleRequest(null, Object(Config\Cache), false)
 5 FCPATH\index.php(67): CodeIgniter\CodeIgniter->run()
CRITICAL - 2024-03-09 17:42:15 --> Undefined variable $data
in APPPATH\Controllers\ItemRequest.php on line 357.
 1 APPPATH\Controllers\ItemRequest.php(357): CodeIgniter\Debug\Exceptions->errorHandler(2, 'Undefined variable $data', 'C:\\xampp\\htdocs\\IPMS\\app\\Controllers\\ItemRequest.php', 357)
 2 SYSTEMPATH\CodeIgniter.php(932): App\Controllers\ItemRequest->getItemCategory()
 3 SYSTEMPATH\CodeIgniter.php(497): CodeIgniter\CodeIgniter->runController(Object(App\Controllers\ItemRequest))
 4 SYSTEMPATH\CodeIgniter.php(366): CodeIgniter\CodeIgniter->handleRequest(null, Object(Config\Cache), false)
 5 FCPATH\index.php(67): CodeIgniter\CodeIgniter->run()
CRITICAL - 2024-03-09 17:43:05 --> Undefined variable $data
in APPPATH\Controllers\ItemRequest.php on line 357.
 1 APPPATH\Controllers\ItemRequest.php(357): CodeIgniter\Debug\Exceptions->errorHandler(2, 'Undefined variable $data', 'C:\\xampp\\htdocs\\IPMS\\app\\Controllers\\ItemRequest.php', 357)
 2 SYSTEMPATH\CodeIgniter.php(932): App\Controllers\ItemRequest->getItemCategory()
 3 SYSTEMPATH\CodeIgniter.php(497): CodeIgniter\CodeIgniter->runController(Object(App\Controllers\ItemRequest))
 4 SYSTEMPATH\CodeIgniter.php(366): CodeIgniter\CodeIgniter->handleRequest(null, Object(Config\Cache), false)
 5 FCPATH\index.php(67): CodeIgniter\CodeIgniter->run()
CRITICAL - 2024-03-09 18:00:53 --> Undefined variable $data
in APPPATH\Controllers\ItemRequest.php on line 357.
 1 APPPATH\Controllers\ItemRequest.php(357): CodeIgniter\Debug\Exceptions->errorHandler(2, 'Undefined variable $data', 'C:\\xampp\\htdocs\\IPMS\\app\\Controllers\\ItemRequest.php', 357)
 2 SYSTEMPATH\CodeIgniter.php(932): App\Controllers\ItemRequest->getItemCategory()
 3 SYSTEMPATH\CodeIgniter.php(497): CodeIgniter\CodeIgniter->runController(Object(App\Controllers\ItemRequest))
 4 SYSTEMPATH\CodeIgniter.php(366): CodeIgniter\CodeIgniter->handleRequest(null, Object(Config\Cache), false)
 5 FCPATH\index.php(67): CodeIgniter\CodeIgniter->run()
CRITICAL - 2024-03-09 18:07:28 --> foreach() argument must be of type array|object, null given
in APPPATH\Views\sys\itemrequest\itemCategories.php on line 4.
 1 APPPATH\Views\sys\itemrequest\itemCategories.php(4): CodeIgniter\Debug\Exceptions->errorHandler(2, 'foreach() argument must be of type array|object, null given', 'C:\\xampp\\htdocs\\IPMS\\app\\Views\\sys\\itemrequest\\itemCategories.php', 4)
 2 SYSTEMPATH\View\View.php(224): include('C:\\xampp\\htdocs\\IPMS\\app\\Views\\sys\\itemrequest\\itemCategories.php')
 3 SYSTEMPATH\View\View.php(227): CodeIgniter\View\View->CodeIgniter\View\{closure}()
 4 SYSTEMPATH\Common.php(1176): CodeIgniter\View\View->render('sys/itemrequest/itemCategories', [], true)
 5 APPPATH\Controllers\ItemRequest.php(357): view('sys/itemrequest/itemCategories', [...])
 6 SYSTEMPATH\CodeIgniter.php(932): App\Controllers\ItemRequest->getItemCategory()
 7 SYSTEMPATH\CodeIgniter.php(497): CodeIgniter\CodeIgniter->runController(Object(App\Controllers\ItemRequest))
 8 SYSTEMPATH\CodeIgniter.php(366): CodeIgniter\CodeIgniter->handleRequest(null, Object(Config\Cache), false)
 9 FCPATH\index.php(67): CodeIgniter\CodeIgniter->run()
CRITICAL - 2024-03-09 18:10:36 --> foreach() argument must be of type array|object, null given
in APPPATH\Views\sys\itemrequest\itemCategories.php on line 4.
 1 APPPATH\Views\sys\itemrequest\itemCategories.php(4): CodeIgniter\Debug\Exceptions->errorHandler(2, 'foreach() argument must be of type array|object, null given', 'C:\\xampp\\htdocs\\IPMS\\app\\Views\\sys\\itemrequest\\itemCategories.php', 4)
 2 SYSTEMPATH\View\View.php(224): include('C:\\xampp\\htdocs\\IPMS\\app\\Views\\sys\\itemrequest\\itemCategories.php')
 3 SYSTEMPATH\View\View.php(227): CodeIgniter\View\View->CodeIgniter\View\{closure}()
 4 SYSTEMPATH\Common.php(1176): CodeIgniter\View\View->render('sys/itemrequest/itemCategories', [], true)
 5 APPPATH\Controllers\ItemRequest.php(357): view('sys/itemrequest/itemCategories', [...])
 6 SYSTEMPATH\CodeIgniter.php(932): App\Controllers\ItemRequest->getItemCategory()
 7 SYSTEMPATH\CodeIgniter.php(497): CodeIgniter\CodeIgniter->runController(Object(App\Controllers\ItemRequest))
 8 SYSTEMPATH\CodeIgniter.php(366): CodeIgniter\CodeIgniter->handleRequest(null, Object(Config\Cache), false)
 9 FCPATH\index.php(67): CodeIgniter\CodeIgniter->run()
