CRITICAL - 2023-12-14 04:44:51 --> Invalid file: "sys/menu_.php"
in SYSTEMPATH\Exceptions\FrameworkException.php on line 33.
 1 SYSTEMPATH\View\View.php(212): CodeIgniter\Exceptions\FrameworkException::forInvalidFile('sys/menu_.php')
 2 SYSTEMPATH\Common.php(1176): CodeIgniter\View\View->render('sys/menu_', [], true)
 3 APPPATH\Controllers\Sys.php(18): view('sys/menu_')
 4 SYSTEMPATH\CodeIgniter.php(932): App\Controllers\Sys->dashboard()
 5 SYSTEMPATH\CodeIgniter.php(497): CodeIgniter\CodeIgniter->runController(Object(App\Controllers\Sys))
 6 SYSTEMPATH\CodeIgniter.php(366): CodeIgniter\CodeIgniter->handleRequest(null, Object(Config\Cache), false)
 7 FCPATH\index.php(67): CodeIgniter\CodeIgniter->run()
ERROR - 2023-12-14 06:38:09 --> mysqli_sql_exception: Column 'Status' cannot be null in C:\xampp\htdocs\IPMS\system\Database\MySQLi\Connection.php:295
Stack trace:
#0 C:\xampp\htdocs\IPMS\system\Database\MySQLi\Connection.php(295): mysqli->query('INSERT INTO `it...', 0)
#1 C:\xampp\htdocs\IPMS\system\Database\BaseConnection.php(692): CodeIgniter\Database\MySQLi\Connection->execute('INSERT INTO `it...')
#2 C:\xampp\htdocs\IPMS\system\Database\BaseConnection.php(606): CodeIgniter\Database\BaseConnection->simpleQuery('INSERT INTO `it...')
#3 C:\xampp\htdocs\IPMS\system\Database\BaseBuilder.php(2309): CodeIgniter\Database\BaseConnection->query('INSERT INTO `it...', Array, false)
#4 C:\xampp\htdocs\IPMS\system\Model.php(330): CodeIgniter\Database\BaseBuilder->insert()
#5 C:\xampp\htdocs\IPMS\system\BaseModel.php(782): CodeIgniter\Model->doInsert(Array)
#6 C:\xampp\htdocs\IPMS\system\Model.php(730): CodeIgniter\BaseModel->insert(Array, false)
#7 C:\xampp\htdocs\IPMS\system\BaseModel.php(692): CodeIgniter\Model->insert(Array, false)
#8 C:\xampp\htdocs\IPMS\app\Controllers\ItemRequest.php(35): CodeIgniter\BaseModel->save(Array)
#9 C:\xampp\htdocs\IPMS\system\CodeIgniter.php(932): App\Controllers\ItemRequest->createReq()
#10 C:\xampp\htdocs\IPMS\system\CodeIgniter.php(497): CodeIgniter\CodeIgniter->runController(Object(App\Controllers\ItemRequest))
#11 C:\xampp\htdocs\IPMS\system\CodeIgniter.php(366): CodeIgniter\CodeIgniter->handleRequest(NULL, Object(Config\Cache), false)
#12 C:\xampp\htdocs\IPMS\index.php(67): CodeIgniter\CodeIgniter->run()
#13 {main}
CRITICAL - 2023-12-14 06:38:09 --> Column 'Status' cannot be null
in SYSTEMPATH\Database\MySQLi\Connection.php on line 295.
 1 SYSTEMPATH\Database\MySQLi\Connection.php(295): mysqli->query('INSERT INTO `itemrequest` (`Description`, `ICategory`, `Purpose`, `PStatus`, `CName`, `ReqDate`, `Status`) VALUES (\'purchase of industrial equipment used for the repair of communication equipment and other electronic equipment to be carried for .\', \'UNMission\', \'United Nations Peacekeeping Police Mobilization duties The report of the Technology Assessment Committee related to the purchase of industrial equipment used for the repair of communication equipment and other electronic equipment to be carried for .\', \'Normal\', \'Gonahena\', \'2023-02-20\', NULL)', 0)
 2 SYSTEMPATH\Database\BaseConnection.php(692): CodeIgniter\Database\MySQLi\Connection->execute('INSERT INTO `itemrequest` (`Description`, `ICategory`, `Purpose`, `PStatus`, `CName`, `ReqDate`, `Status`) VALUES (\'purchase of industrial equipment used for the repair of communication equipment and other electronic equipment to be carried for .\', \'UNMission\', \'United Nations Peacekeeping Police Mobilization duties The report of the Technology Assessment Committee related to the purchase of industrial equipment used for the repair of communication equipment and other electronic equipment to be carried for .\', \'Normal\', \'Gonahena\', \'2023-02-20\', NULL)')
 3 SYSTEMPATH\Database\BaseConnection.php(606): CodeIgniter\Database\BaseConnection->simpleQuery('INSERT INTO `itemrequest` (`Description`, `ICategory`, `Purpose`, `PStatus`, `CName`, `ReqDate`, `Status`) VALUES (\'purchase of industrial equipment used for the repair of communication equipment and other electronic equipment to be carried for .\', \'UNMission\', \'United Nations Peacekeeping Police Mobilization duties The report of the Technology Assessment Committee related to the purchase of industrial equipment used for the repair of communication equipment and other electronic equipment to be carried for .\', \'Normal\', \'Gonahena\', \'2023-02-20\', NULL)')
 4 SYSTEMPATH\Database\BaseBuilder.php(2309): CodeIgniter\Database\BaseConnection->query('INSERT INTO `itemrequest` (`Description`, `ICategory`, `Purpose`, `PStatus`, `CName`, `ReqDate`, `Status`) VALUES (:Description:, :ICategory:, :Purpose:, :PStatus:, :CName:, :ReqDate:, :Status:)', [...], false)
 5 SYSTEMPATH\Model.php(330): CodeIgniter\Database\BaseBuilder->insert()
 6 SYSTEMPATH\BaseModel.php(782): CodeIgniter\Model->doInsert([...])
 7 SYSTEMPATH\Model.php(730): CodeIgniter\BaseModel->insert([...], false)
 8 SYSTEMPATH\BaseModel.php(692): CodeIgniter\Model->insert([...], false)
 9 APPPATH\Controllers\ItemRequest.php(35): CodeIgniter\BaseModel->save([...])
10 SYSTEMPATH\CodeIgniter.php(932): App\Controllers\ItemRequest->createReq()
11 SYSTEMPATH\CodeIgniter.php(497): CodeIgniter\CodeIgniter->runController(Object(App\Controllers\ItemRequest))
12 SYSTEMPATH\CodeIgniter.php(366): CodeIgniter\CodeIgniter->handleRequest(null, Object(Config\Cache), false)
13 FCPATH\index.php(67): CodeIgniter\CodeIgniter->run()
CRITICAL - 2023-12-14 08:07:33 --> Undefined variable $RequestID
in APPPATH\Controllers\ItemRequest.php on line 161.
 1 APPPATH\Controllers\ItemRequest.php(161): CodeIgniter\Debug\Exceptions->errorHandler(2, 'Undefined variable $RequestID', 'C:\\xampp\\htdocs\\IPMS\\app\\Controllers\\ItemRequest.php', 161)
 2 SYSTEMPATH\CodeIgniter.php(932): App\Controllers\ItemRequest->viewItem('1')
 3 SYSTEMPATH\CodeIgniter.php(497): CodeIgniter\CodeIgniter->runController(Object(App\Controllers\ItemRequest))
 4 SYSTEMPATH\CodeIgniter.php(366): CodeIgniter\CodeIgniter->handleRequest(null, Object(Config\Cache), false)
 5 FCPATH\index.php(67): CodeIgniter\CodeIgniter->run()
CRITICAL - 2023-12-14 08:10:28 --> Undefined variable $RequestID
in APPPATH\Controllers\ItemRequest.php on line 164.
 1 APPPATH\Controllers\ItemRequest.php(164): CodeIgniter\Debug\Exceptions->errorHandler(2, 'Undefined variable $RequestID', 'C:\\xampp\\htdocs\\IPMS\\app\\Controllers\\ItemRequest.php', 164)
 2 SYSTEMPATH\CodeIgniter.php(932): App\Controllers\ItemRequest->viewItem('1')
 3 SYSTEMPATH\CodeIgniter.php(497): CodeIgniter\CodeIgniter->runController(Object(App\Controllers\ItemRequest))
 4 SYSTEMPATH\CodeIgniter.php(366): CodeIgniter\CodeIgniter->handleRequest(null, Object(Config\Cache), false)
 5 FCPATH\index.php(67): CodeIgniter\CodeIgniter->run()
CRITICAL - 2023-12-14 08:10:32 --> Undefined variable $RequestID
in APPPATH\Controllers\ItemRequest.php on line 164.
 1 APPPATH\Controllers\ItemRequest.php(164): CodeIgniter\Debug\Exceptions->errorHandler(2, 'Undefined variable $RequestID', 'C:\\xampp\\htdocs\\IPMS\\app\\Controllers\\ItemRequest.php', 164)
 2 SYSTEMPATH\CodeIgniter.php(932): App\Controllers\ItemRequest->viewItem('1')
 3 SYSTEMPATH\CodeIgniter.php(497): CodeIgniter\CodeIgniter->runController(Object(App\Controllers\ItemRequest))
 4 SYSTEMPATH\CodeIgniter.php(366): CodeIgniter\CodeIgniter->handleRequest(null, Object(Config\Cache), false)
 5 FCPATH\index.php(67): CodeIgniter\CodeIgniter->run()
CRITICAL - 2023-12-14 08:12:31 --> Undefined array key "RId"
in APPPATH\Controllers\ItemRequest.php on line 160.
 1 APPPATH\Controllers\ItemRequest.php(160): CodeIgniter\Debug\Exceptions->errorHandler(2, 'Undefined array key "RId"', 'C:\\xampp\\htdocs\\IPMS\\app\\Controllers\\ItemRequest.php', 160)
 2 SYSTEMPATH\CodeIgniter.php(932): App\Controllers\ItemRequest->viewItem('1')
 3 SYSTEMPATH\CodeIgniter.php(497): CodeIgniter\CodeIgniter->runController(Object(App\Controllers\ItemRequest))
 4 SYSTEMPATH\CodeIgniter.php(366): CodeIgniter\CodeIgniter->handleRequest(null, Object(Config\Cache), false)
 5 FCPATH\index.php(67): CodeIgniter\CodeIgniter->run()
CRITICAL - 2023-12-14 08:17:37 --> Undefined variable $RequestID
in APPPATH\Controllers\ItemRequest.php on line 152.
 1 APPPATH\Controllers\ItemRequest.php(152): CodeIgniter\Debug\Exceptions->errorHandler(2, 'Undefined variable $RequestID', 'C:\\xampp\\htdocs\\IPMS\\app\\Controllers\\ItemRequest.php', 152)
 2 SYSTEMPATH\CodeIgniter.php(932): App\Controllers\ItemRequest->viewItem('1')
 3 SYSTEMPATH\CodeIgniter.php(497): CodeIgniter\CodeIgniter->runController(Object(App\Controllers\ItemRequest))
 4 SYSTEMPATH\CodeIgniter.php(366): CodeIgniter\CodeIgniter->handleRequest(null, Object(Config\Cache), false)
 5 FCPATH\index.php(67): CodeIgniter\CodeIgniter->run()
CRITICAL - 2023-12-14 08:17:49 --> Undefined variable $RequestID
in APPPATH\Controllers\ItemRequest.php on line 152.
 1 APPPATH\Controllers\ItemRequest.php(152): CodeIgniter\Debug\Exceptions->errorHandler(2, 'Undefined variable $RequestID', 'C:\\xampp\\htdocs\\IPMS\\app\\Controllers\\ItemRequest.php', 152)
 2 SYSTEMPATH\CodeIgniter.php(932): App\Controllers\ItemRequest->viewItem('1')
 3 SYSTEMPATH\CodeIgniter.php(497): CodeIgniter\CodeIgniter->runController(Object(App\Controllers\ItemRequest))
 4 SYSTEMPATH\CodeIgniter.php(366): CodeIgniter\CodeIgniter->handleRequest(null, Object(Config\Cache), false)
 5 FCPATH\index.php(67): CodeIgniter\CodeIgniter->run()
CRITICAL - 2023-12-14 08:18:36 --> Undefined variable $RequestID
in APPPATH\Controllers\ItemRequest.php on line 152.
 1 APPPATH\Controllers\ItemRequest.php(152): CodeIgniter\Debug\Exceptions->errorHandler(2, 'Undefined variable $RequestID', 'C:\\xampp\\htdocs\\IPMS\\app\\Controllers\\ItemRequest.php', 152)
 2 SYSTEMPATH\CodeIgniter.php(932): App\Controllers\ItemRequest->viewItem('1')
 3 SYSTEMPATH\CodeIgniter.php(497): CodeIgniter\CodeIgniter->runController(Object(App\Controllers\ItemRequest))
 4 SYSTEMPATH\CodeIgniter.php(366): CodeIgniter\CodeIgniter->handleRequest(null, Object(Config\Cache), false)
 5 FCPATH\index.php(67): CodeIgniter\CodeIgniter->run()
CRITICAL - 2023-12-14 08:18:41 --> Undefined variable $RequestID
in APPPATH\Controllers\ItemRequest.php on line 152.
 1 APPPATH\Controllers\ItemRequest.php(152): CodeIgniter\Debug\Exceptions->errorHandler(2, 'Undefined variable $RequestID', 'C:\\xampp\\htdocs\\IPMS\\app\\Controllers\\ItemRequest.php', 152)
 2 SYSTEMPATH\CodeIgniter.php(932): App\Controllers\ItemRequest->viewItem('1')
 3 SYSTEMPATH\CodeIgniter.php(497): CodeIgniter\CodeIgniter->runController(Object(App\Controllers\ItemRequest))
 4 SYSTEMPATH\CodeIgniter.php(366): CodeIgniter\CodeIgniter->handleRequest(null, Object(Config\Cache), false)
 5 FCPATH\index.php(67): CodeIgniter\CodeIgniter->run()
ERROR - 2023-12-14 08:39:21 --> mysqli_sql_exception: Unknown column 'Id' in 'where clause' in C:\xampp\htdocs\IPMS\system\Database\MySQLi\Connection.php:295
Stack trace:
#0 C:\xampp\htdocs\IPMS\system\Database\MySQLi\Connection.php(295): mysqli->query('UPDATE `itemreq...', 0)
#1 C:\xampp\htdocs\IPMS\system\Database\BaseConnection.php(692): CodeIgniter\Database\MySQLi\Connection->execute('UPDATE `itemreq...')
#2 C:\xampp\htdocs\IPMS\system\Database\BaseConnection.php(606): CodeIgniter\Database\BaseConnection->simpleQuery('UPDATE `itemreq...')
#3 C:\xampp\htdocs\IPMS\system\Database\BaseBuilder.php(2476): CodeIgniter\Database\BaseConnection->query('UPDATE `itemreq...', Array, false)
#4 C:\xampp\htdocs\IPMS\system\Model.php(396): CodeIgniter\Database\BaseBuilder->update()
#5 C:\xampp\htdocs\IPMS\system\BaseModel.php(943): CodeIgniter\Model->doUpdate(NULL, Array)
#6 C:\xampp\htdocs\IPMS\system\Model.php(756): CodeIgniter\BaseModel->update(NULL, Array)
#7 C:\xampp\htdocs\IPMS\app\Controllers\ApprovedItemRequest.php(32): CodeIgniter\Model->update()
#8 C:\xampp\htdocs\IPMS\system\CodeIgniter.php(932): App\Controllers\ApprovedItemRequest->updateItemrequeststatus()
#9 C:\xampp\htdocs\IPMS\system\CodeIgniter.php(497): CodeIgniter\CodeIgniter->runController(Object(App\Controllers\ApprovedItemRequest))
#10 C:\xampp\htdocs\IPMS\system\CodeIgniter.php(366): CodeIgniter\CodeIgniter->handleRequest(NULL, Object(Config\Cache), false)
#11 C:\xampp\htdocs\IPMS\index.php(67): CodeIgniter\CodeIgniter->run()
#12 {main}
CRITICAL - 2023-12-14 08:39:21 --> Unknown column 'Id' in 'where clause'
in SYSTEMPATH\Database\MySQLi\Connection.php on line 295.
 1 SYSTEMPATH\Database\MySQLi\Connection.php(295): mysqli->query('UPDATE `itemrequest` SET `Status` = \'1\'
WHERE `Id` = \'2\'', 0)
 2 SYSTEMPATH\Database\BaseConnection.php(692): CodeIgniter\Database\MySQLi\Connection->execute('UPDATE `itemrequest` SET `Status` = \'1\'
WHERE `Id` = \'2\'')
 3 SYSTEMPATH\Database\BaseConnection.php(606): CodeIgniter\Database\BaseConnection->simpleQuery('UPDATE `itemrequest` SET `Status` = \'1\'
WHERE `Id` = \'2\'')
 4 SYSTEMPATH\Database\BaseBuilder.php(2476): CodeIgniter\Database\BaseConnection->query('UPDATE `itemrequest` SET `Status` = :Status:
WHERE `Id` = :Id:', [...], false)
 5 SYSTEMPATH\Model.php(396): CodeIgniter\Database\BaseBuilder->update()
 6 SYSTEMPATH\BaseModel.php(943): CodeIgniter\Model->doUpdate(null, [...])
 7 SYSTEMPATH\Model.php(756): CodeIgniter\BaseModel->update(null, [...])
 8 APPPATH\Controllers\ApprovedItemRequest.php(32): CodeIgniter\Model->update()
 9 SYSTEMPATH\CodeIgniter.php(932): App\Controllers\ApprovedItemRequest->updateItemrequeststatus()
10 SYSTEMPATH\CodeIgniter.php(497): CodeIgniter\CodeIgniter->runController(Object(App\Controllers\ApprovedItemRequest))
11 SYSTEMPATH\CodeIgniter.php(366): CodeIgniter\CodeIgniter->handleRequest(null, Object(Config\Cache), false)
12 FCPATH\index.php(67): CodeIgniter\CodeIgniter->run()
CRITICAL - 2023-12-14 15:14:28 --> Invalid file: "sys/menu_.php"
in SYSTEMPATH\Exceptions\FrameworkException.php on line 33.
 1 SYSTEMPATH\View\View.php(212): CodeIgniter\Exceptions\FrameworkException::forInvalidFile('sys/menu_.php')
 2 SYSTEMPATH\Common.php(1176): CodeIgniter\View\View->render('sys/menu_', [], true)
 3 APPPATH\Controllers\Sys.php(18): view('sys/menu_')
 4 SYSTEMPATH\CodeIgniter.php(932): App\Controllers\Sys->dashboard()
 5 SYSTEMPATH\CodeIgniter.php(497): CodeIgniter\CodeIgniter->runController(Object(App\Controllers\Sys))
 6 SYSTEMPATH\CodeIgniter.php(366): CodeIgniter\CodeIgniter->handleRequest(null, Object(Config\Cache), false)
 7 FCPATH\index.php(67): CodeIgniter\CodeIgniter->run()
CRITICAL - 2023-12-14 15:14:28 --> Invalid file: "sys/menu_.php"
in SYSTEMPATH\Exceptions\FrameworkException.php on line 33.
 1 SYSTEMPATH\View\View.php(212): CodeIgniter\Exceptions\FrameworkException::forInvalidFile('sys/menu_.php')
 2 SYSTEMPATH\Common.php(1176): CodeIgniter\View\View->render('sys/menu_', [], true)
 3 APPPATH\Controllers\Sys.php(18): view('sys/menu_')
 4 SYSTEMPATH\CodeIgniter.php(932): App\Controllers\Sys->dashboard()
 5 SYSTEMPATH\CodeIgniter.php(497): CodeIgniter\CodeIgniter->runController(Object(App\Controllers\Sys))
 6 SYSTEMPATH\CodeIgniter.php(366): CodeIgniter\CodeIgniter->handleRequest(null, Object(Config\Cache), false)
 7 FCPATH\index.php(67): CodeIgniter\CodeIgniter->run()
CRITICAL - 2023-12-14 15:37:26 --> Undefined variable $listI
in APPPATH\Views\sys\itemrequest\viewItem.php on line 65.
 1 APPPATH\Views\sys\itemrequest\viewItem.php(65): CodeIgniter\Debug\Exceptions->errorHandler(2, 'Undefined variable $listI', 'C:\\xampp\\htdocs\\IPMS\\app\\Views\\sys\\itemrequest\\viewItem.php', 65)
 2 SYSTEMPATH\View\View.php(224): include('C:\\xampp\\htdocs\\IPMS\\app\\Views\\sys\\itemrequest\\viewItem.php')
 3 SYSTEMPATH\View\View.php(227): CodeIgniter\View\View->CodeIgniter\View\{closure}()
 4 SYSTEMPATH\Common.php(1176): CodeIgniter\View\View->render('sys/itemrequest/viewItem', [], true)
 5 APPPATH\Controllers\ItemRequest.php(169): view('sys/itemrequest/viewItem', [...])
 6 SYSTEMPATH\CodeIgniter.php(932): App\Controllers\ItemRequest->viewItem('1')
 7 SYSTEMPATH\CodeIgniter.php(497): CodeIgniter\CodeIgniter->runController(Object(App\Controllers\ItemRequest))
 8 SYSTEMPATH\CodeIgniter.php(366): CodeIgniter\CodeIgniter->handleRequest(null, Object(Config\Cache), false)
 9 FCPATH\index.php(67): CodeIgniter\CodeIgniter->run()
CRITICAL - 2023-12-14 15:37:27 --> Undefined variable $listI
in APPPATH\Views\sys\itemrequest\viewItem.php on line 65.
 1 APPPATH\Views\sys\itemrequest\viewItem.php(65): CodeIgniter\Debug\Exceptions->errorHandler(2, 'Undefined variable $listI', 'C:\\xampp\\htdocs\\IPMS\\app\\Views\\sys\\itemrequest\\viewItem.php', 65)
 2 SYSTEMPATH\View\View.php(224): include('C:\\xampp\\htdocs\\IPMS\\app\\Views\\sys\\itemrequest\\viewItem.php')
 3 SYSTEMPATH\View\View.php(227): CodeIgniter\View\View->CodeIgniter\View\{closure}()
 4 SYSTEMPATH\Common.php(1176): CodeIgniter\View\View->render('sys/itemrequest/viewItem', [], true)
 5 APPPATH\Controllers\ItemRequest.php(169): view('sys/itemrequest/viewItem', [...])
 6 SYSTEMPATH\CodeIgniter.php(932): App\Controllers\ItemRequest->viewItem('assets', 'img', 'messages-1.jpg')
 7 SYSTEMPATH\CodeIgniter.php(497): CodeIgniter\CodeIgniter->runController(Object(App\Controllers\ItemRequest))
 8 SYSTEMPATH\CodeIgniter.php(366): CodeIgniter\CodeIgniter->handleRequest(null, Object(Config\Cache), false)
 9 FCPATH\index.php(67): CodeIgniter\CodeIgniter->run()
CRITICAL - 2023-12-14 15:43:50 --> Undefined variable $listI
in APPPATH\Views\sys\itemrequest\viewItem.php on line 65.
 1 APPPATH\Views\sys\itemrequest\viewItem.php(65): CodeIgniter\Debug\Exceptions->errorHandler(2, 'Undefined variable $listI', 'C:\\xampp\\htdocs\\IPMS\\app\\Views\\sys\\itemrequest\\viewItem.php', 65)
 2 SYSTEMPATH\View\View.php(224): include('C:\\xampp\\htdocs\\IPMS\\app\\Views\\sys\\itemrequest\\viewItem.php')
 3 SYSTEMPATH\View\View.php(227): CodeIgniter\View\View->CodeIgniter\View\{closure}()
 4 SYSTEMPATH\Common.php(1176): CodeIgniter\View\View->render('sys/itemrequest/viewItem', [], true)
 5 APPPATH\Controllers\ItemRequest.php(171): view('sys/itemrequest/viewItem', [...])
 6 SYSTEMPATH\CodeIgniter.php(932): App\Controllers\ItemRequest->viewItem('1')
 7 SYSTEMPATH\CodeIgniter.php(497): CodeIgniter\CodeIgniter->runController(Object(App\Controllers\ItemRequest))
 8 SYSTEMPATH\CodeIgniter.php(366): CodeIgniter\CodeIgniter->handleRequest(null, Object(Config\Cache), false)
 9 FCPATH\index.php(67): CodeIgniter\CodeIgniter->run()
CRITICAL - 2023-12-14 15:43:51 --> Undefined variable $listI
in APPPATH\Views\sys\itemrequest\viewItem.php on line 65.
 1 APPPATH\Views\sys\itemrequest\viewItem.php(65): CodeIgniter\Debug\Exceptions->errorHandler(2, 'Undefined variable $listI', 'C:\\xampp\\htdocs\\IPMS\\app\\Views\\sys\\itemrequest\\viewItem.php', 65)
 2 SYSTEMPATH\View\View.php(224): include('C:\\xampp\\htdocs\\IPMS\\app\\Views\\sys\\itemrequest\\viewItem.php')
 3 SYSTEMPATH\View\View.php(227): CodeIgniter\View\View->CodeIgniter\View\{closure}()
 4 SYSTEMPATH\Common.php(1176): CodeIgniter\View\View->render('sys/itemrequest/viewItem', [], true)
 5 APPPATH\Controllers\ItemRequest.php(171): view('sys/itemrequest/viewItem', [...])
 6 SYSTEMPATH\CodeIgniter.php(932): App\Controllers\ItemRequest->viewItem('assets', 'img', 'messages-1.jpg')
 7 SYSTEMPATH\CodeIgniter.php(497): CodeIgniter\CodeIgniter->runController(Object(App\Controllers\ItemRequest))
 8 SYSTEMPATH\CodeIgniter.php(366): CodeIgniter\CodeIgniter->handleRequest(null, Object(Config\Cache), false)
 9 FCPATH\index.php(67): CodeIgniter\CodeIgniter->run()
CRITICAL - 2023-12-14 16:18:57 --> Undefined variable $listI
in APPPATH\Views\sys\itemrequest\viewItem.php on line 65.
 1 APPPATH\Views\sys\itemrequest\viewItem.php(65): CodeIgniter\Debug\Exceptions->errorHandler(2, 'Undefined variable $listI', 'C:\\xampp\\htdocs\\IPMS\\app\\Views\\sys\\itemrequest\\viewItem.php', 65)
 2 SYSTEMPATH\View\View.php(224): include('C:\\xampp\\htdocs\\IPMS\\app\\Views\\sys\\itemrequest\\viewItem.php')
 3 SYSTEMPATH\View\View.php(227): CodeIgniter\View\View->CodeIgniter\View\{closure}()
 4 SYSTEMPATH\Common.php(1176): CodeIgniter\View\View->render('sys/itemrequest/viewItem', [], true)
 5 APPPATH\Controllers\ItemRequest.php(170): view('sys/itemrequest/viewItem', [...])
 6 SYSTEMPATH\CodeIgniter.php(932): App\Controllers\ItemRequest->viewItem()
 7 SYSTEMPATH\CodeIgniter.php(497): CodeIgniter\CodeIgniter->runController(Object(App\Controllers\ItemRequest))
 8 SYSTEMPATH\CodeIgniter.php(366): CodeIgniter\CodeIgniter->handleRequest(null, Object(Config\Cache), false)
 9 FCPATH\index.php(67): CodeIgniter\CodeIgniter->run()
CRITICAL - 2023-12-14 16:19:19 --> Undefined variable $listI
in APPPATH\Views\sys\itemrequest\viewItem.php on line 65.
 1 APPPATH\Views\sys\itemrequest\viewItem.php(65): CodeIgniter\Debug\Exceptions->errorHandler(2, 'Undefined variable $listI', 'C:\\xampp\\htdocs\\IPMS\\app\\Views\\sys\\itemrequest\\viewItem.php', 65)
 2 SYSTEMPATH\View\View.php(224): include('C:\\xampp\\htdocs\\IPMS\\app\\Views\\sys\\itemrequest\\viewItem.php')
 3 SYSTEMPATH\View\View.php(227): CodeIgniter\View\View->CodeIgniter\View\{closure}()
 4 SYSTEMPATH\Common.php(1176): CodeIgniter\View\View->render('sys/itemrequest/viewItem', [], true)
 5 APPPATH\Controllers\ItemRequest.php(170): view('sys/itemrequest/viewItem', [...])
 6 SYSTEMPATH\CodeIgniter.php(932): App\Controllers\ItemRequest->viewItem()
 7 SYSTEMPATH\CodeIgniter.php(497): CodeIgniter\CodeIgniter->runController(Object(App\Controllers\ItemRequest))
 8 SYSTEMPATH\CodeIgniter.php(366): CodeIgniter\CodeIgniter->handleRequest(null, Object(Config\Cache), false)
 9 FCPATH\index.php(67): CodeIgniter\CodeIgniter->run()
CRITICAL - 2023-12-14 16:19:33 --> Undefined variable $listI
in APPPATH\Views\sys\itemrequest\viewItem.php on line 65.
 1 APPPATH\Views\sys\itemrequest\viewItem.php(65): CodeIgniter\Debug\Exceptions->errorHandler(2, 'Undefined variable $listI', 'C:\\xampp\\htdocs\\IPMS\\app\\Views\\sys\\itemrequest\\viewItem.php', 65)
 2 SYSTEMPATH\View\View.php(224): include('C:\\xampp\\htdocs\\IPMS\\app\\Views\\sys\\itemrequest\\viewItem.php')
 3 SYSTEMPATH\View\View.php(227): CodeIgniter\View\View->CodeIgniter\View\{closure}()
 4 SYSTEMPATH\Common.php(1176): CodeIgniter\View\View->render('sys/itemrequest/viewItem', [], true)
 5 APPPATH\Controllers\ItemRequest.php(170): view('sys/itemrequest/viewItem', [...])
 6 SYSTEMPATH\CodeIgniter.php(932): App\Controllers\ItemRequest->viewItem('1')
 7 SYSTEMPATH\CodeIgniter.php(497): CodeIgniter\CodeIgniter->runController(Object(App\Controllers\ItemRequest))
 8 SYSTEMPATH\CodeIgniter.php(366): CodeIgniter\CodeIgniter->handleRequest(null, Object(Config\Cache), false)
 9 FCPATH\index.php(67): CodeIgniter\CodeIgniter->run()
CRITICAL - 2023-12-14 16:19:33 --> Undefined variable $listI
in APPPATH\Views\sys\itemrequest\viewItem.php on line 65.
 1 APPPATH\Views\sys\itemrequest\viewItem.php(65): CodeIgniter\Debug\Exceptions->errorHandler(2, 'Undefined variable $listI', 'C:\\xampp\\htdocs\\IPMS\\app\\Views\\sys\\itemrequest\\viewItem.php', 65)
 2 SYSTEMPATH\View\View.php(224): include('C:\\xampp\\htdocs\\IPMS\\app\\Views\\sys\\itemrequest\\viewItem.php')
 3 SYSTEMPATH\View\View.php(227): CodeIgniter\View\View->CodeIgniter\View\{closure}()
 4 SYSTEMPATH\Common.php(1176): CodeIgniter\View\View->render('sys/itemrequest/viewItem', [], true)
 5 APPPATH\Controllers\ItemRequest.php(170): view('sys/itemrequest/viewItem', [...])
 6 SYSTEMPATH\CodeIgniter.php(932): App\Controllers\ItemRequest->viewItem('assets', 'img', 'messages-1.jpg')
 7 SYSTEMPATH\CodeIgniter.php(497): CodeIgniter\CodeIgniter->runController(Object(App\Controllers\ItemRequest))
 8 SYSTEMPATH\CodeIgniter.php(366): CodeIgniter\CodeIgniter->handleRequest(null, Object(Config\Cache), false)
 9 FCPATH\index.php(67): CodeIgniter\CodeIgniter->run()
CRITICAL - 2023-12-14 16:19:50 --> Undefined variable $listM
in APPPATH\Views\sys\tender\createcostestimate.php on line 166.
 1 APPPATH\Views\sys\tender\createcostestimate.php(166): CodeIgniter\Debug\Exceptions->errorHandler(2, 'Undefined variable $listM', 'C:\\xampp\\htdocs\\IPMS\\app\\Views\\sys\\tender\\createcostestimate.php', 166)
 2 SYSTEMPATH\View\View.php(224): include('C:\\xampp\\htdocs\\IPMS\\app\\Views\\sys\\tender\\createcostestimate.php')
 3 SYSTEMPATH\View\View.php(227): CodeIgniter\View\View->CodeIgniter\View\{closure}()
 4 SYSTEMPATH\Common.php(1176): CodeIgniter\View\View->render('sys/tender/createcostestimate', [], true)
 5 APPPATH\Controllers\Tender.php(351): view('sys/tender/createcostestimate', [...])
 6 SYSTEMPATH\CodeIgniter.php(932): App\Controllers\Tender->createcostestimate('23')
 7 SYSTEMPATH\CodeIgniter.php(497): CodeIgniter\CodeIgniter->runController(Object(App\Controllers\Tender))
 8 SYSTEMPATH\CodeIgniter.php(366): CodeIgniter\CodeIgniter->handleRequest(null, Object(Config\Cache), false)
 9 FCPATH\index.php(67): CodeIgniter\CodeIgniter->run()
CRITICAL - 2023-12-14 16:19:51 --> Trying to access array offset on value of type null
in APPPATH\Views\sys\tender\createcostestimate.php on line 25.
 1 APPPATH\Views\sys\tender\createcostestimate.php(25): CodeIgniter\Debug\Exceptions->errorHandler(2, 'Trying to access array offset on value of type null', 'C:\\xampp\\htdocs\\IPMS\\app\\Views\\sys\\tender\\createcostestimate.php', 25)
 2 SYSTEMPATH\View\View.php(224): include('C:\\xampp\\htdocs\\IPMS\\app\\Views\\sys\\tender\\createcostestimate.php')
 3 SYSTEMPATH\View\View.php(227): CodeIgniter\View\View->CodeIgniter\View\{closure}()
 4 SYSTEMPATH\Common.php(1176): CodeIgniter\View\View->render('sys/tender/createcostestimate', [], true)
 5 APPPATH\Controllers\Tender.php(351): view('sys/tender/createcostestimate', [...])
 6 SYSTEMPATH\CodeIgniter.php(932): App\Controllers\Tender->createcostestimate('assets', 'img', 'messages-1.jpg')
 7 SYSTEMPATH\CodeIgniter.php(497): CodeIgniter\CodeIgniter->runController(Object(App\Controllers\Tender))
 8 SYSTEMPATH\CodeIgniter.php(366): CodeIgniter\CodeIgniter->handleRequest(null, Object(Config\Cache), false)
 9 FCPATH\index.php(67): CodeIgniter\CodeIgniter->run()
CRITICAL - 2023-12-14 16:20:03 --> Undefined variable $listM
in APPPATH\Views\sys\tender\createcostestimate.php on line 166.
 1 APPPATH\Views\sys\tender\createcostestimate.php(166): CodeIgniter\Debug\Exceptions->errorHandler(2, 'Undefined variable $listM', 'C:\\xampp\\htdocs\\IPMS\\app\\Views\\sys\\tender\\createcostestimate.php', 166)
 2 SYSTEMPATH\View\View.php(224): include('C:\\xampp\\htdocs\\IPMS\\app\\Views\\sys\\tender\\createcostestimate.php')
 3 SYSTEMPATH\View\View.php(227): CodeIgniter\View\View->CodeIgniter\View\{closure}()
 4 SYSTEMPATH\Common.php(1176): CodeIgniter\View\View->render('sys/tender/createcostestimate', [], true)
 5 APPPATH\Controllers\Tender.php(351): view('sys/tender/createcostestimate', [...])
 6 SYSTEMPATH\CodeIgniter.php(932): App\Controllers\Tender->createcostestimate('31')
 7 SYSTEMPATH\CodeIgniter.php(497): CodeIgniter\CodeIgniter->runController(Object(App\Controllers\Tender))
 8 SYSTEMPATH\CodeIgniter.php(366): CodeIgniter\CodeIgniter->handleRequest(null, Object(Config\Cache), false)
 9 FCPATH\index.php(67): CodeIgniter\CodeIgniter->run()
CRITICAL - 2023-12-14 16:20:04 --> Trying to access array offset on value of type null
in APPPATH\Views\sys\tender\createcostestimate.php on line 25.
 1 APPPATH\Views\sys\tender\createcostestimate.php(25): CodeIgniter\Debug\Exceptions->errorHandler(2, 'Trying to access array offset on value of type null', 'C:\\xampp\\htdocs\\IPMS\\app\\Views\\sys\\tender\\createcostestimate.php', 25)
 2 SYSTEMPATH\View\View.php(224): include('C:\\xampp\\htdocs\\IPMS\\app\\Views\\sys\\tender\\createcostestimate.php')
 3 SYSTEMPATH\View\View.php(227): CodeIgniter\View\View->CodeIgniter\View\{closure}()
 4 SYSTEMPATH\Common.php(1176): CodeIgniter\View\View->render('sys/tender/createcostestimate', [], true)
 5 APPPATH\Controllers\Tender.php(351): view('sys/tender/createcostestimate', [...])
 6 SYSTEMPATH\CodeIgniter.php(932): App\Controllers\Tender->createcostestimate('assets', 'img', 'messages-1.jpg')
 7 SYSTEMPATH\CodeIgniter.php(497): CodeIgniter\CodeIgniter->runController(Object(App\Controllers\Tender))
 8 SYSTEMPATH\CodeIgniter.php(366): CodeIgniter\CodeIgniter->handleRequest(null, Object(Config\Cache), false)
 9 FCPATH\index.php(67): CodeIgniter\CodeIgniter->run()
CRITICAL - 2023-12-14 16:31:41 --> Trying to access array offset on value of type null
in APPPATH\Views\sys\tender\createcostestimate.php on line 25.
 1 APPPATH\Views\sys\tender\createcostestimate.php(25): CodeIgniter\Debug\Exceptions->errorHandler(2, 'Trying to access array offset on value of type null', 'C:\\xampp\\htdocs\\IPMS\\app\\Views\\sys\\tender\\createcostestimate.php', 25)
 2 SYSTEMPATH\View\View.php(224): include('C:\\xampp\\htdocs\\IPMS\\app\\Views\\sys\\tender\\createcostestimate.php')
 3 SYSTEMPATH\View\View.php(227): CodeIgniter\View\View->CodeIgniter\View\{closure}()
 4 SYSTEMPATH\Common.php(1176): CodeIgniter\View\View->render('sys/tender/createcostestimate', [], true)
 5 APPPATH\Controllers\Tender.php(348): view('sys/tender/createcostestimate', [...])
 6 SYSTEMPATH\CodeIgniter.php(932): App\Controllers\Tender->createcostestimate('assets', 'img', 'messages-1.jpg')
 7 SYSTEMPATH\CodeIgniter.php(497): CodeIgniter\CodeIgniter->runController(Object(App\Controllers\Tender))
 8 SYSTEMPATH\CodeIgniter.php(366): CodeIgniter\CodeIgniter->handleRequest(null, Object(Config\Cache), false)
 9 FCPATH\index.php(67): CodeIgniter\CodeIgniter->run()
CRITICAL - 2023-12-14 17:16:06 --> Undefined variable $listI
in APPPATH\Views\sys\itemrequest\viewItem.php on line 65.
 1 APPPATH\Views\sys\itemrequest\viewItem.php(65): CodeIgniter\Debug\Exceptions->errorHandler(2, 'Undefined variable $listI', 'C:\\xampp\\htdocs\\IPMS\\app\\Views\\sys\\itemrequest\\viewItem.php', 65)
 2 SYSTEMPATH\View\View.php(224): include('C:\\xampp\\htdocs\\IPMS\\app\\Views\\sys\\itemrequest\\viewItem.php')
 3 SYSTEMPATH\View\View.php(227): CodeIgniter\View\View->CodeIgniter\View\{closure}()
 4 SYSTEMPATH\Common.php(1176): CodeIgniter\View\View->render('sys/itemrequest/viewItem', [], true)
 5 APPPATH\Controllers\ItemRequest.php(170): view('sys/itemrequest/viewItem', [...])
 6 SYSTEMPATH\CodeIgniter.php(932): App\Controllers\ItemRequest->viewItem('1')
 7 SYSTEMPATH\CodeIgniter.php(497): CodeIgniter\CodeIgniter->runController(Object(App\Controllers\ItemRequest))
 8 SYSTEMPATH\CodeIgniter.php(366): CodeIgniter\CodeIgniter->handleRequest(null, Object(Config\Cache), false)
 9 FCPATH\index.php(67): CodeIgniter\CodeIgniter->run()
CRITICAL - 2023-12-14 17:16:06 --> Undefined variable $listI
in APPPATH\Views\sys\itemrequest\viewItem.php on line 65.
 1 APPPATH\Views\sys\itemrequest\viewItem.php(65): CodeIgniter\Debug\Exceptions->errorHandler(2, 'Undefined variable $listI', 'C:\\xampp\\htdocs\\IPMS\\app\\Views\\sys\\itemrequest\\viewItem.php', 65)
 2 SYSTEMPATH\View\View.php(224): include('C:\\xampp\\htdocs\\IPMS\\app\\Views\\sys\\itemrequest\\viewItem.php')
 3 SYSTEMPATH\View\View.php(227): CodeIgniter\View\View->CodeIgniter\View\{closure}()
 4 SYSTEMPATH\Common.php(1176): CodeIgniter\View\View->render('sys/itemrequest/viewItem', [], true)
 5 APPPATH\Controllers\ItemRequest.php(170): view('sys/itemrequest/viewItem', [...])
 6 SYSTEMPATH\CodeIgniter.php(932): App\Controllers\ItemRequest->viewItem('assets', 'img', 'messages-1.jpg')
 7 SYSTEMPATH\CodeIgniter.php(497): CodeIgniter\CodeIgniter->runController(Object(App\Controllers\ItemRequest))
 8 SYSTEMPATH\CodeIgniter.php(366): CodeIgniter\CodeIgniter->handleRequest(null, Object(Config\Cache), false)
 9 FCPATH\index.php(67): CodeIgniter\CodeIgniter->run()
CRITICAL - 2023-12-14 17:24:02 --> Undefined variable $listI
in APPPATH\Views\sys\itemrequest\viewItem.php on line 65.
 1 APPPATH\Views\sys\itemrequest\viewItem.php(65): CodeIgniter\Debug\Exceptions->errorHandler(2, 'Undefined variable $listI', 'C:\\xampp\\htdocs\\IPMS\\app\\Views\\sys\\itemrequest\\viewItem.php', 65)
 2 SYSTEMPATH\View\View.php(224): include('C:\\xampp\\htdocs\\IPMS\\app\\Views\\sys\\itemrequest\\viewItem.php')
 3 SYSTEMPATH\View\View.php(227): CodeIgniter\View\View->CodeIgniter\View\{closure}()
 4 SYSTEMPATH\Common.php(1176): CodeIgniter\View\View->render('sys/itemrequest/viewItem', [], true)
 5 APPPATH\Controllers\ItemRequest.php(172): view('sys/itemrequest/viewItem', [...])
 6 SYSTEMPATH\CodeIgniter.php(932): App\Controllers\ItemRequest->viewItem('1')
 7 SYSTEMPATH\CodeIgniter.php(497): CodeIgniter\CodeIgniter->runController(Object(App\Controllers\ItemRequest))
 8 SYSTEMPATH\CodeIgniter.php(366): CodeIgniter\CodeIgniter->handleRequest(null, Object(Config\Cache), false)
 9 FCPATH\index.php(67): CodeIgniter\CodeIgniter->run()
CRITICAL - 2023-12-14 17:24:04 --> Undefined variable $listI
in APPPATH\Views\sys\itemrequest\viewItem.php on line 65.
 1 APPPATH\Views\sys\itemrequest\viewItem.php(65): CodeIgniter\Debug\Exceptions->errorHandler(2, 'Undefined variable $listI', 'C:\\xampp\\htdocs\\IPMS\\app\\Views\\sys\\itemrequest\\viewItem.php', 65)
 2 SYSTEMPATH\View\View.php(224): include('C:\\xampp\\htdocs\\IPMS\\app\\Views\\sys\\itemrequest\\viewItem.php')
 3 SYSTEMPATH\View\View.php(227): CodeIgniter\View\View->CodeIgniter\View\{closure}()
 4 SYSTEMPATH\Common.php(1176): CodeIgniter\View\View->render('sys/itemrequest/viewItem', [], true)
 5 APPPATH\Controllers\ItemRequest.php(172): view('sys/itemrequest/viewItem', [...])
 6 SYSTEMPATH\CodeIgniter.php(932): App\Controllers\ItemRequest->viewItem('assets', 'img', 'messages-1.jpg')
 7 SYSTEMPATH\CodeIgniter.php(497): CodeIgniter\CodeIgniter->runController(Object(App\Controllers\ItemRequest))
 8 SYSTEMPATH\CodeIgniter.php(366): CodeIgniter\CodeIgniter->handleRequest(null, Object(Config\Cache), false)
 9 FCPATH\index.php(67): CodeIgniter\CodeIgniter->run()
CRITICAL - 2023-12-14 18:47:41 --> Undefined constant "App\Controllers\RequestID"
in APPPATH\Controllers\ItemRequest.php on line 158.
 1 SYSTEMPATH\CodeIgniter.php(932): App\Controllers\ItemRequest->viewItem('1')
 2 SYSTEMPATH\CodeIgniter.php(497): CodeIgniter\CodeIgniter->runController(Object(App\Controllers\ItemRequest))
 3 SYSTEMPATH\CodeIgniter.php(366): CodeIgniter\CodeIgniter->handleRequest(null, Object(Config\Cache), false)
 4 FCPATH\index.php(67): CodeIgniter\CodeIgniter->run()
CRITICAL - 2023-12-14 18:52:05 --> Undefined constant "App\Controllers\RequestID"
in APPPATH\Controllers\ItemRequest.php on line 158.
 1 SYSTEMPATH\CodeIgniter.php(932): App\Controllers\ItemRequest->viewItem('1')
 2 SYSTEMPATH\CodeIgniter.php(497): CodeIgniter\CodeIgniter->runController(Object(App\Controllers\ItemRequest))
 3 SYSTEMPATH\CodeIgniter.php(366): CodeIgniter\CodeIgniter->handleRequest(null, Object(Config\Cache), false)
 4 FCPATH\index.php(67): CodeIgniter\CodeIgniter->run()
CRITICAL - 2023-12-14 18:53:36 --> Undefined constant "App\Controllers\RequestID"
in APPPATH\Controllers\ItemRequest.php on line 158.
 1 SYSTEMPATH\CodeIgniter.php(932): App\Controllers\ItemRequest->viewItem('1')
 2 SYSTEMPATH\CodeIgniter.php(497): CodeIgniter\CodeIgniter->runController(Object(App\Controllers\ItemRequest))
 3 SYSTEMPATH\CodeIgniter.php(366): CodeIgniter\CodeIgniter->handleRequest(null, Object(Config\Cache), false)
 4 FCPATH\index.php(67): CodeIgniter\CodeIgniter->run()
CRITICAL - 2023-12-14 18:54:22 --> Undefined constant "App\Controllers\RequestID"
in APPPATH\Controllers\ItemRequest.php on line 158.
 1 SYSTEMPATH\CodeIgniter.php(932): App\Controllers\ItemRequest->viewItem('1')
 2 SYSTEMPATH\CodeIgniter.php(497): CodeIgniter\CodeIgniter->runController(Object(App\Controllers\ItemRequest))
 3 SYSTEMPATH\CodeIgniter.php(366): CodeIgniter\CodeIgniter->handleRequest(null, Object(Config\Cache), false)
 4 FCPATH\index.php(67): CodeIgniter\CodeIgniter->run()
CRITICAL - 2023-12-14 18:54:24 --> Undefined constant "App\Controllers\RequestID"
in APPPATH\Controllers\ItemRequest.php on line 158.
 1 SYSTEMPATH\CodeIgniter.php(932): App\Controllers\ItemRequest->viewItem('1')
 2 SYSTEMPATH\CodeIgniter.php(497): CodeIgniter\CodeIgniter->runController(Object(App\Controllers\ItemRequest))
 3 SYSTEMPATH\CodeIgniter.php(366): CodeIgniter\CodeIgniter->handleRequest(null, Object(Config\Cache), false)
 4 FCPATH\index.php(67): CodeIgniter\CodeIgniter->run()
CRITICAL - 2023-12-14 19:28:04 --> Undefined constant "App\Controllers\RequestID"
in APPPATH\Controllers\ItemRequest.php on line 158.
 1 SYSTEMPATH\CodeIgniter.php(932): App\Controllers\ItemRequest->viewItem('1')
 2 SYSTEMPATH\CodeIgniter.php(497): CodeIgniter\CodeIgniter->runController(Object(App\Controllers\ItemRequest))
 3 SYSTEMPATH\CodeIgniter.php(366): CodeIgniter\CodeIgniter->handleRequest(null, Object(Config\Cache), false)
 4 FCPATH\index.php(67): CodeIgniter\CodeIgniter->run()
