CRITICAL - 2024-01-20 06:55:40 --> Undefined variable $designation_list
in APPPATH\Views\sys\employee\edit.php on line 93.
 1 APPPATH\Views\sys\employee\edit.php(93): CodeIgniter\Debug\Exceptions->errorHandler(2, 'Undefined variable $designation_list', 'C:\\xampp\\htdocs\\IPMS\\app\\Views\\sys\\employee\\edit.php', 93)
 2 SYSTEMPATH\View\View.php(224): include('C:\\xampp\\htdocs\\IPMS\\app\\Views\\sys\\employee\\edit.php')
 3 SYSTEMPATH\View\View.php(227): CodeIgniter\View\View->CodeIgniter\View\{closure}()
 4 SYSTEMPATH\Common.php(1176): CodeIgniter\View\View->render('sys/employee/edit', [], true)
 5 APPPATH\Controllers\Employee.php(129): view('sys/employee/edit', [...])
 6 SYSTEMPATH\CodeIgniter.php(932): App\Controllers\Employee->edit()
 7 SYSTEMPATH\CodeIgniter.php(497): CodeIgniter\CodeIgniter->runController(Object(App\Controllers\Employee))
 8 SYSTEMPATH\CodeIgniter.php(366): CodeIgniter\CodeIgniter->handleRequest(null, Object(Config\Cache), false)
 9 FCPATH\index.php(67): CodeIgniter\CodeIgniter->run()
CRITICAL - 2024-01-20 12:29:52 --> Undefined variable $result
in APPPATH\Views\web\viewdetailedBid.php on line 196.
 1 APPPATH\Views\web\viewdetailedBid.php(196): CodeIgniter\Debug\Exceptions->errorHandler(2, 'Undefined variable $result', 'C:\\xampp\\htdocs\\IPMS\\app\\Views\\web\\viewdetailedBid.php', 196)
 2 SYSTEMPATH\View\View.php(224): include('C:\\xampp\\htdocs\\IPMS\\app\\Views\\web\\viewdetailedBid.php')
 3 SYSTEMPATH\View\View.php(227): CodeIgniter\View\View->CodeIgniter\View\{closure}()
 4 SYSTEMPATH\Common.php(1176): CodeIgniter\View\View->render('web/viewdetailedBid', [], true)
 5 APPPATH\Controllers\Web.php(63): view('web/viewdetailedBid', [...])
 6 SYSTEMPATH\CodeIgniter.php(932): App\Controllers\Web->viewdetailedBid('public', 'assets_web', 'vendor', 'glightbox', 'js', 'glightbox.min.js')
 7 SYSTEMPATH\CodeIgniter.php(497): CodeIgniter\CodeIgniter->runController(Object(App\Controllers\Web))
 8 SYSTEMPATH\CodeIgniter.php(366): CodeIgniter\CodeIgniter->handleRequest(null, Object(Config\Cache), false)
 9 FCPATH\index.php(67): CodeIgniter\CodeIgniter->run()
CRITICAL - 2024-01-20 12:29:52 --> Undefined variable $result
in APPPATH\Views\web\viewdetailedBid.php on line 196.
 1 APPPATH\Views\web\viewdetailedBid.php(196): CodeIgniter\Debug\Exceptions->errorHandler(2, 'Undefined variable $result', 'C:\\xampp\\htdocs\\IPMS\\app\\Views\\web\\viewdetailedBid.php', 196)
 2 SYSTEMPATH\View\View.php(224): include('C:\\xampp\\htdocs\\IPMS\\app\\Views\\web\\viewdetailedBid.php')
 3 SYSTEMPATH\View\View.php(227): CodeIgniter\View\View->CodeIgniter\View\{closure}()
 4 SYSTEMPATH\Common.php(1176): CodeIgniter\View\View->render('web/viewdetailedBid', [], true)
 5 APPPATH\Controllers\Web.php(63): view('web/viewdetailedBid', [...])
 6 SYSTEMPATH\CodeIgniter.php(932): App\Controllers\Web->viewdetailedBid('public', 'assets_web', 'vendor', 'isotope-layout', 'isotope.pkgd.min.js')
 7 SYSTEMPATH\CodeIgniter.php(497): CodeIgniter\CodeIgniter->runController(Object(App\Controllers\Web))
 8 SYSTEMPATH\CodeIgniter.php(366): CodeIgniter\CodeIgniter->handleRequest(null, Object(Config\Cache), false)
 9 FCPATH\index.php(67): CodeIgniter\CodeIgniter->run()
CRITICAL - 2024-01-20 12:29:52 --> Undefined variable $result
in APPPATH\Views\web\viewdetailedBid.php on line 196.
 1 APPPATH\Views\web\viewdetailedBid.php(196): CodeIgniter\Debug\Exceptions->errorHandler(2, 'Undefined variable $result', 'C:\\xampp\\htdocs\\IPMS\\app\\Views\\web\\viewdetailedBid.php', 196)
 2 SYSTEMPATH\View\View.php(224): include('C:\\xampp\\htdocs\\IPMS\\app\\Views\\web\\viewdetailedBid.php')
 3 SYSTEMPATH\View\View.php(227): CodeIgniter\View\View->CodeIgniter\View\{closure}()
 4 SYSTEMPATH\Common.php(1176): CodeIgniter\View\View->render('web/viewdetailedBid', [], true)
 5 APPPATH\Controllers\Web.php(63): view('web/viewdetailedBid', [...])
 6 SYSTEMPATH\CodeIgniter.php(932): App\Controllers\Web->viewdetailedBid('public', 'assets_web', 'vendor', 'purecounter', 'purecounter_vanilla.js')
 7 SYSTEMPATH\CodeIgniter.php(497): CodeIgniter\CodeIgniter->runController(Object(App\Controllers\Web))
 8 SYSTEMPATH\CodeIgniter.php(366): CodeIgniter\CodeIgniter->handleRequest(null, Object(Config\Cache), false)
 9 FCPATH\index.php(67): CodeIgniter\CodeIgniter->run()
CRITICAL - 2024-01-20 12:29:52 --> Undefined variable $result
in APPPATH\Views\web\viewdetailedBid.php on line 196.
 1 APPPATH\Views\web\viewdetailedBid.php(196): CodeIgniter\Debug\Exceptions->errorHandler(2, 'Undefined variable $result', 'C:\\xampp\\htdocs\\IPMS\\app\\Views\\web\\viewdetailedBid.php', 196)
 2 SYSTEMPATH\View\View.php(224): include('C:\\xampp\\htdocs\\IPMS\\app\\Views\\web\\viewdetailedBid.php')
 3 SYSTEMPATH\View\View.php(227): CodeIgniter\View\View->CodeIgniter\View\{closure}()
 4 SYSTEMPATH\Common.php(1176): CodeIgniter\View\View->render('web/viewdetailedBid', [], true)
 5 APPPATH\Controllers\Web.php(63): view('web/viewdetailedBid', [...])
 6 SYSTEMPATH\CodeIgniter.php(932): App\Controllers\Web->viewdetailedBid('public', 'assets_web', 'vendor', 'bootstrap', 'js', 'bootstrap.bundle.min.js')
 7 SYSTEMPATH\CodeIgniter.php(497): CodeIgniter\CodeIgniter->runController(Object(App\Controllers\Web))
 8 SYSTEMPATH\CodeIgniter.php(366): CodeIgniter\CodeIgniter->handleRequest(null, Object(Config\Cache), false)
 9 FCPATH\index.php(67): CodeIgniter\CodeIgniter->run()
CRITICAL - 2024-01-20 12:29:52 --> Undefined variable $result
in APPPATH\Views\web\viewdetailedBid.php on line 196.
 1 APPPATH\Views\web\viewdetailedBid.php(196): CodeIgniter\Debug\Exceptions->errorHandler(2, 'Undefined variable $result', 'C:\\xampp\\htdocs\\IPMS\\app\\Views\\web\\viewdetailedBid.php', 196)
 2 SYSTEMPATH\View\View.php(224): include('C:\\xampp\\htdocs\\IPMS\\app\\Views\\web\\viewdetailedBid.php')
 3 SYSTEMPATH\View\View.php(227): CodeIgniter\View\View->CodeIgniter\View\{closure}()
 4 SYSTEMPATH\Common.php(1176): CodeIgniter\View\View->render('web/viewdetailedBid', [], true)
 5 APPPATH\Controllers\Web.php(63): view('web/viewdetailedBid', [...])
 6 SYSTEMPATH\CodeIgniter.php(932): App\Controllers\Web->viewdetailedBid('public', 'assets_web', 'vendor', 'swiper', 'swiper-bundle.min.js')
 7 SYSTEMPATH\CodeIgniter.php(497): CodeIgniter\CodeIgniter->runController(Object(App\Controllers\Web))
 8 SYSTEMPATH\CodeIgniter.php(366): CodeIgniter\CodeIgniter->handleRequest(null, Object(Config\Cache), false)
 9 FCPATH\index.php(67): CodeIgniter\CodeIgniter->run()
CRITICAL - 2024-01-20 12:29:52 --> Undefined variable $result
in APPPATH\Views\web\viewdetailedBid.php on line 196.
 1 APPPATH\Views\web\viewdetailedBid.php(196): CodeIgniter\Debug\Exceptions->errorHandler(2, 'Undefined variable $result', 'C:\\xampp\\htdocs\\IPMS\\app\\Views\\web\\viewdetailedBid.php', 196)
 2 SYSTEMPATH\View\View.php(224): include('C:\\xampp\\htdocs\\IPMS\\app\\Views\\web\\viewdetailedBid.php')
 3 SYSTEMPATH\View\View.php(227): CodeIgniter\View\View->CodeIgniter\View\{closure}()
 4 SYSTEMPATH\Common.php(1176): CodeIgniter\View\View->render('web/viewdetailedBid', [], true)
 5 APPPATH\Controllers\Web.php(63): view('web/viewdetailedBid', [...])
 6 SYSTEMPATH\CodeIgniter.php(932): App\Controllers\Web->viewdetailedBid('public', 'assets_web', 'vendor', 'php-email-form', 'validate.js')
 7 SYSTEMPATH\CodeIgniter.php(497): CodeIgniter\CodeIgniter->runController(Object(App\Controllers\Web))
 8 SYSTEMPATH\CodeIgniter.php(366): CodeIgniter\CodeIgniter->handleRequest(null, Object(Config\Cache), false)
 9 FCPATH\index.php(67): CodeIgniter\CodeIgniter->run()
CRITICAL - 2024-01-20 12:29:52 --> Undefined variable $result
in APPPATH\Views\web\viewdetailedBid.php on line 196.
 1 APPPATH\Views\web\viewdetailedBid.php(196): CodeIgniter\Debug\Exceptions->errorHandler(2, 'Undefined variable $result', 'C:\\xampp\\htdocs\\IPMS\\app\\Views\\web\\viewdetailedBid.php', 196)
 2 SYSTEMPATH\View\View.php(224): include('C:\\xampp\\htdocs\\IPMS\\app\\Views\\web\\viewdetailedBid.php')
 3 SYSTEMPATH\View\View.php(227): CodeIgniter\View\View->CodeIgniter\View\{closure}()
 4 SYSTEMPATH\Common.php(1176): CodeIgniter\View\View->render('web/viewdetailedBid', [], true)
 5 APPPATH\Controllers\Web.php(63): view('web/viewdetailedBid', [...])
 6 SYSTEMPATH\CodeIgniter.php(932): App\Controllers\Web->viewdetailedBid('public', 'assets_web', 'js', 'carousel.js')
 7 SYSTEMPATH\CodeIgniter.php(497): CodeIgniter\CodeIgniter->runController(Object(App\Controllers\Web))
 8 SYSTEMPATH\CodeIgniter.php(366): CodeIgniter\CodeIgniter->handleRequest(null, Object(Config\Cache), false)
 9 FCPATH\index.php(67): CodeIgniter\CodeIgniter->run()
CRITICAL - 2024-01-20 12:29:52 --> Undefined variable $result
in APPPATH\Views\web\viewdetailedBid.php on line 196.
 1 APPPATH\Views\web\viewdetailedBid.php(196): CodeIgniter\Debug\Exceptions->errorHandler(2, 'Undefined variable $result', 'C:\\xampp\\htdocs\\IPMS\\app\\Views\\web\\viewdetailedBid.php', 196)
 2 SYSTEMPATH\View\View.php(224): include('C:\\xampp\\htdocs\\IPMS\\app\\Views\\web\\viewdetailedBid.php')
 3 SYSTEMPATH\View\View.php(227): CodeIgniter\View\View->CodeIgniter\View\{closure}()
 4 SYSTEMPATH\Common.php(1176): CodeIgniter\View\View->render('web/viewdetailedBid', [], true)
 5 APPPATH\Controllers\Web.php(63): view('web/viewdetailedBid', [...])
 6 SYSTEMPATH\CodeIgniter.php(932): App\Controllers\Web->viewdetailedBid('public', 'assets_web', 'js', 'main.js')
 7 SYSTEMPATH\CodeIgniter.php(497): CodeIgniter\CodeIgniter->runController(Object(App\Controllers\Web))
 8 SYSTEMPATH\CodeIgniter.php(366): CodeIgniter\CodeIgniter->handleRequest(null, Object(Config\Cache), false)
 9 FCPATH\index.php(67): CodeIgniter\CodeIgniter->run()
CRITICAL - 2024-01-20 12:29:52 --> Undefined variable $result
in APPPATH\Views\web\viewdetailedBid.php on line 196.
 1 APPPATH\Views\web\viewdetailedBid.php(196): CodeIgniter\Debug\Exceptions->errorHandler(2, 'Undefined variable $result', 'C:\\xampp\\htdocs\\IPMS\\app\\Views\\web\\viewdetailedBid.php', 196)
 2 SYSTEMPATH\View\View.php(224): include('C:\\xampp\\htdocs\\IPMS\\app\\Views\\web\\viewdetailedBid.php')
 3 SYSTEMPATH\View\View.php(227): CodeIgniter\View\View->CodeIgniter\View\{closure}()
 4 SYSTEMPATH\Common.php(1176): CodeIgniter\View\View->render('web/viewdetailedBid', [], true)
 5 APPPATH\Controllers\Web.php(63): view('web/viewdetailedBid', [...])
 6 SYSTEMPATH\CodeIgniter.php(932): App\Controllers\Web->viewdetailedBid('assets', 'img', 'favicon.png')
 7 SYSTEMPATH\CodeIgniter.php(497): CodeIgniter\CodeIgniter->runController(Object(App\Controllers\Web))
 8 SYSTEMPATH\CodeIgniter.php(366): CodeIgniter\CodeIgniter->handleRequest(null, Object(Config\Cache), false)
 9 FCPATH\index.php(67): CodeIgniter\CodeIgniter->run()
CRITICAL - 2024-01-20 07:02:00 --> Undefined variable $designation_list
in APPPATH\Views\sys\employee\edit.php on line 93.
 1 APPPATH\Views\sys\employee\edit.php(93): CodeIgniter\Debug\Exceptions->errorHandler(2, 'Undefined variable $designation_list', 'C:\\xampp\\htdocs\\IPMS\\app\\Views\\sys\\employee\\edit.php', 93)
 2 SYSTEMPATH\View\View.php(224): include('C:\\xampp\\htdocs\\IPMS\\app\\Views\\sys\\employee\\edit.php')
 3 SYSTEMPATH\View\View.php(227): CodeIgniter\View\View->CodeIgniter\View\{closure}()
 4 SYSTEMPATH\Common.php(1176): CodeIgniter\View\View->render('sys/employee/edit', [], true)
 5 APPPATH\Controllers\Employee.php(129): view('sys/employee/edit', [...])
 6 SYSTEMPATH\CodeIgniter.php(932): App\Controllers\Employee->edit()
 7 SYSTEMPATH\CodeIgniter.php(497): CodeIgniter\CodeIgniter->runController(Object(App\Controllers\Employee))
 8 SYSTEMPATH\CodeIgniter.php(366): CodeIgniter\CodeIgniter->handleRequest(null, Object(Config\Cache), false)
 9 FCPATH\index.php(67): CodeIgniter\CodeIgniter->run()
CRITICAL - 2024-01-20 07:16:18 --> Undefined variable $result
in APPPATH\Views\sys\tender\viewmore.php on line 135.
 1 APPPATH\Views\sys\tender\viewmore.php(135): CodeIgniter\Debug\Exceptions->errorHandler(2, 'Undefined variable $result', 'C:\\xampp\\htdocs\\IPMS\\app\\Views\\sys\\tender\\viewmore.php', 135)
 2 SYSTEMPATH\View\View.php(224): include('C:\\xampp\\htdocs\\IPMS\\app\\Views\\sys\\tender\\viewmore.php')
 3 SYSTEMPATH\View\View.php(227): CodeIgniter\View\View->CodeIgniter\View\{closure}()
 4 SYSTEMPATH\Common.php(1176): CodeIgniter\View\View->render('sys/tender/viewmore', [], true)
 5 APPPATH\Controllers\Tender.php(244): view('sys/tender/viewmore', [...])
 6 SYSTEMPATH\CodeIgniter.php(932): App\Controllers\Tender->viewmore('assets', 'img', 'messages-1.jpg')
 7 SYSTEMPATH\CodeIgniter.php(497): CodeIgniter\CodeIgniter->runController(Object(App\Controllers\Tender))
 8 SYSTEMPATH\CodeIgniter.php(366): CodeIgniter\CodeIgniter->handleRequest(null, Object(Config\Cache), false)
 9 FCPATH\index.php(67): CodeIgniter\CodeIgniter->run()
CRITICAL - 2024-01-20 13:00:57 --> Undefined variable $result
in APPPATH\Views\web\viewdetailedBid.php on line 196.
 1 APPPATH\Views\web\viewdetailedBid.php(196): CodeIgniter\Debug\Exceptions->errorHandler(2, 'Undefined variable $result', 'C:\\xampp\\htdocs\\IPMS\\app\\Views\\web\\viewdetailedBid.php', 196)
 2 SYSTEMPATH\View\View.php(224): include('C:\\xampp\\htdocs\\IPMS\\app\\Views\\web\\viewdetailedBid.php')
 3 SYSTEMPATH\View\View.php(227): CodeIgniter\View\View->CodeIgniter\View\{closure}()
 4 SYSTEMPATH\Common.php(1176): CodeIgniter\View\View->render('web/viewdetailedBid', [], true)
 5 APPPATH\Controllers\Web.php(63): view('web/viewdetailedBid', [...])
 6 SYSTEMPATH\CodeIgniter.php(932): App\Controllers\Web->viewdetailedBid('public', 'assets_web', 'vendor', 'php-email-form', 'validate.js')
 7 SYSTEMPATH\CodeIgniter.php(497): CodeIgniter\CodeIgniter->runController(Object(App\Controllers\Web))
 8 SYSTEMPATH\CodeIgniter.php(366): CodeIgniter\CodeIgniter->handleRequest(null, Object(Config\Cache), false)
 9 FCPATH\index.php(67): CodeIgniter\CodeIgniter->run()
CRITICAL - 2024-01-20 13:00:57 --> Undefined variable $result
in APPPATH\Views\web\viewdetailedBid.php on line 196.
 1 APPPATH\Views\web\viewdetailedBid.php(196): CodeIgniter\Debug\Exceptions->errorHandler(2, 'Undefined variable $result', 'C:\\xampp\\htdocs\\IPMS\\app\\Views\\web\\viewdetailedBid.php', 196)
 2 SYSTEMPATH\View\View.php(224): include('C:\\xampp\\htdocs\\IPMS\\app\\Views\\web\\viewdetailedBid.php')
 3 SYSTEMPATH\View\View.php(227): CodeIgniter\View\View->CodeIgniter\View\{closure}()
 4 SYSTEMPATH\Common.php(1176): CodeIgniter\View\View->render('web/viewdetailedBid', [], true)
 5 APPPATH\Controllers\Web.php(63): view('web/viewdetailedBid', [...])
 6 SYSTEMPATH\CodeIgniter.php(932): App\Controllers\Web->viewdetailedBid('public', 'assets_web', 'vendor', 'bootstrap', 'js', 'bootstrap.bundle.min.js')
 7 SYSTEMPATH\CodeIgniter.php(497): CodeIgniter\CodeIgniter->runController(Object(App\Controllers\Web))
 8 SYSTEMPATH\CodeIgniter.php(366): CodeIgniter\CodeIgniter->handleRequest(null, Object(Config\Cache), false)
 9 FCPATH\index.php(67): CodeIgniter\CodeIgniter->run()
CRITICAL - 2024-01-20 13:00:57 --> Undefined variable $result
in APPPATH\Views\web\viewdetailedBid.php on line 196.
 1 APPPATH\Views\web\viewdetailedBid.php(196): CodeIgniter\Debug\Exceptions->errorHandler(2, 'Undefined variable $result', 'C:\\xampp\\htdocs\\IPMS\\app\\Views\\web\\viewdetailedBid.php', 196)
 2 SYSTEMPATH\View\View.php(224): include('C:\\xampp\\htdocs\\IPMS\\app\\Views\\web\\viewdetailedBid.php')
 3 SYSTEMPATH\View\View.php(227): CodeIgniter\View\View->CodeIgniter\View\{closure}()
 4 SYSTEMPATH\Common.php(1176): CodeIgniter\View\View->render('web/viewdetailedBid', [], true)
 5 APPPATH\Controllers\Web.php(63): view('web/viewdetailedBid', [...])
 6 SYSTEMPATH\CodeIgniter.php(932): App\Controllers\Web->viewdetailedBid('public', 'assets_web', 'vendor', 'isotope-layout', 'isotope.pkgd.min.js')
 7 SYSTEMPATH\CodeIgniter.php(497): CodeIgniter\CodeIgniter->runController(Object(App\Controllers\Web))
 8 SYSTEMPATH\CodeIgniter.php(366): CodeIgniter\CodeIgniter->handleRequest(null, Object(Config\Cache), false)
 9 FCPATH\index.php(67): CodeIgniter\CodeIgniter->run()
CRITICAL - 2024-01-20 13:00:57 --> Undefined variable $result
in APPPATH\Views\web\viewdetailedBid.php on line 196.
 1 APPPATH\Views\web\viewdetailedBid.php(196): CodeIgniter\Debug\Exceptions->errorHandler(2, 'Undefined variable $result', 'C:\\xampp\\htdocs\\IPMS\\app\\Views\\web\\viewdetailedBid.php', 196)
 2 SYSTEMPATH\View\View.php(224): include('C:\\xampp\\htdocs\\IPMS\\app\\Views\\web\\viewdetailedBid.php')
 3 SYSTEMPATH\View\View.php(227): CodeIgniter\View\View->CodeIgniter\View\{closure}()
 4 SYSTEMPATH\Common.php(1176): CodeIgniter\View\View->render('web/viewdetailedBid', [], true)
 5 APPPATH\Controllers\Web.php(63): view('web/viewdetailedBid', [...])
 6 SYSTEMPATH\CodeIgniter.php(932): App\Controllers\Web->viewdetailedBid('public', 'assets_web', 'vendor', 'purecounter', 'purecounter_vanilla.js')
 7 SYSTEMPATH\CodeIgniter.php(497): CodeIgniter\CodeIgniter->runController(Object(App\Controllers\Web))
 8 SYSTEMPATH\CodeIgniter.php(366): CodeIgniter\CodeIgniter->handleRequest(null, Object(Config\Cache), false)
 9 FCPATH\index.php(67): CodeIgniter\CodeIgniter->run()
CRITICAL - 2024-01-20 13:00:57 --> Undefined variable $result
in APPPATH\Views\web\viewdetailedBid.php on line 196.
 1 APPPATH\Views\web\viewdetailedBid.php(196): CodeIgniter\Debug\Exceptions->errorHandler(2, 'Undefined variable $result', 'C:\\xampp\\htdocs\\IPMS\\app\\Views\\web\\viewdetailedBid.php', 196)
 2 SYSTEMPATH\View\View.php(224): include('C:\\xampp\\htdocs\\IPMS\\app\\Views\\web\\viewdetailedBid.php')
 3 SYSTEMPATH\View\View.php(227): CodeIgniter\View\View->CodeIgniter\View\{closure}()
 4 SYSTEMPATH\Common.php(1176): CodeIgniter\View\View->render('web/viewdetailedBid', [], true)
 5 APPPATH\Controllers\Web.php(63): view('web/viewdetailedBid', [...])
 6 SYSTEMPATH\CodeIgniter.php(932): App\Controllers\Web->viewdetailedBid('public', 'assets_web', 'vendor', 'swiper', 'swiper-bundle.min.js')
 7 SYSTEMPATH\CodeIgniter.php(497): CodeIgniter\CodeIgniter->runController(Object(App\Controllers\Web))
 8 SYSTEMPATH\CodeIgniter.php(366): CodeIgniter\CodeIgniter->handleRequest(null, Object(Config\Cache), false)
 9 FCPATH\index.php(67): CodeIgniter\CodeIgniter->run()
CRITICAL - 2024-01-20 13:00:57 --> Undefined variable $result
in APPPATH\Views\web\viewdetailedBid.php on line 196.
 1 APPPATH\Views\web\viewdetailedBid.php(196): CodeIgniter\Debug\Exceptions->errorHandler(2, 'Undefined variable $result', 'C:\\xampp\\htdocs\\IPMS\\app\\Views\\web\\viewdetailedBid.php', 196)
 2 SYSTEMPATH\View\View.php(224): include('C:\\xampp\\htdocs\\IPMS\\app\\Views\\web\\viewdetailedBid.php')
 3 SYSTEMPATH\View\View.php(227): CodeIgniter\View\View->CodeIgniter\View\{closure}()
 4 SYSTEMPATH\Common.php(1176): CodeIgniter\View\View->render('web/viewdetailedBid', [], true)
 5 APPPATH\Controllers\Web.php(63): view('web/viewdetailedBid', [...])
 6 SYSTEMPATH\CodeIgniter.php(932): App\Controllers\Web->viewdetailedBid('public', 'assets_web', 'vendor', 'glightbox', 'js', 'glightbox.min.js')
 7 SYSTEMPATH\CodeIgniter.php(497): CodeIgniter\CodeIgniter->runController(Object(App\Controllers\Web))
 8 SYSTEMPATH\CodeIgniter.php(366): CodeIgniter\CodeIgniter->handleRequest(null, Object(Config\Cache), false)
 9 FCPATH\index.php(67): CodeIgniter\CodeIgniter->run()
CRITICAL - 2024-01-20 13:00:58 --> Undefined variable $result
in APPPATH\Views\web\viewdetailedBid.php on line 196.
 1 APPPATH\Views\web\viewdetailedBid.php(196): CodeIgniter\Debug\Exceptions->errorHandler(2, 'Undefined variable $result', 'C:\\xampp\\htdocs\\IPMS\\app\\Views\\web\\viewdetailedBid.php', 196)
 2 SYSTEMPATH\View\View.php(224): include('C:\\xampp\\htdocs\\IPMS\\app\\Views\\web\\viewdetailedBid.php')
 3 SYSTEMPATH\View\View.php(227): CodeIgniter\View\View->CodeIgniter\View\{closure}()
 4 SYSTEMPATH\Common.php(1176): CodeIgniter\View\View->render('web/viewdetailedBid', [], true)
 5 APPPATH\Controllers\Web.php(63): view('web/viewdetailedBid', [...])
 6 SYSTEMPATH\CodeIgniter.php(932): App\Controllers\Web->viewdetailedBid('public', 'assets_web', 'js', 'carousel.js')
 7 SYSTEMPATH\CodeIgniter.php(497): CodeIgniter\CodeIgniter->runController(Object(App\Controllers\Web))
 8 SYSTEMPATH\CodeIgniter.php(366): CodeIgniter\CodeIgniter->handleRequest(null, Object(Config\Cache), false)
 9 FCPATH\index.php(67): CodeIgniter\CodeIgniter->run()
CRITICAL - 2024-01-20 13:00:58 --> Undefined variable $result
in APPPATH\Views\web\viewdetailedBid.php on line 196.
 1 APPPATH\Views\web\viewdetailedBid.php(196): CodeIgniter\Debug\Exceptions->errorHandler(2, 'Undefined variable $result', 'C:\\xampp\\htdocs\\IPMS\\app\\Views\\web\\viewdetailedBid.php', 196)
 2 SYSTEMPATH\View\View.php(224): include('C:\\xampp\\htdocs\\IPMS\\app\\Views\\web\\viewdetailedBid.php')
 3 SYSTEMPATH\View\View.php(227): CodeIgniter\View\View->CodeIgniter\View\{closure}()
 4 SYSTEMPATH\Common.php(1176): CodeIgniter\View\View->render('web/viewdetailedBid', [], true)
 5 APPPATH\Controllers\Web.php(63): view('web/viewdetailedBid', [...])
 6 SYSTEMPATH\CodeIgniter.php(932): App\Controllers\Web->viewdetailedBid('public', 'assets_web', 'js', 'main.js')
 7 SYSTEMPATH\CodeIgniter.php(497): CodeIgniter\CodeIgniter->runController(Object(App\Controllers\Web))
 8 SYSTEMPATH\CodeIgniter.php(366): CodeIgniter\CodeIgniter->handleRequest(null, Object(Config\Cache), false)
 9 FCPATH\index.php(67): CodeIgniter\CodeIgniter->run()
CRITICAL - 2024-01-20 13:00:58 --> Undefined variable $result
in APPPATH\Views\web\viewdetailedBid.php on line 196.
 1 APPPATH\Views\web\viewdetailedBid.php(196): CodeIgniter\Debug\Exceptions->errorHandler(2, 'Undefined variable $result', 'C:\\xampp\\htdocs\\IPMS\\app\\Views\\web\\viewdetailedBid.php', 196)
 2 SYSTEMPATH\View\View.php(224): include('C:\\xampp\\htdocs\\IPMS\\app\\Views\\web\\viewdetailedBid.php')
 3 SYSTEMPATH\View\View.php(227): CodeIgniter\View\View->CodeIgniter\View\{closure}()
 4 SYSTEMPATH\Common.php(1176): CodeIgniter\View\View->render('web/viewdetailedBid', [], true)
 5 APPPATH\Controllers\Web.php(63): view('web/viewdetailedBid', [...])
 6 SYSTEMPATH\CodeIgniter.php(932): App\Controllers\Web->viewdetailedBid('assets', 'img', 'favicon.png')
 7 SYSTEMPATH\CodeIgniter.php(497): CodeIgniter\CodeIgniter->runController(Object(App\Controllers\Web))
 8 SYSTEMPATH\CodeIgniter.php(366): CodeIgniter\CodeIgniter->handleRequest(null, Object(Config\Cache), false)
 9 FCPATH\index.php(67): CodeIgniter\CodeIgniter->run()
CRITICAL - 2024-01-20 14:18:57 --> Invalid file: "sys/menu_.php"
in SYSTEMPATH\Exceptions\FrameworkException.php on line 33.
 1 SYSTEMPATH\View\View.php(212): CodeIgniter\Exceptions\FrameworkException::forInvalidFile('sys/menu_.php')
 2 SYSTEMPATH\Common.php(1176): CodeIgniter\View\View->render('sys/menu_', [], true)
 3 APPPATH\Controllers\Sys.php(18): view('sys/menu_')
 4 SYSTEMPATH\CodeIgniter.php(932): App\Controllers\Sys->dashboard()
 5 SYSTEMPATH\CodeIgniter.php(497): CodeIgniter\CodeIgniter->runController(Object(App\Controllers\Sys))
 6 SYSTEMPATH\CodeIgniter.php(366): CodeIgniter\CodeIgniter->handleRequest(null, Object(Config\Cache), false)
 7 FCPATH\index.php(67): CodeIgniter\CodeIgniter->run()
CRITICAL - 2024-01-20 14:20:12 --> Undefined variable $result
in APPPATH\Views\sys\tender\viewmore.php on line 135.
 1 APPPATH\Views\sys\tender\viewmore.php(135): CodeIgniter\Debug\Exceptions->errorHandler(2, 'Undefined variable $result', 'C:\\xampp\\htdocs\\IPMS\\app\\Views\\sys\\tender\\viewmore.php', 135)
 2 SYSTEMPATH\View\View.php(224): include('C:\\xampp\\htdocs\\IPMS\\app\\Views\\sys\\tender\\viewmore.php')
 3 SYSTEMPATH\View\View.php(227): CodeIgniter\View\View->CodeIgniter\View\{closure}()
 4 SYSTEMPATH\Common.php(1176): CodeIgniter\View\View->render('sys/tender/viewmore', [], true)
 5 APPPATH\Controllers\Tender.php(244): view('sys/tender/viewmore', [...])
 6 SYSTEMPATH\CodeIgniter.php(932): App\Controllers\Tender->viewmore('assets', 'img', 'messages-1.jpg')
 7 SYSTEMPATH\CodeIgniter.php(497): CodeIgniter\CodeIgniter->runController(Object(App\Controllers\Tender))
 8 SYSTEMPATH\CodeIgniter.php(366): CodeIgniter\CodeIgniter->handleRequest(null, Object(Config\Cache), false)
 9 FCPATH\index.php(67): CodeIgniter\CodeIgniter->run()
CRITICAL - 2024-01-20 14:20:41 --> Undefined variable $result
in APPPATH\Views\sys\tender\viewmore.php on line 135.
 1 APPPATH\Views\sys\tender\viewmore.php(135): CodeIgniter\Debug\Exceptions->errorHandler(2, 'Undefined variable $result', 'C:\\xampp\\htdocs\\IPMS\\app\\Views\\sys\\tender\\viewmore.php', 135)
 2 SYSTEMPATH\View\View.php(224): include('C:\\xampp\\htdocs\\IPMS\\app\\Views\\sys\\tender\\viewmore.php')
 3 SYSTEMPATH\View\View.php(227): CodeIgniter\View\View->CodeIgniter\View\{closure}()
 4 SYSTEMPATH\Common.php(1176): CodeIgniter\View\View->render('sys/tender/viewmore', [], true)
 5 APPPATH\Controllers\Tender.php(244): view('sys/tender/viewmore', [...])
 6 SYSTEMPATH\CodeIgniter.php(932): App\Controllers\Tender->viewmore('assets', 'img', 'messages-1.jpg')
 7 SYSTEMPATH\CodeIgniter.php(497): CodeIgniter\CodeIgniter->runController(Object(App\Controllers\Tender))
 8 SYSTEMPATH\CodeIgniter.php(366): CodeIgniter\CodeIgniter->handleRequest(null, Object(Config\Cache), false)
 9 FCPATH\index.php(67): CodeIgniter\CodeIgniter->run()
CRITICAL - 2024-01-20 14:26:08 --> Undefined variable $result
in APPPATH\Views\sys\tender\viewmore.php on line 135.
 1 APPPATH\Views\sys\tender\viewmore.php(135): CodeIgniter\Debug\Exceptions->errorHandler(2, 'Undefined variable $result', 'C:\\xampp\\htdocs\\IPMS\\app\\Views\\sys\\tender\\viewmore.php', 135)
 2 SYSTEMPATH\View\View.php(224): include('C:\\xampp\\htdocs\\IPMS\\app\\Views\\sys\\tender\\viewmore.php')
 3 SYSTEMPATH\View\View.php(227): CodeIgniter\View\View->CodeIgniter\View\{closure}()
 4 SYSTEMPATH\Common.php(1176): CodeIgniter\View\View->render('sys/tender/viewmore', [], true)
 5 APPPATH\Controllers\Tender.php(245): view('sys/tender/viewmore', [...])
 6 SYSTEMPATH\CodeIgniter.php(932): App\Controllers\Tender->viewmore('assets', 'img', 'messages-1.jpg')
 7 SYSTEMPATH\CodeIgniter.php(497): CodeIgniter\CodeIgniter->runController(Object(App\Controllers\Tender))
 8 SYSTEMPATH\CodeIgniter.php(366): CodeIgniter\CodeIgniter->handleRequest(null, Object(Config\Cache), false)
 9 FCPATH\index.php(67): CodeIgniter\CodeIgniter->run()
CRITICAL - 2024-01-20 14:37:56 --> Undefined variable $lists
in APPPATH\Controllers\Web.php on line 118.
 1 APPPATH\Controllers\Web.php(118): CodeIgniter\Debug\Exceptions->errorHandler(2, 'Undefined variable $lists', 'C:\\xampp\\htdocs\\IPMS\\app\\Controllers\\Web.php', 118)
 2 SYSTEMPATH\CodeIgniter.php(932): App\Controllers\Web->viewtender()
 3 SYSTEMPATH\CodeIgniter.php(497): CodeIgniter\CodeIgniter->runController(Object(App\Controllers\Web))
 4 SYSTEMPATH\CodeIgniter.php(366): CodeIgniter\CodeIgniter->handleRequest(null, Object(Config\Cache), false)
 5 FCPATH\index.php(67): CodeIgniter\CodeIgniter->run()
CRITICAL - 2024-01-20 14:41:51 --> Undefined variable $lists
in APPPATH\Controllers\Web.php on line 118.
 1 APPPATH\Controllers\Web.php(118): CodeIgniter\Debug\Exceptions->errorHandler(2, 'Undefined variable $lists', 'C:\\xampp\\htdocs\\IPMS\\app\\Controllers\\Web.php', 118)
 2 SYSTEMPATH\CodeIgniter.php(932): App\Controllers\Web->viewtender()
 3 SYSTEMPATH\CodeIgniter.php(497): CodeIgniter\CodeIgniter->runController(Object(App\Controllers\Web))
 4 SYSTEMPATH\CodeIgniter.php(366): CodeIgniter\CodeIgniter->handleRequest(null, Object(Config\Cache), false)
 5 FCPATH\index.php(67): CodeIgniter\CodeIgniter->run()
CRITICAL - 2024-01-20 14:44:16 --> Undefined array key 41
in APPPATH\Controllers\Web.php on line 117.
 1 APPPATH\Controllers\Web.php(117): CodeIgniter\Debug\Exceptions->errorHandler(2, 'Undefined array key 41', 'C:\\xampp\\htdocs\\IPMS\\app\\Controllers\\Web.php', 117)
 2 SYSTEMPATH\CodeIgniter.php(932): App\Controllers\Web->viewtender()
 3 SYSTEMPATH\CodeIgniter.php(497): CodeIgniter\CodeIgniter->runController(Object(App\Controllers\Web))
 4 SYSTEMPATH\CodeIgniter.php(366): CodeIgniter\CodeIgniter->handleRequest(null, Object(Config\Cache), false)
 5 FCPATH\index.php(67): CodeIgniter\CodeIgniter->run()
CRITICAL - 2024-01-20 14:45:28 --> Undefined array key 41
in APPPATH\Controllers\Web.php on line 118.
 1 APPPATH\Controllers\Web.php(118): CodeIgniter\Debug\Exceptions->errorHandler(2, 'Undefined array key 41', 'C:\\xampp\\htdocs\\IPMS\\app\\Controllers\\Web.php', 118)
 2 SYSTEMPATH\CodeIgniter.php(932): App\Controllers\Web->viewtender()
 3 SYSTEMPATH\CodeIgniter.php(497): CodeIgniter\CodeIgniter->runController(Object(App\Controllers\Web))
 4 SYSTEMPATH\CodeIgniter.php(366): CodeIgniter\CodeIgniter->handleRequest(null, Object(Config\Cache), false)
 5 FCPATH\index.php(67): CodeIgniter\CodeIgniter->run()
