ERROR - 2023-10-05 14:32:40 --> mysqli_sql_exception: Column 'gender' cannot be null in C:\xampp\htdocs\IPMS\system\Database\MySQLi\Connection.php:295
Stack trace:
#0 C:\xampp\htdocs\IPMS\system\Database\MySQLi\Connection.php(295): mysqli->query('INSERT INTO `em...', 0)
#1 C:\xampp\htdocs\IPMS\system\Database\BaseConnection.php(692): CodeIgniter\Database\MySQLi\Connection->execute('INSERT INTO `em...')
#2 C:\xampp\htdocs\IPMS\system\Database\BaseConnection.php(606): CodeIgniter\Database\BaseConnection->simpleQuery('INSERT INTO `em...')
#3 C:\xampp\htdocs\IPMS\system\Database\BaseBuilder.php(2309): CodeIgniter\Database\BaseConnection->query('INSERT INTO `em...', Array, false)
#4 C:\xampp\htdocs\IPMS\system\Model.php(330): CodeIgniter\Database\BaseBuilder->insert()
#5 C:\xampp\htdocs\IPMS\system\BaseModel.php(782): CodeIgniter\Model->doInsert(Array)
#6 C:\xampp\htdocs\IPMS\system\Model.php(730): CodeIgniter\BaseModel->insert(Array, false)
#7 C:\xampp\htdocs\IPMS\system\BaseModel.php(692): CodeIgniter\Model->insert(Array, false)
#8 C:\xampp\htdocs\IPMS\app\Controllers\Employee.php(33): CodeIgniter\BaseModel->save(Array)
#9 C:\xampp\htdocs\IPMS\system\CodeIgniter.php(932): App\Controllers\Employee->add()
#10 C:\xampp\htdocs\IPMS\system\CodeIgniter.php(497): CodeIgniter\CodeIgniter->runController(Object(App\Controllers\Employee))
#11 C:\xampp\htdocs\IPMS\system\CodeIgniter.php(366): CodeIgniter\CodeIgniter->handleRequest(NULL, Object(Config\Cache), false)
#12 C:\xampp\htdocs\IPMS\index.php(67): CodeIgniter\CodeIgniter->run()
#13 {main}
CRITICAL - 2023-10-05 14:32:40 --> Column 'gender' cannot be null
in SYSTEMPATH\Database\MySQLi\Connection.php on line 295.
 1 SYSTEMPATH\Database\MySQLi\Connection.php(295): mysqli->query('INSERT INTO `employee` (`FirstName`, `LastName`, `Address`, `Email`, `TelNo`, `DOB`, `NIC`, `gender`, `Division`, `Designation`) VALUES (\'Iresha\', \'Sandamali\', \'3A/3,Bedigama,Vitharandeniya\', \'sandamalipathirana0@gmail.com\', \'0715875726\', \'\', \'\', NULL, \'\', \'...\')', 0)
 2 SYSTEMPATH\Database\BaseConnection.php(692): CodeIgniter\Database\MySQLi\Connection->execute('INSERT INTO `employee` (`FirstName`, `LastName`, `Address`, `Email`, `TelNo`, `DOB`, `NIC`, `gender`, `Division`, `Designation`) VALUES (\'Iresha\', \'Sandamali\', \'3A/3,Bedigama,Vitharandeniya\', \'sandamalipathirana0@gmail.com\', \'0715875726\', \'\', \'\', NULL, \'\', \'...\')')
 3 SYSTEMPATH\Database\BaseConnection.php(606): CodeIgniter\Database\BaseConnection->simpleQuery('INSERT INTO `employee` (`FirstName`, `LastName`, `Address`, `Email`, `TelNo`, `DOB`, `NIC`, `gender`, `Division`, `Designation`) VALUES (\'Iresha\', \'Sandamali\', \'3A/3,Bedigama,Vitharandeniya\', \'sandamalipathirana0@gmail.com\', \'0715875726\', \'\', \'\', NULL, \'\', \'...\')')
 4 SYSTEMPATH\Database\BaseBuilder.php(2309): CodeIgniter\Database\BaseConnection->query('INSERT INTO `employee` (`FirstName`, `LastName`, `Address`, `Email`, `TelNo`, `DOB`, `NIC`, `gender`, `Division`, `Designation`) VALUES (:FirstName:, :LastName:, :Address:, :Email:, :TelNo:, :DOB:, :NIC:, :gender:, :Division:, :Designation:)', [...], false)
 5 SYSTEMPATH\Model.php(330): CodeIgniter\Database\BaseBuilder->insert()
 6 SYSTEMPATH\BaseModel.php(782): CodeIgniter\Model->doInsert([...])
 7 SYSTEMPATH\Model.php(730): CodeIgniter\BaseModel->insert([...], false)
 8 SYSTEMPATH\BaseModel.php(692): CodeIgniter\Model->insert([...], false)
 9 APPPATH\Controllers\Employee.php(33): CodeIgniter\BaseModel->save([...])
10 SYSTEMPATH\CodeIgniter.php(932): App\Controllers\Employee->add()
11 SYSTEMPATH\CodeIgniter.php(497): CodeIgniter\CodeIgniter->runController(Object(App\Controllers\Employee))
12 SYSTEMPATH\CodeIgniter.php(366): CodeIgniter\CodeIgniter->handleRequest(null, Object(Config\Cache), false)
13 FCPATH\index.php(67): CodeIgniter\CodeIgniter->run()
ERROR - 2023-10-05 14:36:28 --> mysqli_sql_exception: Column 'gender' cannot be null in C:\xampp\htdocs\IPMS\system\Database\MySQLi\Connection.php:295
Stack trace:
#0 C:\xampp\htdocs\IPMS\system\Database\MySQLi\Connection.php(295): mysqli->query('INSERT INTO `em...', 0)
#1 C:\xampp\htdocs\IPMS\system\Database\BaseConnection.php(692): CodeIgniter\Database\MySQLi\Connection->execute('INSERT INTO `em...')
#2 C:\xampp\htdocs\IPMS\system\Database\BaseConnection.php(606): CodeIgniter\Database\BaseConnection->simpleQuery('INSERT INTO `em...')
#3 C:\xampp\htdocs\IPMS\system\Database\BaseBuilder.php(2309): CodeIgniter\Database\BaseConnection->query('INSERT INTO `em...', Array, false)
#4 C:\xampp\htdocs\IPMS\system\Model.php(330): CodeIgniter\Database\BaseBuilder->insert()
#5 C:\xampp\htdocs\IPMS\system\BaseModel.php(782): CodeIgniter\Model->doInsert(Array)
#6 C:\xampp\htdocs\IPMS\system\Model.php(730): CodeIgniter\BaseModel->insert(Array, false)
#7 C:\xampp\htdocs\IPMS\system\BaseModel.php(692): CodeIgniter\Model->insert(Array, false)
#8 C:\xampp\htdocs\IPMS\app\Controllers\Employee.php(33): CodeIgniter\BaseModel->save(Array)
#9 C:\xampp\htdocs\IPMS\system\CodeIgniter.php(932): App\Controllers\Employee->add()
#10 C:\xampp\htdocs\IPMS\system\CodeIgniter.php(497): CodeIgniter\CodeIgniter->runController(Object(App\Controllers\Employee))
#11 C:\xampp\htdocs\IPMS\system\CodeIgniter.php(366): CodeIgniter\CodeIgniter->handleRequest(NULL, Object(Config\Cache), false)
#12 C:\xampp\htdocs\IPMS\index.php(67): CodeIgniter\CodeIgniter->run()
#13 {main}
CRITICAL - 2023-10-05 14:36:28 --> Column 'gender' cannot be null
in SYSTEMPATH\Database\MySQLi\Connection.php on line 295.
 1 SYSTEMPATH\Database\MySQLi\Connection.php(295): mysqli->query('INSERT INTO `employee` (`FirstName`, `LastName`, `Address`, `Email`, `TelNo`, `DOB`, `NIC`, `gender`, `Division`, `Designation`) VALUES (\'Iresha\', \'Sandamali\', \'3A/3,Bedigama,Vitharandeniya\', \'sandamalipathirana0@gmail.com\', \'0715875726\', \'\', \'\', NULL, \'\', \'...\')', 0)
 2 SYSTEMPATH\Database\BaseConnection.php(692): CodeIgniter\Database\MySQLi\Connection->execute('INSERT INTO `employee` (`FirstName`, `LastName`, `Address`, `Email`, `TelNo`, `DOB`, `NIC`, `gender`, `Division`, `Designation`) VALUES (\'Iresha\', \'Sandamali\', \'3A/3,Bedigama,Vitharandeniya\', \'sandamalipathirana0@gmail.com\', \'0715875726\', \'\', \'\', NULL, \'\', \'...\')')
 3 SYSTEMPATH\Database\BaseConnection.php(606): CodeIgniter\Database\BaseConnection->simpleQuery('INSERT INTO `employee` (`FirstName`, `LastName`, `Address`, `Email`, `TelNo`, `DOB`, `NIC`, `gender`, `Division`, `Designation`) VALUES (\'Iresha\', \'Sandamali\', \'3A/3,Bedigama,Vitharandeniya\', \'sandamalipathirana0@gmail.com\', \'0715875726\', \'\', \'\', NULL, \'\', \'...\')')
 4 SYSTEMPATH\Database\BaseBuilder.php(2309): CodeIgniter\Database\BaseConnection->query('INSERT INTO `employee` (`FirstName`, `LastName`, `Address`, `Email`, `TelNo`, `DOB`, `NIC`, `gender`, `Division`, `Designation`) VALUES (:FirstName:, :LastName:, :Address:, :Email:, :TelNo:, :DOB:, :NIC:, :gender:, :Division:, :Designation:)', [...], false)
 5 SYSTEMPATH\Model.php(330): CodeIgniter\Database\BaseBuilder->insert()
 6 SYSTEMPATH\BaseModel.php(782): CodeIgniter\Model->doInsert([...])
 7 SYSTEMPATH\Model.php(730): CodeIgniter\BaseModel->insert([...], false)
 8 SYSTEMPATH\BaseModel.php(692): CodeIgniter\Model->insert([...], false)
 9 APPPATH\Controllers\Employee.php(33): CodeIgniter\BaseModel->save([...])
10 SYSTEMPATH\CodeIgniter.php(932): App\Controllers\Employee->add()
11 SYSTEMPATH\CodeIgniter.php(497): CodeIgniter\CodeIgniter->runController(Object(App\Controllers\Employee))
12 SYSTEMPATH\CodeIgniter.php(366): CodeIgniter\CodeIgniter->handleRequest(null, Object(Config\Cache), false)
13 FCPATH\index.php(67): CodeIgniter\CodeIgniter->run()
