CRITICAL - 2024-05-18 03:56:26 --> Cannot redeclare App\Models\TenderModel::getTenderDetailsre()
in APPPATH\Models\TenderModel.php on line 213.
 1 [internal function]: CodeIgniter\Debug\Exceptions->shutdownHandler()
CRITICAL - 2024-05-18 05:36:49 --> Undefined array key 0
in APPPATH\Controllers\ItemRequest.php on line 497.
 1 APPPATH\Controllers\ItemRequest.php(497): CodeIgniter\Debug\Exceptions->errorHandler(2, 'Undefined array key 0', 'C:\\xampp\\htdocs\\IPMS\\app\\Controllers\\ItemRequest.php', 497)
 2 SYSTEMPATH\CodeIgniter.php(932): App\Controllers\ItemRequest->getIteminventory()
 3 SYSTEMPATH\CodeIgniter.php(497): CodeIgniter\CodeIgniter->runController(Object(App\Controllers\ItemRequest))
 4 SYSTEMPATH\CodeIgniter.php(366): CodeIgniter\CodeIgniter->handleRequest(null, Object(Config\Cache), false)
 5 FCPATH\index.php(67): CodeIgniter\CodeIgniter->run()
CRITICAL - 2024-05-18 05:45:30 --> Undefined array key 0
in APPPATH\Controllers\ItemRequest.php on line 497.
 1 APPPATH\Controllers\ItemRequest.php(497): CodeIgniter\Debug\Exceptions->errorHandler(2, 'Undefined array key 0', 'C:\\xampp\\htdocs\\IPMS\\app\\Controllers\\ItemRequest.php', 497)
 2 SYSTEMPATH\CodeIgniter.php(932): App\Controllers\ItemRequest->getIteminventory()
 3 SYSTEMPATH\CodeIgniter.php(497): CodeIgniter\CodeIgniter->runController(Object(App\Controllers\ItemRequest))
 4 SYSTEMPATH\CodeIgniter.php(366): CodeIgniter\CodeIgniter->handleRequest(null, Object(Config\Cache), false)
 5 FCPATH\index.php(67): CodeIgniter\CodeIgniter->run()
CRITICAL - 2024-05-18 05:47:05 --> Undefined array key "RItemid"
in APPPATH\Views\sys\itemrequest\editrequest.php on line 114.
 1 APPPATH\Views\sys\itemrequest\editrequest.php(114): CodeIgniter\Debug\Exceptions->errorHandler(2, 'Undefined array key "RItemid"', 'C:\\xampp\\htdocs\\IPMS\\app\\Views\\sys\\itemrequest\\editrequest.php', 114)
 2 SYSTEMPATH\View\View.php(224): include('C:\\xampp\\htdocs\\IPMS\\app\\Views\\sys\\itemrequest\\editrequest.php')
 3 SYSTEMPATH\View\View.php(227): CodeIgniter\View\View->CodeIgniter\View\{closure}()
 4 SYSTEMPATH\Common.php(1176): CodeIgniter\View\View->render('sys/itemRequest/editrequest', [], true)
 5 APPPATH\Controllers\ItemRequest.php(341): view('sys/itemRequest/editrequest', [...])
 6 SYSTEMPATH\CodeIgniter.php(932): App\Controllers\ItemRequest->editrequest('131')
 7 SYSTEMPATH\CodeIgniter.php(497): CodeIgniter\CodeIgniter->runController(Object(App\Controllers\ItemRequest))
 8 SYSTEMPATH\CodeIgniter.php(366): CodeIgniter\CodeIgniter->handleRequest(null, Object(Config\Cache), false)
 9 FCPATH\index.php(67): CodeIgniter\CodeIgniter->run()
CRITICAL - 2024-05-18 05:49:13 --> Undefined array key 0
in APPPATH\Controllers\ItemRequest.php on line 497.
 1 APPPATH\Controllers\ItemRequest.php(497): CodeIgniter\Debug\Exceptions->errorHandler(2, 'Undefined array key 0', 'C:\\xampp\\htdocs\\IPMS\\app\\Controllers\\ItemRequest.php', 497)
 2 SYSTEMPATH\CodeIgniter.php(932): App\Controllers\ItemRequest->getIteminventory()
 3 SYSTEMPATH\CodeIgniter.php(497): CodeIgniter\CodeIgniter->runController(Object(App\Controllers\ItemRequest))
 4 SYSTEMPATH\CodeIgniter.php(366): CodeIgniter\CodeIgniter->handleRequest(null, Object(Config\Cache), false)
 5 FCPATH\index.php(67): CodeIgniter\CodeIgniter->run()
CRITICAL - 2024-05-18 05:51:05 --> Trying to access array offset on value of type null
in APPPATH\Views\sys\itemrequest\editrequest.php on line 35.
 1 APPPATH\Views\sys\itemrequest\editrequest.php(35): CodeIgniter\Debug\Exceptions->errorHandler(2, 'Trying to access array offset on value of type null', 'C:\\xampp\\htdocs\\IPMS\\app\\Views\\sys\\itemrequest\\editrequest.php', 35)
 2 SYSTEMPATH\View\View.php(224): include('C:\\xampp\\htdocs\\IPMS\\app\\Views\\sys\\itemrequest\\editrequest.php')
 3 SYSTEMPATH\View\View.php(227): CodeIgniter\View\View->CodeIgniter\View\{closure}()
 4 SYSTEMPATH\Common.php(1176): CodeIgniter\View\View->render('sys/itemRequest/editrequest', [], true)
 5 APPPATH\Controllers\ItemRequest.php(341): view('sys/itemRequest/editrequest', [...])
 6 SYSTEMPATH\CodeIgniter.php(932): App\Controllers\ItemRequest->editrequest('77')
 7 SYSTEMPATH\CodeIgniter.php(497): CodeIgniter\CodeIgniter->runController(Object(App\Controllers\ItemRequest))
 8 SYSTEMPATH\CodeIgniter.php(366): CodeIgniter\CodeIgniter->handleRequest(null, Object(Config\Cache), false)
 9 FCPATH\index.php(67): CodeIgniter\CodeIgniter->run()
CRITICAL - 2024-05-18 05:51:18 --> Trying to access array offset on value of type null
in APPPATH\Views\sys\itemrequest\editrequest.php on line 35.
 1 APPPATH\Views\sys\itemrequest\editrequest.php(35): CodeIgniter\Debug\Exceptions->errorHandler(2, 'Trying to access array offset on value of type null', 'C:\\xampp\\htdocs\\IPMS\\app\\Views\\sys\\itemrequest\\editrequest.php', 35)
 2 SYSTEMPATH\View\View.php(224): include('C:\\xampp\\htdocs\\IPMS\\app\\Views\\sys\\itemrequest\\editrequest.php')
 3 SYSTEMPATH\View\View.php(227): CodeIgniter\View\View->CodeIgniter\View\{closure}()
 4 SYSTEMPATH\Common.php(1176): CodeIgniter\View\View->render('sys/itemRequest/editrequest', [], true)
 5 APPPATH\Controllers\ItemRequest.php(341): view('sys/itemRequest/editrequest', [...])
 6 SYSTEMPATH\CodeIgniter.php(932): App\Controllers\ItemRequest->editrequest('77')
 7 SYSTEMPATH\CodeIgniter.php(497): CodeIgniter\CodeIgniter->runController(Object(App\Controllers\ItemRequest))
 8 SYSTEMPATH\CodeIgniter.php(366): CodeIgniter\CodeIgniter->handleRequest(null, Object(Config\Cache), false)
 9 FCPATH\index.php(67): CodeIgniter\CodeIgniter->run()
CRITICAL - 2024-05-18 05:51:41 --> Undefined array key 0
in APPPATH\Controllers\ItemRequest.php on line 497.
 1 APPPATH\Controllers\ItemRequest.php(497): CodeIgniter\Debug\Exceptions->errorHandler(2, 'Undefined array key 0', 'C:\\xampp\\htdocs\\IPMS\\app\\Controllers\\ItemRequest.php', 497)
 2 SYSTEMPATH\CodeIgniter.php(932): App\Controllers\ItemRequest->getIteminventory()
 3 SYSTEMPATH\CodeIgniter.php(497): CodeIgniter\CodeIgniter->runController(Object(App\Controllers\ItemRequest))
 4 SYSTEMPATH\CodeIgniter.php(366): CodeIgniter\CodeIgniter->handleRequest(null, Object(Config\Cache), false)
 5 FCPATH\index.php(67): CodeIgniter\CodeIgniter->run()
CRITICAL - 2024-05-18 06:25:52 --> Class "App\Controllers\TaskModel" not found
in APPPATH\Controllers\division.php on line 149.
 1 SYSTEMPATH\CodeIgniter.php(932): App\Controllers\division->addTask()
 2 SYSTEMPATH\CodeIgniter.php(497): CodeIgniter\CodeIgniter->runController(Object(App\Controllers\division))
 3 SYSTEMPATH\CodeIgniter.php(366): CodeIgniter\CodeIgniter->handleRequest(null, Object(Config\Cache), false)
 4 FCPATH\index.php(67): CodeIgniter\CodeIgniter->run()
ERROR - 2024-05-18 06:26:18 --> mysqli_sql_exception: Table 'ipmsm.task' doesn't exist in C:\xampp\htdocs\IPMS\system\Database\MySQLi\Connection.php:295
Stack trace:
#0 C:\xampp\htdocs\IPMS\system\Database\MySQLi\Connection.php(295): mysqli->query('INSERT INTO `ta...', 0)
#1 C:\xampp\htdocs\IPMS\system\Database\BaseConnection.php(692): CodeIgniter\Database\MySQLi\Connection->execute('INSERT INTO `ta...')
#2 C:\xampp\htdocs\IPMS\system\Database\BaseConnection.php(606): CodeIgniter\Database\BaseConnection->simpleQuery('INSERT INTO `ta...')
#3 C:\xampp\htdocs\IPMS\system\Database\BaseBuilder.php(2309): CodeIgniter\Database\BaseConnection->query('INSERT INTO `ta...', Array, false)
#4 C:\xampp\htdocs\IPMS\system\Model.php(330): CodeIgniter\Database\BaseBuilder->insert()
#5 C:\xampp\htdocs\IPMS\system\BaseModel.php(782): CodeIgniter\Model->doInsert(Array)
#6 C:\xampp\htdocs\IPMS\system\Model.php(730): CodeIgniter\BaseModel->insert(Array, false)
#7 C:\xampp\htdocs\IPMS\system\BaseModel.php(692): CodeIgniter\Model->insert(Array, false)
#8 C:\xampp\htdocs\IPMS\app\Controllers\division.php(150): CodeIgniter\BaseModel->save(Array)
#9 C:\xampp\htdocs\IPMS\system\CodeIgniter.php(932): App\Controllers\division->addTask()
#10 C:\xampp\htdocs\IPMS\system\CodeIgniter.php(497): CodeIgniter\CodeIgniter->runController(Object(App\Controllers\division))
#11 C:\xampp\htdocs\IPMS\system\CodeIgniter.php(366): CodeIgniter\CodeIgniter->handleRequest(NULL, Object(Config\Cache), false)
#12 C:\xampp\htdocs\IPMS\index.php(67): CodeIgniter\CodeIgniter->run()
#13 {main}
CRITICAL - 2024-05-18 06:26:18 --> Table 'ipmsm.task' doesn't exist
in SYSTEMPATH\Database\MySQLi\Connection.php on line 295.
 1 SYSTEMPATH\Database\MySQLi\Connection.php(295): mysqli->query('INSERT INTO `task` (`CNo`, `CName`) VALUES (\'1\', \'Normal\')', 0)
 2 SYSTEMPATH\Database\BaseConnection.php(692): CodeIgniter\Database\MySQLi\Connection->execute('INSERT INTO `task` (`CNo`, `CName`) VALUES (\'1\', \'Normal\')')
 3 SYSTEMPATH\Database\BaseConnection.php(606): CodeIgniter\Database\BaseConnection->simpleQuery('INSERT INTO `task` (`CNo`, `CName`) VALUES (\'1\', \'Normal\')')
 4 SYSTEMPATH\Database\BaseBuilder.php(2309): CodeIgniter\Database\BaseConnection->query('INSERT INTO `task` (`CNo`, `CName`) VALUES (:CNo:, :CName:)', [...], false)
 5 SYSTEMPATH\Model.php(330): CodeIgniter\Database\BaseBuilder->insert()
 6 SYSTEMPATH\BaseModel.php(782): CodeIgniter\Model->doInsert([...])
 7 SYSTEMPATH\Model.php(730): CodeIgniter\BaseModel->insert([...], false)
 8 SYSTEMPATH\BaseModel.php(692): CodeIgniter\Model->insert([...], false)
 9 APPPATH\Controllers\division.php(150): CodeIgniter\BaseModel->save([...])
10 SYSTEMPATH\CodeIgniter.php(932): App\Controllers\division->addTask()
11 SYSTEMPATH\CodeIgniter.php(497): CodeIgniter\CodeIgniter->runController(Object(App\Controllers\division))
12 SYSTEMPATH\CodeIgniter.php(366): CodeIgniter\CodeIgniter->handleRequest(null, Object(Config\Cache), false)
13 FCPATH\index.php(67): CodeIgniter\CodeIgniter->run()
CRITICAL - 2024-05-18 06:36:40 --> Undefined array key "task"
in APPPATH\Views\sys\employee\add.php on line 222.
 1 APPPATH\Views\sys\employee\add.php(222): CodeIgniter\Debug\Exceptions->errorHandler(2, 'Undefined array key "task"', 'C:\\xampp\\htdocs\\IPMS\\app\\Views\\sys\\employee\\add.php', 222)
 2 SYSTEMPATH\View\View.php(224): include('C:\\xampp\\htdocs\\IPMS\\app\\Views\\sys\\employee\\add.php')
 3 SYSTEMPATH\View\View.php(227): CodeIgniter\View\View->CodeIgniter\View\{closure}()
 4 SYSTEMPATH\Common.php(1176): CodeIgniter\View\View->render('sys/employee/add', [], true)
 5 APPPATH\Controllers\Employee.php(118): view('sys/employee/add', [...])
 6 SYSTEMPATH\CodeIgniter.php(932): App\Controllers\Employee->add()
 7 SYSTEMPATH\CodeIgniter.php(497): CodeIgniter\CodeIgniter->runController(Object(App\Controllers\Employee))
 8 SYSTEMPATH\CodeIgniter.php(366): CodeIgniter\CodeIgniter->handleRequest(null, Object(Config\Cache), false)
 9 FCPATH\index.php(67): CodeIgniter\CodeIgniter->run()
CRITICAL - 2024-05-18 06:37:25 --> Undefined array key "task"
in APPPATH\Views\sys\employee\add.php on line 222.
 1 APPPATH\Views\sys\employee\add.php(222): CodeIgniter\Debug\Exceptions->errorHandler(2, 'Undefined array key "task"', 'C:\\xampp\\htdocs\\IPMS\\app\\Views\\sys\\employee\\add.php', 222)
 2 SYSTEMPATH\View\View.php(224): include('C:\\xampp\\htdocs\\IPMS\\app\\Views\\sys\\employee\\add.php')
 3 SYSTEMPATH\View\View.php(227): CodeIgniter\View\View->CodeIgniter\View\{closure}()
 4 SYSTEMPATH\Common.php(1176): CodeIgniter\View\View->render('sys/employee/add', [], true)
 5 APPPATH\Controllers\Employee.php(118): view('sys/employee/add', [...])
 6 SYSTEMPATH\CodeIgniter.php(932): App\Controllers\Employee->add()
 7 SYSTEMPATH\CodeIgniter.php(497): CodeIgniter\CodeIgniter->runController(Object(App\Controllers\Employee))
 8 SYSTEMPATH\CodeIgniter.php(366): CodeIgniter\CodeIgniter->handleRequest(null, Object(Config\Cache), false)
 9 FCPATH\index.php(67): CodeIgniter\CodeIgniter->run()
CRITICAL - 2024-05-18 07:55:37 --> Undefined variable $result
in APPPATH\Views\sys\itemrequest\viewItem.php on line 95.
 1 APPPATH\Views\sys\itemrequest\viewItem.php(95): CodeIgniter\Debug\Exceptions->errorHandler(2, 'Undefined variable $result', 'C:\\xampp\\htdocs\\IPMS\\app\\Views\\sys\\itemrequest\\viewItem.php', 95)
 2 SYSTEMPATH\View\View.php(224): include('C:\\xampp\\htdocs\\IPMS\\app\\Views\\sys\\itemrequest\\viewItem.php')
 3 SYSTEMPATH\View\View.php(227): CodeIgniter\View\View->CodeIgniter\View\{closure}()
 4 SYSTEMPATH\Common.php(1176): CodeIgniter\View\View->render('sys/itemrequest/viewItem', [], true)
 5 APPPATH\Controllers\ItemRequest.php(206): view('sys/itemrequest/viewItem', [...])
 6 SYSTEMPATH\CodeIgniter.php(932): App\Controllers\ItemRequest->viewItem('images', 'uploads')
 7 SYSTEMPATH\CodeIgniter.php(497): CodeIgniter\CodeIgniter->runController(Object(App\Controllers\ItemRequest))
 8 SYSTEMPATH\CodeIgniter.php(366): CodeIgniter\CodeIgniter->handleRequest(null, Object(Config\Cache), false)
 9 FCPATH\index.php(67): CodeIgniter\CodeIgniter->run()
CRITICAL - 2024-05-18 08:44:31 --> Undefined array key 0
in APPPATH\Controllers\ItemRequest.php on line 497.
 1 APPPATH\Controllers\ItemRequest.php(497): CodeIgniter\Debug\Exceptions->errorHandler(2, 'Undefined array key 0', 'C:\\xampp\\htdocs\\IPMS\\app\\Controllers\\ItemRequest.php', 497)
 2 SYSTEMPATH\CodeIgniter.php(932): App\Controllers\ItemRequest->getIteminventory()
 3 SYSTEMPATH\CodeIgniter.php(497): CodeIgniter\CodeIgniter->runController(Object(App\Controllers\ItemRequest))
 4 SYSTEMPATH\CodeIgniter.php(366): CodeIgniter\CodeIgniter->handleRequest(null, Object(Config\Cache), false)
 5 FCPATH\index.php(67): CodeIgniter\CodeIgniter->run()
CRITICAL - 2024-05-18 08:44:52 --> Undefined array key 0
in APPPATH\Controllers\ItemRequest.php on line 497.
 1 APPPATH\Controllers\ItemRequest.php(497): CodeIgniter\Debug\Exceptions->errorHandler(2, 'Undefined array key 0', 'C:\\xampp\\htdocs\\IPMS\\app\\Controllers\\ItemRequest.php', 497)
 2 SYSTEMPATH\CodeIgniter.php(932): App\Controllers\ItemRequest->getIteminventory()
 3 SYSTEMPATH\CodeIgniter.php(497): CodeIgniter\CodeIgniter->runController(Object(App\Controllers\ItemRequest))
 4 SYSTEMPATH\CodeIgniter.php(366): CodeIgniter\CodeIgniter->handleRequest(null, Object(Config\Cache), false)
 5 FCPATH\index.php(67): CodeIgniter\CodeIgniter->run()
CRITICAL - 2024-05-18 10:25:45 --> Class "App\Controllers\OpeningCommitteememberModel" not found
in APPPATH\Controllers\BidEvaluation.php on line 133.
 1 SYSTEMPATH\CodeIgniter.php(932): App\Controllers\BidEvaluation->TECMeetingPreliminary()
 2 SYSTEMPATH\CodeIgniter.php(497): CodeIgniter\CodeIgniter->runController(Object(App\Controllers\BidEvaluation))
 3 SYSTEMPATH\CodeIgniter.php(366): CodeIgniter\CodeIgniter->handleRequest(null, Object(Config\Cache), false)
 4 FCPATH\index.php(67): CodeIgniter\CodeIgniter->run()
CRITICAL - 2024-05-18 10:56:16 --> Undefined variable $lista
in APPPATH\Views\sys\BidEvaluation\TECMeetingPreliminary.php on line 55.
 1 APPPATH\Views\sys\BidEvaluation\TECMeetingPreliminary.php(55): CodeIgniter\Debug\Exceptions->errorHandler(2, 'Undefined variable $lista', 'C:\\xampp\\htdocs\\IPMS\\app\\Views\\sys\\BidEvaluation\\TECMeetingPreliminary.php', 55)
 2 SYSTEMPATH\View\View.php(224): include('C:\\xampp\\htdocs\\IPMS\\app\\Views\\sys\\BidEvaluation\\TECMeetingPreliminary.php')
 3 SYSTEMPATH\View\View.php(227): CodeIgniter\View\View->CodeIgniter\View\{closure}()
 4 SYSTEMPATH\Common.php(1176): CodeIgniter\View\View->render('sys/BidEvaluation/TECMeetingPreliminary', [], true)
 5 APPPATH\Controllers\BidEvaluation.php(148): view('sys/BidEvaluation/TECMeetingPreliminary', [...])
 6 SYSTEMPATH\CodeIgniter.php(932): App\Controllers\BidEvaluation->TECMeetingPreliminary()
 7 SYSTEMPATH\CodeIgniter.php(497): CodeIgniter\CodeIgniter->runController(Object(App\Controllers\BidEvaluation))
 8 SYSTEMPATH\CodeIgniter.php(366): CodeIgniter\CodeIgniter->handleRequest(null, Object(Config\Cache), false)
 9 FCPATH\index.php(67): CodeIgniter\CodeIgniter->run()
CRITICAL - 2024-05-18 14:25:50 --> Undefined variable $result
in APPPATH\Views\sys\tender\viewcreatecostestimate.php on line 134.
 1 APPPATH\Views\sys\tender\viewcreatecostestimate.php(134): CodeIgniter\Debug\Exceptions->errorHandler(2, 'Undefined variable $result', 'C:\\xampp\\htdocs\\IPMS\\app\\Views\\sys\\tender\\viewcreatecostestimate.php', 134)
 2 SYSTEMPATH\View\View.php(224): include('C:\\xampp\\htdocs\\IPMS\\app\\Views\\sys\\tender\\viewcreatecostestimate.php')
 3 SYSTEMPATH\View\View.php(227): CodeIgniter\View\View->CodeIgniter\View\{closure}()
 4 SYSTEMPATH\Common.php(1176): CodeIgniter\View\View->render('sys/tender/viewcreatecostestimate', [], true)
 5 APPPATH\Controllers\Tender.php(622): view('sys/tender/viewcreatecostestimate', [...])
 6 SYSTEMPATH\CodeIgniter.php(932): App\Controllers\Tender->viewcreatecostestimate('14')
 7 SYSTEMPATH\CodeIgniter.php(497): CodeIgniter\CodeIgniter->runController(Object(App\Controllers\Tender))
 8 SYSTEMPATH\CodeIgniter.php(366): CodeIgniter\CodeIgniter->handleRequest(null, Object(Config\Cache), false)
 9 FCPATH\index.php(67): CodeIgniter\CodeIgniter->run()
CRITICAL - 2024-05-18 14:26:27 --> Undefined variable $result
in APPPATH\Views\sys\tender\viewcreatecostestimate.php on line 134.
 1 APPPATH\Views\sys\tender\viewcreatecostestimate.php(134): CodeIgniter\Debug\Exceptions->errorHandler(2, 'Undefined variable $result', 'C:\\xampp\\htdocs\\IPMS\\app\\Views\\sys\\tender\\viewcreatecostestimate.php', 134)
 2 SYSTEMPATH\View\View.php(224): include('C:\\xampp\\htdocs\\IPMS\\app\\Views\\sys\\tender\\viewcreatecostestimate.php')
 3 SYSTEMPATH\View\View.php(227): CodeIgniter\View\View->CodeIgniter\View\{closure}()
 4 SYSTEMPATH\Common.php(1176): CodeIgniter\View\View->render('sys/tender/viewcreatecostestimate', [], true)
 5 APPPATH\Controllers\Tender.php(622): view('sys/tender/viewcreatecostestimate', [...])
 6 SYSTEMPATH\CodeIgniter.php(932): App\Controllers\Tender->viewcreatecostestimate('14')
 7 SYSTEMPATH\CodeIgniter.php(497): CodeIgniter\CodeIgniter->runController(Object(App\Controllers\Tender))
 8 SYSTEMPATH\CodeIgniter.php(366): CodeIgniter\CodeIgniter->handleRequest(null, Object(Config\Cache), false)
 9 FCPATH\index.php(67): CodeIgniter\CodeIgniter->run()
CRITICAL - 2024-05-18 14:46:36 --> Class "App\Validation\CostEstimateMasterModel" not found
in APPPATH\validation\ProcurementRules.php on line 58.
 1 SYSTEMPATH\Validation\Validation.php(278): App\Validation\ProcurementRules->validatecostestimate('45000', 'Item,UCost', [...], null, 'UCost')
 2 SYSTEMPATH\Validation\Validation.php(182): CodeIgniter\Validation\Validation->processRules('UCost', 'UCost', '45000', [...], [...])
 3 SYSTEMPATH\Controller.php(141): CodeIgniter\Validation\Validation->run()
 4 APPPATH\Controllers\Tender.php(504): CodeIgniter\Controller->validate([...], [...])
 5 SYSTEMPATH\CodeIgniter.php(932): App\Controllers\Tender->createcostestimate()
 6 SYSTEMPATH\CodeIgniter.php(497): CodeIgniter\CodeIgniter->runController(Object(App\Controllers\Tender))
 7 SYSTEMPATH\CodeIgniter.php(366): CodeIgniter\CodeIgniter->handleRequest(null, Object(Config\Cache), false)
 8 FCPATH\index.php(67): CodeIgniter\CodeIgniter->run()
CRITICAL - 2024-05-18 14:47:21 --> Cannot use App\Models\CostEstimateMasterModel as CostEstimateMasterModel because the name is already in use
in APPPATH\Controllers\Tender.php on line 12.
 1 [internal function]: CodeIgniter\Debug\Exceptions->shutdownHandler()
CRITICAL - 2024-05-18 14:47:33 --> Cannot use App\Models\CostEstimateMasterModel as CostEstimateMasterModel because the name is already in use
in APPPATH\Controllers\Tender.php on line 12.
 1 [internal function]: CodeIgniter\Debug\Exceptions->shutdownHandler()
CRITICAL - 2024-05-18 14:47:38 --> Cannot use App\Models\CostEstimateMasterModel as CostEstimateMasterModel because the name is already in use
in APPPATH\Controllers\Tender.php on line 12.
 1 [internal function]: CodeIgniter\Debug\Exceptions->shutdownHandler()
CRITICAL - 2024-05-18 14:47:39 --> Cannot use App\Models\CostEstimateMasterModel as CostEstimateMasterModel because the name is already in use
in APPPATH\Controllers\Tender.php on line 12.
 1 [internal function]: CodeIgniter\Debug\Exceptions->shutdownHandler()
CRITICAL - 2024-05-18 14:48:34 --> Class "App\Validation\CostEstimateMasterModel" not found
in APPPATH\validation\ProcurementRules.php on line 58.
 1 SYSTEMPATH\Validation\Validation.php(278): App\Validation\ProcurementRules->validatecostestimate('45000', 'Item,UCost', [...], null, 'UCost')
 2 SYSTEMPATH\Validation\Validation.php(182): CodeIgniter\Validation\Validation->processRules('UCost', 'UCost', '45000', [...], [...])
 3 SYSTEMPATH\Controller.php(141): CodeIgniter\Validation\Validation->run()
 4 APPPATH\Controllers\Tender.php(504): CodeIgniter\Controller->validate([...], [...])
 5 SYSTEMPATH\CodeIgniter.php(932): App\Controllers\Tender->createcostestimate()
 6 SYSTEMPATH\CodeIgniter.php(497): CodeIgniter\CodeIgniter->runController(Object(App\Controllers\Tender))
 7 SYSTEMPATH\CodeIgniter.php(366): CodeIgniter\CodeIgniter->handleRequest(null, Object(Config\Cache), false)
 8 FCPATH\index.php(67): CodeIgniter\CodeIgniter->run()
CRITICAL - 2024-05-18 14:50:49 --> Trying to access array offset on value of type null
in APPPATH\Controllers\SubmitedBid.php on line 76.
 1 APPPATH\Controllers\SubmitedBid.php(76): CodeIgniter\Debug\Exceptions->errorHandler(2, 'Trying to access array offset on value of type null', 'C:\\xampp\\htdocs\\IPMS\\app\\Controllers\\SubmitedBid.php', 76)
 2 SYSTEMPATH\CodeIgniter.php(932): App\Controllers\SubmitedBid->OpenedBid('1')
 3 SYSTEMPATH\CodeIgniter.php(497): CodeIgniter\CodeIgniter->runController(Object(App\Controllers\SubmitedBid))
 4 SYSTEMPATH\CodeIgniter.php(366): CodeIgniter\CodeIgniter->handleRequest(null, Object(Config\Cache), false)
 5 FCPATH\index.php(67): CodeIgniter\CodeIgniter->run()
CRITICAL - 2024-05-18 20:21:08 --> Undefined variable $result
in APPPATH\Views\web\viewdetailedBid.php on line 238.
 1 APPPATH\Views\web\viewdetailedBid.php(238): CodeIgniter\Debug\Exceptions->errorHandler(2, 'Undefined variable $result', 'C:\\xampp\\htdocs\\IPMS\\app\\Views\\web\\viewdetailedBid.php', 238)
 2 SYSTEMPATH\View\View.php(224): include('C:\\xampp\\htdocs\\IPMS\\app\\Views\\web\\viewdetailedBid.php')
 3 SYSTEMPATH\View\View.php(227): CodeIgniter\View\View->CodeIgniter\View\{closure}()
 4 SYSTEMPATH\Common.php(1176): CodeIgniter\View\View->render('web/viewdetailedBid', [], true)
 5 APPPATH\Controllers\Web.php(304): view('web/viewdetailedBid', [...])
 6 SYSTEMPATH\CodeIgniter.php(932): App\Controllers\Web->viewdetailedBids('public', 'assets_web', 'vendor', 'purecounter', 'purecounter_vanilla.js')
 7 SYSTEMPATH\CodeIgniter.php(497): CodeIgniter\CodeIgniter->runController(Object(App\Controllers\Web))
 8 SYSTEMPATH\CodeIgniter.php(366): CodeIgniter\CodeIgniter->handleRequest(null, Object(Config\Cache), false)
 9 FCPATH\index.php(67): CodeIgniter\CodeIgniter->run()
CRITICAL - 2024-05-18 20:21:08 --> Undefined variable $result
in APPPATH\Views\web\viewdetailedBid.php on line 238.
 1 APPPATH\Views\web\viewdetailedBid.php(238): CodeIgniter\Debug\Exceptions->errorHandler(2, 'Undefined variable $result', 'C:\\xampp\\htdocs\\IPMS\\app\\Views\\web\\viewdetailedBid.php', 238)
 2 SYSTEMPATH\View\View.php(224): include('C:\\xampp\\htdocs\\IPMS\\app\\Views\\web\\viewdetailedBid.php')
 3 SYSTEMPATH\View\View.php(227): CodeIgniter\View\View->CodeIgniter\View\{closure}()
 4 SYSTEMPATH\Common.php(1176): CodeIgniter\View\View->render('web/viewdetailedBid', [], true)
 5 APPPATH\Controllers\Web.php(304): view('web/viewdetailedBid', [...])
 6 SYSTEMPATH\CodeIgniter.php(932): App\Controllers\Web->viewdetailedBids('public', 'assets_web', 'vendor', 'bootstrap', 'js', 'bootstrap.bundle.min.js')
 7 SYSTEMPATH\CodeIgniter.php(497): CodeIgniter\CodeIgniter->runController(Object(App\Controllers\Web))
 8 SYSTEMPATH\CodeIgniter.php(366): CodeIgniter\CodeIgniter->handleRequest(null, Object(Config\Cache), false)
 9 FCPATH\index.php(67): CodeIgniter\CodeIgniter->run()
CRITICAL - 2024-05-18 20:21:08 --> Undefined variable $result
in APPPATH\Views\web\viewdetailedBid.php on line 238.
 1 APPPATH\Views\web\viewdetailedBid.php(238): CodeIgniter\Debug\Exceptions->errorHandler(2, 'Undefined variable $result', 'C:\\xampp\\htdocs\\IPMS\\app\\Views\\web\\viewdetailedBid.php', 238)
 2 SYSTEMPATH\View\View.php(224): include('C:\\xampp\\htdocs\\IPMS\\app\\Views\\web\\viewdetailedBid.php')
 3 SYSTEMPATH\View\View.php(227): CodeIgniter\View\View->CodeIgniter\View\{closure}()
 4 SYSTEMPATH\Common.php(1176): CodeIgniter\View\View->render('web/viewdetailedBid', [], true)
 5 APPPATH\Controllers\Web.php(304): view('web/viewdetailedBid', [...])
 6 SYSTEMPATH\CodeIgniter.php(932): App\Controllers\Web->viewdetailedBids('public', 'assets_web', 'vendor', 'php-email-form', 'validate.js')
 7 SYSTEMPATH\CodeIgniter.php(497): CodeIgniter\CodeIgniter->runController(Object(App\Controllers\Web))
 8 SYSTEMPATH\CodeIgniter.php(366): CodeIgniter\CodeIgniter->handleRequest(null, Object(Config\Cache), false)
 9 FCPATH\index.php(67): CodeIgniter\CodeIgniter->run()
CRITICAL - 2024-05-18 20:21:08 --> Undefined variable $result
in APPPATH\Views\web\viewdetailedBid.php on line 238.
 1 APPPATH\Views\web\viewdetailedBid.php(238): CodeIgniter\Debug\Exceptions->errorHandler(2, 'Undefined variable $result', 'C:\\xampp\\htdocs\\IPMS\\app\\Views\\web\\viewdetailedBid.php', 238)
 2 SYSTEMPATH\View\View.php(224): include('C:\\xampp\\htdocs\\IPMS\\app\\Views\\web\\viewdetailedBid.php')
 3 SYSTEMPATH\View\View.php(227): CodeIgniter\View\View->CodeIgniter\View\{closure}()
 4 SYSTEMPATH\Common.php(1176): CodeIgniter\View\View->render('web/viewdetailedBid', [], true)
 5 APPPATH\Controllers\Web.php(304): view('web/viewdetailedBid', [...])
 6 SYSTEMPATH\CodeIgniter.php(932): App\Controllers\Web->viewdetailedBids('public', 'assets_web', 'vendor', 'glightbox', 'js', 'glightbox.min.js')
 7 SYSTEMPATH\CodeIgniter.php(497): CodeIgniter\CodeIgniter->runController(Object(App\Controllers\Web))
 8 SYSTEMPATH\CodeIgniter.php(366): CodeIgniter\CodeIgniter->handleRequest(null, Object(Config\Cache), false)
 9 FCPATH\index.php(67): CodeIgniter\CodeIgniter->run()
CRITICAL - 2024-05-18 20:21:08 --> Undefined variable $result
in APPPATH\Views\web\viewdetailedBid.php on line 238.
 1 APPPATH\Views\web\viewdetailedBid.php(238): CodeIgniter\Debug\Exceptions->errorHandler(2, 'Undefined variable $result', 'C:\\xampp\\htdocs\\IPMS\\app\\Views\\web\\viewdetailedBid.php', 238)
 2 SYSTEMPATH\View\View.php(224): include('C:\\xampp\\htdocs\\IPMS\\app\\Views\\web\\viewdetailedBid.php')
 3 SYSTEMPATH\View\View.php(227): CodeIgniter\View\View->CodeIgniter\View\{closure}()
 4 SYSTEMPATH\Common.php(1176): CodeIgniter\View\View->render('web/viewdetailedBid', [], true)
 5 APPPATH\Controllers\Web.php(304): view('web/viewdetailedBid', [...])
 6 SYSTEMPATH\CodeIgniter.php(932): App\Controllers\Web->viewdetailedBids('public', 'assets_web', 'vendor', 'swiper', 'swiper-bundle.min.js')
 7 SYSTEMPATH\CodeIgniter.php(497): CodeIgniter\CodeIgniter->runController(Object(App\Controllers\Web))
 8 SYSTEMPATH\CodeIgniter.php(366): CodeIgniter\CodeIgniter->handleRequest(null, Object(Config\Cache), false)
 9 FCPATH\index.php(67): CodeIgniter\CodeIgniter->run()
CRITICAL - 2024-05-18 20:21:08 --> Undefined variable $result
in APPPATH\Views\web\viewdetailedBid.php on line 238.
 1 APPPATH\Views\web\viewdetailedBid.php(238): CodeIgniter\Debug\Exceptions->errorHandler(2, 'Undefined variable $result', 'C:\\xampp\\htdocs\\IPMS\\app\\Views\\web\\viewdetailedBid.php', 238)
 2 SYSTEMPATH\View\View.php(224): include('C:\\xampp\\htdocs\\IPMS\\app\\Views\\web\\viewdetailedBid.php')
 3 SYSTEMPATH\View\View.php(227): CodeIgniter\View\View->CodeIgniter\View\{closure}()
 4 SYSTEMPATH\Common.php(1176): CodeIgniter\View\View->render('web/viewdetailedBid', [], true)
 5 APPPATH\Controllers\Web.php(304): view('web/viewdetailedBid', [...])
 6 SYSTEMPATH\CodeIgniter.php(932): App\Controllers\Web->viewdetailedBids('public', 'assets_web', 'vendor', 'isotope-layout', 'isotope.pkgd.min.js')
 7 SYSTEMPATH\CodeIgniter.php(497): CodeIgniter\CodeIgniter->runController(Object(App\Controllers\Web))
 8 SYSTEMPATH\CodeIgniter.php(366): CodeIgniter\CodeIgniter->handleRequest(null, Object(Config\Cache), false)
 9 FCPATH\index.php(67): CodeIgniter\CodeIgniter->run()
CRITICAL - 2024-05-18 20:21:08 --> Undefined variable $result
in APPPATH\Views\web\viewdetailedBid.php on line 238.
 1 APPPATH\Views\web\viewdetailedBid.php(238): CodeIgniter\Debug\Exceptions->errorHandler(2, 'Undefined variable $result', 'C:\\xampp\\htdocs\\IPMS\\app\\Views\\web\\viewdetailedBid.php', 238)
 2 SYSTEMPATH\View\View.php(224): include('C:\\xampp\\htdocs\\IPMS\\app\\Views\\web\\viewdetailedBid.php')
 3 SYSTEMPATH\View\View.php(227): CodeIgniter\View\View->CodeIgniter\View\{closure}()
 4 SYSTEMPATH\Common.php(1176): CodeIgniter\View\View->render('web/viewdetailedBid', [], true)
 5 APPPATH\Controllers\Web.php(304): view('web/viewdetailedBid', [...])
 6 SYSTEMPATH\CodeIgniter.php(932): App\Controllers\Web->viewdetailedBids('public', 'assets_web', 'js', 'main.js')
 7 SYSTEMPATH\CodeIgniter.php(497): CodeIgniter\CodeIgniter->runController(Object(App\Controllers\Web))
 8 SYSTEMPATH\CodeIgniter.php(366): CodeIgniter\CodeIgniter->handleRequest(null, Object(Config\Cache), false)
 9 FCPATH\index.php(67): CodeIgniter\CodeIgniter->run()
CRITICAL - 2024-05-18 20:21:08 --> Undefined variable $result
in APPPATH\Views\web\viewdetailedBid.php on line 238.
 1 APPPATH\Views\web\viewdetailedBid.php(238): CodeIgniter\Debug\Exceptions->errorHandler(2, 'Undefined variable $result', 'C:\\xampp\\htdocs\\IPMS\\app\\Views\\web\\viewdetailedBid.php', 238)
 2 SYSTEMPATH\View\View.php(224): include('C:\\xampp\\htdocs\\IPMS\\app\\Views\\web\\viewdetailedBid.php')
 3 SYSTEMPATH\View\View.php(227): CodeIgniter\View\View->CodeIgniter\View\{closure}()
 4 SYSTEMPATH\Common.php(1176): CodeIgniter\View\View->render('web/viewdetailedBid', [], true)
 5 APPPATH\Controllers\Web.php(304): view('web/viewdetailedBid', [...])
 6 SYSTEMPATH\CodeIgniter.php(932): App\Controllers\Web->viewdetailedBids('public', 'assets_web', 'js', 'carousel.js')
 7 SYSTEMPATH\CodeIgniter.php(497): CodeIgniter\CodeIgniter->runController(Object(App\Controllers\Web))
 8 SYSTEMPATH\CodeIgniter.php(366): CodeIgniter\CodeIgniter->handleRequest(null, Object(Config\Cache), false)
 9 FCPATH\index.php(67): CodeIgniter\CodeIgniter->run()
CRITICAL - 2024-05-18 20:21:18 --> Undefined variable $result
in APPPATH\Views\web\viewdetailedBid.php on line 238.
 1 APPPATH\Views\web\viewdetailedBid.php(238): CodeIgniter\Debug\Exceptions->errorHandler(2, 'Undefined variable $result', 'C:\\xampp\\htdocs\\IPMS\\app\\Views\\web\\viewdetailedBid.php', 238)
 2 SYSTEMPATH\View\View.php(224): include('C:\\xampp\\htdocs\\IPMS\\app\\Views\\web\\viewdetailedBid.php')
 3 SYSTEMPATH\View\View.php(227): CodeIgniter\View\View->CodeIgniter\View\{closure}()
 4 SYSTEMPATH\Common.php(1176): CodeIgniter\View\View->render('web/viewdetailedBid', [], true)
 5 APPPATH\Controllers\Web.php(304): view('web/viewdetailedBid', [...])
 6 SYSTEMPATH\CodeIgniter.php(932): App\Controllers\Web->viewdetailedBids('public', 'assets_web', 'vendor', 'swiper', 'swiper-bundle.min.js')
 7 SYSTEMPATH\CodeIgniter.php(497): CodeIgniter\CodeIgniter->runController(Object(App\Controllers\Web))
 8 SYSTEMPATH\CodeIgniter.php(366): CodeIgniter\CodeIgniter->handleRequest(null, Object(Config\Cache), false)
 9 FCPATH\index.php(67): CodeIgniter\CodeIgniter->run()
CRITICAL - 2024-05-18 20:21:18 --> Undefined variable $result
in APPPATH\Views\web\viewdetailedBid.php on line 238.
 1 APPPATH\Views\web\viewdetailedBid.php(238): CodeIgniter\Debug\Exceptions->errorHandler(2, 'Undefined variable $result', 'C:\\xampp\\htdocs\\IPMS\\app\\Views\\web\\viewdetailedBid.php', 238)
 2 SYSTEMPATH\View\View.php(224): include('C:\\xampp\\htdocs\\IPMS\\app\\Views\\web\\viewdetailedBid.php')
 3 SYSTEMPATH\View\View.php(227): CodeIgniter\View\View->CodeIgniter\View\{closure}()
 4 SYSTEMPATH\Common.php(1176): CodeIgniter\View\View->render('web/viewdetailedBid', [], true)
 5 APPPATH\Controllers\Web.php(304): view('web/viewdetailedBid', [...])
 6 SYSTEMPATH\CodeIgniter.php(932): App\Controllers\Web->viewdetailedBids('public', 'assets_web', 'vendor', 'php-email-form', 'validate.js')
 7 SYSTEMPATH\CodeIgniter.php(497): CodeIgniter\CodeIgniter->runController(Object(App\Controllers\Web))
 8 SYSTEMPATH\CodeIgniter.php(366): CodeIgniter\CodeIgniter->handleRequest(null, Object(Config\Cache), false)
 9 FCPATH\index.php(67): CodeIgniter\CodeIgniter->run()
CRITICAL - 2024-05-18 20:21:18 --> Undefined variable $result
in APPPATH\Views\web\viewdetailedBid.php on line 238.
 1 APPPATH\Views\web\viewdetailedBid.php(238): CodeIgniter\Debug\Exceptions->errorHandler(2, 'Undefined variable $result', 'C:\\xampp\\htdocs\\IPMS\\app\\Views\\web\\viewdetailedBid.php', 238)
 2 SYSTEMPATH\View\View.php(224): include('C:\\xampp\\htdocs\\IPMS\\app\\Views\\web\\viewdetailedBid.php')
 3 SYSTEMPATH\View\View.php(227): CodeIgniter\View\View->CodeIgniter\View\{closure}()
 4 SYSTEMPATH\Common.php(1176): CodeIgniter\View\View->render('web/viewdetailedBid', [], true)
 5 APPPATH\Controllers\Web.php(304): view('web/viewdetailedBid', [...])
 6 SYSTEMPATH\CodeIgniter.php(932): App\Controllers\Web->viewdetailedBids('public', 'assets_web', 'vendor', 'bootstrap', 'js', 'bootstrap.bundle.min.js')
 7 SYSTEMPATH\CodeIgniter.php(497): CodeIgniter\CodeIgniter->runController(Object(App\Controllers\Web))
 8 SYSTEMPATH\CodeIgniter.php(366): CodeIgniter\CodeIgniter->handleRequest(null, Object(Config\Cache), false)
 9 FCPATH\index.php(67): CodeIgniter\CodeIgniter->run()
CRITICAL - 2024-05-18 20:21:18 --> Undefined variable $result
in APPPATH\Views\web\viewdetailedBid.php on line 238.
 1 APPPATH\Views\web\viewdetailedBid.php(238): CodeIgniter\Debug\Exceptions->errorHandler(2, 'Undefined variable $result', 'C:\\xampp\\htdocs\\IPMS\\app\\Views\\web\\viewdetailedBid.php', 238)
 2 SYSTEMPATH\View\View.php(224): include('C:\\xampp\\htdocs\\IPMS\\app\\Views\\web\\viewdetailedBid.php')
 3 SYSTEMPATH\View\View.php(227): CodeIgniter\View\View->CodeIgniter\View\{closure}()
 4 SYSTEMPATH\Common.php(1176): CodeIgniter\View\View->render('web/viewdetailedBid', [], true)
 5 APPPATH\Controllers\Web.php(304): view('web/viewdetailedBid', [...])
 6 SYSTEMPATH\CodeIgniter.php(932): App\Controllers\Web->viewdetailedBids('public', 'assets_web', 'vendor', 'purecounter', 'purecounter_vanilla.js')
 7 SYSTEMPATH\CodeIgniter.php(497): CodeIgniter\CodeIgniter->runController(Object(App\Controllers\Web))
 8 SYSTEMPATH\CodeIgniter.php(366): CodeIgniter\CodeIgniter->handleRequest(null, Object(Config\Cache), false)
 9 FCPATH\index.php(67): CodeIgniter\CodeIgniter->run()
CRITICAL - 2024-05-18 20:21:18 --> Undefined variable $result
in APPPATH\Views\web\viewdetailedBid.php on line 238.
 1 APPPATH\Views\web\viewdetailedBid.php(238): CodeIgniter\Debug\Exceptions->errorHandler(2, 'Undefined variable $result', 'C:\\xampp\\htdocs\\IPMS\\app\\Views\\web\\viewdetailedBid.php', 238)
 2 SYSTEMPATH\View\View.php(224): include('C:\\xampp\\htdocs\\IPMS\\app\\Views\\web\\viewdetailedBid.php')
 3 SYSTEMPATH\View\View.php(227): CodeIgniter\View\View->CodeIgniter\View\{closure}()
 4 SYSTEMPATH\Common.php(1176): CodeIgniter\View\View->render('web/viewdetailedBid', [], true)
 5 APPPATH\Controllers\Web.php(304): view('web/viewdetailedBid', [...])
 6 SYSTEMPATH\CodeIgniter.php(932): App\Controllers\Web->viewdetailedBids('public', 'assets_web', 'vendor', 'glightbox', 'js', 'glightbox.min.js')
 7 SYSTEMPATH\CodeIgniter.php(497): CodeIgniter\CodeIgniter->runController(Object(App\Controllers\Web))
 8 SYSTEMPATH\CodeIgniter.php(366): CodeIgniter\CodeIgniter->handleRequest(null, Object(Config\Cache), false)
 9 FCPATH\index.php(67): CodeIgniter\CodeIgniter->run()
CRITICAL - 2024-05-18 20:21:19 --> Undefined variable $result
in APPPATH\Views\web\viewdetailedBid.php on line 238.
 1 APPPATH\Views\web\viewdetailedBid.php(238): CodeIgniter\Debug\Exceptions->errorHandler(2, 'Undefined variable $result', 'C:\\xampp\\htdocs\\IPMS\\app\\Views\\web\\viewdetailedBid.php', 238)
 2 SYSTEMPATH\View\View.php(224): include('C:\\xampp\\htdocs\\IPMS\\app\\Views\\web\\viewdetailedBid.php')
 3 SYSTEMPATH\View\View.php(227): CodeIgniter\View\View->CodeIgniter\View\{closure}()
 4 SYSTEMPATH\Common.php(1176): CodeIgniter\View\View->render('web/viewdetailedBid', [], true)
 5 APPPATH\Controllers\Web.php(304): view('web/viewdetailedBid', [...])
 6 SYSTEMPATH\CodeIgniter.php(932): App\Controllers\Web->viewdetailedBids('public', 'assets_web', 'vendor', 'isotope-layout', 'isotope.pkgd.min.js')
 7 SYSTEMPATH\CodeIgniter.php(497): CodeIgniter\CodeIgniter->runController(Object(App\Controllers\Web))
 8 SYSTEMPATH\CodeIgniter.php(366): CodeIgniter\CodeIgniter->handleRequest(null, Object(Config\Cache), false)
 9 FCPATH\index.php(67): CodeIgniter\CodeIgniter->run()
CRITICAL - 2024-05-18 20:21:19 --> Undefined variable $result
in APPPATH\Views\web\viewdetailedBid.php on line 238.
 1 APPPATH\Views\web\viewdetailedBid.php(238): CodeIgniter\Debug\Exceptions->errorHandler(2, 'Undefined variable $result', 'C:\\xampp\\htdocs\\IPMS\\app\\Views\\web\\viewdetailedBid.php', 238)
 2 SYSTEMPATH\View\View.php(224): include('C:\\xampp\\htdocs\\IPMS\\app\\Views\\web\\viewdetailedBid.php')
 3 SYSTEMPATH\View\View.php(227): CodeIgniter\View\View->CodeIgniter\View\{closure}()
 4 SYSTEMPATH\Common.php(1176): CodeIgniter\View\View->render('web/viewdetailedBid', [], true)
 5 APPPATH\Controllers\Web.php(304): view('web/viewdetailedBid', [...])
 6 SYSTEMPATH\CodeIgniter.php(932): App\Controllers\Web->viewdetailedBids('public', 'assets_web', 'js', 'carousel.js')
 7 SYSTEMPATH\CodeIgniter.php(497): CodeIgniter\CodeIgniter->runController(Object(App\Controllers\Web))
 8 SYSTEMPATH\CodeIgniter.php(366): CodeIgniter\CodeIgniter->handleRequest(null, Object(Config\Cache), false)
 9 FCPATH\index.php(67): CodeIgniter\CodeIgniter->run()
CRITICAL - 2024-05-18 20:21:19 --> Undefined variable $result
in APPPATH\Views\web\viewdetailedBid.php on line 238.
 1 APPPATH\Views\web\viewdetailedBid.php(238): CodeIgniter\Debug\Exceptions->errorHandler(2, 'Undefined variable $result', 'C:\\xampp\\htdocs\\IPMS\\app\\Views\\web\\viewdetailedBid.php', 238)
 2 SYSTEMPATH\View\View.php(224): include('C:\\xampp\\htdocs\\IPMS\\app\\Views\\web\\viewdetailedBid.php')
 3 SYSTEMPATH\View\View.php(227): CodeIgniter\View\View->CodeIgniter\View\{closure}()
 4 SYSTEMPATH\Common.php(1176): CodeIgniter\View\View->render('web/viewdetailedBid', [], true)
 5 APPPATH\Controllers\Web.php(304): view('web/viewdetailedBid', [...])
 6 SYSTEMPATH\CodeIgniter.php(932): App\Controllers\Web->viewdetailedBids('public', 'assets_web', 'js', 'main.js')
 7 SYSTEMPATH\CodeIgniter.php(497): CodeIgniter\CodeIgniter->runController(Object(App\Controllers\Web))
 8 SYSTEMPATH\CodeIgniter.php(366): CodeIgniter\CodeIgniter->handleRequest(null, Object(Config\Cache), false)
 9 FCPATH\index.php(67): CodeIgniter\CodeIgniter->run()
CRITICAL - 2024-05-18 20:22:20 --> Undefined variable $result
in APPPATH\Views\web\viewdetailedBid.php on line 238.
 1 APPPATH\Views\web\viewdetailedBid.php(238): CodeIgniter\Debug\Exceptions->errorHandler(2, 'Undefined variable $result', 'C:\\xampp\\htdocs\\IPMS\\app\\Views\\web\\viewdetailedBid.php', 238)
 2 SYSTEMPATH\View\View.php(224): include('C:\\xampp\\htdocs\\IPMS\\app\\Views\\web\\viewdetailedBid.php')
 3 SYSTEMPATH\View\View.php(227): CodeIgniter\View\View->CodeIgniter\View\{closure}()
 4 SYSTEMPATH\Common.php(1176): CodeIgniter\View\View->render('web/viewdetailedBid', [], true)
 5 APPPATH\Controllers\Web.php(304): view('web/viewdetailedBid', [...])
 6 SYSTEMPATH\CodeIgniter.php(932): App\Controllers\Web->viewdetailedBids('public', 'assets_web', 'vendor', 'purecounter', 'purecounter_vanilla.js')
 7 SYSTEMPATH\CodeIgniter.php(497): CodeIgniter\CodeIgniter->runController(Object(App\Controllers\Web))
 8 SYSTEMPATH\CodeIgniter.php(366): CodeIgniter\CodeIgniter->handleRequest(null, Object(Config\Cache), false)
 9 FCPATH\index.php(67): CodeIgniter\CodeIgniter->run()
CRITICAL - 2024-05-18 20:22:20 --> Undefined variable $result
in APPPATH\Views\web\viewdetailedBid.php on line 238.
 1 APPPATH\Views\web\viewdetailedBid.php(238): CodeIgniter\Debug\Exceptions->errorHandler(2, 'Undefined variable $result', 'C:\\xampp\\htdocs\\IPMS\\app\\Views\\web\\viewdetailedBid.php', 238)
 2 SYSTEMPATH\View\View.php(224): include('C:\\xampp\\htdocs\\IPMS\\app\\Views\\web\\viewdetailedBid.php')
 3 SYSTEMPATH\View\View.php(227): CodeIgniter\View\View->CodeIgniter\View\{closure}()
 4 SYSTEMPATH\Common.php(1176): CodeIgniter\View\View->render('web/viewdetailedBid', [], true)
 5 APPPATH\Controllers\Web.php(304): view('web/viewdetailedBid', [...])
 6 SYSTEMPATH\CodeIgniter.php(932): App\Controllers\Web->viewdetailedBids('public', 'assets_web', 'vendor', 'swiper', 'swiper-bundle.min.js')
 7 SYSTEMPATH\CodeIgniter.php(497): CodeIgniter\CodeIgniter->runController(Object(App\Controllers\Web))
 8 SYSTEMPATH\CodeIgniter.php(366): CodeIgniter\CodeIgniter->handleRequest(null, Object(Config\Cache), false)
 9 FCPATH\index.php(67): CodeIgniter\CodeIgniter->run()
CRITICAL - 2024-05-18 20:22:20 --> Undefined variable $result
in APPPATH\Views\web\viewdetailedBid.php on line 238.
 1 APPPATH\Views\web\viewdetailedBid.php(238): CodeIgniter\Debug\Exceptions->errorHandler(2, 'Undefined variable $result', 'C:\\xampp\\htdocs\\IPMS\\app\\Views\\web\\viewdetailedBid.php', 238)
 2 SYSTEMPATH\View\View.php(224): include('C:\\xampp\\htdocs\\IPMS\\app\\Views\\web\\viewdetailedBid.php')
 3 SYSTEMPATH\View\View.php(227): CodeIgniter\View\View->CodeIgniter\View\{closure}()
 4 SYSTEMPATH\Common.php(1176): CodeIgniter\View\View->render('web/viewdetailedBid', [], true)
 5 APPPATH\Controllers\Web.php(304): view('web/viewdetailedBid', [...])
 6 SYSTEMPATH\CodeIgniter.php(932): App\Controllers\Web->viewdetailedBids('public', 'assets_web', 'vendor', 'bootstrap', 'js', 'bootstrap.bundle.min.js')
 7 SYSTEMPATH\CodeIgniter.php(497): CodeIgniter\CodeIgniter->runController(Object(App\Controllers\Web))
 8 SYSTEMPATH\CodeIgniter.php(366): CodeIgniter\CodeIgniter->handleRequest(null, Object(Config\Cache), false)
 9 FCPATH\index.php(67): CodeIgniter\CodeIgniter->run()
CRITICAL - 2024-05-18 20:22:20 --> Undefined variable $result
in APPPATH\Views\web\viewdetailedBid.php on line 238.
 1 APPPATH\Views\web\viewdetailedBid.php(238): CodeIgniter\Debug\Exceptions->errorHandler(2, 'Undefined variable $result', 'C:\\xampp\\htdocs\\IPMS\\app\\Views\\web\\viewdetailedBid.php', 238)
 2 SYSTEMPATH\View\View.php(224): include('C:\\xampp\\htdocs\\IPMS\\app\\Views\\web\\viewdetailedBid.php')
 3 SYSTEMPATH\View\View.php(227): CodeIgniter\View\View->CodeIgniter\View\{closure}()
 4 SYSTEMPATH\Common.php(1176): CodeIgniter\View\View->render('web/viewdetailedBid', [], true)
 5 APPPATH\Controllers\Web.php(304): view('web/viewdetailedBid', [...])
 6 SYSTEMPATH\CodeIgniter.php(932): App\Controllers\Web->viewdetailedBids('public', 'assets_web', 'vendor', 'glightbox', 'js', 'glightbox.min.js')
 7 SYSTEMPATH\CodeIgniter.php(497): CodeIgniter\CodeIgniter->runController(Object(App\Controllers\Web))
 8 SYSTEMPATH\CodeIgniter.php(366): CodeIgniter\CodeIgniter->handleRequest(null, Object(Config\Cache), false)
 9 FCPATH\index.php(67): CodeIgniter\CodeIgniter->run()
CRITICAL - 2024-05-18 20:22:20 --> Undefined variable $result
in APPPATH\Views\web\viewdetailedBid.php on line 238.
 1 APPPATH\Views\web\viewdetailedBid.php(238): CodeIgniter\Debug\Exceptions->errorHandler(2, 'Undefined variable $result', 'C:\\xampp\\htdocs\\IPMS\\app\\Views\\web\\viewdetailedBid.php', 238)
 2 SYSTEMPATH\View\View.php(224): include('C:\\xampp\\htdocs\\IPMS\\app\\Views\\web\\viewdetailedBid.php')
 3 SYSTEMPATH\View\View.php(227): CodeIgniter\View\View->CodeIgniter\View\{closure}()
 4 SYSTEMPATH\Common.php(1176): CodeIgniter\View\View->render('web/viewdetailedBid', [], true)
 5 APPPATH\Controllers\Web.php(304): view('web/viewdetailedBid', [...])
 6 SYSTEMPATH\CodeIgniter.php(932): App\Controllers\Web->viewdetailedBids('public', 'assets_web', 'vendor', 'isotope-layout', 'isotope.pkgd.min.js')
 7 SYSTEMPATH\CodeIgniter.php(497): CodeIgniter\CodeIgniter->runController(Object(App\Controllers\Web))
 8 SYSTEMPATH\CodeIgniter.php(366): CodeIgniter\CodeIgniter->handleRequest(null, Object(Config\Cache), false)
 9 FCPATH\index.php(67): CodeIgniter\CodeIgniter->run()
CRITICAL - 2024-05-18 20:22:20 --> Undefined variable $result
in APPPATH\Views\web\viewdetailedBid.php on line 238.
 1 APPPATH\Views\web\viewdetailedBid.php(238): CodeIgniter\Debug\Exceptions->errorHandler(2, 'Undefined variable $result', 'C:\\xampp\\htdocs\\IPMS\\app\\Views\\web\\viewdetailedBid.php', 238)
 2 SYSTEMPATH\View\View.php(224): include('C:\\xampp\\htdocs\\IPMS\\app\\Views\\web\\viewdetailedBid.php')
 3 SYSTEMPATH\View\View.php(227): CodeIgniter\View\View->CodeIgniter\View\{closure}()
 4 SYSTEMPATH\Common.php(1176): CodeIgniter\View\View->render('web/viewdetailedBid', [], true)
 5 APPPATH\Controllers\Web.php(304): view('web/viewdetailedBid', [...])
 6 SYSTEMPATH\CodeIgniter.php(932): App\Controllers\Web->viewdetailedBids('public', 'assets_web', 'vendor', 'php-email-form', 'validate.js')
 7 SYSTEMPATH\CodeIgniter.php(497): CodeIgniter\CodeIgniter->runController(Object(App\Controllers\Web))
 8 SYSTEMPATH\CodeIgniter.php(366): CodeIgniter\CodeIgniter->handleRequest(null, Object(Config\Cache), false)
 9 FCPATH\index.php(67): CodeIgniter\CodeIgniter->run()
CRITICAL - 2024-05-18 20:22:20 --> Undefined variable $result
in APPPATH\Views\web\viewdetailedBid.php on line 238.
 1 APPPATH\Views\web\viewdetailedBid.php(238): CodeIgniter\Debug\Exceptions->errorHandler(2, 'Undefined variable $result', 'C:\\xampp\\htdocs\\IPMS\\app\\Views\\web\\viewdetailedBid.php', 238)
 2 SYSTEMPATH\View\View.php(224): include('C:\\xampp\\htdocs\\IPMS\\app\\Views\\web\\viewdetailedBid.php')
 3 SYSTEMPATH\View\View.php(227): CodeIgniter\View\View->CodeIgniter\View\{closure}()
 4 SYSTEMPATH\Common.php(1176): CodeIgniter\View\View->render('web/viewdetailedBid', [], true)
 5 APPPATH\Controllers\Web.php(304): view('web/viewdetailedBid', [...])
 6 SYSTEMPATH\CodeIgniter.php(932): App\Controllers\Web->viewdetailedBids('public', 'assets_web', 'js', 'main.js')
 7 SYSTEMPATH\CodeIgniter.php(497): CodeIgniter\CodeIgniter->runController(Object(App\Controllers\Web))
 8 SYSTEMPATH\CodeIgniter.php(366): CodeIgniter\CodeIgniter->handleRequest(null, Object(Config\Cache), false)
 9 FCPATH\index.php(67): CodeIgniter\CodeIgniter->run()
CRITICAL - 2024-05-18 20:22:20 --> Undefined variable $result
in APPPATH\Views\web\viewdetailedBid.php on line 238.
 1 APPPATH\Views\web\viewdetailedBid.php(238): CodeIgniter\Debug\Exceptions->errorHandler(2, 'Undefined variable $result', 'C:\\xampp\\htdocs\\IPMS\\app\\Views\\web\\viewdetailedBid.php', 238)
 2 SYSTEMPATH\View\View.php(224): include('C:\\xampp\\htdocs\\IPMS\\app\\Views\\web\\viewdetailedBid.php')
 3 SYSTEMPATH\View\View.php(227): CodeIgniter\View\View->CodeIgniter\View\{closure}()
 4 SYSTEMPATH\Common.php(1176): CodeIgniter\View\View->render('web/viewdetailedBid', [], true)
 5 APPPATH\Controllers\Web.php(304): view('web/viewdetailedBid', [...])
 6 SYSTEMPATH\CodeIgniter.php(932): App\Controllers\Web->viewdetailedBids('public', 'assets_web', 'js', 'carousel.js')
 7 SYSTEMPATH\CodeIgniter.php(497): CodeIgniter\CodeIgniter->runController(Object(App\Controllers\Web))
 8 SYSTEMPATH\CodeIgniter.php(366): CodeIgniter\CodeIgniter->handleRequest(null, Object(Config\Cache), false)
 9 FCPATH\index.php(67): CodeIgniter\CodeIgniter->run()
CRITICAL - 2024-05-18 20:22:26 --> Undefined variable $result
in APPPATH\Views\web\viewdetailedBid.php on line 238.
 1 APPPATH\Views\web\viewdetailedBid.php(238): CodeIgniter\Debug\Exceptions->errorHandler(2, 'Undefined variable $result', 'C:\\xampp\\htdocs\\IPMS\\app\\Views\\web\\viewdetailedBid.php', 238)
 2 SYSTEMPATH\View\View.php(224): include('C:\\xampp\\htdocs\\IPMS\\app\\Views\\web\\viewdetailedBid.php')
 3 SYSTEMPATH\View\View.php(227): CodeIgniter\View\View->CodeIgniter\View\{closure}()
 4 SYSTEMPATH\Common.php(1176): CodeIgniter\View\View->render('web/viewdetailedBid', [], true)
 5 APPPATH\Controllers\Web.php(304): view('web/viewdetailedBid', [...])
 6 SYSTEMPATH\CodeIgniter.php(932): App\Controllers\Web->viewdetailedBids('public', 'assets_web', 'vendor', 'bootstrap', 'js', 'bootstrap.bundle.min.js')
 7 SYSTEMPATH\CodeIgniter.php(497): CodeIgniter\CodeIgniter->runController(Object(App\Controllers\Web))
 8 SYSTEMPATH\CodeIgniter.php(366): CodeIgniter\CodeIgniter->handleRequest(null, Object(Config\Cache), false)
 9 FCPATH\index.php(67): CodeIgniter\CodeIgniter->run()
CRITICAL - 2024-05-18 20:22:26 --> Undefined variable $result
in APPPATH\Views\web\viewdetailedBid.php on line 238.
 1 APPPATH\Views\web\viewdetailedBid.php(238): CodeIgniter\Debug\Exceptions->errorHandler(2, 'Undefined variable $result', 'C:\\xampp\\htdocs\\IPMS\\app\\Views\\web\\viewdetailedBid.php', 238)
 2 SYSTEMPATH\View\View.php(224): include('C:\\xampp\\htdocs\\IPMS\\app\\Views\\web\\viewdetailedBid.php')
 3 SYSTEMPATH\View\View.php(227): CodeIgniter\View\View->CodeIgniter\View\{closure}()
 4 SYSTEMPATH\Common.php(1176): CodeIgniter\View\View->render('web/viewdetailedBid', [], true)
 5 APPPATH\Controllers\Web.php(304): view('web/viewdetailedBid', [...])
 6 SYSTEMPATH\CodeIgniter.php(932): App\Controllers\Web->viewdetailedBids('public', 'assets_web', 'vendor', 'purecounter', 'purecounter_vanilla.js')
 7 SYSTEMPATH\CodeIgniter.php(497): CodeIgniter\CodeIgniter->runController(Object(App\Controllers\Web))
 8 SYSTEMPATH\CodeIgniter.php(366): CodeIgniter\CodeIgniter->handleRequest(null, Object(Config\Cache), false)
 9 FCPATH\index.php(67): CodeIgniter\CodeIgniter->run()
CRITICAL - 2024-05-18 20:22:26 --> Undefined variable $result
in APPPATH\Views\web\viewdetailedBid.php on line 238.
 1 APPPATH\Views\web\viewdetailedBid.php(238): CodeIgniter\Debug\Exceptions->errorHandler(2, 'Undefined variable $result', 'C:\\xampp\\htdocs\\IPMS\\app\\Views\\web\\viewdetailedBid.php', 238)
 2 SYSTEMPATH\View\View.php(224): include('C:\\xampp\\htdocs\\IPMS\\app\\Views\\web\\viewdetailedBid.php')
 3 SYSTEMPATH\View\View.php(227): CodeIgniter\View\View->CodeIgniter\View\{closure}()
 4 SYSTEMPATH\Common.php(1176): CodeIgniter\View\View->render('web/viewdetailedBid', [], true)
 5 APPPATH\Controllers\Web.php(304): view('web/viewdetailedBid', [...])
 6 SYSTEMPATH\CodeIgniter.php(932): App\Controllers\Web->viewdetailedBids('public', 'assets_web', 'vendor', 'swiper', 'swiper-bundle.min.js')
 7 SYSTEMPATH\CodeIgniter.php(497): CodeIgniter\CodeIgniter->runController(Object(App\Controllers\Web))
 8 SYSTEMPATH\CodeIgniter.php(366): CodeIgniter\CodeIgniter->handleRequest(null, Object(Config\Cache), false)
 9 FCPATH\index.php(67): CodeIgniter\CodeIgniter->run()
CRITICAL - 2024-05-18 20:22:26 --> Undefined variable $result
in APPPATH\Views\web\viewdetailedBid.php on line 238.
 1 APPPATH\Views\web\viewdetailedBid.php(238): CodeIgniter\Debug\Exceptions->errorHandler(2, 'Undefined variable $result', 'C:\\xampp\\htdocs\\IPMS\\app\\Views\\web\\viewdetailedBid.php', 238)
 2 SYSTEMPATH\View\View.php(224): include('C:\\xampp\\htdocs\\IPMS\\app\\Views\\web\\viewdetailedBid.php')
 3 SYSTEMPATH\View\View.php(227): CodeIgniter\View\View->CodeIgniter\View\{closure}()
 4 SYSTEMPATH\Common.php(1176): CodeIgniter\View\View->render('web/viewdetailedBid', [], true)
 5 APPPATH\Controllers\Web.php(304): view('web/viewdetailedBid', [...])
 6 SYSTEMPATH\CodeIgniter.php(932): App\Controllers\Web->viewdetailedBids('public', 'assets_web', 'vendor', 'php-email-form', 'validate.js')
 7 SYSTEMPATH\CodeIgniter.php(497): CodeIgniter\CodeIgniter->runController(Object(App\Controllers\Web))
 8 SYSTEMPATH\CodeIgniter.php(366): CodeIgniter\CodeIgniter->handleRequest(null, Object(Config\Cache), false)
 9 FCPATH\index.php(67): CodeIgniter\CodeIgniter->run()
CRITICAL - 2024-05-18 20:22:26 --> Undefined variable $result
in APPPATH\Views\web\viewdetailedBid.php on line 238.
 1 APPPATH\Views\web\viewdetailedBid.php(238): CodeIgniter\Debug\Exceptions->errorHandler(2, 'Undefined variable $result', 'C:\\xampp\\htdocs\\IPMS\\app\\Views\\web\\viewdetailedBid.php', 238)
 2 SYSTEMPATH\View\View.php(224): include('C:\\xampp\\htdocs\\IPMS\\app\\Views\\web\\viewdetailedBid.php')
 3 SYSTEMPATH\View\View.php(227): CodeIgniter\View\View->CodeIgniter\View\{closure}()
 4 SYSTEMPATH\Common.php(1176): CodeIgniter\View\View->render('web/viewdetailedBid', [], true)
 5 APPPATH\Controllers\Web.php(304): view('web/viewdetailedBid', [...])
 6 SYSTEMPATH\CodeIgniter.php(932): App\Controllers\Web->viewdetailedBids('public', 'assets_web', 'vendor', 'isotope-layout', 'isotope.pkgd.min.js')
 7 SYSTEMPATH\CodeIgniter.php(497): CodeIgniter\CodeIgniter->runController(Object(App\Controllers\Web))
 8 SYSTEMPATH\CodeIgniter.php(366): CodeIgniter\CodeIgniter->handleRequest(null, Object(Config\Cache), false)
 9 FCPATH\index.php(67): CodeIgniter\CodeIgniter->run()
CRITICAL - 2024-05-18 20:22:26 --> Undefined variable $result
in APPPATH\Views\web\viewdetailedBid.php on line 238.
 1 APPPATH\Views\web\viewdetailedBid.php(238): CodeIgniter\Debug\Exceptions->errorHandler(2, 'Undefined variable $result', 'C:\\xampp\\htdocs\\IPMS\\app\\Views\\web\\viewdetailedBid.php', 238)
 2 SYSTEMPATH\View\View.php(224): include('C:\\xampp\\htdocs\\IPMS\\app\\Views\\web\\viewdetailedBid.php')
 3 SYSTEMPATH\View\View.php(227): CodeIgniter\View\View->CodeIgniter\View\{closure}()
 4 SYSTEMPATH\Common.php(1176): CodeIgniter\View\View->render('web/viewdetailedBid', [], true)
 5 APPPATH\Controllers\Web.php(304): view('web/viewdetailedBid', [...])
 6 SYSTEMPATH\CodeIgniter.php(932): App\Controllers\Web->viewdetailedBids('public', 'assets_web', 'vendor', 'glightbox', 'js', 'glightbox.min.js')
 7 SYSTEMPATH\CodeIgniter.php(497): CodeIgniter\CodeIgniter->runController(Object(App\Controllers\Web))
 8 SYSTEMPATH\CodeIgniter.php(366): CodeIgniter\CodeIgniter->handleRequest(null, Object(Config\Cache), false)
 9 FCPATH\index.php(67): CodeIgniter\CodeIgniter->run()
CRITICAL - 2024-05-18 20:22:26 --> Undefined variable $result
in APPPATH\Views\web\viewdetailedBid.php on line 238.
 1 APPPATH\Views\web\viewdetailedBid.php(238): CodeIgniter\Debug\Exceptions->errorHandler(2, 'Undefined variable $result', 'C:\\xampp\\htdocs\\IPMS\\app\\Views\\web\\viewdetailedBid.php', 238)
 2 SYSTEMPATH\View\View.php(224): include('C:\\xampp\\htdocs\\IPMS\\app\\Views\\web\\viewdetailedBid.php')
 3 SYSTEMPATH\View\View.php(227): CodeIgniter\View\View->CodeIgniter\View\{closure}()
 4 SYSTEMPATH\Common.php(1176): CodeIgniter\View\View->render('web/viewdetailedBid', [], true)
 5 APPPATH\Controllers\Web.php(304): view('web/viewdetailedBid', [...])
 6 SYSTEMPATH\CodeIgniter.php(932): App\Controllers\Web->viewdetailedBids('public', 'assets_web', 'js', 'main.js')
 7 SYSTEMPATH\CodeIgniter.php(497): CodeIgniter\CodeIgniter->runController(Object(App\Controllers\Web))
 8 SYSTEMPATH\CodeIgniter.php(366): CodeIgniter\CodeIgniter->handleRequest(null, Object(Config\Cache), false)
 9 FCPATH\index.php(67): CodeIgniter\CodeIgniter->run()
CRITICAL - 2024-05-18 20:22:26 --> Undefined variable $result
in APPPATH\Views\web\viewdetailedBid.php on line 238.
 1 APPPATH\Views\web\viewdetailedBid.php(238): CodeIgniter\Debug\Exceptions->errorHandler(2, 'Undefined variable $result', 'C:\\xampp\\htdocs\\IPMS\\app\\Views\\web\\viewdetailedBid.php', 238)
 2 SYSTEMPATH\View\View.php(224): include('C:\\xampp\\htdocs\\IPMS\\app\\Views\\web\\viewdetailedBid.php')
 3 SYSTEMPATH\View\View.php(227): CodeIgniter\View\View->CodeIgniter\View\{closure}()
 4 SYSTEMPATH\Common.php(1176): CodeIgniter\View\View->render('web/viewdetailedBid', [], true)
 5 APPPATH\Controllers\Web.php(304): view('web/viewdetailedBid', [...])
 6 SYSTEMPATH\CodeIgniter.php(932): App\Controllers\Web->viewdetailedBids('public', 'assets_web', 'js', 'carousel.js')
 7 SYSTEMPATH\CodeIgniter.php(497): CodeIgniter\CodeIgniter->runController(Object(App\Controllers\Web))
 8 SYSTEMPATH\CodeIgniter.php(366): CodeIgniter\CodeIgniter->handleRequest(null, Object(Config\Cache), false)
 9 FCPATH\index.php(67): CodeIgniter\CodeIgniter->run()
CRITICAL - 2024-05-18 20:22:32 --> Undefined variable $result
in APPPATH\Views\web\viewdetailedBid.php on line 238.
 1 APPPATH\Views\web\viewdetailedBid.php(238): CodeIgniter\Debug\Exceptions->errorHandler(2, 'Undefined variable $result', 'C:\\xampp\\htdocs\\IPMS\\app\\Views\\web\\viewdetailedBid.php', 238)
 2 SYSTEMPATH\View\View.php(224): include('C:\\xampp\\htdocs\\IPMS\\app\\Views\\web\\viewdetailedBid.php')
 3 SYSTEMPATH\View\View.php(227): CodeIgniter\View\View->CodeIgniter\View\{closure}()
 4 SYSTEMPATH\Common.php(1176): CodeIgniter\View\View->render('web/viewdetailedBid', [], true)
 5 APPPATH\Controllers\Web.php(304): view('web/viewdetailedBid', [...])
 6 SYSTEMPATH\CodeIgniter.php(932): App\Controllers\Web->viewdetailedBids('public', 'assets_web', 'vendor', 'bootstrap', 'js', 'bootstrap.bundle.min.js')
 7 SYSTEMPATH\CodeIgniter.php(497): CodeIgniter\CodeIgniter->runController(Object(App\Controllers\Web))
 8 SYSTEMPATH\CodeIgniter.php(366): CodeIgniter\CodeIgniter->handleRequest(null, Object(Config\Cache), false)
 9 FCPATH\index.php(67): CodeIgniter\CodeIgniter->run()
CRITICAL - 2024-05-18 20:22:32 --> Undefined variable $result
in APPPATH\Views\web\viewdetailedBid.php on line 238.
 1 APPPATH\Views\web\viewdetailedBid.php(238): CodeIgniter\Debug\Exceptions->errorHandler(2, 'Undefined variable $result', 'C:\\xampp\\htdocs\\IPMS\\app\\Views\\web\\viewdetailedBid.php', 238)
 2 SYSTEMPATH\View\View.php(224): include('C:\\xampp\\htdocs\\IPMS\\app\\Views\\web\\viewdetailedBid.php')
 3 SYSTEMPATH\View\View.php(227): CodeIgniter\View\View->CodeIgniter\View\{closure}()
 4 SYSTEMPATH\Common.php(1176): CodeIgniter\View\View->render('web/viewdetailedBid', [], true)
 5 APPPATH\Controllers\Web.php(304): view('web/viewdetailedBid', [...])
 6 SYSTEMPATH\CodeIgniter.php(932): App\Controllers\Web->viewdetailedBids('public', 'assets_web', 'vendor', 'purecounter', 'purecounter_vanilla.js')
 7 SYSTEMPATH\CodeIgniter.php(497): CodeIgniter\CodeIgniter->runController(Object(App\Controllers\Web))
 8 SYSTEMPATH\CodeIgniter.php(366): CodeIgniter\CodeIgniter->handleRequest(null, Object(Config\Cache), false)
 9 FCPATH\index.php(67): CodeIgniter\CodeIgniter->run()
CRITICAL - 2024-05-18 20:22:32 --> Undefined variable $result
in APPPATH\Views\web\viewdetailedBid.php on line 238.
 1 APPPATH\Views\web\viewdetailedBid.php(238): CodeIgniter\Debug\Exceptions->errorHandler(2, 'Undefined variable $result', 'C:\\xampp\\htdocs\\IPMS\\app\\Views\\web\\viewdetailedBid.php', 238)
 2 SYSTEMPATH\View\View.php(224): include('C:\\xampp\\htdocs\\IPMS\\app\\Views\\web\\viewdetailedBid.php')
 3 SYSTEMPATH\View\View.php(227): CodeIgniter\View\View->CodeIgniter\View\{closure}()
 4 SYSTEMPATH\Common.php(1176): CodeIgniter\View\View->render('web/viewdetailedBid', [], true)
 5 APPPATH\Controllers\Web.php(304): view('web/viewdetailedBid', [...])
 6 SYSTEMPATH\CodeIgniter.php(932): App\Controllers\Web->viewdetailedBids('public', 'assets_web', 'vendor', 'swiper', 'swiper-bundle.min.js')
 7 SYSTEMPATH\CodeIgniter.php(497): CodeIgniter\CodeIgniter->runController(Object(App\Controllers\Web))
 8 SYSTEMPATH\CodeIgniter.php(366): CodeIgniter\CodeIgniter->handleRequest(null, Object(Config\Cache), false)
 9 FCPATH\index.php(67): CodeIgniter\CodeIgniter->run()
CRITICAL - 2024-05-18 20:22:32 --> Undefined variable $result
in APPPATH\Views\web\viewdetailedBid.php on line 238.
 1 APPPATH\Views\web\viewdetailedBid.php(238): CodeIgniter\Debug\Exceptions->errorHandler(2, 'Undefined variable $result', 'C:\\xampp\\htdocs\\IPMS\\app\\Views\\web\\viewdetailedBid.php', 238)
 2 SYSTEMPATH\View\View.php(224): include('C:\\xampp\\htdocs\\IPMS\\app\\Views\\web\\viewdetailedBid.php')
 3 SYSTEMPATH\View\View.php(227): CodeIgniter\View\View->CodeIgniter\View\{closure}()
 4 SYSTEMPATH\Common.php(1176): CodeIgniter\View\View->render('web/viewdetailedBid', [], true)
 5 APPPATH\Controllers\Web.php(304): view('web/viewdetailedBid', [...])
 6 SYSTEMPATH\CodeIgniter.php(932): App\Controllers\Web->viewdetailedBids('public', 'assets_web', 'vendor', 'isotope-layout', 'isotope.pkgd.min.js')
 7 SYSTEMPATH\CodeIgniter.php(497): CodeIgniter\CodeIgniter->runController(Object(App\Controllers\Web))
 8 SYSTEMPATH\CodeIgniter.php(366): CodeIgniter\CodeIgniter->handleRequest(null, Object(Config\Cache), false)
 9 FCPATH\index.php(67): CodeIgniter\CodeIgniter->run()
CRITICAL - 2024-05-18 20:22:32 --> Undefined variable $result
in APPPATH\Views\web\viewdetailedBid.php on line 238.
 1 APPPATH\Views\web\viewdetailedBid.php(238): CodeIgniter\Debug\Exceptions->errorHandler(2, 'Undefined variable $result', 'C:\\xampp\\htdocs\\IPMS\\app\\Views\\web\\viewdetailedBid.php', 238)
 2 SYSTEMPATH\View\View.php(224): include('C:\\xampp\\htdocs\\IPMS\\app\\Views\\web\\viewdetailedBid.php')
 3 SYSTEMPATH\View\View.php(227): CodeIgniter\View\View->CodeIgniter\View\{closure}()
 4 SYSTEMPATH\Common.php(1176): CodeIgniter\View\View->render('web/viewdetailedBid', [], true)
 5 APPPATH\Controllers\Web.php(304): view('web/viewdetailedBid', [...])
 6 SYSTEMPATH\CodeIgniter.php(932): App\Controllers\Web->viewdetailedBids('public', 'assets_web', 'vendor', 'glightbox', 'js', 'glightbox.min.js')
 7 SYSTEMPATH\CodeIgniter.php(497): CodeIgniter\CodeIgniter->runController(Object(App\Controllers\Web))
 8 SYSTEMPATH\CodeIgniter.php(366): CodeIgniter\CodeIgniter->handleRequest(null, Object(Config\Cache), false)
 9 FCPATH\index.php(67): CodeIgniter\CodeIgniter->run()
CRITICAL - 2024-05-18 20:22:32 --> Undefined variable $result
in APPPATH\Views\web\viewdetailedBid.php on line 238.
 1 APPPATH\Views\web\viewdetailedBid.php(238): CodeIgniter\Debug\Exceptions->errorHandler(2, 'Undefined variable $result', 'C:\\xampp\\htdocs\\IPMS\\app\\Views\\web\\viewdetailedBid.php', 238)
 2 SYSTEMPATH\View\View.php(224): include('C:\\xampp\\htdocs\\IPMS\\app\\Views\\web\\viewdetailedBid.php')
 3 SYSTEMPATH\View\View.php(227): CodeIgniter\View\View->CodeIgniter\View\{closure}()
 4 SYSTEMPATH\Common.php(1176): CodeIgniter\View\View->render('web/viewdetailedBid', [], true)
 5 APPPATH\Controllers\Web.php(304): view('web/viewdetailedBid', [...])
 6 SYSTEMPATH\CodeIgniter.php(932): App\Controllers\Web->viewdetailedBids('public', 'assets_web', 'vendor', 'php-email-form', 'validate.js')
 7 SYSTEMPATH\CodeIgniter.php(497): CodeIgniter\CodeIgniter->runController(Object(App\Controllers\Web))
 8 SYSTEMPATH\CodeIgniter.php(366): CodeIgniter\CodeIgniter->handleRequest(null, Object(Config\Cache), false)
 9 FCPATH\index.php(67): CodeIgniter\CodeIgniter->run()
CRITICAL - 2024-05-18 20:22:32 --> Undefined variable $result
in APPPATH\Views\web\viewdetailedBid.php on line 238.
 1 APPPATH\Views\web\viewdetailedBid.php(238): CodeIgniter\Debug\Exceptions->errorHandler(2, 'Undefined variable $result', 'C:\\xampp\\htdocs\\IPMS\\app\\Views\\web\\viewdetailedBid.php', 238)
 2 SYSTEMPATH\View\View.php(224): include('C:\\xampp\\htdocs\\IPMS\\app\\Views\\web\\viewdetailedBid.php')
 3 SYSTEMPATH\View\View.php(227): CodeIgniter\View\View->CodeIgniter\View\{closure}()
 4 SYSTEMPATH\Common.php(1176): CodeIgniter\View\View->render('web/viewdetailedBid', [], true)
 5 APPPATH\Controllers\Web.php(304): view('web/viewdetailedBid', [...])
 6 SYSTEMPATH\CodeIgniter.php(932): App\Controllers\Web->viewdetailedBids('public', 'assets_web', 'js', 'main.js')
 7 SYSTEMPATH\CodeIgniter.php(497): CodeIgniter\CodeIgniter->runController(Object(App\Controllers\Web))
 8 SYSTEMPATH\CodeIgniter.php(366): CodeIgniter\CodeIgniter->handleRequest(null, Object(Config\Cache), false)
 9 FCPATH\index.php(67): CodeIgniter\CodeIgniter->run()
CRITICAL - 2024-05-18 20:22:32 --> Undefined variable $result
in APPPATH\Views\web\viewdetailedBid.php on line 238.
 1 APPPATH\Views\web\viewdetailedBid.php(238): CodeIgniter\Debug\Exceptions->errorHandler(2, 'Undefined variable $result', 'C:\\xampp\\htdocs\\IPMS\\app\\Views\\web\\viewdetailedBid.php', 238)
 2 SYSTEMPATH\View\View.php(224): include('C:\\xampp\\htdocs\\IPMS\\app\\Views\\web\\viewdetailedBid.php')
 3 SYSTEMPATH\View\View.php(227): CodeIgniter\View\View->CodeIgniter\View\{closure}()
 4 SYSTEMPATH\Common.php(1176): CodeIgniter\View\View->render('web/viewdetailedBid', [], true)
 5 APPPATH\Controllers\Web.php(304): view('web/viewdetailedBid', [...])
 6 SYSTEMPATH\CodeIgniter.php(932): App\Controllers\Web->viewdetailedBids('public', 'assets_web', 'js', 'carousel.js')
 7 SYSTEMPATH\CodeIgniter.php(497): CodeIgniter\CodeIgniter->runController(Object(App\Controllers\Web))
 8 SYSTEMPATH\CodeIgniter.php(366): CodeIgniter\CodeIgniter->handleRequest(null, Object(Config\Cache), false)
 9 FCPATH\index.php(67): CodeIgniter\CodeIgniter->run()
CRITICAL - 2024-05-18 15:18:03 --> Undefined variable $result
in APPPATH\Views\sys\itemrequest\viewItem.php on line 95.
 1 APPPATH\Views\sys\itemrequest\viewItem.php(95): CodeIgniter\Debug\Exceptions->errorHandler(2, 'Undefined variable $result', 'C:\\xampp\\htdocs\\IPMS\\app\\Views\\sys\\itemrequest\\viewItem.php', 95)
 2 SYSTEMPATH\View\View.php(224): include('C:\\xampp\\htdocs\\IPMS\\app\\Views\\sys\\itemrequest\\viewItem.php')
 3 SYSTEMPATH\View\View.php(227): CodeIgniter\View\View->CodeIgniter\View\{closure}()
 4 SYSTEMPATH\Common.php(1176): CodeIgniter\View\View->render('sys/itemrequest/viewItem', [], true)
 5 APPPATH\Controllers\ItemRequest.php(206): view('sys/itemrequest/viewItem', [...])
 6 SYSTEMPATH\CodeIgniter.php(932): App\Controllers\ItemRequest->viewItem('images', 'uploads')
 7 SYSTEMPATH\CodeIgniter.php(497): CodeIgniter\CodeIgniter->runController(Object(App\Controllers\ItemRequest))
 8 SYSTEMPATH\CodeIgniter.php(366): CodeIgniter\CodeIgniter->handleRequest(null, Object(Config\Cache), false)
 9 FCPATH\index.php(67): CodeIgniter\CodeIgniter->run()
CRITICAL - 2024-05-18 15:24:58 --> Invalid file: "sys/menu_.php"
in SYSTEMPATH\Exceptions\FrameworkException.php on line 33.
 1 SYSTEMPATH\View\View.php(212): CodeIgniter\Exceptions\FrameworkException::forInvalidFile('sys/menu_.php')
 2 SYSTEMPATH\Common.php(1176): CodeIgniter\View\View->render('sys/menu_', [], true)
 3 APPPATH\Controllers\ItemRequest.php(319): view('sys/menu_')
 4 SYSTEMPATH\CodeIgniter.php(932): App\Controllers\ItemRequest->view('24')
 5 SYSTEMPATH\CodeIgniter.php(497): CodeIgniter\CodeIgniter->runController(Object(App\Controllers\ItemRequest))
 6 SYSTEMPATH\CodeIgniter.php(366): CodeIgniter\CodeIgniter->handleRequest(null, Object(Config\Cache), false)
 7 FCPATH\index.php(67): CodeIgniter\CodeIgniter->run()
CRITICAL - 2024-05-18 15:25:00 --> Invalid file: "sys/menu_.php"
in SYSTEMPATH\Exceptions\FrameworkException.php on line 33.
 1 SYSTEMPATH\View\View.php(212): CodeIgniter\Exceptions\FrameworkException::forInvalidFile('sys/menu_.php')
 2 SYSTEMPATH\Common.php(1176): CodeIgniter\View\View->render('sys/menu_', [], true)
 3 APPPATH\Controllers\ItemRequest.php(114): view('sys/menu_')
 4 SYSTEMPATH\CodeIgniter.php(932): App\Controllers\ItemRequest->viewReq()
 5 SYSTEMPATH\CodeIgniter.php(497): CodeIgniter\CodeIgniter->runController(Object(App\Controllers\ItemRequest))
 6 SYSTEMPATH\CodeIgniter.php(366): CodeIgniter\CodeIgniter->handleRequest(null, Object(Config\Cache), false)
 7 FCPATH\index.php(67): CodeIgniter\CodeIgniter->run()
CRITICAL - 2024-05-18 15:25:01 --> Invalid file: "sys/menu_.php"
in SYSTEMPATH\Exceptions\FrameworkException.php on line 33.
 1 SYSTEMPATH\View\View.php(212): CodeIgniter\Exceptions\FrameworkException::forInvalidFile('sys/menu_.php')
 2 SYSTEMPATH\Common.php(1176): CodeIgniter\View\View->render('sys/menu_', [], true)
 3 APPPATH\Controllers\Sys.php(85): view('sys/menu_')
 4 SYSTEMPATH\CodeIgniter.php(932): App\Controllers\Sys->dashboard()
 5 SYSTEMPATH\CodeIgniter.php(497): CodeIgniter\CodeIgniter->runController(Object(App\Controllers\Sys))
 6 SYSTEMPATH\CodeIgniter.php(366): CodeIgniter\CodeIgniter->handleRequest(null, Object(Config\Cache), false)
 7 FCPATH\index.php(67): CodeIgniter\CodeIgniter->run()
CRITICAL - 2024-05-18 15:25:34 --> Undefined variable $result
in APPPATH\Views\sys\itemrequest\viewItem.php on line 95.
 1 APPPATH\Views\sys\itemrequest\viewItem.php(95): CodeIgniter\Debug\Exceptions->errorHandler(2, 'Undefined variable $result', 'C:\\xampp\\htdocs\\IPMS\\app\\Views\\sys\\itemrequest\\viewItem.php', 95)
 2 SYSTEMPATH\View\View.php(224): include('C:\\xampp\\htdocs\\IPMS\\app\\Views\\sys\\itemrequest\\viewItem.php')
 3 SYSTEMPATH\View\View.php(227): CodeIgniter\View\View->CodeIgniter\View\{closure}()
 4 SYSTEMPATH\Common.php(1176): CodeIgniter\View\View->render('sys/itemrequest/viewItem', [], true)
 5 APPPATH\Controllers\ItemRequest.php(206): view('sys/itemrequest/viewItem', [...])
 6 SYSTEMPATH\CodeIgniter.php(932): App\Controllers\ItemRequest->viewItem('images', 'uploads')
 7 SYSTEMPATH\CodeIgniter.php(497): CodeIgniter\CodeIgniter->runController(Object(App\Controllers\ItemRequest))
 8 SYSTEMPATH\CodeIgniter.php(366): CodeIgniter\CodeIgniter->handleRequest(null, Object(Config\Cache), false)
 9 FCPATH\index.php(67): CodeIgniter\CodeIgniter->run()
CRITICAL - 2024-05-18 15:25:43 --> Undefined variable $result
in APPPATH\Views\sys\itemrequest\viewItem.php on line 95.
 1 APPPATH\Views\sys\itemrequest\viewItem.php(95): CodeIgniter\Debug\Exceptions->errorHandler(2, 'Undefined variable $result', 'C:\\xampp\\htdocs\\IPMS\\app\\Views\\sys\\itemrequest\\viewItem.php', 95)
 2 SYSTEMPATH\View\View.php(224): include('C:\\xampp\\htdocs\\IPMS\\app\\Views\\sys\\itemrequest\\viewItem.php')
 3 SYSTEMPATH\View\View.php(227): CodeIgniter\View\View->CodeIgniter\View\{closure}()
 4 SYSTEMPATH\Common.php(1176): CodeIgniter\View\View->render('sys/itemrequest/viewItem', [], true)
 5 APPPATH\Controllers\ItemRequest.php(206): view('sys/itemrequest/viewItem', [...])
 6 SYSTEMPATH\CodeIgniter.php(932): App\Controllers\ItemRequest->viewItem('images', 'uploads')
 7 SYSTEMPATH\CodeIgniter.php(497): CodeIgniter\CodeIgniter->runController(Object(App\Controllers\ItemRequest))
 8 SYSTEMPATH\CodeIgniter.php(366): CodeIgniter\CodeIgniter->handleRequest(null, Object(Config\Cache), false)
 9 FCPATH\index.php(67): CodeIgniter\CodeIgniter->run()
CRITICAL - 2024-05-18 16:04:07 --> Undefined variable $result
in APPPATH\Views\sys\tender\viewcreatecostestimate.php on line 134.
 1 APPPATH\Views\sys\tender\viewcreatecostestimate.php(134): CodeIgniter\Debug\Exceptions->errorHandler(2, 'Undefined variable $result', 'C:\\xampp\\htdocs\\IPMS\\app\\Views\\sys\\tender\\viewcreatecostestimate.php', 134)
 2 SYSTEMPATH\View\View.php(224): include('C:\\xampp\\htdocs\\IPMS\\app\\Views\\sys\\tender\\viewcreatecostestimate.php')
 3 SYSTEMPATH\View\View.php(227): CodeIgniter\View\View->CodeIgniter\View\{closure}()
 4 SYSTEMPATH\Common.php(1176): CodeIgniter\View\View->render('sys/tender/viewcreatecostestimate', [], true)
 5 APPPATH\Controllers\Tender.php(629): view('sys/tender/viewcreatecostestimate', [...])
 6 SYSTEMPATH\CodeIgniter.php(932): App\Controllers\Tender->viewcreatecostestimate('15')
 7 SYSTEMPATH\CodeIgniter.php(497): CodeIgniter\CodeIgniter->runController(Object(App\Controllers\Tender))
 8 SYSTEMPATH\CodeIgniter.php(366): CodeIgniter\CodeIgniter->handleRequest(null, Object(Config\Cache), false)
 9 FCPATH\index.php(67): CodeIgniter\CodeIgniter->run()
