ERROR - 2024-05-04 03:11:49 --> mysqli_sql_exception: Operand should contain 1 column(s) in C:\xampp\htdocs\IPMS\system\Database\MySQLi\Connection.php:295
Stack trace:
#0 C:\xampp\htdocs\IPMS\system\Database\MySQLi\Connection.php(295): mysqli->query('INSERT INTO `re...', 0)
#1 C:\xampp\htdocs\IPMS\system\Database\BaseConnection.php(692): CodeIgniter\Database\MySQLi\Connection->execute('INSERT INTO `re...')
#2 C:\xampp\htdocs\IPMS\system\Database\BaseConnection.php(606): CodeIgniter\Database\BaseConnection->simpleQuery('INSERT INTO `re...')
#3 C:\xampp\htdocs\IPMS\system\Database\BaseBuilder.php(2309): CodeIgniter\Database\BaseConnection->query('INSERT INTO `re...', Array, false)
#4 C:\xampp\htdocs\IPMS\system\Model.php(330): CodeIgniter\Database\BaseBuilder->insert()
#5 C:\xampp\htdocs\IPMS\system\BaseModel.php(782): CodeIgniter\Model->doInsert(Array)
#6 C:\xampp\htdocs\IPMS\system\Model.php(730): CodeIgniter\BaseModel->insert(Array, false)
#7 C:\xampp\htdocs\IPMS\system\BaseModel.php(692): CodeIgniter\Model->insert(Array, false)
#8 C:\xampp\htdocs\IPMS\app\Controllers\Web.php(1194): CodeIgniter\BaseModel->save(Array)
#9 C:\xampp\htdocs\IPMS\system\CodeIgniter.php(932): App\Controllers\Web->save_registeredSupplier()
#10 C:\xampp\htdocs\IPMS\system\CodeIgniter.php(497): CodeIgniter\CodeIgniter->runController(Object(App\Controllers\Web))
#11 C:\xampp\htdocs\IPMS\system\CodeIgniter.php(366): CodeIgniter\CodeIgniter->handleRequest(NULL, Object(Config\Cache), false)
#12 C:\xampp\htdocs\IPMS\index.php(67): CodeIgniter\CodeIgniter->run()
#13 {main}
CRITICAL - 2024-05-04 03:11:49 --> Operand should contain 1 column(s)
in SYSTEMPATH\Database\MySQLi\Connection.php on line 295.
 1 SYSTEMPATH\Database\MySQLi\Connection.php(295): mysqli->query('INSERT INTO `registeredsuppliers` (`business_reg_no`, `business_name`, `business_reg_Date`, `website`, `MinmumValue`, `MaxmumValue`, `SType`, `location`, `street`, `ocity`, `province`, `country`, `Titles`, `business_owner_Fname`, `business_owner_Lname`, `ostreet`, `nic`, `prefix`, `phone`, `Email`, `Branch`, `Account`, `CTitles`, `Contact_person_Fname`, `Contact_person_Lname`, `Cstreet`, `Ccity`, `Cnic`, `Cprefix`, `Cphone`, `CEmail`, `UserId`) VALUES (\'S10458\', \'Randika Products\', \'2024-05-24\', \'https:RtCreations.com\', \'100000\', \'100000000\', \'G8\', \'Nugegoda\', \'3A/3,RANDIKA,Bedigama,Vitharandeniya\', \'1364\', \'Southern\', \'205\', \'Mrs\', \'Randika\', \'Lakmal\', \'3A/3,RANDIKA,Bedigama,VItharandeniya\', \'897651123v\', \'94\', \'0715875726\', \'sandamalipathirana0@gmail.com\', (\'Branch\',\'required\'), (\'Account\',\'required\'), \'Mr\', \'Sandamali\', \'Rajapaksha\', \'3A/3,RANDIKA,Bedigama,VItharandeniya\', \'1287\', \'9896565656\', \'94\', \'0715875726\', \'sandamalipathirana0@gmail.com\', 68)', 0)
 2 SYSTEMPATH\Database\BaseConnection.php(692): CodeIgniter\Database\MySQLi\Connection->execute('INSERT INTO `registeredsuppliers` (`business_reg_no`, `business_name`, `business_reg_Date`, `website`, `MinmumValue`, `MaxmumValue`, `SType`, `location`, `street`, `ocity`, `province`, `country`, `Titles`, `business_owner_Fname`, `business_owner_Lname`, `ostreet`, `nic`, `prefix`, `phone`, `Email`, `Branch`, `Account`, `CTitles`, `Contact_person_Fname`, `Contact_person_Lname`, `Cstreet`, `Ccity`, `Cnic`, `Cprefix`, `Cphone`, `CEmail`, `UserId`) VALUES (\'S10458\', \'Randika Products\', \'2024-05-24\', \'https:RtCreations.com\', \'100000\', \'100000000\', \'G8\', \'Nugegoda\', \'3A/3,RANDIKA,Bedigama,Vitharandeniya\', \'1364\', \'Southern\', \'205\', \'Mrs\', \'Randika\', \'Lakmal\', \'3A/3,RANDIKA,Bedigama,VItharandeniya\', \'897651123v\', \'94\', \'0715875726\', \'sandamalipathirana0@gmail.com\', (\'Branch\',\'required\'), (\'Account\',\'required\'), \'Mr\', \'Sandamali\', \'Rajapaksha\', \'3A/3,RANDIKA,Bedigama,VItharandeniya\', \'1287\', \'9896565656\', \'94\', \'0715875726\', \'sandamalipathirana0@gmail.com\', 68)')
 3 SYSTEMPATH\Database\BaseConnection.php(606): CodeIgniter\Database\BaseConnection->simpleQuery('INSERT INTO `registeredsuppliers` (`business_reg_no`, `business_name`, `business_reg_Date`, `website`, `MinmumValue`, `MaxmumValue`, `SType`, `location`, `street`, `ocity`, `province`, `country`, `Titles`, `business_owner_Fname`, `business_owner_Lname`, `ostreet`, `nic`, `prefix`, `phone`, `Email`, `Branch`, `Account`, `CTitles`, `Contact_person_Fname`, `Contact_person_Lname`, `Cstreet`, `Ccity`, `Cnic`, `Cprefix`, `Cphone`, `CEmail`, `UserId`) VALUES (\'S10458\', \'Randika Products\', \'2024-05-24\', \'https:RtCreations.com\', \'100000\', \'100000000\', \'G8\', \'Nugegoda\', \'3A/3,RANDIKA,Bedigama,Vitharandeniya\', \'1364\', \'Southern\', \'205\', \'Mrs\', \'Randika\', \'Lakmal\', \'3A/3,RANDIKA,Bedigama,VItharandeniya\', \'897651123v\', \'94\', \'0715875726\', \'sandamalipathirana0@gmail.com\', (\'Branch\',\'required\'), (\'Account\',\'required\'), \'Mr\', \'Sandamali\', \'Rajapaksha\', \'3A/3,RANDIKA,Bedigama,VItharandeniya\', \'1287\', \'9896565656\', \'94\', \'0715875726\', \'sandamalipathirana0@gmail.com\', 68)')
 4 SYSTEMPATH\Database\BaseBuilder.php(2309): CodeIgniter\Database\BaseConnection->query('INSERT INTO `registeredsuppliers` (`business_reg_no`, `business_name`, `business_reg_Date`, `website`, `MinmumValue`, `MaxmumValue`, `SType`, `location`, `street`, `ocity`, `province`, `country`, `Titles`, `business_owner_Fname`, `business_owner_Lname`, `ostreet`, `nic`, `prefix`, `phone`, `Email`, `Branch`, `Account`, `CTitles`, `Contact_person_Fname`, `Contact_person_Lname`, `Cstreet`, `Ccity`, `Cnic`, `Cprefix`, `Cphone`, `CEmail`, `UserId`) VALUES (:business_reg_no:, :business_name:, :business_reg_Date:, :website:, :MinmumValue:, :MaxmumValue:, :SType:, :location:, :street:, :ocity:, :province:, :country:, :Titles:, :business_owner_Fname:, :business_owner_Lname:, :ostreet:, :nic:, :prefix:, :phone:, :Email:, :Branch:, :Account:, :CTitles:, :Contact_person_Fname:, :Contact_person_Lname:, :Cstreet:, :Ccity:, :Cnic:, :Cprefix:, :Cphone:, :CEmail:, :UserId:)', [...], false)
 5 SYSTEMPATH\Model.php(330): CodeIgniter\Database\BaseBuilder->insert()
 6 SYSTEMPATH\BaseModel.php(782): CodeIgniter\Model->doInsert([...])
 7 SYSTEMPATH\Model.php(730): CodeIgniter\BaseModel->insert([...], false)
 8 SYSTEMPATH\BaseModel.php(692): CodeIgniter\Model->insert([...], false)
 9 APPPATH\Controllers\Web.php(1194): CodeIgniter\BaseModel->save([...])
10 SYSTEMPATH\CodeIgniter.php(932): App\Controllers\Web->save_registeredSupplier()
11 SYSTEMPATH\CodeIgniter.php(497): CodeIgniter\CodeIgniter->runController(Object(App\Controllers\Web))
12 SYSTEMPATH\CodeIgniter.php(366): CodeIgniter\CodeIgniter->handleRequest(null, Object(Config\Cache), false)
13 FCPATH\index.php(67): CodeIgniter\CodeIgniter->run()
ERROR - 2024-05-04 04:04:15 --> mysqli_sql_exception: Unknown column 'Branch' in 'field list' in C:\xampp\htdocs\IPMS\system\Database\MySQLi\Connection.php:295
Stack trace:
#0 C:\xampp\htdocs\IPMS\system\Database\MySQLi\Connection.php(295): mysqli->query('INSERT INTO `re...', 0)
#1 C:\xampp\htdocs\IPMS\system\Database\BaseConnection.php(692): CodeIgniter\Database\MySQLi\Connection->execute('INSERT INTO `re...')
#2 C:\xampp\htdocs\IPMS\system\Database\BaseConnection.php(606): CodeIgniter\Database\BaseConnection->simpleQuery('INSERT INTO `re...')
#3 C:\xampp\htdocs\IPMS\system\Database\BaseBuilder.php(2309): CodeIgniter\Database\BaseConnection->query('INSERT INTO `re...', Array, false)
#4 C:\xampp\htdocs\IPMS\system\Model.php(330): CodeIgniter\Database\BaseBuilder->insert()
#5 C:\xampp\htdocs\IPMS\system\BaseModel.php(782): CodeIgniter\Model->doInsert(Array)
#6 C:\xampp\htdocs\IPMS\system\Model.php(730): CodeIgniter\BaseModel->insert(Array, false)
#7 C:\xampp\htdocs\IPMS\system\BaseModel.php(692): CodeIgniter\Model->insert(Array, false)
#8 C:\xampp\htdocs\IPMS\app\Controllers\Web.php(1197): CodeIgniter\BaseModel->save(Array)
#9 C:\xampp\htdocs\IPMS\system\CodeIgniter.php(932): App\Controllers\Web->save_registeredSupplier()
#10 C:\xampp\htdocs\IPMS\system\CodeIgniter.php(497): CodeIgniter\CodeIgniter->runController(Object(App\Controllers\Web))
#11 C:\xampp\htdocs\IPMS\system\CodeIgniter.php(366): CodeIgniter\CodeIgniter->handleRequest(NULL, Object(Config\Cache), false)
#12 C:\xampp\htdocs\IPMS\index.php(67): CodeIgniter\CodeIgniter->run()
#13 {main}
CRITICAL - 2024-05-04 04:04:15 --> Unknown column 'Branch' in 'field list'
in SYSTEMPATH\Database\MySQLi\Connection.php on line 295.
 1 SYSTEMPATH\Database\MySQLi\Connection.php(295): mysqli->query('INSERT INTO `registeredsuppliers` (`business_reg_no`, `business_name`, `business_reg_Date`, `website`, `MinmumValue`, `MaxmumValue`, `SType`, `location`, `street`, `city`, `province`, `country`, `Titles`, `business_owner_Fname`, `business_owner_Lname`, `ostreet`, `ocity`, `nic`, `prefix`, `phone`, `Email`, `Branch`, `Account`, `CTitles`, `Contact_person_Fname`, `Contact_person_Lname`, `Cstreet`, `Ccity`, `Cnic`, `Cprefix`, `Cphone`, `CEmail`, `UserId`) VALUES (\'S10458\', \'Randika Products\', \'2024-05-24\', \'https://www.singhagiri.lk/\', \'1000000\', \'500000000\', \'G11\', \'Nugegoda\', \'3A/3,RANDIKA,Bedigama,VItharandeniya\', \'1\', \'Southern\', \'205\', \'Mr\', \'Prasad\', \'Sandamali\', \'3A/3,RANDIKA,Bedigama,VItharandeniya\', \'1\', \'198981701116\', \'94\', \'0715875726\', \'sandamalipathirana0@gmail.com\', \'Tangalle\', \'898171116v\', \'Mr\', \'Sandamali\', \'Rajapaksha\', \'3A/3,RANDIKA,Bedigama,VItharandeniya\', \'377\', \'898171116v\', \'94\', \'0715875726\', \'sandamalipathirana0@gmail.com\', 69)', 0)
 2 SYSTEMPATH\Database\BaseConnection.php(692): CodeIgniter\Database\MySQLi\Connection->execute('INSERT INTO `registeredsuppliers` (`business_reg_no`, `business_name`, `business_reg_Date`, `website`, `MinmumValue`, `MaxmumValue`, `SType`, `location`, `street`, `city`, `province`, `country`, `Titles`, `business_owner_Fname`, `business_owner_Lname`, `ostreet`, `ocity`, `nic`, `prefix`, `phone`, `Email`, `Branch`, `Account`, `CTitles`, `Contact_person_Fname`, `Contact_person_Lname`, `Cstreet`, `Ccity`, `Cnic`, `Cprefix`, `Cphone`, `CEmail`, `UserId`) VALUES (\'S10458\', \'Randika Products\', \'2024-05-24\', \'https://www.singhagiri.lk/\', \'1000000\', \'500000000\', \'G11\', \'Nugegoda\', \'3A/3,RANDIKA,Bedigama,VItharandeniya\', \'1\', \'Southern\', \'205\', \'Mr\', \'Prasad\', \'Sandamali\', \'3A/3,RANDIKA,Bedigama,VItharandeniya\', \'1\', \'198981701116\', \'94\', \'0715875726\', \'sandamalipathirana0@gmail.com\', \'Tangalle\', \'898171116v\', \'Mr\', \'Sandamali\', \'Rajapaksha\', \'3A/3,RANDIKA,Bedigama,VItharandeniya\', \'377\', \'898171116v\', \'94\', \'0715875726\', \'sandamalipathirana0@gmail.com\', 69)')
 3 SYSTEMPATH\Database\BaseConnection.php(606): CodeIgniter\Database\BaseConnection->simpleQuery('INSERT INTO `registeredsuppliers` (`business_reg_no`, `business_name`, `business_reg_Date`, `website`, `MinmumValue`, `MaxmumValue`, `SType`, `location`, `street`, `city`, `province`, `country`, `Titles`, `business_owner_Fname`, `business_owner_Lname`, `ostreet`, `ocity`, `nic`, `prefix`, `phone`, `Email`, `Branch`, `Account`, `CTitles`, `Contact_person_Fname`, `Contact_person_Lname`, `Cstreet`, `Ccity`, `Cnic`, `Cprefix`, `Cphone`, `CEmail`, `UserId`) VALUES (\'S10458\', \'Randika Products\', \'2024-05-24\', \'https://www.singhagiri.lk/\', \'1000000\', \'500000000\', \'G11\', \'Nugegoda\', \'3A/3,RANDIKA,Bedigama,VItharandeniya\', \'1\', \'Southern\', \'205\', \'Mr\', \'Prasad\', \'Sandamali\', \'3A/3,RANDIKA,Bedigama,VItharandeniya\', \'1\', \'198981701116\', \'94\', \'0715875726\', \'sandamalipathirana0@gmail.com\', \'Tangalle\', \'898171116v\', \'Mr\', \'Sandamali\', \'Rajapaksha\', \'3A/3,RANDIKA,Bedigama,VItharandeniya\', \'377\', \'898171116v\', \'94\', \'0715875726\', \'sandamalipathirana0@gmail.com\', 69)')
 4 SYSTEMPATH\Database\BaseBuilder.php(2309): CodeIgniter\Database\BaseConnection->query('INSERT INTO `registeredsuppliers` (`business_reg_no`, `business_name`, `business_reg_Date`, `website`, `MinmumValue`, `MaxmumValue`, `SType`, `location`, `street`, `city`, `province`, `country`, `Titles`, `business_owner_Fname`, `business_owner_Lname`, `ostreet`, `ocity`, `nic`, `prefix`, `phone`, `Email`, `Branch`, `Account`, `CTitles`, `Contact_person_Fname`, `Contact_person_Lname`, `Cstreet`, `Ccity`, `Cnic`, `Cprefix`, `Cphone`, `CEmail`, `UserId`) VALUES (:business_reg_no:, :business_name:, :business_reg_Date:, :website:, :MinmumValue:, :MaxmumValue:, :SType:, :location:, :street:, :city:, :province:, :country:, :Titles:, :business_owner_Fname:, :business_owner_Lname:, :ostreet:, :ocity:, :nic:, :prefix:, :phone:, :Email:, :Branch:, :Account:, :CTitles:, :Contact_person_Fname:, :Contact_person_Lname:, :Cstreet:, :Ccity:, :Cnic:, :Cprefix:, :Cphone:, :CEmail:, :UserId:)', [...], false)
 5 SYSTEMPATH\Model.php(330): CodeIgniter\Database\BaseBuilder->insert()
 6 SYSTEMPATH\BaseModel.php(782): CodeIgniter\Model->doInsert([...])
 7 SYSTEMPATH\Model.php(730): CodeIgniter\BaseModel->insert([...], false)
 8 SYSTEMPATH\BaseModel.php(692): CodeIgniter\Model->insert([...], false)
 9 APPPATH\Controllers\Web.php(1197): CodeIgniter\BaseModel->save([...])
10 SYSTEMPATH\CodeIgniter.php(932): App\Controllers\Web->save_registeredSupplier()
11 SYSTEMPATH\CodeIgniter.php(497): CodeIgniter\CodeIgniter->runController(Object(App\Controllers\Web))
12 SYSTEMPATH\CodeIgniter.php(366): CodeIgniter\CodeIgniter->handleRequest(null, Object(Config\Cache), false)
13 FCPATH\index.php(67): CodeIgniter\CodeIgniter->run()
ERROR - 2024-05-04 04:04:51 --> mysqli_sql_exception: Unknown column 'Account' in 'field list' in C:\xampp\htdocs\IPMS\system\Database\MySQLi\Connection.php:295
Stack trace:
#0 C:\xampp\htdocs\IPMS\system\Database\MySQLi\Connection.php(295): mysqli->query('INSERT INTO `re...', 0)
#1 C:\xampp\htdocs\IPMS\system\Database\BaseConnection.php(692): CodeIgniter\Database\MySQLi\Connection->execute('INSERT INTO `re...')
#2 C:\xampp\htdocs\IPMS\system\Database\BaseConnection.php(606): CodeIgniter\Database\BaseConnection->simpleQuery('INSERT INTO `re...')
#3 C:\xampp\htdocs\IPMS\system\Database\BaseBuilder.php(2309): CodeIgniter\Database\BaseConnection->query('INSERT INTO `re...', Array, false)
#4 C:\xampp\htdocs\IPMS\system\Model.php(330): CodeIgniter\Database\BaseBuilder->insert()
#5 C:\xampp\htdocs\IPMS\system\BaseModel.php(782): CodeIgniter\Model->doInsert(Array)
#6 C:\xampp\htdocs\IPMS\system\Model.php(730): CodeIgniter\BaseModel->insert(Array, false)
#7 C:\xampp\htdocs\IPMS\system\BaseModel.php(692): CodeIgniter\Model->insert(Array, false)
#8 C:\xampp\htdocs\IPMS\app\Controllers\Web.php(1197): CodeIgniter\BaseModel->save(Array)
#9 C:\xampp\htdocs\IPMS\system\CodeIgniter.php(932): App\Controllers\Web->save_registeredSupplier()
#10 C:\xampp\htdocs\IPMS\system\CodeIgniter.php(497): CodeIgniter\CodeIgniter->runController(Object(App\Controllers\Web))
#11 C:\xampp\htdocs\IPMS\system\CodeIgniter.php(366): CodeIgniter\CodeIgniter->handleRequest(NULL, Object(Config\Cache), false)
#12 C:\xampp\htdocs\IPMS\index.php(67): CodeIgniter\CodeIgniter->run()
#13 {main}
CRITICAL - 2024-05-04 04:04:51 --> Unknown column 'Account' in 'field list'
in SYSTEMPATH\Database\MySQLi\Connection.php on line 295.
 1 SYSTEMPATH\Database\MySQLi\Connection.php(295): mysqli->query('INSERT INTO `registeredsuppliers` (`business_reg_no`, `business_name`, `business_reg_Date`, `website`, `MinmumValue`, `MaxmumValue`, `SType`, `location`, `street`, `city`, `province`, `country`, `Titles`, `business_owner_Fname`, `business_owner_Lname`, `ostreet`, `ocity`, `nic`, `prefix`, `phone`, `Email`, `Account`, `CTitles`, `Contact_person_Fname`, `Contact_person_Lname`, `Cstreet`, `Ccity`, `Cnic`, `Cprefix`, `Cphone`, `CEmail`, `UserId`) VALUES (\'S10458\', \'Randika Products\', \'2024-05-24\', \'https://www.singhagiri.lk/\', \'1000000\', \'500000000\', \'G11\', \'Nugegoda\', \'3A/3,RANDIKA,Bedigama,VItharandeniya\', \'1\', \'Southern\', \'205\', \'Mr\', \'Prasad\', \'Sandamali\', \'3A/3,RANDIKA,Bedigama,VItharandeniya\', \'1\', \'198981701116\', \'94\', \'0715875726\', \'sandamalipathirana0@gmail.com\', \'898171116v\', \'Mr\', \'Sandamali\', \'Rajapaksha\', \'3A/3,RANDIKA,Bedigama,VItharandeniya\', \'377\', \'898171116v\', \'94\', \'0715875726\', \'sandamalipathirana0@gmail.com\', 70)', 0)
 2 SYSTEMPATH\Database\BaseConnection.php(692): CodeIgniter\Database\MySQLi\Connection->execute('INSERT INTO `registeredsuppliers` (`business_reg_no`, `business_name`, `business_reg_Date`, `website`, `MinmumValue`, `MaxmumValue`, `SType`, `location`, `street`, `city`, `province`, `country`, `Titles`, `business_owner_Fname`, `business_owner_Lname`, `ostreet`, `ocity`, `nic`, `prefix`, `phone`, `Email`, `Account`, `CTitles`, `Contact_person_Fname`, `Contact_person_Lname`, `Cstreet`, `Ccity`, `Cnic`, `Cprefix`, `Cphone`, `CEmail`, `UserId`) VALUES (\'S10458\', \'Randika Products\', \'2024-05-24\', \'https://www.singhagiri.lk/\', \'1000000\', \'500000000\', \'G11\', \'Nugegoda\', \'3A/3,RANDIKA,Bedigama,VItharandeniya\', \'1\', \'Southern\', \'205\', \'Mr\', \'Prasad\', \'Sandamali\', \'3A/3,RANDIKA,Bedigama,VItharandeniya\', \'1\', \'198981701116\', \'94\', \'0715875726\', \'sandamalipathirana0@gmail.com\', \'898171116v\', \'Mr\', \'Sandamali\', \'Rajapaksha\', \'3A/3,RANDIKA,Bedigama,VItharandeniya\', \'377\', \'898171116v\', \'94\', \'0715875726\', \'sandamalipathirana0@gmail.com\', 70)')
 3 SYSTEMPATH\Database\BaseConnection.php(606): CodeIgniter\Database\BaseConnection->simpleQuery('INSERT INTO `registeredsuppliers` (`business_reg_no`, `business_name`, `business_reg_Date`, `website`, `MinmumValue`, `MaxmumValue`, `SType`, `location`, `street`, `city`, `province`, `country`, `Titles`, `business_owner_Fname`, `business_owner_Lname`, `ostreet`, `ocity`, `nic`, `prefix`, `phone`, `Email`, `Account`, `CTitles`, `Contact_person_Fname`, `Contact_person_Lname`, `Cstreet`, `Ccity`, `Cnic`, `Cprefix`, `Cphone`, `CEmail`, `UserId`) VALUES (\'S10458\', \'Randika Products\', \'2024-05-24\', \'https://www.singhagiri.lk/\', \'1000000\', \'500000000\', \'G11\', \'Nugegoda\', \'3A/3,RANDIKA,Bedigama,VItharandeniya\', \'1\', \'Southern\', \'205\', \'Mr\', \'Prasad\', \'Sandamali\', \'3A/3,RANDIKA,Bedigama,VItharandeniya\', \'1\', \'198981701116\', \'94\', \'0715875726\', \'sandamalipathirana0@gmail.com\', \'898171116v\', \'Mr\', \'Sandamali\', \'Rajapaksha\', \'3A/3,RANDIKA,Bedigama,VItharandeniya\', \'377\', \'898171116v\', \'94\', \'0715875726\', \'sandamalipathirana0@gmail.com\', 70)')
 4 SYSTEMPATH\Database\BaseBuilder.php(2309): CodeIgniter\Database\BaseConnection->query('INSERT INTO `registeredsuppliers` (`business_reg_no`, `business_name`, `business_reg_Date`, `website`, `MinmumValue`, `MaxmumValue`, `SType`, `location`, `street`, `city`, `province`, `country`, `Titles`, `business_owner_Fname`, `business_owner_Lname`, `ostreet`, `ocity`, `nic`, `prefix`, `phone`, `Email`, `Account`, `CTitles`, `Contact_person_Fname`, `Contact_person_Lname`, `Cstreet`, `Ccity`, `Cnic`, `Cprefix`, `Cphone`, `CEmail`, `UserId`) VALUES (:business_reg_no:, :business_name:, :business_reg_Date:, :website:, :MinmumValue:, :MaxmumValue:, :SType:, :location:, :street:, :city:, :province:, :country:, :Titles:, :business_owner_Fname:, :business_owner_Lname:, :ostreet:, :ocity:, :nic:, :prefix:, :phone:, :Email:, :Account:, :CTitles:, :Contact_person_Fname:, :Contact_person_Lname:, :Cstreet:, :Ccity:, :Cnic:, :Cprefix:, :Cphone:, :CEmail:, :UserId:)', [...], false)
 5 SYSTEMPATH\Model.php(330): CodeIgniter\Database\BaseBuilder->insert()
 6 SYSTEMPATH\BaseModel.php(782): CodeIgniter\Model->doInsert([...])
 7 SYSTEMPATH\Model.php(730): CodeIgniter\BaseModel->insert([...], false)
 8 SYSTEMPATH\BaseModel.php(692): CodeIgniter\Model->insert([...], false)
 9 APPPATH\Controllers\Web.php(1197): CodeIgniter\BaseModel->save([...])
10 SYSTEMPATH\CodeIgniter.php(932): App\Controllers\Web->save_registeredSupplier()
11 SYSTEMPATH\CodeIgniter.php(497): CodeIgniter\CodeIgniter->runController(Object(App\Controllers\Web))
12 SYSTEMPATH\CodeIgniter.php(366): CodeIgniter\CodeIgniter->handleRequest(null, Object(Config\Cache), false)
13 FCPATH\index.php(67): CodeIgniter\CodeIgniter->run()
